[2025-04-21T00:02:07.219+0000] {taskinstance.py:1956} INFO - Dependencies all met for dep_context=non-requeueable deps ti=<TaskInstance: edu_pipeline_etl.run_dbt manual__2025-04-21T00:01:46.384508+00:00 [queued]>
[2025-04-21T00:02:07.255+0000] {taskinstance.py:1956} INFO - Dependencies all met for dep_context=requeueable deps ti=<TaskInstance: edu_pipeline_etl.run_dbt manual__2025-04-21T00:01:46.384508+00:00 [queued]>
[2025-04-21T00:02:07.256+0000] {taskinstance.py:2170} INFO - Starting attempt 1 of 1
[2025-04-21T00:02:07.306+0000] {taskinstance.py:2191} INFO - Executing <Task(BashOperator): run_dbt> on 2025-04-21 00:01:46.384508+00:00
[2025-04-21T00:02:07.336+0000] {standard_task_runner.py:60} INFO - Started process 189 to run task
[2025-04-21T00:02:07.344+0000] {standard_task_runner.py:87} INFO - Running: ['***', 'tasks', 'run', 'edu_pipeline_etl', 'run_dbt', 'manual__2025-04-21T00:01:46.384508+00:00', '--job-id', '11', '--raw', '--subdir', 'DAGS_FOLDER/edu_pipeline_etl.py', '--cfg-path', '/tmp/tmpeu66xs0q']
[2025-04-21T00:02:07.356+0000] {standard_task_runner.py:88} INFO - Job 11: Subtask run_dbt
[2025-04-21T00:02:07.490+0000] {task_command.py:423} INFO - Running <TaskInstance: edu_pipeline_etl.run_dbt manual__2025-04-21T00:01:46.384508+00:00 [running]> on host 5edb91fd105d
[2025-04-21T00:02:07.734+0000] {taskinstance.py:2480} INFO - Exporting env vars: AIRFLOW_CTX_DAG_OWNER='***' AIRFLOW_CTX_DAG_ID='edu_pipeline_etl' AIRFLOW_CTX_TASK_ID='run_dbt' AIRFLOW_CTX_EXECUTION_DATE='2025-04-21T00:01:46.384508+00:00' AIRFLOW_CTX_TRY_NUMBER='1' AIRFLOW_CTX_DAG_RUN_ID='manual__2025-04-21T00:01:46.384508+00:00'
[2025-04-21T00:02:07.739+0000] {subprocess.py:63} INFO - Tmp dir root location: /tmp
[2025-04-21T00:02:07.741+0000] {subprocess.py:75} INFO - Running command: ['/usr/bin/bash', '-c', 'cd /opt/***/edu_dbt && dbt run --full-refresh --profiles-dir /opt/***/edu_dbt/profiles']
[2025-04-21T00:02:07.769+0000] {subprocess.py:86} INFO - Output:
[2025-04-21T00:02:13.022+0000] {subprocess.py:93} INFO - [0m00:02:13  Running with dbt=1.7.2
[2025-04-21T00:02:14.432+0000] {subprocess.py:93} INFO - [0m00:02:14  Registered adapter: snowflake=1.7.2
[2025-04-21T00:02:15.481+0000] {subprocess.py:93} INFO - [0m00:02:15  Found 12 models, 31 tests, 6 sources, 0 exposures, 0 metrics, 431 macros, 0 groups, 0 semantic models
[2025-04-21T00:02:15.495+0000] {subprocess.py:93} INFO - [0m00:02:15
[2025-04-21T00:02:17.470+0000] {subprocess.py:93} INFO - [0m00:02:17  Concurrency: 4 threads (target='dev')
[2025-04-21T00:02:17.475+0000] {subprocess.py:93} INFO - [0m00:02:17
[2025-04-21T00:02:17.522+0000] {subprocess.py:93} INFO - [0m00:02:17  1 of 12 START sql table model SILVER.silver_contacts ........................... [RUN]
[2025-04-21T00:02:17.526+0000] {subprocess.py:93} INFO - [0m00:02:17  2 of 12 START sql table model SILVER.silver_courses ............................ [RUN]
[2025-04-21T00:02:17.531+0000] {subprocess.py:93} INFO - [0m00:02:17  3 of 12 START sql table model SILVER.silver_enrollments ........................ [RUN]
[2025-04-21T00:02:17.537+0000] {subprocess.py:93} INFO - [0m00:02:17  4 of 12 START sql table model SILVER.silver_interactions ....................... [RUN]
[2025-04-21T00:02:19.762+0000] {subprocess.py:93} INFO - [0m00:02:19  1 of 12 OK created sql table model SILVER.silver_contacts ...................... [[32mSUCCESS 1[0m in 2.21s]
[2025-04-21T00:02:19.784+0000] {subprocess.py:93} INFO - [0m00:02:19  5 of 12 START sql table model SILVER.silver_leads .............................. [RUN]
[2025-04-21T00:02:19.789+0000] {subprocess.py:93} INFO - [0m00:02:19  2 of 12 OK created sql table model SILVER.silver_courses ....................... [[32mSUCCESS 1[0m in 2.23s]
[2025-04-21T00:02:19.833+0000] {subprocess.py:93} INFO - [0m00:02:19  6 of 12 START sql table model SILVER.silver_students ........................... [RUN]
[2025-04-21T00:02:20.171+0000] {subprocess.py:93} INFO - [0m00:02:20  3 of 12 OK created sql table model SILVER.silver_enrollments ................... [[32mSUCCESS 1[0m in 2.61s]
[2025-04-21T00:02:20.185+0000] {subprocess.py:93} INFO - [0m00:02:20  7 of 12 START sql view model GOLD.dim_contacts ................................. [RUN]
[2025-04-21T00:02:20.408+0000] {subprocess.py:93} INFO - [0m00:02:20  4 of 12 OK created sql table model SILVER.silver_interactions .................. [[32mSUCCESS 1[0m in 2.83s]
[2025-04-21T00:02:20.435+0000] {subprocess.py:93} INFO - [0m00:02:20  8 of 12 START sql view model GOLD.dim_courses .................................. [RUN]
[2025-04-21T00:02:21.056+0000] {subprocess.py:93} INFO - [0m00:02:21  5 of 12 OK created sql table model SILVER.silver_leads ......................... [[32mSUCCESS 1[0m in 1.26s]
[2025-04-21T00:02:21.092+0000] {subprocess.py:93} INFO - [0m00:02:21  9 of 12 START sql view model GOLD.dim_leads .................................... [RUN]
[2025-04-21T00:02:21.271+0000] {subprocess.py:93} INFO - [0m00:02:21  6 of 12 OK created sql table model SILVER.silver_students ...................... [[32mSUCCESS 1[0m in 1.42s]
[2025-04-21T00:02:21.316+0000] {subprocess.py:93} INFO - [0m00:02:21  10 of 12 START sql view model GOLD.dim_students ................................ [RUN]
[2025-04-21T00:02:21.457+0000] {subprocess.py:93} INFO - [0m00:02:21  7 of 12 OK created sql view model GOLD.dim_contacts ............................ [[32mSUCCESS 1[0m in 1.23s]
[2025-04-21T00:02:21.517+0000] {subprocess.py:93} INFO - [0m00:02:21  8 of 12 OK created sql view model GOLD.dim_courses ............................. [[32mSUCCESS 1[0m in 1.03s]
[2025-04-21T00:02:21.543+0000] {subprocess.py:93} INFO - [0m00:02:21  11 of 12 START sql view model GOLD.fact_interactions ........................... [RUN]
[2025-04-21T00:02:22.380+0000] {subprocess.py:93} INFO - [0m00:02:22  9 of 12 OK created sql view model GOLD.dim_leads ............................... [[32mSUCCESS 1[0m in 1.27s]
[2025-04-21T00:02:22.515+0000] {subprocess.py:93} INFO - [0m00:02:22  10 of 12 OK created sql view model GOLD.dim_students ........................... [[32mSUCCESS 1[0m in 1.16s]
[2025-04-21T00:02:22.533+0000] {subprocess.py:93} INFO - [0m00:02:22  12 of 12 START sql view model GOLD.fact_enrollments ............................ [RUN]
[2025-04-21T00:02:22.606+0000] {subprocess.py:93} INFO - [0m00:02:22  11 of 12 OK created sql view model GOLD.fact_interactions ...................... [[32mSUCCESS 1[0m in 1.05s]
[2025-04-21T00:02:23.727+0000] {subprocess.py:93} INFO - [0m00:02:23  12 of 12 OK created sql view model GOLD.fact_enrollments ....................... [[32mSUCCESS 1[0m in 1.19s]
[2025-04-21T00:02:23.742+0000] {subprocess.py:93} INFO - [0m00:02:23
[2025-04-21T00:02:23.744+0000] {subprocess.py:93} INFO - [0m00:02:23  Finished running 6 table models, 6 view models in 0 hours 0 minutes and 8.24 seconds (8.24s).
[2025-04-21T00:02:23.794+0000] {subprocess.py:93} INFO - [0m00:02:23
[2025-04-21T00:02:23.798+0000] {subprocess.py:93} INFO - [0m00:02:23  [32mCompleted successfully[0m
[2025-04-21T00:02:23.802+0000] {subprocess.py:93} INFO - [0m00:02:23
[2025-04-21T00:02:23.808+0000] {subprocess.py:93} INFO - [0m00:02:23  Done. PASS=12 WARN=0 ERROR=0 SKIP=0 TOTAL=12
[2025-04-21T00:02:24.960+0000] {subprocess.py:97} INFO - Command exited with return code 0
[2025-04-21T00:02:25.038+0000] {taskinstance.py:1138} INFO - Marking task as SUCCESS. dag_id=edu_pipeline_etl, task_id=run_dbt, execution_date=20250421T000146, start_date=20250421T000207, end_date=20250421T000225
[2025-04-21T00:02:25.165+0000] {local_task_job_runner.py:234} INFO - Task exited with return code 0
[2025-04-21T00:02:25.195+0000] {taskinstance.py:3280} INFO - 0 downstream tasks scheduled from follow-on schedule check
