[2025-04-19T10:19:13.047+0000] {processor.py:186} INFO - Started process (PID=122) to work on /home/airflow/.local/lib/python3.12/site-packages/airflow/example_dags/example_subdag_operator.py
[2025-04-19T10:19:13.050+0000] {processor.py:914} INFO - Processing file /home/airflow/.local/lib/python3.12/site-packages/airflow/example_dags/example_subdag_operator.py for tasks to queue
[2025-04-19T10:19:13.056+0000] {logging_mixin.py:190} INFO - [2025-04-19T10:19:13.056+0000] {dagbag.py:588} INFO - Filling up the DagBag from /home/airflow/.local/lib/python3.12/site-packages/airflow/example_dags/example_subdag_operator.py
[2025-04-19T10:19:13.125+0000] {processor.py:925} INFO - DAG(s) 'example_subdag_operator.section-1', 'example_subdag_operator.section-2', 'example_subdag_operator' retrieved from /home/airflow/.local/lib/python3.12/site-packages/airflow/example_dags/example_subdag_operator.py
[2025-04-19T10:19:13.312+0000] {logging_mixin.py:190} INFO - [2025-04-19T10:19:13.310+0000] {override.py:1912} INFO - Created Permission View: can delete on DAG:example_subdag_operator
[2025-04-19T10:19:13.331+0000] {logging_mixin.py:190} INFO - [2025-04-19T10:19:13.331+0000] {override.py:1912} INFO - Created Permission View: can read on DAG:example_subdag_operator
[2025-04-19T10:19:13.346+0000] {logging_mixin.py:190} INFO - [2025-04-19T10:19:13.345+0000] {override.py:1912} INFO - Created Permission View: can edit on DAG:example_subdag_operator
[2025-04-19T10:19:13.363+0000] {logging_mixin.py:190} INFO - [2025-04-19T10:19:13.363+0000] {override.py:1912} INFO - Created Permission View: can delete on DAG Run:example_subdag_operator
[2025-04-19T10:19:13.379+0000] {logging_mixin.py:190} INFO - [2025-04-19T10:19:13.379+0000] {override.py:1912} INFO - Created Permission View: can read on DAG Run:example_subdag_operator
[2025-04-19T10:19:13.396+0000] {logging_mixin.py:190} INFO - [2025-04-19T10:19:13.396+0000] {override.py:1912} INFO - Created Permission View: menu access on DAG Run:example_subdag_operator
[2025-04-19T10:19:13.412+0000] {logging_mixin.py:190} INFO - [2025-04-19T10:19:13.411+0000] {override.py:1912} INFO - Created Permission View: can create on DAG Run:example_subdag_operator
[2025-04-19T10:19:13.414+0000] {logging_mixin.py:190} INFO - [2025-04-19T10:19:13.413+0000] {dag.py:3239} INFO - Sync 3 DAGs
[2025-04-19T10:19:13.441+0000] {logging_mixin.py:190} INFO - [2025-04-19T10:19:13.441+0000] {dag.py:3262} INFO - Creating ORM DAG for example_subdag_operator.section-1
[2025-04-19T10:19:13.443+0000] {logging_mixin.py:190} INFO - [2025-04-19T10:19:13.443+0000] {dag.py:3262} INFO - Creating ORM DAG for example_subdag_operator
[2025-04-19T10:19:13.445+0000] {logging_mixin.py:190} INFO - [2025-04-19T10:19:13.445+0000] {dag.py:3262} INFO - Creating ORM DAG for example_subdag_operator.section-2
[2025-04-19T10:19:13.463+0000] {logging_mixin.py:190} INFO - [2025-04-19T10:19:13.463+0000] {dag.py:4180} INFO - Setting next_dagrun for example_subdag_operator to 2022-01-01 00:00:00+00:00, run_after=2022-01-01 00:00:00+00:00
[2025-04-19T10:19:13.466+0000] {logging_mixin.py:190} INFO - [2025-04-19T10:19:13.466+0000] {dag.py:4180} INFO - Setting next_dagrun for example_subdag_operator.section-1 to None, run_after=None
[2025-04-19T10:19:13.468+0000] {logging_mixin.py:190} INFO - [2025-04-19T10:19:13.468+0000] {dag.py:4180} INFO - Setting next_dagrun for example_subdag_operator.section-2 to None, run_after=None
[2025-04-19T10:19:13.486+0000] {logging_mixin.py:190} INFO - [2025-04-19T10:19:13.486+0000] {dag.py:3239} INFO - Sync 2 DAGs
[2025-04-19T10:19:13.502+0000] {logging_mixin.py:190} INFO - [2025-04-19T10:19:13.501+0000] {dag.py:4180} INFO - Setting next_dagrun for example_subdag_operator.section-1 to None, run_after=None
[2025-04-19T10:19:13.509+0000] {logging_mixin.py:190} INFO - [2025-04-19T10:19:13.509+0000] {dag.py:4180} INFO - Setting next_dagrun for example_subdag_operator.section-2 to None, run_after=None
[2025-04-19T10:19:13.541+0000] {processor.py:208} INFO - Processing /home/airflow/.local/lib/python3.12/site-packages/airflow/example_dags/example_subdag_operator.py took 0.515 seconds
[2025-04-19T10:19:43.868+0000] {processor.py:186} INFO - Started process (PID=185) to work on /home/airflow/.local/lib/python3.12/site-packages/airflow/example_dags/example_subdag_operator.py
[2025-04-19T10:19:43.870+0000] {processor.py:914} INFO - Processing file /home/airflow/.local/lib/python3.12/site-packages/airflow/example_dags/example_subdag_operator.py for tasks to queue
[2025-04-19T10:19:43.882+0000] {logging_mixin.py:190} INFO - [2025-04-19T10:19:43.878+0000] {dagbag.py:588} INFO - Filling up the DagBag from /home/airflow/.local/lib/python3.12/site-packages/airflow/example_dags/example_subdag_operator.py
[2025-04-19T10:19:43.949+0000] {processor.py:925} INFO - DAG(s) 'example_subdag_operator.section-1', 'example_subdag_operator.section-2', 'example_subdag_operator' retrieved from /home/airflow/.local/lib/python3.12/site-packages/airflow/example_dags/example_subdag_operator.py
[2025-04-19T10:19:43.987+0000] {logging_mixin.py:190} INFO - [2025-04-19T10:19:43.987+0000] {dag.py:3239} INFO - Sync 3 DAGs
[2025-04-19T10:19:44.055+0000] {logging_mixin.py:190} INFO - [2025-04-19T10:19:44.054+0000] {dag.py:4180} INFO - Setting next_dagrun for example_subdag_operator to 2022-01-01 00:00:00+00:00, run_after=2022-01-01 00:00:00+00:00
[2025-04-19T10:19:44.067+0000] {logging_mixin.py:190} INFO - [2025-04-19T10:19:44.066+0000] {dag.py:4180} INFO - Setting next_dagrun for example_subdag_operator.section-1 to None, run_after=None
[2025-04-19T10:19:44.073+0000] {logging_mixin.py:190} INFO - [2025-04-19T10:19:44.072+0000] {dag.py:4180} INFO - Setting next_dagrun for example_subdag_operator.section-2 to None, run_after=None
[2025-04-19T10:19:44.094+0000] {logging_mixin.py:190} INFO - [2025-04-19T10:19:44.093+0000] {dag.py:3239} INFO - Sync 2 DAGs
[2025-04-19T10:19:44.109+0000] {logging_mixin.py:190} INFO - [2025-04-19T10:19:44.108+0000] {dag.py:4180} INFO - Setting next_dagrun for example_subdag_operator.section-1 to None, run_after=None
[2025-04-19T10:19:44.111+0000] {logging_mixin.py:190} INFO - [2025-04-19T10:19:44.110+0000] {dag.py:4180} INFO - Setting next_dagrun for example_subdag_operator.section-2 to None, run_after=None
[2025-04-19T10:19:44.141+0000] {processor.py:208} INFO - Processing /home/airflow/.local/lib/python3.12/site-packages/airflow/example_dags/example_subdag_operator.py took 0.290 seconds
[2025-04-19T10:20:14.400+0000] {processor.py:186} INFO - Started process (PID=247) to work on /home/airflow/.local/lib/python3.12/site-packages/airflow/example_dags/example_subdag_operator.py
[2025-04-19T10:20:14.403+0000] {processor.py:914} INFO - Processing file /home/airflow/.local/lib/python3.12/site-packages/airflow/example_dags/example_subdag_operator.py for tasks to queue
[2025-04-19T10:20:14.411+0000] {logging_mixin.py:190} INFO - [2025-04-19T10:20:14.410+0000] {dagbag.py:588} INFO - Filling up the DagBag from /home/airflow/.local/lib/python3.12/site-packages/airflow/example_dags/example_subdag_operator.py
[2025-04-19T10:20:14.468+0000] {processor.py:925} INFO - DAG(s) 'example_subdag_operator.section-1', 'example_subdag_operator.section-2', 'example_subdag_operator' retrieved from /home/airflow/.local/lib/python3.12/site-packages/airflow/example_dags/example_subdag_operator.py
[2025-04-19T10:20:14.493+0000] {logging_mixin.py:190} INFO - [2025-04-19T10:20:14.493+0000] {dag.py:3239} INFO - Sync 3 DAGs
[2025-04-19T10:20:14.526+0000] {logging_mixin.py:190} INFO - [2025-04-19T10:20:14.526+0000] {dag.py:4180} INFO - Setting next_dagrun for example_subdag_operator to 2022-01-01 00:00:00+00:00, run_after=2022-01-01 00:00:00+00:00
[2025-04-19T10:20:14.534+0000] {logging_mixin.py:190} INFO - [2025-04-19T10:20:14.533+0000] {dag.py:4180} INFO - Setting next_dagrun for example_subdag_operator.section-1 to None, run_after=None
[2025-04-19T10:20:14.537+0000] {logging_mixin.py:190} INFO - [2025-04-19T10:20:14.536+0000] {dag.py:4180} INFO - Setting next_dagrun for example_subdag_operator.section-2 to None, run_after=None
[2025-04-19T10:20:14.551+0000] {logging_mixin.py:190} INFO - [2025-04-19T10:20:14.550+0000] {dag.py:3239} INFO - Sync 2 DAGs
[2025-04-19T10:20:14.561+0000] {logging_mixin.py:190} INFO - [2025-04-19T10:20:14.561+0000] {dag.py:4180} INFO - Setting next_dagrun for example_subdag_operator.section-1 to None, run_after=None
[2025-04-19T10:20:14.562+0000] {logging_mixin.py:190} INFO - [2025-04-19T10:20:14.562+0000] {dag.py:4180} INFO - Setting next_dagrun for example_subdag_operator.section-2 to None, run_after=None
[2025-04-19T10:20:14.589+0000] {processor.py:208} INFO - Processing /home/airflow/.local/lib/python3.12/site-packages/airflow/example_dags/example_subdag_operator.py took 0.204 seconds
[2025-04-19T10:20:45.771+0000] {processor.py:186} INFO - Started process (PID=310) to work on /home/airflow/.local/lib/python3.12/site-packages/airflow/example_dags/example_subdag_operator.py
[2025-04-19T10:20:45.773+0000] {processor.py:914} INFO - Processing file /home/airflow/.local/lib/python3.12/site-packages/airflow/example_dags/example_subdag_operator.py for tasks to queue
[2025-04-19T10:20:45.777+0000] {logging_mixin.py:190} INFO - [2025-04-19T10:20:45.777+0000] {dagbag.py:588} INFO - Filling up the DagBag from /home/airflow/.local/lib/python3.12/site-packages/airflow/example_dags/example_subdag_operator.py
[2025-04-19T10:20:45.820+0000] {processor.py:925} INFO - DAG(s) 'example_subdag_operator.section-1', 'example_subdag_operator.section-2', 'example_subdag_operator' retrieved from /home/airflow/.local/lib/python3.12/site-packages/airflow/example_dags/example_subdag_operator.py
[2025-04-19T10:20:45.847+0000] {logging_mixin.py:190} INFO - [2025-04-19T10:20:45.847+0000] {dag.py:3239} INFO - Sync 3 DAGs
[2025-04-19T10:20:45.883+0000] {logging_mixin.py:190} INFO - [2025-04-19T10:20:45.883+0000] {dag.py:4180} INFO - Setting next_dagrun for example_subdag_operator to 2022-01-01 00:00:00+00:00, run_after=2022-01-01 00:00:00+00:00
[2025-04-19T10:20:45.892+0000] {logging_mixin.py:190} INFO - [2025-04-19T10:20:45.891+0000] {dag.py:4180} INFO - Setting next_dagrun for example_subdag_operator.section-1 to None, run_after=None
[2025-04-19T10:20:45.896+0000] {logging_mixin.py:190} INFO - [2025-04-19T10:20:45.895+0000] {dag.py:4180} INFO - Setting next_dagrun for example_subdag_operator.section-2 to None, run_after=None
[2025-04-19T10:20:45.919+0000] {logging_mixin.py:190} INFO - [2025-04-19T10:20:45.919+0000] {dag.py:3239} INFO - Sync 2 DAGs
[2025-04-19T10:20:45.941+0000] {logging_mixin.py:190} INFO - [2025-04-19T10:20:45.940+0000] {dag.py:4180} INFO - Setting next_dagrun for example_subdag_operator.section-1 to None, run_after=None
[2025-04-19T10:20:45.943+0000] {logging_mixin.py:190} INFO - [2025-04-19T10:20:45.942+0000] {dag.py:4180} INFO - Setting next_dagrun for example_subdag_operator.section-2 to None, run_after=None
[2025-04-19T10:20:45.972+0000] {processor.py:208} INFO - Processing /home/airflow/.local/lib/python3.12/site-packages/airflow/example_dags/example_subdag_operator.py took 0.214 seconds
[2025-04-19T10:21:17.370+0000] {processor.py:186} INFO - Started process (PID=379) to work on /home/airflow/.local/lib/python3.12/site-packages/airflow/example_dags/example_subdag_operator.py
[2025-04-19T10:21:17.373+0000] {processor.py:914} INFO - Processing file /home/airflow/.local/lib/python3.12/site-packages/airflow/example_dags/example_subdag_operator.py for tasks to queue
[2025-04-19T10:21:17.378+0000] {logging_mixin.py:190} INFO - [2025-04-19T10:21:17.378+0000] {dagbag.py:588} INFO - Filling up the DagBag from /home/airflow/.local/lib/python3.12/site-packages/airflow/example_dags/example_subdag_operator.py
[2025-04-19T10:21:17.429+0000] {processor.py:925} INFO - DAG(s) 'example_subdag_operator.section-1', 'example_subdag_operator.section-2', 'example_subdag_operator' retrieved from /home/airflow/.local/lib/python3.12/site-packages/airflow/example_dags/example_subdag_operator.py
[2025-04-19T10:21:17.455+0000] {logging_mixin.py:190} INFO - [2025-04-19T10:21:17.454+0000] {dag.py:3239} INFO - Sync 3 DAGs
[2025-04-19T10:21:17.502+0000] {logging_mixin.py:190} INFO - [2025-04-19T10:21:17.501+0000] {dag.py:4180} INFO - Setting next_dagrun for example_subdag_operator to 2022-01-01 00:00:00+00:00, run_after=2022-01-01 00:00:00+00:00
[2025-04-19T10:21:17.511+0000] {logging_mixin.py:190} INFO - [2025-04-19T10:21:17.510+0000] {dag.py:4180} INFO - Setting next_dagrun for example_subdag_operator.section-1 to None, run_after=None
[2025-04-19T10:21:17.515+0000] {logging_mixin.py:190} INFO - [2025-04-19T10:21:17.515+0000] {dag.py:4180} INFO - Setting next_dagrun for example_subdag_operator.section-2 to None, run_after=None
[2025-04-19T10:21:17.539+0000] {logging_mixin.py:190} INFO - [2025-04-19T10:21:17.538+0000] {dag.py:3239} INFO - Sync 2 DAGs
[2025-04-19T10:21:17.562+0000] {logging_mixin.py:190} INFO - [2025-04-19T10:21:17.562+0000] {dag.py:4180} INFO - Setting next_dagrun for example_subdag_operator.section-1 to None, run_after=None
[2025-04-19T10:21:17.566+0000] {logging_mixin.py:190} INFO - [2025-04-19T10:21:17.565+0000] {dag.py:4180} INFO - Setting next_dagrun for example_subdag_operator.section-2 to None, run_after=None
[2025-04-19T10:21:17.612+0000] {processor.py:208} INFO - Processing /home/airflow/.local/lib/python3.12/site-packages/airflow/example_dags/example_subdag_operator.py took 0.255 seconds
[2025-04-19T10:21:48.697+0000] {processor.py:186} INFO - Started process (PID=442) to work on /home/airflow/.local/lib/python3.12/site-packages/airflow/example_dags/example_subdag_operator.py
[2025-04-19T10:21:48.700+0000] {processor.py:914} INFO - Processing file /home/airflow/.local/lib/python3.12/site-packages/airflow/example_dags/example_subdag_operator.py for tasks to queue
[2025-04-19T10:21:48.709+0000] {logging_mixin.py:190} INFO - [2025-04-19T10:21:48.708+0000] {dagbag.py:588} INFO - Filling up the DagBag from /home/airflow/.local/lib/python3.12/site-packages/airflow/example_dags/example_subdag_operator.py
[2025-04-19T10:21:48.797+0000] {processor.py:925} INFO - DAG(s) 'example_subdag_operator.section-1', 'example_subdag_operator.section-2', 'example_subdag_operator' retrieved from /home/airflow/.local/lib/python3.12/site-packages/airflow/example_dags/example_subdag_operator.py
[2025-04-19T10:21:48.823+0000] {logging_mixin.py:190} INFO - [2025-04-19T10:21:48.823+0000] {dag.py:3239} INFO - Sync 3 DAGs
[2025-04-19T10:21:48.861+0000] {logging_mixin.py:190} INFO - [2025-04-19T10:21:48.860+0000] {dag.py:4180} INFO - Setting next_dagrun for example_subdag_operator to 2022-01-01 00:00:00+00:00, run_after=2022-01-01 00:00:00+00:00
[2025-04-19T10:21:48.874+0000] {logging_mixin.py:190} INFO - [2025-04-19T10:21:48.873+0000] {dag.py:4180} INFO - Setting next_dagrun for example_subdag_operator.section-1 to None, run_after=None
[2025-04-19T10:21:48.880+0000] {logging_mixin.py:190} INFO - [2025-04-19T10:21:48.880+0000] {dag.py:4180} INFO - Setting next_dagrun for example_subdag_operator.section-2 to None, run_after=None
[2025-04-19T10:21:48.900+0000] {logging_mixin.py:190} INFO - [2025-04-19T10:21:48.899+0000] {dag.py:3239} INFO - Sync 2 DAGs
[2025-04-19T10:21:48.911+0000] {logging_mixin.py:190} INFO - [2025-04-19T10:21:48.911+0000] {dag.py:4180} INFO - Setting next_dagrun for example_subdag_operator.section-1 to None, run_after=None
[2025-04-19T10:21:48.912+0000] {logging_mixin.py:190} INFO - [2025-04-19T10:21:48.912+0000] {dag.py:4180} INFO - Setting next_dagrun for example_subdag_operator.section-2 to None, run_after=None
[2025-04-19T10:21:48.931+0000] {processor.py:208} INFO - Processing /home/airflow/.local/lib/python3.12/site-packages/airflow/example_dags/example_subdag_operator.py took 0.249 seconds
[2025-04-19T10:22:20.883+0000] {processor.py:186} INFO - Started process (PID=504) to work on /home/airflow/.local/lib/python3.12/site-packages/airflow/example_dags/example_subdag_operator.py
[2025-04-19T10:22:20.886+0000] {processor.py:914} INFO - Processing file /home/airflow/.local/lib/python3.12/site-packages/airflow/example_dags/example_subdag_operator.py for tasks to queue
[2025-04-19T10:22:20.893+0000] {logging_mixin.py:190} INFO - [2025-04-19T10:22:20.892+0000] {dagbag.py:588} INFO - Filling up the DagBag from /home/airflow/.local/lib/python3.12/site-packages/airflow/example_dags/example_subdag_operator.py
[2025-04-19T10:22:20.967+0000] {processor.py:925} INFO - DAG(s) 'example_subdag_operator.section-1', 'example_subdag_operator.section-2', 'example_subdag_operator' retrieved from /home/airflow/.local/lib/python3.12/site-packages/airflow/example_dags/example_subdag_operator.py
[2025-04-19T10:22:21.003+0000] {logging_mixin.py:190} INFO - [2025-04-19T10:22:21.003+0000] {dag.py:3239} INFO - Sync 3 DAGs
[2025-04-19T10:22:21.072+0000] {logging_mixin.py:190} INFO - [2025-04-19T10:22:21.072+0000] {dag.py:4180} INFO - Setting next_dagrun for example_subdag_operator to 2022-01-01 00:00:00+00:00, run_after=2022-01-01 00:00:00+00:00
[2025-04-19T10:22:21.080+0000] {logging_mixin.py:190} INFO - [2025-04-19T10:22:21.079+0000] {dag.py:4180} INFO - Setting next_dagrun for example_subdag_operator.section-1 to None, run_after=None
[2025-04-19T10:22:21.085+0000] {logging_mixin.py:190} INFO - [2025-04-19T10:22:21.084+0000] {dag.py:4180} INFO - Setting next_dagrun for example_subdag_operator.section-2 to None, run_after=None
[2025-04-19T10:22:21.108+0000] {logging_mixin.py:190} INFO - [2025-04-19T10:22:21.107+0000] {dag.py:3239} INFO - Sync 2 DAGs
[2025-04-19T10:22:21.129+0000] {logging_mixin.py:190} INFO - [2025-04-19T10:22:21.129+0000] {dag.py:4180} INFO - Setting next_dagrun for example_subdag_operator.section-1 to None, run_after=None
[2025-04-19T10:22:21.132+0000] {logging_mixin.py:190} INFO - [2025-04-19T10:22:21.131+0000] {dag.py:4180} INFO - Setting next_dagrun for example_subdag_operator.section-2 to None, run_after=None
[2025-04-19T10:22:21.176+0000] {processor.py:208} INFO - Processing /home/airflow/.local/lib/python3.12/site-packages/airflow/example_dags/example_subdag_operator.py took 0.311 seconds
[2025-04-19T10:22:52.714+0000] {processor.py:186} INFO - Started process (PID=566) to work on /home/airflow/.local/lib/python3.12/site-packages/airflow/example_dags/example_subdag_operator.py
[2025-04-19T10:22:52.717+0000] {processor.py:914} INFO - Processing file /home/airflow/.local/lib/python3.12/site-packages/airflow/example_dags/example_subdag_operator.py for tasks to queue
[2025-04-19T10:22:52.725+0000] {logging_mixin.py:190} INFO - [2025-04-19T10:22:52.724+0000] {dagbag.py:588} INFO - Filling up the DagBag from /home/airflow/.local/lib/python3.12/site-packages/airflow/example_dags/example_subdag_operator.py
[2025-04-19T10:22:52.818+0000] {processor.py:925} INFO - DAG(s) 'example_subdag_operator.section-1', 'example_subdag_operator.section-2', 'example_subdag_operator' retrieved from /home/airflow/.local/lib/python3.12/site-packages/airflow/example_dags/example_subdag_operator.py
[2025-04-19T10:22:52.873+0000] {logging_mixin.py:190} INFO - [2025-04-19T10:22:52.872+0000] {dag.py:3239} INFO - Sync 3 DAGs
[2025-04-19T10:22:52.959+0000] {logging_mixin.py:190} INFO - [2025-04-19T10:22:52.958+0000] {dag.py:4180} INFO - Setting next_dagrun for example_subdag_operator to 2022-01-01 00:00:00+00:00, run_after=2022-01-01 00:00:00+00:00
[2025-04-19T10:22:52.975+0000] {logging_mixin.py:190} INFO - [2025-04-19T10:22:52.974+0000] {dag.py:4180} INFO - Setting next_dagrun for example_subdag_operator.section-1 to None, run_after=None
[2025-04-19T10:22:52.982+0000] {logging_mixin.py:190} INFO - [2025-04-19T10:22:52.981+0000] {dag.py:4180} INFO - Setting next_dagrun for example_subdag_operator.section-2 to None, run_after=None
[2025-04-19T10:22:53.015+0000] {logging_mixin.py:190} INFO - [2025-04-19T10:22:53.014+0000] {dag.py:3239} INFO - Sync 2 DAGs
[2025-04-19T10:22:53.035+0000] {logging_mixin.py:190} INFO - [2025-04-19T10:22:53.035+0000] {dag.py:4180} INFO - Setting next_dagrun for example_subdag_operator.section-1 to None, run_after=None
[2025-04-19T10:22:53.038+0000] {logging_mixin.py:190} INFO - [2025-04-19T10:22:53.037+0000] {dag.py:4180} INFO - Setting next_dagrun for example_subdag_operator.section-2 to None, run_after=None
[2025-04-19T10:22:53.075+0000] {processor.py:208} INFO - Processing /home/airflow/.local/lib/python3.12/site-packages/airflow/example_dags/example_subdag_operator.py took 0.379 seconds
[2025-04-19T10:23:24.280+0000] {processor.py:186} INFO - Started process (PID=629) to work on /home/airflow/.local/lib/python3.12/site-packages/airflow/example_dags/example_subdag_operator.py
[2025-04-19T10:23:24.284+0000] {processor.py:914} INFO - Processing file /home/airflow/.local/lib/python3.12/site-packages/airflow/example_dags/example_subdag_operator.py for tasks to queue
[2025-04-19T10:23:24.292+0000] {logging_mixin.py:190} INFO - [2025-04-19T10:23:24.291+0000] {dagbag.py:588} INFO - Filling up the DagBag from /home/airflow/.local/lib/python3.12/site-packages/airflow/example_dags/example_subdag_operator.py
[2025-04-19T10:23:24.365+0000] {processor.py:925} INFO - DAG(s) 'example_subdag_operator.section-1', 'example_subdag_operator.section-2', 'example_subdag_operator' retrieved from /home/airflow/.local/lib/python3.12/site-packages/airflow/example_dags/example_subdag_operator.py
[2025-04-19T10:23:24.396+0000] {logging_mixin.py:190} INFO - [2025-04-19T10:23:24.395+0000] {dag.py:3239} INFO - Sync 3 DAGs
[2025-04-19T10:23:24.442+0000] {logging_mixin.py:190} INFO - [2025-04-19T10:23:24.442+0000] {dag.py:4180} INFO - Setting next_dagrun for example_subdag_operator to 2022-01-01 00:00:00+00:00, run_after=2022-01-01 00:00:00+00:00
[2025-04-19T10:23:24.449+0000] {logging_mixin.py:190} INFO - [2025-04-19T10:23:24.449+0000] {dag.py:4180} INFO - Setting next_dagrun for example_subdag_operator.section-1 to None, run_after=None
[2025-04-19T10:23:24.453+0000] {logging_mixin.py:190} INFO - [2025-04-19T10:23:24.453+0000] {dag.py:4180} INFO - Setting next_dagrun for example_subdag_operator.section-2 to None, run_after=None
[2025-04-19T10:23:24.468+0000] {logging_mixin.py:190} INFO - [2025-04-19T10:23:24.468+0000] {dag.py:3239} INFO - Sync 2 DAGs
[2025-04-19T10:23:24.481+0000] {logging_mixin.py:190} INFO - [2025-04-19T10:23:24.480+0000] {dag.py:4180} INFO - Setting next_dagrun for example_subdag_operator.section-1 to None, run_after=None
[2025-04-19T10:23:24.482+0000] {logging_mixin.py:190} INFO - [2025-04-19T10:23:24.482+0000] {dag.py:4180} INFO - Setting next_dagrun for example_subdag_operator.section-2 to None, run_after=None
[2025-04-19T10:23:24.511+0000] {processor.py:208} INFO - Processing /home/airflow/.local/lib/python3.12/site-packages/airflow/example_dags/example_subdag_operator.py took 0.248 seconds
[2025-04-19T10:23:55.701+0000] {processor.py:186} INFO - Started process (PID=693) to work on /home/airflow/.local/lib/python3.12/site-packages/airflow/example_dags/example_subdag_operator.py
[2025-04-19T10:23:55.704+0000] {processor.py:914} INFO - Processing file /home/airflow/.local/lib/python3.12/site-packages/airflow/example_dags/example_subdag_operator.py for tasks to queue
[2025-04-19T10:23:55.711+0000] {logging_mixin.py:190} INFO - [2025-04-19T10:23:55.710+0000] {dagbag.py:588} INFO - Filling up the DagBag from /home/airflow/.local/lib/python3.12/site-packages/airflow/example_dags/example_subdag_operator.py
[2025-04-19T10:23:55.771+0000] {processor.py:925} INFO - DAG(s) 'example_subdag_operator.section-1', 'example_subdag_operator.section-2', 'example_subdag_operator' retrieved from /home/airflow/.local/lib/python3.12/site-packages/airflow/example_dags/example_subdag_operator.py
[2025-04-19T10:23:55.800+0000] {logging_mixin.py:190} INFO - [2025-04-19T10:23:55.800+0000] {dag.py:3239} INFO - Sync 3 DAGs
[2025-04-19T10:23:55.862+0000] {logging_mixin.py:190} INFO - [2025-04-19T10:23:55.861+0000] {dag.py:4180} INFO - Setting next_dagrun for example_subdag_operator to 2022-01-01 00:00:00+00:00, run_after=2022-01-01 00:00:00+00:00
[2025-04-19T10:23:55.876+0000] {logging_mixin.py:190} INFO - [2025-04-19T10:23:55.876+0000] {dag.py:4180} INFO - Setting next_dagrun for example_subdag_operator.section-1 to None, run_after=None
[2025-04-19T10:23:55.880+0000] {logging_mixin.py:190} INFO - [2025-04-19T10:23:55.880+0000] {dag.py:4180} INFO - Setting next_dagrun for example_subdag_operator.section-2 to None, run_after=None
[2025-04-19T10:23:55.900+0000] {logging_mixin.py:190} INFO - [2025-04-19T10:23:55.900+0000] {dag.py:3239} INFO - Sync 2 DAGs
[2025-04-19T10:23:55.912+0000] {logging_mixin.py:190} INFO - [2025-04-19T10:23:55.912+0000] {dag.py:4180} INFO - Setting next_dagrun for example_subdag_operator.section-1 to None, run_after=None
[2025-04-19T10:23:55.914+0000] {logging_mixin.py:190} INFO - [2025-04-19T10:23:55.913+0000] {dag.py:4180} INFO - Setting next_dagrun for example_subdag_operator.section-2 to None, run_after=None
[2025-04-19T10:23:55.940+0000] {processor.py:208} INFO - Processing /home/airflow/.local/lib/python3.12/site-packages/airflow/example_dags/example_subdag_operator.py took 0.250 seconds
[2025-04-19T10:24:26.946+0000] {processor.py:186} INFO - Started process (PID=756) to work on /home/airflow/.local/lib/python3.12/site-packages/airflow/example_dags/example_subdag_operator.py
[2025-04-19T10:24:26.948+0000] {processor.py:914} INFO - Processing file /home/airflow/.local/lib/python3.12/site-packages/airflow/example_dags/example_subdag_operator.py for tasks to queue
[2025-04-19T10:24:26.953+0000] {logging_mixin.py:190} INFO - [2025-04-19T10:24:26.952+0000] {dagbag.py:588} INFO - Filling up the DagBag from /home/airflow/.local/lib/python3.12/site-packages/airflow/example_dags/example_subdag_operator.py
[2025-04-19T10:24:27.000+0000] {processor.py:925} INFO - DAG(s) 'example_subdag_operator.section-1', 'example_subdag_operator.section-2', 'example_subdag_operator' retrieved from /home/airflow/.local/lib/python3.12/site-packages/airflow/example_dags/example_subdag_operator.py
[2025-04-19T10:24:27.027+0000] {logging_mixin.py:190} INFO - [2025-04-19T10:24:27.027+0000] {dag.py:3239} INFO - Sync 3 DAGs
[2025-04-19T10:24:27.071+0000] {logging_mixin.py:190} INFO - [2025-04-19T10:24:27.070+0000] {dag.py:4180} INFO - Setting next_dagrun for example_subdag_operator to 2022-01-01 00:00:00+00:00, run_after=2022-01-01 00:00:00+00:00
[2025-04-19T10:24:27.078+0000] {logging_mixin.py:190} INFO - [2025-04-19T10:24:27.078+0000] {dag.py:4180} INFO - Setting next_dagrun for example_subdag_operator.section-1 to None, run_after=None
[2025-04-19T10:24:27.082+0000] {logging_mixin.py:190} INFO - [2025-04-19T10:24:27.081+0000] {dag.py:4180} INFO - Setting next_dagrun for example_subdag_operator.section-2 to None, run_after=None
[2025-04-19T10:24:27.097+0000] {logging_mixin.py:190} INFO - [2025-04-19T10:24:27.096+0000] {dag.py:3239} INFO - Sync 2 DAGs
[2025-04-19T10:24:27.108+0000] {logging_mixin.py:190} INFO - [2025-04-19T10:24:27.108+0000] {dag.py:4180} INFO - Setting next_dagrun for example_subdag_operator.section-1 to None, run_after=None
[2025-04-19T10:24:27.110+0000] {logging_mixin.py:190} INFO - [2025-04-19T10:24:27.110+0000] {dag.py:4180} INFO - Setting next_dagrun for example_subdag_operator.section-2 to None, run_after=None
[2025-04-19T10:24:27.134+0000] {processor.py:208} INFO - Processing /home/airflow/.local/lib/python3.12/site-packages/airflow/example_dags/example_subdag_operator.py took 0.197 seconds
[2025-04-19T10:24:58.084+0000] {processor.py:186} INFO - Started process (PID=820) to work on /home/airflow/.local/lib/python3.12/site-packages/airflow/example_dags/example_subdag_operator.py
[2025-04-19T10:24:58.087+0000] {processor.py:914} INFO - Processing file /home/airflow/.local/lib/python3.12/site-packages/airflow/example_dags/example_subdag_operator.py for tasks to queue
[2025-04-19T10:24:58.092+0000] {logging_mixin.py:190} INFO - [2025-04-19T10:24:58.092+0000] {dagbag.py:588} INFO - Filling up the DagBag from /home/airflow/.local/lib/python3.12/site-packages/airflow/example_dags/example_subdag_operator.py
[2025-04-19T10:24:58.137+0000] {processor.py:925} INFO - DAG(s) 'example_subdag_operator.section-1', 'example_subdag_operator.section-2', 'example_subdag_operator' retrieved from /home/airflow/.local/lib/python3.12/site-packages/airflow/example_dags/example_subdag_operator.py
[2025-04-19T10:24:58.166+0000] {logging_mixin.py:190} INFO - [2025-04-19T10:24:58.166+0000] {dag.py:3239} INFO - Sync 3 DAGs
[2025-04-19T10:24:58.234+0000] {logging_mixin.py:190} INFO - [2025-04-19T10:24:58.233+0000] {dag.py:4180} INFO - Setting next_dagrun for example_subdag_operator to 2022-01-01 00:00:00+00:00, run_after=2022-01-01 00:00:00+00:00
[2025-04-19T10:24:58.259+0000] {logging_mixin.py:190} INFO - [2025-04-19T10:24:58.258+0000] {dag.py:4180} INFO - Setting next_dagrun for example_subdag_operator.section-1 to None, run_after=None
[2025-04-19T10:24:58.268+0000] {logging_mixin.py:190} INFO - [2025-04-19T10:24:58.267+0000] {dag.py:4180} INFO - Setting next_dagrun for example_subdag_operator.section-2 to None, run_after=None
[2025-04-19T10:24:58.305+0000] {logging_mixin.py:190} INFO - [2025-04-19T10:24:58.304+0000] {dag.py:3239} INFO - Sync 2 DAGs
[2025-04-19T10:24:58.323+0000] {logging_mixin.py:190} INFO - [2025-04-19T10:24:58.323+0000] {dag.py:4180} INFO - Setting next_dagrun for example_subdag_operator.section-1 to None, run_after=None
[2025-04-19T10:24:58.325+0000] {logging_mixin.py:190} INFO - [2025-04-19T10:24:58.325+0000] {dag.py:4180} INFO - Setting next_dagrun for example_subdag_operator.section-2 to None, run_after=None
[2025-04-19T10:24:58.357+0000] {processor.py:208} INFO - Processing /home/airflow/.local/lib/python3.12/site-packages/airflow/example_dags/example_subdag_operator.py took 0.289 seconds
[2025-04-19T10:25:31.209+0000] {processor.py:186} INFO - Started process (PID=883) to work on /home/airflow/.local/lib/python3.12/site-packages/airflow/example_dags/example_subdag_operator.py
[2025-04-19T10:25:31.211+0000] {processor.py:914} INFO - Processing file /home/airflow/.local/lib/python3.12/site-packages/airflow/example_dags/example_subdag_operator.py for tasks to queue
[2025-04-19T10:25:31.217+0000] {logging_mixin.py:190} INFO - [2025-04-19T10:25:31.216+0000] {dagbag.py:588} INFO - Filling up the DagBag from /home/airflow/.local/lib/python3.12/site-packages/airflow/example_dags/example_subdag_operator.py
[2025-04-19T10:25:31.274+0000] {processor.py:925} INFO - DAG(s) 'example_subdag_operator.section-1', 'example_subdag_operator.section-2', 'example_subdag_operator' retrieved from /home/airflow/.local/lib/python3.12/site-packages/airflow/example_dags/example_subdag_operator.py
[2025-04-19T10:25:31.316+0000] {logging_mixin.py:190} INFO - [2025-04-19T10:25:31.315+0000] {dag.py:3239} INFO - Sync 3 DAGs
[2025-04-19T10:25:31.391+0000] {logging_mixin.py:190} INFO - [2025-04-19T10:25:31.390+0000] {dag.py:4180} INFO - Setting next_dagrun for example_subdag_operator to 2022-01-01 00:00:00+00:00, run_after=2022-01-01 00:00:00+00:00
[2025-04-19T10:25:31.403+0000] {logging_mixin.py:190} INFO - [2025-04-19T10:25:31.403+0000] {dag.py:4180} INFO - Setting next_dagrun for example_subdag_operator.section-1 to None, run_after=None
[2025-04-19T10:25:31.414+0000] {logging_mixin.py:190} INFO - [2025-04-19T10:25:31.412+0000] {dag.py:4180} INFO - Setting next_dagrun for example_subdag_operator.section-2 to None, run_after=None
[2025-04-19T10:25:31.436+0000] {logging_mixin.py:190} INFO - [2025-04-19T10:25:31.435+0000] {dag.py:3239} INFO - Sync 2 DAGs
[2025-04-19T10:25:31.450+0000] {logging_mixin.py:190} INFO - [2025-04-19T10:25:31.449+0000] {dag.py:4180} INFO - Setting next_dagrun for example_subdag_operator.section-1 to None, run_after=None
[2025-04-19T10:25:31.451+0000] {logging_mixin.py:190} INFO - [2025-04-19T10:25:31.451+0000] {dag.py:4180} INFO - Setting next_dagrun for example_subdag_operator.section-2 to None, run_after=None
[2025-04-19T10:25:31.478+0000] {processor.py:208} INFO - Processing /home/airflow/.local/lib/python3.12/site-packages/airflow/example_dags/example_subdag_operator.py took 0.288 seconds
[2025-04-19T10:26:02.523+0000] {processor.py:186} INFO - Started process (PID=946) to work on /home/airflow/.local/lib/python3.12/site-packages/airflow/example_dags/example_subdag_operator.py
[2025-04-19T10:26:02.526+0000] {processor.py:914} INFO - Processing file /home/airflow/.local/lib/python3.12/site-packages/airflow/example_dags/example_subdag_operator.py for tasks to queue
[2025-04-19T10:26:02.530+0000] {logging_mixin.py:190} INFO - [2025-04-19T10:26:02.529+0000] {dagbag.py:588} INFO - Filling up the DagBag from /home/airflow/.local/lib/python3.12/site-packages/airflow/example_dags/example_subdag_operator.py
[2025-04-19T10:26:02.573+0000] {processor.py:925} INFO - DAG(s) 'example_subdag_operator.section-1', 'example_subdag_operator.section-2', 'example_subdag_operator' retrieved from /home/airflow/.local/lib/python3.12/site-packages/airflow/example_dags/example_subdag_operator.py
[2025-04-19T10:26:02.621+0000] {logging_mixin.py:190} INFO - [2025-04-19T10:26:02.620+0000] {dag.py:3239} INFO - Sync 3 DAGs
[2025-04-19T10:26:02.752+0000] {logging_mixin.py:190} INFO - [2025-04-19T10:26:02.750+0000] {dag.py:4180} INFO - Setting next_dagrun for example_subdag_operator to 2022-01-01 00:00:00+00:00, run_after=2022-01-01 00:00:00+00:00
[2025-04-19T10:26:02.770+0000] {logging_mixin.py:190} INFO - [2025-04-19T10:26:02.769+0000] {dag.py:4180} INFO - Setting next_dagrun for example_subdag_operator.section-1 to None, run_after=None
[2025-04-19T10:26:02.775+0000] {logging_mixin.py:190} INFO - [2025-04-19T10:26:02.775+0000] {dag.py:4180} INFO - Setting next_dagrun for example_subdag_operator.section-2 to None, run_after=None
[2025-04-19T10:26:02.804+0000] {logging_mixin.py:190} INFO - [2025-04-19T10:26:02.803+0000] {dag.py:3239} INFO - Sync 2 DAGs
[2025-04-19T10:26:02.835+0000] {logging_mixin.py:190} INFO - [2025-04-19T10:26:02.834+0000] {dag.py:4180} INFO - Setting next_dagrun for example_subdag_operator.section-1 to None, run_after=None
[2025-04-19T10:26:02.837+0000] {logging_mixin.py:190} INFO - [2025-04-19T10:26:02.836+0000] {dag.py:4180} INFO - Setting next_dagrun for example_subdag_operator.section-2 to None, run_after=None
[2025-04-19T10:26:02.888+0000] {processor.py:208} INFO - Processing /home/airflow/.local/lib/python3.12/site-packages/airflow/example_dags/example_subdag_operator.py took 0.382 seconds
[2025-04-19T10:26:34.675+0000] {processor.py:186} INFO - Started process (PID=1015) to work on /home/airflow/.local/lib/python3.12/site-packages/airflow/example_dags/example_subdag_operator.py
[2025-04-19T10:26:34.681+0000] {processor.py:914} INFO - Processing file /home/airflow/.local/lib/python3.12/site-packages/airflow/example_dags/example_subdag_operator.py for tasks to queue
[2025-04-19T10:26:34.692+0000] {logging_mixin.py:190} INFO - [2025-04-19T10:26:34.690+0000] {dagbag.py:588} INFO - Filling up the DagBag from /home/airflow/.local/lib/python3.12/site-packages/airflow/example_dags/example_subdag_operator.py
[2025-04-19T10:26:34.792+0000] {processor.py:925} INFO - DAG(s) 'example_subdag_operator.section-1', 'example_subdag_operator.section-2', 'example_subdag_operator' retrieved from /home/airflow/.local/lib/python3.12/site-packages/airflow/example_dags/example_subdag_operator.py
[2025-04-19T10:26:34.848+0000] {logging_mixin.py:190} INFO - [2025-04-19T10:26:34.847+0000] {dag.py:3239} INFO - Sync 3 DAGs
[2025-04-19T10:26:34.923+0000] {logging_mixin.py:190} INFO - [2025-04-19T10:26:34.922+0000] {dag.py:4180} INFO - Setting next_dagrun for example_subdag_operator to 2022-01-01 00:00:00+00:00, run_after=2022-01-01 00:00:00+00:00
[2025-04-19T10:26:34.935+0000] {logging_mixin.py:190} INFO - [2025-04-19T10:26:34.934+0000] {dag.py:4180} INFO - Setting next_dagrun for example_subdag_operator.section-1 to None, run_after=None
[2025-04-19T10:26:34.940+0000] {logging_mixin.py:190} INFO - [2025-04-19T10:26:34.940+0000] {dag.py:4180} INFO - Setting next_dagrun for example_subdag_operator.section-2 to None, run_after=None
[2025-04-19T10:26:34.958+0000] {logging_mixin.py:190} INFO - [2025-04-19T10:26:34.958+0000] {dag.py:3239} INFO - Sync 2 DAGs
[2025-04-19T10:26:34.967+0000] {logging_mixin.py:190} INFO - [2025-04-19T10:26:34.967+0000] {dag.py:4180} INFO - Setting next_dagrun for example_subdag_operator.section-1 to None, run_after=None
[2025-04-19T10:26:34.969+0000] {logging_mixin.py:190} INFO - [2025-04-19T10:26:34.968+0000] {dag.py:4180} INFO - Setting next_dagrun for example_subdag_operator.section-2 to None, run_after=None
[2025-04-19T10:26:34.989+0000] {processor.py:208} INFO - Processing /home/airflow/.local/lib/python3.12/site-packages/airflow/example_dags/example_subdag_operator.py took 0.337 seconds
[2025-04-19T10:27:06.483+0000] {processor.py:186} INFO - Started process (PID=1082) to work on /home/airflow/.local/lib/python3.12/site-packages/airflow/example_dags/example_subdag_operator.py
[2025-04-19T10:27:06.487+0000] {processor.py:914} INFO - Processing file /home/airflow/.local/lib/python3.12/site-packages/airflow/example_dags/example_subdag_operator.py for tasks to queue
[2025-04-19T10:27:06.495+0000] {logging_mixin.py:190} INFO - [2025-04-19T10:27:06.494+0000] {dagbag.py:588} INFO - Filling up the DagBag from /home/airflow/.local/lib/python3.12/site-packages/airflow/example_dags/example_subdag_operator.py
[2025-04-19T10:27:06.557+0000] {processor.py:925} INFO - DAG(s) 'example_subdag_operator.section-1', 'example_subdag_operator.section-2', 'example_subdag_operator' retrieved from /home/airflow/.local/lib/python3.12/site-packages/airflow/example_dags/example_subdag_operator.py
[2025-04-19T10:27:06.588+0000] {logging_mixin.py:190} INFO - [2025-04-19T10:27:06.587+0000] {dag.py:3239} INFO - Sync 3 DAGs
[2025-04-19T10:27:06.627+0000] {logging_mixin.py:190} INFO - [2025-04-19T10:27:06.626+0000] {dag.py:4180} INFO - Setting next_dagrun for example_subdag_operator to 2022-01-01 00:00:00+00:00, run_after=2022-01-01 00:00:00+00:00
[2025-04-19T10:27:06.637+0000] {logging_mixin.py:190} INFO - [2025-04-19T10:27:06.636+0000] {dag.py:4180} INFO - Setting next_dagrun for example_subdag_operator.section-1 to None, run_after=None
[2025-04-19T10:27:06.641+0000] {logging_mixin.py:190} INFO - [2025-04-19T10:27:06.640+0000] {dag.py:4180} INFO - Setting next_dagrun for example_subdag_operator.section-2 to None, run_after=None
[2025-04-19T10:27:06.655+0000] {logging_mixin.py:190} INFO - [2025-04-19T10:27:06.655+0000] {dag.py:3239} INFO - Sync 2 DAGs
[2025-04-19T10:27:06.667+0000] {logging_mixin.py:190} INFO - [2025-04-19T10:27:06.666+0000] {dag.py:4180} INFO - Setting next_dagrun for example_subdag_operator.section-1 to None, run_after=None
[2025-04-19T10:27:06.668+0000] {logging_mixin.py:190} INFO - [2025-04-19T10:27:06.668+0000] {dag.py:4180} INFO - Setting next_dagrun for example_subdag_operator.section-2 to None, run_after=None
[2025-04-19T10:27:06.697+0000] {processor.py:208} INFO - Processing /home/airflow/.local/lib/python3.12/site-packages/airflow/example_dags/example_subdag_operator.py took 0.231 seconds
[2025-04-19T10:27:38.541+0000] {processor.py:186} INFO - Started process (PID=1146) to work on /home/airflow/.local/lib/python3.12/site-packages/airflow/example_dags/example_subdag_operator.py
[2025-04-19T10:27:38.545+0000] {processor.py:914} INFO - Processing file /home/airflow/.local/lib/python3.12/site-packages/airflow/example_dags/example_subdag_operator.py for tasks to queue
[2025-04-19T10:27:38.554+0000] {logging_mixin.py:190} INFO - [2025-04-19T10:27:38.552+0000] {dagbag.py:588} INFO - Filling up the DagBag from /home/airflow/.local/lib/python3.12/site-packages/airflow/example_dags/example_subdag_operator.py
[2025-04-19T10:27:38.636+0000] {processor.py:925} INFO - DAG(s) 'example_subdag_operator.section-1', 'example_subdag_operator.section-2', 'example_subdag_operator' retrieved from /home/airflow/.local/lib/python3.12/site-packages/airflow/example_dags/example_subdag_operator.py
[2025-04-19T10:27:38.675+0000] {logging_mixin.py:190} INFO - [2025-04-19T10:27:38.674+0000] {dag.py:3239} INFO - Sync 3 DAGs
[2025-04-19T10:27:38.732+0000] {logging_mixin.py:190} INFO - [2025-04-19T10:27:38.731+0000] {dag.py:4180} INFO - Setting next_dagrun for example_subdag_operator to 2022-01-01 00:00:00+00:00, run_after=2022-01-01 00:00:00+00:00
[2025-04-19T10:27:38.750+0000] {logging_mixin.py:190} INFO - [2025-04-19T10:27:38.749+0000] {dag.py:4180} INFO - Setting next_dagrun for example_subdag_operator.section-1 to None, run_after=None
[2025-04-19T10:27:38.758+0000] {logging_mixin.py:190} INFO - [2025-04-19T10:27:38.757+0000] {dag.py:4180} INFO - Setting next_dagrun for example_subdag_operator.section-2 to None, run_after=None
[2025-04-19T10:27:38.788+0000] {logging_mixin.py:190} INFO - [2025-04-19T10:27:38.788+0000] {dag.py:3239} INFO - Sync 2 DAGs
[2025-04-19T10:27:38.815+0000] {logging_mixin.py:190} INFO - [2025-04-19T10:27:38.814+0000] {dag.py:4180} INFO - Setting next_dagrun for example_subdag_operator.section-1 to None, run_after=None
[2025-04-19T10:27:38.816+0000] {logging_mixin.py:190} INFO - [2025-04-19T10:27:38.816+0000] {dag.py:4180} INFO - Setting next_dagrun for example_subdag_operator.section-2 to None, run_after=None
[2025-04-19T10:27:38.840+0000] {processor.py:208} INFO - Processing /home/airflow/.local/lib/python3.12/site-packages/airflow/example_dags/example_subdag_operator.py took 0.313 seconds
[2025-04-19T10:28:10.304+0000] {processor.py:186} INFO - Started process (PID=1209) to work on /home/airflow/.local/lib/python3.12/site-packages/airflow/example_dags/example_subdag_operator.py
[2025-04-19T10:28:10.306+0000] {processor.py:914} INFO - Processing file /home/airflow/.local/lib/python3.12/site-packages/airflow/example_dags/example_subdag_operator.py for tasks to queue
[2025-04-19T10:28:10.313+0000] {logging_mixin.py:190} INFO - [2025-04-19T10:28:10.313+0000] {dagbag.py:588} INFO - Filling up the DagBag from /home/airflow/.local/lib/python3.12/site-packages/airflow/example_dags/example_subdag_operator.py
[2025-04-19T10:28:10.372+0000] {processor.py:925} INFO - DAG(s) 'example_subdag_operator.section-1', 'example_subdag_operator.section-2', 'example_subdag_operator' retrieved from /home/airflow/.local/lib/python3.12/site-packages/airflow/example_dags/example_subdag_operator.py
[2025-04-19T10:28:10.403+0000] {logging_mixin.py:190} INFO - [2025-04-19T10:28:10.403+0000] {dag.py:3239} INFO - Sync 3 DAGs
[2025-04-19T10:28:10.442+0000] {logging_mixin.py:190} INFO - [2025-04-19T10:28:10.441+0000] {dag.py:4180} INFO - Setting next_dagrun for example_subdag_operator to 2022-01-01 00:00:00+00:00, run_after=2022-01-01 00:00:00+00:00
[2025-04-19T10:28:10.450+0000] {logging_mixin.py:190} INFO - [2025-04-19T10:28:10.450+0000] {dag.py:4180} INFO - Setting next_dagrun for example_subdag_operator.section-1 to None, run_after=None
[2025-04-19T10:28:10.454+0000] {logging_mixin.py:190} INFO - [2025-04-19T10:28:10.454+0000] {dag.py:4180} INFO - Setting next_dagrun for example_subdag_operator.section-2 to None, run_after=None
[2025-04-19T10:28:10.469+0000] {logging_mixin.py:190} INFO - [2025-04-19T10:28:10.468+0000] {dag.py:3239} INFO - Sync 2 DAGs
[2025-04-19T10:28:10.479+0000] {logging_mixin.py:190} INFO - [2025-04-19T10:28:10.479+0000] {dag.py:4180} INFO - Setting next_dagrun for example_subdag_operator.section-1 to None, run_after=None
[2025-04-19T10:28:10.480+0000] {logging_mixin.py:190} INFO - [2025-04-19T10:28:10.480+0000] {dag.py:4180} INFO - Setting next_dagrun for example_subdag_operator.section-2 to None, run_after=None
[2025-04-19T10:28:10.504+0000] {processor.py:208} INFO - Processing /home/airflow/.local/lib/python3.12/site-packages/airflow/example_dags/example_subdag_operator.py took 0.211 seconds
[2025-04-19T10:28:42.461+0000] {processor.py:186} INFO - Started process (PID=1274) to work on /home/airflow/.local/lib/python3.12/site-packages/airflow/example_dags/example_subdag_operator.py
[2025-04-19T10:28:42.464+0000] {processor.py:914} INFO - Processing file /home/airflow/.local/lib/python3.12/site-packages/airflow/example_dags/example_subdag_operator.py for tasks to queue
[2025-04-19T10:28:42.468+0000] {logging_mixin.py:190} INFO - [2025-04-19T10:28:42.468+0000] {dagbag.py:588} INFO - Filling up the DagBag from /home/airflow/.local/lib/python3.12/site-packages/airflow/example_dags/example_subdag_operator.py
[2025-04-19T10:28:42.522+0000] {processor.py:925} INFO - DAG(s) 'example_subdag_operator.section-1', 'example_subdag_operator.section-2', 'example_subdag_operator' retrieved from /home/airflow/.local/lib/python3.12/site-packages/airflow/example_dags/example_subdag_operator.py
[2025-04-19T10:28:42.556+0000] {logging_mixin.py:190} INFO - [2025-04-19T10:28:42.556+0000] {dag.py:3239} INFO - Sync 3 DAGs
[2025-04-19T10:28:42.630+0000] {logging_mixin.py:190} INFO - [2025-04-19T10:28:42.629+0000] {dag.py:4180} INFO - Setting next_dagrun for example_subdag_operator to 2022-01-01 00:00:00+00:00, run_after=2022-01-01 00:00:00+00:00
[2025-04-19T10:28:42.640+0000] {logging_mixin.py:190} INFO - [2025-04-19T10:28:42.639+0000] {dag.py:4180} INFO - Setting next_dagrun for example_subdag_operator.section-1 to None, run_after=None
[2025-04-19T10:28:42.646+0000] {logging_mixin.py:190} INFO - [2025-04-19T10:28:42.645+0000] {dag.py:4180} INFO - Setting next_dagrun for example_subdag_operator.section-2 to None, run_after=None
[2025-04-19T10:28:42.668+0000] {logging_mixin.py:190} INFO - [2025-04-19T10:28:42.668+0000] {dag.py:3239} INFO - Sync 2 DAGs
[2025-04-19T10:28:42.690+0000] {logging_mixin.py:190} INFO - [2025-04-19T10:28:42.689+0000] {dag.py:4180} INFO - Setting next_dagrun for example_subdag_operator.section-1 to None, run_after=None
[2025-04-19T10:28:42.692+0000] {logging_mixin.py:190} INFO - [2025-04-19T10:28:42.691+0000] {dag.py:4180} INFO - Setting next_dagrun for example_subdag_operator.section-2 to None, run_after=None
[2025-04-19T10:28:42.713+0000] {processor.py:208} INFO - Processing /home/airflow/.local/lib/python3.12/site-packages/airflow/example_dags/example_subdag_operator.py took 0.285 seconds
[2025-04-19T10:29:13.548+0000] {processor.py:186} INFO - Started process (PID=1337) to work on /home/airflow/.local/lib/python3.12/site-packages/airflow/example_dags/example_subdag_operator.py
[2025-04-19T10:29:13.550+0000] {processor.py:914} INFO - Processing file /home/airflow/.local/lib/python3.12/site-packages/airflow/example_dags/example_subdag_operator.py for tasks to queue
[2025-04-19T10:29:13.556+0000] {logging_mixin.py:190} INFO - [2025-04-19T10:29:13.555+0000] {dagbag.py:588} INFO - Filling up the DagBag from /home/airflow/.local/lib/python3.12/site-packages/airflow/example_dags/example_subdag_operator.py
[2025-04-19T10:29:13.645+0000] {processor.py:925} INFO - DAG(s) 'example_subdag_operator.section-1', 'example_subdag_operator.section-2', 'example_subdag_operator' retrieved from /home/airflow/.local/lib/python3.12/site-packages/airflow/example_dags/example_subdag_operator.py
[2025-04-19T10:29:13.694+0000] {logging_mixin.py:190} INFO - [2025-04-19T10:29:13.693+0000] {dag.py:3239} INFO - Sync 3 DAGs
[2025-04-19T10:29:13.743+0000] {logging_mixin.py:190} INFO - [2025-04-19T10:29:13.743+0000] {dag.py:4180} INFO - Setting next_dagrun for example_subdag_operator to 2022-01-01 00:00:00+00:00, run_after=2022-01-01 00:00:00+00:00
[2025-04-19T10:29:13.752+0000] {logging_mixin.py:190} INFO - [2025-04-19T10:29:13.752+0000] {dag.py:4180} INFO - Setting next_dagrun for example_subdag_operator.section-1 to None, run_after=None
[2025-04-19T10:29:13.757+0000] {logging_mixin.py:190} INFO - [2025-04-19T10:29:13.757+0000] {dag.py:4180} INFO - Setting next_dagrun for example_subdag_operator.section-2 to None, run_after=None
[2025-04-19T10:29:13.784+0000] {logging_mixin.py:190} INFO - [2025-04-19T10:29:13.783+0000] {dag.py:3239} INFO - Sync 2 DAGs
[2025-04-19T10:29:13.796+0000] {logging_mixin.py:190} INFO - [2025-04-19T10:29:13.796+0000] {dag.py:4180} INFO - Setting next_dagrun for example_subdag_operator.section-1 to None, run_after=None
[2025-04-19T10:29:13.798+0000] {logging_mixin.py:190} INFO - [2025-04-19T10:29:13.797+0000] {dag.py:4180} INFO - Setting next_dagrun for example_subdag_operator.section-2 to None, run_after=None
[2025-04-19T10:29:13.830+0000] {processor.py:208} INFO - Processing /home/airflow/.local/lib/python3.12/site-packages/airflow/example_dags/example_subdag_operator.py took 0.300 seconds
[2025-04-19T10:31:47.461+0000] {processor.py:186} INFO - Started process (PID=121) to work on /home/airflow/.local/lib/python3.12/site-packages/airflow/example_dags/example_subdag_operator.py
[2025-04-19T10:31:47.463+0000] {processor.py:914} INFO - Processing file /home/airflow/.local/lib/python3.12/site-packages/airflow/example_dags/example_subdag_operator.py for tasks to queue
[2025-04-19T10:31:47.468+0000] {logging_mixin.py:190} INFO - [2025-04-19T10:31:47.468+0000] {dagbag.py:588} INFO - Filling up the DagBag from /home/airflow/.local/lib/python3.12/site-packages/airflow/example_dags/example_subdag_operator.py
[2025-04-19T10:31:47.557+0000] {processor.py:925} INFO - DAG(s) 'example_subdag_operator.section-1', 'example_subdag_operator.section-2', 'example_subdag_operator' retrieved from /home/airflow/.local/lib/python3.12/site-packages/airflow/example_dags/example_subdag_operator.py
[2025-04-19T10:31:47.591+0000] {logging_mixin.py:190} INFO - [2025-04-19T10:31:47.590+0000] {dag.py:3239} INFO - Sync 3 DAGs
[2025-04-19T10:31:47.638+0000] {logging_mixin.py:190} INFO - [2025-04-19T10:31:47.637+0000] {dag.py:4180} INFO - Setting next_dagrun for example_subdag_operator to 2022-01-01 00:00:00+00:00, run_after=2022-01-01 00:00:00+00:00
[2025-04-19T10:31:47.647+0000] {logging_mixin.py:190} INFO - [2025-04-19T10:31:47.647+0000] {dag.py:4180} INFO - Setting next_dagrun for example_subdag_operator.section-1 to None, run_after=None
[2025-04-19T10:31:47.651+0000] {logging_mixin.py:190} INFO - [2025-04-19T10:31:47.651+0000] {dag.py:4180} INFO - Setting next_dagrun for example_subdag_operator.section-2 to None, run_after=None
[2025-04-19T10:31:47.668+0000] {logging_mixin.py:190} INFO - [2025-04-19T10:31:47.668+0000] {dag.py:3239} INFO - Sync 2 DAGs
[2025-04-19T10:31:47.681+0000] {logging_mixin.py:190} INFO - [2025-04-19T10:31:47.680+0000] {dag.py:4180} INFO - Setting next_dagrun for example_subdag_operator.section-1 to None, run_after=None
[2025-04-19T10:31:47.683+0000] {logging_mixin.py:190} INFO - [2025-04-19T10:31:47.682+0000] {dag.py:4180} INFO - Setting next_dagrun for example_subdag_operator.section-2 to None, run_after=None
[2025-04-19T10:31:47.708+0000] {processor.py:208} INFO - Processing /home/airflow/.local/lib/python3.12/site-packages/airflow/example_dags/example_subdag_operator.py took 0.258 seconds
[2025-04-19T10:32:19.670+0000] {processor.py:186} INFO - Started process (PID=184) to work on /home/airflow/.local/lib/python3.12/site-packages/airflow/example_dags/example_subdag_operator.py
[2025-04-19T10:32:19.674+0000] {processor.py:914} INFO - Processing file /home/airflow/.local/lib/python3.12/site-packages/airflow/example_dags/example_subdag_operator.py for tasks to queue
[2025-04-19T10:32:19.681+0000] {logging_mixin.py:190} INFO - [2025-04-19T10:32:19.681+0000] {dagbag.py:588} INFO - Filling up the DagBag from /home/airflow/.local/lib/python3.12/site-packages/airflow/example_dags/example_subdag_operator.py
[2025-04-19T10:32:19.779+0000] {processor.py:925} INFO - DAG(s) 'example_subdag_operator.section-1', 'example_subdag_operator.section-2', 'example_subdag_operator' retrieved from /home/airflow/.local/lib/python3.12/site-packages/airflow/example_dags/example_subdag_operator.py
[2025-04-19T10:32:19.859+0000] {logging_mixin.py:190} INFO - [2025-04-19T10:32:19.859+0000] {dag.py:3239} INFO - Sync 3 DAGs
[2025-04-19T10:32:19.921+0000] {logging_mixin.py:190} INFO - [2025-04-19T10:32:19.920+0000] {dag.py:4180} INFO - Setting next_dagrun for example_subdag_operator to 2022-01-01 00:00:00+00:00, run_after=2022-01-01 00:00:00+00:00
[2025-04-19T10:32:19.938+0000] {logging_mixin.py:190} INFO - [2025-04-19T10:32:19.938+0000] {dag.py:4180} INFO - Setting next_dagrun for example_subdag_operator.section-1 to None, run_after=None
[2025-04-19T10:32:19.942+0000] {logging_mixin.py:190} INFO - [2025-04-19T10:32:19.942+0000] {dag.py:4180} INFO - Setting next_dagrun for example_subdag_operator.section-2 to None, run_after=None
[2025-04-19T10:32:19.967+0000] {logging_mixin.py:190} INFO - [2025-04-19T10:32:19.966+0000] {dag.py:3239} INFO - Sync 2 DAGs
[2025-04-19T10:32:19.982+0000] {logging_mixin.py:190} INFO - [2025-04-19T10:32:19.982+0000] {dag.py:4180} INFO - Setting next_dagrun for example_subdag_operator.section-1 to None, run_after=None
[2025-04-19T10:32:19.984+0000] {logging_mixin.py:190} INFO - [2025-04-19T10:32:19.984+0000] {dag.py:4180} INFO - Setting next_dagrun for example_subdag_operator.section-2 to None, run_after=None
[2025-04-19T10:32:20.015+0000] {processor.py:208} INFO - Processing /home/airflow/.local/lib/python3.12/site-packages/airflow/example_dags/example_subdag_operator.py took 0.364 seconds
[2025-04-19T10:32:52.013+0000] {processor.py:186} INFO - Started process (PID=248) to work on /home/airflow/.local/lib/python3.12/site-packages/airflow/example_dags/example_subdag_operator.py
[2025-04-19T10:32:52.018+0000] {processor.py:914} INFO - Processing file /home/airflow/.local/lib/python3.12/site-packages/airflow/example_dags/example_subdag_operator.py for tasks to queue
[2025-04-19T10:32:52.028+0000] {logging_mixin.py:190} INFO - [2025-04-19T10:32:52.026+0000] {dagbag.py:588} INFO - Filling up the DagBag from /home/airflow/.local/lib/python3.12/site-packages/airflow/example_dags/example_subdag_operator.py
[2025-04-19T10:32:52.108+0000] {processor.py:925} INFO - DAG(s) 'example_subdag_operator.section-1', 'example_subdag_operator.section-2', 'example_subdag_operator' retrieved from /home/airflow/.local/lib/python3.12/site-packages/airflow/example_dags/example_subdag_operator.py
[2025-04-19T10:32:52.146+0000] {logging_mixin.py:190} INFO - [2025-04-19T10:32:52.145+0000] {dag.py:3239} INFO - Sync 3 DAGs
[2025-04-19T10:32:52.223+0000] {logging_mixin.py:190} INFO - [2025-04-19T10:32:52.222+0000] {dag.py:4180} INFO - Setting next_dagrun for example_subdag_operator to 2022-01-01 00:00:00+00:00, run_after=2022-01-01 00:00:00+00:00
[2025-04-19T10:32:52.242+0000] {logging_mixin.py:190} INFO - [2025-04-19T10:32:52.241+0000] {dag.py:4180} INFO - Setting next_dagrun for example_subdag_operator.section-1 to None, run_after=None
[2025-04-19T10:32:52.251+0000] {logging_mixin.py:190} INFO - [2025-04-19T10:32:52.250+0000] {dag.py:4180} INFO - Setting next_dagrun for example_subdag_operator.section-2 to None, run_after=None
[2025-04-19T10:32:52.278+0000] {logging_mixin.py:190} INFO - [2025-04-19T10:32:52.278+0000] {dag.py:3239} INFO - Sync 2 DAGs
[2025-04-19T10:32:52.291+0000] {logging_mixin.py:190} INFO - [2025-04-19T10:32:52.291+0000] {dag.py:4180} INFO - Setting next_dagrun for example_subdag_operator.section-1 to None, run_after=None
[2025-04-19T10:32:52.292+0000] {logging_mixin.py:190} INFO - [2025-04-19T10:32:52.292+0000] {dag.py:4180} INFO - Setting next_dagrun for example_subdag_operator.section-2 to None, run_after=None
[2025-04-19T10:32:52.322+0000] {processor.py:208} INFO - Processing /home/airflow/.local/lib/python3.12/site-packages/airflow/example_dags/example_subdag_operator.py took 0.332 seconds
[2025-04-19T10:33:23.353+0000] {processor.py:186} INFO - Started process (PID=311) to work on /home/airflow/.local/lib/python3.12/site-packages/airflow/example_dags/example_subdag_operator.py
[2025-04-19T10:33:23.355+0000] {processor.py:914} INFO - Processing file /home/airflow/.local/lib/python3.12/site-packages/airflow/example_dags/example_subdag_operator.py for tasks to queue
[2025-04-19T10:33:23.362+0000] {logging_mixin.py:190} INFO - [2025-04-19T10:33:23.361+0000] {dagbag.py:588} INFO - Filling up the DagBag from /home/airflow/.local/lib/python3.12/site-packages/airflow/example_dags/example_subdag_operator.py
[2025-04-19T10:33:23.424+0000] {processor.py:925} INFO - DAG(s) 'example_subdag_operator.section-1', 'example_subdag_operator.section-2', 'example_subdag_operator' retrieved from /home/airflow/.local/lib/python3.12/site-packages/airflow/example_dags/example_subdag_operator.py
[2025-04-19T10:33:23.480+0000] {logging_mixin.py:190} INFO - [2025-04-19T10:33:23.479+0000] {dag.py:3239} INFO - Sync 3 DAGs
[2025-04-19T10:33:23.522+0000] {logging_mixin.py:190} INFO - [2025-04-19T10:33:23.522+0000] {dag.py:4180} INFO - Setting next_dagrun for example_subdag_operator to 2022-01-01 00:00:00+00:00, run_after=2022-01-01 00:00:00+00:00
[2025-04-19T10:33:23.532+0000] {logging_mixin.py:190} INFO - [2025-04-19T10:33:23.531+0000] {dag.py:4180} INFO - Setting next_dagrun for example_subdag_operator.section-1 to None, run_after=None
[2025-04-19T10:33:23.535+0000] {logging_mixin.py:190} INFO - [2025-04-19T10:33:23.535+0000] {dag.py:4180} INFO - Setting next_dagrun for example_subdag_operator.section-2 to None, run_after=None
[2025-04-19T10:33:23.549+0000] {logging_mixin.py:190} INFO - [2025-04-19T10:33:23.548+0000] {dag.py:3239} INFO - Sync 2 DAGs
[2025-04-19T10:33:23.562+0000] {logging_mixin.py:190} INFO - [2025-04-19T10:33:23.562+0000] {dag.py:4180} INFO - Setting next_dagrun for example_subdag_operator.section-1 to None, run_after=None
[2025-04-19T10:33:23.564+0000] {logging_mixin.py:190} INFO - [2025-04-19T10:33:23.563+0000] {dag.py:4180} INFO - Setting next_dagrun for example_subdag_operator.section-2 to None, run_after=None
[2025-04-19T10:33:23.591+0000] {processor.py:208} INFO - Processing /home/airflow/.local/lib/python3.12/site-packages/airflow/example_dags/example_subdag_operator.py took 0.251 seconds
[2025-04-19T10:33:56.860+0000] {processor.py:186} INFO - Started process (PID=380) to work on /home/airflow/.local/lib/python3.12/site-packages/airflow/example_dags/example_subdag_operator.py
[2025-04-19T10:33:56.862+0000] {processor.py:914} INFO - Processing file /home/airflow/.local/lib/python3.12/site-packages/airflow/example_dags/example_subdag_operator.py for tasks to queue
[2025-04-19T10:33:56.868+0000] {logging_mixin.py:190} INFO - [2025-04-19T10:33:56.867+0000] {dagbag.py:588} INFO - Filling up the DagBag from /home/airflow/.local/lib/python3.12/site-packages/airflow/example_dags/example_subdag_operator.py
[2025-04-19T10:33:56.920+0000] {processor.py:925} INFO - DAG(s) 'example_subdag_operator.section-1', 'example_subdag_operator.section-2', 'example_subdag_operator' retrieved from /home/airflow/.local/lib/python3.12/site-packages/airflow/example_dags/example_subdag_operator.py
[2025-04-19T10:33:56.961+0000] {logging_mixin.py:190} INFO - [2025-04-19T10:33:56.960+0000] {dag.py:3239} INFO - Sync 3 DAGs
[2025-04-19T10:33:57.031+0000] {logging_mixin.py:190} INFO - [2025-04-19T10:33:57.030+0000] {dag.py:4180} INFO - Setting next_dagrun for example_subdag_operator to 2022-01-01 00:00:00+00:00, run_after=2022-01-01 00:00:00+00:00
[2025-04-19T10:33:57.041+0000] {logging_mixin.py:190} INFO - [2025-04-19T10:33:57.040+0000] {dag.py:4180} INFO - Setting next_dagrun for example_subdag_operator.section-1 to None, run_after=None
[2025-04-19T10:33:57.045+0000] {logging_mixin.py:190} INFO - [2025-04-19T10:33:57.044+0000] {dag.py:4180} INFO - Setting next_dagrun for example_subdag_operator.section-2 to None, run_after=None
[2025-04-19T10:33:57.065+0000] {logging_mixin.py:190} INFO - [2025-04-19T10:33:57.065+0000] {dag.py:3239} INFO - Sync 2 DAGs
[2025-04-19T10:33:57.088+0000] {logging_mixin.py:190} INFO - [2025-04-19T10:33:57.087+0000] {dag.py:4180} INFO - Setting next_dagrun for example_subdag_operator.section-1 to None, run_after=None
[2025-04-19T10:33:57.089+0000] {logging_mixin.py:190} INFO - [2025-04-19T10:33:57.089+0000] {dag.py:4180} INFO - Setting next_dagrun for example_subdag_operator.section-2 to None, run_after=None
[2025-04-19T10:33:57.118+0000] {processor.py:208} INFO - Processing /home/airflow/.local/lib/python3.12/site-packages/airflow/example_dags/example_subdag_operator.py took 0.266 seconds
