[2025-04-19T10:19:02.073+0000] {processor.py:186} INFO - Started process (PID=91) to work on /home/airflow/.local/lib/python3.12/site-packages/airflow/example_dags/example_external_task_marker_dag.py
[2025-04-19T10:19:02.075+0000] {processor.py:914} INFO - Processing file /home/airflow/.local/lib/python3.12/site-packages/airflow/example_dags/example_external_task_marker_dag.py for tasks to queue
[2025-04-19T10:19:02.080+0000] {logging_mixin.py:190} INFO - [2025-04-19T10:19:02.079+0000] {dagbag.py:588} INFO - Filling up the DagBag from /home/airflow/.local/lib/python3.12/site-packages/airflow/example_dags/example_external_task_marker_dag.py
[2025-04-19T10:19:02.101+0000] {processor.py:925} INFO - DAG(s) 'example_external_task_marker_child', 'example_external_task_marker_parent' retrieved from /home/airflow/.local/lib/python3.12/site-packages/airflow/example_dags/example_external_task_marker_dag.py
[2025-04-19T10:19:02.312+0000] {logging_mixin.py:190} INFO - [2025-04-19T10:19:02.310+0000] {override.py:1912} INFO - Created Permission View: can delete on DAG:example_external_task_marker_child
[2025-04-19T10:19:02.335+0000] {logging_mixin.py:190} INFO - [2025-04-19T10:19:02.335+0000] {override.py:1912} INFO - Created Permission View: can read on DAG:example_external_task_marker_child
[2025-04-19T10:19:02.353+0000] {logging_mixin.py:190} INFO - [2025-04-19T10:19:02.353+0000] {override.py:1912} INFO - Created Permission View: can edit on DAG:example_external_task_marker_child
[2025-04-19T10:19:02.373+0000] {logging_mixin.py:190} INFO - [2025-04-19T10:19:02.372+0000] {override.py:1912} INFO - Created Permission View: can delete on DAG Run:example_external_task_marker_child
[2025-04-19T10:19:02.388+0000] {logging_mixin.py:190} INFO - [2025-04-19T10:19:02.388+0000] {override.py:1912} INFO - Created Permission View: can read on DAG Run:example_external_task_marker_child
[2025-04-19T10:19:02.405+0000] {logging_mixin.py:190} INFO - [2025-04-19T10:19:02.404+0000] {override.py:1912} INFO - Created Permission View: menu access on DAG Run:example_external_task_marker_child
[2025-04-19T10:19:02.432+0000] {logging_mixin.py:190} INFO - [2025-04-19T10:19:02.430+0000] {override.py:1912} INFO - Created Permission View: can create on DAG Run:example_external_task_marker_child
[2025-04-19T10:19:02.463+0000] {logging_mixin.py:190} INFO - [2025-04-19T10:19:02.462+0000] {override.py:1912} INFO - Created Permission View: can delete on DAG:example_external_task_marker_parent
[2025-04-19T10:19:02.482+0000] {logging_mixin.py:190} INFO - [2025-04-19T10:19:02.482+0000] {override.py:1912} INFO - Created Permission View: can read on DAG:example_external_task_marker_parent
[2025-04-19T10:19:02.502+0000] {logging_mixin.py:190} INFO - [2025-04-19T10:19:02.501+0000] {override.py:1912} INFO - Created Permission View: can edit on DAG:example_external_task_marker_parent
[2025-04-19T10:19:02.522+0000] {logging_mixin.py:190} INFO - [2025-04-19T10:19:02.522+0000] {override.py:1912} INFO - Created Permission View: can delete on DAG Run:example_external_task_marker_parent
[2025-04-19T10:19:02.537+0000] {logging_mixin.py:190} INFO - [2025-04-19T10:19:02.536+0000] {override.py:1912} INFO - Created Permission View: can read on DAG Run:example_external_task_marker_parent
[2025-04-19T10:19:02.553+0000] {logging_mixin.py:190} INFO - [2025-04-19T10:19:02.553+0000] {override.py:1912} INFO - Created Permission View: menu access on DAG Run:example_external_task_marker_parent
[2025-04-19T10:19:02.569+0000] {logging_mixin.py:190} INFO - [2025-04-19T10:19:02.568+0000] {override.py:1912} INFO - Created Permission View: can create on DAG Run:example_external_task_marker_parent
[2025-04-19T10:19:02.571+0000] {logging_mixin.py:190} INFO - [2025-04-19T10:19:02.571+0000] {dag.py:3239} INFO - Sync 2 DAGs
[2025-04-19T10:19:02.598+0000] {logging_mixin.py:190} INFO - [2025-04-19T10:19:02.598+0000] {dag.py:3262} INFO - Creating ORM DAG for example_external_task_marker_parent
[2025-04-19T10:19:02.602+0000] {logging_mixin.py:190} INFO - [2025-04-19T10:19:02.601+0000] {dag.py:3262} INFO - Creating ORM DAG for example_external_task_marker_child
[2025-04-19T10:19:02.604+0000] {logging_mixin.py:190} INFO - [2025-04-19T10:19:02.604+0000] {dag.py:4180} INFO - Setting next_dagrun for example_external_task_marker_child to None, run_after=None
[2025-04-19T10:19:02.607+0000] {logging_mixin.py:190} INFO - [2025-04-19T10:19:02.606+0000] {dag.py:4180} INFO - Setting next_dagrun for example_external_task_marker_parent to None, run_after=None
[2025-04-19T10:19:02.649+0000] {processor.py:208} INFO - Processing /home/airflow/.local/lib/python3.12/site-packages/airflow/example_dags/example_external_task_marker_dag.py took 0.591 seconds
[2025-04-19T10:19:33.096+0000] {processor.py:186} INFO - Started process (PID=154) to work on /home/airflow/.local/lib/python3.12/site-packages/airflow/example_dags/example_external_task_marker_dag.py
[2025-04-19T10:19:33.099+0000] {processor.py:914} INFO - Processing file /home/airflow/.local/lib/python3.12/site-packages/airflow/example_dags/example_external_task_marker_dag.py for tasks to queue
[2025-04-19T10:19:33.104+0000] {logging_mixin.py:190} INFO - [2025-04-19T10:19:33.103+0000] {dagbag.py:588} INFO - Filling up the DagBag from /home/airflow/.local/lib/python3.12/site-packages/airflow/example_dags/example_external_task_marker_dag.py
[2025-04-19T10:19:33.118+0000] {processor.py:925} INFO - DAG(s) 'example_external_task_marker_child', 'example_external_task_marker_parent' retrieved from /home/airflow/.local/lib/python3.12/site-packages/airflow/example_dags/example_external_task_marker_dag.py
[2025-04-19T10:19:33.178+0000] {logging_mixin.py:190} INFO - [2025-04-19T10:19:33.178+0000] {dag.py:3239} INFO - Sync 2 DAGs
[2025-04-19T10:19:33.215+0000] {logging_mixin.py:190} INFO - [2025-04-19T10:19:33.215+0000] {dag.py:4180} INFO - Setting next_dagrun for example_external_task_marker_child to None, run_after=None
[2025-04-19T10:19:33.229+0000] {logging_mixin.py:190} INFO - [2025-04-19T10:19:33.228+0000] {dag.py:4180} INFO - Setting next_dagrun for example_external_task_marker_parent to None, run_after=None
[2025-04-19T10:19:33.261+0000] {processor.py:208} INFO - Processing /home/airflow/.local/lib/python3.12/site-packages/airflow/example_dags/example_external_task_marker_dag.py took 0.174 seconds
[2025-04-19T10:20:03.726+0000] {processor.py:186} INFO - Started process (PID=216) to work on /home/airflow/.local/lib/python3.12/site-packages/airflow/example_dags/example_external_task_marker_dag.py
[2025-04-19T10:20:03.730+0000] {processor.py:914} INFO - Processing file /home/airflow/.local/lib/python3.12/site-packages/airflow/example_dags/example_external_task_marker_dag.py for tasks to queue
[2025-04-19T10:20:03.739+0000] {logging_mixin.py:190} INFO - [2025-04-19T10:20:03.738+0000] {dagbag.py:588} INFO - Filling up the DagBag from /home/airflow/.local/lib/python3.12/site-packages/airflow/example_dags/example_external_task_marker_dag.py
[2025-04-19T10:20:03.774+0000] {processor.py:925} INFO - DAG(s) 'example_external_task_marker_child', 'example_external_task_marker_parent' retrieved from /home/airflow/.local/lib/python3.12/site-packages/airflow/example_dags/example_external_task_marker_dag.py
[2025-04-19T10:20:03.910+0000] {logging_mixin.py:190} INFO - [2025-04-19T10:20:03.910+0000] {dag.py:3239} INFO - Sync 2 DAGs
[2025-04-19T10:20:03.937+0000] {logging_mixin.py:190} INFO - [2025-04-19T10:20:03.936+0000] {dag.py:4180} INFO - Setting next_dagrun for example_external_task_marker_child to None, run_after=None
[2025-04-19T10:20:03.946+0000] {logging_mixin.py:190} INFO - [2025-04-19T10:20:03.946+0000] {dag.py:4180} INFO - Setting next_dagrun for example_external_task_marker_parent to None, run_after=None
[2025-04-19T10:20:03.981+0000] {processor.py:208} INFO - Processing /home/airflow/.local/lib/python3.12/site-packages/airflow/example_dags/example_external_task_marker_dag.py took 0.274 seconds
[2025-04-19T10:20:34.241+0000] {processor.py:186} INFO - Started process (PID=279) to work on /home/airflow/.local/lib/python3.12/site-packages/airflow/example_dags/example_external_task_marker_dag.py
[2025-04-19T10:20:34.243+0000] {processor.py:914} INFO - Processing file /home/airflow/.local/lib/python3.12/site-packages/airflow/example_dags/example_external_task_marker_dag.py for tasks to queue
[2025-04-19T10:20:34.248+0000] {logging_mixin.py:190} INFO - [2025-04-19T10:20:34.247+0000] {dagbag.py:588} INFO - Filling up the DagBag from /home/airflow/.local/lib/python3.12/site-packages/airflow/example_dags/example_external_task_marker_dag.py
[2025-04-19T10:20:34.269+0000] {processor.py:925} INFO - DAG(s) 'example_external_task_marker_parent', 'example_external_task_marker_child' retrieved from /home/airflow/.local/lib/python3.12/site-packages/airflow/example_dags/example_external_task_marker_dag.py
[2025-04-19T10:20:34.325+0000] {logging_mixin.py:190} INFO - [2025-04-19T10:20:34.325+0000] {dag.py:3239} INFO - Sync 2 DAGs
[2025-04-19T10:20:34.357+0000] {logging_mixin.py:190} INFO - [2025-04-19T10:20:34.357+0000] {dag.py:4180} INFO - Setting next_dagrun for example_external_task_marker_child to None, run_after=None
[2025-04-19T10:20:34.365+0000] {logging_mixin.py:190} INFO - [2025-04-19T10:20:34.364+0000] {dag.py:4180} INFO - Setting next_dagrun for example_external_task_marker_parent to None, run_after=None
[2025-04-19T10:20:34.401+0000] {processor.py:208} INFO - Processing /home/airflow/.local/lib/python3.12/site-packages/airflow/example_dags/example_external_task_marker_dag.py took 0.173 seconds
[2025-04-19T10:21:04.744+0000] {processor.py:186} INFO - Started process (PID=342) to work on /home/airflow/.local/lib/python3.12/site-packages/airflow/example_dags/example_external_task_marker_dag.py
[2025-04-19T10:21:04.748+0000] {processor.py:914} INFO - Processing file /home/airflow/.local/lib/python3.12/site-packages/airflow/example_dags/example_external_task_marker_dag.py for tasks to queue
[2025-04-19T10:21:04.761+0000] {logging_mixin.py:190} INFO - [2025-04-19T10:21:04.760+0000] {dagbag.py:588} INFO - Filling up the DagBag from /home/airflow/.local/lib/python3.12/site-packages/airflow/example_dags/example_external_task_marker_dag.py
[2025-04-19T10:21:04.796+0000] {processor.py:925} INFO - DAG(s) 'example_external_task_marker_child', 'example_external_task_marker_parent' retrieved from /home/airflow/.local/lib/python3.12/site-packages/airflow/example_dags/example_external_task_marker_dag.py
[2025-04-19T10:21:04.862+0000] {logging_mixin.py:190} INFO - [2025-04-19T10:21:04.861+0000] {dag.py:3239} INFO - Sync 2 DAGs
[2025-04-19T10:21:04.900+0000] {logging_mixin.py:190} INFO - [2025-04-19T10:21:04.900+0000] {dag.py:4180} INFO - Setting next_dagrun for example_external_task_marker_child to None, run_after=None
[2025-04-19T10:21:04.910+0000] {logging_mixin.py:190} INFO - [2025-04-19T10:21:04.909+0000] {dag.py:4180} INFO - Setting next_dagrun for example_external_task_marker_parent to None, run_after=None
[2025-04-19T10:21:04.951+0000] {processor.py:208} INFO - Processing /home/airflow/.local/lib/python3.12/site-packages/airflow/example_dags/example_external_task_marker_dag.py took 0.231 seconds
[2025-04-19T10:21:35.220+0000] {processor.py:186} INFO - Started process (PID=405) to work on /home/airflow/.local/lib/python3.12/site-packages/airflow/example_dags/example_external_task_marker_dag.py
[2025-04-19T10:21:35.225+0000] {processor.py:914} INFO - Processing file /home/airflow/.local/lib/python3.12/site-packages/airflow/example_dags/example_external_task_marker_dag.py for tasks to queue
[2025-04-19T10:21:35.235+0000] {logging_mixin.py:190} INFO - [2025-04-19T10:21:35.234+0000] {dagbag.py:588} INFO - Filling up the DagBag from /home/airflow/.local/lib/python3.12/site-packages/airflow/example_dags/example_external_task_marker_dag.py
[2025-04-19T10:21:35.258+0000] {processor.py:925} INFO - DAG(s) 'example_external_task_marker_parent', 'example_external_task_marker_child' retrieved from /home/airflow/.local/lib/python3.12/site-packages/airflow/example_dags/example_external_task_marker_dag.py
[2025-04-19T10:21:35.305+0000] {logging_mixin.py:190} INFO - [2025-04-19T10:21:35.305+0000] {dag.py:3239} INFO - Sync 2 DAGs
[2025-04-19T10:21:35.331+0000] {logging_mixin.py:190} INFO - [2025-04-19T10:21:35.331+0000] {dag.py:4180} INFO - Setting next_dagrun for example_external_task_marker_child to None, run_after=None
[2025-04-19T10:21:35.338+0000] {logging_mixin.py:190} INFO - [2025-04-19T10:21:35.338+0000] {dag.py:4180} INFO - Setting next_dagrun for example_external_task_marker_parent to None, run_after=None
[2025-04-19T10:21:35.378+0000] {processor.py:208} INFO - Processing /home/airflow/.local/lib/python3.12/site-packages/airflow/example_dags/example_external_task_marker_dag.py took 0.177 seconds
[2025-04-19T10:22:05.776+0000] {processor.py:186} INFO - Started process (PID=468) to work on /home/airflow/.local/lib/python3.12/site-packages/airflow/example_dags/example_external_task_marker_dag.py
[2025-04-19T10:22:05.779+0000] {processor.py:914} INFO - Processing file /home/airflow/.local/lib/python3.12/site-packages/airflow/example_dags/example_external_task_marker_dag.py for tasks to queue
[2025-04-19T10:22:05.787+0000] {logging_mixin.py:190} INFO - [2025-04-19T10:22:05.786+0000] {dagbag.py:588} INFO - Filling up the DagBag from /home/airflow/.local/lib/python3.12/site-packages/airflow/example_dags/example_external_task_marker_dag.py
[2025-04-19T10:22:05.812+0000] {processor.py:925} INFO - DAG(s) 'example_external_task_marker_parent', 'example_external_task_marker_child' retrieved from /home/airflow/.local/lib/python3.12/site-packages/airflow/example_dags/example_external_task_marker_dag.py
[2025-04-19T10:22:05.868+0000] {logging_mixin.py:190} INFO - [2025-04-19T10:22:05.868+0000] {dag.py:3239} INFO - Sync 2 DAGs
[2025-04-19T10:22:05.896+0000] {logging_mixin.py:190} INFO - [2025-04-19T10:22:05.895+0000] {dag.py:4180} INFO - Setting next_dagrun for example_external_task_marker_child to None, run_after=None
[2025-04-19T10:22:05.903+0000] {logging_mixin.py:190} INFO - [2025-04-19T10:22:05.903+0000] {dag.py:4180} INFO - Setting next_dagrun for example_external_task_marker_parent to None, run_after=None
[2025-04-19T10:22:05.939+0000] {processor.py:208} INFO - Processing /home/airflow/.local/lib/python3.12/site-packages/airflow/example_dags/example_external_task_marker_dag.py took 0.181 seconds
[2025-04-19T10:22:36.377+0000] {processor.py:186} INFO - Started process (PID=533) to work on /home/airflow/.local/lib/python3.12/site-packages/airflow/example_dags/example_external_task_marker_dag.py
[2025-04-19T10:22:36.381+0000] {processor.py:914} INFO - Processing file /home/airflow/.local/lib/python3.12/site-packages/airflow/example_dags/example_external_task_marker_dag.py for tasks to queue
[2025-04-19T10:22:36.387+0000] {logging_mixin.py:190} INFO - [2025-04-19T10:22:36.386+0000] {dagbag.py:588} INFO - Filling up the DagBag from /home/airflow/.local/lib/python3.12/site-packages/airflow/example_dags/example_external_task_marker_dag.py
[2025-04-19T10:22:36.402+0000] {processor.py:925} INFO - DAG(s) 'example_external_task_marker_child', 'example_external_task_marker_parent' retrieved from /home/airflow/.local/lib/python3.12/site-packages/airflow/example_dags/example_external_task_marker_dag.py
[2025-04-19T10:22:36.444+0000] {logging_mixin.py:190} INFO - [2025-04-19T10:22:36.443+0000] {dag.py:3239} INFO - Sync 2 DAGs
[2025-04-19T10:22:36.469+0000] {logging_mixin.py:190} INFO - [2025-04-19T10:22:36.468+0000] {dag.py:4180} INFO - Setting next_dagrun for example_external_task_marker_child to None, run_after=None
[2025-04-19T10:22:36.480+0000] {logging_mixin.py:190} INFO - [2025-04-19T10:22:36.480+0000] {dag.py:4180} INFO - Setting next_dagrun for example_external_task_marker_parent to None, run_after=None
[2025-04-19T10:22:36.523+0000] {processor.py:208} INFO - Processing /home/airflow/.local/lib/python3.12/site-packages/airflow/example_dags/example_external_task_marker_dag.py took 0.163 seconds
[2025-04-19T10:23:07.063+0000] {processor.py:186} INFO - Started process (PID=595) to work on /home/airflow/.local/lib/python3.12/site-packages/airflow/example_dags/example_external_task_marker_dag.py
[2025-04-19T10:23:07.066+0000] {processor.py:914} INFO - Processing file /home/airflow/.local/lib/python3.12/site-packages/airflow/example_dags/example_external_task_marker_dag.py for tasks to queue
[2025-04-19T10:23:07.072+0000] {logging_mixin.py:190} INFO - [2025-04-19T10:23:07.071+0000] {dagbag.py:588} INFO - Filling up the DagBag from /home/airflow/.local/lib/python3.12/site-packages/airflow/example_dags/example_external_task_marker_dag.py
[2025-04-19T10:23:07.091+0000] {processor.py:925} INFO - DAG(s) 'example_external_task_marker_parent', 'example_external_task_marker_child' retrieved from /home/airflow/.local/lib/python3.12/site-packages/airflow/example_dags/example_external_task_marker_dag.py
[2025-04-19T10:23:07.147+0000] {logging_mixin.py:190} INFO - [2025-04-19T10:23:07.146+0000] {dag.py:3239} INFO - Sync 2 DAGs
[2025-04-19T10:23:07.180+0000] {logging_mixin.py:190} INFO - [2025-04-19T10:23:07.179+0000] {dag.py:4180} INFO - Setting next_dagrun for example_external_task_marker_child to None, run_after=None
[2025-04-19T10:23:07.191+0000] {logging_mixin.py:190} INFO - [2025-04-19T10:23:07.191+0000] {dag.py:4180} INFO - Setting next_dagrun for example_external_task_marker_parent to None, run_after=None
[2025-04-19T10:23:07.247+0000] {processor.py:208} INFO - Processing /home/airflow/.local/lib/python3.12/site-packages/airflow/example_dags/example_external_task_marker_dag.py took 0.198 seconds
[2025-04-19T10:23:37.589+0000] {processor.py:186} INFO - Started process (PID=658) to work on /home/airflow/.local/lib/python3.12/site-packages/airflow/example_dags/example_external_task_marker_dag.py
[2025-04-19T10:23:37.592+0000] {processor.py:914} INFO - Processing file /home/airflow/.local/lib/python3.12/site-packages/airflow/example_dags/example_external_task_marker_dag.py for tasks to queue
[2025-04-19T10:23:37.597+0000] {logging_mixin.py:190} INFO - [2025-04-19T10:23:37.596+0000] {dagbag.py:588} INFO - Filling up the DagBag from /home/airflow/.local/lib/python3.12/site-packages/airflow/example_dags/example_external_task_marker_dag.py
[2025-04-19T10:23:37.611+0000] {processor.py:925} INFO - DAG(s) 'example_external_task_marker_child', 'example_external_task_marker_parent' retrieved from /home/airflow/.local/lib/python3.12/site-packages/airflow/example_dags/example_external_task_marker_dag.py
[2025-04-19T10:23:37.658+0000] {logging_mixin.py:190} INFO - [2025-04-19T10:23:37.657+0000] {dag.py:3239} INFO - Sync 2 DAGs
[2025-04-19T10:23:37.726+0000] {logging_mixin.py:190} INFO - [2025-04-19T10:23:37.725+0000] {dag.py:4180} INFO - Setting next_dagrun for example_external_task_marker_child to None, run_after=None
[2025-04-19T10:23:37.740+0000] {logging_mixin.py:190} INFO - [2025-04-19T10:23:37.739+0000] {dag.py:4180} INFO - Setting next_dagrun for example_external_task_marker_parent to None, run_after=None
[2025-04-19T10:23:37.774+0000] {processor.py:208} INFO - Processing /home/airflow/.local/lib/python3.12/site-packages/airflow/example_dags/example_external_task_marker_dag.py took 0.194 seconds
[2025-04-19T10:24:08.117+0000] {processor.py:186} INFO - Started process (PID=722) to work on /home/airflow/.local/lib/python3.12/site-packages/airflow/example_dags/example_external_task_marker_dag.py
[2025-04-19T10:24:08.123+0000] {processor.py:914} INFO - Processing file /home/airflow/.local/lib/python3.12/site-packages/airflow/example_dags/example_external_task_marker_dag.py for tasks to queue
[2025-04-19T10:24:08.133+0000] {logging_mixin.py:190} INFO - [2025-04-19T10:24:08.132+0000] {dagbag.py:588} INFO - Filling up the DagBag from /home/airflow/.local/lib/python3.12/site-packages/airflow/example_dags/example_external_task_marker_dag.py
[2025-04-19T10:24:08.189+0000] {processor.py:925} INFO - DAG(s) 'example_external_task_marker_child', 'example_external_task_marker_parent' retrieved from /home/airflow/.local/lib/python3.12/site-packages/airflow/example_dags/example_external_task_marker_dag.py
[2025-04-19T10:24:08.248+0000] {logging_mixin.py:190} INFO - [2025-04-19T10:24:08.247+0000] {dag.py:3239} INFO - Sync 2 DAGs
[2025-04-19T10:24:08.283+0000] {logging_mixin.py:190} INFO - [2025-04-19T10:24:08.282+0000] {dag.py:4180} INFO - Setting next_dagrun for example_external_task_marker_child to None, run_after=None
[2025-04-19T10:24:08.290+0000] {logging_mixin.py:190} INFO - [2025-04-19T10:24:08.290+0000] {dag.py:4180} INFO - Setting next_dagrun for example_external_task_marker_parent to None, run_after=None
[2025-04-19T10:24:08.336+0000] {processor.py:208} INFO - Processing /home/airflow/.local/lib/python3.12/site-packages/airflow/example_dags/example_external_task_marker_dag.py took 0.241 seconds
[2025-04-19T10:24:38.601+0000] {processor.py:186} INFO - Started process (PID=783) to work on /home/airflow/.local/lib/python3.12/site-packages/airflow/example_dags/example_external_task_marker_dag.py
[2025-04-19T10:24:38.605+0000] {processor.py:914} INFO - Processing file /home/airflow/.local/lib/python3.12/site-packages/airflow/example_dags/example_external_task_marker_dag.py for tasks to queue
[2025-04-19T10:24:38.613+0000] {logging_mixin.py:190} INFO - [2025-04-19T10:24:38.611+0000] {dagbag.py:588} INFO - Filling up the DagBag from /home/airflow/.local/lib/python3.12/site-packages/airflow/example_dags/example_external_task_marker_dag.py
[2025-04-19T10:24:38.635+0000] {processor.py:925} INFO - DAG(s) 'example_external_task_marker_child', 'example_external_task_marker_parent' retrieved from /home/airflow/.local/lib/python3.12/site-packages/airflow/example_dags/example_external_task_marker_dag.py
[2025-04-19T10:24:38.692+0000] {logging_mixin.py:190} INFO - [2025-04-19T10:24:38.691+0000] {dag.py:3239} INFO - Sync 2 DAGs
[2025-04-19T10:24:38.732+0000] {logging_mixin.py:190} INFO - [2025-04-19T10:24:38.731+0000] {dag.py:4180} INFO - Setting next_dagrun for example_external_task_marker_child to None, run_after=None
[2025-04-19T10:24:38.750+0000] {logging_mixin.py:190} INFO - [2025-04-19T10:24:38.750+0000] {dag.py:4180} INFO - Setting next_dagrun for example_external_task_marker_parent to None, run_after=None
[2025-04-19T10:24:38.851+0000] {processor.py:208} INFO - Processing /home/airflow/.local/lib/python3.12/site-packages/airflow/example_dags/example_external_task_marker_dag.py took 0.262 seconds
[2025-04-19T10:25:09.063+0000] {processor.py:186} INFO - Started process (PID=852) to work on /home/airflow/.local/lib/python3.12/site-packages/airflow/example_dags/example_external_task_marker_dag.py
[2025-04-19T10:25:09.074+0000] {processor.py:914} INFO - Processing file /home/airflow/.local/lib/python3.12/site-packages/airflow/example_dags/example_external_task_marker_dag.py for tasks to queue
[2025-04-19T10:25:09.082+0000] {logging_mixin.py:190} INFO - [2025-04-19T10:25:09.082+0000] {dagbag.py:588} INFO - Filling up the DagBag from /home/airflow/.local/lib/python3.12/site-packages/airflow/example_dags/example_external_task_marker_dag.py
[2025-04-19T10:25:09.105+0000] {processor.py:925} INFO - DAG(s) 'example_external_task_marker_parent', 'example_external_task_marker_child' retrieved from /home/airflow/.local/lib/python3.12/site-packages/airflow/example_dags/example_external_task_marker_dag.py
[2025-04-19T10:25:09.156+0000] {logging_mixin.py:190} INFO - [2025-04-19T10:25:09.156+0000] {dag.py:3239} INFO - Sync 2 DAGs
[2025-04-19T10:25:09.186+0000] {logging_mixin.py:190} INFO - [2025-04-19T10:25:09.185+0000] {dag.py:4180} INFO - Setting next_dagrun for example_external_task_marker_child to None, run_after=None
[2025-04-19T10:25:09.194+0000] {logging_mixin.py:190} INFO - [2025-04-19T10:25:09.194+0000] {dag.py:4180} INFO - Setting next_dagrun for example_external_task_marker_parent to None, run_after=None
[2025-04-19T10:25:09.237+0000] {processor.py:208} INFO - Processing /home/airflow/.local/lib/python3.12/site-packages/airflow/example_dags/example_external_task_marker_dag.py took 0.185 seconds
[2025-04-19T10:25:40.063+0000] {processor.py:186} INFO - Started process (PID=916) to work on /home/airflow/.local/lib/python3.12/site-packages/airflow/example_dags/example_external_task_marker_dag.py
[2025-04-19T10:25:40.066+0000] {processor.py:914} INFO - Processing file /home/airflow/.local/lib/python3.12/site-packages/airflow/example_dags/example_external_task_marker_dag.py for tasks to queue
[2025-04-19T10:25:40.072+0000] {logging_mixin.py:190} INFO - [2025-04-19T10:25:40.071+0000] {dagbag.py:588} INFO - Filling up the DagBag from /home/airflow/.local/lib/python3.12/site-packages/airflow/example_dags/example_external_task_marker_dag.py
[2025-04-19T10:25:40.092+0000] {processor.py:925} INFO - DAG(s) 'example_external_task_marker_child', 'example_external_task_marker_parent' retrieved from /home/airflow/.local/lib/python3.12/site-packages/airflow/example_dags/example_external_task_marker_dag.py
[2025-04-19T10:25:40.151+0000] {logging_mixin.py:190} INFO - [2025-04-19T10:25:40.150+0000] {dag.py:3239} INFO - Sync 2 DAGs
[2025-04-19T10:25:40.192+0000] {logging_mixin.py:190} INFO - [2025-04-19T10:25:40.191+0000] {dag.py:4180} INFO - Setting next_dagrun for example_external_task_marker_child to None, run_after=None
[2025-04-19T10:25:40.201+0000] {logging_mixin.py:190} INFO - [2025-04-19T10:25:40.200+0000] {dag.py:4180} INFO - Setting next_dagrun for example_external_task_marker_parent to None, run_after=None
[2025-04-19T10:25:40.237+0000] {processor.py:208} INFO - Processing /home/airflow/.local/lib/python3.12/site-packages/airflow/example_dags/example_external_task_marker_dag.py took 0.184 seconds
[2025-04-19T10:26:10.748+0000] {processor.py:186} INFO - Started process (PID=979) to work on /home/airflow/.local/lib/python3.12/site-packages/airflow/example_dags/example_external_task_marker_dag.py
[2025-04-19T10:26:10.752+0000] {processor.py:914} INFO - Processing file /home/airflow/.local/lib/python3.12/site-packages/airflow/example_dags/example_external_task_marker_dag.py for tasks to queue
[2025-04-19T10:26:10.762+0000] {logging_mixin.py:190} INFO - [2025-04-19T10:26:10.760+0000] {dagbag.py:588} INFO - Filling up the DagBag from /home/airflow/.local/lib/python3.12/site-packages/airflow/example_dags/example_external_task_marker_dag.py
[2025-04-19T10:26:10.802+0000] {processor.py:925} INFO - DAG(s) 'example_external_task_marker_parent', 'example_external_task_marker_child' retrieved from /home/airflow/.local/lib/python3.12/site-packages/airflow/example_dags/example_external_task_marker_dag.py
[2025-04-19T10:26:10.863+0000] {logging_mixin.py:190} INFO - [2025-04-19T10:26:10.862+0000] {dag.py:3239} INFO - Sync 2 DAGs
[2025-04-19T10:26:10.893+0000] {logging_mixin.py:190} INFO - [2025-04-19T10:26:10.892+0000] {dag.py:4180} INFO - Setting next_dagrun for example_external_task_marker_child to None, run_after=None
[2025-04-19T10:26:10.905+0000] {logging_mixin.py:190} INFO - [2025-04-19T10:26:10.904+0000] {dag.py:4180} INFO - Setting next_dagrun for example_external_task_marker_parent to None, run_after=None
[2025-04-19T10:26:10.947+0000] {processor.py:208} INFO - Processing /home/airflow/.local/lib/python3.12/site-packages/airflow/example_dags/example_external_task_marker_dag.py took 0.224 seconds
[2025-04-19T10:26:41.979+0000] {processor.py:186} INFO - Started process (PID=1041) to work on /home/airflow/.local/lib/python3.12/site-packages/airflow/example_dags/example_external_task_marker_dag.py
[2025-04-19T10:26:41.982+0000] {processor.py:914} INFO - Processing file /home/airflow/.local/lib/python3.12/site-packages/airflow/example_dags/example_external_task_marker_dag.py for tasks to queue
[2025-04-19T10:26:41.990+0000] {logging_mixin.py:190} INFO - [2025-04-19T10:26:41.990+0000] {dagbag.py:588} INFO - Filling up the DagBag from /home/airflow/.local/lib/python3.12/site-packages/airflow/example_dags/example_external_task_marker_dag.py
[2025-04-19T10:26:42.003+0000] {processor.py:925} INFO - DAG(s) 'example_external_task_marker_child', 'example_external_task_marker_parent' retrieved from /home/airflow/.local/lib/python3.12/site-packages/airflow/example_dags/example_external_task_marker_dag.py
[2025-04-19T10:26:42.090+0000] {logging_mixin.py:190} INFO - [2025-04-19T10:26:42.089+0000] {dag.py:3239} INFO - Sync 2 DAGs
[2025-04-19T10:26:42.157+0000] {logging_mixin.py:190} INFO - [2025-04-19T10:26:42.156+0000] {dag.py:4180} INFO - Setting next_dagrun for example_external_task_marker_child to None, run_after=None
[2025-04-19T10:26:42.165+0000] {logging_mixin.py:190} INFO - [2025-04-19T10:26:42.164+0000] {dag.py:4180} INFO - Setting next_dagrun for example_external_task_marker_parent to None, run_after=None
[2025-04-19T10:26:42.207+0000] {processor.py:208} INFO - Processing /home/airflow/.local/lib/python3.12/site-packages/airflow/example_dags/example_external_task_marker_dag.py took 0.245 seconds
[2025-04-19T10:27:12.727+0000] {processor.py:186} INFO - Started process (PID=1105) to work on /home/airflow/.local/lib/python3.12/site-packages/airflow/example_dags/example_external_task_marker_dag.py
[2025-04-19T10:27:12.731+0000] {processor.py:914} INFO - Processing file /home/airflow/.local/lib/python3.12/site-packages/airflow/example_dags/example_external_task_marker_dag.py for tasks to queue
[2025-04-19T10:27:12.736+0000] {logging_mixin.py:190} INFO - [2025-04-19T10:27:12.736+0000] {dagbag.py:588} INFO - Filling up the DagBag from /home/airflow/.local/lib/python3.12/site-packages/airflow/example_dags/example_external_task_marker_dag.py
[2025-04-19T10:27:12.753+0000] {processor.py:925} INFO - DAG(s) 'example_external_task_marker_parent', 'example_external_task_marker_child' retrieved from /home/airflow/.local/lib/python3.12/site-packages/airflow/example_dags/example_external_task_marker_dag.py
[2025-04-19T10:27:12.825+0000] {logging_mixin.py:190} INFO - [2025-04-19T10:27:12.825+0000] {dag.py:3239} INFO - Sync 2 DAGs
[2025-04-19T10:27:12.856+0000] {logging_mixin.py:190} INFO - [2025-04-19T10:27:12.856+0000] {dag.py:4180} INFO - Setting next_dagrun for example_external_task_marker_child to None, run_after=None
[2025-04-19T10:27:12.869+0000] {logging_mixin.py:190} INFO - [2025-04-19T10:27:12.868+0000] {dag.py:4180} INFO - Setting next_dagrun for example_external_task_marker_parent to None, run_after=None
[2025-04-19T10:27:12.917+0000] {processor.py:208} INFO - Processing /home/airflow/.local/lib/python3.12/site-packages/airflow/example_dags/example_external_task_marker_dag.py took 0.207 seconds
[2025-04-19T10:27:43.627+0000] {processor.py:186} INFO - Started process (PID=1168) to work on /home/airflow/.local/lib/python3.12/site-packages/airflow/example_dags/example_external_task_marker_dag.py
[2025-04-19T10:27:43.629+0000] {processor.py:914} INFO - Processing file /home/airflow/.local/lib/python3.12/site-packages/airflow/example_dags/example_external_task_marker_dag.py for tasks to queue
[2025-04-19T10:27:43.637+0000] {logging_mixin.py:190} INFO - [2025-04-19T10:27:43.636+0000] {dagbag.py:588} INFO - Filling up the DagBag from /home/airflow/.local/lib/python3.12/site-packages/airflow/example_dags/example_external_task_marker_dag.py
[2025-04-19T10:27:43.654+0000] {processor.py:925} INFO - DAG(s) 'example_external_task_marker_child', 'example_external_task_marker_parent' retrieved from /home/airflow/.local/lib/python3.12/site-packages/airflow/example_dags/example_external_task_marker_dag.py
[2025-04-19T10:27:43.703+0000] {logging_mixin.py:190} INFO - [2025-04-19T10:27:43.702+0000] {dag.py:3239} INFO - Sync 2 DAGs
[2025-04-19T10:27:43.735+0000] {logging_mixin.py:190} INFO - [2025-04-19T10:27:43.734+0000] {dag.py:4180} INFO - Setting next_dagrun for example_external_task_marker_child to None, run_after=None
[2025-04-19T10:27:43.742+0000] {logging_mixin.py:190} INFO - [2025-04-19T10:27:43.742+0000] {dag.py:4180} INFO - Setting next_dagrun for example_external_task_marker_parent to None, run_after=None
[2025-04-19T10:27:43.779+0000] {processor.py:208} INFO - Processing /home/airflow/.local/lib/python3.12/site-packages/airflow/example_dags/example_external_task_marker_dag.py took 0.166 seconds
[2025-04-19T10:28:13.973+0000] {processor.py:186} INFO - Started process (PID=1230) to work on /home/airflow/.local/lib/python3.12/site-packages/airflow/example_dags/example_external_task_marker_dag.py
[2025-04-19T10:28:13.976+0000] {processor.py:914} INFO - Processing file /home/airflow/.local/lib/python3.12/site-packages/airflow/example_dags/example_external_task_marker_dag.py for tasks to queue
[2025-04-19T10:28:13.985+0000] {logging_mixin.py:190} INFO - [2025-04-19T10:28:13.984+0000] {dagbag.py:588} INFO - Filling up the DagBag from /home/airflow/.local/lib/python3.12/site-packages/airflow/example_dags/example_external_task_marker_dag.py
[2025-04-19T10:28:14.008+0000] {processor.py:925} INFO - DAG(s) 'example_external_task_marker_child', 'example_external_task_marker_parent' retrieved from /home/airflow/.local/lib/python3.12/site-packages/airflow/example_dags/example_external_task_marker_dag.py
[2025-04-19T10:28:14.064+0000] {logging_mixin.py:190} INFO - [2025-04-19T10:28:14.064+0000] {dag.py:3239} INFO - Sync 2 DAGs
[2025-04-19T10:28:14.088+0000] {logging_mixin.py:190} INFO - [2025-04-19T10:28:14.088+0000] {dag.py:4180} INFO - Setting next_dagrun for example_external_task_marker_child to None, run_after=None
[2025-04-19T10:28:14.097+0000] {logging_mixin.py:190} INFO - [2025-04-19T10:28:14.096+0000] {dag.py:4180} INFO - Setting next_dagrun for example_external_task_marker_parent to None, run_after=None
[2025-04-19T10:28:14.141+0000] {processor.py:208} INFO - Processing /home/airflow/.local/lib/python3.12/site-packages/airflow/example_dags/example_external_task_marker_dag.py took 0.187 seconds
[2025-04-19T10:28:44.943+0000] {processor.py:186} INFO - Started process (PID=1292) to work on /home/airflow/.local/lib/python3.12/site-packages/airflow/example_dags/example_external_task_marker_dag.py
[2025-04-19T10:28:44.945+0000] {processor.py:914} INFO - Processing file /home/airflow/.local/lib/python3.12/site-packages/airflow/example_dags/example_external_task_marker_dag.py for tasks to queue
[2025-04-19T10:28:44.949+0000] {logging_mixin.py:190} INFO - [2025-04-19T10:28:44.949+0000] {dagbag.py:588} INFO - Filling up the DagBag from /home/airflow/.local/lib/python3.12/site-packages/airflow/example_dags/example_external_task_marker_dag.py
[2025-04-19T10:28:44.963+0000] {processor.py:925} INFO - DAG(s) 'example_external_task_marker_parent', 'example_external_task_marker_child' retrieved from /home/airflow/.local/lib/python3.12/site-packages/airflow/example_dags/example_external_task_marker_dag.py
[2025-04-19T10:28:45.030+0000] {logging_mixin.py:190} INFO - [2025-04-19T10:28:45.029+0000] {dag.py:3239} INFO - Sync 2 DAGs
[2025-04-19T10:28:45.079+0000] {logging_mixin.py:190} INFO - [2025-04-19T10:28:45.078+0000] {dag.py:4180} INFO - Setting next_dagrun for example_external_task_marker_child to None, run_after=None
[2025-04-19T10:28:45.091+0000] {logging_mixin.py:190} INFO - [2025-04-19T10:28:45.091+0000] {dag.py:4180} INFO - Setting next_dagrun for example_external_task_marker_parent to None, run_after=None
[2025-04-19T10:28:45.163+0000] {processor.py:208} INFO - Processing /home/airflow/.local/lib/python3.12/site-packages/airflow/example_dags/example_external_task_marker_dag.py took 0.230 seconds
[2025-04-19T10:29:16.529+0000] {processor.py:186} INFO - Started process (PID=1355) to work on /home/airflow/.local/lib/python3.12/site-packages/airflow/example_dags/example_external_task_marker_dag.py
[2025-04-19T10:29:16.532+0000] {processor.py:914} INFO - Processing file /home/airflow/.local/lib/python3.12/site-packages/airflow/example_dags/example_external_task_marker_dag.py for tasks to queue
[2025-04-19T10:29:16.538+0000] {logging_mixin.py:190} INFO - [2025-04-19T10:29:16.538+0000] {dagbag.py:588} INFO - Filling up the DagBag from /home/airflow/.local/lib/python3.12/site-packages/airflow/example_dags/example_external_task_marker_dag.py
[2025-04-19T10:29:16.557+0000] {processor.py:925} INFO - DAG(s) 'example_external_task_marker_child', 'example_external_task_marker_parent' retrieved from /home/airflow/.local/lib/python3.12/site-packages/airflow/example_dags/example_external_task_marker_dag.py
[2025-04-19T10:29:16.596+0000] {logging_mixin.py:190} INFO - [2025-04-19T10:29:16.596+0000] {dag.py:3239} INFO - Sync 2 DAGs
[2025-04-19T10:29:16.619+0000] {logging_mixin.py:190} INFO - [2025-04-19T10:29:16.618+0000] {dag.py:4180} INFO - Setting next_dagrun for example_external_task_marker_child to None, run_after=None
[2025-04-19T10:29:16.626+0000] {logging_mixin.py:190} INFO - [2025-04-19T10:29:16.625+0000] {dag.py:4180} INFO - Setting next_dagrun for example_external_task_marker_parent to None, run_after=None
[2025-04-19T10:29:16.655+0000] {processor.py:208} INFO - Processing /home/airflow/.local/lib/python3.12/site-packages/airflow/example_dags/example_external_task_marker_dag.py took 0.140 seconds
[2025-04-19T10:31:40.060+0000] {processor.py:186} INFO - Started process (PID=90) to work on /home/airflow/.local/lib/python3.12/site-packages/airflow/example_dags/example_external_task_marker_dag.py
[2025-04-19T10:31:40.063+0000] {processor.py:914} INFO - Processing file /home/airflow/.local/lib/python3.12/site-packages/airflow/example_dags/example_external_task_marker_dag.py for tasks to queue
[2025-04-19T10:31:40.070+0000] {logging_mixin.py:190} INFO - [2025-04-19T10:31:40.069+0000] {dagbag.py:588} INFO - Filling up the DagBag from /home/airflow/.local/lib/python3.12/site-packages/airflow/example_dags/example_external_task_marker_dag.py
[2025-04-19T10:31:40.091+0000] {processor.py:925} INFO - DAG(s) 'example_external_task_marker_child', 'example_external_task_marker_parent' retrieved from /home/airflow/.local/lib/python3.12/site-packages/airflow/example_dags/example_external_task_marker_dag.py
[2025-04-19T10:31:40.147+0000] {logging_mixin.py:190} INFO - [2025-04-19T10:31:40.146+0000] {dag.py:3239} INFO - Sync 2 DAGs
[2025-04-19T10:31:40.179+0000] {logging_mixin.py:190} INFO - [2025-04-19T10:31:40.179+0000] {dag.py:4180} INFO - Setting next_dagrun for example_external_task_marker_child to None, run_after=None
[2025-04-19T10:31:40.188+0000] {logging_mixin.py:190} INFO - [2025-04-19T10:31:40.188+0000] {dag.py:4180} INFO - Setting next_dagrun for example_external_task_marker_parent to None, run_after=None
[2025-04-19T10:31:40.241+0000] {processor.py:208} INFO - Processing /home/airflow/.local/lib/python3.12/site-packages/airflow/example_dags/example_external_task_marker_dag.py took 0.196 seconds
[2025-04-19T10:32:10.775+0000] {processor.py:186} INFO - Started process (PID=152) to work on /home/airflow/.local/lib/python3.12/site-packages/airflow/example_dags/example_external_task_marker_dag.py
[2025-04-19T10:32:10.777+0000] {processor.py:914} INFO - Processing file /home/airflow/.local/lib/python3.12/site-packages/airflow/example_dags/example_external_task_marker_dag.py for tasks to queue
[2025-04-19T10:32:10.781+0000] {logging_mixin.py:190} INFO - [2025-04-19T10:32:10.781+0000] {dagbag.py:588} INFO - Filling up the DagBag from /home/airflow/.local/lib/python3.12/site-packages/airflow/example_dags/example_external_task_marker_dag.py
[2025-04-19T10:32:10.794+0000] {processor.py:925} INFO - DAG(s) 'example_external_task_marker_parent', 'example_external_task_marker_child' retrieved from /home/airflow/.local/lib/python3.12/site-packages/airflow/example_dags/example_external_task_marker_dag.py
[2025-04-19T10:32:10.833+0000] {logging_mixin.py:190} INFO - [2025-04-19T10:32:10.833+0000] {dag.py:3239} INFO - Sync 2 DAGs
[2025-04-19T10:32:10.857+0000] {logging_mixin.py:190} INFO - [2025-04-19T10:32:10.857+0000] {dag.py:4180} INFO - Setting next_dagrun for example_external_task_marker_child to None, run_after=None
[2025-04-19T10:32:10.864+0000] {logging_mixin.py:190} INFO - [2025-04-19T10:32:10.864+0000] {dag.py:4180} INFO - Setting next_dagrun for example_external_task_marker_parent to None, run_after=None
[2025-04-19T10:32:10.898+0000] {processor.py:208} INFO - Processing /home/airflow/.local/lib/python3.12/site-packages/airflow/example_dags/example_external_task_marker_dag.py took 0.131 seconds
[2025-04-19T10:32:41.978+0000] {processor.py:186} INFO - Started process (PID=216) to work on /home/airflow/.local/lib/python3.12/site-packages/airflow/example_dags/example_external_task_marker_dag.py
[2025-04-19T10:32:41.980+0000] {processor.py:914} INFO - Processing file /home/airflow/.local/lib/python3.12/site-packages/airflow/example_dags/example_external_task_marker_dag.py for tasks to queue
[2025-04-19T10:32:41.985+0000] {logging_mixin.py:190} INFO - [2025-04-19T10:32:41.984+0000] {dagbag.py:588} INFO - Filling up the DagBag from /home/airflow/.local/lib/python3.12/site-packages/airflow/example_dags/example_external_task_marker_dag.py
[2025-04-19T10:32:42.000+0000] {processor.py:925} INFO - DAG(s) 'example_external_task_marker_parent', 'example_external_task_marker_child' retrieved from /home/airflow/.local/lib/python3.12/site-packages/airflow/example_dags/example_external_task_marker_dag.py
[2025-04-19T10:32:42.041+0000] {logging_mixin.py:190} INFO - [2025-04-19T10:32:42.041+0000] {dag.py:3239} INFO - Sync 2 DAGs
[2025-04-19T10:32:42.064+0000] {logging_mixin.py:190} INFO - [2025-04-19T10:32:42.064+0000] {dag.py:4180} INFO - Setting next_dagrun for example_external_task_marker_child to None, run_after=None
[2025-04-19T10:32:42.071+0000] {logging_mixin.py:190} INFO - [2025-04-19T10:32:42.071+0000] {dag.py:4180} INFO - Setting next_dagrun for example_external_task_marker_parent to None, run_after=None
[2025-04-19T10:32:42.113+0000] {processor.py:208} INFO - Processing /home/airflow/.local/lib/python3.12/site-packages/airflow/example_dags/example_external_task_marker_dag.py took 0.144 seconds
[2025-04-19T10:33:12.422+0000] {processor.py:186} INFO - Started process (PID=279) to work on /home/airflow/.local/lib/python3.12/site-packages/airflow/example_dags/example_external_task_marker_dag.py
[2025-04-19T10:33:12.425+0000] {processor.py:914} INFO - Processing file /home/airflow/.local/lib/python3.12/site-packages/airflow/example_dags/example_external_task_marker_dag.py for tasks to queue
[2025-04-19T10:33:12.429+0000] {logging_mixin.py:190} INFO - [2025-04-19T10:33:12.429+0000] {dagbag.py:588} INFO - Filling up the DagBag from /home/airflow/.local/lib/python3.12/site-packages/airflow/example_dags/example_external_task_marker_dag.py
[2025-04-19T10:33:12.443+0000] {processor.py:925} INFO - DAG(s) 'example_external_task_marker_parent', 'example_external_task_marker_child' retrieved from /home/airflow/.local/lib/python3.12/site-packages/airflow/example_dags/example_external_task_marker_dag.py
[2025-04-19T10:33:12.486+0000] {logging_mixin.py:190} INFO - [2025-04-19T10:33:12.485+0000] {dag.py:3239} INFO - Sync 2 DAGs
[2025-04-19T10:33:12.513+0000] {logging_mixin.py:190} INFO - [2025-04-19T10:33:12.512+0000] {dag.py:4180} INFO - Setting next_dagrun for example_external_task_marker_child to None, run_after=None
[2025-04-19T10:33:12.520+0000] {logging_mixin.py:190} INFO - [2025-04-19T10:33:12.520+0000] {dag.py:4180} INFO - Setting next_dagrun for example_external_task_marker_parent to None, run_after=None
[2025-04-19T10:33:12.552+0000] {processor.py:208} INFO - Processing /home/airflow/.local/lib/python3.12/site-packages/airflow/example_dags/example_external_task_marker_dag.py took 0.138 seconds
[2025-04-19T10:33:43.445+0000] {processor.py:186} INFO - Started process (PID=342) to work on /home/airflow/.local/lib/python3.12/site-packages/airflow/example_dags/example_external_task_marker_dag.py
[2025-04-19T10:33:43.447+0000] {processor.py:914} INFO - Processing file /home/airflow/.local/lib/python3.12/site-packages/airflow/example_dags/example_external_task_marker_dag.py for tasks to queue
[2025-04-19T10:33:43.453+0000] {logging_mixin.py:190} INFO - [2025-04-19T10:33:43.452+0000] {dagbag.py:588} INFO - Filling up the DagBag from /home/airflow/.local/lib/python3.12/site-packages/airflow/example_dags/example_external_task_marker_dag.py
[2025-04-19T10:33:43.470+0000] {processor.py:925} INFO - DAG(s) 'example_external_task_marker_child', 'example_external_task_marker_parent' retrieved from /home/airflow/.local/lib/python3.12/site-packages/airflow/example_dags/example_external_task_marker_dag.py
[2025-04-19T10:33:43.549+0000] {logging_mixin.py:190} INFO - [2025-04-19T10:33:43.549+0000] {dag.py:3239} INFO - Sync 2 DAGs
[2025-04-19T10:33:43.596+0000] {logging_mixin.py:190} INFO - [2025-04-19T10:33:43.595+0000] {dag.py:4180} INFO - Setting next_dagrun for example_external_task_marker_child to None, run_after=None
[2025-04-19T10:33:43.606+0000] {logging_mixin.py:190} INFO - [2025-04-19T10:33:43.606+0000] {dag.py:4180} INFO - Setting next_dagrun for example_external_task_marker_parent to None, run_after=None
[2025-04-19T10:33:43.675+0000] {processor.py:208} INFO - Processing /home/airflow/.local/lib/python3.12/site-packages/airflow/example_dags/example_external_task_marker_dag.py took 0.239 seconds
