[2025-04-19T10:19:07.171+0000] {processor.py:186} INFO - Started process (PID=107) to work on /home/airflow/.local/lib/python3.12/site-packages/airflow/example_dags/example_branch_operator.py
[2025-04-19T10:19:07.173+0000] {processor.py:914} INFO - Processing file /home/airflow/.local/lib/python3.12/site-packages/airflow/example_dags/example_branch_operator.py for tasks to queue
[2025-04-19T10:19:07.178+0000] {logging_mixin.py:190} INFO - [2025-04-19T10:19:07.177+0000] {dagbag.py:588} INFO - Filling up the DagBag from /home/airflow/.local/lib/python3.12/site-packages/airflow/example_dags/example_branch_operator.py
[2025-04-19T10:19:07.217+0000] {processor.py:925} INFO - DAG(s) 'example_branch_operator' retrieved from /home/airflow/.local/lib/python3.12/site-packages/airflow/example_dags/example_branch_operator.py
[2025-04-19T10:19:07.425+0000] {logging_mixin.py:190} INFO - [2025-04-19T10:19:07.424+0000] {override.py:1912} INFO - Created Permission View: can delete on DAG:example_branch_operator
[2025-04-19T10:19:07.448+0000] {logging_mixin.py:190} INFO - [2025-04-19T10:19:07.448+0000] {override.py:1912} INFO - Created Permission View: can read on DAG:example_branch_operator
[2025-04-19T10:19:07.467+0000] {logging_mixin.py:190} INFO - [2025-04-19T10:19:07.467+0000] {override.py:1912} INFO - Created Permission View: can edit on DAG:example_branch_operator
[2025-04-19T10:19:07.495+0000] {logging_mixin.py:190} INFO - [2025-04-19T10:19:07.494+0000] {override.py:1912} INFO - Created Permission View: can delete on DAG Run:example_branch_operator
[2025-04-19T10:19:07.526+0000] {logging_mixin.py:190} INFO - [2025-04-19T10:19:07.525+0000] {override.py:1912} INFO - Created Permission View: can read on DAG Run:example_branch_operator
[2025-04-19T10:19:07.553+0000] {logging_mixin.py:190} INFO - [2025-04-19T10:19:07.552+0000] {override.py:1912} INFO - Created Permission View: menu access on DAG Run:example_branch_operator
[2025-04-19T10:19:07.572+0000] {logging_mixin.py:190} INFO - [2025-04-19T10:19:07.571+0000] {override.py:1912} INFO - Created Permission View: can create on DAG Run:example_branch_operator
[2025-04-19T10:19:07.574+0000] {logging_mixin.py:190} INFO - [2025-04-19T10:19:07.574+0000] {dag.py:3239} INFO - Sync 1 DAGs
[2025-04-19T10:19:07.601+0000] {logging_mixin.py:190} INFO - [2025-04-19T10:19:07.600+0000] {dag.py:3262} INFO - Creating ORM DAG for example_branch_operator
[2025-04-19T10:19:07.620+0000] {logging_mixin.py:190} INFO - [2025-04-19T10:19:07.620+0000] {dag.py:4180} INFO - Setting next_dagrun for example_branch_operator to 2025-04-18 00:00:00+00:00, run_after=2025-04-19 00:00:00+00:00
[2025-04-19T10:19:07.664+0000] {processor.py:208} INFO - Processing /home/airflow/.local/lib/python3.12/site-packages/airflow/example_dags/example_branch_operator.py took 0.507 seconds
[2025-04-19T10:19:38.017+0000] {processor.py:186} INFO - Started process (PID=170) to work on /home/airflow/.local/lib/python3.12/site-packages/airflow/example_dags/example_branch_operator.py
[2025-04-19T10:19:38.021+0000] {processor.py:914} INFO - Processing file /home/airflow/.local/lib/python3.12/site-packages/airflow/example_dags/example_branch_operator.py for tasks to queue
[2025-04-19T10:19:38.027+0000] {logging_mixin.py:190} INFO - [2025-04-19T10:19:38.026+0000] {dagbag.py:588} INFO - Filling up the DagBag from /home/airflow/.local/lib/python3.12/site-packages/airflow/example_dags/example_branch_operator.py
[2025-04-19T10:19:38.065+0000] {processor.py:925} INFO - DAG(s) 'example_branch_operator' retrieved from /home/airflow/.local/lib/python3.12/site-packages/airflow/example_dags/example_branch_operator.py
[2025-04-19T10:19:38.139+0000] {logging_mixin.py:190} INFO - [2025-04-19T10:19:38.139+0000] {dag.py:3239} INFO - Sync 1 DAGs
[2025-04-19T10:19:38.187+0000] {logging_mixin.py:190} INFO - [2025-04-19T10:19:38.187+0000] {dag.py:4180} INFO - Setting next_dagrun for example_branch_operator to 2025-04-18 00:00:00+00:00, run_after=2025-04-19 00:00:00+00:00
[2025-04-19T10:19:38.227+0000] {processor.py:208} INFO - Processing /home/airflow/.local/lib/python3.12/site-packages/airflow/example_dags/example_branch_operator.py took 0.225 seconds
[2025-04-19T10:20:08.356+0000] {processor.py:186} INFO - Started process (PID=233) to work on /home/airflow/.local/lib/python3.12/site-packages/airflow/example_dags/example_branch_operator.py
[2025-04-19T10:20:08.360+0000] {processor.py:914} INFO - Processing file /home/airflow/.local/lib/python3.12/site-packages/airflow/example_dags/example_branch_operator.py for tasks to queue
[2025-04-19T10:20:08.366+0000] {logging_mixin.py:190} INFO - [2025-04-19T10:20:08.365+0000] {dagbag.py:588} INFO - Filling up the DagBag from /home/airflow/.local/lib/python3.12/site-packages/airflow/example_dags/example_branch_operator.py
[2025-04-19T10:20:08.404+0000] {processor.py:925} INFO - DAG(s) 'example_branch_operator' retrieved from /home/airflow/.local/lib/python3.12/site-packages/airflow/example_dags/example_branch_operator.py
[2025-04-19T10:20:08.464+0000] {logging_mixin.py:190} INFO - [2025-04-19T10:20:08.464+0000] {dag.py:3239} INFO - Sync 1 DAGs
[2025-04-19T10:20:08.513+0000] {logging_mixin.py:190} INFO - [2025-04-19T10:20:08.512+0000] {dag.py:4180} INFO - Setting next_dagrun for example_branch_operator to 2025-04-18 00:00:00+00:00, run_after=2025-04-19 00:00:00+00:00
[2025-04-19T10:20:08.564+0000] {processor.py:208} INFO - Processing /home/airflow/.local/lib/python3.12/site-packages/airflow/example_dags/example_branch_operator.py took 0.222 seconds
[2025-04-19T10:20:39.158+0000] {processor.py:186} INFO - Started process (PID=296) to work on /home/airflow/.local/lib/python3.12/site-packages/airflow/example_dags/example_branch_operator.py
[2025-04-19T10:20:39.163+0000] {processor.py:914} INFO - Processing file /home/airflow/.local/lib/python3.12/site-packages/airflow/example_dags/example_branch_operator.py for tasks to queue
[2025-04-19T10:20:39.171+0000] {logging_mixin.py:190} INFO - [2025-04-19T10:20:39.170+0000] {dagbag.py:588} INFO - Filling up the DagBag from /home/airflow/.local/lib/python3.12/site-packages/airflow/example_dags/example_branch_operator.py
[2025-04-19T10:20:39.221+0000] {processor.py:925} INFO - DAG(s) 'example_branch_operator' retrieved from /home/airflow/.local/lib/python3.12/site-packages/airflow/example_dags/example_branch_operator.py
[2025-04-19T10:20:39.301+0000] {logging_mixin.py:190} INFO - [2025-04-19T10:20:39.300+0000] {dag.py:3239} INFO - Sync 1 DAGs
[2025-04-19T10:20:39.344+0000] {logging_mixin.py:190} INFO - [2025-04-19T10:20:39.344+0000] {dag.py:4180} INFO - Setting next_dagrun for example_branch_operator to 2025-04-18 00:00:00+00:00, run_after=2025-04-19 00:00:00+00:00
[2025-04-19T10:20:39.386+0000] {processor.py:208} INFO - Processing /home/airflow/.local/lib/python3.12/site-packages/airflow/example_dags/example_branch_operator.py took 0.244 seconds
[2025-04-19T10:21:10.294+0000] {processor.py:186} INFO - Started process (PID=359) to work on /home/airflow/.local/lib/python3.12/site-packages/airflow/example_dags/example_branch_operator.py
[2025-04-19T10:21:10.296+0000] {processor.py:914} INFO - Processing file /home/airflow/.local/lib/python3.12/site-packages/airflow/example_dags/example_branch_operator.py for tasks to queue
[2025-04-19T10:21:10.300+0000] {logging_mixin.py:190} INFO - [2025-04-19T10:21:10.299+0000] {dagbag.py:588} INFO - Filling up the DagBag from /home/airflow/.local/lib/python3.12/site-packages/airflow/example_dags/example_branch_operator.py
[2025-04-19T10:21:10.341+0000] {processor.py:925} INFO - DAG(s) 'example_branch_operator' retrieved from /home/airflow/.local/lib/python3.12/site-packages/airflow/example_dags/example_branch_operator.py
[2025-04-19T10:21:10.394+0000] {logging_mixin.py:190} INFO - [2025-04-19T10:21:10.393+0000] {dag.py:3239} INFO - Sync 1 DAGs
[2025-04-19T10:21:10.435+0000] {logging_mixin.py:190} INFO - [2025-04-19T10:21:10.435+0000] {dag.py:4180} INFO - Setting next_dagrun for example_branch_operator to 2025-04-18 00:00:00+00:00, run_after=2025-04-19 00:00:00+00:00
[2025-04-19T10:21:10.471+0000] {processor.py:208} INFO - Processing /home/airflow/.local/lib/python3.12/site-packages/airflow/example_dags/example_branch_operator.py took 0.189 seconds
[2025-04-19T10:21:40.944+0000] {processor.py:186} INFO - Started process (PID=422) to work on /home/airflow/.local/lib/python3.12/site-packages/airflow/example_dags/example_branch_operator.py
[2025-04-19T10:21:40.946+0000] {processor.py:914} INFO - Processing file /home/airflow/.local/lib/python3.12/site-packages/airflow/example_dags/example_branch_operator.py for tasks to queue
[2025-04-19T10:21:40.951+0000] {logging_mixin.py:190} INFO - [2025-04-19T10:21:40.950+0000] {dagbag.py:588} INFO - Filling up the DagBag from /home/airflow/.local/lib/python3.12/site-packages/airflow/example_dags/example_branch_operator.py
[2025-04-19T10:21:40.985+0000] {processor.py:925} INFO - DAG(s) 'example_branch_operator' retrieved from /home/airflow/.local/lib/python3.12/site-packages/airflow/example_dags/example_branch_operator.py
[2025-04-19T10:21:41.050+0000] {logging_mixin.py:190} INFO - [2025-04-19T10:21:41.049+0000] {dag.py:3239} INFO - Sync 1 DAGs
[2025-04-19T10:21:41.086+0000] {logging_mixin.py:190} INFO - [2025-04-19T10:21:41.085+0000] {dag.py:4180} INFO - Setting next_dagrun for example_branch_operator to 2025-04-18 00:00:00+00:00, run_after=2025-04-19 00:00:00+00:00
[2025-04-19T10:21:41.127+0000] {processor.py:208} INFO - Processing /home/airflow/.local/lib/python3.12/site-packages/airflow/example_dags/example_branch_operator.py took 0.193 seconds
[2025-04-19T10:22:11.826+0000] {processor.py:186} INFO - Started process (PID=485) to work on /home/airflow/.local/lib/python3.12/site-packages/airflow/example_dags/example_branch_operator.py
[2025-04-19T10:22:11.828+0000] {processor.py:914} INFO - Processing file /home/airflow/.local/lib/python3.12/site-packages/airflow/example_dags/example_branch_operator.py for tasks to queue
[2025-04-19T10:22:11.836+0000] {logging_mixin.py:190} INFO - [2025-04-19T10:22:11.835+0000] {dagbag.py:588} INFO - Filling up the DagBag from /home/airflow/.local/lib/python3.12/site-packages/airflow/example_dags/example_branch_operator.py
[2025-04-19T10:22:11.862+0000] {processor.py:925} INFO - DAG(s) 'example_branch_operator' retrieved from /home/airflow/.local/lib/python3.12/site-packages/airflow/example_dags/example_branch_operator.py
[2025-04-19T10:22:11.909+0000] {logging_mixin.py:190} INFO - [2025-04-19T10:22:11.908+0000] {dag.py:3239} INFO - Sync 1 DAGs
[2025-04-19T10:22:11.950+0000] {logging_mixin.py:190} INFO - [2025-04-19T10:22:11.949+0000] {dag.py:4180} INFO - Setting next_dagrun for example_branch_operator to 2025-04-18 00:00:00+00:00, run_after=2025-04-19 00:00:00+00:00
[2025-04-19T10:22:11.991+0000] {processor.py:208} INFO - Processing /home/airflow/.local/lib/python3.12/site-packages/airflow/example_dags/example_branch_operator.py took 0.176 seconds
[2025-04-19T10:22:42.138+0000] {processor.py:186} INFO - Started process (PID=547) to work on /home/airflow/.local/lib/python3.12/site-packages/airflow/example_dags/example_branch_operator.py
[2025-04-19T10:22:42.141+0000] {processor.py:914} INFO - Processing file /home/airflow/.local/lib/python3.12/site-packages/airflow/example_dags/example_branch_operator.py for tasks to queue
[2025-04-19T10:22:42.147+0000] {logging_mixin.py:190} INFO - [2025-04-19T10:22:42.146+0000] {dagbag.py:588} INFO - Filling up the DagBag from /home/airflow/.local/lib/python3.12/site-packages/airflow/example_dags/example_branch_operator.py
[2025-04-19T10:22:42.175+0000] {processor.py:925} INFO - DAG(s) 'example_branch_operator' retrieved from /home/airflow/.local/lib/python3.12/site-packages/airflow/example_dags/example_branch_operator.py
[2025-04-19T10:22:42.219+0000] {logging_mixin.py:190} INFO - [2025-04-19T10:22:42.218+0000] {dag.py:3239} INFO - Sync 1 DAGs
[2025-04-19T10:22:42.257+0000] {logging_mixin.py:190} INFO - [2025-04-19T10:22:42.257+0000] {dag.py:4180} INFO - Setting next_dagrun for example_branch_operator to 2025-04-18 00:00:00+00:00, run_after=2025-04-19 00:00:00+00:00
[2025-04-19T10:22:42.290+0000] {processor.py:208} INFO - Processing /home/airflow/.local/lib/python3.12/site-packages/airflow/example_dags/example_branch_operator.py took 0.163 seconds
[2025-04-19T10:23:12.903+0000] {processor.py:186} INFO - Started process (PID=615) to work on /home/airflow/.local/lib/python3.12/site-packages/airflow/example_dags/example_branch_operator.py
[2025-04-19T10:23:12.905+0000] {processor.py:914} INFO - Processing file /home/airflow/.local/lib/python3.12/site-packages/airflow/example_dags/example_branch_operator.py for tasks to queue
[2025-04-19T10:23:12.911+0000] {logging_mixin.py:190} INFO - [2025-04-19T10:23:12.910+0000] {dagbag.py:588} INFO - Filling up the DagBag from /home/airflow/.local/lib/python3.12/site-packages/airflow/example_dags/example_branch_operator.py
[2025-04-19T10:23:12.955+0000] {processor.py:925} INFO - DAG(s) 'example_branch_operator' retrieved from /home/airflow/.local/lib/python3.12/site-packages/airflow/example_dags/example_branch_operator.py
[2025-04-19T10:23:13.004+0000] {logging_mixin.py:190} INFO - [2025-04-19T10:23:13.004+0000] {dag.py:3239} INFO - Sync 1 DAGs
[2025-04-19T10:23:13.043+0000] {logging_mixin.py:190} INFO - [2025-04-19T10:23:13.043+0000] {dag.py:4180} INFO - Setting next_dagrun for example_branch_operator to 2025-04-18 00:00:00+00:00, run_after=2025-04-19 00:00:00+00:00
[2025-04-19T10:23:13.080+0000] {processor.py:208} INFO - Processing /home/airflow/.local/lib/python3.12/site-packages/airflow/example_dags/example_branch_operator.py took 0.191 seconds
[2025-04-19T10:23:43.600+0000] {processor.py:186} INFO - Started process (PID=678) to work on /home/airflow/.local/lib/python3.12/site-packages/airflow/example_dags/example_branch_operator.py
[2025-04-19T10:23:43.602+0000] {processor.py:914} INFO - Processing file /home/airflow/.local/lib/python3.12/site-packages/airflow/example_dags/example_branch_operator.py for tasks to queue
[2025-04-19T10:23:43.607+0000] {logging_mixin.py:190} INFO - [2025-04-19T10:23:43.607+0000] {dagbag.py:588} INFO - Filling up the DagBag from /home/airflow/.local/lib/python3.12/site-packages/airflow/example_dags/example_branch_operator.py
[2025-04-19T10:23:43.640+0000] {processor.py:925} INFO - DAG(s) 'example_branch_operator' retrieved from /home/airflow/.local/lib/python3.12/site-packages/airflow/example_dags/example_branch_operator.py
[2025-04-19T10:23:43.689+0000] {logging_mixin.py:190} INFO - [2025-04-19T10:23:43.688+0000] {dag.py:3239} INFO - Sync 1 DAGs
[2025-04-19T10:23:43.775+0000] {logging_mixin.py:190} INFO - [2025-04-19T10:23:43.774+0000] {dag.py:4180} INFO - Setting next_dagrun for example_branch_operator to 2025-04-18 00:00:00+00:00, run_after=2025-04-19 00:00:00+00:00
[2025-04-19T10:23:43.825+0000] {processor.py:208} INFO - Processing /home/airflow/.local/lib/python3.12/site-packages/airflow/example_dags/example_branch_operator.py took 0.242 seconds
[2025-04-19T10:24:14.113+0000] {processor.py:186} INFO - Started process (PID=742) to work on /home/airflow/.local/lib/python3.12/site-packages/airflow/example_dags/example_branch_operator.py
[2025-04-19T10:24:14.116+0000] {processor.py:914} INFO - Processing file /home/airflow/.local/lib/python3.12/site-packages/airflow/example_dags/example_branch_operator.py for tasks to queue
[2025-04-19T10:24:14.125+0000] {logging_mixin.py:190} INFO - [2025-04-19T10:24:14.124+0000] {dagbag.py:588} INFO - Filling up the DagBag from /home/airflow/.local/lib/python3.12/site-packages/airflow/example_dags/example_branch_operator.py
[2025-04-19T10:24:14.191+0000] {processor.py:925} INFO - DAG(s) 'example_branch_operator' retrieved from /home/airflow/.local/lib/python3.12/site-packages/airflow/example_dags/example_branch_operator.py
[2025-04-19T10:24:14.331+0000] {logging_mixin.py:190} INFO - [2025-04-19T10:24:14.330+0000] {dag.py:3239} INFO - Sync 1 DAGs
[2025-04-19T10:24:14.376+0000] {logging_mixin.py:190} INFO - [2025-04-19T10:24:14.376+0000] {dag.py:4180} INFO - Setting next_dagrun for example_branch_operator to 2025-04-18 00:00:00+00:00, run_after=2025-04-19 00:00:00+00:00
[2025-04-19T10:24:14.414+0000] {processor.py:208} INFO - Processing /home/airflow/.local/lib/python3.12/site-packages/airflow/example_dags/example_branch_operator.py took 0.323 seconds
[2025-04-19T10:24:44.748+0000] {processor.py:186} INFO - Started process (PID=805) to work on /home/airflow/.local/lib/python3.12/site-packages/airflow/example_dags/example_branch_operator.py
[2025-04-19T10:24:44.752+0000] {processor.py:914} INFO - Processing file /home/airflow/.local/lib/python3.12/site-packages/airflow/example_dags/example_branch_operator.py for tasks to queue
[2025-04-19T10:24:44.760+0000] {logging_mixin.py:190} INFO - [2025-04-19T10:24:44.759+0000] {dagbag.py:588} INFO - Filling up the DagBag from /home/airflow/.local/lib/python3.12/site-packages/airflow/example_dags/example_branch_operator.py
[2025-04-19T10:24:44.823+0000] {processor.py:925} INFO - DAG(s) 'example_branch_operator' retrieved from /home/airflow/.local/lib/python3.12/site-packages/airflow/example_dags/example_branch_operator.py
[2025-04-19T10:24:44.891+0000] {logging_mixin.py:190} INFO - [2025-04-19T10:24:44.891+0000] {dag.py:3239} INFO - Sync 1 DAGs
[2025-04-19T10:24:44.931+0000] {logging_mixin.py:190} INFO - [2025-04-19T10:24:44.930+0000] {dag.py:4180} INFO - Setting next_dagrun for example_branch_operator to 2025-04-18 00:00:00+00:00, run_after=2025-04-19 00:00:00+00:00
[2025-04-19T10:24:44.972+0000] {processor.py:208} INFO - Processing /home/airflow/.local/lib/python3.12/site-packages/airflow/example_dags/example_branch_operator.py took 0.239 seconds
[2025-04-19T10:25:15.136+0000] {processor.py:186} INFO - Started process (PID=868) to work on /home/airflow/.local/lib/python3.12/site-packages/airflow/example_dags/example_branch_operator.py
[2025-04-19T10:25:15.140+0000] {processor.py:914} INFO - Processing file /home/airflow/.local/lib/python3.12/site-packages/airflow/example_dags/example_branch_operator.py for tasks to queue
[2025-04-19T10:25:15.148+0000] {logging_mixin.py:190} INFO - [2025-04-19T10:25:15.147+0000] {dagbag.py:588} INFO - Filling up the DagBag from /home/airflow/.local/lib/python3.12/site-packages/airflow/example_dags/example_branch_operator.py
[2025-04-19T10:25:15.195+0000] {processor.py:925} INFO - DAG(s) 'example_branch_operator' retrieved from /home/airflow/.local/lib/python3.12/site-packages/airflow/example_dags/example_branch_operator.py
[2025-04-19T10:25:15.276+0000] {logging_mixin.py:190} INFO - [2025-04-19T10:25:15.275+0000] {dag.py:3239} INFO - Sync 1 DAGs
[2025-04-19T10:25:15.332+0000] {logging_mixin.py:190} INFO - [2025-04-19T10:25:15.332+0000] {dag.py:4180} INFO - Setting next_dagrun for example_branch_operator to 2025-04-18 00:00:00+00:00, run_after=2025-04-19 00:00:00+00:00
[2025-04-19T10:25:15.395+0000] {processor.py:208} INFO - Processing /home/airflow/.local/lib/python3.12/site-packages/airflow/example_dags/example_branch_operator.py took 0.278 seconds
[2025-04-19T10:25:46.012+0000] {processor.py:186} INFO - Started process (PID=931) to work on /home/airflow/.local/lib/python3.12/site-packages/airflow/example_dags/example_branch_operator.py
[2025-04-19T10:25:46.016+0000] {processor.py:914} INFO - Processing file /home/airflow/.local/lib/python3.12/site-packages/airflow/example_dags/example_branch_operator.py for tasks to queue
[2025-04-19T10:25:46.027+0000] {logging_mixin.py:190} INFO - [2025-04-19T10:25:46.027+0000] {dagbag.py:588} INFO - Filling up the DagBag from /home/airflow/.local/lib/python3.12/site-packages/airflow/example_dags/example_branch_operator.py
[2025-04-19T10:25:46.078+0000] {processor.py:925} INFO - DAG(s) 'example_branch_operator' retrieved from /home/airflow/.local/lib/python3.12/site-packages/airflow/example_dags/example_branch_operator.py
[2025-04-19T10:25:46.127+0000] {logging_mixin.py:190} INFO - [2025-04-19T10:25:46.126+0000] {dag.py:3239} INFO - Sync 1 DAGs
[2025-04-19T10:25:46.167+0000] {logging_mixin.py:190} INFO - [2025-04-19T10:25:46.166+0000] {dag.py:4180} INFO - Setting next_dagrun for example_branch_operator to 2025-04-18 00:00:00+00:00, run_after=2025-04-19 00:00:00+00:00
[2025-04-19T10:25:46.212+0000] {processor.py:208} INFO - Processing /home/airflow/.local/lib/python3.12/site-packages/airflow/example_dags/example_branch_operator.py took 0.220 seconds
[2025-04-19T10:26:16.414+0000] {processor.py:186} INFO - Started process (PID=994) to work on /home/airflow/.local/lib/python3.12/site-packages/airflow/example_dags/example_branch_operator.py
[2025-04-19T10:26:16.417+0000] {processor.py:914} INFO - Processing file /home/airflow/.local/lib/python3.12/site-packages/airflow/example_dags/example_branch_operator.py for tasks to queue
[2025-04-19T10:26:16.424+0000] {logging_mixin.py:190} INFO - [2025-04-19T10:26:16.424+0000] {dagbag.py:588} INFO - Filling up the DagBag from /home/airflow/.local/lib/python3.12/site-packages/airflow/example_dags/example_branch_operator.py
[2025-04-19T10:26:16.475+0000] {processor.py:925} INFO - DAG(s) 'example_branch_operator' retrieved from /home/airflow/.local/lib/python3.12/site-packages/airflow/example_dags/example_branch_operator.py
[2025-04-19T10:26:16.548+0000] {logging_mixin.py:190} INFO - [2025-04-19T10:26:16.548+0000] {dag.py:3239} INFO - Sync 1 DAGs
[2025-04-19T10:26:16.588+0000] {logging_mixin.py:190} INFO - [2025-04-19T10:26:16.588+0000] {dag.py:4180} INFO - Setting next_dagrun for example_branch_operator to 2025-04-18 00:00:00+00:00, run_after=2025-04-19 00:00:00+00:00
[2025-04-19T10:26:16.629+0000] {processor.py:208} INFO - Processing /home/airflow/.local/lib/python3.12/site-packages/airflow/example_dags/example_branch_operator.py took 0.232 seconds
[2025-04-19T10:26:47.049+0000] {processor.py:186} INFO - Started process (PID=1057) to work on /home/airflow/.local/lib/python3.12/site-packages/airflow/example_dags/example_branch_operator.py
[2025-04-19T10:26:47.051+0000] {processor.py:914} INFO - Processing file /home/airflow/.local/lib/python3.12/site-packages/airflow/example_dags/example_branch_operator.py for tasks to queue
[2025-04-19T10:26:47.058+0000] {logging_mixin.py:190} INFO - [2025-04-19T10:26:47.057+0000] {dagbag.py:588} INFO - Filling up the DagBag from /home/airflow/.local/lib/python3.12/site-packages/airflow/example_dags/example_branch_operator.py
[2025-04-19T10:26:47.108+0000] {processor.py:925} INFO - DAG(s) 'example_branch_operator' retrieved from /home/airflow/.local/lib/python3.12/site-packages/airflow/example_dags/example_branch_operator.py
[2025-04-19T10:26:47.164+0000] {logging_mixin.py:190} INFO - [2025-04-19T10:26:47.164+0000] {dag.py:3239} INFO - Sync 1 DAGs
[2025-04-19T10:26:47.227+0000] {logging_mixin.py:190} INFO - [2025-04-19T10:26:47.227+0000] {dag.py:4180} INFO - Setting next_dagrun for example_branch_operator to 2025-04-18 00:00:00+00:00, run_after=2025-04-19 00:00:00+00:00
[2025-04-19T10:26:47.265+0000] {processor.py:208} INFO - Processing /home/airflow/.local/lib/python3.12/site-packages/airflow/example_dags/example_branch_operator.py took 0.224 seconds
[2025-04-19T10:27:18.051+0000] {processor.py:186} INFO - Started process (PID=1121) to work on /home/airflow/.local/lib/python3.12/site-packages/airflow/example_dags/example_branch_operator.py
[2025-04-19T10:27:18.053+0000] {processor.py:914} INFO - Processing file /home/airflow/.local/lib/python3.12/site-packages/airflow/example_dags/example_branch_operator.py for tasks to queue
[2025-04-19T10:27:18.057+0000] {logging_mixin.py:190} INFO - [2025-04-19T10:27:18.057+0000] {dagbag.py:588} INFO - Filling up the DagBag from /home/airflow/.local/lib/python3.12/site-packages/airflow/example_dags/example_branch_operator.py
[2025-04-19T10:27:18.090+0000] {processor.py:925} INFO - DAG(s) 'example_branch_operator' retrieved from /home/airflow/.local/lib/python3.12/site-packages/airflow/example_dags/example_branch_operator.py
[2025-04-19T10:27:18.139+0000] {logging_mixin.py:190} INFO - [2025-04-19T10:27:18.138+0000] {dag.py:3239} INFO - Sync 1 DAGs
[2025-04-19T10:27:18.179+0000] {logging_mixin.py:190} INFO - [2025-04-19T10:27:18.178+0000] {dag.py:4180} INFO - Setting next_dagrun for example_branch_operator to 2025-04-18 00:00:00+00:00, run_after=2025-04-19 00:00:00+00:00
[2025-04-19T10:27:18.221+0000] {processor.py:208} INFO - Processing /home/airflow/.local/lib/python3.12/site-packages/airflow/example_dags/example_branch_operator.py took 0.180 seconds
[2025-04-19T10:27:48.593+0000] {processor.py:186} INFO - Started process (PID=1185) to work on /home/airflow/.local/lib/python3.12/site-packages/airflow/example_dags/example_branch_operator.py
[2025-04-19T10:27:48.598+0000] {processor.py:914} INFO - Processing file /home/airflow/.local/lib/python3.12/site-packages/airflow/example_dags/example_branch_operator.py for tasks to queue
[2025-04-19T10:27:48.609+0000] {logging_mixin.py:190} INFO - [2025-04-19T10:27:48.607+0000] {dagbag.py:588} INFO - Filling up the DagBag from /home/airflow/.local/lib/python3.12/site-packages/airflow/example_dags/example_branch_operator.py
[2025-04-19T10:27:48.681+0000] {processor.py:925} INFO - DAG(s) 'example_branch_operator' retrieved from /home/airflow/.local/lib/python3.12/site-packages/airflow/example_dags/example_branch_operator.py
[2025-04-19T10:27:48.733+0000] {logging_mixin.py:190} INFO - [2025-04-19T10:27:48.732+0000] {dag.py:3239} INFO - Sync 1 DAGs
[2025-04-19T10:27:48.788+0000] {logging_mixin.py:190} INFO - [2025-04-19T10:27:48.788+0000] {dag.py:4180} INFO - Setting next_dagrun for example_branch_operator to 2025-04-18 00:00:00+00:00, run_after=2025-04-19 00:00:00+00:00
[2025-04-19T10:27:48.846+0000] {processor.py:208} INFO - Processing /home/airflow/.local/lib/python3.12/site-packages/airflow/example_dags/example_branch_operator.py took 0.277 seconds
[2025-04-19T10:28:19.260+0000] {processor.py:186} INFO - Started process (PID=1247) to work on /home/airflow/.local/lib/python3.12/site-packages/airflow/example_dags/example_branch_operator.py
[2025-04-19T10:28:19.268+0000] {processor.py:914} INFO - Processing file /home/airflow/.local/lib/python3.12/site-packages/airflow/example_dags/example_branch_operator.py for tasks to queue
[2025-04-19T10:28:19.281+0000] {logging_mixin.py:190} INFO - [2025-04-19T10:28:19.280+0000] {dagbag.py:588} INFO - Filling up the DagBag from /home/airflow/.local/lib/python3.12/site-packages/airflow/example_dags/example_branch_operator.py
[2025-04-19T10:28:19.335+0000] {processor.py:925} INFO - DAG(s) 'example_branch_operator' retrieved from /home/airflow/.local/lib/python3.12/site-packages/airflow/example_dags/example_branch_operator.py
[2025-04-19T10:28:18.559+0000] {logging_mixin.py:190} INFO - [2025-04-19T10:28:18.558+0000] {dag.py:3239} INFO - Sync 1 DAGs
[2025-04-19T10:28:18.636+0000] {logging_mixin.py:190} INFO - [2025-04-19T10:28:18.636+0000] {dag.py:4180} INFO - Setting next_dagrun for example_branch_operator to 2025-04-18 00:00:00+00:00, run_after=2025-04-19 00:00:00+00:00
[2025-04-19T10:28:18.671+0000] {processor.py:208} INFO - Processing /home/airflow/.local/lib/python3.12/site-packages/airflow/example_dags/example_branch_operator.py took 0.311 seconds
[2025-04-19T10:28:49.249+0000] {processor.py:186} INFO - Started process (PID=1308) to work on /home/airflow/.local/lib/python3.12/site-packages/airflow/example_dags/example_branch_operator.py
[2025-04-19T10:28:49.251+0000] {processor.py:914} INFO - Processing file /home/airflow/.local/lib/python3.12/site-packages/airflow/example_dags/example_branch_operator.py for tasks to queue
[2025-04-19T10:28:49.255+0000] {logging_mixin.py:190} INFO - [2025-04-19T10:28:49.255+0000] {dagbag.py:588} INFO - Filling up the DagBag from /home/airflow/.local/lib/python3.12/site-packages/airflow/example_dags/example_branch_operator.py
[2025-04-19T10:28:49.311+0000] {processor.py:925} INFO - DAG(s) 'example_branch_operator' retrieved from /home/airflow/.local/lib/python3.12/site-packages/airflow/example_dags/example_branch_operator.py
[2025-04-19T10:28:49.381+0000] {logging_mixin.py:190} INFO - [2025-04-19T10:28:49.381+0000] {dag.py:3239} INFO - Sync 1 DAGs
[2025-04-19T10:28:49.429+0000] {logging_mixin.py:190} INFO - [2025-04-19T10:28:49.428+0000] {dag.py:4180} INFO - Setting next_dagrun for example_branch_operator to 2025-04-18 00:00:00+00:00, run_after=2025-04-19 00:00:00+00:00
[2025-04-19T10:28:49.507+0000] {processor.py:208} INFO - Processing /home/airflow/.local/lib/python3.12/site-packages/airflow/example_dags/example_branch_operator.py took 0.270 seconds
[2025-04-19T10:29:20.413+0000] {processor.py:186} INFO - Started process (PID=1372) to work on /home/airflow/.local/lib/python3.12/site-packages/airflow/example_dags/example_branch_operator.py
[2025-04-19T10:29:20.416+0000] {processor.py:914} INFO - Processing file /home/airflow/.local/lib/python3.12/site-packages/airflow/example_dags/example_branch_operator.py for tasks to queue
[2025-04-19T10:29:20.422+0000] {logging_mixin.py:190} INFO - [2025-04-19T10:29:20.421+0000] {dagbag.py:588} INFO - Filling up the DagBag from /home/airflow/.local/lib/python3.12/site-packages/airflow/example_dags/example_branch_operator.py
[2025-04-19T10:29:20.448+0000] {processor.py:925} INFO - DAG(s) 'example_branch_operator' retrieved from /home/airflow/.local/lib/python3.12/site-packages/airflow/example_dags/example_branch_operator.py
[2025-04-19T10:29:20.498+0000] {logging_mixin.py:190} INFO - [2025-04-19T10:29:20.497+0000] {dag.py:3239} INFO - Sync 1 DAGs
[2025-04-19T10:29:20.536+0000] {logging_mixin.py:190} INFO - [2025-04-19T10:29:20.535+0000] {dag.py:4180} INFO - Setting next_dagrun for example_branch_operator to 2025-04-18 00:00:00+00:00, run_after=2025-04-19 00:00:00+00:00
[2025-04-19T10:29:20.574+0000] {processor.py:208} INFO - Processing /home/airflow/.local/lib/python3.12/site-packages/airflow/example_dags/example_branch_operator.py took 0.170 seconds
[2025-04-19T10:31:43.863+0000] {processor.py:186} INFO - Started process (PID=106) to work on /home/airflow/.local/lib/python3.12/site-packages/airflow/example_dags/example_branch_operator.py
[2025-04-19T10:31:43.866+0000] {processor.py:914} INFO - Processing file /home/airflow/.local/lib/python3.12/site-packages/airflow/example_dags/example_branch_operator.py for tasks to queue
[2025-04-19T10:31:43.871+0000] {logging_mixin.py:190} INFO - [2025-04-19T10:31:43.870+0000] {dagbag.py:588} INFO - Filling up the DagBag from /home/airflow/.local/lib/python3.12/site-packages/airflow/example_dags/example_branch_operator.py
[2025-04-19T10:31:43.902+0000] {processor.py:925} INFO - DAG(s) 'example_branch_operator' retrieved from /home/airflow/.local/lib/python3.12/site-packages/airflow/example_dags/example_branch_operator.py
[2025-04-19T10:31:44.216+0000] {logging_mixin.py:190} INFO - [2025-04-19T10:31:44.215+0000] {dag.py:3239} INFO - Sync 1 DAGs
[2025-04-19T10:31:44.255+0000] {logging_mixin.py:190} INFO - [2025-04-19T10:31:44.254+0000] {dag.py:4180} INFO - Setting next_dagrun for example_branch_operator to 2025-04-18 00:00:00+00:00, run_after=2025-04-19 00:00:00+00:00
[2025-04-19T10:31:44.301+0000] {processor.py:208} INFO - Processing /home/airflow/.local/lib/python3.12/site-packages/airflow/example_dags/example_branch_operator.py took 0.448 seconds
[2025-04-19T10:32:14.648+0000] {processor.py:186} INFO - Started process (PID=169) to work on /home/airflow/.local/lib/python3.12/site-packages/airflow/example_dags/example_branch_operator.py
[2025-04-19T10:32:14.650+0000] {processor.py:914} INFO - Processing file /home/airflow/.local/lib/python3.12/site-packages/airflow/example_dags/example_branch_operator.py for tasks to queue
[2025-04-19T10:32:14.654+0000] {logging_mixin.py:190} INFO - [2025-04-19T10:32:14.654+0000] {dagbag.py:588} INFO - Filling up the DagBag from /home/airflow/.local/lib/python3.12/site-packages/airflow/example_dags/example_branch_operator.py
[2025-04-19T10:32:14.682+0000] {processor.py:925} INFO - DAG(s) 'example_branch_operator' retrieved from /home/airflow/.local/lib/python3.12/site-packages/airflow/example_dags/example_branch_operator.py
[2025-04-19T10:32:14.745+0000] {logging_mixin.py:190} INFO - [2025-04-19T10:32:14.744+0000] {dag.py:3239} INFO - Sync 1 DAGs
[2025-04-19T10:32:14.789+0000] {logging_mixin.py:190} INFO - [2025-04-19T10:32:14.789+0000] {dag.py:4180} INFO - Setting next_dagrun for example_branch_operator to 2025-04-18 00:00:00+00:00, run_after=2025-04-19 00:00:00+00:00
[2025-04-19T10:32:14.839+0000] {processor.py:208} INFO - Processing /home/airflow/.local/lib/python3.12/site-packages/airflow/example_dags/example_branch_operator.py took 0.200 seconds
[2025-04-19T10:32:45.969+0000] {processor.py:186} INFO - Started process (PID=233) to work on /home/airflow/.local/lib/python3.12/site-packages/airflow/example_dags/example_branch_operator.py
[2025-04-19T10:32:45.971+0000] {processor.py:914} INFO - Processing file /home/airflow/.local/lib/python3.12/site-packages/airflow/example_dags/example_branch_operator.py for tasks to queue
[2025-04-19T10:32:45.976+0000] {logging_mixin.py:190} INFO - [2025-04-19T10:32:45.976+0000] {dagbag.py:588} INFO - Filling up the DagBag from /home/airflow/.local/lib/python3.12/site-packages/airflow/example_dags/example_branch_operator.py
[2025-04-19T10:32:46.020+0000] {processor.py:925} INFO - DAG(s) 'example_branch_operator' retrieved from /home/airflow/.local/lib/python3.12/site-packages/airflow/example_dags/example_branch_operator.py
[2025-04-19T10:32:46.086+0000] {logging_mixin.py:190} INFO - [2025-04-19T10:32:46.085+0000] {dag.py:3239} INFO - Sync 1 DAGs
[2025-04-19T10:32:46.157+0000] {logging_mixin.py:190} INFO - [2025-04-19T10:32:46.157+0000] {dag.py:4180} INFO - Setting next_dagrun for example_branch_operator to 2025-04-18 00:00:00+00:00, run_after=2025-04-19 00:00:00+00:00
[2025-04-19T10:32:46.213+0000] {processor.py:208} INFO - Processing /home/airflow/.local/lib/python3.12/site-packages/airflow/example_dags/example_branch_operator.py took 0.253 seconds
[2025-04-19T10:33:17.762+0000] {processor.py:186} INFO - Started process (PID=296) to work on /home/airflow/.local/lib/python3.12/site-packages/airflow/example_dags/example_branch_operator.py
[2025-04-19T10:33:17.766+0000] {processor.py:914} INFO - Processing file /home/airflow/.local/lib/python3.12/site-packages/airflow/example_dags/example_branch_operator.py for tasks to queue
[2025-04-19T10:33:17.774+0000] {logging_mixin.py:190} INFO - [2025-04-19T10:33:17.773+0000] {dagbag.py:588} INFO - Filling up the DagBag from /home/airflow/.local/lib/python3.12/site-packages/airflow/example_dags/example_branch_operator.py
[2025-04-19T10:33:17.810+0000] {processor.py:925} INFO - DAG(s) 'example_branch_operator' retrieved from /home/airflow/.local/lib/python3.12/site-packages/airflow/example_dags/example_branch_operator.py
[2025-04-19T10:33:17.860+0000] {logging_mixin.py:190} INFO - [2025-04-19T10:33:17.859+0000] {dag.py:3239} INFO - Sync 1 DAGs
[2025-04-19T10:33:17.901+0000] {logging_mixin.py:190} INFO - [2025-04-19T10:33:17.901+0000] {dag.py:4180} INFO - Setting next_dagrun for example_branch_operator to 2025-04-18 00:00:00+00:00, run_after=2025-04-19 00:00:00+00:00
[2025-04-19T10:33:17.950+0000] {processor.py:208} INFO - Processing /home/airflow/.local/lib/python3.12/site-packages/airflow/example_dags/example_branch_operator.py took 0.208 seconds
[2025-04-19T10:33:49.048+0000] {processor.py:186} INFO - Started process (PID=360) to work on /home/airflow/.local/lib/python3.12/site-packages/airflow/example_dags/example_branch_operator.py
[2025-04-19T10:33:49.053+0000] {processor.py:914} INFO - Processing file /home/airflow/.local/lib/python3.12/site-packages/airflow/example_dags/example_branch_operator.py for tasks to queue
[2025-04-19T10:33:49.063+0000] {logging_mixin.py:190} INFO - [2025-04-19T10:33:49.062+0000] {dagbag.py:588} INFO - Filling up the DagBag from /home/airflow/.local/lib/python3.12/site-packages/airflow/example_dags/example_branch_operator.py
[2025-04-19T10:33:49.124+0000] {processor.py:925} INFO - DAG(s) 'example_branch_operator' retrieved from /home/airflow/.local/lib/python3.12/site-packages/airflow/example_dags/example_branch_operator.py
[2025-04-19T10:33:49.227+0000] {logging_mixin.py:190} INFO - [2025-04-19T10:33:49.227+0000] {dag.py:3239} INFO - Sync 1 DAGs
[2025-04-19T10:33:49.268+0000] {logging_mixin.py:190} INFO - [2025-04-19T10:33:49.268+0000] {dag.py:4180} INFO - Setting next_dagrun for example_branch_operator to 2025-04-18 00:00:00+00:00, run_after=2025-04-19 00:00:00+00:00
[2025-04-19T10:33:49.302+0000] {processor.py:208} INFO - Processing /home/airflow/.local/lib/python3.12/site-packages/airflow/example_dags/example_branch_operator.py took 0.279 seconds
