[2025-04-19T10:19:11.640+0000] {processor.py:186} INFO - Started process (PID=116) to work on /home/airflow/.local/lib/python3.12/site-packages/airflow/example_dags/example_xcomargs.py
[2025-04-19T10:19:11.643+0000] {processor.py:914} INFO - Processing file /home/airflow/.local/lib/python3.12/site-packages/airflow/example_dags/example_xcomargs.py for tasks to queue
[2025-04-19T10:19:11.648+0000] {logging_mixin.py:190} INFO - [2025-04-19T10:19:11.648+0000] {dagbag.py:588} INFO - Filling up the DagBag from /home/airflow/.local/lib/python3.12/site-packages/airflow/example_dags/example_xcomargs.py
[2025-04-19T10:19:11.677+0000] {processor.py:925} INFO - DAG(s) 'example_xcom_args', 'example_xcom_args_with_operators' retrieved from /home/airflow/.local/lib/python3.12/site-packages/airflow/example_dags/example_xcomargs.py
[2025-04-19T10:19:11.889+0000] {logging_mixin.py:190} INFO - [2025-04-19T10:19:11.887+0000] {override.py:1912} INFO - Created Permission View: can delete on DAG:example_xcom_args
[2025-04-19T10:19:11.916+0000] {logging_mixin.py:190} INFO - [2025-04-19T10:19:11.915+0000] {override.py:1912} INFO - Created Permission View: can read on DAG:example_xcom_args
[2025-04-19T10:19:11.933+0000] {logging_mixin.py:190} INFO - [2025-04-19T10:19:11.932+0000] {override.py:1912} INFO - Created Permission View: can edit on DAG:example_xcom_args
[2025-04-19T10:19:11.951+0000] {logging_mixin.py:190} INFO - [2025-04-19T10:19:11.951+0000] {override.py:1912} INFO - Created Permission View: can delete on DAG Run:example_xcom_args
[2025-04-19T10:19:11.969+0000] {logging_mixin.py:190} INFO - [2025-04-19T10:19:11.969+0000] {override.py:1912} INFO - Created Permission View: can read on DAG Run:example_xcom_args
[2025-04-19T10:19:11.989+0000] {logging_mixin.py:190} INFO - [2025-04-19T10:19:11.988+0000] {override.py:1912} INFO - Created Permission View: menu access on DAG Run:example_xcom_args
[2025-04-19T10:19:12.008+0000] {logging_mixin.py:190} INFO - [2025-04-19T10:19:12.008+0000] {override.py:1912} INFO - Created Permission View: can create on DAG Run:example_xcom_args
[2025-04-19T10:19:12.055+0000] {logging_mixin.py:190} INFO - [2025-04-19T10:19:12.054+0000] {override.py:1912} INFO - Created Permission View: can delete on DAG:example_xcom_args_with_operators
[2025-04-19T10:19:12.074+0000] {logging_mixin.py:190} INFO - [2025-04-19T10:19:12.073+0000] {override.py:1912} INFO - Created Permission View: can read on DAG:example_xcom_args_with_operators
[2025-04-19T10:19:12.096+0000] {logging_mixin.py:190} INFO - [2025-04-19T10:19:12.096+0000] {override.py:1912} INFO - Created Permission View: can edit on DAG:example_xcom_args_with_operators
[2025-04-19T10:19:12.123+0000] {logging_mixin.py:190} INFO - [2025-04-19T10:19:12.123+0000] {override.py:1912} INFO - Created Permission View: can delete on DAG Run:example_xcom_args_with_operators
[2025-04-19T10:19:12.147+0000] {logging_mixin.py:190} INFO - [2025-04-19T10:19:12.146+0000] {override.py:1912} INFO - Created Permission View: can read on DAG Run:example_xcom_args_with_operators
[2025-04-19T10:19:12.174+0000] {logging_mixin.py:190} INFO - [2025-04-19T10:19:12.173+0000] {override.py:1912} INFO - Created Permission View: menu access on DAG Run:example_xcom_args_with_operators
[2025-04-19T10:19:12.193+0000] {logging_mixin.py:190} INFO - [2025-04-19T10:19:12.192+0000] {override.py:1912} INFO - Created Permission View: can create on DAG Run:example_xcom_args_with_operators
[2025-04-19T10:19:12.194+0000] {logging_mixin.py:190} INFO - [2025-04-19T10:19:12.194+0000] {dag.py:3239} INFO - Sync 2 DAGs
[2025-04-19T10:19:12.224+0000] {logging_mixin.py:190} INFO - [2025-04-19T10:19:12.223+0000] {dag.py:3262} INFO - Creating ORM DAG for example_xcom_args
[2025-04-19T10:19:12.229+0000] {logging_mixin.py:190} INFO - [2025-04-19T10:19:12.229+0000] {dag.py:3262} INFO - Creating ORM DAG for example_xcom_args_with_operators
[2025-04-19T10:19:12.232+0000] {logging_mixin.py:190} INFO - [2025-04-19T10:19:12.232+0000] {dag.py:4180} INFO - Setting next_dagrun for example_xcom_args to None, run_after=None
[2025-04-19T10:19:12.234+0000] {logging_mixin.py:190} INFO - [2025-04-19T10:19:12.233+0000] {dag.py:4180} INFO - Setting next_dagrun for example_xcom_args_with_operators to None, run_after=None
[2025-04-19T10:19:12.275+0000] {processor.py:208} INFO - Processing /home/airflow/.local/lib/python3.12/site-packages/airflow/example_dags/example_xcomargs.py took 0.651 seconds
[2025-04-19T10:19:42.539+0000] {processor.py:186} INFO - Started process (PID=178) to work on /home/airflow/.local/lib/python3.12/site-packages/airflow/example_dags/example_xcomargs.py
[2025-04-19T10:19:42.543+0000] {processor.py:914} INFO - Processing file /home/airflow/.local/lib/python3.12/site-packages/airflow/example_dags/example_xcomargs.py for tasks to queue
[2025-04-19T10:19:42.551+0000] {logging_mixin.py:190} INFO - [2025-04-19T10:19:42.550+0000] {dagbag.py:588} INFO - Filling up the DagBag from /home/airflow/.local/lib/python3.12/site-packages/airflow/example_dags/example_xcomargs.py
[2025-04-19T10:19:42.583+0000] {processor.py:925} INFO - DAG(s) 'example_xcom_args', 'example_xcom_args_with_operators' retrieved from /home/airflow/.local/lib/python3.12/site-packages/airflow/example_dags/example_xcomargs.py
[2025-04-19T10:19:42.633+0000] {logging_mixin.py:190} INFO - [2025-04-19T10:19:42.632+0000] {dag.py:3239} INFO - Sync 2 DAGs
[2025-04-19T10:19:42.665+0000] {logging_mixin.py:190} INFO - [2025-04-19T10:19:42.664+0000] {dag.py:4180} INFO - Setting next_dagrun for example_xcom_args to None, run_after=None
[2025-04-19T10:19:42.675+0000] {logging_mixin.py:190} INFO - [2025-04-19T10:19:42.674+0000] {dag.py:4180} INFO - Setting next_dagrun for example_xcom_args_with_operators to None, run_after=None
[2025-04-19T10:19:42.707+0000] {processor.py:208} INFO - Processing /home/airflow/.local/lib/python3.12/site-packages/airflow/example_dags/example_xcomargs.py took 0.181 seconds
[2025-04-19T10:20:13.144+0000] {processor.py:186} INFO - Started process (PID=241) to work on /home/airflow/.local/lib/python3.12/site-packages/airflow/example_dags/example_xcomargs.py
[2025-04-19T10:20:13.147+0000] {processor.py:914} INFO - Processing file /home/airflow/.local/lib/python3.12/site-packages/airflow/example_dags/example_xcomargs.py for tasks to queue
[2025-04-19T10:20:13.154+0000] {logging_mixin.py:190} INFO - [2025-04-19T10:20:13.153+0000] {dagbag.py:588} INFO - Filling up the DagBag from /home/airflow/.local/lib/python3.12/site-packages/airflow/example_dags/example_xcomargs.py
[2025-04-19T10:20:13.174+0000] {processor.py:925} INFO - DAG(s) 'example_xcom_args_with_operators', 'example_xcom_args' retrieved from /home/airflow/.local/lib/python3.12/site-packages/airflow/example_dags/example_xcomargs.py
[2025-04-19T10:20:13.223+0000] {logging_mixin.py:190} INFO - [2025-04-19T10:20:13.223+0000] {dag.py:3239} INFO - Sync 2 DAGs
[2025-04-19T10:20:13.249+0000] {logging_mixin.py:190} INFO - [2025-04-19T10:20:13.249+0000] {dag.py:4180} INFO - Setting next_dagrun for example_xcom_args to None, run_after=None
[2025-04-19T10:20:13.257+0000] {logging_mixin.py:190} INFO - [2025-04-19T10:20:13.257+0000] {dag.py:4180} INFO - Setting next_dagrun for example_xcom_args_with_operators to None, run_after=None
[2025-04-19T10:20:13.292+0000] {processor.py:208} INFO - Processing /home/airflow/.local/lib/python3.12/site-packages/airflow/example_dags/example_xcomargs.py took 0.163 seconds
[2025-04-19T10:20:44.987+0000] {processor.py:186} INFO - Started process (PID=304) to work on /home/airflow/.local/lib/python3.12/site-packages/airflow/example_dags/example_xcomargs.py
[2025-04-19T10:20:44.992+0000] {processor.py:914} INFO - Processing file /home/airflow/.local/lib/python3.12/site-packages/airflow/example_dags/example_xcomargs.py for tasks to queue
[2025-04-19T10:20:44.999+0000] {logging_mixin.py:190} INFO - [2025-04-19T10:20:44.998+0000] {dagbag.py:588} INFO - Filling up the DagBag from /home/airflow/.local/lib/python3.12/site-packages/airflow/example_dags/example_xcomargs.py
[2025-04-19T10:20:45.032+0000] {processor.py:925} INFO - DAG(s) 'example_xcom_args_with_operators', 'example_xcom_args' retrieved from /home/airflow/.local/lib/python3.12/site-packages/airflow/example_dags/example_xcomargs.py
[2025-04-19T10:20:45.088+0000] {logging_mixin.py:190} INFO - [2025-04-19T10:20:45.087+0000] {dag.py:3239} INFO - Sync 2 DAGs
[2025-04-19T10:20:45.115+0000] {logging_mixin.py:190} INFO - [2025-04-19T10:20:45.115+0000] {dag.py:4180} INFO - Setting next_dagrun for example_xcom_args to None, run_after=None
[2025-04-19T10:20:45.121+0000] {logging_mixin.py:190} INFO - [2025-04-19T10:20:45.121+0000] {dag.py:4180} INFO - Setting next_dagrun for example_xcom_args_with_operators to None, run_after=None
[2025-04-19T10:20:45.157+0000] {processor.py:208} INFO - Processing /home/airflow/.local/lib/python3.12/site-packages/airflow/example_dags/example_xcomargs.py took 0.185 seconds
[2025-04-19T10:21:16.512+0000] {processor.py:186} INFO - Started process (PID=367) to work on /home/airflow/.local/lib/python3.12/site-packages/airflow/example_dags/example_xcomargs.py
[2025-04-19T10:21:16.515+0000] {processor.py:914} INFO - Processing file /home/airflow/.local/lib/python3.12/site-packages/airflow/example_dags/example_xcomargs.py for tasks to queue
[2025-04-19T10:21:16.520+0000] {logging_mixin.py:190} INFO - [2025-04-19T10:21:16.519+0000] {dagbag.py:588} INFO - Filling up the DagBag from /home/airflow/.local/lib/python3.12/site-packages/airflow/example_dags/example_xcomargs.py
[2025-04-19T10:21:16.545+0000] {processor.py:925} INFO - DAG(s) 'example_xcom_args_with_operators', 'example_xcom_args' retrieved from /home/airflow/.local/lib/python3.12/site-packages/airflow/example_dags/example_xcomargs.py
[2025-04-19T10:21:16.597+0000] {logging_mixin.py:190} INFO - [2025-04-19T10:21:16.597+0000] {dag.py:3239} INFO - Sync 2 DAGs
[2025-04-19T10:21:16.632+0000] {logging_mixin.py:190} INFO - [2025-04-19T10:21:16.632+0000] {dag.py:4180} INFO - Setting next_dagrun for example_xcom_args to None, run_after=None
[2025-04-19T10:21:16.647+0000] {logging_mixin.py:190} INFO - [2025-04-19T10:21:16.646+0000] {dag.py:4180} INFO - Setting next_dagrun for example_xcom_args_with_operators to None, run_after=None
[2025-04-19T10:21:16.691+0000] {processor.py:208} INFO - Processing /home/airflow/.local/lib/python3.12/site-packages/airflow/example_dags/example_xcomargs.py took 0.193 seconds
[2025-04-19T10:21:47.919+0000] {processor.py:186} INFO - Started process (PID=436) to work on /home/airflow/.local/lib/python3.12/site-packages/airflow/example_dags/example_xcomargs.py
[2025-04-19T10:21:47.921+0000] {processor.py:914} INFO - Processing file /home/airflow/.local/lib/python3.12/site-packages/airflow/example_dags/example_xcomargs.py for tasks to queue
[2025-04-19T10:21:47.926+0000] {logging_mixin.py:190} INFO - [2025-04-19T10:21:47.925+0000] {dagbag.py:588} INFO - Filling up the DagBag from /home/airflow/.local/lib/python3.12/site-packages/airflow/example_dags/example_xcomargs.py
[2025-04-19T10:21:47.945+0000] {processor.py:925} INFO - DAG(s) 'example_xcom_args_with_operators', 'example_xcom_args' retrieved from /home/airflow/.local/lib/python3.12/site-packages/airflow/example_dags/example_xcomargs.py
[2025-04-19T10:21:47.989+0000] {logging_mixin.py:190} INFO - [2025-04-19T10:21:47.989+0000] {dag.py:3239} INFO - Sync 2 DAGs
[2025-04-19T10:21:48.032+0000] {logging_mixin.py:190} INFO - [2025-04-19T10:21:48.032+0000] {dag.py:4180} INFO - Setting next_dagrun for example_xcom_args to None, run_after=None
[2025-04-19T10:21:48.041+0000] {logging_mixin.py:190} INFO - [2025-04-19T10:21:48.040+0000] {dag.py:4180} INFO - Setting next_dagrun for example_xcom_args_with_operators to None, run_after=None
[2025-04-19T10:21:48.080+0000] {processor.py:208} INFO - Processing /home/airflow/.local/lib/python3.12/site-packages/airflow/example_dags/example_xcomargs.py took 0.177 seconds
[2025-04-19T10:22:19.998+0000] {processor.py:186} INFO - Started process (PID=498) to work on /home/airflow/.local/lib/python3.12/site-packages/airflow/example_dags/example_xcomargs.py
[2025-04-19T10:22:20.001+0000] {processor.py:914} INFO - Processing file /home/airflow/.local/lib/python3.12/site-packages/airflow/example_dags/example_xcomargs.py for tasks to queue
[2025-04-19T10:22:20.005+0000] {logging_mixin.py:190} INFO - [2025-04-19T10:22:20.005+0000] {dagbag.py:588} INFO - Filling up the DagBag from /home/airflow/.local/lib/python3.12/site-packages/airflow/example_dags/example_xcomargs.py
[2025-04-19T10:22:20.023+0000] {processor.py:925} INFO - DAG(s) 'example_xcom_args_with_operators', 'example_xcom_args' retrieved from /home/airflow/.local/lib/python3.12/site-packages/airflow/example_dags/example_xcomargs.py
[2025-04-19T10:22:20.091+0000] {logging_mixin.py:190} INFO - [2025-04-19T10:22:20.090+0000] {dag.py:3239} INFO - Sync 2 DAGs
[2025-04-19T10:22:20.135+0000] {logging_mixin.py:190} INFO - [2025-04-19T10:22:20.134+0000] {dag.py:4180} INFO - Setting next_dagrun for example_xcom_args to None, run_after=None
[2025-04-19T10:22:20.149+0000] {logging_mixin.py:190} INFO - [2025-04-19T10:22:20.148+0000] {dag.py:4180} INFO - Setting next_dagrun for example_xcom_args_with_operators to None, run_after=None
[2025-04-19T10:22:20.215+0000] {processor.py:208} INFO - Processing /home/airflow/.local/lib/python3.12/site-packages/airflow/example_dags/example_xcomargs.py took 0.230 seconds
[2025-04-19T10:22:51.562+0000] {processor.py:186} INFO - Started process (PID=560) to work on /home/airflow/.local/lib/python3.12/site-packages/airflow/example_dags/example_xcomargs.py
[2025-04-19T10:22:51.564+0000] {processor.py:914} INFO - Processing file /home/airflow/.local/lib/python3.12/site-packages/airflow/example_dags/example_xcomargs.py for tasks to queue
[2025-04-19T10:22:51.568+0000] {logging_mixin.py:190} INFO - [2025-04-19T10:22:51.567+0000] {dagbag.py:588} INFO - Filling up the DagBag from /home/airflow/.local/lib/python3.12/site-packages/airflow/example_dags/example_xcomargs.py
[2025-04-19T10:22:51.583+0000] {processor.py:925} INFO - DAG(s) 'example_xcom_args_with_operators', 'example_xcom_args' retrieved from /home/airflow/.local/lib/python3.12/site-packages/airflow/example_dags/example_xcomargs.py
[2025-04-19T10:22:51.631+0000] {logging_mixin.py:190} INFO - [2025-04-19T10:22:51.631+0000] {dag.py:3239} INFO - Sync 2 DAGs
[2025-04-19T10:22:51.661+0000] {logging_mixin.py:190} INFO - [2025-04-19T10:22:51.661+0000] {dag.py:4180} INFO - Setting next_dagrun for example_xcom_args to None, run_after=None
[2025-04-19T10:22:51.670+0000] {logging_mixin.py:190} INFO - [2025-04-19T10:22:51.669+0000] {dag.py:4180} INFO - Setting next_dagrun for example_xcom_args_with_operators to None, run_after=None
[2025-04-19T10:22:51.704+0000] {processor.py:208} INFO - Processing /home/airflow/.local/lib/python3.12/site-packages/airflow/example_dags/example_xcomargs.py took 0.154 seconds
[2025-04-19T10:23:23.408+0000] {processor.py:186} INFO - Started process (PID=623) to work on /home/airflow/.local/lib/python3.12/site-packages/airflow/example_dags/example_xcomargs.py
[2025-04-19T10:23:23.410+0000] {processor.py:914} INFO - Processing file /home/airflow/.local/lib/python3.12/site-packages/airflow/example_dags/example_xcomargs.py for tasks to queue
[2025-04-19T10:23:23.416+0000] {logging_mixin.py:190} INFO - [2025-04-19T10:23:23.415+0000] {dagbag.py:588} INFO - Filling up the DagBag from /home/airflow/.local/lib/python3.12/site-packages/airflow/example_dags/example_xcomargs.py
[2025-04-19T10:23:23.441+0000] {processor.py:925} INFO - DAG(s) 'example_xcom_args_with_operators', 'example_xcom_args' retrieved from /home/airflow/.local/lib/python3.12/site-packages/airflow/example_dags/example_xcomargs.py
[2025-04-19T10:23:23.491+0000] {logging_mixin.py:190} INFO - [2025-04-19T10:23:23.491+0000] {dag.py:3239} INFO - Sync 2 DAGs
[2025-04-19T10:23:23.526+0000] {logging_mixin.py:190} INFO - [2025-04-19T10:23:23.525+0000] {dag.py:4180} INFO - Setting next_dagrun for example_xcom_args to None, run_after=None
[2025-04-19T10:23:23.533+0000] {logging_mixin.py:190} INFO - [2025-04-19T10:23:23.532+0000] {dag.py:4180} INFO - Setting next_dagrun for example_xcom_args_with_operators to None, run_after=None
[2025-04-19T10:23:23.585+0000] {processor.py:208} INFO - Processing /home/airflow/.local/lib/python3.12/site-packages/airflow/example_dags/example_xcomargs.py took 0.190 seconds
[2025-04-19T10:23:54.914+0000] {processor.py:186} INFO - Started process (PID=687) to work on /home/airflow/.local/lib/python3.12/site-packages/airflow/example_dags/example_xcomargs.py
[2025-04-19T10:23:54.918+0000] {processor.py:914} INFO - Processing file /home/airflow/.local/lib/python3.12/site-packages/airflow/example_dags/example_xcomargs.py for tasks to queue
[2025-04-19T10:23:54.927+0000] {logging_mixin.py:190} INFO - [2025-04-19T10:23:54.926+0000] {dagbag.py:588} INFO - Filling up the DagBag from /home/airflow/.local/lib/python3.12/site-packages/airflow/example_dags/example_xcomargs.py
[2025-04-19T10:23:54.979+0000] {processor.py:925} INFO - DAG(s) 'example_xcom_args', 'example_xcom_args_with_operators' retrieved from /home/airflow/.local/lib/python3.12/site-packages/airflow/example_dags/example_xcomargs.py
[2025-04-19T10:23:55.055+0000] {logging_mixin.py:190} INFO - [2025-04-19T10:23:55.055+0000] {dag.py:3239} INFO - Sync 2 DAGs
[2025-04-19T10:23:55.097+0000] {logging_mixin.py:190} INFO - [2025-04-19T10:23:55.097+0000] {dag.py:4180} INFO - Setting next_dagrun for example_xcom_args to None, run_after=None
[2025-04-19T10:23:55.109+0000] {logging_mixin.py:190} INFO - [2025-04-19T10:23:55.108+0000] {dag.py:4180} INFO - Setting next_dagrun for example_xcom_args_with_operators to None, run_after=None
[2025-04-19T10:23:55.165+0000] {processor.py:208} INFO - Processing /home/airflow/.local/lib/python3.12/site-packages/airflow/example_dags/example_xcomargs.py took 0.269 seconds
[2025-04-19T10:24:26.318+0000] {processor.py:186} INFO - Started process (PID=750) to work on /home/airflow/.local/lib/python3.12/site-packages/airflow/example_dags/example_xcomargs.py
[2025-04-19T10:24:26.320+0000] {processor.py:914} INFO - Processing file /home/airflow/.local/lib/python3.12/site-packages/airflow/example_dags/example_xcomargs.py for tasks to queue
[2025-04-19T10:24:26.326+0000] {logging_mixin.py:190} INFO - [2025-04-19T10:24:26.325+0000] {dagbag.py:588} INFO - Filling up the DagBag from /home/airflow/.local/lib/python3.12/site-packages/airflow/example_dags/example_xcomargs.py
[2025-04-19T10:24:26.345+0000] {processor.py:925} INFO - DAG(s) 'example_xcom_args', 'example_xcom_args_with_operators' retrieved from /home/airflow/.local/lib/python3.12/site-packages/airflow/example_dags/example_xcomargs.py
[2025-04-19T10:24:26.395+0000] {logging_mixin.py:190} INFO - [2025-04-19T10:24:26.394+0000] {dag.py:3239} INFO - Sync 2 DAGs
[2025-04-19T10:24:26.422+0000] {logging_mixin.py:190} INFO - [2025-04-19T10:24:26.421+0000] {dag.py:4180} INFO - Setting next_dagrun for example_xcom_args to None, run_after=None
[2025-04-19T10:24:26.429+0000] {logging_mixin.py:190} INFO - [2025-04-19T10:24:26.429+0000] {dag.py:4180} INFO - Setting next_dagrun for example_xcom_args_with_operators to None, run_after=None
[2025-04-19T10:24:26.460+0000] {processor.py:208} INFO - Processing /home/airflow/.local/lib/python3.12/site-packages/airflow/example_dags/example_xcomargs.py took 0.151 seconds
[2025-04-19T10:24:58.270+0000] {processor.py:186} INFO - Started process (PID=814) to work on /home/airflow/.local/lib/python3.12/site-packages/airflow/example_dags/example_xcomargs.py
[2025-04-19T10:24:58.273+0000] {processor.py:914} INFO - Processing file /home/airflow/.local/lib/python3.12/site-packages/airflow/example_dags/example_xcomargs.py for tasks to queue
[2025-04-19T10:24:58.281+0000] {logging_mixin.py:190} INFO - [2025-04-19T10:24:58.280+0000] {dagbag.py:588} INFO - Filling up the DagBag from /home/airflow/.local/lib/python3.12/site-packages/airflow/example_dags/example_xcomargs.py
[2025-04-19T10:24:58.305+0000] {processor.py:925} INFO - DAG(s) 'example_xcom_args_with_operators', 'example_xcom_args' retrieved from /home/airflow/.local/lib/python3.12/site-packages/airflow/example_dags/example_xcomargs.py
[2025-04-19T10:24:58.346+0000] {logging_mixin.py:190} INFO - [2025-04-19T10:24:58.346+0000] {dag.py:3239} INFO - Sync 2 DAGs
[2025-04-19T10:24:58.371+0000] {logging_mixin.py:190} INFO - [2025-04-19T10:24:58.371+0000] {dag.py:4180} INFO - Setting next_dagrun for example_xcom_args to None, run_after=None
[2025-04-19T10:24:58.378+0000] {logging_mixin.py:190} INFO - [2025-04-19T10:24:58.378+0000] {dag.py:4180} INFO - Setting next_dagrun for example_xcom_args_with_operators to None, run_after=None
[2025-04-19T10:24:58.408+0000] {processor.py:208} INFO - Processing /home/airflow/.local/lib/python3.12/site-packages/airflow/example_dags/example_xcomargs.py took 0.154 seconds
[2025-04-19T10:25:30.582+0000] {processor.py:186} INFO - Started process (PID=880) to work on /home/airflow/.local/lib/python3.12/site-packages/airflow/example_dags/example_xcomargs.py
[2025-04-19T10:25:30.587+0000] {processor.py:914} INFO - Processing file /home/airflow/.local/lib/python3.12/site-packages/airflow/example_dags/example_xcomargs.py for tasks to queue
[2025-04-19T10:25:30.596+0000] {logging_mixin.py:190} INFO - [2025-04-19T10:25:30.595+0000] {dagbag.py:588} INFO - Filling up the DagBag from /home/airflow/.local/lib/python3.12/site-packages/airflow/example_dags/example_xcomargs.py
[2025-04-19T10:25:30.631+0000] {processor.py:925} INFO - DAG(s) 'example_xcom_args_with_operators', 'example_xcom_args' retrieved from /home/airflow/.local/lib/python3.12/site-packages/airflow/example_dags/example_xcomargs.py
[2025-04-19T10:25:30.715+0000] {logging_mixin.py:190} INFO - [2025-04-19T10:25:30.713+0000] {dag.py:3239} INFO - Sync 2 DAGs
[2025-04-19T10:25:30.760+0000] {logging_mixin.py:190} INFO - [2025-04-19T10:25:30.759+0000] {dag.py:4180} INFO - Setting next_dagrun for example_xcom_args to None, run_after=None
[2025-04-19T10:25:30.772+0000] {logging_mixin.py:190} INFO - [2025-04-19T10:25:30.772+0000] {dag.py:4180} INFO - Setting next_dagrun for example_xcom_args_with_operators to None, run_after=None
[2025-04-19T10:25:30.806+0000] {processor.py:208} INFO - Processing /home/airflow/.local/lib/python3.12/site-packages/airflow/example_dags/example_xcomargs.py took 0.245 seconds
[2025-04-19T10:26:01.811+0000] {processor.py:186} INFO - Started process (PID=942) to work on /home/airflow/.local/lib/python3.12/site-packages/airflow/example_dags/example_xcomargs.py
[2025-04-19T10:26:01.814+0000] {processor.py:914} INFO - Processing file /home/airflow/.local/lib/python3.12/site-packages/airflow/example_dags/example_xcomargs.py for tasks to queue
[2025-04-19T10:26:01.823+0000] {logging_mixin.py:190} INFO - [2025-04-19T10:26:01.821+0000] {dagbag.py:588} INFO - Filling up the DagBag from /home/airflow/.local/lib/python3.12/site-packages/airflow/example_dags/example_xcomargs.py
[2025-04-19T10:26:01.858+0000] {processor.py:925} INFO - DAG(s) 'example_xcom_args', 'example_xcom_args_with_operators' retrieved from /home/airflow/.local/lib/python3.12/site-packages/airflow/example_dags/example_xcomargs.py
[2025-04-19T10:26:01.938+0000] {logging_mixin.py:190} INFO - [2025-04-19T10:26:01.937+0000] {dag.py:3239} INFO - Sync 2 DAGs
[2025-04-19T10:26:01.972+0000] {logging_mixin.py:190} INFO - [2025-04-19T10:26:01.972+0000] {dag.py:4180} INFO - Setting next_dagrun for example_xcom_args to None, run_after=None
[2025-04-19T10:26:01.979+0000] {logging_mixin.py:190} INFO - [2025-04-19T10:26:01.978+0000] {dag.py:4180} INFO - Setting next_dagrun for example_xcom_args_with_operators to None, run_after=None
[2025-04-19T10:26:02.011+0000] {processor.py:208} INFO - Processing /home/airflow/.local/lib/python3.12/site-packages/airflow/example_dags/example_xcomargs.py took 0.219 seconds
[2025-04-19T10:26:32.892+0000] {processor.py:186} INFO - Started process (PID=1004) to work on /home/airflow/.local/lib/python3.12/site-packages/airflow/example_dags/example_xcomargs.py
[2025-04-19T10:26:32.896+0000] {processor.py:914} INFO - Processing file /home/airflow/.local/lib/python3.12/site-packages/airflow/example_dags/example_xcomargs.py for tasks to queue
[2025-04-19T10:26:32.904+0000] {logging_mixin.py:190} INFO - [2025-04-19T10:26:32.903+0000] {dagbag.py:588} INFO - Filling up the DagBag from /home/airflow/.local/lib/python3.12/site-packages/airflow/example_dags/example_xcomargs.py
[2025-04-19T10:26:32.947+0000] {processor.py:925} INFO - DAG(s) 'example_xcom_args_with_operators', 'example_xcom_args' retrieved from /home/airflow/.local/lib/python3.12/site-packages/airflow/example_dags/example_xcomargs.py
[2025-04-19T10:26:33.038+0000] {logging_mixin.py:190} INFO - [2025-04-19T10:26:33.037+0000] {dag.py:3239} INFO - Sync 2 DAGs
[2025-04-19T10:26:33.089+0000] {logging_mixin.py:190} INFO - [2025-04-19T10:26:33.088+0000] {dag.py:4180} INFO - Setting next_dagrun for example_xcom_args to None, run_after=None
[2025-04-19T10:26:33.102+0000] {logging_mixin.py:190} INFO - [2025-04-19T10:26:33.101+0000] {dag.py:4180} INFO - Setting next_dagrun for example_xcom_args_with_operators to None, run_after=None
[2025-04-19T10:26:33.145+0000] {processor.py:208} INFO - Processing /home/airflow/.local/lib/python3.12/site-packages/airflow/example_dags/example_xcomargs.py took 0.277 seconds
[2025-04-19T10:27:04.002+0000] {processor.py:186} INFO - Started process (PID=1074) to work on /home/airflow/.local/lib/python3.12/site-packages/airflow/example_dags/example_xcomargs.py
[2025-04-19T10:27:04.007+0000] {processor.py:914} INFO - Processing file /home/airflow/.local/lib/python3.12/site-packages/airflow/example_dags/example_xcomargs.py for tasks to queue
[2025-04-19T10:27:04.016+0000] {logging_mixin.py:190} INFO - [2025-04-19T10:27:04.014+0000] {dagbag.py:588} INFO - Filling up the DagBag from /home/airflow/.local/lib/python3.12/site-packages/airflow/example_dags/example_xcomargs.py
[2025-04-19T10:27:04.052+0000] {processor.py:925} INFO - DAG(s) 'example_xcom_args', 'example_xcom_args_with_operators' retrieved from /home/airflow/.local/lib/python3.12/site-packages/airflow/example_dags/example_xcomargs.py
[2025-04-19T10:27:04.161+0000] {logging_mixin.py:190} INFO - [2025-04-19T10:27:04.160+0000] {dag.py:3239} INFO - Sync 2 DAGs
[2025-04-19T10:27:04.216+0000] {logging_mixin.py:190} INFO - [2025-04-19T10:27:04.215+0000] {dag.py:4180} INFO - Setting next_dagrun for example_xcom_args to None, run_after=None
[2025-04-19T10:27:04.230+0000] {logging_mixin.py:190} INFO - [2025-04-19T10:27:04.229+0000] {dag.py:4180} INFO - Setting next_dagrun for example_xcom_args_with_operators to None, run_after=None
[2025-04-19T10:27:04.306+0000] {processor.py:208} INFO - Processing /home/airflow/.local/lib/python3.12/site-packages/airflow/example_dags/example_xcomargs.py took 0.326 seconds
[2025-04-19T10:27:35.068+0000] {processor.py:186} INFO - Started process (PID=1136) to work on /home/airflow/.local/lib/python3.12/site-packages/airflow/example_dags/example_xcomargs.py
[2025-04-19T10:27:35.070+0000] {processor.py:914} INFO - Processing file /home/airflow/.local/lib/python3.12/site-packages/airflow/example_dags/example_xcomargs.py for tasks to queue
[2025-04-19T10:27:35.075+0000] {logging_mixin.py:190} INFO - [2025-04-19T10:27:35.074+0000] {dagbag.py:588} INFO - Filling up the DagBag from /home/airflow/.local/lib/python3.12/site-packages/airflow/example_dags/example_xcomargs.py
[2025-04-19T10:27:35.091+0000] {processor.py:925} INFO - DAG(s) 'example_xcom_args', 'example_xcom_args_with_operators' retrieved from /home/airflow/.local/lib/python3.12/site-packages/airflow/example_dags/example_xcomargs.py
[2025-04-19T10:27:35.145+0000] {logging_mixin.py:190} INFO - [2025-04-19T10:27:35.144+0000] {dag.py:3239} INFO - Sync 2 DAGs
[2025-04-19T10:27:35.176+0000] {logging_mixin.py:190} INFO - [2025-04-19T10:27:35.176+0000] {dag.py:4180} INFO - Setting next_dagrun for example_xcom_args to None, run_after=None
[2025-04-19T10:27:35.183+0000] {logging_mixin.py:190} INFO - [2025-04-19T10:27:35.183+0000] {dag.py:4180} INFO - Setting next_dagrun for example_xcom_args_with_operators to None, run_after=None
[2025-04-19T10:27:35.219+0000] {processor.py:208} INFO - Processing /home/airflow/.local/lib/python3.12/site-packages/airflow/example_dags/example_xcomargs.py took 0.161 seconds
[2025-04-19T10:28:05.566+0000] {processor.py:186} INFO - Started process (PID=1199) to work on /home/airflow/.local/lib/python3.12/site-packages/airflow/example_dags/example_xcomargs.py
[2025-04-19T10:28:05.570+0000] {processor.py:914} INFO - Processing file /home/airflow/.local/lib/python3.12/site-packages/airflow/example_dags/example_xcomargs.py for tasks to queue
[2025-04-19T10:28:05.577+0000] {logging_mixin.py:190} INFO - [2025-04-19T10:28:05.576+0000] {dagbag.py:588} INFO - Filling up the DagBag from /home/airflow/.local/lib/python3.12/site-packages/airflow/example_dags/example_xcomargs.py
[2025-04-19T10:28:05.602+0000] {processor.py:925} INFO - DAG(s) 'example_xcom_args_with_operators', 'example_xcom_args' retrieved from /home/airflow/.local/lib/python3.12/site-packages/airflow/example_dags/example_xcomargs.py
[2025-04-19T10:28:05.680+0000] {logging_mixin.py:190} INFO - [2025-04-19T10:28:05.679+0000] {dag.py:3239} INFO - Sync 2 DAGs
[2025-04-19T10:28:05.716+0000] {logging_mixin.py:190} INFO - [2025-04-19T10:28:05.716+0000] {dag.py:4180} INFO - Setting next_dagrun for example_xcom_args to None, run_after=None
[2025-04-19T10:28:05.731+0000] {logging_mixin.py:190} INFO - [2025-04-19T10:28:05.730+0000] {dag.py:4180} INFO - Setting next_dagrun for example_xcom_args_with_operators to None, run_after=None
[2025-04-19T10:28:05.784+0000] {processor.py:208} INFO - Processing /home/airflow/.local/lib/python3.12/site-packages/airflow/example_dags/example_xcomargs.py took 0.241 seconds
[2025-04-19T10:28:36.125+0000] {processor.py:186} INFO - Started process (PID=1262) to work on /home/airflow/.local/lib/python3.12/site-packages/airflow/example_dags/example_xcomargs.py
[2025-04-19T10:28:36.129+0000] {processor.py:914} INFO - Processing file /home/airflow/.local/lib/python3.12/site-packages/airflow/example_dags/example_xcomargs.py for tasks to queue
[2025-04-19T10:28:36.137+0000] {logging_mixin.py:190} INFO - [2025-04-19T10:28:36.136+0000] {dagbag.py:588} INFO - Filling up the DagBag from /home/airflow/.local/lib/python3.12/site-packages/airflow/example_dags/example_xcomargs.py
[2025-04-19T10:28:36.171+0000] {processor.py:925} INFO - DAG(s) 'example_xcom_args_with_operators', 'example_xcom_args' retrieved from /home/airflow/.local/lib/python3.12/site-packages/airflow/example_dags/example_xcomargs.py
[2025-04-19T10:28:36.244+0000] {logging_mixin.py:190} INFO - [2025-04-19T10:28:36.243+0000] {dag.py:3239} INFO - Sync 2 DAGs
[2025-04-19T10:28:36.282+0000] {logging_mixin.py:190} INFO - [2025-04-19T10:28:36.281+0000] {dag.py:4180} INFO - Setting next_dagrun for example_xcom_args to None, run_after=None
[2025-04-19T10:28:36.292+0000] {logging_mixin.py:190} INFO - [2025-04-19T10:28:36.291+0000] {dag.py:4180} INFO - Setting next_dagrun for example_xcom_args_with_operators to None, run_after=None
[2025-04-19T10:28:36.346+0000] {processor.py:208} INFO - Processing /home/airflow/.local/lib/python3.12/site-packages/airflow/example_dags/example_xcomargs.py took 0.233 seconds
[2025-04-19T10:29:06.806+0000] {processor.py:186} INFO - Started process (PID=1325) to work on /home/airflow/.local/lib/python3.12/site-packages/airflow/example_dags/example_xcomargs.py
[2025-04-19T10:29:06.810+0000] {processor.py:914} INFO - Processing file /home/airflow/.local/lib/python3.12/site-packages/airflow/example_dags/example_xcomargs.py for tasks to queue
[2025-04-19T10:29:06.815+0000] {logging_mixin.py:190} INFO - [2025-04-19T10:29:06.815+0000] {dagbag.py:588} INFO - Filling up the DagBag from /home/airflow/.local/lib/python3.12/site-packages/airflow/example_dags/example_xcomargs.py
[2025-04-19T10:29:06.836+0000] {processor.py:925} INFO - DAG(s) 'example_xcom_args', 'example_xcom_args_with_operators' retrieved from /home/airflow/.local/lib/python3.12/site-packages/airflow/example_dags/example_xcomargs.py
[2025-04-19T10:29:06.883+0000] {logging_mixin.py:190} INFO - [2025-04-19T10:29:06.883+0000] {dag.py:3239} INFO - Sync 2 DAGs
[2025-04-19T10:29:06.906+0000] {logging_mixin.py:190} INFO - [2025-04-19T10:29:06.906+0000] {dag.py:4180} INFO - Setting next_dagrun for example_xcom_args to None, run_after=None
[2025-04-19T10:29:06.913+0000] {logging_mixin.py:190} INFO - [2025-04-19T10:29:06.913+0000] {dag.py:4180} INFO - Setting next_dagrun for example_xcom_args_with_operators to None, run_after=None
[2025-04-19T10:29:06.944+0000] {processor.py:208} INFO - Processing /home/airflow/.local/lib/python3.12/site-packages/airflow/example_dags/example_xcomargs.py took 0.146 seconds
[2025-04-19T10:31:46.114+0000] {processor.py:186} INFO - Started process (PID=115) to work on /home/airflow/.local/lib/python3.12/site-packages/airflow/example_dags/example_xcomargs.py
[2025-04-19T10:31:46.116+0000] {processor.py:914} INFO - Processing file /home/airflow/.local/lib/python3.12/site-packages/airflow/example_dags/example_xcomargs.py for tasks to queue
[2025-04-19T10:31:46.122+0000] {logging_mixin.py:190} INFO - [2025-04-19T10:31:46.121+0000] {dagbag.py:588} INFO - Filling up the DagBag from /home/airflow/.local/lib/python3.12/site-packages/airflow/example_dags/example_xcomargs.py
[2025-04-19T10:31:46.144+0000] {processor.py:925} INFO - DAG(s) 'example_xcom_args_with_operators', 'example_xcom_args' retrieved from /home/airflow/.local/lib/python3.12/site-packages/airflow/example_dags/example_xcomargs.py
[2025-04-19T10:31:46.195+0000] {logging_mixin.py:190} INFO - [2025-04-19T10:31:46.194+0000] {dag.py:3239} INFO - Sync 2 DAGs
[2025-04-19T10:31:46.222+0000] {logging_mixin.py:190} INFO - [2025-04-19T10:31:46.222+0000] {dag.py:4180} INFO - Setting next_dagrun for example_xcom_args to None, run_after=None
[2025-04-19T10:31:46.232+0000] {logging_mixin.py:190} INFO - [2025-04-19T10:31:46.232+0000] {dag.py:4180} INFO - Setting next_dagrun for example_xcom_args_with_operators to None, run_after=None
[2025-04-19T10:31:46.272+0000] {processor.py:208} INFO - Processing /home/airflow/.local/lib/python3.12/site-packages/airflow/example_dags/example_xcomargs.py took 0.170 seconds
[2025-04-19T10:32:18.318+0000] {processor.py:186} INFO - Started process (PID=178) to work on /home/airflow/.local/lib/python3.12/site-packages/airflow/example_dags/example_xcomargs.py
[2025-04-19T10:32:18.320+0000] {processor.py:914} INFO - Processing file /home/airflow/.local/lib/python3.12/site-packages/airflow/example_dags/example_xcomargs.py for tasks to queue
[2025-04-19T10:32:18.325+0000] {logging_mixin.py:190} INFO - [2025-04-19T10:32:18.324+0000] {dagbag.py:588} INFO - Filling up the DagBag from /home/airflow/.local/lib/python3.12/site-packages/airflow/example_dags/example_xcomargs.py
[2025-04-19T10:32:18.340+0000] {processor.py:925} INFO - DAG(s) 'example_xcom_args', 'example_xcom_args_with_operators' retrieved from /home/airflow/.local/lib/python3.12/site-packages/airflow/example_dags/example_xcomargs.py
[2025-04-19T10:32:18.378+0000] {logging_mixin.py:190} INFO - [2025-04-19T10:32:18.377+0000] {dag.py:3239} INFO - Sync 2 DAGs
[2025-04-19T10:32:18.407+0000] {logging_mixin.py:190} INFO - [2025-04-19T10:32:18.406+0000] {dag.py:4180} INFO - Setting next_dagrun for example_xcom_args to None, run_after=None
[2025-04-19T10:32:18.415+0000] {logging_mixin.py:190} INFO - [2025-04-19T10:32:18.415+0000] {dag.py:4180} INFO - Setting next_dagrun for example_xcom_args_with_operators to None, run_after=None
[2025-04-19T10:32:18.456+0000] {processor.py:208} INFO - Processing /home/airflow/.local/lib/python3.12/site-packages/airflow/example_dags/example_xcomargs.py took 0.146 seconds
[2025-04-19T10:32:50.492+0000] {processor.py:186} INFO - Started process (PID=241) to work on /home/airflow/.local/lib/python3.12/site-packages/airflow/example_dags/example_xcomargs.py
[2025-04-19T10:32:50.495+0000] {processor.py:914} INFO - Processing file /home/airflow/.local/lib/python3.12/site-packages/airflow/example_dags/example_xcomargs.py for tasks to queue
[2025-04-19T10:32:50.501+0000] {logging_mixin.py:190} INFO - [2025-04-19T10:32:50.500+0000] {dagbag.py:588} INFO - Filling up the DagBag from /home/airflow/.local/lib/python3.12/site-packages/airflow/example_dags/example_xcomargs.py
[2025-04-19T10:32:50.516+0000] {processor.py:925} INFO - DAG(s) 'example_xcom_args', 'example_xcom_args_with_operators' retrieved from /home/airflow/.local/lib/python3.12/site-packages/airflow/example_dags/example_xcomargs.py
[2025-04-19T10:32:50.572+0000] {logging_mixin.py:190} INFO - [2025-04-19T10:32:50.572+0000] {dag.py:3239} INFO - Sync 2 DAGs
[2025-04-19T10:32:50.602+0000] {logging_mixin.py:190} INFO - [2025-04-19T10:32:50.601+0000] {dag.py:4180} INFO - Setting next_dagrun for example_xcom_args to None, run_after=None
[2025-04-19T10:32:50.608+0000] {logging_mixin.py:190} INFO - [2025-04-19T10:32:50.608+0000] {dag.py:4180} INFO - Setting next_dagrun for example_xcom_args_with_operators to None, run_after=None
[2025-04-19T10:32:50.645+0000] {processor.py:208} INFO - Processing /home/airflow/.local/lib/python3.12/site-packages/airflow/example_dags/example_xcomargs.py took 0.168 seconds
[2025-04-19T10:33:22.070+0000] {processor.py:186} INFO - Started process (PID=305) to work on /home/airflow/.local/lib/python3.12/site-packages/airflow/example_dags/example_xcomargs.py
[2025-04-19T10:33:22.072+0000] {processor.py:914} INFO - Processing file /home/airflow/.local/lib/python3.12/site-packages/airflow/example_dags/example_xcomargs.py for tasks to queue
[2025-04-19T10:33:22.079+0000] {logging_mixin.py:190} INFO - [2025-04-19T10:33:22.078+0000] {dagbag.py:588} INFO - Filling up the DagBag from /home/airflow/.local/lib/python3.12/site-packages/airflow/example_dags/example_xcomargs.py
[2025-04-19T10:33:22.100+0000] {processor.py:925} INFO - DAG(s) 'example_xcom_args_with_operators', 'example_xcom_args' retrieved from /home/airflow/.local/lib/python3.12/site-packages/airflow/example_dags/example_xcomargs.py
[2025-04-19T10:33:22.157+0000] {logging_mixin.py:190} INFO - [2025-04-19T10:33:22.156+0000] {dag.py:3239} INFO - Sync 2 DAGs
[2025-04-19T10:33:22.198+0000] {logging_mixin.py:190} INFO - [2025-04-19T10:33:22.198+0000] {dag.py:4180} INFO - Setting next_dagrun for example_xcom_args to None, run_after=None
[2025-04-19T10:33:22.207+0000] {logging_mixin.py:190} INFO - [2025-04-19T10:33:22.206+0000] {dag.py:4180} INFO - Setting next_dagrun for example_xcom_args_with_operators to None, run_after=None
[2025-04-19T10:33:22.261+0000] {processor.py:208} INFO - Processing /home/airflow/.local/lib/python3.12/site-packages/airflow/example_dags/example_xcomargs.py took 0.206 seconds
[2025-04-19T10:33:55.204+0000] {processor.py:186} INFO - Started process (PID=373) to work on /home/airflow/.local/lib/python3.12/site-packages/airflow/example_dags/example_xcomargs.py
[2025-04-19T10:33:55.207+0000] {processor.py:914} INFO - Processing file /home/airflow/.local/lib/python3.12/site-packages/airflow/example_dags/example_xcomargs.py for tasks to queue
[2025-04-19T10:33:55.220+0000] {logging_mixin.py:190} INFO - [2025-04-19T10:33:55.218+0000] {dagbag.py:588} INFO - Filling up the DagBag from /home/airflow/.local/lib/python3.12/site-packages/airflow/example_dags/example_xcomargs.py
[2025-04-19T10:33:55.262+0000] {processor.py:925} INFO - DAG(s) 'example_xcom_args', 'example_xcom_args_with_operators' retrieved from /home/airflow/.local/lib/python3.12/site-packages/airflow/example_dags/example_xcomargs.py
[2025-04-19T10:33:55.343+0000] {logging_mixin.py:190} INFO - [2025-04-19T10:33:55.342+0000] {dag.py:3239} INFO - Sync 2 DAGs
[2025-04-19T10:33:55.368+0000] {logging_mixin.py:190} INFO - [2025-04-19T10:33:55.367+0000] {dag.py:4180} INFO - Setting next_dagrun for example_xcom_args to None, run_after=None
[2025-04-19T10:33:55.377+0000] {logging_mixin.py:190} INFO - [2025-04-19T10:33:55.376+0000] {dag.py:4180} INFO - Setting next_dagrun for example_xcom_args_with_operators to None, run_after=None
[2025-04-19T10:33:55.426+0000] {processor.py:208} INFO - Processing /home/airflow/.local/lib/python3.12/site-packages/airflow/example_dags/example_xcomargs.py took 0.235 seconds
