[2025-04-19T10:19:01.011+0000] {processor.py:186} INFO - Started process (PID=90) to work on /home/airflow/.local/lib/python3.12/site-packages/airflow/example_dags/example_branch_datetime_operator.py
[2025-04-19T10:19:01.015+0000] {processor.py:914} INFO - Processing file /home/airflow/.local/lib/python3.12/site-packages/airflow/example_dags/example_branch_datetime_operator.py for tasks to queue
[2025-04-19T10:19:01.025+0000] {logging_mixin.py:190} INFO - [2025-04-19T10:19:01.021+0000] {dagbag.py:588} INFO - Filling up the DagBag from /home/airflow/.local/lib/python3.12/site-packages/airflow/example_dags/example_branch_datetime_operator.py
[2025-04-19T10:19:01.062+0000] {processor.py:925} INFO - DAG(s) 'example_branch_datetime_operator', 'example_branch_datetime_operator_2', 'example_branch_datetime_operator_3' retrieved from /home/airflow/.local/lib/python3.12/site-packages/airflow/example_dags/example_branch_datetime_operator.py
[2025-04-19T10:19:01.421+0000] {logging_mixin.py:190} INFO - [2025-04-19T10:19:01.417+0000] {override.py:1912} INFO - Created Permission View: can delete on DAG:example_branch_datetime_operator
[2025-04-19T10:19:01.453+0000] {logging_mixin.py:190} INFO - [2025-04-19T10:19:01.452+0000] {override.py:1912} INFO - Created Permission View: can read on DAG:example_branch_datetime_operator
[2025-04-19T10:19:01.477+0000] {logging_mixin.py:190} INFO - [2025-04-19T10:19:01.476+0000] {override.py:1912} INFO - Created Permission View: can edit on DAG:example_branch_datetime_operator
[2025-04-19T10:19:01.499+0000] {logging_mixin.py:190} INFO - [2025-04-19T10:19:01.498+0000] {override.py:1912} INFO - Created Permission View: can delete on DAG Run:example_branch_datetime_operator
[2025-04-19T10:19:01.518+0000] {logging_mixin.py:190} INFO - [2025-04-19T10:19:01.518+0000] {override.py:1912} INFO - Created Permission View: can read on DAG Run:example_branch_datetime_operator
[2025-04-19T10:19:01.535+0000] {logging_mixin.py:190} INFO - [2025-04-19T10:19:01.534+0000] {override.py:1912} INFO - Created Permission View: menu access on DAG Run:example_branch_datetime_operator
[2025-04-19T10:19:01.553+0000] {logging_mixin.py:190} INFO - [2025-04-19T10:19:01.552+0000] {override.py:1912} INFO - Created Permission View: can create on DAG Run:example_branch_datetime_operator
[2025-04-19T10:19:01.587+0000] {logging_mixin.py:190} INFO - [2025-04-19T10:19:01.586+0000] {override.py:1912} INFO - Created Permission View: can delete on DAG:example_branch_datetime_operator_2
[2025-04-19T10:19:01.606+0000] {logging_mixin.py:190} INFO - [2025-04-19T10:19:01.605+0000] {override.py:1912} INFO - Created Permission View: can read on DAG:example_branch_datetime_operator_2
[2025-04-19T10:19:01.625+0000] {logging_mixin.py:190} INFO - [2025-04-19T10:19:01.624+0000] {override.py:1912} INFO - Created Permission View: can edit on DAG:example_branch_datetime_operator_2
[2025-04-19T10:19:01.647+0000] {logging_mixin.py:190} INFO - [2025-04-19T10:19:01.647+0000] {override.py:1912} INFO - Created Permission View: can delete on DAG Run:example_branch_datetime_operator_2
[2025-04-19T10:19:01.673+0000] {logging_mixin.py:190} INFO - [2025-04-19T10:19:01.672+0000] {override.py:1912} INFO - Created Permission View: can read on DAG Run:example_branch_datetime_operator_2
[2025-04-19T10:19:01.694+0000] {logging_mixin.py:190} INFO - [2025-04-19T10:19:01.693+0000] {override.py:1912} INFO - Created Permission View: menu access on DAG Run:example_branch_datetime_operator_2
[2025-04-19T10:19:01.718+0000] {logging_mixin.py:190} INFO - [2025-04-19T10:19:01.717+0000] {override.py:1912} INFO - Created Permission View: can create on DAG Run:example_branch_datetime_operator_2
[2025-04-19T10:19:01.760+0000] {logging_mixin.py:190} INFO - [2025-04-19T10:19:01.759+0000] {override.py:1912} INFO - Created Permission View: can delete on DAG:example_branch_datetime_operator_3
[2025-04-19T10:19:01.784+0000] {logging_mixin.py:190} INFO - [2025-04-19T10:19:01.783+0000] {override.py:1912} INFO - Created Permission View: can read on DAG:example_branch_datetime_operator_3
[2025-04-19T10:19:01.806+0000] {logging_mixin.py:190} INFO - [2025-04-19T10:19:01.805+0000] {override.py:1912} INFO - Created Permission View: can edit on DAG:example_branch_datetime_operator_3
[2025-04-19T10:19:01.829+0000] {logging_mixin.py:190} INFO - [2025-04-19T10:19:01.829+0000] {override.py:1912} INFO - Created Permission View: can delete on DAG Run:example_branch_datetime_operator_3
[2025-04-19T10:19:01.847+0000] {logging_mixin.py:190} INFO - [2025-04-19T10:19:01.846+0000] {override.py:1912} INFO - Created Permission View: can read on DAG Run:example_branch_datetime_operator_3
[2025-04-19T10:19:01.864+0000] {logging_mixin.py:190} INFO - [2025-04-19T10:19:01.864+0000] {override.py:1912} INFO - Created Permission View: menu access on DAG Run:example_branch_datetime_operator_3
[2025-04-19T10:19:01.883+0000] {logging_mixin.py:190} INFO - [2025-04-19T10:19:01.883+0000] {override.py:1912} INFO - Created Permission View: can create on DAG Run:example_branch_datetime_operator_3
[2025-04-19T10:19:01.885+0000] {logging_mixin.py:190} INFO - [2025-04-19T10:19:01.885+0000] {dag.py:3239} INFO - Sync 3 DAGs
[2025-04-19T10:19:01.919+0000] {logging_mixin.py:190} INFO - [2025-04-19T10:19:01.918+0000] {dag.py:3262} INFO - Creating ORM DAG for example_branch_datetime_operator_3
[2025-04-19T10:19:01.921+0000] {logging_mixin.py:190} INFO - [2025-04-19T10:19:01.921+0000] {dag.py:3262} INFO - Creating ORM DAG for example_branch_datetime_operator
[2025-04-19T10:19:01.923+0000] {logging_mixin.py:190} INFO - [2025-04-19T10:19:01.923+0000] {dag.py:3262} INFO - Creating ORM DAG for example_branch_datetime_operator_2
[2025-04-19T10:19:01.945+0000] {logging_mixin.py:190} INFO - [2025-04-19T10:19:01.944+0000] {dag.py:4180} INFO - Setting next_dagrun for example_branch_datetime_operator to 2025-04-18 00:00:00+00:00, run_after=2025-04-19 00:00:00+00:00
[2025-04-19T10:19:01.948+0000] {logging_mixin.py:190} INFO - [2025-04-19T10:19:01.948+0000] {dag.py:4180} INFO - Setting next_dagrun for example_branch_datetime_operator_2 to 2025-04-18 00:00:00+00:00, run_after=2025-04-19 00:00:00+00:00
[2025-04-19T10:19:01.951+0000] {logging_mixin.py:190} INFO - [2025-04-19T10:19:01.951+0000] {dag.py:4180} INFO - Setting next_dagrun for example_branch_datetime_operator_3 to 2025-04-18 00:00:00+00:00, run_after=2025-04-19 00:00:00+00:00
[2025-04-19T10:19:01.990+0000] {processor.py:208} INFO - Processing /home/airflow/.local/lib/python3.12/site-packages/airflow/example_dags/example_branch_datetime_operator.py took 0.999 seconds
[2025-04-19T10:19:32.822+0000] {processor.py:186} INFO - Started process (PID=153) to work on /home/airflow/.local/lib/python3.12/site-packages/airflow/example_dags/example_branch_datetime_operator.py
[2025-04-19T10:19:32.825+0000] {processor.py:914} INFO - Processing file /home/airflow/.local/lib/python3.12/site-packages/airflow/example_dags/example_branch_datetime_operator.py for tasks to queue
[2025-04-19T10:19:32.832+0000] {logging_mixin.py:190} INFO - [2025-04-19T10:19:32.831+0000] {dagbag.py:588} INFO - Filling up the DagBag from /home/airflow/.local/lib/python3.12/site-packages/airflow/example_dags/example_branch_datetime_operator.py
[2025-04-19T10:19:32.851+0000] {processor.py:925} INFO - DAG(s) 'example_branch_datetime_operator', 'example_branch_datetime_operator_2', 'example_branch_datetime_operator_3' retrieved from /home/airflow/.local/lib/python3.12/site-packages/airflow/example_dags/example_branch_datetime_operator.py
[2025-04-19T10:19:32.935+0000] {logging_mixin.py:190} INFO - [2025-04-19T10:19:32.935+0000] {dag.py:3239} INFO - Sync 3 DAGs
[2025-04-19T10:19:32.982+0000] {logging_mixin.py:190} INFO - [2025-04-19T10:19:32.981+0000] {dag.py:4180} INFO - Setting next_dagrun for example_branch_datetime_operator to 2025-04-18 00:00:00+00:00, run_after=2025-04-19 00:00:00+00:00
[2025-04-19T10:19:32.995+0000] {logging_mixin.py:190} INFO - [2025-04-19T10:19:32.994+0000] {dag.py:4180} INFO - Setting next_dagrun for example_branch_datetime_operator_2 to 2025-04-18 00:00:00+00:00, run_after=2025-04-19 00:00:00+00:00
[2025-04-19T10:19:33.001+0000] {logging_mixin.py:190} INFO - [2025-04-19T10:19:33.001+0000] {dag.py:4180} INFO - Setting next_dagrun for example_branch_datetime_operator_3 to 2025-04-18 00:00:00+00:00, run_after=2025-04-19 00:00:00+00:00
[2025-04-19T10:19:33.038+0000] {processor.py:208} INFO - Processing /home/airflow/.local/lib/python3.12/site-packages/airflow/example_dags/example_branch_datetime_operator.py took 0.233 seconds
[2025-04-19T10:20:03.725+0000] {processor.py:186} INFO - Started process (PID=215) to work on /home/airflow/.local/lib/python3.12/site-packages/airflow/example_dags/example_branch_datetime_operator.py
[2025-04-19T10:20:03.729+0000] {processor.py:914} INFO - Processing file /home/airflow/.local/lib/python3.12/site-packages/airflow/example_dags/example_branch_datetime_operator.py for tasks to queue
[2025-04-19T10:20:03.739+0000] {logging_mixin.py:190} INFO - [2025-04-19T10:20:03.737+0000] {dagbag.py:588} INFO - Filling up the DagBag from /home/airflow/.local/lib/python3.12/site-packages/airflow/example_dags/example_branch_datetime_operator.py
[2025-04-19T10:20:03.804+0000] {processor.py:925} INFO - DAG(s) 'example_branch_datetime_operator_3', 'example_branch_datetime_operator', 'example_branch_datetime_operator_2' retrieved from /home/airflow/.local/lib/python3.12/site-packages/airflow/example_dags/example_branch_datetime_operator.py
[2025-04-19T10:20:03.932+0000] {logging_mixin.py:190} INFO - [2025-04-19T10:20:03.931+0000] {dag.py:3239} INFO - Sync 3 DAGs
[2025-04-19T10:20:03.977+0000] {logging_mixin.py:190} INFO - [2025-04-19T10:20:03.976+0000] {dag.py:4180} INFO - Setting next_dagrun for example_branch_datetime_operator to 2025-04-18 00:00:00+00:00, run_after=2025-04-19 00:00:00+00:00
[2025-04-19T10:20:03.989+0000] {logging_mixin.py:190} INFO - [2025-04-19T10:20:03.988+0000] {dag.py:4180} INFO - Setting next_dagrun for example_branch_datetime_operator_2 to 2025-04-18 00:00:00+00:00, run_after=2025-04-19 00:00:00+00:00
[2025-04-19T10:20:03.994+0000] {logging_mixin.py:190} INFO - [2025-04-19T10:20:03.994+0000] {dag.py:4180} INFO - Setting next_dagrun for example_branch_datetime_operator_3 to 2025-04-18 00:00:00+00:00, run_after=2025-04-19 00:00:00+00:00
[2025-04-19T10:20:04.057+0000] {processor.py:208} INFO - Processing /home/airflow/.local/lib/python3.12/site-packages/airflow/example_dags/example_branch_datetime_operator.py took 0.352 seconds
[2025-04-19T10:20:34.243+0000] {processor.py:186} INFO - Started process (PID=278) to work on /home/airflow/.local/lib/python3.12/site-packages/airflow/example_dags/example_branch_datetime_operator.py
[2025-04-19T10:20:34.245+0000] {processor.py:914} INFO - Processing file /home/airflow/.local/lib/python3.12/site-packages/airflow/example_dags/example_branch_datetime_operator.py for tasks to queue
[2025-04-19T10:20:34.250+0000] {logging_mixin.py:190} INFO - [2025-04-19T10:20:34.249+0000] {dagbag.py:588} INFO - Filling up the DagBag from /home/airflow/.local/lib/python3.12/site-packages/airflow/example_dags/example_branch_datetime_operator.py
[2025-04-19T10:20:34.267+0000] {processor.py:925} INFO - DAG(s) 'example_branch_datetime_operator_2', 'example_branch_datetime_operator', 'example_branch_datetime_operator_3' retrieved from /home/airflow/.local/lib/python3.12/site-packages/airflow/example_dags/example_branch_datetime_operator.py
[2025-04-19T10:20:34.334+0000] {logging_mixin.py:190} INFO - [2025-04-19T10:20:34.334+0000] {dag.py:3239} INFO - Sync 3 DAGs
[2025-04-19T10:20:34.379+0000] {logging_mixin.py:190} INFO - [2025-04-19T10:20:34.379+0000] {dag.py:4180} INFO - Setting next_dagrun for example_branch_datetime_operator to 2025-04-18 00:00:00+00:00, run_after=2025-04-19 00:00:00+00:00
[2025-04-19T10:20:34.387+0000] {logging_mixin.py:190} INFO - [2025-04-19T10:20:34.387+0000] {dag.py:4180} INFO - Setting next_dagrun for example_branch_datetime_operator_2 to 2025-04-18 00:00:00+00:00, run_after=2025-04-19 00:00:00+00:00
[2025-04-19T10:20:34.392+0000] {logging_mixin.py:190} INFO - [2025-04-19T10:20:34.392+0000] {dag.py:4180} INFO - Setting next_dagrun for example_branch_datetime_operator_3 to 2025-04-18 00:00:00+00:00, run_after=2025-04-19 00:00:00+00:00
[2025-04-19T10:20:34.424+0000] {processor.py:208} INFO - Processing /home/airflow/.local/lib/python3.12/site-packages/airflow/example_dags/example_branch_datetime_operator.py took 0.197 seconds
[2025-04-19T10:21:04.744+0000] {processor.py:186} INFO - Started process (PID=341) to work on /home/airflow/.local/lib/python3.12/site-packages/airflow/example_dags/example_branch_datetime_operator.py
[2025-04-19T10:21:04.747+0000] {processor.py:914} INFO - Processing file /home/airflow/.local/lib/python3.12/site-packages/airflow/example_dags/example_branch_datetime_operator.py for tasks to queue
[2025-04-19T10:21:04.758+0000] {logging_mixin.py:190} INFO - [2025-04-19T10:21:04.757+0000] {dagbag.py:588} INFO - Filling up the DagBag from /home/airflow/.local/lib/python3.12/site-packages/airflow/example_dags/example_branch_datetime_operator.py
[2025-04-19T10:21:04.807+0000] {processor.py:925} INFO - DAG(s) 'example_branch_datetime_operator_3', 'example_branch_datetime_operator_2', 'example_branch_datetime_operator' retrieved from /home/airflow/.local/lib/python3.12/site-packages/airflow/example_dags/example_branch_datetime_operator.py
[2025-04-19T10:21:04.884+0000] {logging_mixin.py:190} INFO - [2025-04-19T10:21:04.883+0000] {dag.py:3239} INFO - Sync 3 DAGs
[2025-04-19T10:21:04.960+0000] {logging_mixin.py:190} INFO - [2025-04-19T10:21:04.960+0000] {dag.py:4180} INFO - Setting next_dagrun for example_branch_datetime_operator to 2025-04-18 00:00:00+00:00, run_after=2025-04-19 00:00:00+00:00
[2025-04-19T10:21:04.974+0000] {logging_mixin.py:190} INFO - [2025-04-19T10:21:04.973+0000] {dag.py:4180} INFO - Setting next_dagrun for example_branch_datetime_operator_2 to 2025-04-18 00:00:00+00:00, run_after=2025-04-19 00:00:00+00:00
[2025-04-19T10:21:04.978+0000] {logging_mixin.py:190} INFO - [2025-04-19T10:21:04.978+0000] {dag.py:4180} INFO - Setting next_dagrun for example_branch_datetime_operator_3 to 2025-04-18 00:00:00+00:00, run_after=2025-04-19 00:00:00+00:00
[2025-04-19T10:21:05.019+0000] {processor.py:208} INFO - Processing /home/airflow/.local/lib/python3.12/site-packages/airflow/example_dags/example_branch_datetime_operator.py took 0.298 seconds
[2025-04-19T10:21:35.225+0000] {processor.py:186} INFO - Started process (PID=404) to work on /home/airflow/.local/lib/python3.12/site-packages/airflow/example_dags/example_branch_datetime_operator.py
[2025-04-19T10:21:35.228+0000] {processor.py:914} INFO - Processing file /home/airflow/.local/lib/python3.12/site-packages/airflow/example_dags/example_branch_datetime_operator.py for tasks to queue
[2025-04-19T10:21:35.238+0000] {logging_mixin.py:190} INFO - [2025-04-19T10:21:35.236+0000] {dagbag.py:588} INFO - Filling up the DagBag from /home/airflow/.local/lib/python3.12/site-packages/airflow/example_dags/example_branch_datetime_operator.py
[2025-04-19T10:21:35.269+0000] {processor.py:925} INFO - DAG(s) 'example_branch_datetime_operator_2', 'example_branch_datetime_operator', 'example_branch_datetime_operator_3' retrieved from /home/airflow/.local/lib/python3.12/site-packages/airflow/example_dags/example_branch_datetime_operator.py
[2025-04-19T10:21:35.321+0000] {logging_mixin.py:190} INFO - [2025-04-19T10:21:35.321+0000] {dag.py:3239} INFO - Sync 3 DAGs
[2025-04-19T10:21:35.359+0000] {logging_mixin.py:190} INFO - [2025-04-19T10:21:35.358+0000] {dag.py:4180} INFO - Setting next_dagrun for example_branch_datetime_operator to 2025-04-18 00:00:00+00:00, run_after=2025-04-19 00:00:00+00:00
[2025-04-19T10:21:35.377+0000] {logging_mixin.py:190} INFO - [2025-04-19T10:21:35.377+0000] {dag.py:4180} INFO - Setting next_dagrun for example_branch_datetime_operator_2 to 2025-04-18 00:00:00+00:00, run_after=2025-04-19 00:00:00+00:00
[2025-04-19T10:21:35.387+0000] {logging_mixin.py:190} INFO - [2025-04-19T10:21:35.386+0000] {dag.py:4180} INFO - Setting next_dagrun for example_branch_datetime_operator_3 to 2025-04-18 00:00:00+00:00, run_after=2025-04-19 00:00:00+00:00
[2025-04-19T10:21:35.433+0000] {processor.py:208} INFO - Processing /home/airflow/.local/lib/python3.12/site-packages/airflow/example_dags/example_branch_datetime_operator.py took 0.230 seconds
[2025-04-19T10:22:05.776+0000] {processor.py:186} INFO - Started process (PID=467) to work on /home/airflow/.local/lib/python3.12/site-packages/airflow/example_dags/example_branch_datetime_operator.py
[2025-04-19T10:22:05.779+0000] {processor.py:914} INFO - Processing file /home/airflow/.local/lib/python3.12/site-packages/airflow/example_dags/example_branch_datetime_operator.py for tasks to queue
[2025-04-19T10:22:05.787+0000] {logging_mixin.py:190} INFO - [2025-04-19T10:22:05.786+0000] {dagbag.py:588} INFO - Filling up the DagBag from /home/airflow/.local/lib/python3.12/site-packages/airflow/example_dags/example_branch_datetime_operator.py
[2025-04-19T10:22:05.822+0000] {processor.py:925} INFO - DAG(s) 'example_branch_datetime_operator', 'example_branch_datetime_operator_3', 'example_branch_datetime_operator_2' retrieved from /home/airflow/.local/lib/python3.12/site-packages/airflow/example_dags/example_branch_datetime_operator.py
[2025-04-19T10:22:05.885+0000] {logging_mixin.py:190} INFO - [2025-04-19T10:22:05.884+0000] {dag.py:3239} INFO - Sync 3 DAGs
[2025-04-19T10:22:05.925+0000] {logging_mixin.py:190} INFO - [2025-04-19T10:22:05.925+0000] {dag.py:4180} INFO - Setting next_dagrun for example_branch_datetime_operator to 2025-04-18 00:00:00+00:00, run_after=2025-04-19 00:00:00+00:00
[2025-04-19T10:22:05.934+0000] {logging_mixin.py:190} INFO - [2025-04-19T10:22:05.933+0000] {dag.py:4180} INFO - Setting next_dagrun for example_branch_datetime_operator_2 to 2025-04-18 00:00:00+00:00, run_after=2025-04-19 00:00:00+00:00
[2025-04-19T10:22:05.938+0000] {logging_mixin.py:190} INFO - [2025-04-19T10:22:05.938+0000] {dag.py:4180} INFO - Setting next_dagrun for example_branch_datetime_operator_3 to 2025-04-18 00:00:00+00:00, run_after=2025-04-19 00:00:00+00:00
[2025-04-19T10:22:05.977+0000] {processor.py:208} INFO - Processing /home/airflow/.local/lib/python3.12/site-packages/airflow/example_dags/example_branch_datetime_operator.py took 0.219 seconds
[2025-04-19T10:22:36.380+0000] {processor.py:186} INFO - Started process (PID=532) to work on /home/airflow/.local/lib/python3.12/site-packages/airflow/example_dags/example_branch_datetime_operator.py
[2025-04-19T10:22:36.383+0000] {processor.py:914} INFO - Processing file /home/airflow/.local/lib/python3.12/site-packages/airflow/example_dags/example_branch_datetime_operator.py for tasks to queue
[2025-04-19T10:22:36.391+0000] {logging_mixin.py:190} INFO - [2025-04-19T10:22:36.390+0000] {dagbag.py:588} INFO - Filling up the DagBag from /home/airflow/.local/lib/python3.12/site-packages/airflow/example_dags/example_branch_datetime_operator.py
[2025-04-19T10:22:36.413+0000] {processor.py:925} INFO - DAG(s) 'example_branch_datetime_operator_3', 'example_branch_datetime_operator_2', 'example_branch_datetime_operator' retrieved from /home/airflow/.local/lib/python3.12/site-packages/airflow/example_dags/example_branch_datetime_operator.py
[2025-04-19T10:22:36.456+0000] {logging_mixin.py:190} INFO - [2025-04-19T10:22:36.456+0000] {dag.py:3239} INFO - Sync 3 DAGs
[2025-04-19T10:22:36.503+0000] {logging_mixin.py:190} INFO - [2025-04-19T10:22:36.503+0000] {dag.py:4180} INFO - Setting next_dagrun for example_branch_datetime_operator to 2025-04-18 00:00:00+00:00, run_after=2025-04-19 00:00:00+00:00
[2025-04-19T10:22:36.517+0000] {logging_mixin.py:190} INFO - [2025-04-19T10:22:36.516+0000] {dag.py:4180} INFO - Setting next_dagrun for example_branch_datetime_operator_2 to 2025-04-18 00:00:00+00:00, run_after=2025-04-19 00:00:00+00:00
[2025-04-19T10:22:36.525+0000] {logging_mixin.py:190} INFO - [2025-04-19T10:22:36.524+0000] {dag.py:4180} INFO - Setting next_dagrun for example_branch_datetime_operator_3 to 2025-04-18 00:00:00+00:00, run_after=2025-04-19 00:00:00+00:00
[2025-04-19T10:22:36.557+0000] {processor.py:208} INFO - Processing /home/airflow/.local/lib/python3.12/site-packages/airflow/example_dags/example_branch_datetime_operator.py took 0.198 seconds
[2025-04-19T10:23:06.700+0000] {processor.py:186} INFO - Started process (PID=594) to work on /home/airflow/.local/lib/python3.12/site-packages/airflow/example_dags/example_branch_datetime_operator.py
[2025-04-19T10:23:06.703+0000] {processor.py:914} INFO - Processing file /home/airflow/.local/lib/python3.12/site-packages/airflow/example_dags/example_branch_datetime_operator.py for tasks to queue
[2025-04-19T10:23:06.708+0000] {logging_mixin.py:190} INFO - [2025-04-19T10:23:06.708+0000] {dagbag.py:588} INFO - Filling up the DagBag from /home/airflow/.local/lib/python3.12/site-packages/airflow/example_dags/example_branch_datetime_operator.py
[2025-04-19T10:23:06.738+0000] {processor.py:925} INFO - DAG(s) 'example_branch_datetime_operator_3', 'example_branch_datetime_operator', 'example_branch_datetime_operator_2' retrieved from /home/airflow/.local/lib/python3.12/site-packages/airflow/example_dags/example_branch_datetime_operator.py
[2025-04-19T10:23:06.811+0000] {logging_mixin.py:190} INFO - [2025-04-19T10:23:06.811+0000] {dag.py:3239} INFO - Sync 3 DAGs
[2025-04-19T10:23:06.862+0000] {logging_mixin.py:190} INFO - [2025-04-19T10:23:06.862+0000] {dag.py:4180} INFO - Setting next_dagrun for example_branch_datetime_operator to 2025-04-18 00:00:00+00:00, run_after=2025-04-19 00:00:00+00:00
[2025-04-19T10:23:06.872+0000] {logging_mixin.py:190} INFO - [2025-04-19T10:23:06.872+0000] {dag.py:4180} INFO - Setting next_dagrun for example_branch_datetime_operator_2 to 2025-04-18 00:00:00+00:00, run_after=2025-04-19 00:00:00+00:00
[2025-04-19T10:23:06.878+0000] {logging_mixin.py:190} INFO - [2025-04-19T10:23:06.877+0000] {dag.py:4180} INFO - Setting next_dagrun for example_branch_datetime_operator_3 to 2025-04-18 00:00:00+00:00, run_after=2025-04-19 00:00:00+00:00
[2025-04-19T10:23:06.921+0000] {processor.py:208} INFO - Processing /home/airflow/.local/lib/python3.12/site-packages/airflow/example_dags/example_branch_datetime_operator.py took 0.235 seconds
[2025-04-19T10:23:37.028+0000] {processor.py:186} INFO - Started process (PID=656) to work on /home/airflow/.local/lib/python3.12/site-packages/airflow/example_dags/example_branch_datetime_operator.py
[2025-04-19T10:23:37.031+0000] {processor.py:914} INFO - Processing file /home/airflow/.local/lib/python3.12/site-packages/airflow/example_dags/example_branch_datetime_operator.py for tasks to queue
[2025-04-19T10:23:37.037+0000] {logging_mixin.py:190} INFO - [2025-04-19T10:23:37.035+0000] {dagbag.py:588} INFO - Filling up the DagBag from /home/airflow/.local/lib/python3.12/site-packages/airflow/example_dags/example_branch_datetime_operator.py
[2025-04-19T10:23:37.061+0000] {processor.py:925} INFO - DAG(s) 'example_branch_datetime_operator', 'example_branch_datetime_operator_3', 'example_branch_datetime_operator_2' retrieved from /home/airflow/.local/lib/python3.12/site-packages/airflow/example_dags/example_branch_datetime_operator.py
[2025-04-19T10:23:37.125+0000] {logging_mixin.py:190} INFO - [2025-04-19T10:23:37.124+0000] {dag.py:3239} INFO - Sync 3 DAGs
[2025-04-19T10:23:37.182+0000] {logging_mixin.py:190} INFO - [2025-04-19T10:23:37.181+0000] {dag.py:4180} INFO - Setting next_dagrun for example_branch_datetime_operator to 2025-04-18 00:00:00+00:00, run_after=2025-04-19 00:00:00+00:00
[2025-04-19T10:23:37.190+0000] {logging_mixin.py:190} INFO - [2025-04-19T10:23:37.190+0000] {dag.py:4180} INFO - Setting next_dagrun for example_branch_datetime_operator_2 to 2025-04-18 00:00:00+00:00, run_after=2025-04-19 00:00:00+00:00
[2025-04-19T10:23:37.196+0000] {logging_mixin.py:190} INFO - [2025-04-19T10:23:37.195+0000] {dag.py:4180} INFO - Setting next_dagrun for example_branch_datetime_operator_3 to 2025-04-18 00:00:00+00:00, run_after=2025-04-19 00:00:00+00:00
[2025-04-19T10:23:37.239+0000] {processor.py:208} INFO - Processing /home/airflow/.local/lib/python3.12/site-packages/airflow/example_dags/example_branch_datetime_operator.py took 0.224 seconds
[2025-04-19T10:24:07.715+0000] {processor.py:186} INFO - Started process (PID=720) to work on /home/airflow/.local/lib/python3.12/site-packages/airflow/example_dags/example_branch_datetime_operator.py
[2025-04-19T10:24:07.719+0000] {processor.py:914} INFO - Processing file /home/airflow/.local/lib/python3.12/site-packages/airflow/example_dags/example_branch_datetime_operator.py for tasks to queue
[2025-04-19T10:24:07.729+0000] {logging_mixin.py:190} INFO - [2025-04-19T10:24:07.728+0000] {dagbag.py:588} INFO - Filling up the DagBag from /home/airflow/.local/lib/python3.12/site-packages/airflow/example_dags/example_branch_datetime_operator.py
[2025-04-19T10:24:07.769+0000] {processor.py:925} INFO - DAG(s) 'example_branch_datetime_operator_2', 'example_branch_datetime_operator', 'example_branch_datetime_operator_3' retrieved from /home/airflow/.local/lib/python3.12/site-packages/airflow/example_dags/example_branch_datetime_operator.py
[2025-04-19T10:24:07.844+0000] {logging_mixin.py:190} INFO - [2025-04-19T10:24:07.841+0000] {dag.py:3239} INFO - Sync 3 DAGs
[2025-04-19T10:24:07.921+0000] {logging_mixin.py:190} INFO - [2025-04-19T10:24:07.921+0000] {dag.py:4180} INFO - Setting next_dagrun for example_branch_datetime_operator to 2025-04-18 00:00:00+00:00, run_after=2025-04-19 00:00:00+00:00
[2025-04-19T10:24:07.933+0000] {logging_mixin.py:190} INFO - [2025-04-19T10:24:07.932+0000] {dag.py:4180} INFO - Setting next_dagrun for example_branch_datetime_operator_2 to 2025-04-18 00:00:00+00:00, run_after=2025-04-19 00:00:00+00:00
[2025-04-19T10:24:07.941+0000] {logging_mixin.py:190} INFO - [2025-04-19T10:24:07.940+0000] {dag.py:4180} INFO - Setting next_dagrun for example_branch_datetime_operator_3 to 2025-04-18 00:00:00+00:00, run_after=2025-04-19 00:00:00+00:00
[2025-04-19T10:24:07.997+0000] {processor.py:208} INFO - Processing /home/airflow/.local/lib/python3.12/site-packages/airflow/example_dags/example_branch_datetime_operator.py took 0.299 seconds
[2025-04-19T10:24:38.601+0000] {processor.py:186} INFO - Started process (PID=782) to work on /home/airflow/.local/lib/python3.12/site-packages/airflow/example_dags/example_branch_datetime_operator.py
[2025-04-19T10:24:38.605+0000] {processor.py:914} INFO - Processing file /home/airflow/.local/lib/python3.12/site-packages/airflow/example_dags/example_branch_datetime_operator.py for tasks to queue
[2025-04-19T10:24:38.612+0000] {logging_mixin.py:190} INFO - [2025-04-19T10:24:38.611+0000] {dagbag.py:588} INFO - Filling up the DagBag from /home/airflow/.local/lib/python3.12/site-packages/airflow/example_dags/example_branch_datetime_operator.py
[2025-04-19T10:24:38.644+0000] {processor.py:925} INFO - DAG(s) 'example_branch_datetime_operator_2', 'example_branch_datetime_operator_3', 'example_branch_datetime_operator' retrieved from /home/airflow/.local/lib/python3.12/site-packages/airflow/example_dags/example_branch_datetime_operator.py
[2025-04-19T10:24:38.708+0000] {logging_mixin.py:190} INFO - [2025-04-19T10:24:38.707+0000] {dag.py:3239} INFO - Sync 3 DAGs
[2025-04-19T10:24:38.836+0000] {logging_mixin.py:190} INFO - [2025-04-19T10:24:38.835+0000] {dag.py:4180} INFO - Setting next_dagrun for example_branch_datetime_operator to 2025-04-18 00:00:00+00:00, run_after=2025-04-19 00:00:00+00:00
[2025-04-19T10:24:38.850+0000] {logging_mixin.py:190} INFO - [2025-04-19T10:24:38.850+0000] {dag.py:4180} INFO - Setting next_dagrun for example_branch_datetime_operator_2 to 2025-04-18 00:00:00+00:00, run_after=2025-04-19 00:00:00+00:00
[2025-04-19T10:24:38.857+0000] {logging_mixin.py:190} INFO - [2025-04-19T10:24:38.857+0000] {dag.py:4180} INFO - Setting next_dagrun for example_branch_datetime_operator_3 to 2025-04-18 00:00:00+00:00, run_after=2025-04-19 00:00:00+00:00
[2025-04-19T10:24:38.925+0000] {processor.py:208} INFO - Processing /home/airflow/.local/lib/python3.12/site-packages/airflow/example_dags/example_branch_datetime_operator.py took 0.335 seconds
[2025-04-19T10:25:09.370+0000] {processor.py:186} INFO - Started process (PID=853) to work on /home/airflow/.local/lib/python3.12/site-packages/airflow/example_dags/example_branch_datetime_operator.py
[2025-04-19T10:25:09.375+0000] {processor.py:914} INFO - Processing file /home/airflow/.local/lib/python3.12/site-packages/airflow/example_dags/example_branch_datetime_operator.py for tasks to queue
[2025-04-19T10:25:09.388+0000] {logging_mixin.py:190} INFO - [2025-04-19T10:25:09.387+0000] {dagbag.py:588} INFO - Filling up the DagBag from /home/airflow/.local/lib/python3.12/site-packages/airflow/example_dags/example_branch_datetime_operator.py
[2025-04-19T10:25:09.439+0000] {processor.py:925} INFO - DAG(s) 'example_branch_datetime_operator', 'example_branch_datetime_operator_2', 'example_branch_datetime_operator_3' retrieved from /home/airflow/.local/lib/python3.12/site-packages/airflow/example_dags/example_branch_datetime_operator.py
[2025-04-19T10:25:09.509+0000] {logging_mixin.py:190} INFO - [2025-04-19T10:25:09.509+0000] {dag.py:3239} INFO - Sync 3 DAGs
[2025-04-19T10:25:09.550+0000] {logging_mixin.py:190} INFO - [2025-04-19T10:25:09.550+0000] {dag.py:4180} INFO - Setting next_dagrun for example_branch_datetime_operator to 2025-04-18 00:00:00+00:00, run_after=2025-04-19 00:00:00+00:00
[2025-04-19T10:25:09.558+0000] {logging_mixin.py:190} INFO - [2025-04-19T10:25:09.558+0000] {dag.py:4180} INFO - Setting next_dagrun for example_branch_datetime_operator_2 to 2025-04-18 00:00:00+00:00, run_after=2025-04-19 00:00:00+00:00
[2025-04-19T10:25:09.563+0000] {logging_mixin.py:190} INFO - [2025-04-19T10:25:09.563+0000] {dag.py:4180} INFO - Setting next_dagrun for example_branch_datetime_operator_3 to 2025-04-18 00:00:00+00:00, run_after=2025-04-19 00:00:00+00:00
[2025-04-19T10:25:09.615+0000] {processor.py:208} INFO - Processing /home/airflow/.local/lib/python3.12/site-packages/airflow/example_dags/example_branch_datetime_operator.py took 0.267 seconds
[2025-04-19T10:25:40.065+0000] {processor.py:186} INFO - Started process (PID=915) to work on /home/airflow/.local/lib/python3.12/site-packages/airflow/example_dags/example_branch_datetime_operator.py
[2025-04-19T10:25:40.068+0000] {processor.py:914} INFO - Processing file /home/airflow/.local/lib/python3.12/site-packages/airflow/example_dags/example_branch_datetime_operator.py for tasks to queue
[2025-04-19T10:25:40.078+0000] {logging_mixin.py:190} INFO - [2025-04-19T10:25:40.077+0000] {dagbag.py:588} INFO - Filling up the DagBag from /home/airflow/.local/lib/python3.12/site-packages/airflow/example_dags/example_branch_datetime_operator.py
[2025-04-19T10:25:40.107+0000] {processor.py:925} INFO - DAG(s) 'example_branch_datetime_operator_2', 'example_branch_datetime_operator_3', 'example_branch_datetime_operator' retrieved from /home/airflow/.local/lib/python3.12/site-packages/airflow/example_dags/example_branch_datetime_operator.py
[2025-04-19T10:25:40.165+0000] {logging_mixin.py:190} INFO - [2025-04-19T10:25:40.164+0000] {dag.py:3239} INFO - Sync 3 DAGs
[2025-04-19T10:25:40.209+0000] {logging_mixin.py:190} INFO - [2025-04-19T10:25:40.209+0000] {dag.py:4180} INFO - Setting next_dagrun for example_branch_datetime_operator to 2025-04-18 00:00:00+00:00, run_after=2025-04-19 00:00:00+00:00
[2025-04-19T10:25:40.218+0000] {logging_mixin.py:190} INFO - [2025-04-19T10:25:40.218+0000] {dag.py:4180} INFO - Setting next_dagrun for example_branch_datetime_operator_2 to 2025-04-18 00:00:00+00:00, run_after=2025-04-19 00:00:00+00:00
[2025-04-19T10:25:40.223+0000] {logging_mixin.py:190} INFO - [2025-04-19T10:25:40.223+0000] {dag.py:4180} INFO - Setting next_dagrun for example_branch_datetime_operator_3 to 2025-04-18 00:00:00+00:00, run_after=2025-04-19 00:00:00+00:00
[2025-04-19T10:25:40.258+0000] {processor.py:208} INFO - Processing /home/airflow/.local/lib/python3.12/site-packages/airflow/example_dags/example_branch_datetime_operator.py took 0.204 seconds
[2025-04-19T10:26:10.358+0000] {processor.py:186} INFO - Started process (PID=978) to work on /home/airflow/.local/lib/python3.12/site-packages/airflow/example_dags/example_branch_datetime_operator.py
[2025-04-19T10:26:10.361+0000] {processor.py:914} INFO - Processing file /home/airflow/.local/lib/python3.12/site-packages/airflow/example_dags/example_branch_datetime_operator.py for tasks to queue
[2025-04-19T10:26:10.367+0000] {logging_mixin.py:190} INFO - [2025-04-19T10:26:10.366+0000] {dagbag.py:588} INFO - Filling up the DagBag from /home/airflow/.local/lib/python3.12/site-packages/airflow/example_dags/example_branch_datetime_operator.py
[2025-04-19T10:26:10.397+0000] {processor.py:925} INFO - DAG(s) 'example_branch_datetime_operator_3', 'example_branch_datetime_operator_2', 'example_branch_datetime_operator' retrieved from /home/airflow/.local/lib/python3.12/site-packages/airflow/example_dags/example_branch_datetime_operator.py
[2025-04-19T10:26:10.463+0000] {logging_mixin.py:190} INFO - [2025-04-19T10:26:10.463+0000] {dag.py:3239} INFO - Sync 3 DAGs
[2025-04-19T10:26:10.516+0000] {logging_mixin.py:190} INFO - [2025-04-19T10:26:10.515+0000] {dag.py:4180} INFO - Setting next_dagrun for example_branch_datetime_operator to 2025-04-18 00:00:00+00:00, run_after=2025-04-19 00:00:00+00:00
[2025-04-19T10:26:10.528+0000] {logging_mixin.py:190} INFO - [2025-04-19T10:26:10.528+0000] {dag.py:4180} INFO - Setting next_dagrun for example_branch_datetime_operator_2 to 2025-04-18 00:00:00+00:00, run_after=2025-04-19 00:00:00+00:00
[2025-04-19T10:26:10.537+0000] {logging_mixin.py:190} INFO - [2025-04-19T10:26:10.536+0000] {dag.py:4180} INFO - Setting next_dagrun for example_branch_datetime_operator_3 to 2025-04-18 00:00:00+00:00, run_after=2025-04-19 00:00:00+00:00
[2025-04-19T10:26:10.615+0000] {processor.py:208} INFO - Processing /home/airflow/.local/lib/python3.12/site-packages/airflow/example_dags/example_branch_datetime_operator.py took 0.271 seconds
[2025-04-19T10:26:40.724+0000] {processor.py:186} INFO - Started process (PID=1039) to work on /home/airflow/.local/lib/python3.12/site-packages/airflow/example_dags/example_branch_datetime_operator.py
[2025-04-19T10:26:40.727+0000] {processor.py:914} INFO - Processing file /home/airflow/.local/lib/python3.12/site-packages/airflow/example_dags/example_branch_datetime_operator.py for tasks to queue
[2025-04-19T10:26:40.734+0000] {logging_mixin.py:190} INFO - [2025-04-19T10:26:40.733+0000] {dagbag.py:588} INFO - Filling up the DagBag from /home/airflow/.local/lib/python3.12/site-packages/airflow/example_dags/example_branch_datetime_operator.py
[2025-04-19T10:26:40.757+0000] {processor.py:925} INFO - DAG(s) 'example_branch_datetime_operator_2', 'example_branch_datetime_operator_3', 'example_branch_datetime_operator' retrieved from /home/airflow/.local/lib/python3.12/site-packages/airflow/example_dags/example_branch_datetime_operator.py
[2025-04-19T10:26:40.805+0000] {logging_mixin.py:190} INFO - [2025-04-19T10:26:40.805+0000] {dag.py:3239} INFO - Sync 3 DAGs
[2025-04-19T10:26:40.841+0000] {logging_mixin.py:190} INFO - [2025-04-19T10:26:40.841+0000] {dag.py:4180} INFO - Setting next_dagrun for example_branch_datetime_operator to 2025-04-18 00:00:00+00:00, run_after=2025-04-19 00:00:00+00:00
[2025-04-19T10:26:40.849+0000] {logging_mixin.py:190} INFO - [2025-04-19T10:26:40.848+0000] {dag.py:4180} INFO - Setting next_dagrun for example_branch_datetime_operator_2 to 2025-04-18 00:00:00+00:00, run_after=2025-04-19 00:00:00+00:00
[2025-04-19T10:26:40.853+0000] {logging_mixin.py:190} INFO - [2025-04-19T10:26:40.853+0000] {dag.py:4180} INFO - Setting next_dagrun for example_branch_datetime_operator_3 to 2025-04-18 00:00:00+00:00, run_after=2025-04-19 00:00:00+00:00
[2025-04-19T10:26:40.882+0000] {processor.py:208} INFO - Processing /home/airflow/.local/lib/python3.12/site-packages/airflow/example_dags/example_branch_datetime_operator.py took 0.171 seconds
[2025-04-19T10:27:11.429+0000] {processor.py:186} INFO - Started process (PID=1103) to work on /home/airflow/.local/lib/python3.12/site-packages/airflow/example_dags/example_branch_datetime_operator.py
[2025-04-19T10:27:11.431+0000] {processor.py:914} INFO - Processing file /home/airflow/.local/lib/python3.12/site-packages/airflow/example_dags/example_branch_datetime_operator.py for tasks to queue
[2025-04-19T10:27:11.437+0000] {logging_mixin.py:190} INFO - [2025-04-19T10:27:11.436+0000] {dagbag.py:588} INFO - Filling up the DagBag from /home/airflow/.local/lib/python3.12/site-packages/airflow/example_dags/example_branch_datetime_operator.py
[2025-04-19T10:27:11.457+0000] {processor.py:925} INFO - DAG(s) 'example_branch_datetime_operator_3', 'example_branch_datetime_operator_2', 'example_branch_datetime_operator' retrieved from /home/airflow/.local/lib/python3.12/site-packages/airflow/example_dags/example_branch_datetime_operator.py
[2025-04-19T10:27:11.503+0000] {logging_mixin.py:190} INFO - [2025-04-19T10:27:11.503+0000] {dag.py:3239} INFO - Sync 3 DAGs
[2025-04-19T10:27:11.547+0000] {logging_mixin.py:190} INFO - [2025-04-19T10:27:11.546+0000] {dag.py:4180} INFO - Setting next_dagrun for example_branch_datetime_operator to 2025-04-18 00:00:00+00:00, run_after=2025-04-19 00:00:00+00:00
[2025-04-19T10:27:11.556+0000] {logging_mixin.py:190} INFO - [2025-04-19T10:27:11.555+0000] {dag.py:4180} INFO - Setting next_dagrun for example_branch_datetime_operator_2 to 2025-04-18 00:00:00+00:00, run_after=2025-04-19 00:00:00+00:00
[2025-04-19T10:27:11.561+0000] {logging_mixin.py:190} INFO - [2025-04-19T10:27:11.560+0000] {dag.py:4180} INFO - Setting next_dagrun for example_branch_datetime_operator_3 to 2025-04-18 00:00:00+00:00, run_after=2025-04-19 00:00:00+00:00
[2025-04-19T10:27:11.592+0000] {processor.py:208} INFO - Processing /home/airflow/.local/lib/python3.12/site-packages/airflow/example_dags/example_branch_datetime_operator.py took 0.175 seconds
[2025-04-19T10:27:42.253+0000] {processor.py:186} INFO - Started process (PID=1165) to work on /home/airflow/.local/lib/python3.12/site-packages/airflow/example_dags/example_branch_datetime_operator.py
[2025-04-19T10:27:42.258+0000] {processor.py:914} INFO - Processing file /home/airflow/.local/lib/python3.12/site-packages/airflow/example_dags/example_branch_datetime_operator.py for tasks to queue
[2025-04-19T10:27:42.268+0000] {logging_mixin.py:190} INFO - [2025-04-19T10:27:42.267+0000] {dagbag.py:588} INFO - Filling up the DagBag from /home/airflow/.local/lib/python3.12/site-packages/airflow/example_dags/example_branch_datetime_operator.py
[2025-04-19T10:27:42.322+0000] {processor.py:925} INFO - DAG(s) 'example_branch_datetime_operator_2', 'example_branch_datetime_operator', 'example_branch_datetime_operator_3' retrieved from /home/airflow/.local/lib/python3.12/site-packages/airflow/example_dags/example_branch_datetime_operator.py
[2025-04-19T10:27:42.387+0000] {logging_mixin.py:190} INFO - [2025-04-19T10:27:42.386+0000] {dag.py:3239} INFO - Sync 3 DAGs
[2025-04-19T10:27:42.442+0000] {logging_mixin.py:190} INFO - [2025-04-19T10:27:42.441+0000] {dag.py:4180} INFO - Setting next_dagrun for example_branch_datetime_operator to 2025-04-18 00:00:00+00:00, run_after=2025-04-19 00:00:00+00:00
[2025-04-19T10:27:42.455+0000] {logging_mixin.py:190} INFO - [2025-04-19T10:27:42.455+0000] {dag.py:4180} INFO - Setting next_dagrun for example_branch_datetime_operator_2 to 2025-04-18 00:00:00+00:00, run_after=2025-04-19 00:00:00+00:00
[2025-04-19T10:27:42.460+0000] {logging_mixin.py:190} INFO - [2025-04-19T10:27:42.460+0000] {dag.py:4180} INFO - Setting next_dagrun for example_branch_datetime_operator_3 to 2025-04-18 00:00:00+00:00, run_after=2025-04-19 00:00:00+00:00
[2025-04-19T10:27:42.508+0000] {processor.py:208} INFO - Processing /home/airflow/.local/lib/python3.12/site-packages/airflow/example_dags/example_branch_datetime_operator.py took 0.267 seconds
[2025-04-19T10:28:13.696+0000] {processor.py:186} INFO - Started process (PID=1228) to work on /home/airflow/.local/lib/python3.12/site-packages/airflow/example_dags/example_branch_datetime_operator.py
[2025-04-19T10:28:13.699+0000] {processor.py:914} INFO - Processing file /home/airflow/.local/lib/python3.12/site-packages/airflow/example_dags/example_branch_datetime_operator.py for tasks to queue
[2025-04-19T10:28:13.705+0000] {logging_mixin.py:190} INFO - [2025-04-19T10:28:13.705+0000] {dagbag.py:588} INFO - Filling up the DagBag from /home/airflow/.local/lib/python3.12/site-packages/airflow/example_dags/example_branch_datetime_operator.py
[2025-04-19T10:28:13.726+0000] {processor.py:925} INFO - DAG(s) 'example_branch_datetime_operator_3', 'example_branch_datetime_operator_2', 'example_branch_datetime_operator' retrieved from /home/airflow/.local/lib/python3.12/site-packages/airflow/example_dags/example_branch_datetime_operator.py
[2025-04-19T10:28:13.780+0000] {logging_mixin.py:190} INFO - [2025-04-19T10:28:13.780+0000] {dag.py:3239} INFO - Sync 3 DAGs
[2025-04-19T10:28:13.824+0000] {logging_mixin.py:190} INFO - [2025-04-19T10:28:13.823+0000] {dag.py:4180} INFO - Setting next_dagrun for example_branch_datetime_operator to 2025-04-18 00:00:00+00:00, run_after=2025-04-19 00:00:00+00:00
[2025-04-19T10:28:13.838+0000] {logging_mixin.py:190} INFO - [2025-04-19T10:28:13.837+0000] {dag.py:4180} INFO - Setting next_dagrun for example_branch_datetime_operator_2 to 2025-04-18 00:00:00+00:00, run_after=2025-04-19 00:00:00+00:00
[2025-04-19T10:28:13.844+0000] {logging_mixin.py:190} INFO - [2025-04-19T10:28:13.843+0000] {dag.py:4180} INFO - Setting next_dagrun for example_branch_datetime_operator_3 to 2025-04-18 00:00:00+00:00, run_after=2025-04-19 00:00:00+00:00
[2025-04-19T10:28:13.906+0000] {processor.py:208} INFO - Processing /home/airflow/.local/lib/python3.12/site-packages/airflow/example_dags/example_branch_datetime_operator.py took 0.223 seconds
[2025-04-19T10:28:44.792+0000] {processor.py:186} INFO - Started process (PID=1291) to work on /home/airflow/.local/lib/python3.12/site-packages/airflow/example_dags/example_branch_datetime_operator.py
[2025-04-19T10:28:44.794+0000] {processor.py:914} INFO - Processing file /home/airflow/.local/lib/python3.12/site-packages/airflow/example_dags/example_branch_datetime_operator.py for tasks to queue
[2025-04-19T10:28:44.800+0000] {logging_mixin.py:190} INFO - [2025-04-19T10:28:44.799+0000] {dagbag.py:588} INFO - Filling up the DagBag from /home/airflow/.local/lib/python3.12/site-packages/airflow/example_dags/example_branch_datetime_operator.py
[2025-04-19T10:28:44.823+0000] {processor.py:925} INFO - DAG(s) 'example_branch_datetime_operator_3', 'example_branch_datetime_operator', 'example_branch_datetime_operator_2' retrieved from /home/airflow/.local/lib/python3.12/site-packages/airflow/example_dags/example_branch_datetime_operator.py
[2025-04-19T10:28:44.871+0000] {logging_mixin.py:190} INFO - [2025-04-19T10:28:44.871+0000] {dag.py:3239} INFO - Sync 3 DAGs
[2025-04-19T10:28:44.910+0000] {logging_mixin.py:190} INFO - [2025-04-19T10:28:44.910+0000] {dag.py:4180} INFO - Setting next_dagrun for example_branch_datetime_operator to 2025-04-18 00:00:00+00:00, run_after=2025-04-19 00:00:00+00:00
[2025-04-19T10:28:44.919+0000] {logging_mixin.py:190} INFO - [2025-04-19T10:28:44.919+0000] {dag.py:4180} INFO - Setting next_dagrun for example_branch_datetime_operator_2 to 2025-04-18 00:00:00+00:00, run_after=2025-04-19 00:00:00+00:00
[2025-04-19T10:28:44.924+0000] {logging_mixin.py:190} INFO - [2025-04-19T10:28:44.924+0000] {dag.py:4180} INFO - Setting next_dagrun for example_branch_datetime_operator_3 to 2025-04-18 00:00:00+00:00, run_after=2025-04-19 00:00:00+00:00
[2025-04-19T10:28:44.957+0000] {processor.py:208} INFO - Processing /home/airflow/.local/lib/python3.12/site-packages/airflow/example_dags/example_branch_datetime_operator.py took 0.182 seconds
[2025-04-19T10:29:15.836+0000] {processor.py:186} INFO - Started process (PID=1350) to work on /home/airflow/.local/lib/python3.12/site-packages/airflow/example_dags/example_branch_datetime_operator.py
[2025-04-19T10:29:15.838+0000] {processor.py:914} INFO - Processing file /home/airflow/.local/lib/python3.12/site-packages/airflow/example_dags/example_branch_datetime_operator.py for tasks to queue
[2025-04-19T10:29:15.843+0000] {logging_mixin.py:190} INFO - [2025-04-19T10:29:15.842+0000] {dagbag.py:588} INFO - Filling up the DagBag from /home/airflow/.local/lib/python3.12/site-packages/airflow/example_dags/example_branch_datetime_operator.py
[2025-04-19T10:29:15.868+0000] {processor.py:925} INFO - DAG(s) 'example_branch_datetime_operator_3', 'example_branch_datetime_operator', 'example_branch_datetime_operator_2' retrieved from /home/airflow/.local/lib/python3.12/site-packages/airflow/example_dags/example_branch_datetime_operator.py
[2025-04-19T10:29:15.920+0000] {logging_mixin.py:190} INFO - [2025-04-19T10:29:15.919+0000] {dag.py:3239} INFO - Sync 3 DAGs
[2025-04-19T10:29:15.959+0000] {logging_mixin.py:190} INFO - [2025-04-19T10:29:15.958+0000] {dag.py:4180} INFO - Setting next_dagrun for example_branch_datetime_operator to 2025-04-18 00:00:00+00:00, run_after=2025-04-19 00:00:00+00:00
[2025-04-19T10:29:15.970+0000] {logging_mixin.py:190} INFO - [2025-04-19T10:29:15.969+0000] {dag.py:4180} INFO - Setting next_dagrun for example_branch_datetime_operator_2 to 2025-04-18 00:00:00+00:00, run_after=2025-04-19 00:00:00+00:00
[2025-04-19T10:29:15.974+0000] {logging_mixin.py:190} INFO - [2025-04-19T10:29:15.974+0000] {dag.py:4180} INFO - Setting next_dagrun for example_branch_datetime_operator_3 to 2025-04-18 00:00:00+00:00, run_after=2025-04-19 00:00:00+00:00
[2025-04-19T10:29:16.007+0000] {processor.py:208} INFO - Processing /home/airflow/.local/lib/python3.12/site-packages/airflow/example_dags/example_branch_datetime_operator.py took 0.182 seconds
[2025-04-19T10:31:39.740+0000] {processor.py:186} INFO - Started process (PID=89) to work on /home/airflow/.local/lib/python3.12/site-packages/airflow/example_dags/example_branch_datetime_operator.py
[2025-04-19T10:31:39.743+0000] {processor.py:914} INFO - Processing file /home/airflow/.local/lib/python3.12/site-packages/airflow/example_dags/example_branch_datetime_operator.py for tasks to queue
[2025-04-19T10:31:39.748+0000] {logging_mixin.py:190} INFO - [2025-04-19T10:31:39.748+0000] {dagbag.py:588} INFO - Filling up the DagBag from /home/airflow/.local/lib/python3.12/site-packages/airflow/example_dags/example_branch_datetime_operator.py
[2025-04-19T10:31:39.779+0000] {processor.py:925} INFO - DAG(s) 'example_branch_datetime_operator_2', 'example_branch_datetime_operator_3', 'example_branch_datetime_operator' retrieved from /home/airflow/.local/lib/python3.12/site-packages/airflow/example_dags/example_branch_datetime_operator.py
[2025-04-19T10:31:39.850+0000] {logging_mixin.py:190} INFO - [2025-04-19T10:31:39.850+0000] {dag.py:3239} INFO - Sync 3 DAGs
[2025-04-19T10:31:39.910+0000] {logging_mixin.py:190} INFO - [2025-04-19T10:31:39.910+0000] {dag.py:4180} INFO - Setting next_dagrun for example_branch_datetime_operator to 2025-04-18 00:00:00+00:00, run_after=2025-04-19 00:00:00+00:00
[2025-04-19T10:31:39.923+0000] {logging_mixin.py:190} INFO - [2025-04-19T10:31:39.923+0000] {dag.py:4180} INFO - Setting next_dagrun for example_branch_datetime_operator_2 to 2025-04-18 00:00:00+00:00, run_after=2025-04-19 00:00:00+00:00
[2025-04-19T10:31:39.929+0000] {logging_mixin.py:190} INFO - [2025-04-19T10:31:39.928+0000] {dag.py:4180} INFO - Setting next_dagrun for example_branch_datetime_operator_3 to 2025-04-18 00:00:00+00:00, run_after=2025-04-19 00:00:00+00:00
[2025-04-19T10:31:39.982+0000] {processor.py:208} INFO - Processing /home/airflow/.local/lib/python3.12/site-packages/airflow/example_dags/example_branch_datetime_operator.py took 0.256 seconds
[2025-04-19T10:32:10.553+0000] {processor.py:186} INFO - Started process (PID=150) to work on /home/airflow/.local/lib/python3.12/site-packages/airflow/example_dags/example_branch_datetime_operator.py
[2025-04-19T10:32:10.556+0000] {processor.py:914} INFO - Processing file /home/airflow/.local/lib/python3.12/site-packages/airflow/example_dags/example_branch_datetime_operator.py for tasks to queue
[2025-04-19T10:32:10.560+0000] {logging_mixin.py:190} INFO - [2025-04-19T10:32:10.560+0000] {dagbag.py:588} INFO - Filling up the DagBag from /home/airflow/.local/lib/python3.12/site-packages/airflow/example_dags/example_branch_datetime_operator.py
[2025-04-19T10:32:10.582+0000] {processor.py:925} INFO - DAG(s) 'example_branch_datetime_operator', 'example_branch_datetime_operator_2', 'example_branch_datetime_operator_3' retrieved from /home/airflow/.local/lib/python3.12/site-packages/airflow/example_dags/example_branch_datetime_operator.py
[2025-04-19T10:32:10.627+0000] {logging_mixin.py:190} INFO - [2025-04-19T10:32:10.626+0000] {dag.py:3239} INFO - Sync 3 DAGs
[2025-04-19T10:32:10.672+0000] {logging_mixin.py:190} INFO - [2025-04-19T10:32:10.672+0000] {dag.py:4180} INFO - Setting next_dagrun for example_branch_datetime_operator to 2025-04-18 00:00:00+00:00, run_after=2025-04-19 00:00:00+00:00
[2025-04-19T10:32:10.680+0000] {logging_mixin.py:190} INFO - [2025-04-19T10:32:10.680+0000] {dag.py:4180} INFO - Setting next_dagrun for example_branch_datetime_operator_2 to 2025-04-18 00:00:00+00:00, run_after=2025-04-19 00:00:00+00:00
[2025-04-19T10:32:10.684+0000] {logging_mixin.py:190} INFO - [2025-04-19T10:32:10.684+0000] {dag.py:4180} INFO - Setting next_dagrun for example_branch_datetime_operator_3 to 2025-04-18 00:00:00+00:00, run_after=2025-04-19 00:00:00+00:00
[2025-04-19T10:32:10.713+0000] {processor.py:208} INFO - Processing /home/airflow/.local/lib/python3.12/site-packages/airflow/example_dags/example_branch_datetime_operator.py took 0.167 seconds
[2025-04-19T10:32:41.683+0000] {processor.py:186} INFO - Started process (PID=215) to work on /home/airflow/.local/lib/python3.12/site-packages/airflow/example_dags/example_branch_datetime_operator.py
[2025-04-19T10:32:41.686+0000] {processor.py:914} INFO - Processing file /home/airflow/.local/lib/python3.12/site-packages/airflow/example_dags/example_branch_datetime_operator.py for tasks to queue
[2025-04-19T10:32:41.692+0000] {logging_mixin.py:190} INFO - [2025-04-19T10:32:41.691+0000] {dagbag.py:588} INFO - Filling up the DagBag from /home/airflow/.local/lib/python3.12/site-packages/airflow/example_dags/example_branch_datetime_operator.py
[2025-04-19T10:32:41.720+0000] {processor.py:925} INFO - DAG(s) 'example_branch_datetime_operator', 'example_branch_datetime_operator_2', 'example_branch_datetime_operator_3' retrieved from /home/airflow/.local/lib/python3.12/site-packages/airflow/example_dags/example_branch_datetime_operator.py
[2025-04-19T10:32:41.791+0000] {logging_mixin.py:190} INFO - [2025-04-19T10:32:41.791+0000] {dag.py:3239} INFO - Sync 3 DAGs
[2025-04-19T10:32:41.851+0000] {logging_mixin.py:190} INFO - [2025-04-19T10:32:41.851+0000] {dag.py:4180} INFO - Setting next_dagrun for example_branch_datetime_operator to 2025-04-18 00:00:00+00:00, run_after=2025-04-19 00:00:00+00:00
[2025-04-19T10:32:41.863+0000] {logging_mixin.py:190} INFO - [2025-04-19T10:32:41.862+0000] {dag.py:4180} INFO - Setting next_dagrun for example_branch_datetime_operator_2 to 2025-04-18 00:00:00+00:00, run_after=2025-04-19 00:00:00+00:00
[2025-04-19T10:32:41.869+0000] {logging_mixin.py:190} INFO - [2025-04-19T10:32:41.868+0000] {dag.py:4180} INFO - Setting next_dagrun for example_branch_datetime_operator_3 to 2025-04-18 00:00:00+00:00, run_after=2025-04-19 00:00:00+00:00
[2025-04-19T10:32:41.904+0000] {processor.py:208} INFO - Processing /home/airflow/.local/lib/python3.12/site-packages/airflow/example_dags/example_branch_datetime_operator.py took 0.233 seconds
[2025-04-19T10:33:12.254+0000] {processor.py:186} INFO - Started process (PID=278) to work on /home/airflow/.local/lib/python3.12/site-packages/airflow/example_dags/example_branch_datetime_operator.py
[2025-04-19T10:33:12.256+0000] {processor.py:914} INFO - Processing file /home/airflow/.local/lib/python3.12/site-packages/airflow/example_dags/example_branch_datetime_operator.py for tasks to queue
[2025-04-19T10:33:12.262+0000] {logging_mixin.py:190} INFO - [2025-04-19T10:33:12.262+0000] {dagbag.py:588} INFO - Filling up the DagBag from /home/airflow/.local/lib/python3.12/site-packages/airflow/example_dags/example_branch_datetime_operator.py
[2025-04-19T10:33:12.281+0000] {processor.py:925} INFO - DAG(s) 'example_branch_datetime_operator_3', 'example_branch_datetime_operator_2', 'example_branch_datetime_operator' retrieved from /home/airflow/.local/lib/python3.12/site-packages/airflow/example_dags/example_branch_datetime_operator.py
[2025-04-19T10:33:12.328+0000] {logging_mixin.py:190} INFO - [2025-04-19T10:33:12.328+0000] {dag.py:3239} INFO - Sync 3 DAGs
[2025-04-19T10:33:12.368+0000] {logging_mixin.py:190} INFO - [2025-04-19T10:33:12.367+0000] {dag.py:4180} INFO - Setting next_dagrun for example_branch_datetime_operator to 2025-04-18 00:00:00+00:00, run_after=2025-04-19 00:00:00+00:00
[2025-04-19T10:33:12.383+0000] {logging_mixin.py:190} INFO - [2025-04-19T10:33:12.383+0000] {dag.py:4180} INFO - Setting next_dagrun for example_branch_datetime_operator_2 to 2025-04-18 00:00:00+00:00, run_after=2025-04-19 00:00:00+00:00
[2025-04-19T10:33:12.388+0000] {logging_mixin.py:190} INFO - [2025-04-19T10:33:12.388+0000] {dag.py:4180} INFO - Setting next_dagrun for example_branch_datetime_operator_3 to 2025-04-18 00:00:00+00:00, run_after=2025-04-19 00:00:00+00:00
[2025-04-19T10:33:12.417+0000] {processor.py:208} INFO - Processing /home/airflow/.local/lib/python3.12/site-packages/airflow/example_dags/example_branch_datetime_operator.py took 0.174 seconds
[2025-04-19T10:33:43.367+0000] {processor.py:186} INFO - Started process (PID=341) to work on /home/airflow/.local/lib/python3.12/site-packages/airflow/example_dags/example_branch_datetime_operator.py
[2025-04-19T10:33:43.374+0000] {processor.py:914} INFO - Processing file /home/airflow/.local/lib/python3.12/site-packages/airflow/example_dags/example_branch_datetime_operator.py for tasks to queue
[2025-04-19T10:33:43.378+0000] {logging_mixin.py:190} INFO - [2025-04-19T10:33:43.377+0000] {dagbag.py:588} INFO - Filling up the DagBag from /home/airflow/.local/lib/python3.12/site-packages/airflow/example_dags/example_branch_datetime_operator.py
[2025-04-19T10:33:43.418+0000] {processor.py:925} INFO - DAG(s) 'example_branch_datetime_operator', 'example_branch_datetime_operator_3', 'example_branch_datetime_operator_2' retrieved from /home/airflow/.local/lib/python3.12/site-packages/airflow/example_dags/example_branch_datetime_operator.py
[2025-04-19T10:33:43.488+0000] {logging_mixin.py:190} INFO - [2025-04-19T10:33:43.488+0000] {dag.py:3239} INFO - Sync 3 DAGs
[2025-04-19T10:33:43.584+0000] {logging_mixin.py:190} INFO - [2025-04-19T10:33:43.583+0000] {dag.py:4180} INFO - Setting next_dagrun for example_branch_datetime_operator to 2025-04-18 00:00:00+00:00, run_after=2025-04-19 00:00:00+00:00
[2025-04-19T10:33:43.601+0000] {logging_mixin.py:190} INFO - [2025-04-19T10:33:43.601+0000] {dag.py:4180} INFO - Setting next_dagrun for example_branch_datetime_operator_2 to 2025-04-18 00:00:00+00:00, run_after=2025-04-19 00:00:00+00:00
[2025-04-19T10:33:43.608+0000] {logging_mixin.py:190} INFO - [2025-04-19T10:33:43.608+0000] {dag.py:4180} INFO - Setting next_dagrun for example_branch_datetime_operator_3 to 2025-04-18 00:00:00+00:00, run_after=2025-04-19 00:00:00+00:00
[2025-04-19T10:33:43.666+0000] {processor.py:208} INFO - Processing /home/airflow/.local/lib/python3.12/site-packages/airflow/example_dags/example_branch_datetime_operator.py took 0.316 seconds
