[2025-04-19T10:19:00.394+0000] {processor.py:186} INFO - Started process (PID=89) to work on /home/airflow/.local/lib/python3.12/site-packages/airflow/example_dags/example_latest_only_with_trigger.py
[2025-04-19T10:19:00.397+0000] {processor.py:914} INFO - Processing file /home/airflow/.local/lib/python3.12/site-packages/airflow/example_dags/example_latest_only_with_trigger.py for tasks to queue
[2025-04-19T10:19:00.405+0000] {logging_mixin.py:190} INFO - [2025-04-19T10:19:00.404+0000] {dagbag.py:588} INFO - Filling up the DagBag from /home/airflow/.local/lib/python3.12/site-packages/airflow/example_dags/example_latest_only_with_trigger.py
[2025-04-19T10:19:00.428+0000] {processor.py:925} INFO - DAG(s) 'latest_only_with_trigger' retrieved from /home/airflow/.local/lib/python3.12/site-packages/airflow/example_dags/example_latest_only_with_trigger.py
[2025-04-19T10:19:00.678+0000] {logging_mixin.py:190} INFO - [2025-04-19T10:19:00.676+0000] {override.py:1912} INFO - Created Permission View: can delete on DAG:latest_only_with_trigger
[2025-04-19T10:19:00.704+0000] {logging_mixin.py:190} INFO - [2025-04-19T10:19:00.703+0000] {override.py:1912} INFO - Created Permission View: can read on DAG:latest_only_with_trigger
[2025-04-19T10:19:00.723+0000] {logging_mixin.py:190} INFO - [2025-04-19T10:19:00.722+0000] {override.py:1912} INFO - Created Permission View: can edit on DAG:latest_only_with_trigger
[2025-04-19T10:19:00.745+0000] {logging_mixin.py:190} INFO - [2025-04-19T10:19:00.744+0000] {override.py:1912} INFO - Created Permission View: can delete on DAG Run:latest_only_with_trigger
[2025-04-19T10:19:00.762+0000] {logging_mixin.py:190} INFO - [2025-04-19T10:19:00.760+0000] {override.py:1912} INFO - Created Permission View: can read on DAG Run:latest_only_with_trigger
[2025-04-19T10:19:00.777+0000] {logging_mixin.py:190} INFO - [2025-04-19T10:19:00.776+0000] {override.py:1912} INFO - Created Permission View: menu access on DAG Run:latest_only_with_trigger
[2025-04-19T10:19:00.794+0000] {logging_mixin.py:190} INFO - [2025-04-19T10:19:00.794+0000] {override.py:1912} INFO - Created Permission View: can create on DAG Run:latest_only_with_trigger
[2025-04-19T10:19:00.796+0000] {logging_mixin.py:190} INFO - [2025-04-19T10:19:00.796+0000] {dag.py:3239} INFO - Sync 1 DAGs
[2025-04-19T10:19:00.841+0000] {logging_mixin.py:190} INFO - [2025-04-19T10:19:00.841+0000] {dag.py:3262} INFO - Creating ORM DAG for latest_only_with_trigger
[2025-04-19T10:19:00.872+0000] {logging_mixin.py:190} INFO - [2025-04-19T10:19:00.871+0000] {dag.py:4180} INFO - Setting next_dagrun for latest_only_with_trigger to 2025-04-19 04:00:00+00:00, run_after=2025-04-19 08:00:00+00:00
[2025-04-19T10:19:00.913+0000] {processor.py:208} INFO - Processing /home/airflow/.local/lib/python3.12/site-packages/airflow/example_dags/example_latest_only_with_trigger.py took 0.532 seconds
[2025-04-19T10:19:31.786+0000] {processor.py:186} INFO - Started process (PID=151) to work on /home/airflow/.local/lib/python3.12/site-packages/airflow/example_dags/example_latest_only_with_trigger.py
[2025-04-19T10:19:31.788+0000] {processor.py:914} INFO - Processing file /home/airflow/.local/lib/python3.12/site-packages/airflow/example_dags/example_latest_only_with_trigger.py for tasks to queue
[2025-04-19T10:19:31.796+0000] {logging_mixin.py:190} INFO - [2025-04-19T10:19:31.796+0000] {dagbag.py:588} INFO - Filling up the DagBag from /home/airflow/.local/lib/python3.12/site-packages/airflow/example_dags/example_latest_only_with_trigger.py
[2025-04-19T10:19:31.810+0000] {processor.py:925} INFO - DAG(s) 'latest_only_with_trigger' retrieved from /home/airflow/.local/lib/python3.12/site-packages/airflow/example_dags/example_latest_only_with_trigger.py
[2025-04-19T10:19:31.861+0000] {logging_mixin.py:190} INFO - [2025-04-19T10:19:31.861+0000] {dag.py:3239} INFO - Sync 1 DAGs
[2025-04-19T10:19:31.912+0000] {logging_mixin.py:190} INFO - [2025-04-19T10:19:31.911+0000] {dag.py:4180} INFO - Setting next_dagrun for latest_only_with_trigger to 2025-04-19 04:00:00+00:00, run_after=2025-04-19 08:00:00+00:00
[2025-04-19T10:19:31.970+0000] {processor.py:208} INFO - Processing /home/airflow/.local/lib/python3.12/site-packages/airflow/example_dags/example_latest_only_with_trigger.py took 0.201 seconds
[2025-04-19T10:20:02.642+0000] {processor.py:186} INFO - Started process (PID=214) to work on /home/airflow/.local/lib/python3.12/site-packages/airflow/example_dags/example_latest_only_with_trigger.py
[2025-04-19T10:20:02.645+0000] {processor.py:914} INFO - Processing file /home/airflow/.local/lib/python3.12/site-packages/airflow/example_dags/example_latest_only_with_trigger.py for tasks to queue
[2025-04-19T10:20:02.651+0000] {logging_mixin.py:190} INFO - [2025-04-19T10:20:02.650+0000] {dagbag.py:588} INFO - Filling up the DagBag from /home/airflow/.local/lib/python3.12/site-packages/airflow/example_dags/example_latest_only_with_trigger.py
[2025-04-19T10:20:02.665+0000] {processor.py:925} INFO - DAG(s) 'latest_only_with_trigger' retrieved from /home/airflow/.local/lib/python3.12/site-packages/airflow/example_dags/example_latest_only_with_trigger.py
[2025-04-19T10:20:02.708+0000] {logging_mixin.py:190} INFO - [2025-04-19T10:20:02.706+0000] {dag.py:3239} INFO - Sync 1 DAGs
[2025-04-19T10:20:02.767+0000] {logging_mixin.py:190} INFO - [2025-04-19T10:20:02.767+0000] {dag.py:4180} INFO - Setting next_dagrun for latest_only_with_trigger to 2025-04-19 04:00:00+00:00, run_after=2025-04-19 08:00:00+00:00
[2025-04-19T10:20:02.809+0000] {processor.py:208} INFO - Processing /home/airflow/.local/lib/python3.12/site-packages/airflow/example_dags/example_latest_only_with_trigger.py took 0.182 seconds
[2025-04-19T10:20:32.999+0000] {processor.py:186} INFO - Started process (PID=277) to work on /home/airflow/.local/lib/python3.12/site-packages/airflow/example_dags/example_latest_only_with_trigger.py
[2025-04-19T10:20:33.001+0000] {processor.py:914} INFO - Processing file /home/airflow/.local/lib/python3.12/site-packages/airflow/example_dags/example_latest_only_with_trigger.py for tasks to queue
[2025-04-19T10:20:33.004+0000] {logging_mixin.py:190} INFO - [2025-04-19T10:20:33.004+0000] {dagbag.py:588} INFO - Filling up the DagBag from /home/airflow/.local/lib/python3.12/site-packages/airflow/example_dags/example_latest_only_with_trigger.py
[2025-04-19T10:20:33.016+0000] {processor.py:925} INFO - DAG(s) 'latest_only_with_trigger' retrieved from /home/airflow/.local/lib/python3.12/site-packages/airflow/example_dags/example_latest_only_with_trigger.py
[2025-04-19T10:20:33.051+0000] {logging_mixin.py:190} INFO - [2025-04-19T10:20:33.051+0000] {dag.py:3239} INFO - Sync 1 DAGs
[2025-04-19T10:20:33.092+0000] {logging_mixin.py:190} INFO - [2025-04-19T10:20:33.092+0000] {dag.py:4180} INFO - Setting next_dagrun for latest_only_with_trigger to 2025-04-19 04:00:00+00:00, run_after=2025-04-19 08:00:00+00:00
[2025-04-19T10:20:33.140+0000] {processor.py:208} INFO - Processing /home/airflow/.local/lib/python3.12/site-packages/airflow/example_dags/example_latest_only_with_trigger.py took 0.149 seconds
[2025-04-19T10:21:03.435+0000] {processor.py:186} INFO - Started process (PID=340) to work on /home/airflow/.local/lib/python3.12/site-packages/airflow/example_dags/example_latest_only_with_trigger.py
[2025-04-19T10:21:03.437+0000] {processor.py:914} INFO - Processing file /home/airflow/.local/lib/python3.12/site-packages/airflow/example_dags/example_latest_only_with_trigger.py for tasks to queue
[2025-04-19T10:21:03.441+0000] {logging_mixin.py:190} INFO - [2025-04-19T10:21:03.441+0000] {dagbag.py:588} INFO - Filling up the DagBag from /home/airflow/.local/lib/python3.12/site-packages/airflow/example_dags/example_latest_only_with_trigger.py
[2025-04-19T10:21:03.457+0000] {processor.py:925} INFO - DAG(s) 'latest_only_with_trigger' retrieved from /home/airflow/.local/lib/python3.12/site-packages/airflow/example_dags/example_latest_only_with_trigger.py
[2025-04-19T10:21:03.495+0000] {logging_mixin.py:190} INFO - [2025-04-19T10:21:03.494+0000] {dag.py:3239} INFO - Sync 1 DAGs
[2025-04-19T10:21:03.539+0000] {logging_mixin.py:190} INFO - [2025-04-19T10:21:03.539+0000] {dag.py:4180} INFO - Setting next_dagrun for latest_only_with_trigger to 2025-04-19 04:00:00+00:00, run_after=2025-04-19 08:00:00+00:00
[2025-04-19T10:21:03.597+0000] {processor.py:208} INFO - Processing /home/airflow/.local/lib/python3.12/site-packages/airflow/example_dags/example_latest_only_with_trigger.py took 0.169 seconds
[2025-04-19T10:21:34.163+0000] {processor.py:186} INFO - Started process (PID=403) to work on /home/airflow/.local/lib/python3.12/site-packages/airflow/example_dags/example_latest_only_with_trigger.py
[2025-04-19T10:21:34.166+0000] {processor.py:914} INFO - Processing file /home/airflow/.local/lib/python3.12/site-packages/airflow/example_dags/example_latest_only_with_trigger.py for tasks to queue
[2025-04-19T10:21:34.171+0000] {logging_mixin.py:190} INFO - [2025-04-19T10:21:34.170+0000] {dagbag.py:588} INFO - Filling up the DagBag from /home/airflow/.local/lib/python3.12/site-packages/airflow/example_dags/example_latest_only_with_trigger.py
[2025-04-19T10:21:34.187+0000] {processor.py:925} INFO - DAG(s) 'latest_only_with_trigger' retrieved from /home/airflow/.local/lib/python3.12/site-packages/airflow/example_dags/example_latest_only_with_trigger.py
[2025-04-19T10:21:34.230+0000] {logging_mixin.py:190} INFO - [2025-04-19T10:21:34.229+0000] {dag.py:3239} INFO - Sync 1 DAGs
[2025-04-19T10:21:34.305+0000] {logging_mixin.py:190} INFO - [2025-04-19T10:21:34.305+0000] {dag.py:4180} INFO - Setting next_dagrun for latest_only_with_trigger to 2025-04-19 04:00:00+00:00, run_after=2025-04-19 08:00:00+00:00
[2025-04-19T10:21:34.350+0000] {processor.py:208} INFO - Processing /home/airflow/.local/lib/python3.12/site-packages/airflow/example_dags/example_latest_only_with_trigger.py took 0.198 seconds
[2025-04-19T10:22:04.717+0000] {processor.py:186} INFO - Started process (PID=466) to work on /home/airflow/.local/lib/python3.12/site-packages/airflow/example_dags/example_latest_only_with_trigger.py
[2025-04-19T10:22:04.720+0000] {processor.py:914} INFO - Processing file /home/airflow/.local/lib/python3.12/site-packages/airflow/example_dags/example_latest_only_with_trigger.py for tasks to queue
[2025-04-19T10:22:04.727+0000] {logging_mixin.py:190} INFO - [2025-04-19T10:22:04.727+0000] {dagbag.py:588} INFO - Filling up the DagBag from /home/airflow/.local/lib/python3.12/site-packages/airflow/example_dags/example_latest_only_with_trigger.py
[2025-04-19T10:22:04.746+0000] {processor.py:925} INFO - DAG(s) 'latest_only_with_trigger' retrieved from /home/airflow/.local/lib/python3.12/site-packages/airflow/example_dags/example_latest_only_with_trigger.py
[2025-04-19T10:22:04.798+0000] {logging_mixin.py:190} INFO - [2025-04-19T10:22:04.797+0000] {dag.py:3239} INFO - Sync 1 DAGs
[2025-04-19T10:22:04.897+0000] {logging_mixin.py:190} INFO - [2025-04-19T10:22:04.896+0000] {dag.py:4180} INFO - Setting next_dagrun for latest_only_with_trigger to 2025-04-19 04:00:00+00:00, run_after=2025-04-19 08:00:00+00:00
[2025-04-19T10:22:04.958+0000] {processor.py:208} INFO - Processing /home/airflow/.local/lib/python3.12/site-packages/airflow/example_dags/example_latest_only_with_trigger.py took 0.251 seconds
[2025-04-19T10:22:35.425+0000] {processor.py:186} INFO - Started process (PID=528) to work on /home/airflow/.local/lib/python3.12/site-packages/airflow/example_dags/example_latest_only_with_trigger.py
[2025-04-19T10:22:35.429+0000] {processor.py:914} INFO - Processing file /home/airflow/.local/lib/python3.12/site-packages/airflow/example_dags/example_latest_only_with_trigger.py for tasks to queue
[2025-04-19T10:22:35.436+0000] {logging_mixin.py:190} INFO - [2025-04-19T10:22:35.435+0000] {dagbag.py:588} INFO - Filling up the DagBag from /home/airflow/.local/lib/python3.12/site-packages/airflow/example_dags/example_latest_only_with_trigger.py
[2025-04-19T10:22:35.454+0000] {processor.py:925} INFO - DAG(s) 'latest_only_with_trigger' retrieved from /home/airflow/.local/lib/python3.12/site-packages/airflow/example_dags/example_latest_only_with_trigger.py
[2025-04-19T10:22:35.499+0000] {logging_mixin.py:190} INFO - [2025-04-19T10:22:35.498+0000] {dag.py:3239} INFO - Sync 1 DAGs
[2025-04-19T10:22:35.549+0000] {logging_mixin.py:190} INFO - [2025-04-19T10:22:35.548+0000] {dag.py:4180} INFO - Setting next_dagrun for latest_only_with_trigger to 2025-04-19 04:00:00+00:00, run_after=2025-04-19 08:00:00+00:00
[2025-04-19T10:22:35.599+0000] {processor.py:208} INFO - Processing /home/airflow/.local/lib/python3.12/site-packages/airflow/example_dags/example_latest_only_with_trigger.py took 0.190 seconds
[2025-04-19T10:23:05.809+0000] {processor.py:186} INFO - Started process (PID=590) to work on /home/airflow/.local/lib/python3.12/site-packages/airflow/example_dags/example_latest_only_with_trigger.py
[2025-04-19T10:23:05.812+0000] {processor.py:914} INFO - Processing file /home/airflow/.local/lib/python3.12/site-packages/airflow/example_dags/example_latest_only_with_trigger.py for tasks to queue
[2025-04-19T10:23:05.819+0000] {logging_mixin.py:190} INFO - [2025-04-19T10:23:05.818+0000] {dagbag.py:588} INFO - Filling up the DagBag from /home/airflow/.local/lib/python3.12/site-packages/airflow/example_dags/example_latest_only_with_trigger.py
[2025-04-19T10:23:05.843+0000] {processor.py:925} INFO - DAG(s) 'latest_only_with_trigger' retrieved from /home/airflow/.local/lib/python3.12/site-packages/airflow/example_dags/example_latest_only_with_trigger.py
[2025-04-19T10:23:05.904+0000] {logging_mixin.py:190} INFO - [2025-04-19T10:23:05.903+0000] {dag.py:3239} INFO - Sync 1 DAGs
[2025-04-19T10:23:05.962+0000] {logging_mixin.py:190} INFO - [2025-04-19T10:23:05.961+0000] {dag.py:4180} INFO - Setting next_dagrun for latest_only_with_trigger to 2025-04-19 04:00:00+00:00, run_after=2025-04-19 08:00:00+00:00
[2025-04-19T10:23:06.010+0000] {processor.py:208} INFO - Processing /home/airflow/.local/lib/python3.12/site-packages/airflow/example_dags/example_latest_only_with_trigger.py took 0.216 seconds
[2025-04-19T10:23:36.378+0000] {processor.py:186} INFO - Started process (PID=653) to work on /home/airflow/.local/lib/python3.12/site-packages/airflow/example_dags/example_latest_only_with_trigger.py
[2025-04-19T10:23:36.381+0000] {processor.py:914} INFO - Processing file /home/airflow/.local/lib/python3.12/site-packages/airflow/example_dags/example_latest_only_with_trigger.py for tasks to queue
[2025-04-19T10:23:36.388+0000] {logging_mixin.py:190} INFO - [2025-04-19T10:23:36.387+0000] {dagbag.py:588} INFO - Filling up the DagBag from /home/airflow/.local/lib/python3.12/site-packages/airflow/example_dags/example_latest_only_with_trigger.py
[2025-04-19T10:23:36.409+0000] {processor.py:925} INFO - DAG(s) 'latest_only_with_trigger' retrieved from /home/airflow/.local/lib/python3.12/site-packages/airflow/example_dags/example_latest_only_with_trigger.py
[2025-04-19T10:23:36.466+0000] {logging_mixin.py:190} INFO - [2025-04-19T10:23:36.466+0000] {dag.py:3239} INFO - Sync 1 DAGs
[2025-04-19T10:23:36.521+0000] {logging_mixin.py:190} INFO - [2025-04-19T10:23:36.521+0000] {dag.py:4180} INFO - Setting next_dagrun for latest_only_with_trigger to 2025-04-19 04:00:00+00:00, run_after=2025-04-19 08:00:00+00:00
[2025-04-19T10:23:36.592+0000] {processor.py:208} INFO - Processing /home/airflow/.local/lib/python3.12/site-packages/airflow/example_dags/example_latest_only_with_trigger.py took 0.236 seconds
[2025-04-19T10:24:07.184+0000] {processor.py:186} INFO - Started process (PID=717) to work on /home/airflow/.local/lib/python3.12/site-packages/airflow/example_dags/example_latest_only_with_trigger.py
[2025-04-19T10:24:07.188+0000] {processor.py:914} INFO - Processing file /home/airflow/.local/lib/python3.12/site-packages/airflow/example_dags/example_latest_only_with_trigger.py for tasks to queue
[2025-04-19T10:24:07.200+0000] {logging_mixin.py:190} INFO - [2025-04-19T10:24:07.198+0000] {dagbag.py:588} INFO - Filling up the DagBag from /home/airflow/.local/lib/python3.12/site-packages/airflow/example_dags/example_latest_only_with_trigger.py
[2025-04-19T10:24:07.227+0000] {processor.py:925} INFO - DAG(s) 'latest_only_with_trigger' retrieved from /home/airflow/.local/lib/python3.12/site-packages/airflow/example_dags/example_latest_only_with_trigger.py
[2025-04-19T10:24:07.270+0000] {logging_mixin.py:190} INFO - [2025-04-19T10:24:07.269+0000] {dag.py:3239} INFO - Sync 1 DAGs
[2025-04-19T10:24:07.311+0000] {logging_mixin.py:190} INFO - [2025-04-19T10:24:07.310+0000] {dag.py:4180} INFO - Setting next_dagrun for latest_only_with_trigger to 2025-04-19 04:00:00+00:00, run_after=2025-04-19 08:00:00+00:00
[2025-04-19T10:24:07.407+0000] {processor.py:208} INFO - Processing /home/airflow/.local/lib/python3.12/site-packages/airflow/example_dags/example_latest_only_with_trigger.py took 0.237 seconds
[2025-04-19T10:24:37.973+0000] {processor.py:186} INFO - Started process (PID=780) to work on /home/airflow/.local/lib/python3.12/site-packages/airflow/example_dags/example_latest_only_with_trigger.py
[2025-04-19T10:24:37.976+0000] {processor.py:914} INFO - Processing file /home/airflow/.local/lib/python3.12/site-packages/airflow/example_dags/example_latest_only_with_trigger.py for tasks to queue
[2025-04-19T10:24:37.982+0000] {logging_mixin.py:190} INFO - [2025-04-19T10:24:37.981+0000] {dagbag.py:588} INFO - Filling up the DagBag from /home/airflow/.local/lib/python3.12/site-packages/airflow/example_dags/example_latest_only_with_trigger.py
[2025-04-19T10:24:38.000+0000] {processor.py:925} INFO - DAG(s) 'latest_only_with_trigger' retrieved from /home/airflow/.local/lib/python3.12/site-packages/airflow/example_dags/example_latest_only_with_trigger.py
[2025-04-19T10:24:38.047+0000] {logging_mixin.py:190} INFO - [2025-04-19T10:24:38.046+0000] {dag.py:3239} INFO - Sync 1 DAGs
[2025-04-19T10:24:38.095+0000] {logging_mixin.py:190} INFO - [2025-04-19T10:24:38.094+0000] {dag.py:4180} INFO - Setting next_dagrun for latest_only_with_trigger to 2025-04-19 04:00:00+00:00, run_after=2025-04-19 08:00:00+00:00
[2025-04-19T10:24:38.136+0000] {processor.py:208} INFO - Processing /home/airflow/.local/lib/python3.12/site-packages/airflow/example_dags/example_latest_only_with_trigger.py took 0.175 seconds
[2025-04-19T10:25:08.391+0000] {processor.py:186} INFO - Started process (PID=850) to work on /home/airflow/.local/lib/python3.12/site-packages/airflow/example_dags/example_latest_only_with_trigger.py
[2025-04-19T10:25:08.395+0000] {processor.py:914} INFO - Processing file /home/airflow/.local/lib/python3.12/site-packages/airflow/example_dags/example_latest_only_with_trigger.py for tasks to queue
[2025-04-19T10:25:08.403+0000] {logging_mixin.py:190} INFO - [2025-04-19T10:25:08.402+0000] {dagbag.py:588} INFO - Filling up the DagBag from /home/airflow/.local/lib/python3.12/site-packages/airflow/example_dags/example_latest_only_with_trigger.py
[2025-04-19T10:25:08.421+0000] {processor.py:925} INFO - DAG(s) 'latest_only_with_trigger' retrieved from /home/airflow/.local/lib/python3.12/site-packages/airflow/example_dags/example_latest_only_with_trigger.py
[2025-04-19T10:25:08.468+0000] {logging_mixin.py:190} INFO - [2025-04-19T10:25:08.468+0000] {dag.py:3239} INFO - Sync 1 DAGs
[2025-04-19T10:25:08.516+0000] {logging_mixin.py:190} INFO - [2025-04-19T10:25:08.516+0000] {dag.py:4180} INFO - Setting next_dagrun for latest_only_with_trigger to 2025-04-19 04:00:00+00:00, run_after=2025-04-19 08:00:00+00:00
[2025-04-19T10:25:08.558+0000] {processor.py:208} INFO - Processing /home/airflow/.local/lib/python3.12/site-packages/airflow/example_dags/example_latest_only_with_trigger.py took 0.181 seconds
[2025-04-19T10:25:39.526+0000] {processor.py:186} INFO - Started process (PID=913) to work on /home/airflow/.local/lib/python3.12/site-packages/airflow/example_dags/example_latest_only_with_trigger.py
[2025-04-19T10:25:39.528+0000] {processor.py:914} INFO - Processing file /home/airflow/.local/lib/python3.12/site-packages/airflow/example_dags/example_latest_only_with_trigger.py for tasks to queue
[2025-04-19T10:25:39.537+0000] {logging_mixin.py:190} INFO - [2025-04-19T10:25:39.536+0000] {dagbag.py:588} INFO - Filling up the DagBag from /home/airflow/.local/lib/python3.12/site-packages/airflow/example_dags/example_latest_only_with_trigger.py
[2025-04-19T10:25:39.557+0000] {processor.py:925} INFO - DAG(s) 'latest_only_with_trigger' retrieved from /home/airflow/.local/lib/python3.12/site-packages/airflow/example_dags/example_latest_only_with_trigger.py
[2025-04-19T10:25:39.598+0000] {logging_mixin.py:190} INFO - [2025-04-19T10:25:39.597+0000] {dag.py:3239} INFO - Sync 1 DAGs
[2025-04-19T10:25:39.678+0000] {logging_mixin.py:190} INFO - [2025-04-19T10:25:39.678+0000] {dag.py:4180} INFO - Setting next_dagrun for latest_only_with_trigger to 2025-04-19 04:00:00+00:00, run_after=2025-04-19 08:00:00+00:00
[2025-04-19T10:25:39.726+0000] {processor.py:208} INFO - Processing /home/airflow/.local/lib/python3.12/site-packages/airflow/example_dags/example_latest_only_with_trigger.py took 0.215 seconds
[2025-04-19T10:26:09.880+0000] {processor.py:186} INFO - Started process (PID=976) to work on /home/airflow/.local/lib/python3.12/site-packages/airflow/example_dags/example_latest_only_with_trigger.py
[2025-04-19T10:26:09.882+0000] {processor.py:914} INFO - Processing file /home/airflow/.local/lib/python3.12/site-packages/airflow/example_dags/example_latest_only_with_trigger.py for tasks to queue
[2025-04-19T10:26:09.888+0000] {logging_mixin.py:190} INFO - [2025-04-19T10:26:09.887+0000] {dagbag.py:588} INFO - Filling up the DagBag from /home/airflow/.local/lib/python3.12/site-packages/airflow/example_dags/example_latest_only_with_trigger.py
[2025-04-19T10:26:09.900+0000] {processor.py:925} INFO - DAG(s) 'latest_only_with_trigger' retrieved from /home/airflow/.local/lib/python3.12/site-packages/airflow/example_dags/example_latest_only_with_trigger.py
[2025-04-19T10:26:09.940+0000] {logging_mixin.py:190} INFO - [2025-04-19T10:26:09.940+0000] {dag.py:3239} INFO - Sync 1 DAGs
[2025-04-19T10:26:09.975+0000] {logging_mixin.py:190} INFO - [2025-04-19T10:26:09.975+0000] {dag.py:4180} INFO - Setting next_dagrun for latest_only_with_trigger to 2025-04-19 04:00:00+00:00, run_after=2025-04-19 08:00:00+00:00
[2025-04-19T10:26:10.017+0000] {processor.py:208} INFO - Processing /home/airflow/.local/lib/python3.12/site-packages/airflow/example_dags/example_latest_only_with_trigger.py took 0.153 seconds
[2025-04-19T10:26:40.440+0000] {processor.py:186} INFO - Started process (PID=1038) to work on /home/airflow/.local/lib/python3.12/site-packages/airflow/example_dags/example_latest_only_with_trigger.py
[2025-04-19T10:26:40.443+0000] {processor.py:914} INFO - Processing file /home/airflow/.local/lib/python3.12/site-packages/airflow/example_dags/example_latest_only_with_trigger.py for tasks to queue
[2025-04-19T10:26:40.449+0000] {logging_mixin.py:190} INFO - [2025-04-19T10:26:40.448+0000] {dagbag.py:588} INFO - Filling up the DagBag from /home/airflow/.local/lib/python3.12/site-packages/airflow/example_dags/example_latest_only_with_trigger.py
[2025-04-19T10:26:40.466+0000] {processor.py:925} INFO - DAG(s) 'latest_only_with_trigger' retrieved from /home/airflow/.local/lib/python3.12/site-packages/airflow/example_dags/example_latest_only_with_trigger.py
[2025-04-19T10:26:40.520+0000] {logging_mixin.py:190} INFO - [2025-04-19T10:26:40.519+0000] {dag.py:3239} INFO - Sync 1 DAGs
[2025-04-19T10:26:40.574+0000] {logging_mixin.py:190} INFO - [2025-04-19T10:26:40.574+0000] {dag.py:4180} INFO - Setting next_dagrun for latest_only_with_trigger to 2025-04-19 04:00:00+00:00, run_after=2025-04-19 08:00:00+00:00
[2025-04-19T10:26:40.616+0000] {processor.py:208} INFO - Processing /home/airflow/.local/lib/python3.12/site-packages/airflow/example_dags/example_latest_only_with_trigger.py took 0.190 seconds
[2025-04-19T10:27:11.277+0000] {processor.py:186} INFO - Started process (PID=1102) to work on /home/airflow/.local/lib/python3.12/site-packages/airflow/example_dags/example_latest_only_with_trigger.py
[2025-04-19T10:27:11.280+0000] {processor.py:914} INFO - Processing file /home/airflow/.local/lib/python3.12/site-packages/airflow/example_dags/example_latest_only_with_trigger.py for tasks to queue
[2025-04-19T10:27:11.286+0000] {logging_mixin.py:190} INFO - [2025-04-19T10:27:11.286+0000] {dagbag.py:588} INFO - Filling up the DagBag from /home/airflow/.local/lib/python3.12/site-packages/airflow/example_dags/example_latest_only_with_trigger.py
[2025-04-19T10:27:11.299+0000] {processor.py:925} INFO - DAG(s) 'latest_only_with_trigger' retrieved from /home/airflow/.local/lib/python3.12/site-packages/airflow/example_dags/example_latest_only_with_trigger.py
[2025-04-19T10:27:11.333+0000] {logging_mixin.py:190} INFO - [2025-04-19T10:27:11.332+0000] {dag.py:3239} INFO - Sync 1 DAGs
[2025-04-19T10:27:11.368+0000] {logging_mixin.py:190} INFO - [2025-04-19T10:27:11.367+0000] {dag.py:4180} INFO - Setting next_dagrun for latest_only_with_trigger to 2025-04-19 04:00:00+00:00, run_after=2025-04-19 08:00:00+00:00
[2025-04-19T10:27:11.409+0000] {processor.py:208} INFO - Processing /home/airflow/.local/lib/python3.12/site-packages/airflow/example_dags/example_latest_only_with_trigger.py took 0.144 seconds
[2025-04-19T10:27:42.200+0000] {processor.py:186} INFO - Started process (PID=1164) to work on /home/airflow/.local/lib/python3.12/site-packages/airflow/example_dags/example_latest_only_with_trigger.py
[2025-04-19T10:27:42.205+0000] {processor.py:914} INFO - Processing file /home/airflow/.local/lib/python3.12/site-packages/airflow/example_dags/example_latest_only_with_trigger.py for tasks to queue
[2025-04-19T10:27:42.217+0000] {logging_mixin.py:190} INFO - [2025-04-19T10:27:42.216+0000] {dagbag.py:588} INFO - Filling up the DagBag from /home/airflow/.local/lib/python3.12/site-packages/airflow/example_dags/example_latest_only_with_trigger.py
[2025-04-19T10:27:42.242+0000] {processor.py:925} INFO - DAG(s) 'latest_only_with_trigger' retrieved from /home/airflow/.local/lib/python3.12/site-packages/airflow/example_dags/example_latest_only_with_trigger.py
[2025-04-19T10:27:42.321+0000] {logging_mixin.py:190} INFO - [2025-04-19T10:27:42.320+0000] {dag.py:3239} INFO - Sync 1 DAGs
[2025-04-19T10:27:42.382+0000] {logging_mixin.py:190} INFO - [2025-04-19T10:27:42.381+0000] {dag.py:4180} INFO - Setting next_dagrun for latest_only_with_trigger to 2025-04-19 04:00:00+00:00, run_after=2025-04-19 08:00:00+00:00
[2025-04-19T10:27:42.430+0000] {processor.py:208} INFO - Processing /home/airflow/.local/lib/python3.12/site-packages/airflow/example_dags/example_latest_only_with_trigger.py took 0.253 seconds
[2025-04-19T10:28:13.338+0000] {processor.py:186} INFO - Started process (PID=1227) to work on /home/airflow/.local/lib/python3.12/site-packages/airflow/example_dags/example_latest_only_with_trigger.py
[2025-04-19T10:28:13.342+0000] {processor.py:914} INFO - Processing file /home/airflow/.local/lib/python3.12/site-packages/airflow/example_dags/example_latest_only_with_trigger.py for tasks to queue
[2025-04-19T10:28:13.349+0000] {logging_mixin.py:190} INFO - [2025-04-19T10:28:13.348+0000] {dagbag.py:588} INFO - Filling up the DagBag from /home/airflow/.local/lib/python3.12/site-packages/airflow/example_dags/example_latest_only_with_trigger.py
[2025-04-19T10:28:13.370+0000] {processor.py:925} INFO - DAG(s) 'latest_only_with_trigger' retrieved from /home/airflow/.local/lib/python3.12/site-packages/airflow/example_dags/example_latest_only_with_trigger.py
[2025-04-19T10:28:13.454+0000] {logging_mixin.py:190} INFO - [2025-04-19T10:28:13.453+0000] {dag.py:3239} INFO - Sync 1 DAGs
[2025-04-19T10:28:13.508+0000] {logging_mixin.py:190} INFO - [2025-04-19T10:28:13.508+0000] {dag.py:4180} INFO - Setting next_dagrun for latest_only_with_trigger to 2025-04-19 04:00:00+00:00, run_after=2025-04-19 08:00:00+00:00
[2025-04-19T10:28:13.575+0000] {processor.py:208} INFO - Processing /home/airflow/.local/lib/python3.12/site-packages/airflow/example_dags/example_latest_only_with_trigger.py took 0.254 seconds
[2025-04-19T10:28:44.705+0000] {processor.py:186} INFO - Started process (PID=1290) to work on /home/airflow/.local/lib/python3.12/site-packages/airflow/example_dags/example_latest_only_with_trigger.py
[2025-04-19T10:28:44.708+0000] {processor.py:914} INFO - Processing file /home/airflow/.local/lib/python3.12/site-packages/airflow/example_dags/example_latest_only_with_trigger.py for tasks to queue
[2025-04-19T10:28:44.716+0000] {logging_mixin.py:190} INFO - [2025-04-19T10:28:44.715+0000] {dagbag.py:588} INFO - Filling up the DagBag from /home/airflow/.local/lib/python3.12/site-packages/airflow/example_dags/example_latest_only_with_trigger.py
[2025-04-19T10:28:44.744+0000] {processor.py:925} INFO - DAG(s) 'latest_only_with_trigger' retrieved from /home/airflow/.local/lib/python3.12/site-packages/airflow/example_dags/example_latest_only_with_trigger.py
[2025-04-19T10:28:44.799+0000] {logging_mixin.py:190} INFO - [2025-04-19T10:28:44.799+0000] {dag.py:3239} INFO - Sync 1 DAGs
[2025-04-19T10:28:44.842+0000] {logging_mixin.py:190} INFO - [2025-04-19T10:28:44.842+0000] {dag.py:4180} INFO - Setting next_dagrun for latest_only_with_trigger to 2025-04-19 04:00:00+00:00, run_after=2025-04-19 08:00:00+00:00
[2025-04-19T10:28:44.879+0000] {processor.py:208} INFO - Processing /home/airflow/.local/lib/python3.12/site-packages/airflow/example_dags/example_latest_only_with_trigger.py took 0.189 seconds
[2025-04-19T10:29:15.656+0000] {processor.py:186} INFO - Started process (PID=1349) to work on /home/airflow/.local/lib/python3.12/site-packages/airflow/example_dags/example_latest_only_with_trigger.py
[2025-04-19T10:29:15.661+0000] {processor.py:914} INFO - Processing file /home/airflow/.local/lib/python3.12/site-packages/airflow/example_dags/example_latest_only_with_trigger.py for tasks to queue
[2025-04-19T10:29:15.671+0000] {logging_mixin.py:190} INFO - [2025-04-19T10:29:15.669+0000] {dagbag.py:588} INFO - Filling up the DagBag from /home/airflow/.local/lib/python3.12/site-packages/airflow/example_dags/example_latest_only_with_trigger.py
[2025-04-19T10:29:15.696+0000] {processor.py:925} INFO - DAG(s) 'latest_only_with_trigger' retrieved from /home/airflow/.local/lib/python3.12/site-packages/airflow/example_dags/example_latest_only_with_trigger.py
[2025-04-19T10:29:15.731+0000] {logging_mixin.py:190} INFO - [2025-04-19T10:29:15.731+0000] {dag.py:3239} INFO - Sync 1 DAGs
[2025-04-19T10:29:15.767+0000] {logging_mixin.py:190} INFO - [2025-04-19T10:29:15.766+0000] {dag.py:4180} INFO - Setting next_dagrun for latest_only_with_trigger to 2025-04-19 04:00:00+00:00, run_after=2025-04-19 08:00:00+00:00
[2025-04-19T10:29:15.797+0000] {processor.py:208} INFO - Processing /home/airflow/.local/lib/python3.12/site-packages/airflow/example_dags/example_latest_only_with_trigger.py took 0.167 seconds
[2025-04-19T10:31:39.470+0000] {processor.py:186} INFO - Started process (PID=88) to work on /home/airflow/.local/lib/python3.12/site-packages/airflow/example_dags/example_latest_only_with_trigger.py
[2025-04-19T10:31:39.472+0000] {processor.py:914} INFO - Processing file /home/airflow/.local/lib/python3.12/site-packages/airflow/example_dags/example_latest_only_with_trigger.py for tasks to queue
[2025-04-19T10:31:39.479+0000] {logging_mixin.py:190} INFO - [2025-04-19T10:31:39.478+0000] {dagbag.py:588} INFO - Filling up the DagBag from /home/airflow/.local/lib/python3.12/site-packages/airflow/example_dags/example_latest_only_with_trigger.py
[2025-04-19T10:31:39.494+0000] {processor.py:925} INFO - DAG(s) 'latest_only_with_trigger' retrieved from /home/airflow/.local/lib/python3.12/site-packages/airflow/example_dags/example_latest_only_with_trigger.py
[2025-04-19T10:31:39.555+0000] {logging_mixin.py:190} INFO - [2025-04-19T10:31:39.554+0000] {dag.py:3239} INFO - Sync 1 DAGs
[2025-04-19T10:31:39.624+0000] {logging_mixin.py:190} INFO - [2025-04-19T10:31:39.624+0000] {dag.py:4180} INFO - Setting next_dagrun for latest_only_with_trigger to 2025-04-19 04:00:00+00:00, run_after=2025-04-19 08:00:00+00:00
[2025-04-19T10:31:39.664+0000] {processor.py:208} INFO - Processing /home/airflow/.local/lib/python3.12/site-packages/airflow/example_dags/example_latest_only_with_trigger.py took 0.209 seconds
[2025-04-19T10:32:10.500+0000] {processor.py:186} INFO - Started process (PID=149) to work on /home/airflow/.local/lib/python3.12/site-packages/airflow/example_dags/example_latest_only_with_trigger.py
[2025-04-19T10:32:10.503+0000] {processor.py:914} INFO - Processing file /home/airflow/.local/lib/python3.12/site-packages/airflow/example_dags/example_latest_only_with_trigger.py for tasks to queue
[2025-04-19T10:32:10.508+0000] {logging_mixin.py:190} INFO - [2025-04-19T10:32:10.507+0000] {dagbag.py:588} INFO - Filling up the DagBag from /home/airflow/.local/lib/python3.12/site-packages/airflow/example_dags/example_latest_only_with_trigger.py
[2025-04-19T10:32:10.520+0000] {processor.py:925} INFO - DAG(s) 'latest_only_with_trigger' retrieved from /home/airflow/.local/lib/python3.12/site-packages/airflow/example_dags/example_latest_only_with_trigger.py
[2025-04-19T10:32:10.549+0000] {logging_mixin.py:190} INFO - [2025-04-19T10:32:10.549+0000] {dag.py:3239} INFO - Sync 1 DAGs
[2025-04-19T10:32:10.589+0000] {logging_mixin.py:190} INFO - [2025-04-19T10:32:10.588+0000] {dag.py:4180} INFO - Setting next_dagrun for latest_only_with_trigger to 2025-04-19 04:00:00+00:00, run_after=2025-04-19 08:00:00+00:00
[2025-04-19T10:32:10.623+0000] {processor.py:208} INFO - Processing /home/airflow/.local/lib/python3.12/site-packages/airflow/example_dags/example_latest_only_with_trigger.py took 0.132 seconds
[2025-04-19T10:32:41.449+0000] {processor.py:186} INFO - Started process (PID=214) to work on /home/airflow/.local/lib/python3.12/site-packages/airflow/example_dags/example_latest_only_with_trigger.py
[2025-04-19T10:32:41.452+0000] {processor.py:914} INFO - Processing file /home/airflow/.local/lib/python3.12/site-packages/airflow/example_dags/example_latest_only_with_trigger.py for tasks to queue
[2025-04-19T10:32:41.459+0000] {logging_mixin.py:190} INFO - [2025-04-19T10:32:41.458+0000] {dagbag.py:588} INFO - Filling up the DagBag from /home/airflow/.local/lib/python3.12/site-packages/airflow/example_dags/example_latest_only_with_trigger.py
[2025-04-19T10:32:41.480+0000] {processor.py:925} INFO - DAG(s) 'latest_only_with_trigger' retrieved from /home/airflow/.local/lib/python3.12/site-packages/airflow/example_dags/example_latest_only_with_trigger.py
[2025-04-19T10:32:41.522+0000] {logging_mixin.py:190} INFO - [2025-04-19T10:32:41.521+0000] {dag.py:3239} INFO - Sync 1 DAGs
[2025-04-19T10:32:41.555+0000] {logging_mixin.py:190} INFO - [2025-04-19T10:32:41.555+0000] {dag.py:4180} INFO - Setting next_dagrun for latest_only_with_trigger to 2025-04-19 04:00:00+00:00, run_after=2025-04-19 08:00:00+00:00
[2025-04-19T10:32:41.584+0000] {processor.py:208} INFO - Processing /home/airflow/.local/lib/python3.12/site-packages/airflow/example_dags/example_latest_only_with_trigger.py took 0.150 seconds
[2025-04-19T10:33:12.214+0000] {processor.py:186} INFO - Started process (PID=277) to work on /home/airflow/.local/lib/python3.12/site-packages/airflow/example_dags/example_latest_only_with_trigger.py
[2025-04-19T10:33:12.218+0000] {processor.py:914} INFO - Processing file /home/airflow/.local/lib/python3.12/site-packages/airflow/example_dags/example_latest_only_with_trigger.py for tasks to queue
[2025-04-19T10:33:12.226+0000] {logging_mixin.py:190} INFO - [2025-04-19T10:33:12.225+0000] {dagbag.py:588} INFO - Filling up the DagBag from /home/airflow/.local/lib/python3.12/site-packages/airflow/example_dags/example_latest_only_with_trigger.py
[2025-04-19T10:33:12.244+0000] {processor.py:925} INFO - DAG(s) 'latest_only_with_trigger' retrieved from /home/airflow/.local/lib/python3.12/site-packages/airflow/example_dags/example_latest_only_with_trigger.py
[2025-04-19T10:33:12.287+0000] {logging_mixin.py:190} INFO - [2025-04-19T10:33:12.286+0000] {dag.py:3239} INFO - Sync 1 DAGs
[2025-04-19T10:33:12.323+0000] {logging_mixin.py:190} INFO - [2025-04-19T10:33:12.323+0000] {dag.py:4180} INFO - Setting next_dagrun for latest_only_with_trigger to 2025-04-19 04:00:00+00:00, run_after=2025-04-19 08:00:00+00:00
[2025-04-19T10:33:12.358+0000] {processor.py:208} INFO - Processing /home/airflow/.local/lib/python3.12/site-packages/airflow/example_dags/example_latest_only_with_trigger.py took 0.162 seconds
[2025-04-19T10:33:43.166+0000] {processor.py:186} INFO - Started process (PID=340) to work on /home/airflow/.local/lib/python3.12/site-packages/airflow/example_dags/example_latest_only_with_trigger.py
[2025-04-19T10:33:43.168+0000] {processor.py:914} INFO - Processing file /home/airflow/.local/lib/python3.12/site-packages/airflow/example_dags/example_latest_only_with_trigger.py for tasks to queue
[2025-04-19T10:33:43.175+0000] {logging_mixin.py:190} INFO - [2025-04-19T10:33:43.173+0000] {dagbag.py:588} INFO - Filling up the DagBag from /home/airflow/.local/lib/python3.12/site-packages/airflow/example_dags/example_latest_only_with_trigger.py
[2025-04-19T10:33:43.199+0000] {processor.py:925} INFO - DAG(s) 'latest_only_with_trigger' retrieved from /home/airflow/.local/lib/python3.12/site-packages/airflow/example_dags/example_latest_only_with_trigger.py
[2025-04-19T10:33:43.256+0000] {logging_mixin.py:190} INFO - [2025-04-19T10:33:43.255+0000] {dag.py:3239} INFO - Sync 1 DAGs
[2025-04-19T10:33:43.322+0000] {logging_mixin.py:190} INFO - [2025-04-19T10:33:43.321+0000] {dag.py:4180} INFO - Setting next_dagrun for latest_only_with_trigger to 2025-04-19 04:00:00+00:00, run_after=2025-04-19 08:00:00+00:00
[2025-04-19T10:33:43.366+0000] {processor.py:208} INFO - Processing /home/airflow/.local/lib/python3.12/site-packages/airflow/example_dags/example_latest_only_with_trigger.py took 0.216 seconds
