[2025-04-19T10:19:03.911+0000] {processor.py:186} INFO - Started process (PID=97) to work on /home/airflow/.local/lib/python3.12/site-packages/airflow/example_dags/example_sla_dag.py
[2025-04-19T10:19:03.913+0000] {processor.py:914} INFO - Processing file /home/airflow/.local/lib/python3.12/site-packages/airflow/example_dags/example_sla_dag.py for tasks to queue
[2025-04-19T10:19:03.920+0000] {logging_mixin.py:190} INFO - [2025-04-19T10:19:03.919+0000] {dagbag.py:588} INFO - Filling up the DagBag from /home/airflow/.local/lib/python3.12/site-packages/airflow/example_dags/example_sla_dag.py
[2025-04-19T10:19:03.940+0000] {processor.py:925} INFO - DAG(s) 'example_sla_dag' retrieved from /home/airflow/.local/lib/python3.12/site-packages/airflow/example_dags/example_sla_dag.py
[2025-04-19T10:19:04.177+0000] {logging_mixin.py:190} INFO - [2025-04-19T10:19:04.175+0000] {override.py:1912} INFO - Created Permission View: can delete on DAG:example_sla_dag
[2025-04-19T10:19:04.203+0000] {logging_mixin.py:190} INFO - [2025-04-19T10:19:04.203+0000] {override.py:1912} INFO - Created Permission View: can read on DAG:example_sla_dag
[2025-04-19T10:19:04.220+0000] {logging_mixin.py:190} INFO - [2025-04-19T10:19:04.219+0000] {override.py:1912} INFO - Created Permission View: can edit on DAG:example_sla_dag
[2025-04-19T10:19:04.248+0000] {logging_mixin.py:190} INFO - [2025-04-19T10:19:04.246+0000] {override.py:1912} INFO - Created Permission View: can delete on DAG Run:example_sla_dag
[2025-04-19T10:19:04.276+0000] {logging_mixin.py:190} INFO - [2025-04-19T10:19:04.275+0000] {override.py:1912} INFO - Created Permission View: can read on DAG Run:example_sla_dag
[2025-04-19T10:19:04.293+0000] {logging_mixin.py:190} INFO - [2025-04-19T10:19:04.292+0000] {override.py:1912} INFO - Created Permission View: menu access on DAG Run:example_sla_dag
[2025-04-19T10:19:04.312+0000] {logging_mixin.py:190} INFO - [2025-04-19T10:19:04.312+0000] {override.py:1912} INFO - Created Permission View: can create on DAG Run:example_sla_dag
[2025-04-19T10:19:04.314+0000] {logging_mixin.py:190} INFO - [2025-04-19T10:19:04.314+0000] {dag.py:3239} INFO - Sync 1 DAGs
[2025-04-19T10:19:04.368+0000] {logging_mixin.py:190} INFO - [2025-04-19T10:19:04.368+0000] {dag.py:3262} INFO - Creating ORM DAG for example_sla_dag
[2025-04-19T10:19:04.411+0000] {logging_mixin.py:190} INFO - [2025-04-19T10:19:04.410+0000] {dag.py:4180} INFO - Setting next_dagrun for example_sla_dag to 2025-04-19 10:16:00+00:00, run_after=2025-04-19 10:18:00+00:00
[2025-04-19T10:19:04.461+0000] {processor.py:208} INFO - Processing /home/airflow/.local/lib/python3.12/site-packages/airflow/example_dags/example_sla_dag.py took 0.560 seconds
[2025-04-19T10:19:34.620+0000] {processor.py:186} INFO - Started process (PID=160) to work on /home/airflow/.local/lib/python3.12/site-packages/airflow/example_dags/example_sla_dag.py
[2025-04-19T10:19:34.625+0000] {processor.py:914} INFO - Processing file /home/airflow/.local/lib/python3.12/site-packages/airflow/example_dags/example_sla_dag.py for tasks to queue
[2025-04-19T10:19:34.633+0000] {logging_mixin.py:190} INFO - [2025-04-19T10:19:34.632+0000] {dagbag.py:588} INFO - Filling up the DagBag from /home/airflow/.local/lib/python3.12/site-packages/airflow/example_dags/example_sla_dag.py
[2025-04-19T10:19:34.670+0000] {processor.py:925} INFO - DAG(s) 'example_sla_dag' retrieved from /home/airflow/.local/lib/python3.12/site-packages/airflow/example_dags/example_sla_dag.py
[2025-04-19T10:19:34.724+0000] {logging_mixin.py:190} INFO - [2025-04-19T10:19:34.723+0000] {dag.py:3239} INFO - Sync 1 DAGs
[2025-04-19T10:19:34.788+0000] {logging_mixin.py:190} INFO - [2025-04-19T10:19:34.788+0000] {dag.py:4180} INFO - Setting next_dagrun for example_sla_dag to 2025-04-19 10:16:00+00:00, run_after=2025-04-19 10:18:00+00:00
[2025-04-19T10:19:34.843+0000] {processor.py:208} INFO - Processing /home/airflow/.local/lib/python3.12/site-packages/airflow/example_dags/example_sla_dag.py took 0.241 seconds
[2025-04-19T10:20:05.417+0000] {processor.py:186} INFO - Started process (PID=223) to work on /home/airflow/.local/lib/python3.12/site-packages/airflow/example_dags/example_sla_dag.py
[2025-04-19T10:20:05.421+0000] {processor.py:914} INFO - Processing file /home/airflow/.local/lib/python3.12/site-packages/airflow/example_dags/example_sla_dag.py for tasks to queue
[2025-04-19T10:20:05.427+0000] {logging_mixin.py:190} INFO - [2025-04-19T10:20:05.425+0000] {dagbag.py:588} INFO - Filling up the DagBag from /home/airflow/.local/lib/python3.12/site-packages/airflow/example_dags/example_sla_dag.py
[2025-04-19T10:20:05.454+0000] {processor.py:925} INFO - DAG(s) 'example_sla_dag' retrieved from /home/airflow/.local/lib/python3.12/site-packages/airflow/example_dags/example_sla_dag.py
[2025-04-19T10:20:05.522+0000] {logging_mixin.py:190} INFO - [2025-04-19T10:20:05.521+0000] {dag.py:3239} INFO - Sync 1 DAGs
[2025-04-19T10:20:05.585+0000] {logging_mixin.py:190} INFO - [2025-04-19T10:20:05.585+0000] {dag.py:4180} INFO - Setting next_dagrun for example_sla_dag to 2025-04-19 10:18:00+00:00, run_after=2025-04-19 10:20:00+00:00
[2025-04-19T10:20:05.631+0000] {processor.py:208} INFO - Processing /home/airflow/.local/lib/python3.12/site-packages/airflow/example_dags/example_sla_dag.py took 0.229 seconds
[2025-04-19T10:20:36.021+0000] {processor.py:186} INFO - Started process (PID=285) to work on /home/airflow/.local/lib/python3.12/site-packages/airflow/example_dags/example_sla_dag.py
[2025-04-19T10:20:36.024+0000] {processor.py:914} INFO - Processing file /home/airflow/.local/lib/python3.12/site-packages/airflow/example_dags/example_sla_dag.py for tasks to queue
[2025-04-19T10:20:36.036+0000] {logging_mixin.py:190} INFO - [2025-04-19T10:20:36.035+0000] {dagbag.py:588} INFO - Filling up the DagBag from /home/airflow/.local/lib/python3.12/site-packages/airflow/example_dags/example_sla_dag.py
[2025-04-19T10:20:36.062+0000] {processor.py:925} INFO - DAG(s) 'example_sla_dag' retrieved from /home/airflow/.local/lib/python3.12/site-packages/airflow/example_dags/example_sla_dag.py
[2025-04-19T10:20:36.109+0000] {logging_mixin.py:190} INFO - [2025-04-19T10:20:36.108+0000] {dag.py:3239} INFO - Sync 1 DAGs
[2025-04-19T10:20:36.152+0000] {logging_mixin.py:190} INFO - [2025-04-19T10:20:36.152+0000] {dag.py:4180} INFO - Setting next_dagrun for example_sla_dag to 2025-04-19 10:18:00+00:00, run_after=2025-04-19 10:20:00+00:00
[2025-04-19T10:20:36.191+0000] {processor.py:208} INFO - Processing /home/airflow/.local/lib/python3.12/site-packages/airflow/example_dags/example_sla_dag.py took 0.186 seconds
[2025-04-19T10:21:06.653+0000] {processor.py:186} INFO - Started process (PID=348) to work on /home/airflow/.local/lib/python3.12/site-packages/airflow/example_dags/example_sla_dag.py
[2025-04-19T10:21:06.655+0000] {processor.py:914} INFO - Processing file /home/airflow/.local/lib/python3.12/site-packages/airflow/example_dags/example_sla_dag.py for tasks to queue
[2025-04-19T10:21:06.661+0000] {logging_mixin.py:190} INFO - [2025-04-19T10:21:06.661+0000] {dagbag.py:588} INFO - Filling up the DagBag from /home/airflow/.local/lib/python3.12/site-packages/airflow/example_dags/example_sla_dag.py
[2025-04-19T10:21:06.689+0000] {processor.py:925} INFO - DAG(s) 'example_sla_dag' retrieved from /home/airflow/.local/lib/python3.12/site-packages/airflow/example_dags/example_sla_dag.py
[2025-04-19T10:21:06.732+0000] {logging_mixin.py:190} INFO - [2025-04-19T10:21:06.732+0000] {dag.py:3239} INFO - Sync 1 DAGs
[2025-04-19T10:21:06.790+0000] {logging_mixin.py:190} INFO - [2025-04-19T10:21:06.789+0000] {dag.py:4180} INFO - Setting next_dagrun for example_sla_dag to 2025-04-19 10:18:00+00:00, run_after=2025-04-19 10:20:00+00:00
[2025-04-19T10:21:06.828+0000] {processor.py:208} INFO - Processing /home/airflow/.local/lib/python3.12/site-packages/airflow/example_dags/example_sla_dag.py took 0.194 seconds
[2025-04-19T10:21:37.048+0000] {processor.py:186} INFO - Started process (PID=411) to work on /home/airflow/.local/lib/python3.12/site-packages/airflow/example_dags/example_sla_dag.py
[2025-04-19T10:21:37.050+0000] {processor.py:914} INFO - Processing file /home/airflow/.local/lib/python3.12/site-packages/airflow/example_dags/example_sla_dag.py for tasks to queue
[2025-04-19T10:21:37.056+0000] {logging_mixin.py:190} INFO - [2025-04-19T10:21:37.056+0000] {dagbag.py:588} INFO - Filling up the DagBag from /home/airflow/.local/lib/python3.12/site-packages/airflow/example_dags/example_sla_dag.py
[2025-04-19T10:21:37.075+0000] {processor.py:925} INFO - DAG(s) 'example_sla_dag' retrieved from /home/airflow/.local/lib/python3.12/site-packages/airflow/example_dags/example_sla_dag.py
[2025-04-19T10:21:37.122+0000] {logging_mixin.py:190} INFO - [2025-04-19T10:21:37.122+0000] {dag.py:3239} INFO - Sync 1 DAGs
[2025-04-19T10:21:37.171+0000] {logging_mixin.py:190} INFO - [2025-04-19T10:21:37.171+0000] {dag.py:4180} INFO - Setting next_dagrun for example_sla_dag to 2025-04-19 10:18:00+00:00, run_after=2025-04-19 10:20:00+00:00
[2025-04-19T10:21:37.211+0000] {processor.py:208} INFO - Processing /home/airflow/.local/lib/python3.12/site-packages/airflow/example_dags/example_sla_dag.py took 0.174 seconds
[2025-04-19T10:22:07.540+0000] {processor.py:186} INFO - Started process (PID=474) to work on /home/airflow/.local/lib/python3.12/site-packages/airflow/example_dags/example_sla_dag.py
[2025-04-19T10:22:07.544+0000] {processor.py:914} INFO - Processing file /home/airflow/.local/lib/python3.12/site-packages/airflow/example_dags/example_sla_dag.py for tasks to queue
[2025-04-19T10:22:07.557+0000] {logging_mixin.py:190} INFO - [2025-04-19T10:22:07.555+0000] {dagbag.py:588} INFO - Filling up the DagBag from /home/airflow/.local/lib/python3.12/site-packages/airflow/example_dags/example_sla_dag.py
[2025-04-19T10:22:07.594+0000] {processor.py:925} INFO - DAG(s) 'example_sla_dag' retrieved from /home/airflow/.local/lib/python3.12/site-packages/airflow/example_dags/example_sla_dag.py
[2025-04-19T10:22:07.663+0000] {logging_mixin.py:190} INFO - [2025-04-19T10:22:07.663+0000] {dag.py:3239} INFO - Sync 1 DAGs
[2025-04-19T10:22:07.705+0000] {logging_mixin.py:190} INFO - [2025-04-19T10:22:07.704+0000] {dag.py:4180} INFO - Setting next_dagrun for example_sla_dag to 2025-04-19 10:20:00+00:00, run_after=2025-04-19 10:22:00+00:00
[2025-04-19T10:22:07.742+0000] {processor.py:208} INFO - Processing /home/airflow/.local/lib/python3.12/site-packages/airflow/example_dags/example_sla_dag.py took 0.223 seconds
[2025-04-19T10:22:37.866+0000] {processor.py:186} INFO - Started process (PID=536) to work on /home/airflow/.local/lib/python3.12/site-packages/airflow/example_dags/example_sla_dag.py
[2025-04-19T10:22:37.870+0000] {processor.py:914} INFO - Processing file /home/airflow/.local/lib/python3.12/site-packages/airflow/example_dags/example_sla_dag.py for tasks to queue
[2025-04-19T10:22:37.877+0000] {logging_mixin.py:190} INFO - [2025-04-19T10:22:37.876+0000] {dagbag.py:588} INFO - Filling up the DagBag from /home/airflow/.local/lib/python3.12/site-packages/airflow/example_dags/example_sla_dag.py
[2025-04-19T10:22:37.902+0000] {processor.py:925} INFO - DAG(s) 'example_sla_dag' retrieved from /home/airflow/.local/lib/python3.12/site-packages/airflow/example_dags/example_sla_dag.py
[2025-04-19T10:22:37.960+0000] {logging_mixin.py:190} INFO - [2025-04-19T10:22:37.959+0000] {dag.py:3239} INFO - Sync 1 DAGs
[2025-04-19T10:22:38.028+0000] {logging_mixin.py:190} INFO - [2025-04-19T10:22:38.028+0000] {dag.py:4180} INFO - Setting next_dagrun for example_sla_dag to 2025-04-19 10:20:00+00:00, run_after=2025-04-19 10:22:00+00:00
[2025-04-19T10:22:38.066+0000] {processor.py:208} INFO - Processing /home/airflow/.local/lib/python3.12/site-packages/airflow/example_dags/example_sla_dag.py took 0.215 seconds
[2025-04-19T10:23:08.421+0000] {processor.py:186} INFO - Started process (PID=598) to work on /home/airflow/.local/lib/python3.12/site-packages/airflow/example_dags/example_sla_dag.py
[2025-04-19T10:23:08.424+0000] {processor.py:914} INFO - Processing file /home/airflow/.local/lib/python3.12/site-packages/airflow/example_dags/example_sla_dag.py for tasks to queue
[2025-04-19T10:23:08.429+0000] {logging_mixin.py:190} INFO - [2025-04-19T10:23:08.428+0000] {dagbag.py:588} INFO - Filling up the DagBag from /home/airflow/.local/lib/python3.12/site-packages/airflow/example_dags/example_sla_dag.py
[2025-04-19T10:23:08.463+0000] {processor.py:925} INFO - DAG(s) 'example_sla_dag' retrieved from /home/airflow/.local/lib/python3.12/site-packages/airflow/example_dags/example_sla_dag.py
[2025-04-19T10:23:08.518+0000] {logging_mixin.py:190} INFO - [2025-04-19T10:23:08.518+0000] {dag.py:3239} INFO - Sync 1 DAGs
[2025-04-19T10:23:08.577+0000] {logging_mixin.py:190} INFO - [2025-04-19T10:23:08.577+0000] {dag.py:4180} INFO - Setting next_dagrun for example_sla_dag to 2025-04-19 10:20:00+00:00, run_after=2025-04-19 10:22:00+00:00
[2025-04-19T10:23:08.613+0000] {processor.py:208} INFO - Processing /home/airflow/.local/lib/python3.12/site-packages/airflow/example_dags/example_sla_dag.py took 0.213 seconds
[2025-04-19T10:23:38.901+0000] {processor.py:186} INFO - Started process (PID=661) to work on /home/airflow/.local/lib/python3.12/site-packages/airflow/example_dags/example_sla_dag.py
[2025-04-19T10:23:38.904+0000] {processor.py:914} INFO - Processing file /home/airflow/.local/lib/python3.12/site-packages/airflow/example_dags/example_sla_dag.py for tasks to queue
[2025-04-19T10:23:38.912+0000] {logging_mixin.py:190} INFO - [2025-04-19T10:23:38.911+0000] {dagbag.py:588} INFO - Filling up the DagBag from /home/airflow/.local/lib/python3.12/site-packages/airflow/example_dags/example_sla_dag.py
[2025-04-19T10:23:38.934+0000] {processor.py:925} INFO - DAG(s) 'example_sla_dag' retrieved from /home/airflow/.local/lib/python3.12/site-packages/airflow/example_dags/example_sla_dag.py
[2025-04-19T10:23:38.970+0000] {logging_mixin.py:190} INFO - [2025-04-19T10:23:38.970+0000] {dag.py:3239} INFO - Sync 1 DAGs
[2025-04-19T10:23:39.010+0000] {logging_mixin.py:190} INFO - [2025-04-19T10:23:39.010+0000] {dag.py:4180} INFO - Setting next_dagrun for example_sla_dag to 2025-04-19 10:20:00+00:00, run_after=2025-04-19 10:22:00+00:00
[2025-04-19T10:23:39.041+0000] {processor.py:208} INFO - Processing /home/airflow/.local/lib/python3.12/site-packages/airflow/example_dags/example_sla_dag.py took 0.158 seconds
[2025-04-19T10:24:09.544+0000] {processor.py:186} INFO - Started process (PID=725) to work on /home/airflow/.local/lib/python3.12/site-packages/airflow/example_dags/example_sla_dag.py
[2025-04-19T10:24:09.546+0000] {processor.py:914} INFO - Processing file /home/airflow/.local/lib/python3.12/site-packages/airflow/example_dags/example_sla_dag.py for tasks to queue
[2025-04-19T10:24:09.551+0000] {logging_mixin.py:190} INFO - [2025-04-19T10:24:09.550+0000] {dagbag.py:588} INFO - Filling up the DagBag from /home/airflow/.local/lib/python3.12/site-packages/airflow/example_dags/example_sla_dag.py
[2025-04-19T10:24:09.575+0000] {processor.py:925} INFO - DAG(s) 'example_sla_dag' retrieved from /home/airflow/.local/lib/python3.12/site-packages/airflow/example_dags/example_sla_dag.py
[2025-04-19T10:24:09.613+0000] {logging_mixin.py:190} INFO - [2025-04-19T10:24:09.613+0000] {dag.py:3239} INFO - Sync 1 DAGs
[2025-04-19T10:24:09.654+0000] {logging_mixin.py:190} INFO - [2025-04-19T10:24:09.654+0000] {dag.py:4180} INFO - Setting next_dagrun for example_sla_dag to 2025-04-19 10:22:00+00:00, run_after=2025-04-19 10:24:00+00:00
[2025-04-19T10:24:09.689+0000] {processor.py:208} INFO - Processing /home/airflow/.local/lib/python3.12/site-packages/airflow/example_dags/example_sla_dag.py took 0.158 seconds
[2025-04-19T10:24:40.561+0000] {processor.py:186} INFO - Started process (PID=795) to work on /home/airflow/.local/lib/python3.12/site-packages/airflow/example_dags/example_sla_dag.py
[2025-04-19T10:24:40.565+0000] {processor.py:914} INFO - Processing file /home/airflow/.local/lib/python3.12/site-packages/airflow/example_dags/example_sla_dag.py for tasks to queue
[2025-04-19T10:24:40.572+0000] {logging_mixin.py:190} INFO - [2025-04-19T10:24:40.571+0000] {dagbag.py:588} INFO - Filling up the DagBag from /home/airflow/.local/lib/python3.12/site-packages/airflow/example_dags/example_sla_dag.py
[2025-04-19T10:24:40.598+0000] {processor.py:925} INFO - DAG(s) 'example_sla_dag' retrieved from /home/airflow/.local/lib/python3.12/site-packages/airflow/example_dags/example_sla_dag.py
[2025-04-19T10:24:40.665+0000] {logging_mixin.py:190} INFO - [2025-04-19T10:24:40.664+0000] {dag.py:3239} INFO - Sync 1 DAGs
[2025-04-19T10:24:40.750+0000] {logging_mixin.py:190} INFO - [2025-04-19T10:24:40.750+0000] {dag.py:4180} INFO - Setting next_dagrun for example_sla_dag to 2025-04-19 10:22:00+00:00, run_after=2025-04-19 10:24:00+00:00
[2025-04-19T10:24:40.786+0000] {processor.py:208} INFO - Processing /home/airflow/.local/lib/python3.12/site-packages/airflow/example_dags/example_sla_dag.py took 0.237 seconds
[2025-04-19T10:25:11.025+0000] {processor.py:186} INFO - Started process (PID=858) to work on /home/airflow/.local/lib/python3.12/site-packages/airflow/example_dags/example_sla_dag.py
[2025-04-19T10:25:11.028+0000] {processor.py:914} INFO - Processing file /home/airflow/.local/lib/python3.12/site-packages/airflow/example_dags/example_sla_dag.py for tasks to queue
[2025-04-19T10:25:11.035+0000] {logging_mixin.py:190} INFO - [2025-04-19T10:25:11.034+0000] {dagbag.py:588} INFO - Filling up the DagBag from /home/airflow/.local/lib/python3.12/site-packages/airflow/example_dags/example_sla_dag.py
[2025-04-19T10:25:11.056+0000] {processor.py:925} INFO - DAG(s) 'example_sla_dag' retrieved from /home/airflow/.local/lib/python3.12/site-packages/airflow/example_dags/example_sla_dag.py
[2025-04-19T10:25:11.090+0000] {logging_mixin.py:190} INFO - [2025-04-19T10:25:11.090+0000] {dag.py:3239} INFO - Sync 1 DAGs
[2025-04-19T10:25:11.130+0000] {logging_mixin.py:190} INFO - [2025-04-19T10:25:11.130+0000] {dag.py:4180} INFO - Setting next_dagrun for example_sla_dag to 2025-04-19 10:22:00+00:00, run_after=2025-04-19 10:24:00+00:00
[2025-04-19T10:25:11.161+0000] {processor.py:208} INFO - Processing /home/airflow/.local/lib/python3.12/site-packages/airflow/example_dags/example_sla_dag.py took 0.151 seconds
[2025-04-19T10:25:41.983+0000] {processor.py:186} INFO - Started process (PID=921) to work on /home/airflow/.local/lib/python3.12/site-packages/airflow/example_dags/example_sla_dag.py
[2025-04-19T10:25:41.986+0000] {processor.py:914} INFO - Processing file /home/airflow/.local/lib/python3.12/site-packages/airflow/example_dags/example_sla_dag.py for tasks to queue
[2025-04-19T10:25:41.990+0000] {logging_mixin.py:190} INFO - [2025-04-19T10:25:41.990+0000] {dagbag.py:588} INFO - Filling up the DagBag from /home/airflow/.local/lib/python3.12/site-packages/airflow/example_dags/example_sla_dag.py
[2025-04-19T10:25:42.028+0000] {processor.py:925} INFO - DAG(s) 'example_sla_dag' retrieved from /home/airflow/.local/lib/python3.12/site-packages/airflow/example_dags/example_sla_dag.py
[2025-04-19T10:25:42.079+0000] {logging_mixin.py:190} INFO - [2025-04-19T10:25:42.078+0000] {dag.py:3239} INFO - Sync 1 DAGs
[2025-04-19T10:25:42.143+0000] {logging_mixin.py:190} INFO - [2025-04-19T10:25:42.142+0000] {dag.py:4180} INFO - Setting next_dagrun for example_sla_dag to 2025-04-19 10:22:00+00:00, run_after=2025-04-19 10:24:00+00:00
[2025-04-19T10:25:42.188+0000] {processor.py:208} INFO - Processing /home/airflow/.local/lib/python3.12/site-packages/airflow/example_dags/example_sla_dag.py took 0.214 seconds
[2025-04-19T10:26:12.570+0000] {processor.py:186} INFO - Started process (PID=984) to work on /home/airflow/.local/lib/python3.12/site-packages/airflow/example_dags/example_sla_dag.py
[2025-04-19T10:26:12.574+0000] {processor.py:914} INFO - Processing file /home/airflow/.local/lib/python3.12/site-packages/airflow/example_dags/example_sla_dag.py for tasks to queue
[2025-04-19T10:26:12.585+0000] {logging_mixin.py:190} INFO - [2025-04-19T10:26:12.584+0000] {dagbag.py:588} INFO - Filling up the DagBag from /home/airflow/.local/lib/python3.12/site-packages/airflow/example_dags/example_sla_dag.py
[2025-04-19T10:26:12.607+0000] {processor.py:925} INFO - DAG(s) 'example_sla_dag' retrieved from /home/airflow/.local/lib/python3.12/site-packages/airflow/example_dags/example_sla_dag.py
[2025-04-19T10:26:12.656+0000] {logging_mixin.py:190} INFO - [2025-04-19T10:26:12.655+0000] {dag.py:3239} INFO - Sync 1 DAGs
[2025-04-19T10:26:12.717+0000] {logging_mixin.py:190} INFO - [2025-04-19T10:26:12.716+0000] {dag.py:4180} INFO - Setting next_dagrun for example_sla_dag to 2025-04-19 10:24:00+00:00, run_after=2025-04-19 10:26:00+00:00
[2025-04-19T10:26:12.760+0000] {processor.py:208} INFO - Processing /home/airflow/.local/lib/python3.12/site-packages/airflow/example_dags/example_sla_dag.py took 0.205 seconds
[2025-04-19T10:26:43.759+0000] {processor.py:186} INFO - Started process (PID=1047) to work on /home/airflow/.local/lib/python3.12/site-packages/airflow/example_dags/example_sla_dag.py
[2025-04-19T10:26:43.761+0000] {processor.py:914} INFO - Processing file /home/airflow/.local/lib/python3.12/site-packages/airflow/example_dags/example_sla_dag.py for tasks to queue
[2025-04-19T10:26:43.768+0000] {logging_mixin.py:190} INFO - [2025-04-19T10:26:43.767+0000] {dagbag.py:588} INFO - Filling up the DagBag from /home/airflow/.local/lib/python3.12/site-packages/airflow/example_dags/example_sla_dag.py
[2025-04-19T10:26:43.784+0000] {processor.py:925} INFO - DAG(s) 'example_sla_dag' retrieved from /home/airflow/.local/lib/python3.12/site-packages/airflow/example_dags/example_sla_dag.py
[2025-04-19T10:26:43.818+0000] {logging_mixin.py:190} INFO - [2025-04-19T10:26:43.818+0000] {dag.py:3239} INFO - Sync 1 DAGs
[2025-04-19T10:26:43.872+0000] {logging_mixin.py:190} INFO - [2025-04-19T10:26:43.872+0000] {dag.py:4180} INFO - Setting next_dagrun for example_sla_dag to 2025-04-19 10:24:00+00:00, run_after=2025-04-19 10:26:00+00:00
[2025-04-19T10:26:43.910+0000] {processor.py:208} INFO - Processing /home/airflow/.local/lib/python3.12/site-packages/airflow/example_dags/example_sla_dag.py took 0.161 seconds
[2025-04-19T10:27:14.484+0000] {processor.py:186} INFO - Started process (PID=1110) to work on /home/airflow/.local/lib/python3.12/site-packages/airflow/example_dags/example_sla_dag.py
[2025-04-19T10:27:14.487+0000] {processor.py:914} INFO - Processing file /home/airflow/.local/lib/python3.12/site-packages/airflow/example_dags/example_sla_dag.py for tasks to queue
[2025-04-19T10:27:14.493+0000] {logging_mixin.py:190} INFO - [2025-04-19T10:27:14.491+0000] {dagbag.py:588} INFO - Filling up the DagBag from /home/airflow/.local/lib/python3.12/site-packages/airflow/example_dags/example_sla_dag.py
[2025-04-19T10:27:14.515+0000] {processor.py:925} INFO - DAG(s) 'example_sla_dag' retrieved from /home/airflow/.local/lib/python3.12/site-packages/airflow/example_dags/example_sla_dag.py
[2025-04-19T10:27:14.554+0000] {logging_mixin.py:190} INFO - [2025-04-19T10:27:14.554+0000] {dag.py:3239} INFO - Sync 1 DAGs
[2025-04-19T10:27:14.600+0000] {logging_mixin.py:190} INFO - [2025-04-19T10:27:14.599+0000] {dag.py:4180} INFO - Setting next_dagrun for example_sla_dag to 2025-04-19 10:24:00+00:00, run_after=2025-04-19 10:26:00+00:00
[2025-04-19T10:27:14.636+0000] {processor.py:208} INFO - Processing /home/airflow/.local/lib/python3.12/site-packages/airflow/example_dags/example_sla_dag.py took 0.170 seconds
[2025-04-19T10:27:45.318+0000] {processor.py:186} INFO - Started process (PID=1173) to work on /home/airflow/.local/lib/python3.12/site-packages/airflow/example_dags/example_sla_dag.py
[2025-04-19T10:27:45.321+0000] {processor.py:914} INFO - Processing file /home/airflow/.local/lib/python3.12/site-packages/airflow/example_dags/example_sla_dag.py for tasks to queue
[2025-04-19T10:27:45.328+0000] {logging_mixin.py:190} INFO - [2025-04-19T10:27:45.328+0000] {dagbag.py:588} INFO - Filling up the DagBag from /home/airflow/.local/lib/python3.12/site-packages/airflow/example_dags/example_sla_dag.py
[2025-04-19T10:27:45.349+0000] {processor.py:925} INFO - DAG(s) 'example_sla_dag' retrieved from /home/airflow/.local/lib/python3.12/site-packages/airflow/example_dags/example_sla_dag.py
[2025-04-19T10:27:45.391+0000] {logging_mixin.py:190} INFO - [2025-04-19T10:27:45.390+0000] {dag.py:3239} INFO - Sync 1 DAGs
[2025-04-19T10:27:45.467+0000] {logging_mixin.py:190} INFO - [2025-04-19T10:27:45.467+0000] {dag.py:4180} INFO - Setting next_dagrun for example_sla_dag to 2025-04-19 10:24:00+00:00, run_after=2025-04-19 10:26:00+00:00
[2025-04-19T10:27:45.512+0000] {processor.py:208} INFO - Processing /home/airflow/.local/lib/python3.12/site-packages/airflow/example_dags/example_sla_dag.py took 0.209 seconds
[2025-04-19T10:28:15.862+0000] {processor.py:186} INFO - Started process (PID=1236) to work on /home/airflow/.local/lib/python3.12/site-packages/airflow/example_dags/example_sla_dag.py
[2025-04-19T10:28:15.866+0000] {processor.py:914} INFO - Processing file /home/airflow/.local/lib/python3.12/site-packages/airflow/example_dags/example_sla_dag.py for tasks to queue
[2025-04-19T10:28:15.878+0000] {logging_mixin.py:190} INFO - [2025-04-19T10:28:15.876+0000] {dagbag.py:588} INFO - Filling up the DagBag from /home/airflow/.local/lib/python3.12/site-packages/airflow/example_dags/example_sla_dag.py
[2025-04-19T10:28:15.900+0000] {processor.py:925} INFO - DAG(s) 'example_sla_dag' retrieved from /home/airflow/.local/lib/python3.12/site-packages/airflow/example_dags/example_sla_dag.py
[2025-04-19T10:28:15.946+0000] {logging_mixin.py:190} INFO - [2025-04-19T10:28:15.945+0000] {dag.py:3239} INFO - Sync 1 DAGs
[2025-04-19T10:28:16.016+0000] {logging_mixin.py:190} INFO - [2025-04-19T10:28:16.015+0000] {dag.py:4180} INFO - Setting next_dagrun for example_sla_dag to 2025-04-19 10:26:00+00:00, run_after=2025-04-19 10:28:00+00:00
[2025-04-19T10:28:16.085+0000] {processor.py:208} INFO - Processing /home/airflow/.local/lib/python3.12/site-packages/airflow/example_dags/example_sla_dag.py took 0.250 seconds
[2025-04-19T10:28:47.212+0000] {processor.py:186} INFO - Started process (PID=1299) to work on /home/airflow/.local/lib/python3.12/site-packages/airflow/example_dags/example_sla_dag.py
[2025-04-19T10:28:47.215+0000] {processor.py:914} INFO - Processing file /home/airflow/.local/lib/python3.12/site-packages/airflow/example_dags/example_sla_dag.py for tasks to queue
[2025-04-19T10:28:47.223+0000] {logging_mixin.py:190} INFO - [2025-04-19T10:28:47.222+0000] {dagbag.py:588} INFO - Filling up the DagBag from /home/airflow/.local/lib/python3.12/site-packages/airflow/example_dags/example_sla_dag.py
[2025-04-19T10:28:47.246+0000] {processor.py:925} INFO - DAG(s) 'example_sla_dag' retrieved from /home/airflow/.local/lib/python3.12/site-packages/airflow/example_dags/example_sla_dag.py
[2025-04-19T10:28:47.285+0000] {logging_mixin.py:190} INFO - [2025-04-19T10:28:47.284+0000] {dag.py:3239} INFO - Sync 1 DAGs
[2025-04-19T10:28:47.344+0000] {logging_mixin.py:190} INFO - [2025-04-19T10:28:47.343+0000] {dag.py:4180} INFO - Setting next_dagrun for example_sla_dag to 2025-04-19 10:26:00+00:00, run_after=2025-04-19 10:28:00+00:00
[2025-04-19T10:28:47.417+0000] {processor.py:208} INFO - Processing /home/airflow/.local/lib/python3.12/site-packages/airflow/example_dags/example_sla_dag.py took 0.219 seconds
[2025-04-19T10:29:18.282+0000] {processor.py:186} INFO - Started process (PID=1362) to work on /home/airflow/.local/lib/python3.12/site-packages/airflow/example_dags/example_sla_dag.py
[2025-04-19T10:29:18.284+0000] {processor.py:914} INFO - Processing file /home/airflow/.local/lib/python3.12/site-packages/airflow/example_dags/example_sla_dag.py for tasks to queue
[2025-04-19T10:29:18.290+0000] {logging_mixin.py:190} INFO - [2025-04-19T10:29:18.289+0000] {dagbag.py:588} INFO - Filling up the DagBag from /home/airflow/.local/lib/python3.12/site-packages/airflow/example_dags/example_sla_dag.py
[2025-04-19T10:29:18.312+0000] {processor.py:925} INFO - DAG(s) 'example_sla_dag' retrieved from /home/airflow/.local/lib/python3.12/site-packages/airflow/example_dags/example_sla_dag.py
[2025-04-19T10:29:18.343+0000] {logging_mixin.py:190} INFO - [2025-04-19T10:29:18.343+0000] {dag.py:3239} INFO - Sync 1 DAGs
[2025-04-19T10:29:18.386+0000] {logging_mixin.py:190} INFO - [2025-04-19T10:29:18.385+0000] {dag.py:4180} INFO - Setting next_dagrun for example_sla_dag to 2025-04-19 10:26:00+00:00, run_after=2025-04-19 10:28:00+00:00
[2025-04-19T10:29:18.423+0000] {processor.py:208} INFO - Processing /home/airflow/.local/lib/python3.12/site-packages/airflow/example_dags/example_sla_dag.py took 0.151 seconds
[2025-04-19T10:31:42.072+0000] {processor.py:186} INFO - Started process (PID=96) to work on /home/airflow/.local/lib/python3.12/site-packages/airflow/example_dags/example_sla_dag.py
[2025-04-19T10:31:42.074+0000] {processor.py:914} INFO - Processing file /home/airflow/.local/lib/python3.12/site-packages/airflow/example_dags/example_sla_dag.py for tasks to queue
[2025-04-19T10:31:42.080+0000] {logging_mixin.py:190} INFO - [2025-04-19T10:31:42.079+0000] {dagbag.py:588} INFO - Filling up the DagBag from /home/airflow/.local/lib/python3.12/site-packages/airflow/example_dags/example_sla_dag.py
[2025-04-19T10:31:42.101+0000] {processor.py:925} INFO - DAG(s) 'example_sla_dag' retrieved from /home/airflow/.local/lib/python3.12/site-packages/airflow/example_dags/example_sla_dag.py
[2025-04-19T10:31:42.137+0000] {logging_mixin.py:190} INFO - [2025-04-19T10:31:42.136+0000] {dag.py:3239} INFO - Sync 1 DAGs
[2025-04-19T10:31:42.199+0000] {logging_mixin.py:190} INFO - [2025-04-19T10:31:42.198+0000] {dag.py:4180} INFO - Setting next_dagrun for example_sla_dag to 2025-04-19 10:28:00+00:00, run_after=2025-04-19 10:30:00+00:00
[2025-04-19T10:31:42.246+0000] {processor.py:208} INFO - Processing /home/airflow/.local/lib/python3.12/site-packages/airflow/example_dags/example_sla_dag.py took 0.185 seconds
[2025-04-19T10:32:12.737+0000] {processor.py:186} INFO - Started process (PID=159) to work on /home/airflow/.local/lib/python3.12/site-packages/airflow/example_dags/example_sla_dag.py
[2025-04-19T10:32:12.739+0000] {processor.py:914} INFO - Processing file /home/airflow/.local/lib/python3.12/site-packages/airflow/example_dags/example_sla_dag.py for tasks to queue
[2025-04-19T10:32:12.746+0000] {logging_mixin.py:190} INFO - [2025-04-19T10:32:12.745+0000] {dagbag.py:588} INFO - Filling up the DagBag from /home/airflow/.local/lib/python3.12/site-packages/airflow/example_dags/example_sla_dag.py
[2025-04-19T10:32:12.764+0000] {processor.py:925} INFO - DAG(s) 'example_sla_dag' retrieved from /home/airflow/.local/lib/python3.12/site-packages/airflow/example_dags/example_sla_dag.py
[2025-04-19T10:32:12.803+0000] {logging_mixin.py:190} INFO - [2025-04-19T10:32:12.802+0000] {dag.py:3239} INFO - Sync 1 DAGs
[2025-04-19T10:32:12.867+0000] {logging_mixin.py:190} INFO - [2025-04-19T10:32:12.866+0000] {dag.py:4180} INFO - Setting next_dagrun for example_sla_dag to 2025-04-19 10:30:00+00:00, run_after=2025-04-19 10:32:00+00:00
[2025-04-19T10:32:12.913+0000] {processor.py:208} INFO - Processing /home/airflow/.local/lib/python3.12/site-packages/airflow/example_dags/example_sla_dag.py took 0.190 seconds
[2025-04-19T10:32:43.655+0000] {processor.py:186} INFO - Started process (PID=222) to work on /home/airflow/.local/lib/python3.12/site-packages/airflow/example_dags/example_sla_dag.py
[2025-04-19T10:32:43.659+0000] {processor.py:914} INFO - Processing file /home/airflow/.local/lib/python3.12/site-packages/airflow/example_dags/example_sla_dag.py for tasks to queue
[2025-04-19T10:32:43.668+0000] {logging_mixin.py:190} INFO - [2025-04-19T10:32:43.666+0000] {dagbag.py:588} INFO - Filling up the DagBag from /home/airflow/.local/lib/python3.12/site-packages/airflow/example_dags/example_sla_dag.py
[2025-04-19T10:32:43.709+0000] {processor.py:925} INFO - DAG(s) 'example_sla_dag' retrieved from /home/airflow/.local/lib/python3.12/site-packages/airflow/example_dags/example_sla_dag.py
[2025-04-19T10:32:43.773+0000] {logging_mixin.py:190} INFO - [2025-04-19T10:32:43.772+0000] {dag.py:3239} INFO - Sync 1 DAGs
[2025-04-19T10:32:43.862+0000] {logging_mixin.py:190} INFO - [2025-04-19T10:32:43.861+0000] {dag.py:4180} INFO - Setting next_dagrun for example_sla_dag to 2025-04-19 10:30:00+00:00, run_after=2025-04-19 10:32:00+00:00
[2025-04-19T10:32:43.916+0000] {processor.py:208} INFO - Processing /home/airflow/.local/lib/python3.12/site-packages/airflow/example_dags/example_sla_dag.py took 0.276 seconds
[2025-04-19T10:33:14.186+0000] {processor.py:186} INFO - Started process (PID=285) to work on /home/airflow/.local/lib/python3.12/site-packages/airflow/example_dags/example_sla_dag.py
[2025-04-19T10:33:14.189+0000] {processor.py:914} INFO - Processing file /home/airflow/.local/lib/python3.12/site-packages/airflow/example_dags/example_sla_dag.py for tasks to queue
[2025-04-19T10:33:14.195+0000] {logging_mixin.py:190} INFO - [2025-04-19T10:33:14.194+0000] {dagbag.py:588} INFO - Filling up the DagBag from /home/airflow/.local/lib/python3.12/site-packages/airflow/example_dags/example_sla_dag.py
[2025-04-19T10:33:14.222+0000] {processor.py:925} INFO - DAG(s) 'example_sla_dag' retrieved from /home/airflow/.local/lib/python3.12/site-packages/airflow/example_dags/example_sla_dag.py
[2025-04-19T10:33:14.259+0000] {logging_mixin.py:190} INFO - [2025-04-19T10:33:14.259+0000] {dag.py:3239} INFO - Sync 1 DAGs
[2025-04-19T10:33:14.300+0000] {logging_mixin.py:190} INFO - [2025-04-19T10:33:14.300+0000] {dag.py:4180} INFO - Setting next_dagrun for example_sla_dag to 2025-04-19 10:30:00+00:00, run_after=2025-04-19 10:32:00+00:00
[2025-04-19T10:33:14.334+0000] {processor.py:208} INFO - Processing /home/airflow/.local/lib/python3.12/site-packages/airflow/example_dags/example_sla_dag.py took 0.162 seconds
[2025-04-19T10:33:44.986+0000] {processor.py:186} INFO - Started process (PID=348) to work on /home/airflow/.local/lib/python3.12/site-packages/airflow/example_dags/example_sla_dag.py
[2025-04-19T10:33:44.989+0000] {processor.py:914} INFO - Processing file /home/airflow/.local/lib/python3.12/site-packages/airflow/example_dags/example_sla_dag.py for tasks to queue
[2025-04-19T10:33:44.996+0000] {logging_mixin.py:190} INFO - [2025-04-19T10:33:44.995+0000] {dagbag.py:588} INFO - Filling up the DagBag from /home/airflow/.local/lib/python3.12/site-packages/airflow/example_dags/example_sla_dag.py
[2025-04-19T10:33:45.019+0000] {processor.py:925} INFO - DAG(s) 'example_sla_dag' retrieved from /home/airflow/.local/lib/python3.12/site-packages/airflow/example_dags/example_sla_dag.py
[2025-04-19T10:33:45.060+0000] {logging_mixin.py:190} INFO - [2025-04-19T10:33:45.060+0000] {dag.py:3239} INFO - Sync 1 DAGs
[2025-04-19T10:33:45.119+0000] {logging_mixin.py:190} INFO - [2025-04-19T10:33:45.118+0000] {dag.py:4180} INFO - Setting next_dagrun for example_sla_dag to 2025-04-19 10:30:00+00:00, run_after=2025-04-19 10:32:00+00:00
[2025-04-19T10:33:45.163+0000] {processor.py:208} INFO - Processing /home/airflow/.local/lib/python3.12/site-packages/airflow/example_dags/example_sla_dag.py took 0.202 seconds
