[2025-04-19T10:19:12.495+0000] {processor.py:186} INFO - Started process (PID=120) to work on /home/airflow/.local/lib/python3.12/site-packages/airflow/example_dags/example_branch_day_of_week_operator.py
[2025-04-19T10:19:12.498+0000] {processor.py:914} INFO - Processing file /home/airflow/.local/lib/python3.12/site-packages/airflow/example_dags/example_branch_day_of_week_operator.py for tasks to queue
[2025-04-19T10:19:12.505+0000] {logging_mixin.py:190} INFO - [2025-04-19T10:19:12.504+0000] {dagbag.py:588} INFO - Filling up the DagBag from /home/airflow/.local/lib/python3.12/site-packages/airflow/example_dags/example_branch_day_of_week_operator.py
[2025-04-19T10:19:12.523+0000] {processor.py:925} INFO - DAG(s) 'example_weekday_branch_operator' retrieved from /home/airflow/.local/lib/python3.12/site-packages/airflow/example_dags/example_branch_day_of_week_operator.py
[2025-04-19T10:19:12.719+0000] {logging_mixin.py:190} INFO - [2025-04-19T10:19:12.718+0000] {override.py:1912} INFO - Created Permission View: can delete on DAG:example_weekday_branch_operator
[2025-04-19T10:19:12.743+0000] {logging_mixin.py:190} INFO - [2025-04-19T10:19:12.742+0000] {override.py:1912} INFO - Created Permission View: can read on DAG:example_weekday_branch_operator
[2025-04-19T10:19:12.760+0000] {logging_mixin.py:190} INFO - [2025-04-19T10:19:12.760+0000] {override.py:1912} INFO - Created Permission View: can edit on DAG:example_weekday_branch_operator
[2025-04-19T10:19:12.782+0000] {logging_mixin.py:190} INFO - [2025-04-19T10:19:12.781+0000] {override.py:1912} INFO - Created Permission View: can delete on DAG Run:example_weekday_branch_operator
[2025-04-19T10:19:12.801+0000] {logging_mixin.py:190} INFO - [2025-04-19T10:19:12.800+0000] {override.py:1912} INFO - Created Permission View: can read on DAG Run:example_weekday_branch_operator
[2025-04-19T10:19:12.818+0000] {logging_mixin.py:190} INFO - [2025-04-19T10:19:12.817+0000] {override.py:1912} INFO - Created Permission View: menu access on DAG Run:example_weekday_branch_operator
[2025-04-19T10:19:12.834+0000] {logging_mixin.py:190} INFO - [2025-04-19T10:19:12.834+0000] {override.py:1912} INFO - Created Permission View: can create on DAG Run:example_weekday_branch_operator
[2025-04-19T10:19:12.836+0000] {logging_mixin.py:190} INFO - [2025-04-19T10:19:12.835+0000] {dag.py:3239} INFO - Sync 1 DAGs
[2025-04-19T10:19:12.856+0000] {logging_mixin.py:190} INFO - [2025-04-19T10:19:12.855+0000] {dag.py:3262} INFO - Creating ORM DAG for example_weekday_branch_operator
[2025-04-19T10:19:12.874+0000] {logging_mixin.py:190} INFO - [2025-04-19T10:19:12.874+0000] {dag.py:4180} INFO - Setting next_dagrun for example_weekday_branch_operator to 2025-04-18 00:00:00+00:00, run_after=2025-04-19 00:00:00+00:00
[2025-04-19T10:19:12.907+0000] {processor.py:208} INFO - Processing /home/airflow/.local/lib/python3.12/site-packages/airflow/example_dags/example_branch_day_of_week_operator.py took 0.422 seconds
[2025-04-19T10:19:43.408+0000] {processor.py:186} INFO - Started process (PID=183) to work on /home/airflow/.local/lib/python3.12/site-packages/airflow/example_dags/example_branch_day_of_week_operator.py
[2025-04-19T10:19:43.410+0000] {processor.py:914} INFO - Processing file /home/airflow/.local/lib/python3.12/site-packages/airflow/example_dags/example_branch_day_of_week_operator.py for tasks to queue
[2025-04-19T10:19:43.417+0000] {logging_mixin.py:190} INFO - [2025-04-19T10:19:43.416+0000] {dagbag.py:588} INFO - Filling up the DagBag from /home/airflow/.local/lib/python3.12/site-packages/airflow/example_dags/example_branch_day_of_week_operator.py
[2025-04-19T10:19:43.432+0000] {processor.py:925} INFO - DAG(s) 'example_weekday_branch_operator' retrieved from /home/airflow/.local/lib/python3.12/site-packages/airflow/example_dags/example_branch_day_of_week_operator.py
[2025-04-19T10:19:43.471+0000] {logging_mixin.py:190} INFO - [2025-04-19T10:19:43.470+0000] {dag.py:3239} INFO - Sync 1 DAGs
[2025-04-19T10:19:43.524+0000] {logging_mixin.py:190} INFO - [2025-04-19T10:19:43.524+0000] {dag.py:4180} INFO - Setting next_dagrun for example_weekday_branch_operator to 2025-04-18 00:00:00+00:00, run_after=2025-04-19 00:00:00+00:00
[2025-04-19T10:19:43.571+0000] {processor.py:208} INFO - Processing /home/airflow/.local/lib/python3.12/site-packages/airflow/example_dags/example_branch_day_of_week_operator.py took 0.172 seconds
[2025-04-19T10:20:13.749+0000] {processor.py:186} INFO - Started process (PID=245) to work on /home/airflow/.local/lib/python3.12/site-packages/airflow/example_dags/example_branch_day_of_week_operator.py
[2025-04-19T10:20:13.752+0000] {processor.py:914} INFO - Processing file /home/airflow/.local/lib/python3.12/site-packages/airflow/example_dags/example_branch_day_of_week_operator.py for tasks to queue
[2025-04-19T10:20:13.757+0000] {logging_mixin.py:190} INFO - [2025-04-19T10:20:13.756+0000] {dagbag.py:588} INFO - Filling up the DagBag from /home/airflow/.local/lib/python3.12/site-packages/airflow/example_dags/example_branch_day_of_week_operator.py
[2025-04-19T10:20:13.777+0000] {processor.py:925} INFO - DAG(s) 'example_weekday_branch_operator' retrieved from /home/airflow/.local/lib/python3.12/site-packages/airflow/example_dags/example_branch_day_of_week_operator.py
[2025-04-19T10:20:13.829+0000] {logging_mixin.py:190} INFO - [2025-04-19T10:20:13.828+0000] {dag.py:3239} INFO - Sync 1 DAGs
[2025-04-19T10:20:13.892+0000] {logging_mixin.py:190} INFO - [2025-04-19T10:20:13.891+0000] {dag.py:4180} INFO - Setting next_dagrun for example_weekday_branch_operator to 2025-04-18 00:00:00+00:00, run_after=2025-04-19 00:00:00+00:00
[2025-04-19T10:20:13.959+0000] {processor.py:208} INFO - Processing /home/airflow/.local/lib/python3.12/site-packages/airflow/example_dags/example_branch_day_of_week_operator.py took 0.224 seconds
[2025-04-19T10:20:45.481+0000] {processor.py:186} INFO - Started process (PID=308) to work on /home/airflow/.local/lib/python3.12/site-packages/airflow/example_dags/example_branch_day_of_week_operator.py
[2025-04-19T10:20:45.483+0000] {processor.py:914} INFO - Processing file /home/airflow/.local/lib/python3.12/site-packages/airflow/example_dags/example_branch_day_of_week_operator.py for tasks to queue
[2025-04-19T10:20:45.491+0000] {logging_mixin.py:190} INFO - [2025-04-19T10:20:45.489+0000] {dagbag.py:588} INFO - Filling up the DagBag from /home/airflow/.local/lib/python3.12/site-packages/airflow/example_dags/example_branch_day_of_week_operator.py
[2025-04-19T10:20:45.520+0000] {processor.py:925} INFO - DAG(s) 'example_weekday_branch_operator' retrieved from /home/airflow/.local/lib/python3.12/site-packages/airflow/example_dags/example_branch_day_of_week_operator.py
[2025-04-19T10:20:45.591+0000] {logging_mixin.py:190} INFO - [2025-04-19T10:20:45.590+0000] {dag.py:3239} INFO - Sync 1 DAGs
[2025-04-19T10:20:45.645+0000] {logging_mixin.py:190} INFO - [2025-04-19T10:20:45.644+0000] {dag.py:4180} INFO - Setting next_dagrun for example_weekday_branch_operator to 2025-04-18 00:00:00+00:00, run_after=2025-04-19 00:00:00+00:00
[2025-04-19T10:20:45.704+0000] {processor.py:208} INFO - Processing /home/airflow/.local/lib/python3.12/site-packages/airflow/example_dags/example_branch_day_of_week_operator.py took 0.233 seconds
[2025-04-19T10:21:17.096+0000] {processor.py:186} INFO - Started process (PID=371) to work on /home/airflow/.local/lib/python3.12/site-packages/airflow/example_dags/example_branch_day_of_week_operator.py
[2025-04-19T10:21:17.100+0000] {processor.py:914} INFO - Processing file /home/airflow/.local/lib/python3.12/site-packages/airflow/example_dags/example_branch_day_of_week_operator.py for tasks to queue
[2025-04-19T10:21:17.112+0000] {logging_mixin.py:190} INFO - [2025-04-19T10:21:17.110+0000] {dagbag.py:588} INFO - Filling up the DagBag from /home/airflow/.local/lib/python3.12/site-packages/airflow/example_dags/example_branch_day_of_week_operator.py
[2025-04-19T10:21:17.146+0000] {processor.py:925} INFO - DAG(s) 'example_weekday_branch_operator' retrieved from /home/airflow/.local/lib/python3.12/site-packages/airflow/example_dags/example_branch_day_of_week_operator.py
[2025-04-19T10:21:17.196+0000] {logging_mixin.py:190} INFO - [2025-04-19T10:21:17.196+0000] {dag.py:3239} INFO - Sync 1 DAGs
[2025-04-19T10:21:17.246+0000] {logging_mixin.py:190} INFO - [2025-04-19T10:21:17.246+0000] {dag.py:4180} INFO - Setting next_dagrun for example_weekday_branch_operator to 2025-04-18 00:00:00+00:00, run_after=2025-04-19 00:00:00+00:00
[2025-04-19T10:21:17.287+0000] {processor.py:208} INFO - Processing /home/airflow/.local/lib/python3.12/site-packages/airflow/example_dags/example_branch_day_of_week_operator.py took 0.216 seconds
[2025-04-19T10:21:48.428+0000] {processor.py:186} INFO - Started process (PID=440) to work on /home/airflow/.local/lib/python3.12/site-packages/airflow/example_dags/example_branch_day_of_week_operator.py
[2025-04-19T10:21:48.432+0000] {processor.py:914} INFO - Processing file /home/airflow/.local/lib/python3.12/site-packages/airflow/example_dags/example_branch_day_of_week_operator.py for tasks to queue
[2025-04-19T10:21:48.439+0000] {logging_mixin.py:190} INFO - [2025-04-19T10:21:48.438+0000] {dagbag.py:588} INFO - Filling up the DagBag from /home/airflow/.local/lib/python3.12/site-packages/airflow/example_dags/example_branch_day_of_week_operator.py
[2025-04-19T10:21:48.473+0000] {processor.py:925} INFO - DAG(s) 'example_weekday_branch_operator' retrieved from /home/airflow/.local/lib/python3.12/site-packages/airflow/example_dags/example_branch_day_of_week_operator.py
[2025-04-19T10:21:48.532+0000] {logging_mixin.py:190} INFO - [2025-04-19T10:21:48.532+0000] {dag.py:3239} INFO - Sync 1 DAGs
[2025-04-19T10:21:48.587+0000] {logging_mixin.py:190} INFO - [2025-04-19T10:21:48.587+0000] {dag.py:4180} INFO - Setting next_dagrun for example_weekday_branch_operator to 2025-04-18 00:00:00+00:00, run_after=2025-04-19 00:00:00+00:00
[2025-04-19T10:21:48.628+0000] {processor.py:208} INFO - Processing /home/airflow/.local/lib/python3.12/site-packages/airflow/example_dags/example_branch_day_of_week_operator.py took 0.218 seconds
[2025-04-19T10:22:20.610+0000] {processor.py:186} INFO - Started process (PID=502) to work on /home/airflow/.local/lib/python3.12/site-packages/airflow/example_dags/example_branch_day_of_week_operator.py
[2025-04-19T10:22:20.613+0000] {processor.py:914} INFO - Processing file /home/airflow/.local/lib/python3.12/site-packages/airflow/example_dags/example_branch_day_of_week_operator.py for tasks to queue
[2025-04-19T10:22:20.621+0000] {logging_mixin.py:190} INFO - [2025-04-19T10:22:20.620+0000] {dagbag.py:588} INFO - Filling up the DagBag from /home/airflow/.local/lib/python3.12/site-packages/airflow/example_dags/example_branch_day_of_week_operator.py
[2025-04-19T10:22:20.644+0000] {processor.py:925} INFO - DAG(s) 'example_weekday_branch_operator' retrieved from /home/airflow/.local/lib/python3.12/site-packages/airflow/example_dags/example_branch_day_of_week_operator.py
[2025-04-19T10:22:20.688+0000] {logging_mixin.py:190} INFO - [2025-04-19T10:22:20.688+0000] {dag.py:3239} INFO - Sync 1 DAGs
[2025-04-19T10:22:20.744+0000] {logging_mixin.py:190} INFO - [2025-04-19T10:22:20.744+0000] {dag.py:4180} INFO - Setting next_dagrun for example_weekday_branch_operator to 2025-04-18 00:00:00+00:00, run_after=2025-04-19 00:00:00+00:00
[2025-04-19T10:22:20.795+0000] {processor.py:208} INFO - Processing /home/airflow/.local/lib/python3.12/site-packages/airflow/example_dags/example_branch_day_of_week_operator.py took 0.200 seconds
[2025-04-19T10:22:52.101+0000] {processor.py:186} INFO - Started process (PID=564) to work on /home/airflow/.local/lib/python3.12/site-packages/airflow/example_dags/example_branch_day_of_week_operator.py
[2025-04-19T10:22:52.104+0000] {processor.py:914} INFO - Processing file /home/airflow/.local/lib/python3.12/site-packages/airflow/example_dags/example_branch_day_of_week_operator.py for tasks to queue
[2025-04-19T10:22:52.110+0000] {logging_mixin.py:190} INFO - [2025-04-19T10:22:52.109+0000] {dagbag.py:588} INFO - Filling up the DagBag from /home/airflow/.local/lib/python3.12/site-packages/airflow/example_dags/example_branch_day_of_week_operator.py
[2025-04-19T10:22:52.139+0000] {processor.py:925} INFO - DAG(s) 'example_weekday_branch_operator' retrieved from /home/airflow/.local/lib/python3.12/site-packages/airflow/example_dags/example_branch_day_of_week_operator.py
[2025-04-19T10:22:52.200+0000] {logging_mixin.py:190} INFO - [2025-04-19T10:22:52.200+0000] {dag.py:3239} INFO - Sync 1 DAGs
[2025-04-19T10:22:52.250+0000] {logging_mixin.py:190} INFO - [2025-04-19T10:22:52.250+0000] {dag.py:4180} INFO - Setting next_dagrun for example_weekday_branch_operator to 2025-04-18 00:00:00+00:00, run_after=2025-04-19 00:00:00+00:00
[2025-04-19T10:22:52.296+0000] {processor.py:208} INFO - Processing /home/airflow/.local/lib/python3.12/site-packages/airflow/example_dags/example_branch_day_of_week_operator.py took 0.208 seconds
[2025-04-19T10:23:23.991+0000] {processor.py:186} INFO - Started process (PID=627) to work on /home/airflow/.local/lib/python3.12/site-packages/airflow/example_dags/example_branch_day_of_week_operator.py
[2025-04-19T10:23:23.994+0000] {processor.py:914} INFO - Processing file /home/airflow/.local/lib/python3.12/site-packages/airflow/example_dags/example_branch_day_of_week_operator.py for tasks to queue
[2025-04-19T10:23:24.000+0000] {logging_mixin.py:190} INFO - [2025-04-19T10:23:23.999+0000] {dagbag.py:588} INFO - Filling up the DagBag from /home/airflow/.local/lib/python3.12/site-packages/airflow/example_dags/example_branch_day_of_week_operator.py
[2025-04-19T10:23:24.037+0000] {processor.py:925} INFO - DAG(s) 'example_weekday_branch_operator' retrieved from /home/airflow/.local/lib/python3.12/site-packages/airflow/example_dags/example_branch_day_of_week_operator.py
[2025-04-19T10:23:24.078+0000] {logging_mixin.py:190} INFO - [2025-04-19T10:23:24.078+0000] {dag.py:3239} INFO - Sync 1 DAGs
[2025-04-19T10:23:24.125+0000] {logging_mixin.py:190} INFO - [2025-04-19T10:23:24.124+0000] {dag.py:4180} INFO - Setting next_dagrun for example_weekday_branch_operator to 2025-04-18 00:00:00+00:00, run_after=2025-04-19 00:00:00+00:00
[2025-04-19T10:23:24.173+0000] {processor.py:208} INFO - Processing /home/airflow/.local/lib/python3.12/site-packages/airflow/example_dags/example_branch_day_of_week_operator.py took 0.196 seconds
[2025-04-19T10:23:55.470+0000] {processor.py:186} INFO - Started process (PID=691) to work on /home/airflow/.local/lib/python3.12/site-packages/airflow/example_dags/example_branch_day_of_week_operator.py
[2025-04-19T10:23:55.472+0000] {processor.py:914} INFO - Processing file /home/airflow/.local/lib/python3.12/site-packages/airflow/example_dags/example_branch_day_of_week_operator.py for tasks to queue
[2025-04-19T10:23:55.477+0000] {logging_mixin.py:190} INFO - [2025-04-19T10:23:55.476+0000] {dagbag.py:588} INFO - Filling up the DagBag from /home/airflow/.local/lib/python3.12/site-packages/airflow/example_dags/example_branch_day_of_week_operator.py
[2025-04-19T10:23:55.493+0000] {processor.py:925} INFO - DAG(s) 'example_weekday_branch_operator' retrieved from /home/airflow/.local/lib/python3.12/site-packages/airflow/example_dags/example_branch_day_of_week_operator.py
[2025-04-19T10:23:55.534+0000] {logging_mixin.py:190} INFO - [2025-04-19T10:23:55.534+0000] {dag.py:3239} INFO - Sync 1 DAGs
[2025-04-19T10:23:55.578+0000] {logging_mixin.py:190} INFO - [2025-04-19T10:23:55.577+0000] {dag.py:4180} INFO - Setting next_dagrun for example_weekday_branch_operator to 2025-04-18 00:00:00+00:00, run_after=2025-04-19 00:00:00+00:00
[2025-04-19T10:23:55.616+0000] {processor.py:208} INFO - Processing /home/airflow/.local/lib/python3.12/site-packages/airflow/example_dags/example_branch_day_of_week_operator.py took 0.155 seconds
[2025-04-19T10:24:26.749+0000] {processor.py:186} INFO - Started process (PID=754) to work on /home/airflow/.local/lib/python3.12/site-packages/airflow/example_dags/example_branch_day_of_week_operator.py
[2025-04-19T10:24:26.751+0000] {processor.py:914} INFO - Processing file /home/airflow/.local/lib/python3.12/site-packages/airflow/example_dags/example_branch_day_of_week_operator.py for tasks to queue
[2025-04-19T10:24:26.757+0000] {logging_mixin.py:190} INFO - [2025-04-19T10:24:26.756+0000] {dagbag.py:588} INFO - Filling up the DagBag from /home/airflow/.local/lib/python3.12/site-packages/airflow/example_dags/example_branch_day_of_week_operator.py
[2025-04-19T10:24:26.777+0000] {processor.py:925} INFO - DAG(s) 'example_weekday_branch_operator' retrieved from /home/airflow/.local/lib/python3.12/site-packages/airflow/example_dags/example_branch_day_of_week_operator.py
[2025-04-19T10:24:26.812+0000] {logging_mixin.py:190} INFO - [2025-04-19T10:24:26.811+0000] {dag.py:3239} INFO - Sync 1 DAGs
[2025-04-19T10:24:26.855+0000] {logging_mixin.py:190} INFO - [2025-04-19T10:24:26.854+0000] {dag.py:4180} INFO - Setting next_dagrun for example_weekday_branch_operator to 2025-04-18 00:00:00+00:00, run_after=2025-04-19 00:00:00+00:00
[2025-04-19T10:24:26.886+0000] {processor.py:208} INFO - Processing /home/airflow/.local/lib/python3.12/site-packages/airflow/example_dags/example_branch_day_of_week_operator.py took 0.146 seconds
[2025-04-19T10:24:57.483+0000] {processor.py:186} INFO - Started process (PID=818) to work on /home/airflow/.local/lib/python3.12/site-packages/airflow/example_dags/example_branch_day_of_week_operator.py
[2025-04-19T10:24:57.487+0000] {processor.py:914} INFO - Processing file /home/airflow/.local/lib/python3.12/site-packages/airflow/example_dags/example_branch_day_of_week_operator.py for tasks to queue
[2025-04-19T10:24:57.498+0000] {logging_mixin.py:190} INFO - [2025-04-19T10:24:57.497+0000] {dagbag.py:588} INFO - Filling up the DagBag from /home/airflow/.local/lib/python3.12/site-packages/airflow/example_dags/example_branch_day_of_week_operator.py
[2025-04-19T10:24:57.529+0000] {processor.py:925} INFO - DAG(s) 'example_weekday_branch_operator' retrieved from /home/airflow/.local/lib/python3.12/site-packages/airflow/example_dags/example_branch_day_of_week_operator.py
[2025-04-19T10:24:57.577+0000] {logging_mixin.py:190} INFO - [2025-04-19T10:24:57.577+0000] {dag.py:3239} INFO - Sync 1 DAGs
[2025-04-19T10:24:57.614+0000] {logging_mixin.py:190} INFO - [2025-04-19T10:24:57.614+0000] {dag.py:4180} INFO - Setting next_dagrun for example_weekday_branch_operator to 2025-04-18 00:00:00+00:00, run_after=2025-04-19 00:00:00+00:00
[2025-04-19T10:24:57.650+0000] {processor.py:208} INFO - Processing /home/airflow/.local/lib/python3.12/site-packages/airflow/example_dags/example_branch_day_of_week_operator.py took 0.187 seconds
[2025-04-19T10:25:27.763+0000] {processor.py:186} INFO - Started process (PID=874) to work on /home/airflow/.local/lib/python3.12/site-packages/airflow/example_dags/example_branch_day_of_week_operator.py
[2025-04-19T10:25:27.766+0000] {processor.py:914} INFO - Processing file /home/airflow/.local/lib/python3.12/site-packages/airflow/example_dags/example_branch_day_of_week_operator.py for tasks to queue
[2025-04-19T10:25:27.774+0000] {logging_mixin.py:190} INFO - [2025-04-19T10:25:27.773+0000] {dagbag.py:588} INFO - Filling up the DagBag from /home/airflow/.local/lib/python3.12/site-packages/airflow/example_dags/example_branch_day_of_week_operator.py
[2025-04-19T10:25:27.805+0000] {processor.py:925} INFO - DAG(s) 'example_weekday_branch_operator' retrieved from /home/airflow/.local/lib/python3.12/site-packages/airflow/example_dags/example_branch_day_of_week_operator.py
[2025-04-19T10:25:27.877+0000] {logging_mixin.py:190} INFO - [2025-04-19T10:25:27.877+0000] {dag.py:3239} INFO - Sync 1 DAGs
[2025-04-19T10:25:27.929+0000] {logging_mixin.py:190} INFO - [2025-04-19T10:25:27.927+0000] {dag.py:4180} INFO - Setting next_dagrun for example_weekday_branch_operator to 2025-04-18 00:00:00+00:00, run_after=2025-04-19 00:00:00+00:00
[2025-04-19T10:25:27.996+0000] {processor.py:208} INFO - Processing /home/airflow/.local/lib/python3.12/site-packages/airflow/example_dags/example_branch_day_of_week_operator.py took 0.248 seconds
[2025-04-19T10:25:58.628+0000] {processor.py:186} INFO - Started process (PID=937) to work on /home/airflow/.local/lib/python3.12/site-packages/airflow/example_dags/example_branch_day_of_week_operator.py
[2025-04-19T10:25:58.633+0000] {processor.py:914} INFO - Processing file /home/airflow/.local/lib/python3.12/site-packages/airflow/example_dags/example_branch_day_of_week_operator.py for tasks to queue
[2025-04-19T10:25:58.640+0000] {logging_mixin.py:190} INFO - [2025-04-19T10:25:58.639+0000] {dagbag.py:588} INFO - Filling up the DagBag from /home/airflow/.local/lib/python3.12/site-packages/airflow/example_dags/example_branch_day_of_week_operator.py
[2025-04-19T10:25:58.662+0000] {processor.py:925} INFO - DAG(s) 'example_weekday_branch_operator' retrieved from /home/airflow/.local/lib/python3.12/site-packages/airflow/example_dags/example_branch_day_of_week_operator.py
[2025-04-19T10:25:58.705+0000] {logging_mixin.py:190} INFO - [2025-04-19T10:25:58.705+0000] {dag.py:3239} INFO - Sync 1 DAGs
[2025-04-19T10:25:58.745+0000] {logging_mixin.py:190} INFO - [2025-04-19T10:25:58.745+0000] {dag.py:4180} INFO - Setting next_dagrun for example_weekday_branch_operator to 2025-04-18 00:00:00+00:00, run_after=2025-04-19 00:00:00+00:00
[2025-04-19T10:25:58.777+0000] {processor.py:208} INFO - Processing /home/airflow/.local/lib/python3.12/site-packages/airflow/example_dags/example_branch_day_of_week_operator.py took 0.168 seconds
[2025-04-19T10:26:28.962+0000] {processor.py:186} INFO - Started process (PID=1000) to work on /home/airflow/.local/lib/python3.12/site-packages/airflow/example_dags/example_branch_day_of_week_operator.py
[2025-04-19T10:26:28.965+0000] {processor.py:914} INFO - Processing file /home/airflow/.local/lib/python3.12/site-packages/airflow/example_dags/example_branch_day_of_week_operator.py for tasks to queue
[2025-04-19T10:26:28.970+0000] {logging_mixin.py:190} INFO - [2025-04-19T10:26:28.970+0000] {dagbag.py:588} INFO - Filling up the DagBag from /home/airflow/.local/lib/python3.12/site-packages/airflow/example_dags/example_branch_day_of_week_operator.py
[2025-04-19T10:26:28.989+0000] {processor.py:925} INFO - DAG(s) 'example_weekday_branch_operator' retrieved from /home/airflow/.local/lib/python3.12/site-packages/airflow/example_dags/example_branch_day_of_week_operator.py
[2025-04-19T10:26:29.030+0000] {logging_mixin.py:190} INFO - [2025-04-19T10:26:29.030+0000] {dag.py:3239} INFO - Sync 1 DAGs
[2025-04-19T10:26:29.072+0000] {logging_mixin.py:190} INFO - [2025-04-19T10:26:29.071+0000] {dag.py:4180} INFO - Setting next_dagrun for example_weekday_branch_operator to 2025-04-18 00:00:00+00:00, run_after=2025-04-19 00:00:00+00:00
[2025-04-19T10:26:29.104+0000] {processor.py:208} INFO - Processing /home/airflow/.local/lib/python3.12/site-packages/airflow/example_dags/example_branch_day_of_week_operator.py took 0.155 seconds
[2025-04-19T10:26:59.523+0000] {processor.py:186} INFO - Started process (PID=1063) to work on /home/airflow/.local/lib/python3.12/site-packages/airflow/example_dags/example_branch_day_of_week_operator.py
[2025-04-19T10:26:59.525+0000] {processor.py:914} INFO - Processing file /home/airflow/.local/lib/python3.12/site-packages/airflow/example_dags/example_branch_day_of_week_operator.py for tasks to queue
[2025-04-19T10:26:59.532+0000] {logging_mixin.py:190} INFO - [2025-04-19T10:26:59.531+0000] {dagbag.py:588} INFO - Filling up the DagBag from /home/airflow/.local/lib/python3.12/site-packages/airflow/example_dags/example_branch_day_of_week_operator.py
[2025-04-19T10:26:59.560+0000] {processor.py:925} INFO - DAG(s) 'example_weekday_branch_operator' retrieved from /home/airflow/.local/lib/python3.12/site-packages/airflow/example_dags/example_branch_day_of_week_operator.py
[2025-04-19T10:26:59.661+0000] {logging_mixin.py:190} INFO - [2025-04-19T10:26:59.660+0000] {dag.py:3239} INFO - Sync 1 DAGs
[2025-04-19T10:26:59.729+0000] {logging_mixin.py:190} INFO - [2025-04-19T10:26:59.729+0000] {dag.py:4180} INFO - Setting next_dagrun for example_weekday_branch_operator to 2025-04-18 00:00:00+00:00, run_after=2025-04-19 00:00:00+00:00
[2025-04-19T10:26:59.768+0000] {processor.py:208} INFO - Processing /home/airflow/.local/lib/python3.12/site-packages/airflow/example_dags/example_branch_day_of_week_operator.py took 0.260 seconds
[2025-04-19T10:27:30.479+0000] {processor.py:186} INFO - Started process (PID=1127) to work on /home/airflow/.local/lib/python3.12/site-packages/airflow/example_dags/example_branch_day_of_week_operator.py
[2025-04-19T10:27:30.482+0000] {processor.py:914} INFO - Processing file /home/airflow/.local/lib/python3.12/site-packages/airflow/example_dags/example_branch_day_of_week_operator.py for tasks to queue
[2025-04-19T10:27:30.489+0000] {logging_mixin.py:190} INFO - [2025-04-19T10:27:30.488+0000] {dagbag.py:588} INFO - Filling up the DagBag from /home/airflow/.local/lib/python3.12/site-packages/airflow/example_dags/example_branch_day_of_week_operator.py
[2025-04-19T10:27:30.513+0000] {processor.py:925} INFO - DAG(s) 'example_weekday_branch_operator' retrieved from /home/airflow/.local/lib/python3.12/site-packages/airflow/example_dags/example_branch_day_of_week_operator.py
[2025-04-19T10:27:30.551+0000] {logging_mixin.py:190} INFO - [2025-04-19T10:27:30.551+0000] {dag.py:3239} INFO - Sync 1 DAGs
[2025-04-19T10:27:30.600+0000] {logging_mixin.py:190} INFO - [2025-04-19T10:27:30.599+0000] {dag.py:4180} INFO - Setting next_dagrun for example_weekday_branch_operator to 2025-04-18 00:00:00+00:00, run_after=2025-04-19 00:00:00+00:00
[2025-04-19T10:27:30.648+0000] {processor.py:208} INFO - Processing /home/airflow/.local/lib/python3.12/site-packages/airflow/example_dags/example_branch_day_of_week_operator.py took 0.183 seconds
[2025-04-19T10:28:01.239+0000] {processor.py:186} INFO - Started process (PID=1196) to work on /home/airflow/.local/lib/python3.12/site-packages/airflow/example_dags/example_branch_day_of_week_operator.py
[2025-04-19T10:28:01.242+0000] {processor.py:914} INFO - Processing file /home/airflow/.local/lib/python3.12/site-packages/airflow/example_dags/example_branch_day_of_week_operator.py for tasks to queue
[2025-04-19T10:28:01.247+0000] {logging_mixin.py:190} INFO - [2025-04-19T10:28:01.247+0000] {dagbag.py:588} INFO - Filling up the DagBag from /home/airflow/.local/lib/python3.12/site-packages/airflow/example_dags/example_branch_day_of_week_operator.py
[2025-04-19T10:28:01.268+0000] {processor.py:925} INFO - DAG(s) 'example_weekday_branch_operator' retrieved from /home/airflow/.local/lib/python3.12/site-packages/airflow/example_dags/example_branch_day_of_week_operator.py
[2025-04-19T10:28:01.306+0000] {logging_mixin.py:190} INFO - [2025-04-19T10:28:01.306+0000] {dag.py:3239} INFO - Sync 1 DAGs
[2025-04-19T10:28:01.344+0000] {logging_mixin.py:190} INFO - [2025-04-19T10:28:01.344+0000] {dag.py:4180} INFO - Setting next_dagrun for example_weekday_branch_operator to 2025-04-18 00:00:00+00:00, run_after=2025-04-19 00:00:00+00:00
[2025-04-19T10:28:01.372+0000] {processor.py:208} INFO - Processing /home/airflow/.local/lib/python3.12/site-packages/airflow/example_dags/example_branch_day_of_week_operator.py took 0.149 seconds
[2025-04-19T10:28:31.609+0000] {processor.py:186} INFO - Started process (PID=1259) to work on /home/airflow/.local/lib/python3.12/site-packages/airflow/example_dags/example_branch_day_of_week_operator.py
[2025-04-19T10:28:31.611+0000] {processor.py:914} INFO - Processing file /home/airflow/.local/lib/python3.12/site-packages/airflow/example_dags/example_branch_day_of_week_operator.py for tasks to queue
[2025-04-19T10:28:31.618+0000] {logging_mixin.py:190} INFO - [2025-04-19T10:28:31.617+0000] {dagbag.py:588} INFO - Filling up the DagBag from /home/airflow/.local/lib/python3.12/site-packages/airflow/example_dags/example_branch_day_of_week_operator.py
[2025-04-19T10:28:31.642+0000] {processor.py:925} INFO - DAG(s) 'example_weekday_branch_operator' retrieved from /home/airflow/.local/lib/python3.12/site-packages/airflow/example_dags/example_branch_day_of_week_operator.py
[2025-04-19T10:28:31.679+0000] {logging_mixin.py:190} INFO - [2025-04-19T10:28:31.678+0000] {dag.py:3239} INFO - Sync 1 DAGs
[2025-04-19T10:28:31.716+0000] {logging_mixin.py:190} INFO - [2025-04-19T10:28:31.716+0000] {dag.py:4180} INFO - Setting next_dagrun for example_weekday_branch_operator to 2025-04-18 00:00:00+00:00, run_after=2025-04-19 00:00:00+00:00
[2025-04-19T10:28:31.748+0000] {processor.py:208} INFO - Processing /home/airflow/.local/lib/python3.12/site-packages/airflow/example_dags/example_branch_day_of_week_operator.py took 0.151 seconds
[2025-04-19T10:29:02.484+0000] {processor.py:186} INFO - Started process (PID=1322) to work on /home/airflow/.local/lib/python3.12/site-packages/airflow/example_dags/example_branch_day_of_week_operator.py
[2025-04-19T10:29:02.486+0000] {processor.py:914} INFO - Processing file /home/airflow/.local/lib/python3.12/site-packages/airflow/example_dags/example_branch_day_of_week_operator.py for tasks to queue
[2025-04-19T10:29:02.492+0000] {logging_mixin.py:190} INFO - [2025-04-19T10:29:02.492+0000] {dagbag.py:588} INFO - Filling up the DagBag from /home/airflow/.local/lib/python3.12/site-packages/airflow/example_dags/example_branch_day_of_week_operator.py
[2025-04-19T10:29:02.510+0000] {processor.py:925} INFO - DAG(s) 'example_weekday_branch_operator' retrieved from /home/airflow/.local/lib/python3.12/site-packages/airflow/example_dags/example_branch_day_of_week_operator.py
[2025-04-19T10:29:02.557+0000] {logging_mixin.py:190} INFO - [2025-04-19T10:29:02.556+0000] {dag.py:3239} INFO - Sync 1 DAGs
[2025-04-19T10:29:02.602+0000] {logging_mixin.py:190} INFO - [2025-04-19T10:29:02.601+0000] {dag.py:4180} INFO - Setting next_dagrun for example_weekday_branch_operator to 2025-04-18 00:00:00+00:00, run_after=2025-04-19 00:00:00+00:00
[2025-04-19T10:29:02.640+0000] {processor.py:208} INFO - Processing /home/airflow/.local/lib/python3.12/site-packages/airflow/example_dags/example_branch_day_of_week_operator.py took 0.173 seconds
[2025-04-19T10:29:32.951+0000] {processor.py:186} INFO - Started process (PID=1385) to work on /home/airflow/.local/lib/python3.12/site-packages/airflow/example_dags/example_branch_day_of_week_operator.py
[2025-04-19T10:29:32.953+0000] {processor.py:914} INFO - Processing file /home/airflow/.local/lib/python3.12/site-packages/airflow/example_dags/example_branch_day_of_week_operator.py for tasks to queue
[2025-04-19T10:29:32.960+0000] {logging_mixin.py:190} INFO - [2025-04-19T10:29:32.959+0000] {dagbag.py:588} INFO - Filling up the DagBag from /home/airflow/.local/lib/python3.12/site-packages/airflow/example_dags/example_branch_day_of_week_operator.py
[2025-04-19T10:29:32.982+0000] {processor.py:925} INFO - DAG(s) 'example_weekday_branch_operator' retrieved from /home/airflow/.local/lib/python3.12/site-packages/airflow/example_dags/example_branch_day_of_week_operator.py
[2025-04-19T10:29:33.031+0000] {logging_mixin.py:190} INFO - [2025-04-19T10:29:33.031+0000] {dag.py:3239} INFO - Sync 1 DAGs
[2025-04-19T10:29:33.080+0000] {logging_mixin.py:190} INFO - [2025-04-19T10:29:33.080+0000] {dag.py:4180} INFO - Setting next_dagrun for example_weekday_branch_operator to 2025-04-18 00:00:00+00:00, run_after=2025-04-19 00:00:00+00:00
[2025-04-19T10:29:33.121+0000] {processor.py:208} INFO - Processing /home/airflow/.local/lib/python3.12/site-packages/airflow/example_dags/example_branch_day_of_week_operator.py took 0.181 seconds
[2025-04-19T10:31:47.047+0000] {processor.py:186} INFO - Started process (PID=119) to work on /home/airflow/.local/lib/python3.12/site-packages/airflow/example_dags/example_branch_day_of_week_operator.py
[2025-04-19T10:31:47.049+0000] {processor.py:914} INFO - Processing file /home/airflow/.local/lib/python3.12/site-packages/airflow/example_dags/example_branch_day_of_week_operator.py for tasks to queue
[2025-04-19T10:31:47.056+0000] {logging_mixin.py:190} INFO - [2025-04-19T10:31:47.055+0000] {dagbag.py:588} INFO - Filling up the DagBag from /home/airflow/.local/lib/python3.12/site-packages/airflow/example_dags/example_branch_day_of_week_operator.py
[2025-04-19T10:31:47.072+0000] {processor.py:925} INFO - DAG(s) 'example_weekday_branch_operator' retrieved from /home/airflow/.local/lib/python3.12/site-packages/airflow/example_dags/example_branch_day_of_week_operator.py
[2025-04-19T10:31:47.113+0000] {logging_mixin.py:190} INFO - [2025-04-19T10:31:47.113+0000] {dag.py:3239} INFO - Sync 1 DAGs
[2025-04-19T10:31:47.155+0000] {logging_mixin.py:190} INFO - [2025-04-19T10:31:47.154+0000] {dag.py:4180} INFO - Setting next_dagrun for example_weekday_branch_operator to 2025-04-18 00:00:00+00:00, run_after=2025-04-19 00:00:00+00:00
[2025-04-19T10:31:47.191+0000] {processor.py:208} INFO - Processing /home/airflow/.local/lib/python3.12/site-packages/airflow/example_dags/example_branch_day_of_week_operator.py took 0.158 seconds
[2025-04-19T10:32:19.244+0000] {processor.py:186} INFO - Started process (PID=182) to work on /home/airflow/.local/lib/python3.12/site-packages/airflow/example_dags/example_branch_day_of_week_operator.py
[2025-04-19T10:32:19.246+0000] {processor.py:914} INFO - Processing file /home/airflow/.local/lib/python3.12/site-packages/airflow/example_dags/example_branch_day_of_week_operator.py for tasks to queue
[2025-04-19T10:32:19.251+0000] {logging_mixin.py:190} INFO - [2025-04-19T10:32:19.250+0000] {dagbag.py:588} INFO - Filling up the DagBag from /home/airflow/.local/lib/python3.12/site-packages/airflow/example_dags/example_branch_day_of_week_operator.py
[2025-04-19T10:32:19.266+0000] {processor.py:925} INFO - DAG(s) 'example_weekday_branch_operator' retrieved from /home/airflow/.local/lib/python3.12/site-packages/airflow/example_dags/example_branch_day_of_week_operator.py
[2025-04-19T10:32:19.311+0000] {logging_mixin.py:190} INFO - [2025-04-19T10:32:19.310+0000] {dag.py:3239} INFO - Sync 1 DAGs
[2025-04-19T10:32:19.357+0000] {logging_mixin.py:190} INFO - [2025-04-19T10:32:19.356+0000] {dag.py:4180} INFO - Setting next_dagrun for example_weekday_branch_operator to 2025-04-18 00:00:00+00:00, run_after=2025-04-19 00:00:00+00:00
[2025-04-19T10:32:19.425+0000] {processor.py:208} INFO - Processing /home/airflow/.local/lib/python3.12/site-packages/airflow/example_dags/example_branch_day_of_week_operator.py took 0.190 seconds
[2025-04-19T10:32:51.503+0000] {processor.py:186} INFO - Started process (PID=246) to work on /home/airflow/.local/lib/python3.12/site-packages/airflow/example_dags/example_branch_day_of_week_operator.py
[2025-04-19T10:32:51.505+0000] {processor.py:914} INFO - Processing file /home/airflow/.local/lib/python3.12/site-packages/airflow/example_dags/example_branch_day_of_week_operator.py for tasks to queue
[2025-04-19T10:32:51.510+0000] {logging_mixin.py:190} INFO - [2025-04-19T10:32:51.509+0000] {dagbag.py:588} INFO - Filling up the DagBag from /home/airflow/.local/lib/python3.12/site-packages/airflow/example_dags/example_branch_day_of_week_operator.py
[2025-04-19T10:32:51.524+0000] {processor.py:925} INFO - DAG(s) 'example_weekday_branch_operator' retrieved from /home/airflow/.local/lib/python3.12/site-packages/airflow/example_dags/example_branch_day_of_week_operator.py
[2025-04-19T10:32:51.570+0000] {logging_mixin.py:190} INFO - [2025-04-19T10:32:51.569+0000] {dag.py:3239} INFO - Sync 1 DAGs
[2025-04-19T10:32:51.620+0000] {logging_mixin.py:190} INFO - [2025-04-19T10:32:51.620+0000] {dag.py:4180} INFO - Setting next_dagrun for example_weekday_branch_operator to 2025-04-18 00:00:00+00:00, run_after=2025-04-19 00:00:00+00:00
[2025-04-19T10:32:51.680+0000] {processor.py:208} INFO - Processing /home/airflow/.local/lib/python3.12/site-packages/airflow/example_dags/example_branch_day_of_week_operator.py took 0.186 seconds
[2025-04-19T10:33:23.087+0000] {processor.py:186} INFO - Started process (PID=309) to work on /home/airflow/.local/lib/python3.12/site-packages/airflow/example_dags/example_branch_day_of_week_operator.py
[2025-04-19T10:33:23.090+0000] {processor.py:914} INFO - Processing file /home/airflow/.local/lib/python3.12/site-packages/airflow/example_dags/example_branch_day_of_week_operator.py for tasks to queue
[2025-04-19T10:33:23.095+0000] {logging_mixin.py:190} INFO - [2025-04-19T10:33:23.095+0000] {dagbag.py:588} INFO - Filling up the DagBag from /home/airflow/.local/lib/python3.12/site-packages/airflow/example_dags/example_branch_day_of_week_operator.py
[2025-04-19T10:33:23.112+0000] {processor.py:925} INFO - DAG(s) 'example_weekday_branch_operator' retrieved from /home/airflow/.local/lib/python3.12/site-packages/airflow/example_dags/example_branch_day_of_week_operator.py
[2025-04-19T10:33:23.149+0000] {logging_mixin.py:190} INFO - [2025-04-19T10:33:23.149+0000] {dag.py:3239} INFO - Sync 1 DAGs
[2025-04-19T10:33:23.206+0000] {logging_mixin.py:190} INFO - [2025-04-19T10:33:23.206+0000] {dag.py:4180} INFO - Setting next_dagrun for example_weekday_branch_operator to 2025-04-18 00:00:00+00:00, run_after=2025-04-19 00:00:00+00:00
[2025-04-19T10:33:23.258+0000] {processor.py:208} INFO - Processing /home/airflow/.local/lib/python3.12/site-packages/airflow/example_dags/example_branch_day_of_week_operator.py took 0.179 seconds
[2025-04-19T10:33:56.438+0000] {processor.py:186} INFO - Started process (PID=378) to work on /home/airflow/.local/lib/python3.12/site-packages/airflow/example_dags/example_branch_day_of_week_operator.py
[2025-04-19T10:33:56.440+0000] {processor.py:914} INFO - Processing file /home/airflow/.local/lib/python3.12/site-packages/airflow/example_dags/example_branch_day_of_week_operator.py for tasks to queue
[2025-04-19T10:33:56.444+0000] {logging_mixin.py:190} INFO - [2025-04-19T10:33:56.444+0000] {dagbag.py:588} INFO - Filling up the DagBag from /home/airflow/.local/lib/python3.12/site-packages/airflow/example_dags/example_branch_day_of_week_operator.py
[2025-04-19T10:33:56.463+0000] {processor.py:925} INFO - DAG(s) 'example_weekday_branch_operator' retrieved from /home/airflow/.local/lib/python3.12/site-packages/airflow/example_dags/example_branch_day_of_week_operator.py
[2025-04-19T10:33:56.504+0000] {logging_mixin.py:190} INFO - [2025-04-19T10:33:56.504+0000] {dag.py:3239} INFO - Sync 1 DAGs
[2025-04-19T10:33:56.544+0000] {logging_mixin.py:190} INFO - [2025-04-19T10:33:56.544+0000] {dag.py:4180} INFO - Setting next_dagrun for example_weekday_branch_operator to 2025-04-18 00:00:00+00:00, run_after=2025-04-19 00:00:00+00:00
[2025-04-19T10:33:56.592+0000] {processor.py:208} INFO - Processing /home/airflow/.local/lib/python3.12/site-packages/airflow/example_dags/example_branch_day_of_week_operator.py took 0.169 seconds
