[2025-04-19T10:19:08.781+0000] {processor.py:186} INFO - Started process (PID=112) to work on /home/airflow/.local/lib/python3.12/site-packages/airflow/example_dags/example_inlet_event_extra.py
[2025-04-19T10:19:08.784+0000] {processor.py:914} INFO - Processing file /home/airflow/.local/lib/python3.12/site-packages/airflow/example_dags/example_inlet_event_extra.py for tasks to queue
[2025-04-19T10:19:08.791+0000] {logging_mixin.py:190} INFO - [2025-04-19T10:19:08.790+0000] {dagbag.py:588} INFO - Filling up the DagBag from /home/airflow/.local/lib/python3.12/site-packages/airflow/example_dags/example_inlet_event_extra.py
[2025-04-19T10:19:10.265+0000] {processor.py:925} INFO - DAG(s) 'read_dataset_event_from_classic', 'read_dataset_event' retrieved from /home/airflow/.local/lib/python3.12/site-packages/airflow/example_dags/example_inlet_event_extra.py
[2025-04-19T10:19:10.527+0000] {logging_mixin.py:190} INFO - [2025-04-19T10:19:10.526+0000] {override.py:1912} INFO - Created Permission View: can delete on DAG:read_dataset_event_from_classic
[2025-04-19T10:19:10.546+0000] {logging_mixin.py:190} INFO - [2025-04-19T10:19:10.545+0000] {override.py:1912} INFO - Created Permission View: can read on DAG:read_dataset_event_from_classic
[2025-04-19T10:19:10.562+0000] {logging_mixin.py:190} INFO - [2025-04-19T10:19:10.562+0000] {override.py:1912} INFO - Created Permission View: can edit on DAG:read_dataset_event_from_classic
[2025-04-19T10:19:10.578+0000] {logging_mixin.py:190} INFO - [2025-04-19T10:19:10.578+0000] {override.py:1912} INFO - Created Permission View: can delete on DAG Run:read_dataset_event_from_classic
[2025-04-19T10:19:10.595+0000] {logging_mixin.py:190} INFO - [2025-04-19T10:19:10.594+0000] {override.py:1912} INFO - Created Permission View: can read on DAG Run:read_dataset_event_from_classic
[2025-04-19T10:19:10.610+0000] {logging_mixin.py:190} INFO - [2025-04-19T10:19:10.609+0000] {override.py:1912} INFO - Created Permission View: menu access on DAG Run:read_dataset_event_from_classic
[2025-04-19T10:19:10.626+0000] {logging_mixin.py:190} INFO - [2025-04-19T10:19:10.625+0000] {override.py:1912} INFO - Created Permission View: can create on DAG Run:read_dataset_event_from_classic
[2025-04-19T10:19:10.652+0000] {logging_mixin.py:190} INFO - [2025-04-19T10:19:10.652+0000] {override.py:1912} INFO - Created Permission View: can delete on DAG:read_dataset_event
[2025-04-19T10:19:10.667+0000] {logging_mixin.py:190} INFO - [2025-04-19T10:19:10.667+0000] {override.py:1912} INFO - Created Permission View: can read on DAG:read_dataset_event
[2025-04-19T10:19:10.683+0000] {logging_mixin.py:190} INFO - [2025-04-19T10:19:10.683+0000] {override.py:1912} INFO - Created Permission View: can edit on DAG:read_dataset_event
[2025-04-19T10:19:10.699+0000] {logging_mixin.py:190} INFO - [2025-04-19T10:19:10.699+0000] {override.py:1912} INFO - Created Permission View: can delete on DAG Run:read_dataset_event
[2025-04-19T10:19:10.715+0000] {logging_mixin.py:190} INFO - [2025-04-19T10:19:10.715+0000] {override.py:1912} INFO - Created Permission View: can read on DAG Run:read_dataset_event
[2025-04-19T10:19:10.729+0000] {logging_mixin.py:190} INFO - [2025-04-19T10:19:10.728+0000] {override.py:1912} INFO - Created Permission View: menu access on DAG Run:read_dataset_event
[2025-04-19T10:19:10.744+0000] {logging_mixin.py:190} INFO - [2025-04-19T10:19:10.743+0000] {override.py:1912} INFO - Created Permission View: can create on DAG Run:read_dataset_event
[2025-04-19T10:19:10.745+0000] {logging_mixin.py:190} INFO - [2025-04-19T10:19:10.745+0000] {dag.py:3239} INFO - Sync 2 DAGs
[2025-04-19T10:19:10.769+0000] {logging_mixin.py:190} INFO - [2025-04-19T10:19:10.768+0000] {dag.py:3262} INFO - Creating ORM DAG for read_dataset_event
[2025-04-19T10:19:10.772+0000] {logging_mixin.py:190} INFO - [2025-04-19T10:19:10.772+0000] {dag.py:3262} INFO - Creating ORM DAG for read_dataset_event_from_classic
[2025-04-19T10:19:10.788+0000] {logging_mixin.py:190} INFO - [2025-04-19T10:19:10.788+0000] {dag.py:4180} INFO - Setting next_dagrun for read_dataset_event to 2025-04-18 00:00:00+00:00, run_after=2025-04-19 00:00:00+00:00
[2025-04-19T10:19:10.792+0000] {logging_mixin.py:190} INFO - [2025-04-19T10:19:10.792+0000] {dag.py:4180} INFO - Setting next_dagrun for read_dataset_event_from_classic to 2025-04-18 00:00:00+00:00, run_after=2025-04-19 00:00:00+00:00
[2025-04-19T10:19:10.822+0000] {processor.py:208} INFO - Processing /home/airflow/.local/lib/python3.12/site-packages/airflow/example_dags/example_inlet_event_extra.py took 2.058 seconds
[2025-04-19T10:19:41.049+0000] {processor.py:186} INFO - Started process (PID=175) to work on /home/airflow/.local/lib/python3.12/site-packages/airflow/example_dags/example_inlet_event_extra.py
[2025-04-19T10:19:41.051+0000] {processor.py:914} INFO - Processing file /home/airflow/.local/lib/python3.12/site-packages/airflow/example_dags/example_inlet_event_extra.py for tasks to queue
[2025-04-19T10:19:41.057+0000] {logging_mixin.py:190} INFO - [2025-04-19T10:19:41.056+0000] {dagbag.py:588} INFO - Filling up the DagBag from /home/airflow/.local/lib/python3.12/site-packages/airflow/example_dags/example_inlet_event_extra.py
[2025-04-19T10:19:41.301+0000] {processor.py:925} INFO - DAG(s) 'read_dataset_event_from_classic', 'read_dataset_event' retrieved from /home/airflow/.local/lib/python3.12/site-packages/airflow/example_dags/example_inlet_event_extra.py
[2025-04-19T10:19:41.333+0000] {logging_mixin.py:190} INFO - [2025-04-19T10:19:41.333+0000] {dag.py:3239} INFO - Sync 2 DAGs
[2025-04-19T10:19:41.372+0000] {logging_mixin.py:190} INFO - [2025-04-19T10:19:41.371+0000] {dag.py:4180} INFO - Setting next_dagrun for read_dataset_event to 2025-04-18 00:00:00+00:00, run_after=2025-04-19 00:00:00+00:00
[2025-04-19T10:19:41.384+0000] {logging_mixin.py:190} INFO - [2025-04-19T10:19:41.384+0000] {dag.py:4180} INFO - Setting next_dagrun for read_dataset_event_from_classic to 2025-04-18 00:00:00+00:00, run_after=2025-04-19 00:00:00+00:00
[2025-04-19T10:19:41.417+0000] {processor.py:208} INFO - Processing /home/airflow/.local/lib/python3.12/site-packages/airflow/example_dags/example_inlet_event_extra.py took 1.475 seconds
[2025-04-19T10:20:11.673+0000] {processor.py:186} INFO - Started process (PID=238) to work on /home/airflow/.local/lib/python3.12/site-packages/airflow/example_dags/example_inlet_event_extra.py
[2025-04-19T10:20:11.675+0000] {processor.py:914} INFO - Processing file /home/airflow/.local/lib/python3.12/site-packages/airflow/example_dags/example_inlet_event_extra.py for tasks to queue
[2025-04-19T10:20:11.681+0000] {logging_mixin.py:190} INFO - [2025-04-19T10:20:11.680+0000] {dagbag.py:588} INFO - Filling up the DagBag from /home/airflow/.local/lib/python3.12/site-packages/airflow/example_dags/example_inlet_event_extra.py
[2025-04-19T10:20:12.660+0000] {processor.py:925} INFO - DAG(s) 'read_dataset_event', 'read_dataset_event_from_classic' retrieved from /home/airflow/.local/lib/python3.12/site-packages/airflow/example_dags/example_inlet_event_extra.py
[2025-04-19T10:20:12.696+0000] {logging_mixin.py:190} INFO - [2025-04-19T10:20:12.696+0000] {dag.py:3239} INFO - Sync 2 DAGs
[2025-04-19T10:20:12.750+0000] {logging_mixin.py:190} INFO - [2025-04-19T10:20:12.749+0000] {dag.py:4180} INFO - Setting next_dagrun for read_dataset_event to 2025-04-18 00:00:00+00:00, run_after=2025-04-19 00:00:00+00:00
[2025-04-19T10:20:12.764+0000] {logging_mixin.py:190} INFO - [2025-04-19T10:20:12.764+0000] {dag.py:4180} INFO - Setting next_dagrun for read_dataset_event_from_classic to 2025-04-18 00:00:00+00:00, run_after=2025-04-19 00:00:00+00:00
[2025-04-19T10:20:12.811+0000] {processor.py:208} INFO - Processing /home/airflow/.local/lib/python3.12/site-packages/airflow/example_dags/example_inlet_event_extra.py took 1.157 seconds
[2025-04-19T10:20:43.352+0000] {processor.py:186} INFO - Started process (PID=301) to work on /home/airflow/.local/lib/python3.12/site-packages/airflow/example_dags/example_inlet_event_extra.py
[2025-04-19T10:20:43.355+0000] {processor.py:914} INFO - Processing file /home/airflow/.local/lib/python3.12/site-packages/airflow/example_dags/example_inlet_event_extra.py for tasks to queue
[2025-04-19T10:20:43.362+0000] {logging_mixin.py:190} INFO - [2025-04-19T10:20:43.361+0000] {dagbag.py:588} INFO - Filling up the DagBag from /home/airflow/.local/lib/python3.12/site-packages/airflow/example_dags/example_inlet_event_extra.py
[2025-04-19T10:20:44.469+0000] {processor.py:925} INFO - DAG(s) 'read_dataset_event_from_classic', 'read_dataset_event' retrieved from /home/airflow/.local/lib/python3.12/site-packages/airflow/example_dags/example_inlet_event_extra.py
[2025-04-19T10:20:44.516+0000] {logging_mixin.py:190} INFO - [2025-04-19T10:20:44.516+0000] {dag.py:3239} INFO - Sync 2 DAGs
[2025-04-19T10:20:44.562+0000] {logging_mixin.py:190} INFO - [2025-04-19T10:20:44.562+0000] {dag.py:4180} INFO - Setting next_dagrun for read_dataset_event to 2025-04-18 00:00:00+00:00, run_after=2025-04-19 00:00:00+00:00
[2025-04-19T10:20:44.570+0000] {logging_mixin.py:190} INFO - [2025-04-19T10:20:44.570+0000] {dag.py:4180} INFO - Setting next_dagrun for read_dataset_event_from_classic to 2025-04-18 00:00:00+00:00, run_after=2025-04-19 00:00:00+00:00
[2025-04-19T10:20:44.604+0000] {processor.py:208} INFO - Processing /home/airflow/.local/lib/python3.12/site-packages/airflow/example_dags/example_inlet_event_extra.py took 1.266 seconds
[2025-04-19T10:21:14.975+0000] {processor.py:186} INFO - Started process (PID=364) to work on /home/airflow/.local/lib/python3.12/site-packages/airflow/example_dags/example_inlet_event_extra.py
[2025-04-19T10:21:14.978+0000] {processor.py:914} INFO - Processing file /home/airflow/.local/lib/python3.12/site-packages/airflow/example_dags/example_inlet_event_extra.py for tasks to queue
[2025-04-19T10:21:14.985+0000] {logging_mixin.py:190} INFO - [2025-04-19T10:21:14.984+0000] {dagbag.py:588} INFO - Filling up the DagBag from /home/airflow/.local/lib/python3.12/site-packages/airflow/example_dags/example_inlet_event_extra.py
[2025-04-19T10:21:15.982+0000] {processor.py:925} INFO - DAG(s) 'read_dataset_event', 'read_dataset_event_from_classic' retrieved from /home/airflow/.local/lib/python3.12/site-packages/airflow/example_dags/example_inlet_event_extra.py
[2025-04-19T10:21:16.017+0000] {logging_mixin.py:190} INFO - [2025-04-19T10:21:16.017+0000] {dag.py:3239} INFO - Sync 2 DAGs
[2025-04-19T10:21:16.073+0000] {logging_mixin.py:190} INFO - [2025-04-19T10:21:16.073+0000] {dag.py:4180} INFO - Setting next_dagrun for read_dataset_event to 2025-04-18 00:00:00+00:00, run_after=2025-04-19 00:00:00+00:00
[2025-04-19T10:21:16.083+0000] {logging_mixin.py:190} INFO - [2025-04-19T10:21:16.083+0000] {dag.py:4180} INFO - Setting next_dagrun for read_dataset_event_from_classic to 2025-04-18 00:00:00+00:00, run_after=2025-04-19 00:00:00+00:00
[2025-04-19T10:21:16.119+0000] {processor.py:208} INFO - Processing /home/airflow/.local/lib/python3.12/site-packages/airflow/example_dags/example_inlet_event_extra.py took 1.157 seconds
[2025-04-19T10:21:46.491+0000] {processor.py:186} INFO - Started process (PID=433) to work on /home/airflow/.local/lib/python3.12/site-packages/airflow/example_dags/example_inlet_event_extra.py
[2025-04-19T10:21:46.494+0000] {processor.py:914} INFO - Processing file /home/airflow/.local/lib/python3.12/site-packages/airflow/example_dags/example_inlet_event_extra.py for tasks to queue
[2025-04-19T10:21:46.498+0000] {logging_mixin.py:190} INFO - [2025-04-19T10:21:46.498+0000] {dagbag.py:588} INFO - Filling up the DagBag from /home/airflow/.local/lib/python3.12/site-packages/airflow/example_dags/example_inlet_event_extra.py
[2025-04-19T10:21:47.457+0000] {processor.py:925} INFO - DAG(s) 'read_dataset_event', 'read_dataset_event_from_classic' retrieved from /home/airflow/.local/lib/python3.12/site-packages/airflow/example_dags/example_inlet_event_extra.py
[2025-04-19T10:21:47.492+0000] {logging_mixin.py:190} INFO - [2025-04-19T10:21:47.491+0000] {dag.py:3239} INFO - Sync 2 DAGs
[2025-04-19T10:21:47.543+0000] {logging_mixin.py:190} INFO - [2025-04-19T10:21:47.542+0000] {dag.py:4180} INFO - Setting next_dagrun for read_dataset_event to 2025-04-18 00:00:00+00:00, run_after=2025-04-19 00:00:00+00:00
[2025-04-19T10:21:47.555+0000] {logging_mixin.py:190} INFO - [2025-04-19T10:21:47.554+0000] {dag.py:4180} INFO - Setting next_dagrun for read_dataset_event_from_classic to 2025-04-18 00:00:00+00:00, run_after=2025-04-19 00:00:00+00:00
[2025-04-19T10:21:47.585+0000] {processor.py:208} INFO - Processing /home/airflow/.local/lib/python3.12/site-packages/airflow/example_dags/example_inlet_event_extra.py took 1.104 seconds
[2025-04-19T10:22:18.338+0000] {processor.py:186} INFO - Started process (PID=495) to work on /home/airflow/.local/lib/python3.12/site-packages/airflow/example_dags/example_inlet_event_extra.py
[2025-04-19T10:22:18.341+0000] {processor.py:914} INFO - Processing file /home/airflow/.local/lib/python3.12/site-packages/airflow/example_dags/example_inlet_event_extra.py for tasks to queue
[2025-04-19T10:22:18.349+0000] {logging_mixin.py:190} INFO - [2025-04-19T10:22:18.348+0000] {dagbag.py:588} INFO - Filling up the DagBag from /home/airflow/.local/lib/python3.12/site-packages/airflow/example_dags/example_inlet_event_extra.py
[2025-04-19T10:22:19.400+0000] {processor.py:925} INFO - DAG(s) 'read_dataset_event_from_classic', 'read_dataset_event' retrieved from /home/airflow/.local/lib/python3.12/site-packages/airflow/example_dags/example_inlet_event_extra.py
[2025-04-19T10:22:19.441+0000] {logging_mixin.py:190} INFO - [2025-04-19T10:22:19.441+0000] {dag.py:3239} INFO - Sync 2 DAGs
[2025-04-19T10:22:19.520+0000] {logging_mixin.py:190} INFO - [2025-04-19T10:22:19.520+0000] {dag.py:4180} INFO - Setting next_dagrun for read_dataset_event to 2025-04-18 00:00:00+00:00, run_after=2025-04-19 00:00:00+00:00
[2025-04-19T10:22:19.552+0000] {logging_mixin.py:190} INFO - [2025-04-19T10:22:19.551+0000] {dag.py:4180} INFO - Setting next_dagrun for read_dataset_event_from_classic to 2025-04-18 00:00:00+00:00, run_after=2025-04-19 00:00:00+00:00
[2025-04-19T10:22:19.589+0000] {processor.py:208} INFO - Processing /home/airflow/.local/lib/python3.12/site-packages/airflow/example_dags/example_inlet_event_extra.py took 1.265 seconds
[2025-04-19T10:22:49.847+0000] {processor.py:186} INFO - Started process (PID=557) to work on /home/airflow/.local/lib/python3.12/site-packages/airflow/example_dags/example_inlet_event_extra.py
[2025-04-19T10:22:49.851+0000] {processor.py:914} INFO - Processing file /home/airflow/.local/lib/python3.12/site-packages/airflow/example_dags/example_inlet_event_extra.py for tasks to queue
[2025-04-19T10:22:49.856+0000] {logging_mixin.py:190} INFO - [2025-04-19T10:22:49.855+0000] {dagbag.py:588} INFO - Filling up the DagBag from /home/airflow/.local/lib/python3.12/site-packages/airflow/example_dags/example_inlet_event_extra.py
[2025-04-19T10:22:51.046+0000] {processor.py:925} INFO - DAG(s) 'read_dataset_event_from_classic', 'read_dataset_event' retrieved from /home/airflow/.local/lib/python3.12/site-packages/airflow/example_dags/example_inlet_event_extra.py
[2025-04-19T10:22:51.103+0000] {logging_mixin.py:190} INFO - [2025-04-19T10:22:51.102+0000] {dag.py:3239} INFO - Sync 2 DAGs
[2025-04-19T10:22:51.162+0000] {logging_mixin.py:190} INFO - [2025-04-19T10:22:51.162+0000] {dag.py:4180} INFO - Setting next_dagrun for read_dataset_event to 2025-04-18 00:00:00+00:00, run_after=2025-04-19 00:00:00+00:00
[2025-04-19T10:22:51.173+0000] {logging_mixin.py:190} INFO - [2025-04-19T10:22:51.172+0000] {dag.py:4180} INFO - Setting next_dagrun for read_dataset_event_from_classic to 2025-04-18 00:00:00+00:00, run_after=2025-04-19 00:00:00+00:00
[2025-04-19T10:22:51.212+0000] {processor.py:208} INFO - Processing /home/airflow/.local/lib/python3.12/site-packages/airflow/example_dags/example_inlet_event_extra.py took 1.375 seconds
[2025-04-19T10:23:21.796+0000] {processor.py:186} INFO - Started process (PID=620) to work on /home/airflow/.local/lib/python3.12/site-packages/airflow/example_dags/example_inlet_event_extra.py
[2025-04-19T10:23:21.800+0000] {processor.py:914} INFO - Processing file /home/airflow/.local/lib/python3.12/site-packages/airflow/example_dags/example_inlet_event_extra.py for tasks to queue
[2025-04-19T10:23:21.813+0000] {logging_mixin.py:190} INFO - [2025-04-19T10:23:21.811+0000] {dagbag.py:588} INFO - Filling up the DagBag from /home/airflow/.local/lib/python3.12/site-packages/airflow/example_dags/example_inlet_event_extra.py
[2025-04-19T10:23:22.859+0000] {processor.py:925} INFO - DAG(s) 'read_dataset_event_from_classic', 'read_dataset_event' retrieved from /home/airflow/.local/lib/python3.12/site-packages/airflow/example_dags/example_inlet_event_extra.py
[2025-04-19T10:23:22.902+0000] {logging_mixin.py:190} INFO - [2025-04-19T10:23:22.902+0000] {dag.py:3239} INFO - Sync 2 DAGs
[2025-04-19T10:23:22.946+0000] {logging_mixin.py:190} INFO - [2025-04-19T10:23:22.945+0000] {dag.py:4180} INFO - Setting next_dagrun for read_dataset_event to 2025-04-18 00:00:00+00:00, run_after=2025-04-19 00:00:00+00:00
[2025-04-19T10:23:22.956+0000] {logging_mixin.py:190} INFO - [2025-04-19T10:23:22.955+0000] {dag.py:4180} INFO - Setting next_dagrun for read_dataset_event_from_classic to 2025-04-18 00:00:00+00:00, run_after=2025-04-19 00:00:00+00:00
[2025-04-19T10:23:22.995+0000] {processor.py:208} INFO - Processing /home/airflow/.local/lib/python3.12/site-packages/airflow/example_dags/example_inlet_event_extra.py took 1.227 seconds
[2025-04-19T10:23:53.347+0000] {processor.py:186} INFO - Started process (PID=684) to work on /home/airflow/.local/lib/python3.12/site-packages/airflow/example_dags/example_inlet_event_extra.py
[2025-04-19T10:23:53.350+0000] {processor.py:914} INFO - Processing file /home/airflow/.local/lib/python3.12/site-packages/airflow/example_dags/example_inlet_event_extra.py for tasks to queue
[2025-04-19T10:23:53.355+0000] {logging_mixin.py:190} INFO - [2025-04-19T10:23:53.355+0000] {dagbag.py:588} INFO - Filling up the DagBag from /home/airflow/.local/lib/python3.12/site-packages/airflow/example_dags/example_inlet_event_extra.py
[2025-04-19T10:23:54.410+0000] {processor.py:925} INFO - DAG(s) 'read_dataset_event', 'read_dataset_event_from_classic' retrieved from /home/airflow/.local/lib/python3.12/site-packages/airflow/example_dags/example_inlet_event_extra.py
[2025-04-19T10:23:54.467+0000] {logging_mixin.py:190} INFO - [2025-04-19T10:23:54.466+0000] {dag.py:3239} INFO - Sync 2 DAGs
[2025-04-19T10:23:54.523+0000] {logging_mixin.py:190} INFO - [2025-04-19T10:23:54.523+0000] {dag.py:4180} INFO - Setting next_dagrun for read_dataset_event to 2025-04-18 00:00:00+00:00, run_after=2025-04-19 00:00:00+00:00
[2025-04-19T10:23:54.537+0000] {logging_mixin.py:190} INFO - [2025-04-19T10:23:54.536+0000] {dag.py:4180} INFO - Setting next_dagrun for read_dataset_event_from_classic to 2025-04-18 00:00:00+00:00, run_after=2025-04-19 00:00:00+00:00
[2025-04-19T10:23:54.585+0000] {processor.py:208} INFO - Processing /home/airflow/.local/lib/python3.12/site-packages/airflow/example_dags/example_inlet_event_extra.py took 1.247 seconds
[2025-04-19T10:24:24.871+0000] {processor.py:186} INFO - Started process (PID=747) to work on /home/airflow/.local/lib/python3.12/site-packages/airflow/example_dags/example_inlet_event_extra.py
[2025-04-19T10:24:24.875+0000] {processor.py:914} INFO - Processing file /home/airflow/.local/lib/python3.12/site-packages/airflow/example_dags/example_inlet_event_extra.py for tasks to queue
[2025-04-19T10:24:24.882+0000] {logging_mixin.py:190} INFO - [2025-04-19T10:24:24.881+0000] {dagbag.py:588} INFO - Filling up the DagBag from /home/airflow/.local/lib/python3.12/site-packages/airflow/example_dags/example_inlet_event_extra.py
[2025-04-19T10:24:25.902+0000] {processor.py:925} INFO - DAG(s) 'read_dataset_event', 'read_dataset_event_from_classic' retrieved from /home/airflow/.local/lib/python3.12/site-packages/airflow/example_dags/example_inlet_event_extra.py
[2025-04-19T10:24:25.940+0000] {logging_mixin.py:190} INFO - [2025-04-19T10:24:25.939+0000] {dag.py:3239} INFO - Sync 2 DAGs
[2025-04-19T10:24:25.982+0000] {logging_mixin.py:190} INFO - [2025-04-19T10:24:25.981+0000] {dag.py:4180} INFO - Setting next_dagrun for read_dataset_event to 2025-04-18 00:00:00+00:00, run_after=2025-04-19 00:00:00+00:00
[2025-04-19T10:24:25.999+0000] {logging_mixin.py:190} INFO - [2025-04-19T10:24:25.999+0000] {dag.py:4180} INFO - Setting next_dagrun for read_dataset_event_from_classic to 2025-04-18 00:00:00+00:00, run_after=2025-04-19 00:00:00+00:00
[2025-04-19T10:24:26.055+0000] {processor.py:208} INFO - Processing /home/airflow/.local/lib/python3.12/site-packages/airflow/example_dags/example_inlet_event_extra.py took 1.201 seconds
[2025-04-19T10:24:56.593+0000] {processor.py:186} INFO - Started process (PID=811) to work on /home/airflow/.local/lib/python3.12/site-packages/airflow/example_dags/example_inlet_event_extra.py
[2025-04-19T10:24:56.596+0000] {processor.py:914} INFO - Processing file /home/airflow/.local/lib/python3.12/site-packages/airflow/example_dags/example_inlet_event_extra.py for tasks to queue
[2025-04-19T10:24:56.604+0000] {logging_mixin.py:190} INFO - [2025-04-19T10:24:56.603+0000] {dagbag.py:588} INFO - Filling up the DagBag from /home/airflow/.local/lib/python3.12/site-packages/airflow/example_dags/example_inlet_event_extra.py
[2025-04-19T10:24:57.730+0000] {processor.py:925} INFO - DAG(s) 'read_dataset_event_from_classic', 'read_dataset_event' retrieved from /home/airflow/.local/lib/python3.12/site-packages/airflow/example_dags/example_inlet_event_extra.py
[2025-04-19T10:24:57.767+0000] {logging_mixin.py:190} INFO - [2025-04-19T10:24:57.766+0000] {dag.py:3239} INFO - Sync 2 DAGs
[2025-04-19T10:24:57.814+0000] {logging_mixin.py:190} INFO - [2025-04-19T10:24:57.813+0000] {dag.py:4180} INFO - Setting next_dagrun for read_dataset_event to 2025-04-18 00:00:00+00:00, run_after=2025-04-19 00:00:00+00:00
[2025-04-19T10:24:57.836+0000] {logging_mixin.py:190} INFO - [2025-04-19T10:24:57.835+0000] {dag.py:4180} INFO - Setting next_dagrun for read_dataset_event_from_classic to 2025-04-18 00:00:00+00:00, run_after=2025-04-19 00:00:00+00:00
[2025-04-19T10:24:57.915+0000] {processor.py:208} INFO - Processing /home/airflow/.local/lib/python3.12/site-packages/airflow/example_dags/example_inlet_event_extra.py took 1.338 seconds
[2025-04-19T10:25:28.796+0000] {processor.py:186} INFO - Started process (PID=876) to work on /home/airflow/.local/lib/python3.12/site-packages/airflow/example_dags/example_inlet_event_extra.py
[2025-04-19T10:25:28.799+0000] {processor.py:914} INFO - Processing file /home/airflow/.local/lib/python3.12/site-packages/airflow/example_dags/example_inlet_event_extra.py for tasks to queue
[2025-04-19T10:25:28.807+0000] {logging_mixin.py:190} INFO - [2025-04-19T10:25:28.806+0000] {dagbag.py:588} INFO - Filling up the DagBag from /home/airflow/.local/lib/python3.12/site-packages/airflow/example_dags/example_inlet_event_extra.py
[2025-04-19T10:25:29.986+0000] {processor.py:925} INFO - DAG(s) 'read_dataset_event_from_classic', 'read_dataset_event' retrieved from /home/airflow/.local/lib/python3.12/site-packages/airflow/example_dags/example_inlet_event_extra.py
[2025-04-19T10:25:30.024+0000] {logging_mixin.py:190} INFO - [2025-04-19T10:25:30.023+0000] {dag.py:3239} INFO - Sync 2 DAGs
[2025-04-19T10:25:30.108+0000] {logging_mixin.py:190} INFO - [2025-04-19T10:25:30.106+0000] {dag.py:4180} INFO - Setting next_dagrun for read_dataset_event to 2025-04-18 00:00:00+00:00, run_after=2025-04-19 00:00:00+00:00
[2025-04-19T10:25:30.127+0000] {logging_mixin.py:190} INFO - [2025-04-19T10:25:30.126+0000] {dag.py:4180} INFO - Setting next_dagrun for read_dataset_event_from_classic to 2025-04-18 00:00:00+00:00, run_after=2025-04-19 00:00:00+00:00
[2025-04-19T10:25:30.170+0000] {processor.py:208} INFO - Processing /home/airflow/.local/lib/python3.12/site-packages/airflow/example_dags/example_inlet_event_extra.py took 1.387 seconds
[2025-04-19T10:26:00.940+0000] {processor.py:186} INFO - Started process (PID=939) to work on /home/airflow/.local/lib/python3.12/site-packages/airflow/example_dags/example_inlet_event_extra.py
[2025-04-19T10:26:00.949+0000] {processor.py:914} INFO - Processing file /home/airflow/.local/lib/python3.12/site-packages/airflow/example_dags/example_inlet_event_extra.py for tasks to queue
[2025-04-19T10:26:00.956+0000] {logging_mixin.py:190} INFO - [2025-04-19T10:26:00.956+0000] {dagbag.py:588} INFO - Filling up the DagBag from /home/airflow/.local/lib/python3.12/site-packages/airflow/example_dags/example_inlet_event_extra.py
[2025-04-19T10:26:01.989+0000] {processor.py:925} INFO - DAG(s) 'read_dataset_event', 'read_dataset_event_from_classic' retrieved from /home/airflow/.local/lib/python3.12/site-packages/airflow/example_dags/example_inlet_event_extra.py
[2025-04-19T10:26:02.035+0000] {logging_mixin.py:190} INFO - [2025-04-19T10:26:02.035+0000] {dag.py:3239} INFO - Sync 2 DAGs
[2025-04-19T10:26:02.089+0000] {logging_mixin.py:190} INFO - [2025-04-19T10:26:02.088+0000] {dag.py:4180} INFO - Setting next_dagrun for read_dataset_event to 2025-04-18 00:00:00+00:00, run_after=2025-04-19 00:00:00+00:00
[2025-04-19T10:26:02.098+0000] {logging_mixin.py:190} INFO - [2025-04-19T10:26:02.098+0000] {dag.py:4180} INFO - Setting next_dagrun for read_dataset_event_from_classic to 2025-04-18 00:00:00+00:00, run_after=2025-04-19 00:00:00+00:00
[2025-04-19T10:26:02.133+0000] {processor.py:208} INFO - Processing /home/airflow/.local/lib/python3.12/site-packages/airflow/example_dags/example_inlet_event_extra.py took 1.206 seconds
[2025-04-19T10:26:33.200+0000] {processor.py:186} INFO - Started process (PID=1005) to work on /home/airflow/.local/lib/python3.12/site-packages/airflow/example_dags/example_inlet_event_extra.py
[2025-04-19T10:26:33.201+0000] {processor.py:914} INFO - Processing file /home/airflow/.local/lib/python3.12/site-packages/airflow/example_dags/example_inlet_event_extra.py for tasks to queue
[2025-04-19T10:26:33.205+0000] {logging_mixin.py:190} INFO - [2025-04-19T10:26:33.204+0000] {dagbag.py:588} INFO - Filling up the DagBag from /home/airflow/.local/lib/python3.12/site-packages/airflow/example_dags/example_inlet_event_extra.py
[2025-04-19T10:26:34.290+0000] {processor.py:925} INFO - DAG(s) 'read_dataset_event', 'read_dataset_event_from_classic' retrieved from /home/airflow/.local/lib/python3.12/site-packages/airflow/example_dags/example_inlet_event_extra.py
[2025-04-19T10:26:34.385+0000] {logging_mixin.py:190} INFO - [2025-04-19T10:26:34.383+0000] {dag.py:3239} INFO - Sync 2 DAGs
[2025-04-19T10:26:34.499+0000] {logging_mixin.py:190} INFO - [2025-04-19T10:26:34.498+0000] {dag.py:4180} INFO - Setting next_dagrun for read_dataset_event to 2025-04-18 00:00:00+00:00, run_after=2025-04-19 00:00:00+00:00
[2025-04-19T10:26:34.510+0000] {logging_mixin.py:190} INFO - [2025-04-19T10:26:34.510+0000] {dag.py:4180} INFO - Setting next_dagrun for read_dataset_event_from_classic to 2025-04-18 00:00:00+00:00, run_after=2025-04-19 00:00:00+00:00
[2025-04-19T10:26:34.551+0000] {processor.py:208} INFO - Processing /home/airflow/.local/lib/python3.12/site-packages/airflow/example_dags/example_inlet_event_extra.py took 1.360 seconds
[2025-04-19T10:27:04.642+0000] {processor.py:186} INFO - Started process (PID=1076) to work on /home/airflow/.local/lib/python3.12/site-packages/airflow/example_dags/example_inlet_event_extra.py
[2025-04-19T10:27:04.645+0000] {processor.py:914} INFO - Processing file /home/airflow/.local/lib/python3.12/site-packages/airflow/example_dags/example_inlet_event_extra.py for tasks to queue
[2025-04-19T10:27:04.652+0000] {logging_mixin.py:190} INFO - [2025-04-19T10:27:04.651+0000] {dagbag.py:588} INFO - Filling up the DagBag from /home/airflow/.local/lib/python3.12/site-packages/airflow/example_dags/example_inlet_event_extra.py
[2025-04-19T10:27:05.885+0000] {processor.py:925} INFO - DAG(s) 'read_dataset_event', 'read_dataset_event_from_classic' retrieved from /home/airflow/.local/lib/python3.12/site-packages/airflow/example_dags/example_inlet_event_extra.py
[2025-04-19T10:27:05.932+0000] {logging_mixin.py:190} INFO - [2025-04-19T10:27:05.931+0000] {dag.py:3239} INFO - Sync 2 DAGs
[2025-04-19T10:27:05.977+0000] {logging_mixin.py:190} INFO - [2025-04-19T10:27:05.976+0000] {dag.py:4180} INFO - Setting next_dagrun for read_dataset_event to 2025-04-18 00:00:00+00:00, run_after=2025-04-19 00:00:00+00:00
[2025-04-19T10:27:05.990+0000] {logging_mixin.py:190} INFO - [2025-04-19T10:27:05.989+0000] {dag.py:4180} INFO - Setting next_dagrun for read_dataset_event_from_classic to 2025-04-18 00:00:00+00:00, run_after=2025-04-19 00:00:00+00:00
[2025-04-19T10:27:06.025+0000] {processor.py:208} INFO - Processing /home/airflow/.local/lib/python3.12/site-packages/airflow/example_dags/example_inlet_event_extra.py took 1.395 seconds
[2025-04-19T10:27:36.135+0000] {processor.py:186} INFO - Started process (PID=1139) to work on /home/airflow/.local/lib/python3.12/site-packages/airflow/example_dags/example_inlet_event_extra.py
[2025-04-19T10:27:36.138+0000] {processor.py:914} INFO - Processing file /home/airflow/.local/lib/python3.12/site-packages/airflow/example_dags/example_inlet_event_extra.py for tasks to queue
[2025-04-19T10:27:36.145+0000] {logging_mixin.py:190} INFO - [2025-04-19T10:27:36.144+0000] {dagbag.py:588} INFO - Filling up the DagBag from /home/airflow/.local/lib/python3.12/site-packages/airflow/example_dags/example_inlet_event_extra.py
[2025-04-19T10:27:37.285+0000] {processor.py:925} INFO - DAG(s) 'read_dataset_event_from_classic', 'read_dataset_event' retrieved from /home/airflow/.local/lib/python3.12/site-packages/airflow/example_dags/example_inlet_event_extra.py
[2025-04-19T10:27:37.325+0000] {logging_mixin.py:190} INFO - [2025-04-19T10:27:37.325+0000] {dag.py:3239} INFO - Sync 2 DAGs
[2025-04-19T10:27:37.370+0000] {logging_mixin.py:190} INFO - [2025-04-19T10:27:37.369+0000] {dag.py:4180} INFO - Setting next_dagrun for read_dataset_event to 2025-04-18 00:00:00+00:00, run_after=2025-04-19 00:00:00+00:00
[2025-04-19T10:27:37.383+0000] {logging_mixin.py:190} INFO - [2025-04-19T10:27:37.382+0000] {dag.py:4180} INFO - Setting next_dagrun for read_dataset_event_from_classic to 2025-04-18 00:00:00+00:00, run_after=2025-04-19 00:00:00+00:00
[2025-04-19T10:27:37.431+0000] {processor.py:208} INFO - Processing /home/airflow/.local/lib/python3.12/site-packages/airflow/example_dags/example_inlet_event_extra.py took 1.310 seconds
[2025-04-19T10:28:08.280+0000] {processor.py:186} INFO - Started process (PID=1203) to work on /home/airflow/.local/lib/python3.12/site-packages/airflow/example_dags/example_inlet_event_extra.py
[2025-04-19T10:28:08.283+0000] {processor.py:914} INFO - Processing file /home/airflow/.local/lib/python3.12/site-packages/airflow/example_dags/example_inlet_event_extra.py for tasks to queue
[2025-04-19T10:28:08.288+0000] {logging_mixin.py:190} INFO - [2025-04-19T10:28:08.288+0000] {dagbag.py:588} INFO - Filling up the DagBag from /home/airflow/.local/lib/python3.12/site-packages/airflow/example_dags/example_inlet_event_extra.py
[2025-04-19T10:28:09.548+0000] {processor.py:925} INFO - DAG(s) 'read_dataset_event_from_classic', 'read_dataset_event' retrieved from /home/airflow/.local/lib/python3.12/site-packages/airflow/example_dags/example_inlet_event_extra.py
[2025-04-19T10:28:09.618+0000] {logging_mixin.py:190} INFO - [2025-04-19T10:28:09.616+0000] {dag.py:3239} INFO - Sync 2 DAGs
[2025-04-19T10:28:09.714+0000] {logging_mixin.py:190} INFO - [2025-04-19T10:28:09.713+0000] {dag.py:4180} INFO - Setting next_dagrun for read_dataset_event to 2025-04-18 00:00:00+00:00, run_after=2025-04-19 00:00:00+00:00
[2025-04-19T10:28:09.729+0000] {logging_mixin.py:190} INFO - [2025-04-19T10:28:09.729+0000] {dag.py:4180} INFO - Setting next_dagrun for read_dataset_event_from_classic to 2025-04-18 00:00:00+00:00, run_after=2025-04-19 00:00:00+00:00
[2025-04-19T10:28:09.766+0000] {processor.py:208} INFO - Processing /home/airflow/.local/lib/python3.12/site-packages/airflow/example_dags/example_inlet_event_extra.py took 1.494 seconds
[2025-04-19T10:28:41.465+0000] {processor.py:186} INFO - Started process (PID=1269) to work on /home/airflow/.local/lib/python3.12/site-packages/airflow/example_dags/example_inlet_event_extra.py
[2025-04-19T10:28:41.469+0000] {processor.py:914} INFO - Processing file /home/airflow/.local/lib/python3.12/site-packages/airflow/example_dags/example_inlet_event_extra.py for tasks to queue
[2025-04-19T10:28:41.475+0000] {logging_mixin.py:190} INFO - [2025-04-19T10:28:41.474+0000] {dagbag.py:588} INFO - Filling up the DagBag from /home/airflow/.local/lib/python3.12/site-packages/airflow/example_dags/example_inlet_event_extra.py
[2025-04-19T10:28:42.518+0000] {processor.py:925} INFO - DAG(s) 'read_dataset_event', 'read_dataset_event_from_classic' retrieved from /home/airflow/.local/lib/python3.12/site-packages/airflow/example_dags/example_inlet_event_extra.py
[2025-04-19T10:28:42.567+0000] {logging_mixin.py:190} INFO - [2025-04-19T10:28:42.566+0000] {dag.py:3239} INFO - Sync 2 DAGs
[2025-04-19T10:28:42.651+0000] {logging_mixin.py:190} INFO - [2025-04-19T10:28:42.651+0000] {dag.py:4180} INFO - Setting next_dagrun for read_dataset_event to 2025-04-18 00:00:00+00:00, run_after=2025-04-19 00:00:00+00:00
[2025-04-19T10:28:42.668+0000] {logging_mixin.py:190} INFO - [2025-04-19T10:28:42.667+0000] {dag.py:4180} INFO - Setting next_dagrun for read_dataset_event_from_classic to 2025-04-18 00:00:00+00:00, run_after=2025-04-19 00:00:00+00:00
[2025-04-19T10:28:42.714+0000] {processor.py:208} INFO - Processing /home/airflow/.local/lib/python3.12/site-packages/airflow/example_dags/example_inlet_event_extra.py took 1.263 seconds
[2025-04-19T10:29:13.314+0000] {processor.py:186} INFO - Started process (PID=1336) to work on /home/airflow/.local/lib/python3.12/site-packages/airflow/example_dags/example_inlet_event_extra.py
[2025-04-19T10:29:13.318+0000] {processor.py:914} INFO - Processing file /home/airflow/.local/lib/python3.12/site-packages/airflow/example_dags/example_inlet_event_extra.py for tasks to queue
[2025-04-19T10:29:13.323+0000] {logging_mixin.py:190} INFO - [2025-04-19T10:29:13.322+0000] {dagbag.py:588} INFO - Filling up the DagBag from /home/airflow/.local/lib/python3.12/site-packages/airflow/example_dags/example_inlet_event_extra.py
[2025-04-19T10:29:14.490+0000] {processor.py:925} INFO - DAG(s) 'read_dataset_event', 'read_dataset_event_from_classic' retrieved from /home/airflow/.local/lib/python3.12/site-packages/airflow/example_dags/example_inlet_event_extra.py
[2025-04-19T10:29:14.519+0000] {logging_mixin.py:190} INFO - [2025-04-19T10:29:14.519+0000] {dag.py:3239} INFO - Sync 2 DAGs
[2025-04-19T10:29:14.558+0000] {logging_mixin.py:190} INFO - [2025-04-19T10:29:14.557+0000] {dag.py:4180} INFO - Setting next_dagrun for read_dataset_event to 2025-04-18 00:00:00+00:00, run_after=2025-04-19 00:00:00+00:00
[2025-04-19T10:29:14.567+0000] {logging_mixin.py:190} INFO - [2025-04-19T10:29:14.567+0000] {dag.py:4180} INFO - Setting next_dagrun for read_dataset_event_from_classic to 2025-04-18 00:00:00+00:00, run_after=2025-04-19 00:00:00+00:00
[2025-04-19T10:29:14.612+0000] {processor.py:208} INFO - Processing /home/airflow/.local/lib/python3.12/site-packages/airflow/example_dags/example_inlet_event_extra.py took 1.325 seconds
[2025-04-19T10:31:44.621+0000] {processor.py:186} INFO - Started process (PID=111) to work on /home/airflow/.local/lib/python3.12/site-packages/airflow/example_dags/example_inlet_event_extra.py
[2025-04-19T10:31:44.623+0000] {processor.py:914} INFO - Processing file /home/airflow/.local/lib/python3.12/site-packages/airflow/example_dags/example_inlet_event_extra.py for tasks to queue
[2025-04-19T10:31:44.629+0000] {logging_mixin.py:190} INFO - [2025-04-19T10:31:44.628+0000] {dagbag.py:588} INFO - Filling up the DagBag from /home/airflow/.local/lib/python3.12/site-packages/airflow/example_dags/example_inlet_event_extra.py
[2025-04-19T10:31:45.584+0000] {processor.py:925} INFO - DAG(s) 'read_dataset_event', 'read_dataset_event_from_classic' retrieved from /home/airflow/.local/lib/python3.12/site-packages/airflow/example_dags/example_inlet_event_extra.py
[2025-04-19T10:31:45.618+0000] {logging_mixin.py:190} INFO - [2025-04-19T10:31:45.617+0000] {dag.py:3239} INFO - Sync 2 DAGs
[2025-04-19T10:31:45.668+0000] {logging_mixin.py:190} INFO - [2025-04-19T10:31:45.667+0000] {dag.py:4180} INFO - Setting next_dagrun for read_dataset_event to 2025-04-18 00:00:00+00:00, run_after=2025-04-19 00:00:00+00:00
[2025-04-19T10:31:45.677+0000] {logging_mixin.py:190} INFO - [2025-04-19T10:31:45.677+0000] {dag.py:4180} INFO - Setting next_dagrun for read_dataset_event_from_classic to 2025-04-18 00:00:00+00:00, run_after=2025-04-19 00:00:00+00:00
[2025-04-19T10:31:45.712+0000] {processor.py:208} INFO - Processing /home/airflow/.local/lib/python3.12/site-packages/airflow/example_dags/example_inlet_event_extra.py took 1.104 seconds
[2025-04-19T10:32:16.269+0000] {processor.py:186} INFO - Started process (PID=174) to work on /home/airflow/.local/lib/python3.12/site-packages/airflow/example_dags/example_inlet_event_extra.py
[2025-04-19T10:32:16.273+0000] {processor.py:914} INFO - Processing file /home/airflow/.local/lib/python3.12/site-packages/airflow/example_dags/example_inlet_event_extra.py for tasks to queue
[2025-04-19T10:32:16.284+0000] {logging_mixin.py:190} INFO - [2025-04-19T10:32:16.282+0000] {dagbag.py:588} INFO - Filling up the DagBag from /home/airflow/.local/lib/python3.12/site-packages/airflow/example_dags/example_inlet_event_extra.py
[2025-04-19T10:32:17.592+0000] {processor.py:925} INFO - DAG(s) 'read_dataset_event_from_classic', 'read_dataset_event' retrieved from /home/airflow/.local/lib/python3.12/site-packages/airflow/example_dags/example_inlet_event_extra.py
[2025-04-19T10:32:17.648+0000] {logging_mixin.py:190} INFO - [2025-04-19T10:32:17.648+0000] {dag.py:3239} INFO - Sync 2 DAGs
[2025-04-19T10:32:17.752+0000] {logging_mixin.py:190} INFO - [2025-04-19T10:32:17.752+0000] {dag.py:4180} INFO - Setting next_dagrun for read_dataset_event to 2025-04-18 00:00:00+00:00, run_after=2025-04-19 00:00:00+00:00
[2025-04-19T10:32:17.767+0000] {logging_mixin.py:190} INFO - [2025-04-19T10:32:17.766+0000] {dag.py:4180} INFO - Setting next_dagrun for read_dataset_event_from_classic to 2025-04-18 00:00:00+00:00, run_after=2025-04-19 00:00:00+00:00
[2025-04-19T10:32:17.836+0000] {processor.py:208} INFO - Processing /home/airflow/.local/lib/python3.12/site-packages/airflow/example_dags/example_inlet_event_extra.py took 1.592 seconds
[2025-04-19T10:32:48.615+0000] {processor.py:186} INFO - Started process (PID=238) to work on /home/airflow/.local/lib/python3.12/site-packages/airflow/example_dags/example_inlet_event_extra.py
[2025-04-19T10:32:48.625+0000] {processor.py:914} INFO - Processing file /home/airflow/.local/lib/python3.12/site-packages/airflow/example_dags/example_inlet_event_extra.py for tasks to queue
[2025-04-19T10:32:48.646+0000] {logging_mixin.py:190} INFO - [2025-04-19T10:32:48.644+0000] {dagbag.py:588} INFO - Filling up the DagBag from /home/airflow/.local/lib/python3.12/site-packages/airflow/example_dags/example_inlet_event_extra.py
[2025-04-19T10:32:50.255+0000] {processor.py:925} INFO - DAG(s) 'read_dataset_event_from_classic', 'read_dataset_event' retrieved from /home/airflow/.local/lib/python3.12/site-packages/airflow/example_dags/example_inlet_event_extra.py
[2025-04-19T10:32:50.302+0000] {logging_mixin.py:190} INFO - [2025-04-19T10:32:50.301+0000] {dag.py:3239} INFO - Sync 2 DAGs
[2025-04-19T10:32:50.340+0000] {logging_mixin.py:190} INFO - [2025-04-19T10:32:50.340+0000] {dag.py:4180} INFO - Setting next_dagrun for read_dataset_event to 2025-04-18 00:00:00+00:00, run_after=2025-04-19 00:00:00+00:00
[2025-04-19T10:32:50.354+0000] {logging_mixin.py:190} INFO - [2025-04-19T10:32:50.354+0000] {dag.py:4180} INFO - Setting next_dagrun for read_dataset_event_from_classic to 2025-04-18 00:00:00+00:00, run_after=2025-04-19 00:00:00+00:00
[2025-04-19T10:32:50.395+0000] {processor.py:208} INFO - Processing /home/airflow/.local/lib/python3.12/site-packages/airflow/example_dags/example_inlet_event_extra.py took 1.804 seconds
[2025-04-19T10:33:20.647+0000] {processor.py:186} INFO - Started process (PID=302) to work on /home/airflow/.local/lib/python3.12/site-packages/airflow/example_dags/example_inlet_event_extra.py
[2025-04-19T10:33:20.649+0000] {processor.py:914} INFO - Processing file /home/airflow/.local/lib/python3.12/site-packages/airflow/example_dags/example_inlet_event_extra.py for tasks to queue
[2025-04-19T10:33:20.656+0000] {logging_mixin.py:190} INFO - [2025-04-19T10:33:20.655+0000] {dagbag.py:588} INFO - Filling up the DagBag from /home/airflow/.local/lib/python3.12/site-packages/airflow/example_dags/example_inlet_event_extra.py
[2025-04-19T10:33:21.836+0000] {processor.py:925} INFO - DAG(s) 'read_dataset_event_from_classic', 'read_dataset_event' retrieved from /home/airflow/.local/lib/python3.12/site-packages/airflow/example_dags/example_inlet_event_extra.py
[2025-04-19T10:33:21.881+0000] {logging_mixin.py:190} INFO - [2025-04-19T10:33:21.880+0000] {dag.py:3239} INFO - Sync 2 DAGs
[2025-04-19T10:33:21.933+0000] {logging_mixin.py:190} INFO - [2025-04-19T10:33:21.933+0000] {dag.py:4180} INFO - Setting next_dagrun for read_dataset_event to 2025-04-18 00:00:00+00:00, run_after=2025-04-19 00:00:00+00:00
[2025-04-19T10:33:21.947+0000] {logging_mixin.py:190} INFO - [2025-04-19T10:33:21.947+0000] {dag.py:4180} INFO - Setting next_dagrun for read_dataset_event_from_classic to 2025-04-18 00:00:00+00:00, run_after=2025-04-19 00:00:00+00:00
[2025-04-19T10:33:21.990+0000] {processor.py:208} INFO - Processing /home/airflow/.local/lib/python3.12/site-packages/airflow/example_dags/example_inlet_event_extra.py took 1.352 seconds
[2025-04-19T10:33:52.731+0000] {processor.py:186} INFO - Started process (PID=365) to work on /home/airflow/.local/lib/python3.12/site-packages/airflow/example_dags/example_inlet_event_extra.py
[2025-04-19T10:33:52.735+0000] {processor.py:914} INFO - Processing file /home/airflow/.local/lib/python3.12/site-packages/airflow/example_dags/example_inlet_event_extra.py for tasks to queue
[2025-04-19T10:33:52.752+0000] {logging_mixin.py:190} INFO - [2025-04-19T10:33:52.748+0000] {dagbag.py:588} INFO - Filling up the DagBag from /home/airflow/.local/lib/python3.12/site-packages/airflow/example_dags/example_inlet_event_extra.py
[2025-04-19T10:33:54.815+0000] {processor.py:925} INFO - DAG(s) 'read_dataset_event_from_classic', 'read_dataset_event' retrieved from /home/airflow/.local/lib/python3.12/site-packages/airflow/example_dags/example_inlet_event_extra.py
[2025-04-19T10:33:54.896+0000] {logging_mixin.py:190} INFO - [2025-04-19T10:33:54.895+0000] {dag.py:3239} INFO - Sync 2 DAGs
[2025-04-19T10:33:54.996+0000] {logging_mixin.py:190} INFO - [2025-04-19T10:33:54.995+0000] {dag.py:4180} INFO - Setting next_dagrun for read_dataset_event to 2025-04-18 00:00:00+00:00, run_after=2025-04-19 00:00:00+00:00
[2025-04-19T10:33:55.011+0000] {logging_mixin.py:190} INFO - [2025-04-19T10:33:55.010+0000] {dag.py:4180} INFO - Setting next_dagrun for read_dataset_event_from_classic to 2025-04-18 00:00:00+00:00, run_after=2025-04-19 00:00:00+00:00
[2025-04-19T10:33:55.060+0000] {processor.py:208} INFO - Processing /home/airflow/.local/lib/python3.12/site-packages/airflow/example_dags/example_inlet_event_extra.py took 2.365 seconds
