[2025-04-19T10:19:06.407+0000] {processor.py:186} INFO - Started process (PID=104) to work on /home/airflow/.local/lib/python3.12/site-packages/airflow/example_dags/example_latest_only.py
[2025-04-19T10:19:06.409+0000] {processor.py:914} INFO - Processing file /home/airflow/.local/lib/python3.12/site-packages/airflow/example_dags/example_latest_only.py for tasks to queue
[2025-04-19T10:19:06.417+0000] {logging_mixin.py:190} INFO - [2025-04-19T10:19:06.416+0000] {dagbag.py:588} INFO - Filling up the DagBag from /home/airflow/.local/lib/python3.12/site-packages/airflow/example_dags/example_latest_only.py
[2025-04-19T10:19:06.437+0000] {processor.py:925} INFO - DAG(s) 'latest_only' retrieved from /home/airflow/.local/lib/python3.12/site-packages/airflow/example_dags/example_latest_only.py
[2025-04-19T10:19:06.704+0000] {logging_mixin.py:190} INFO - [2025-04-19T10:19:06.702+0000] {override.py:1912} INFO - Created Permission View: can delete on DAG:latest_only
[2025-04-19T10:19:06.728+0000] {logging_mixin.py:190} INFO - [2025-04-19T10:19:06.727+0000] {override.py:1912} INFO - Created Permission View: can read on DAG:latest_only
[2025-04-19T10:19:06.744+0000] {logging_mixin.py:190} INFO - [2025-04-19T10:19:06.743+0000] {override.py:1912} INFO - Created Permission View: can edit on DAG:latest_only
[2025-04-19T10:19:06.762+0000] {logging_mixin.py:190} INFO - [2025-04-19T10:19:06.761+0000] {override.py:1912} INFO - Created Permission View: can delete on DAG Run:latest_only
[2025-04-19T10:19:06.778+0000] {logging_mixin.py:190} INFO - [2025-04-19T10:19:06.777+0000] {override.py:1912} INFO - Created Permission View: can read on DAG Run:latest_only
[2025-04-19T10:19:06.795+0000] {logging_mixin.py:190} INFO - [2025-04-19T10:19:06.794+0000] {override.py:1912} INFO - Created Permission View: menu access on DAG Run:latest_only
[2025-04-19T10:19:06.812+0000] {logging_mixin.py:190} INFO - [2025-04-19T10:19:06.811+0000] {override.py:1912} INFO - Created Permission View: can create on DAG Run:latest_only
[2025-04-19T10:19:06.814+0000] {logging_mixin.py:190} INFO - [2025-04-19T10:19:06.813+0000] {dag.py:3239} INFO - Sync 1 DAGs
[2025-04-19T10:19:06.842+0000] {logging_mixin.py:190} INFO - [2025-04-19T10:19:06.841+0000] {dag.py:3262} INFO - Creating ORM DAG for latest_only
[2025-04-19T10:19:06.863+0000] {logging_mixin.py:190} INFO - [2025-04-19T10:19:06.863+0000] {dag.py:4180} INFO - Setting next_dagrun for latest_only to 2025-04-19 04:00:00+00:00, run_after=2025-04-19 08:00:00+00:00
[2025-04-19T10:19:06.897+0000] {processor.py:208} INFO - Processing /home/airflow/.local/lib/python3.12/site-packages/airflow/example_dags/example_latest_only.py took 0.504 seconds
[2025-04-19T10:19:37.118+0000] {processor.py:186} INFO - Started process (PID=167) to work on /home/airflow/.local/lib/python3.12/site-packages/airflow/example_dags/example_latest_only.py
[2025-04-19T10:19:37.120+0000] {processor.py:914} INFO - Processing file /home/airflow/.local/lib/python3.12/site-packages/airflow/example_dags/example_latest_only.py for tasks to queue
[2025-04-19T10:19:37.126+0000] {logging_mixin.py:190} INFO - [2025-04-19T10:19:37.125+0000] {dagbag.py:588} INFO - Filling up the DagBag from /home/airflow/.local/lib/python3.12/site-packages/airflow/example_dags/example_latest_only.py
[2025-04-19T10:19:37.140+0000] {processor.py:925} INFO - DAG(s) 'latest_only' retrieved from /home/airflow/.local/lib/python3.12/site-packages/airflow/example_dags/example_latest_only.py
[2025-04-19T10:19:37.173+0000] {logging_mixin.py:190} INFO - [2025-04-19T10:19:37.172+0000] {dag.py:3239} INFO - Sync 1 DAGs
[2025-04-19T10:19:37.209+0000] {logging_mixin.py:190} INFO - [2025-04-19T10:19:37.208+0000] {dag.py:4180} INFO - Setting next_dagrun for latest_only to 2025-04-19 04:00:00+00:00, run_after=2025-04-19 08:00:00+00:00
[2025-04-19T10:19:37.241+0000] {processor.py:208} INFO - Processing /home/airflow/.local/lib/python3.12/site-packages/airflow/example_dags/example_latest_only.py took 0.141 seconds
[2025-04-19T10:20:07.843+0000] {processor.py:186} INFO - Started process (PID=230) to work on /home/airflow/.local/lib/python3.12/site-packages/airflow/example_dags/example_latest_only.py
[2025-04-19T10:20:07.845+0000] {processor.py:914} INFO - Processing file /home/airflow/.local/lib/python3.12/site-packages/airflow/example_dags/example_latest_only.py for tasks to queue
[2025-04-19T10:20:07.850+0000] {logging_mixin.py:190} INFO - [2025-04-19T10:20:07.849+0000] {dagbag.py:588} INFO - Filling up the DagBag from /home/airflow/.local/lib/python3.12/site-packages/airflow/example_dags/example_latest_only.py
[2025-04-19T10:20:07.860+0000] {processor.py:925} INFO - DAG(s) 'latest_only' retrieved from /home/airflow/.local/lib/python3.12/site-packages/airflow/example_dags/example_latest_only.py
[2025-04-19T10:20:07.906+0000] {logging_mixin.py:190} INFO - [2025-04-19T10:20:07.906+0000] {dag.py:3239} INFO - Sync 1 DAGs
[2025-04-19T10:20:07.954+0000] {logging_mixin.py:190} INFO - [2025-04-19T10:20:07.954+0000] {dag.py:4180} INFO - Setting next_dagrun for latest_only to 2025-04-19 04:00:00+00:00, run_after=2025-04-19 08:00:00+00:00
[2025-04-19T10:20:07.999+0000] {processor.py:208} INFO - Processing /home/airflow/.local/lib/python3.12/site-packages/airflow/example_dags/example_latest_only.py took 0.164 seconds
[2025-04-19T10:20:38.563+0000] {processor.py:186} INFO - Started process (PID=293) to work on /home/airflow/.local/lib/python3.12/site-packages/airflow/example_dags/example_latest_only.py
[2025-04-19T10:20:38.566+0000] {processor.py:914} INFO - Processing file /home/airflow/.local/lib/python3.12/site-packages/airflow/example_dags/example_latest_only.py for tasks to queue
[2025-04-19T10:20:38.573+0000] {logging_mixin.py:190} INFO - [2025-04-19T10:20:38.572+0000] {dagbag.py:588} INFO - Filling up the DagBag from /home/airflow/.local/lib/python3.12/site-packages/airflow/example_dags/example_latest_only.py
[2025-04-19T10:20:38.588+0000] {processor.py:925} INFO - DAG(s) 'latest_only' retrieved from /home/airflow/.local/lib/python3.12/site-packages/airflow/example_dags/example_latest_only.py
[2025-04-19T10:20:38.633+0000] {logging_mixin.py:190} INFO - [2025-04-19T10:20:38.633+0000] {dag.py:3239} INFO - Sync 1 DAGs
[2025-04-19T10:20:38.682+0000] {logging_mixin.py:190} INFO - [2025-04-19T10:20:38.682+0000] {dag.py:4180} INFO - Setting next_dagrun for latest_only to 2025-04-19 04:00:00+00:00, run_after=2025-04-19 08:00:00+00:00
[2025-04-19T10:20:38.745+0000] {processor.py:208} INFO - Processing /home/airflow/.local/lib/python3.12/site-packages/airflow/example_dags/example_latest_only.py took 0.197 seconds
[2025-04-19T10:21:08.966+0000] {processor.py:186} INFO - Started process (PID=356) to work on /home/airflow/.local/lib/python3.12/site-packages/airflow/example_dags/example_latest_only.py
[2025-04-19T10:21:08.970+0000] {processor.py:914} INFO - Processing file /home/airflow/.local/lib/python3.12/site-packages/airflow/example_dags/example_latest_only.py for tasks to queue
[2025-04-19T10:21:08.975+0000] {logging_mixin.py:190} INFO - [2025-04-19T10:21:08.974+0000] {dagbag.py:588} INFO - Filling up the DagBag from /home/airflow/.local/lib/python3.12/site-packages/airflow/example_dags/example_latest_only.py
[2025-04-19T10:21:08.986+0000] {processor.py:925} INFO - DAG(s) 'latest_only' retrieved from /home/airflow/.local/lib/python3.12/site-packages/airflow/example_dags/example_latest_only.py
[2025-04-19T10:21:09.021+0000] {logging_mixin.py:190} INFO - [2025-04-19T10:21:09.020+0000] {dag.py:3239} INFO - Sync 1 DAGs
[2025-04-19T10:21:09.064+0000] {logging_mixin.py:190} INFO - [2025-04-19T10:21:09.063+0000] {dag.py:4180} INFO - Setting next_dagrun for latest_only to 2025-04-19 04:00:00+00:00, run_after=2025-04-19 08:00:00+00:00
[2025-04-19T10:21:09.094+0000] {processor.py:208} INFO - Processing /home/airflow/.local/lib/python3.12/site-packages/airflow/example_dags/example_latest_only.py took 0.136 seconds
[2025-04-19T10:21:39.447+0000] {processor.py:186} INFO - Started process (PID=419) to work on /home/airflow/.local/lib/python3.12/site-packages/airflow/example_dags/example_latest_only.py
[2025-04-19T10:21:39.449+0000] {processor.py:914} INFO - Processing file /home/airflow/.local/lib/python3.12/site-packages/airflow/example_dags/example_latest_only.py for tasks to queue
[2025-04-19T10:21:39.457+0000] {logging_mixin.py:190} INFO - [2025-04-19T10:21:39.456+0000] {dagbag.py:588} INFO - Filling up the DagBag from /home/airflow/.local/lib/python3.12/site-packages/airflow/example_dags/example_latest_only.py
[2025-04-19T10:21:39.474+0000] {processor.py:925} INFO - DAG(s) 'latest_only' retrieved from /home/airflow/.local/lib/python3.12/site-packages/airflow/example_dags/example_latest_only.py
[2025-04-19T10:21:39.519+0000] {logging_mixin.py:190} INFO - [2025-04-19T10:21:39.519+0000] {dag.py:3239} INFO - Sync 1 DAGs
[2025-04-19T10:21:39.564+0000] {logging_mixin.py:190} INFO - [2025-04-19T10:21:39.564+0000] {dag.py:4180} INFO - Setting next_dagrun for latest_only to 2025-04-19 04:00:00+00:00, run_after=2025-04-19 08:00:00+00:00
[2025-04-19T10:21:39.611+0000] {processor.py:208} INFO - Processing /home/airflow/.local/lib/python3.12/site-packages/airflow/example_dags/example_latest_only.py took 0.179 seconds
[2025-04-19T10:22:10.115+0000] {processor.py:186} INFO - Started process (PID=482) to work on /home/airflow/.local/lib/python3.12/site-packages/airflow/example_dags/example_latest_only.py
[2025-04-19T10:22:10.117+0000] {processor.py:914} INFO - Processing file /home/airflow/.local/lib/python3.12/site-packages/airflow/example_dags/example_latest_only.py for tasks to queue
[2025-04-19T10:22:10.123+0000] {logging_mixin.py:190} INFO - [2025-04-19T10:22:10.123+0000] {dagbag.py:588} INFO - Filling up the DagBag from /home/airflow/.local/lib/python3.12/site-packages/airflow/example_dags/example_latest_only.py
[2025-04-19T10:22:10.142+0000] {processor.py:925} INFO - DAG(s) 'latest_only' retrieved from /home/airflow/.local/lib/python3.12/site-packages/airflow/example_dags/example_latest_only.py
[2025-04-19T10:22:10.179+0000] {logging_mixin.py:190} INFO - [2025-04-19T10:22:10.179+0000] {dag.py:3239} INFO - Sync 1 DAGs
[2025-04-19T10:22:10.222+0000] {logging_mixin.py:190} INFO - [2025-04-19T10:22:10.222+0000] {dag.py:4180} INFO - Setting next_dagrun for latest_only to 2025-04-19 04:00:00+00:00, run_after=2025-04-19 08:00:00+00:00
[2025-04-19T10:22:10.262+0000] {processor.py:208} INFO - Processing /home/airflow/.local/lib/python3.12/site-packages/airflow/example_dags/example_latest_only.py took 0.156 seconds
[2025-04-19T10:22:40.589+0000] {processor.py:186} INFO - Started process (PID=543) to work on /home/airflow/.local/lib/python3.12/site-packages/airflow/example_dags/example_latest_only.py
[2025-04-19T10:22:40.591+0000] {processor.py:914} INFO - Processing file /home/airflow/.local/lib/python3.12/site-packages/airflow/example_dags/example_latest_only.py for tasks to queue
[2025-04-19T10:22:40.597+0000] {logging_mixin.py:190} INFO - [2025-04-19T10:22:40.596+0000] {dagbag.py:588} INFO - Filling up the DagBag from /home/airflow/.local/lib/python3.12/site-packages/airflow/example_dags/example_latest_only.py
[2025-04-19T10:22:40.613+0000] {processor.py:925} INFO - DAG(s) 'latest_only' retrieved from /home/airflow/.local/lib/python3.12/site-packages/airflow/example_dags/example_latest_only.py
[2025-04-19T10:22:40.651+0000] {logging_mixin.py:190} INFO - [2025-04-19T10:22:40.650+0000] {dag.py:3239} INFO - Sync 1 DAGs
[2025-04-19T10:22:40.697+0000] {logging_mixin.py:190} INFO - [2025-04-19T10:22:40.697+0000] {dag.py:4180} INFO - Setting next_dagrun for latest_only to 2025-04-19 04:00:00+00:00, run_after=2025-04-19 08:00:00+00:00
[2025-04-19T10:22:40.738+0000] {processor.py:208} INFO - Processing /home/airflow/.local/lib/python3.12/site-packages/airflow/example_dags/example_latest_only.py took 0.161 seconds
[2025-04-19T10:23:11.590+0000] {processor.py:186} INFO - Started process (PID=605) to work on /home/airflow/.local/lib/python3.12/site-packages/airflow/example_dags/example_latest_only.py
[2025-04-19T10:23:11.594+0000] {processor.py:914} INFO - Processing file /home/airflow/.local/lib/python3.12/site-packages/airflow/example_dags/example_latest_only.py for tasks to queue
[2025-04-19T10:23:11.599+0000] {logging_mixin.py:190} INFO - [2025-04-19T10:23:11.598+0000] {dagbag.py:588} INFO - Filling up the DagBag from /home/airflow/.local/lib/python3.12/site-packages/airflow/example_dags/example_latest_only.py
[2025-04-19T10:23:11.615+0000] {processor.py:925} INFO - DAG(s) 'latest_only' retrieved from /home/airflow/.local/lib/python3.12/site-packages/airflow/example_dags/example_latest_only.py
[2025-04-19T10:23:11.658+0000] {logging_mixin.py:190} INFO - [2025-04-19T10:23:11.657+0000] {dag.py:3239} INFO - Sync 1 DAGs
[2025-04-19T10:23:11.704+0000] {logging_mixin.py:190} INFO - [2025-04-19T10:23:11.703+0000] {dag.py:4180} INFO - Setting next_dagrun for latest_only to 2025-04-19 04:00:00+00:00, run_after=2025-04-19 08:00:00+00:00
[2025-04-19T10:23:11.762+0000] {processor.py:208} INFO - Processing /home/airflow/.local/lib/python3.12/site-packages/airflow/example_dags/example_latest_only.py took 0.194 seconds
[2025-04-19T10:23:42.107+0000] {processor.py:186} INFO - Started process (PID=675) to work on /home/airflow/.local/lib/python3.12/site-packages/airflow/example_dags/example_latest_only.py
[2025-04-19T10:23:42.111+0000] {processor.py:914} INFO - Processing file /home/airflow/.local/lib/python3.12/site-packages/airflow/example_dags/example_latest_only.py for tasks to queue
[2025-04-19T10:23:42.118+0000] {logging_mixin.py:190} INFO - [2025-04-19T10:23:42.117+0000] {dagbag.py:588} INFO - Filling up the DagBag from /home/airflow/.local/lib/python3.12/site-packages/airflow/example_dags/example_latest_only.py
[2025-04-19T10:23:42.134+0000] {processor.py:925} INFO - DAG(s) 'latest_only' retrieved from /home/airflow/.local/lib/python3.12/site-packages/airflow/example_dags/example_latest_only.py
[2025-04-19T10:23:42.189+0000] {logging_mixin.py:190} INFO - [2025-04-19T10:23:42.188+0000] {dag.py:3239} INFO - Sync 1 DAGs
[2025-04-19T10:23:42.275+0000] {logging_mixin.py:190} INFO - [2025-04-19T10:23:42.274+0000] {dag.py:4180} INFO - Setting next_dagrun for latest_only to 2025-04-19 04:00:00+00:00, run_after=2025-04-19 08:00:00+00:00
[2025-04-19T10:23:42.327+0000] {processor.py:208} INFO - Processing /home/airflow/.local/lib/python3.12/site-packages/airflow/example_dags/example_latest_only.py took 0.235 seconds
[2025-04-19T10:24:12.576+0000] {processor.py:186} INFO - Started process (PID=738) to work on /home/airflow/.local/lib/python3.12/site-packages/airflow/example_dags/example_latest_only.py
[2025-04-19T10:24:12.581+0000] {processor.py:914} INFO - Processing file /home/airflow/.local/lib/python3.12/site-packages/airflow/example_dags/example_latest_only.py for tasks to queue
[2025-04-19T10:24:12.593+0000] {logging_mixin.py:190} INFO - [2025-04-19T10:24:12.591+0000] {dagbag.py:588} INFO - Filling up the DagBag from /home/airflow/.local/lib/python3.12/site-packages/airflow/example_dags/example_latest_only.py
[2025-04-19T10:24:12.620+0000] {processor.py:925} INFO - DAG(s) 'latest_only' retrieved from /home/airflow/.local/lib/python3.12/site-packages/airflow/example_dags/example_latest_only.py
[2025-04-19T10:24:12.690+0000] {logging_mixin.py:190} INFO - [2025-04-19T10:24:12.689+0000] {dag.py:3239} INFO - Sync 1 DAGs
[2025-04-19T10:24:12.728+0000] {logging_mixin.py:190} INFO - [2025-04-19T10:24:12.728+0000] {dag.py:4180} INFO - Setting next_dagrun for latest_only to 2025-04-19 04:00:00+00:00, run_after=2025-04-19 08:00:00+00:00
[2025-04-19T10:24:12.764+0000] {processor.py:208} INFO - Processing /home/airflow/.local/lib/python3.12/site-packages/airflow/example_dags/example_latest_only.py took 0.209 seconds
[2025-04-19T10:24:43.261+0000] {processor.py:186} INFO - Started process (PID=802) to work on /home/airflow/.local/lib/python3.12/site-packages/airflow/example_dags/example_latest_only.py
[2025-04-19T10:24:43.263+0000] {processor.py:914} INFO - Processing file /home/airflow/.local/lib/python3.12/site-packages/airflow/example_dags/example_latest_only.py for tasks to queue
[2025-04-19T10:24:43.275+0000] {logging_mixin.py:190} INFO - [2025-04-19T10:24:43.274+0000] {dagbag.py:588} INFO - Filling up the DagBag from /home/airflow/.local/lib/python3.12/site-packages/airflow/example_dags/example_latest_only.py
[2025-04-19T10:24:43.287+0000] {processor.py:925} INFO - DAG(s) 'latest_only' retrieved from /home/airflow/.local/lib/python3.12/site-packages/airflow/example_dags/example_latest_only.py
[2025-04-19T10:24:43.326+0000] {logging_mixin.py:190} INFO - [2025-04-19T10:24:43.325+0000] {dag.py:3239} INFO - Sync 1 DAGs
[2025-04-19T10:24:43.380+0000] {logging_mixin.py:190} INFO - [2025-04-19T10:24:43.379+0000] {dag.py:4180} INFO - Setting next_dagrun for latest_only to 2025-04-19 04:00:00+00:00, run_after=2025-04-19 08:00:00+00:00
[2025-04-19T10:24:43.413+0000] {processor.py:208} INFO - Processing /home/airflow/.local/lib/python3.12/site-packages/airflow/example_dags/example_latest_only.py took 0.173 seconds
[2025-04-19T10:25:13.574+0000] {processor.py:186} INFO - Started process (PID=865) to work on /home/airflow/.local/lib/python3.12/site-packages/airflow/example_dags/example_latest_only.py
[2025-04-19T10:25:13.577+0000] {processor.py:914} INFO - Processing file /home/airflow/.local/lib/python3.12/site-packages/airflow/example_dags/example_latest_only.py for tasks to queue
[2025-04-19T10:25:13.583+0000] {logging_mixin.py:190} INFO - [2025-04-19T10:25:13.582+0000] {dagbag.py:588} INFO - Filling up the DagBag from /home/airflow/.local/lib/python3.12/site-packages/airflow/example_dags/example_latest_only.py
[2025-04-19T10:25:13.595+0000] {processor.py:925} INFO - DAG(s) 'latest_only' retrieved from /home/airflow/.local/lib/python3.12/site-packages/airflow/example_dags/example_latest_only.py
[2025-04-19T10:25:13.630+0000] {logging_mixin.py:190} INFO - [2025-04-19T10:25:13.630+0000] {dag.py:3239} INFO - Sync 1 DAGs
[2025-04-19T10:25:13.669+0000] {logging_mixin.py:190} INFO - [2025-04-19T10:25:13.669+0000] {dag.py:4180} INFO - Setting next_dagrun for latest_only to 2025-04-19 04:00:00+00:00, run_after=2025-04-19 08:00:00+00:00
[2025-04-19T10:25:13.702+0000] {processor.py:208} INFO - Processing /home/airflow/.local/lib/python3.12/site-packages/airflow/example_dags/example_latest_only.py took 0.139 seconds
[2025-04-19T10:25:44.034+0000] {processor.py:186} INFO - Started process (PID=927) to work on /home/airflow/.local/lib/python3.12/site-packages/airflow/example_dags/example_latest_only.py
[2025-04-19T10:25:44.039+0000] {processor.py:914} INFO - Processing file /home/airflow/.local/lib/python3.12/site-packages/airflow/example_dags/example_latest_only.py for tasks to queue
[2025-04-19T10:25:44.048+0000] {logging_mixin.py:190} INFO - [2025-04-19T10:25:44.047+0000] {dagbag.py:588} INFO - Filling up the DagBag from /home/airflow/.local/lib/python3.12/site-packages/airflow/example_dags/example_latest_only.py
[2025-04-19T10:25:44.082+0000] {processor.py:925} INFO - DAG(s) 'latest_only' retrieved from /home/airflow/.local/lib/python3.12/site-packages/airflow/example_dags/example_latest_only.py
[2025-04-19T10:25:44.170+0000] {logging_mixin.py:190} INFO - [2025-04-19T10:25:44.170+0000] {dag.py:3239} INFO - Sync 1 DAGs
[2025-04-19T10:25:44.223+0000] {logging_mixin.py:190} INFO - [2025-04-19T10:25:44.223+0000] {dag.py:4180} INFO - Setting next_dagrun for latest_only to 2025-04-19 04:00:00+00:00, run_after=2025-04-19 08:00:00+00:00
[2025-04-19T10:25:44.257+0000] {processor.py:208} INFO - Processing /home/airflow/.local/lib/python3.12/site-packages/airflow/example_dags/example_latest_only.py took 0.247 seconds
[2025-04-19T10:26:14.463+0000] {processor.py:186} INFO - Started process (PID=990) to work on /home/airflow/.local/lib/python3.12/site-packages/airflow/example_dags/example_latest_only.py
[2025-04-19T10:26:14.468+0000] {processor.py:914} INFO - Processing file /home/airflow/.local/lib/python3.12/site-packages/airflow/example_dags/example_latest_only.py for tasks to queue
[2025-04-19T10:26:14.483+0000] {logging_mixin.py:190} INFO - [2025-04-19T10:26:14.480+0000] {dagbag.py:588} INFO - Filling up the DagBag from /home/airflow/.local/lib/python3.12/site-packages/airflow/example_dags/example_latest_only.py
[2025-04-19T10:26:14.510+0000] {processor.py:925} INFO - DAG(s) 'latest_only' retrieved from /home/airflow/.local/lib/python3.12/site-packages/airflow/example_dags/example_latest_only.py
[2025-04-19T10:26:14.581+0000] {logging_mixin.py:190} INFO - [2025-04-19T10:26:14.579+0000] {dag.py:3239} INFO - Sync 1 DAGs
[2025-04-19T10:26:14.654+0000] {logging_mixin.py:190} INFO - [2025-04-19T10:26:14.653+0000] {dag.py:4180} INFO - Setting next_dagrun for latest_only to 2025-04-19 04:00:00+00:00, run_after=2025-04-19 08:00:00+00:00
[2025-04-19T10:26:14.699+0000] {processor.py:208} INFO - Processing /home/airflow/.local/lib/python3.12/site-packages/airflow/example_dags/example_latest_only.py took 0.256 seconds
[2025-04-19T10:26:45.536+0000] {processor.py:186} INFO - Started process (PID=1053) to work on /home/airflow/.local/lib/python3.12/site-packages/airflow/example_dags/example_latest_only.py
[2025-04-19T10:26:45.539+0000] {processor.py:914} INFO - Processing file /home/airflow/.local/lib/python3.12/site-packages/airflow/example_dags/example_latest_only.py for tasks to queue
[2025-04-19T10:26:45.543+0000] {logging_mixin.py:190} INFO - [2025-04-19T10:26:45.543+0000] {dagbag.py:588} INFO - Filling up the DagBag from /home/airflow/.local/lib/python3.12/site-packages/airflow/example_dags/example_latest_only.py
[2025-04-19T10:26:45.554+0000] {processor.py:925} INFO - DAG(s) 'latest_only' retrieved from /home/airflow/.local/lib/python3.12/site-packages/airflow/example_dags/example_latest_only.py
[2025-04-19T10:26:45.601+0000] {logging_mixin.py:190} INFO - [2025-04-19T10:26:45.600+0000] {dag.py:3239} INFO - Sync 1 DAGs
[2025-04-19T10:26:45.652+0000] {logging_mixin.py:190} INFO - [2025-04-19T10:26:45.652+0000] {dag.py:4180} INFO - Setting next_dagrun for latest_only to 2025-04-19 04:00:00+00:00, run_after=2025-04-19 08:00:00+00:00
[2025-04-19T10:26:45.697+0000] {processor.py:208} INFO - Processing /home/airflow/.local/lib/python3.12/site-packages/airflow/example_dags/example_latest_only.py took 0.176 seconds
[2025-04-19T10:27:16.549+0000] {processor.py:186} INFO - Started process (PID=1118) to work on /home/airflow/.local/lib/python3.12/site-packages/airflow/example_dags/example_latest_only.py
[2025-04-19T10:27:16.551+0000] {processor.py:914} INFO - Processing file /home/airflow/.local/lib/python3.12/site-packages/airflow/example_dags/example_latest_only.py for tasks to queue
[2025-04-19T10:27:16.556+0000] {logging_mixin.py:190} INFO - [2025-04-19T10:27:16.555+0000] {dagbag.py:588} INFO - Filling up the DagBag from /home/airflow/.local/lib/python3.12/site-packages/airflow/example_dags/example_latest_only.py
[2025-04-19T10:27:16.574+0000] {processor.py:925} INFO - DAG(s) 'latest_only' retrieved from /home/airflow/.local/lib/python3.12/site-packages/airflow/example_dags/example_latest_only.py
[2025-04-19T10:27:16.614+0000] {logging_mixin.py:190} INFO - [2025-04-19T10:27:16.614+0000] {dag.py:3239} INFO - Sync 1 DAGs
[2025-04-19T10:27:16.672+0000] {logging_mixin.py:190} INFO - [2025-04-19T10:27:16.672+0000] {dag.py:4180} INFO - Setting next_dagrun for latest_only to 2025-04-19 04:00:00+00:00, run_after=2025-04-19 08:00:00+00:00
[2025-04-19T10:27:16.724+0000] {processor.py:208} INFO - Processing /home/airflow/.local/lib/python3.12/site-packages/airflow/example_dags/example_latest_only.py took 0.184 seconds
[2025-04-19T10:27:47.670+0000] {processor.py:186} INFO - Started process (PID=1181) to work on /home/airflow/.local/lib/python3.12/site-packages/airflow/example_dags/example_latest_only.py
[2025-04-19T10:27:47.673+0000] {processor.py:914} INFO - Processing file /home/airflow/.local/lib/python3.12/site-packages/airflow/example_dags/example_latest_only.py for tasks to queue
[2025-04-19T10:27:47.685+0000] {logging_mixin.py:190} INFO - [2025-04-19T10:27:47.683+0000] {dagbag.py:588} INFO - Filling up the DagBag from /home/airflow/.local/lib/python3.12/site-packages/airflow/example_dags/example_latest_only.py
[2025-04-19T10:27:47.716+0000] {processor.py:925} INFO - DAG(s) 'latest_only' retrieved from /home/airflow/.local/lib/python3.12/site-packages/airflow/example_dags/example_latest_only.py
[2025-04-19T10:27:47.793+0000] {logging_mixin.py:190} INFO - [2025-04-19T10:27:47.792+0000] {dag.py:3239} INFO - Sync 1 DAGs
[2025-04-19T10:27:47.868+0000] {logging_mixin.py:190} INFO - [2025-04-19T10:27:47.866+0000] {dag.py:4180} INFO - Setting next_dagrun for latest_only to 2025-04-19 04:00:00+00:00, run_after=2025-04-19 08:00:00+00:00
[2025-04-19T10:27:47.944+0000] {processor.py:208} INFO - Processing /home/airflow/.local/lib/python3.12/site-packages/airflow/example_dags/example_latest_only.py took 0.284 seconds
[2025-04-19T10:28:18.449+0000] {processor.py:186} INFO - Started process (PID=1243) to work on /home/airflow/.local/lib/python3.12/site-packages/airflow/example_dags/example_latest_only.py
[2025-04-19T10:28:18.453+0000] {processor.py:914} INFO - Processing file /home/airflow/.local/lib/python3.12/site-packages/airflow/example_dags/example_latest_only.py for tasks to queue
[2025-04-19T10:28:18.464+0000] {logging_mixin.py:190} INFO - [2025-04-19T10:28:18.463+0000] {dagbag.py:588} INFO - Filling up the DagBag from /home/airflow/.local/lib/python3.12/site-packages/airflow/example_dags/example_latest_only.py
[2025-04-19T10:28:18.481+0000] {processor.py:925} INFO - DAG(s) 'latest_only' retrieved from /home/airflow/.local/lib/python3.12/site-packages/airflow/example_dags/example_latest_only.py
[2025-04-19T10:28:18.517+0000] {logging_mixin.py:190} INFO - [2025-04-19T10:28:18.517+0000] {dag.py:3239} INFO - Sync 1 DAGs
[2025-04-19T10:28:18.553+0000] {logging_mixin.py:190} INFO - [2025-04-19T10:28:18.553+0000] {dag.py:4180} INFO - Setting next_dagrun for latest_only to 2025-04-19 04:00:00+00:00, run_after=2025-04-19 08:00:00+00:00
[2025-04-19T10:28:18.584+0000] {processor.py:208} INFO - Processing /home/airflow/.local/lib/python3.12/site-packages/airflow/example_dags/example_latest_only.py took 0.163 seconds
[2025-04-19T10:28:48.842+0000] {processor.py:186} INFO - Started process (PID=1306) to work on /home/airflow/.local/lib/python3.12/site-packages/airflow/example_dags/example_latest_only.py
[2025-04-19T10:28:48.845+0000] {processor.py:914} INFO - Processing file /home/airflow/.local/lib/python3.12/site-packages/airflow/example_dags/example_latest_only.py for tasks to queue
[2025-04-19T10:28:48.851+0000] {logging_mixin.py:190} INFO - [2025-04-19T10:28:48.850+0000] {dagbag.py:588} INFO - Filling up the DagBag from /home/airflow/.local/lib/python3.12/site-packages/airflow/example_dags/example_latest_only.py
[2025-04-19T10:28:48.866+0000] {processor.py:925} INFO - DAG(s) 'latest_only' retrieved from /home/airflow/.local/lib/python3.12/site-packages/airflow/example_dags/example_latest_only.py
[2025-04-19T10:28:48.898+0000] {logging_mixin.py:190} INFO - [2025-04-19T10:28:48.897+0000] {dag.py:3239} INFO - Sync 1 DAGs
[2025-04-19T10:28:48.942+0000] {logging_mixin.py:190} INFO - [2025-04-19T10:28:48.942+0000] {dag.py:4180} INFO - Setting next_dagrun for latest_only to 2025-04-19 04:00:00+00:00, run_after=2025-04-19 08:00:00+00:00
[2025-04-19T10:28:48.977+0000] {processor.py:208} INFO - Processing /home/airflow/.local/lib/python3.12/site-packages/airflow/example_dags/example_latest_only.py took 0.149 seconds
[2025-04-19T10:29:19.489+0000] {processor.py:186} INFO - Started process (PID=1368) to work on /home/airflow/.local/lib/python3.12/site-packages/airflow/example_dags/example_latest_only.py
[2025-04-19T10:29:19.493+0000] {processor.py:914} INFO - Processing file /home/airflow/.local/lib/python3.12/site-packages/airflow/example_dags/example_latest_only.py for tasks to queue
[2025-04-19T10:29:19.503+0000] {logging_mixin.py:190} INFO - [2025-04-19T10:29:19.501+0000] {dagbag.py:588} INFO - Filling up the DagBag from /home/airflow/.local/lib/python3.12/site-packages/airflow/example_dags/example_latest_only.py
[2025-04-19T10:29:19.523+0000] {processor.py:925} INFO - DAG(s) 'latest_only' retrieved from /home/airflow/.local/lib/python3.12/site-packages/airflow/example_dags/example_latest_only.py
[2025-04-19T10:29:19.580+0000] {logging_mixin.py:190} INFO - [2025-04-19T10:29:19.580+0000] {dag.py:3239} INFO - Sync 1 DAGs
[2025-04-19T10:29:19.649+0000] {logging_mixin.py:190} INFO - [2025-04-19T10:29:19.647+0000] {dag.py:4180} INFO - Setting next_dagrun for latest_only to 2025-04-19 04:00:00+00:00, run_after=2025-04-19 08:00:00+00:00
[2025-04-19T10:29:19.731+0000] {processor.py:208} INFO - Processing /home/airflow/.local/lib/python3.12/site-packages/airflow/example_dags/example_latest_only.py took 0.269 seconds
[2025-04-19T10:31:43.402+0000] {processor.py:186} INFO - Started process (PID=103) to work on /home/airflow/.local/lib/python3.12/site-packages/airflow/example_dags/example_latest_only.py
[2025-04-19T10:31:43.404+0000] {processor.py:914} INFO - Processing file /home/airflow/.local/lib/python3.12/site-packages/airflow/example_dags/example_latest_only.py for tasks to queue
[2025-04-19T10:31:43.409+0000] {logging_mixin.py:190} INFO - [2025-04-19T10:31:43.408+0000] {dagbag.py:588} INFO - Filling up the DagBag from /home/airflow/.local/lib/python3.12/site-packages/airflow/example_dags/example_latest_only.py
[2025-04-19T10:31:43.428+0000] {processor.py:925} INFO - DAG(s) 'latest_only' retrieved from /home/airflow/.local/lib/python3.12/site-packages/airflow/example_dags/example_latest_only.py
[2025-04-19T10:31:43.464+0000] {logging_mixin.py:190} INFO - [2025-04-19T10:31:43.463+0000] {dag.py:3239} INFO - Sync 1 DAGs
[2025-04-19T10:31:43.518+0000] {logging_mixin.py:190} INFO - [2025-04-19T10:31:43.518+0000] {dag.py:4180} INFO - Setting next_dagrun for latest_only to 2025-04-19 04:00:00+00:00, run_after=2025-04-19 08:00:00+00:00
[2025-04-19T10:31:43.564+0000] {processor.py:208} INFO - Processing /home/airflow/.local/lib/python3.12/site-packages/airflow/example_dags/example_latest_only.py took 0.171 seconds
[2025-04-19T10:32:14.262+0000] {processor.py:186} INFO - Started process (PID=166) to work on /home/airflow/.local/lib/python3.12/site-packages/airflow/example_dags/example_latest_only.py
[2025-04-19T10:32:14.264+0000] {processor.py:914} INFO - Processing file /home/airflow/.local/lib/python3.12/site-packages/airflow/example_dags/example_latest_only.py for tasks to queue
[2025-04-19T10:32:14.270+0000] {logging_mixin.py:190} INFO - [2025-04-19T10:32:14.269+0000] {dagbag.py:588} INFO - Filling up the DagBag from /home/airflow/.local/lib/python3.12/site-packages/airflow/example_dags/example_latest_only.py
[2025-04-19T10:32:14.283+0000] {processor.py:925} INFO - DAG(s) 'latest_only' retrieved from /home/airflow/.local/lib/python3.12/site-packages/airflow/example_dags/example_latest_only.py
[2025-04-19T10:32:14.327+0000] {logging_mixin.py:190} INFO - [2025-04-19T10:32:14.326+0000] {dag.py:3239} INFO - Sync 1 DAGs
[2025-04-19T10:32:14.402+0000] {logging_mixin.py:190} INFO - [2025-04-19T10:32:14.402+0000] {dag.py:4180} INFO - Setting next_dagrun for latest_only to 2025-04-19 04:00:00+00:00, run_after=2025-04-19 08:00:00+00:00
[2025-04-19T10:32:14.440+0000] {processor.py:208} INFO - Processing /home/airflow/.local/lib/python3.12/site-packages/airflow/example_dags/example_latest_only.py took 0.188 seconds
[2025-04-19T10:32:45.633+0000] {processor.py:186} INFO - Started process (PID=230) to work on /home/airflow/.local/lib/python3.12/site-packages/airflow/example_dags/example_latest_only.py
[2025-04-19T10:32:45.636+0000] {processor.py:914} INFO - Processing file /home/airflow/.local/lib/python3.12/site-packages/airflow/example_dags/example_latest_only.py for tasks to queue
[2025-04-19T10:32:45.643+0000] {logging_mixin.py:190} INFO - [2025-04-19T10:32:45.641+0000] {dagbag.py:588} INFO - Filling up the DagBag from /home/airflow/.local/lib/python3.12/site-packages/airflow/example_dags/example_latest_only.py
[2025-04-19T10:32:45.660+0000] {processor.py:925} INFO - DAG(s) 'latest_only' retrieved from /home/airflow/.local/lib/python3.12/site-packages/airflow/example_dags/example_latest_only.py
[2025-04-19T10:32:45.700+0000] {logging_mixin.py:190} INFO - [2025-04-19T10:32:45.700+0000] {dag.py:3239} INFO - Sync 1 DAGs
[2025-04-19T10:32:45.746+0000] {logging_mixin.py:190} INFO - [2025-04-19T10:32:45.745+0000] {dag.py:4180} INFO - Setting next_dagrun for latest_only to 2025-04-19 04:00:00+00:00, run_after=2025-04-19 08:00:00+00:00
[2025-04-19T10:32:45.790+0000] {processor.py:208} INFO - Processing /home/airflow/.local/lib/python3.12/site-packages/airflow/example_dags/example_latest_only.py took 0.168 seconds
[2025-04-19T10:33:17.183+0000] {processor.py:186} INFO - Started process (PID=293) to work on /home/airflow/.local/lib/python3.12/site-packages/airflow/example_dags/example_latest_only.py
[2025-04-19T10:33:17.186+0000] {processor.py:914} INFO - Processing file /home/airflow/.local/lib/python3.12/site-packages/airflow/example_dags/example_latest_only.py for tasks to queue
[2025-04-19T10:33:17.194+0000] {logging_mixin.py:190} INFO - [2025-04-19T10:33:17.193+0000] {dagbag.py:588} INFO - Filling up the DagBag from /home/airflow/.local/lib/python3.12/site-packages/airflow/example_dags/example_latest_only.py
[2025-04-19T10:33:17.212+0000] {processor.py:925} INFO - DAG(s) 'latest_only' retrieved from /home/airflow/.local/lib/python3.12/site-packages/airflow/example_dags/example_latest_only.py
[2025-04-19T10:33:17.255+0000] {logging_mixin.py:190} INFO - [2025-04-19T10:33:17.255+0000] {dag.py:3239} INFO - Sync 1 DAGs
[2025-04-19T10:33:17.296+0000] {logging_mixin.py:190} INFO - [2025-04-19T10:33:17.295+0000] {dag.py:4180} INFO - Setting next_dagrun for latest_only to 2025-04-19 04:00:00+00:00, run_after=2025-04-19 08:00:00+00:00
[2025-04-19T10:33:17.334+0000] {processor.py:208} INFO - Processing /home/airflow/.local/lib/python3.12/site-packages/airflow/example_dags/example_latest_only.py took 0.168 seconds
[2025-04-19T10:33:48.524+0000] {processor.py:186} INFO - Started process (PID=356) to work on /home/airflow/.local/lib/python3.12/site-packages/airflow/example_dags/example_latest_only.py
[2025-04-19T10:33:48.527+0000] {processor.py:914} INFO - Processing file /home/airflow/.local/lib/python3.12/site-packages/airflow/example_dags/example_latest_only.py for tasks to queue
[2025-04-19T10:33:48.536+0000] {logging_mixin.py:190} INFO - [2025-04-19T10:33:48.535+0000] {dagbag.py:588} INFO - Filling up the DagBag from /home/airflow/.local/lib/python3.12/site-packages/airflow/example_dags/example_latest_only.py
[2025-04-19T10:33:48.593+0000] {processor.py:925} INFO - DAG(s) 'latest_only' retrieved from /home/airflow/.local/lib/python3.12/site-packages/airflow/example_dags/example_latest_only.py
[2025-04-19T10:33:48.644+0000] {logging_mixin.py:190} INFO - [2025-04-19T10:33:48.643+0000] {dag.py:3239} INFO - Sync 1 DAGs
[2025-04-19T10:33:48.690+0000] {logging_mixin.py:190} INFO - [2025-04-19T10:33:48.690+0000] {dag.py:4180} INFO - Setting next_dagrun for latest_only to 2025-04-19 04:00:00+00:00, run_after=2025-04-19 08:00:00+00:00
[2025-04-19T10:33:48.736+0000] {processor.py:208} INFO - Processing /home/airflow/.local/lib/python3.12/site-packages/airflow/example_dags/example_latest_only.py took 0.238 seconds
