[2025-04-19T10:18:59.728+0000] {processor.py:186} INFO - Started process (PID=88) to work on /home/airflow/.local/lib/python3.12/site-packages/airflow/example_dags/example_nested_branch_dag.py
[2025-04-19T10:18:59.731+0000] {processor.py:914} INFO - Processing file /home/airflow/.local/lib/python3.12/site-packages/airflow/example_dags/example_nested_branch_dag.py for tasks to queue
[2025-04-19T10:18:59.739+0000] {logging_mixin.py:190} INFO - [2025-04-19T10:18:59.738+0000] {dagbag.py:588} INFO - Filling up the DagBag from /home/airflow/.local/lib/python3.12/site-packages/airflow/example_dags/example_nested_branch_dag.py
[2025-04-19T10:18:59.770+0000] {processor.py:925} INFO - DAG(s) 'example_nested_branch_dag' retrieved from /home/airflow/.local/lib/python3.12/site-packages/airflow/example_dags/example_nested_branch_dag.py
[2025-04-19T10:19:00.014+0000] {logging_mixin.py:190} INFO - [2025-04-19T10:19:00.013+0000] {override.py:1912} INFO - Created Permission View: can delete on DAG:example_nested_branch_dag
[2025-04-19T10:19:00.049+0000] {logging_mixin.py:190} INFO - [2025-04-19T10:19:00.048+0000] {override.py:1912} INFO - Created Permission View: can read on DAG:example_nested_branch_dag
[2025-04-19T10:19:00.069+0000] {logging_mixin.py:190} INFO - [2025-04-19T10:19:00.069+0000] {override.py:1912} INFO - Created Permission View: can edit on DAG:example_nested_branch_dag
[2025-04-19T10:19:00.089+0000] {logging_mixin.py:190} INFO - [2025-04-19T10:19:00.088+0000] {override.py:1912} INFO - Created Permission View: can delete on DAG Run:example_nested_branch_dag
[2025-04-19T10:19:00.108+0000] {logging_mixin.py:190} INFO - [2025-04-19T10:19:00.107+0000] {override.py:1912} INFO - Created Permission View: can read on DAG Run:example_nested_branch_dag
[2025-04-19T10:19:00.126+0000] {logging_mixin.py:190} INFO - [2025-04-19T10:19:00.125+0000] {override.py:1912} INFO - Created Permission View: menu access on DAG Run:example_nested_branch_dag
[2025-04-19T10:19:00.142+0000] {logging_mixin.py:190} INFO - [2025-04-19T10:19:00.141+0000] {override.py:1912} INFO - Created Permission View: can create on DAG Run:example_nested_branch_dag
[2025-04-19T10:19:00.144+0000] {logging_mixin.py:190} INFO - [2025-04-19T10:19:00.144+0000] {dag.py:3239} INFO - Sync 1 DAGs
[2025-04-19T10:19:00.205+0000] {logging_mixin.py:190} INFO - [2025-04-19T10:19:00.205+0000] {dag.py:3262} INFO - Creating ORM DAG for example_nested_branch_dag
[2025-04-19T10:19:00.243+0000] {logging_mixin.py:190} INFO - [2025-04-19T10:19:00.242+0000] {dag.py:4180} INFO - Setting next_dagrun for example_nested_branch_dag to 2025-04-18 00:00:00+00:00, run_after=2025-04-19 00:00:00+00:00
[2025-04-19T10:19:00.306+0000] {processor.py:208} INFO - Processing /home/airflow/.local/lib/python3.12/site-packages/airflow/example_dags/example_nested_branch_dag.py took 0.589 seconds
[2025-04-19T10:19:30.433+0000] {processor.py:186} INFO - Started process (PID=150) to work on /home/airflow/.local/lib/python3.12/site-packages/airflow/example_dags/example_nested_branch_dag.py
[2025-04-19T10:19:30.437+0000] {processor.py:914} INFO - Processing file /home/airflow/.local/lib/python3.12/site-packages/airflow/example_dags/example_nested_branch_dag.py for tasks to queue
[2025-04-19T10:19:30.444+0000] {logging_mixin.py:190} INFO - [2025-04-19T10:19:30.443+0000] {dagbag.py:588} INFO - Filling up the DagBag from /home/airflow/.local/lib/python3.12/site-packages/airflow/example_dags/example_nested_branch_dag.py
[2025-04-19T10:19:30.476+0000] {processor.py:925} INFO - DAG(s) 'example_nested_branch_dag' retrieved from /home/airflow/.local/lib/python3.12/site-packages/airflow/example_dags/example_nested_branch_dag.py
[2025-04-19T10:19:30.528+0000] {logging_mixin.py:190} INFO - [2025-04-19T10:19:30.528+0000] {dag.py:3239} INFO - Sync 1 DAGs
[2025-04-19T10:19:30.571+0000] {logging_mixin.py:190} INFO - [2025-04-19T10:19:30.570+0000] {dag.py:4180} INFO - Setting next_dagrun for example_nested_branch_dag to 2025-04-18 00:00:00+00:00, run_after=2025-04-19 00:00:00+00:00
[2025-04-19T10:19:30.613+0000] {processor.py:208} INFO - Processing /home/airflow/.local/lib/python3.12/site-packages/airflow/example_dags/example_nested_branch_dag.py took 0.196 seconds
[2025-04-19T10:20:01.294+0000] {processor.py:186} INFO - Started process (PID=213) to work on /home/airflow/.local/lib/python3.12/site-packages/airflow/example_dags/example_nested_branch_dag.py
[2025-04-19T10:20:01.297+0000] {processor.py:914} INFO - Processing file /home/airflow/.local/lib/python3.12/site-packages/airflow/example_dags/example_nested_branch_dag.py for tasks to queue
[2025-04-19T10:20:01.308+0000] {logging_mixin.py:190} INFO - [2025-04-19T10:20:01.306+0000] {dagbag.py:588} INFO - Filling up the DagBag from /home/airflow/.local/lib/python3.12/site-packages/airflow/example_dags/example_nested_branch_dag.py
[2025-04-19T10:20:01.362+0000] {processor.py:925} INFO - DAG(s) 'example_nested_branch_dag' retrieved from /home/airflow/.local/lib/python3.12/site-packages/airflow/example_dags/example_nested_branch_dag.py
[2025-04-19T10:20:01.434+0000] {logging_mixin.py:190} INFO - [2025-04-19T10:20:01.433+0000] {dag.py:3239} INFO - Sync 1 DAGs
[2025-04-19T10:20:01.511+0000] {logging_mixin.py:190} INFO - [2025-04-19T10:20:01.510+0000] {dag.py:4180} INFO - Setting next_dagrun for example_nested_branch_dag to 2025-04-18 00:00:00+00:00, run_after=2025-04-19 00:00:00+00:00
[2025-04-19T10:20:01.562+0000] {processor.py:208} INFO - Processing /home/airflow/.local/lib/python3.12/site-packages/airflow/example_dags/example_nested_branch_dag.py took 0.286 seconds
[2025-04-19T10:20:31.692+0000] {processor.py:186} INFO - Started process (PID=276) to work on /home/airflow/.local/lib/python3.12/site-packages/airflow/example_dags/example_nested_branch_dag.py
[2025-04-19T10:20:31.694+0000] {processor.py:914} INFO - Processing file /home/airflow/.local/lib/python3.12/site-packages/airflow/example_dags/example_nested_branch_dag.py for tasks to queue
[2025-04-19T10:20:31.704+0000] {logging_mixin.py:190} INFO - [2025-04-19T10:20:31.702+0000] {dagbag.py:588} INFO - Filling up the DagBag from /home/airflow/.local/lib/python3.12/site-packages/airflow/example_dags/example_nested_branch_dag.py
[2025-04-19T10:20:31.744+0000] {processor.py:925} INFO - DAG(s) 'example_nested_branch_dag' retrieved from /home/airflow/.local/lib/python3.12/site-packages/airflow/example_dags/example_nested_branch_dag.py
[2025-04-19T10:20:31.830+0000] {logging_mixin.py:190} INFO - [2025-04-19T10:20:31.828+0000] {dag.py:3239} INFO - Sync 1 DAGs
[2025-04-19T10:20:31.887+0000] {logging_mixin.py:190} INFO - [2025-04-19T10:20:31.887+0000] {dag.py:4180} INFO - Setting next_dagrun for example_nested_branch_dag to 2025-04-18 00:00:00+00:00, run_after=2025-04-19 00:00:00+00:00
[2025-04-19T10:20:31.937+0000] {processor.py:208} INFO - Processing /home/airflow/.local/lib/python3.12/site-packages/airflow/example_dags/example_nested_branch_dag.py took 0.260 seconds
[2025-04-19T10:21:02.109+0000] {processor.py:186} INFO - Started process (PID=339) to work on /home/airflow/.local/lib/python3.12/site-packages/airflow/example_dags/example_nested_branch_dag.py
[2025-04-19T10:21:02.114+0000] {processor.py:914} INFO - Processing file /home/airflow/.local/lib/python3.12/site-packages/airflow/example_dags/example_nested_branch_dag.py for tasks to queue
[2025-04-19T10:21:02.125+0000] {logging_mixin.py:190} INFO - [2025-04-19T10:21:02.124+0000] {dagbag.py:588} INFO - Filling up the DagBag from /home/airflow/.local/lib/python3.12/site-packages/airflow/example_dags/example_nested_branch_dag.py
[2025-04-19T10:21:02.156+0000] {processor.py:925} INFO - DAG(s) 'example_nested_branch_dag' retrieved from /home/airflow/.local/lib/python3.12/site-packages/airflow/example_dags/example_nested_branch_dag.py
[2025-04-19T10:21:02.215+0000] {logging_mixin.py:190} INFO - [2025-04-19T10:21:02.215+0000] {dag.py:3239} INFO - Sync 1 DAGs
[2025-04-19T10:21:02.283+0000] {logging_mixin.py:190} INFO - [2025-04-19T10:21:02.283+0000] {dag.py:4180} INFO - Setting next_dagrun for example_nested_branch_dag to 2025-04-18 00:00:00+00:00, run_after=2025-04-19 00:00:00+00:00
[2025-04-19T10:21:02.328+0000] {processor.py:208} INFO - Processing /home/airflow/.local/lib/python3.12/site-packages/airflow/example_dags/example_nested_branch_dag.py took 0.255 seconds
[2025-04-19T10:21:32.841+0000] {processor.py:186} INFO - Started process (PID=402) to work on /home/airflow/.local/lib/python3.12/site-packages/airflow/example_dags/example_nested_branch_dag.py
[2025-04-19T10:21:32.844+0000] {processor.py:914} INFO - Processing file /home/airflow/.local/lib/python3.12/site-packages/airflow/example_dags/example_nested_branch_dag.py for tasks to queue
[2025-04-19T10:21:32.851+0000] {logging_mixin.py:190} INFO - [2025-04-19T10:21:32.850+0000] {dagbag.py:588} INFO - Filling up the DagBag from /home/airflow/.local/lib/python3.12/site-packages/airflow/example_dags/example_nested_branch_dag.py
[2025-04-19T10:21:32.893+0000] {processor.py:925} INFO - DAG(s) 'example_nested_branch_dag' retrieved from /home/airflow/.local/lib/python3.12/site-packages/airflow/example_dags/example_nested_branch_dag.py
[2025-04-19T10:21:32.977+0000] {logging_mixin.py:190} INFO - [2025-04-19T10:21:32.975+0000] {dag.py:3239} INFO - Sync 1 DAGs
[2025-04-19T10:21:33.020+0000] {logging_mixin.py:190} INFO - [2025-04-19T10:21:33.019+0000] {dag.py:4180} INFO - Setting next_dagrun for example_nested_branch_dag to 2025-04-18 00:00:00+00:00, run_after=2025-04-19 00:00:00+00:00
[2025-04-19T10:21:33.062+0000] {processor.py:208} INFO - Processing /home/airflow/.local/lib/python3.12/site-packages/airflow/example_dags/example_nested_branch_dag.py took 0.235 seconds
[2025-04-19T10:22:03.391+0000] {processor.py:186} INFO - Started process (PID=465) to work on /home/airflow/.local/lib/python3.12/site-packages/airflow/example_dags/example_nested_branch_dag.py
[2025-04-19T10:22:03.394+0000] {processor.py:914} INFO - Processing file /home/airflow/.local/lib/python3.12/site-packages/airflow/example_dags/example_nested_branch_dag.py for tasks to queue
[2025-04-19T10:22:03.402+0000] {logging_mixin.py:190} INFO - [2025-04-19T10:22:03.401+0000] {dagbag.py:588} INFO - Filling up the DagBag from /home/airflow/.local/lib/python3.12/site-packages/airflow/example_dags/example_nested_branch_dag.py
[2025-04-19T10:22:03.443+0000] {processor.py:925} INFO - DAG(s) 'example_nested_branch_dag' retrieved from /home/airflow/.local/lib/python3.12/site-packages/airflow/example_dags/example_nested_branch_dag.py
[2025-04-19T10:22:03.511+0000] {logging_mixin.py:190} INFO - [2025-04-19T10:22:03.511+0000] {dag.py:3239} INFO - Sync 1 DAGs
[2025-04-19T10:22:03.561+0000] {logging_mixin.py:190} INFO - [2025-04-19T10:22:03.560+0000] {dag.py:4180} INFO - Setting next_dagrun for example_nested_branch_dag to 2025-04-18 00:00:00+00:00, run_after=2025-04-19 00:00:00+00:00
[2025-04-19T10:22:03.606+0000] {processor.py:208} INFO - Processing /home/airflow/.local/lib/python3.12/site-packages/airflow/example_dags/example_nested_branch_dag.py took 0.231 seconds
[2025-04-19T10:22:34.510+0000] {processor.py:186} INFO - Started process (PID=527) to work on /home/airflow/.local/lib/python3.12/site-packages/airflow/example_dags/example_nested_branch_dag.py
[2025-04-19T10:22:34.513+0000] {processor.py:914} INFO - Processing file /home/airflow/.local/lib/python3.12/site-packages/airflow/example_dags/example_nested_branch_dag.py for tasks to queue
[2025-04-19T10:22:34.517+0000] {logging_mixin.py:190} INFO - [2025-04-19T10:22:34.517+0000] {dagbag.py:588} INFO - Filling up the DagBag from /home/airflow/.local/lib/python3.12/site-packages/airflow/example_dags/example_nested_branch_dag.py
[2025-04-19T10:22:34.536+0000] {processor.py:925} INFO - DAG(s) 'example_nested_branch_dag' retrieved from /home/airflow/.local/lib/python3.12/site-packages/airflow/example_dags/example_nested_branch_dag.py
[2025-04-19T10:22:34.568+0000] {logging_mixin.py:190} INFO - [2025-04-19T10:22:34.567+0000] {dag.py:3239} INFO - Sync 1 DAGs
[2025-04-19T10:22:34.605+0000] {logging_mixin.py:190} INFO - [2025-04-19T10:22:34.605+0000] {dag.py:4180} INFO - Setting next_dagrun for example_nested_branch_dag to 2025-04-18 00:00:00+00:00, run_after=2025-04-19 00:00:00+00:00
[2025-04-19T10:22:34.638+0000] {processor.py:208} INFO - Processing /home/airflow/.local/lib/python3.12/site-packages/airflow/example_dags/example_nested_branch_dag.py took 0.158 seconds
[2025-04-19T10:23:05.465+0000] {processor.py:186} INFO - Started process (PID=589) to work on /home/airflow/.local/lib/python3.12/site-packages/airflow/example_dags/example_nested_branch_dag.py
[2025-04-19T10:23:05.468+0000] {processor.py:914} INFO - Processing file /home/airflow/.local/lib/python3.12/site-packages/airflow/example_dags/example_nested_branch_dag.py for tasks to queue
[2025-04-19T10:23:05.476+0000] {logging_mixin.py:190} INFO - [2025-04-19T10:23:05.475+0000] {dagbag.py:588} INFO - Filling up the DagBag from /home/airflow/.local/lib/python3.12/site-packages/airflow/example_dags/example_nested_branch_dag.py
[2025-04-19T10:23:05.517+0000] {processor.py:925} INFO - DAG(s) 'example_nested_branch_dag' retrieved from /home/airflow/.local/lib/python3.12/site-packages/airflow/example_dags/example_nested_branch_dag.py
[2025-04-19T10:23:05.610+0000] {logging_mixin.py:190} INFO - [2025-04-19T10:23:05.609+0000] {dag.py:3239} INFO - Sync 1 DAGs
[2025-04-19T10:23:05.658+0000] {logging_mixin.py:190} INFO - [2025-04-19T10:23:05.657+0000] {dag.py:4180} INFO - Setting next_dagrun for example_nested_branch_dag to 2025-04-18 00:00:00+00:00, run_after=2025-04-19 00:00:00+00:00
[2025-04-19T10:23:05.731+0000] {processor.py:208} INFO - Processing /home/airflow/.local/lib/python3.12/site-packages/airflow/example_dags/example_nested_branch_dag.py took 0.284 seconds
[2025-04-19T10:23:36.065+0000] {processor.py:186} INFO - Started process (PID=652) to work on /home/airflow/.local/lib/python3.12/site-packages/airflow/example_dags/example_nested_branch_dag.py
[2025-04-19T10:23:36.068+0000] {processor.py:914} INFO - Processing file /home/airflow/.local/lib/python3.12/site-packages/airflow/example_dags/example_nested_branch_dag.py for tasks to queue
[2025-04-19T10:23:36.076+0000] {logging_mixin.py:190} INFO - [2025-04-19T10:23:36.075+0000] {dagbag.py:588} INFO - Filling up the DagBag from /home/airflow/.local/lib/python3.12/site-packages/airflow/example_dags/example_nested_branch_dag.py
[2025-04-19T10:23:36.102+0000] {processor.py:925} INFO - DAG(s) 'example_nested_branch_dag' retrieved from /home/airflow/.local/lib/python3.12/site-packages/airflow/example_dags/example_nested_branch_dag.py
[2025-04-19T10:23:36.144+0000] {logging_mixin.py:190} INFO - [2025-04-19T10:23:36.144+0000] {dag.py:3239} INFO - Sync 1 DAGs
[2025-04-19T10:23:36.204+0000] {logging_mixin.py:190} INFO - [2025-04-19T10:23:36.202+0000] {dag.py:4180} INFO - Setting next_dagrun for example_nested_branch_dag to 2025-04-18 00:00:00+00:00, run_after=2025-04-19 00:00:00+00:00
[2025-04-19T10:23:36.292+0000] {processor.py:208} INFO - Processing /home/airflow/.local/lib/python3.12/site-packages/airflow/example_dags/example_nested_branch_dag.py took 0.243 seconds
[2025-04-19T10:24:06.816+0000] {processor.py:186} INFO - Started process (PID=716) to work on /home/airflow/.local/lib/python3.12/site-packages/airflow/example_dags/example_nested_branch_dag.py
[2025-04-19T10:24:06.821+0000] {processor.py:914} INFO - Processing file /home/airflow/.local/lib/python3.12/site-packages/airflow/example_dags/example_nested_branch_dag.py for tasks to queue
[2025-04-19T10:24:06.833+0000] {logging_mixin.py:190} INFO - [2025-04-19T10:24:06.832+0000] {dagbag.py:588} INFO - Filling up the DagBag from /home/airflow/.local/lib/python3.12/site-packages/airflow/example_dags/example_nested_branch_dag.py
[2025-04-19T10:24:06.891+0000] {processor.py:925} INFO - DAG(s) 'example_nested_branch_dag' retrieved from /home/airflow/.local/lib/python3.12/site-packages/airflow/example_dags/example_nested_branch_dag.py
[2025-04-19T10:24:07.021+0000] {logging_mixin.py:190} INFO - [2025-04-19T10:24:07.020+0000] {dag.py:3239} INFO - Sync 1 DAGs
[2025-04-19T10:24:07.110+0000] {logging_mixin.py:190} INFO - [2025-04-19T10:24:07.110+0000] {dag.py:4180} INFO - Setting next_dagrun for example_nested_branch_dag to 2025-04-18 00:00:00+00:00, run_after=2025-04-19 00:00:00+00:00
[2025-04-19T10:24:07.169+0000] {processor.py:208} INFO - Processing /home/airflow/.local/lib/python3.12/site-packages/airflow/example_dags/example_nested_branch_dag.py took 0.382 seconds
[2025-04-19T10:24:37.727+0000] {processor.py:186} INFO - Started process (PID=779) to work on /home/airflow/.local/lib/python3.12/site-packages/airflow/example_dags/example_nested_branch_dag.py
[2025-04-19T10:24:37.730+0000] {processor.py:914} INFO - Processing file /home/airflow/.local/lib/python3.12/site-packages/airflow/example_dags/example_nested_branch_dag.py for tasks to queue
[2025-04-19T10:24:37.738+0000] {logging_mixin.py:190} INFO - [2025-04-19T10:24:37.737+0000] {dagbag.py:588} INFO - Filling up the DagBag from /home/airflow/.local/lib/python3.12/site-packages/airflow/example_dags/example_nested_branch_dag.py
[2025-04-19T10:24:37.768+0000] {processor.py:925} INFO - DAG(s) 'example_nested_branch_dag' retrieved from /home/airflow/.local/lib/python3.12/site-packages/airflow/example_dags/example_nested_branch_dag.py
[2025-04-19T10:24:37.812+0000] {logging_mixin.py:190} INFO - [2025-04-19T10:24:37.812+0000] {dag.py:3239} INFO - Sync 1 DAGs
[2025-04-19T10:24:37.849+0000] {logging_mixin.py:190} INFO - [2025-04-19T10:24:37.848+0000] {dag.py:4180} INFO - Setting next_dagrun for example_nested_branch_dag to 2025-04-18 00:00:00+00:00, run_after=2025-04-19 00:00:00+00:00
[2025-04-19T10:24:37.881+0000] {processor.py:208} INFO - Processing /home/airflow/.local/lib/python3.12/site-packages/airflow/example_dags/example_nested_branch_dag.py took 0.168 seconds
[2025-04-19T10:25:08.165+0000] {processor.py:186} INFO - Started process (PID=849) to work on /home/airflow/.local/lib/python3.12/site-packages/airflow/example_dags/example_nested_branch_dag.py
[2025-04-19T10:25:08.168+0000] {processor.py:914} INFO - Processing file /home/airflow/.local/lib/python3.12/site-packages/airflow/example_dags/example_nested_branch_dag.py for tasks to queue
[2025-04-19T10:25:08.174+0000] {logging_mixin.py:190} INFO - [2025-04-19T10:25:08.173+0000] {dagbag.py:588} INFO - Filling up the DagBag from /home/airflow/.local/lib/python3.12/site-packages/airflow/example_dags/example_nested_branch_dag.py
[2025-04-19T10:25:08.199+0000] {processor.py:925} INFO - DAG(s) 'example_nested_branch_dag' retrieved from /home/airflow/.local/lib/python3.12/site-packages/airflow/example_dags/example_nested_branch_dag.py
[2025-04-19T10:25:08.233+0000] {logging_mixin.py:190} INFO - [2025-04-19T10:25:08.233+0000] {dag.py:3239} INFO - Sync 1 DAGs
[2025-04-19T10:25:08.271+0000] {logging_mixin.py:190} INFO - [2025-04-19T10:25:08.270+0000] {dag.py:4180} INFO - Setting next_dagrun for example_nested_branch_dag to 2025-04-18 00:00:00+00:00, run_after=2025-04-19 00:00:00+00:00
[2025-04-19T10:25:08.305+0000] {processor.py:208} INFO - Processing /home/airflow/.local/lib/python3.12/site-packages/airflow/example_dags/example_nested_branch_dag.py took 0.154 seconds
[2025-04-19T10:25:39.216+0000] {processor.py:186} INFO - Started process (PID=912) to work on /home/airflow/.local/lib/python3.12/site-packages/airflow/example_dags/example_nested_branch_dag.py
[2025-04-19T10:25:39.218+0000] {processor.py:914} INFO - Processing file /home/airflow/.local/lib/python3.12/site-packages/airflow/example_dags/example_nested_branch_dag.py for tasks to queue
[2025-04-19T10:25:39.225+0000] {logging_mixin.py:190} INFO - [2025-04-19T10:25:39.224+0000] {dagbag.py:588} INFO - Filling up the DagBag from /home/airflow/.local/lib/python3.12/site-packages/airflow/example_dags/example_nested_branch_dag.py
[2025-04-19T10:25:39.257+0000] {processor.py:925} INFO - DAG(s) 'example_nested_branch_dag' retrieved from /home/airflow/.local/lib/python3.12/site-packages/airflow/example_dags/example_nested_branch_dag.py
[2025-04-19T10:25:39.312+0000] {logging_mixin.py:190} INFO - [2025-04-19T10:25:39.312+0000] {dag.py:3239} INFO - Sync 1 DAGs
[2025-04-19T10:25:39.374+0000] {logging_mixin.py:190} INFO - [2025-04-19T10:25:39.373+0000] {dag.py:4180} INFO - Setting next_dagrun for example_nested_branch_dag to 2025-04-18 00:00:00+00:00, run_after=2025-04-19 00:00:00+00:00
[2025-04-19T10:25:39.419+0000] {processor.py:208} INFO - Processing /home/airflow/.local/lib/python3.12/site-packages/airflow/example_dags/example_nested_branch_dag.py took 0.214 seconds
[2025-04-19T10:26:09.623+0000] {processor.py:186} INFO - Started process (PID=974) to work on /home/airflow/.local/lib/python3.12/site-packages/airflow/example_dags/example_nested_branch_dag.py
[2025-04-19T10:26:09.625+0000] {processor.py:914} INFO - Processing file /home/airflow/.local/lib/python3.12/site-packages/airflow/example_dags/example_nested_branch_dag.py for tasks to queue
[2025-04-19T10:26:09.634+0000] {logging_mixin.py:190} INFO - [2025-04-19T10:26:09.632+0000] {dagbag.py:588} INFO - Filling up the DagBag from /home/airflow/.local/lib/python3.12/site-packages/airflow/example_dags/example_nested_branch_dag.py
[2025-04-19T10:26:09.654+0000] {processor.py:925} INFO - DAG(s) 'example_nested_branch_dag' retrieved from /home/airflow/.local/lib/python3.12/site-packages/airflow/example_dags/example_nested_branch_dag.py
[2025-04-19T10:26:09.698+0000] {logging_mixin.py:190} INFO - [2025-04-19T10:26:09.697+0000] {dag.py:3239} INFO - Sync 1 DAGs
[2025-04-19T10:26:09.760+0000] {logging_mixin.py:190} INFO - [2025-04-19T10:26:09.759+0000] {dag.py:4180} INFO - Setting next_dagrun for example_nested_branch_dag to 2025-04-18 00:00:00+00:00, run_after=2025-04-19 00:00:00+00:00
[2025-04-19T10:26:09.802+0000] {processor.py:208} INFO - Processing /home/airflow/.local/lib/python3.12/site-packages/airflow/example_dags/example_nested_branch_dag.py took 0.188 seconds
[2025-04-19T10:26:40.189+0000] {processor.py:186} INFO - Started process (PID=1037) to work on /home/airflow/.local/lib/python3.12/site-packages/airflow/example_dags/example_nested_branch_dag.py
[2025-04-19T10:26:40.192+0000] {processor.py:914} INFO - Processing file /home/airflow/.local/lib/python3.12/site-packages/airflow/example_dags/example_nested_branch_dag.py for tasks to queue
[2025-04-19T10:26:40.200+0000] {logging_mixin.py:190} INFO - [2025-04-19T10:26:40.199+0000] {dagbag.py:588} INFO - Filling up the DagBag from /home/airflow/.local/lib/python3.12/site-packages/airflow/example_dags/example_nested_branch_dag.py
[2025-04-19T10:26:40.227+0000] {processor.py:925} INFO - DAG(s) 'example_nested_branch_dag' retrieved from /home/airflow/.local/lib/python3.12/site-packages/airflow/example_dags/example_nested_branch_dag.py
[2025-04-19T10:26:40.264+0000] {logging_mixin.py:190} INFO - [2025-04-19T10:26:40.264+0000] {dag.py:3239} INFO - Sync 1 DAGs
[2025-04-19T10:26:40.300+0000] {logging_mixin.py:190} INFO - [2025-04-19T10:26:40.300+0000] {dag.py:4180} INFO - Setting next_dagrun for example_nested_branch_dag to 2025-04-18 00:00:00+00:00, run_after=2025-04-19 00:00:00+00:00
[2025-04-19T10:26:40.341+0000] {processor.py:208} INFO - Processing /home/airflow/.local/lib/python3.12/site-packages/airflow/example_dags/example_nested_branch_dag.py took 0.163 seconds
[2025-04-19T10:27:11.210+0000] {processor.py:186} INFO - Started process (PID=1101) to work on /home/airflow/.local/lib/python3.12/site-packages/airflow/example_dags/example_nested_branch_dag.py
[2025-04-19T10:27:11.213+0000] {processor.py:914} INFO - Processing file /home/airflow/.local/lib/python3.12/site-packages/airflow/example_dags/example_nested_branch_dag.py for tasks to queue
[2025-04-19T10:27:11.221+0000] {logging_mixin.py:190} INFO - [2025-04-19T10:27:11.220+0000] {dagbag.py:588} INFO - Filling up the DagBag from /home/airflow/.local/lib/python3.12/site-packages/airflow/example_dags/example_nested_branch_dag.py
[2025-04-19T10:27:11.243+0000] {processor.py:925} INFO - DAG(s) 'example_nested_branch_dag' retrieved from /home/airflow/.local/lib/python3.12/site-packages/airflow/example_dags/example_nested_branch_dag.py
[2025-04-19T10:27:11.286+0000] {logging_mixin.py:190} INFO - [2025-04-19T10:27:11.286+0000] {dag.py:3239} INFO - Sync 1 DAGs
[2025-04-19T10:27:11.322+0000] {logging_mixin.py:190} INFO - [2025-04-19T10:27:11.322+0000] {dag.py:4180} INFO - Setting next_dagrun for example_nested_branch_dag to 2025-04-18 00:00:00+00:00, run_after=2025-04-19 00:00:00+00:00
[2025-04-19T10:27:11.357+0000] {processor.py:208} INFO - Processing /home/airflow/.local/lib/python3.12/site-packages/airflow/example_dags/example_nested_branch_dag.py took 0.157 seconds
[2025-04-19T10:27:41.949+0000] {processor.py:186} INFO - Started process (PID=1163) to work on /home/airflow/.local/lib/python3.12/site-packages/airflow/example_dags/example_nested_branch_dag.py
[2025-04-19T10:27:41.952+0000] {processor.py:914} INFO - Processing file /home/airflow/.local/lib/python3.12/site-packages/airflow/example_dags/example_nested_branch_dag.py for tasks to queue
[2025-04-19T10:27:41.960+0000] {logging_mixin.py:190} INFO - [2025-04-19T10:27:41.959+0000] {dagbag.py:588} INFO - Filling up the DagBag from /home/airflow/.local/lib/python3.12/site-packages/airflow/example_dags/example_nested_branch_dag.py
[2025-04-19T10:27:41.986+0000] {processor.py:925} INFO - DAG(s) 'example_nested_branch_dag' retrieved from /home/airflow/.local/lib/python3.12/site-packages/airflow/example_dags/example_nested_branch_dag.py
[2025-04-19T10:27:42.030+0000] {logging_mixin.py:190} INFO - [2025-04-19T10:27:42.030+0000] {dag.py:3239} INFO - Sync 1 DAGs
[2025-04-19T10:27:42.072+0000] {logging_mixin.py:190} INFO - [2025-04-19T10:27:42.071+0000] {dag.py:4180} INFO - Setting next_dagrun for example_nested_branch_dag to 2025-04-18 00:00:00+00:00, run_after=2025-04-19 00:00:00+00:00
[2025-04-19T10:27:42.124+0000] {processor.py:208} INFO - Processing /home/airflow/.local/lib/python3.12/site-packages/airflow/example_dags/example_nested_branch_dag.py took 0.191 seconds
[2025-04-19T10:28:13.059+0000] {processor.py:186} INFO - Started process (PID=1226) to work on /home/airflow/.local/lib/python3.12/site-packages/airflow/example_dags/example_nested_branch_dag.py
[2025-04-19T10:28:13.064+0000] {processor.py:914} INFO - Processing file /home/airflow/.local/lib/python3.12/site-packages/airflow/example_dags/example_nested_branch_dag.py for tasks to queue
[2025-04-19T10:28:13.075+0000] {logging_mixin.py:190} INFO - [2025-04-19T10:28:13.073+0000] {dagbag.py:588} INFO - Filling up the DagBag from /home/airflow/.local/lib/python3.12/site-packages/airflow/example_dags/example_nested_branch_dag.py
[2025-04-19T10:28:13.117+0000] {processor.py:925} INFO - DAG(s) 'example_nested_branch_dag' retrieved from /home/airflow/.local/lib/python3.12/site-packages/airflow/example_dags/example_nested_branch_dag.py
[2025-04-19T10:28:13.163+0000] {logging_mixin.py:190} INFO - [2025-04-19T10:28:13.163+0000] {dag.py:3239} INFO - Sync 1 DAGs
[2025-04-19T10:28:13.212+0000] {logging_mixin.py:190} INFO - [2025-04-19T10:28:13.211+0000] {dag.py:4180} INFO - Setting next_dagrun for example_nested_branch_dag to 2025-04-18 00:00:00+00:00, run_after=2025-04-19 00:00:00+00:00
[2025-04-19T10:28:13.254+0000] {processor.py:208} INFO - Processing /home/airflow/.local/lib/python3.12/site-packages/airflow/example_dags/example_nested_branch_dag.py took 0.217 seconds
[2025-04-19T10:28:44.176+0000] {processor.py:186} INFO - Started process (PID=1285) to work on /home/airflow/.local/lib/python3.12/site-packages/airflow/example_dags/example_nested_branch_dag.py
[2025-04-19T10:28:44.179+0000] {processor.py:914} INFO - Processing file /home/airflow/.local/lib/python3.12/site-packages/airflow/example_dags/example_nested_branch_dag.py for tasks to queue
[2025-04-19T10:28:44.183+0000] {logging_mixin.py:190} INFO - [2025-04-19T10:28:44.183+0000] {dagbag.py:588} INFO - Filling up the DagBag from /home/airflow/.local/lib/python3.12/site-packages/airflow/example_dags/example_nested_branch_dag.py
[2025-04-19T10:28:44.206+0000] {processor.py:925} INFO - DAG(s) 'example_nested_branch_dag' retrieved from /home/airflow/.local/lib/python3.12/site-packages/airflow/example_dags/example_nested_branch_dag.py
[2025-04-19T10:28:44.266+0000] {logging_mixin.py:190} INFO - [2025-04-19T10:28:44.265+0000] {dag.py:3239} INFO - Sync 1 DAGs
[2025-04-19T10:28:44.366+0000] {logging_mixin.py:190} INFO - [2025-04-19T10:28:44.364+0000] {dag.py:4180} INFO - Setting next_dagrun for example_nested_branch_dag to 2025-04-18 00:00:00+00:00, run_after=2025-04-19 00:00:00+00:00
[2025-04-19T10:28:44.443+0000] {processor.py:208} INFO - Processing /home/airflow/.local/lib/python3.12/site-packages/airflow/example_dags/example_nested_branch_dag.py took 0.280 seconds
[2025-04-19T10:29:15.571+0000] {processor.py:186} INFO - Started process (PID=1348) to work on /home/airflow/.local/lib/python3.12/site-packages/airflow/example_dags/example_nested_branch_dag.py
[2025-04-19T10:29:15.574+0000] {processor.py:914} INFO - Processing file /home/airflow/.local/lib/python3.12/site-packages/airflow/example_dags/example_nested_branch_dag.py for tasks to queue
[2025-04-19T10:29:15.584+0000] {logging_mixin.py:190} INFO - [2025-04-19T10:29:15.582+0000] {dagbag.py:588} INFO - Filling up the DagBag from /home/airflow/.local/lib/python3.12/site-packages/airflow/example_dags/example_nested_branch_dag.py
[2025-04-19T10:29:15.632+0000] {processor.py:925} INFO - DAG(s) 'example_nested_branch_dag' retrieved from /home/airflow/.local/lib/python3.12/site-packages/airflow/example_dags/example_nested_branch_dag.py
[2025-04-19T10:29:15.703+0000] {logging_mixin.py:190} INFO - [2025-04-19T10:29:15.703+0000] {dag.py:3239} INFO - Sync 1 DAGs
[2025-04-19T10:29:15.738+0000] {logging_mixin.py:190} INFO - [2025-04-19T10:29:15.737+0000] {dag.py:4180} INFO - Setting next_dagrun for example_nested_branch_dag to 2025-04-18 00:00:00+00:00, run_after=2025-04-19 00:00:00+00:00
[2025-04-19T10:29:15.770+0000] {processor.py:208} INFO - Processing /home/airflow/.local/lib/python3.12/site-packages/airflow/example_dags/example_nested_branch_dag.py took 0.217 seconds
[2025-04-19T10:31:40.009+0000] {processor.py:186} INFO - Started process (PID=87) to work on /home/airflow/.local/lib/python3.12/site-packages/airflow/example_dags/example_nested_branch_dag.py
[2025-04-19T10:31:40.011+0000] {processor.py:914} INFO - Processing file /home/airflow/.local/lib/python3.12/site-packages/airflow/example_dags/example_nested_branch_dag.py for tasks to queue
[2025-04-19T10:31:40.018+0000] {logging_mixin.py:190} INFO - [2025-04-19T10:31:40.017+0000] {dagbag.py:588} INFO - Filling up the DagBag from /home/airflow/.local/lib/python3.12/site-packages/airflow/example_dags/example_nested_branch_dag.py
[2025-04-19T10:31:40.054+0000] {processor.py:925} INFO - DAG(s) 'example_nested_branch_dag' retrieved from /home/airflow/.local/lib/python3.12/site-packages/airflow/example_dags/example_nested_branch_dag.py
[2025-04-19T10:31:39.266+0000] {logging_mixin.py:190} INFO - [2025-04-19T10:31:39.265+0000] {dag.py:3239} INFO - Sync 1 DAGs
[2025-04-19T10:31:39.341+0000] {logging_mixin.py:190} INFO - [2025-04-19T10:31:39.341+0000] {dag.py:4180} INFO - Setting next_dagrun for example_nested_branch_dag to 2025-04-18 00:00:00+00:00, run_after=2025-04-19 00:00:00+00:00
[2025-04-19T10:31:39.389+0000] {processor.py:208} INFO - Processing /home/airflow/.local/lib/python3.12/site-packages/airflow/example_dags/example_nested_branch_dag.py took 0.247 seconds
[2025-04-19T10:32:10.088+0000] {processor.py:186} INFO - Started process (PID=145) to work on /home/airflow/.local/lib/python3.12/site-packages/airflow/example_dags/example_nested_branch_dag.py
[2025-04-19T10:32:10.091+0000] {processor.py:914} INFO - Processing file /home/airflow/.local/lib/python3.12/site-packages/airflow/example_dags/example_nested_branch_dag.py for tasks to queue
[2025-04-19T10:32:10.097+0000] {logging_mixin.py:190} INFO - [2025-04-19T10:32:10.096+0000] {dagbag.py:588} INFO - Filling up the DagBag from /home/airflow/.local/lib/python3.12/site-packages/airflow/example_dags/example_nested_branch_dag.py
[2025-04-19T10:32:10.120+0000] {processor.py:925} INFO - DAG(s) 'example_nested_branch_dag' retrieved from /home/airflow/.local/lib/python3.12/site-packages/airflow/example_dags/example_nested_branch_dag.py
[2025-04-19T10:32:10.152+0000] {logging_mixin.py:190} INFO - [2025-04-19T10:32:10.152+0000] {dag.py:3239} INFO - Sync 1 DAGs
[2025-04-19T10:32:10.186+0000] {logging_mixin.py:190} INFO - [2025-04-19T10:32:10.186+0000] {dag.py:4180} INFO - Setting next_dagrun for example_nested_branch_dag to 2025-04-18 00:00:00+00:00, run_after=2025-04-19 00:00:00+00:00
[2025-04-19T10:32:10.218+0000] {processor.py:208} INFO - Processing /home/airflow/.local/lib/python3.12/site-packages/airflow/example_dags/example_nested_branch_dag.py took 0.142 seconds
[2025-04-19T10:32:41.141+0000] {processor.py:186} INFO - Started process (PID=212) to work on /home/airflow/.local/lib/python3.12/site-packages/airflow/example_dags/example_nested_branch_dag.py
[2025-04-19T10:32:41.144+0000] {processor.py:914} INFO - Processing file /home/airflow/.local/lib/python3.12/site-packages/airflow/example_dags/example_nested_branch_dag.py for tasks to queue
[2025-04-19T10:32:41.148+0000] {logging_mixin.py:190} INFO - [2025-04-19T10:32:41.148+0000] {dagbag.py:588} INFO - Filling up the DagBag from /home/airflow/.local/lib/python3.12/site-packages/airflow/example_dags/example_nested_branch_dag.py
[2025-04-19T10:32:41.170+0000] {processor.py:925} INFO - DAG(s) 'example_nested_branch_dag' retrieved from /home/airflow/.local/lib/python3.12/site-packages/airflow/example_dags/example_nested_branch_dag.py
[2025-04-19T10:32:41.219+0000] {logging_mixin.py:190} INFO - [2025-04-19T10:32:41.218+0000] {dag.py:3239} INFO - Sync 1 DAGs
[2025-04-19T10:32:41.296+0000] {logging_mixin.py:190} INFO - [2025-04-19T10:32:41.296+0000] {dag.py:4180} INFO - Setting next_dagrun for example_nested_branch_dag to 2025-04-18 00:00:00+00:00, run_after=2025-04-19 00:00:00+00:00
[2025-04-19T10:32:41.344+0000] {processor.py:208} INFO - Processing /home/airflow/.local/lib/python3.12/site-packages/airflow/example_dags/example_nested_branch_dag.py took 0.213 seconds
[2025-04-19T10:33:11.978+0000] {processor.py:186} INFO - Started process (PID=276) to work on /home/airflow/.local/lib/python3.12/site-packages/airflow/example_dags/example_nested_branch_dag.py
[2025-04-19T10:33:11.980+0000] {processor.py:914} INFO - Processing file /home/airflow/.local/lib/python3.12/site-packages/airflow/example_dags/example_nested_branch_dag.py for tasks to queue
[2025-04-19T10:33:11.986+0000] {logging_mixin.py:190} INFO - [2025-04-19T10:33:11.985+0000] {dagbag.py:588} INFO - Filling up the DagBag from /home/airflow/.local/lib/python3.12/site-packages/airflow/example_dags/example_nested_branch_dag.py
[2025-04-19T10:33:12.005+0000] {processor.py:925} INFO - DAG(s) 'example_nested_branch_dag' retrieved from /home/airflow/.local/lib/python3.12/site-packages/airflow/example_dags/example_nested_branch_dag.py
[2025-04-19T10:33:12.044+0000] {logging_mixin.py:190} INFO - [2025-04-19T10:33:12.043+0000] {dag.py:3239} INFO - Sync 1 DAGs
[2025-04-19T10:33:12.092+0000] {logging_mixin.py:190} INFO - [2025-04-19T10:33:12.091+0000] {dag.py:4180} INFO - Setting next_dagrun for example_nested_branch_dag to 2025-04-18 00:00:00+00:00, run_after=2025-04-19 00:00:00+00:00
[2025-04-19T10:33:12.150+0000] {processor.py:208} INFO - Processing /home/airflow/.local/lib/python3.12/site-packages/airflow/example_dags/example_nested_branch_dag.py took 0.191 seconds
[2025-04-19T10:33:43.053+0000] {processor.py:186} INFO - Started process (PID=339) to work on /home/airflow/.local/lib/python3.12/site-packages/airflow/example_dags/example_nested_branch_dag.py
[2025-04-19T10:33:43.055+0000] {processor.py:914} INFO - Processing file /home/airflow/.local/lib/python3.12/site-packages/airflow/example_dags/example_nested_branch_dag.py for tasks to queue
[2025-04-19T10:33:43.068+0000] {logging_mixin.py:190} INFO - [2025-04-19T10:33:43.067+0000] {dagbag.py:588} INFO - Filling up the DagBag from /home/airflow/.local/lib/python3.12/site-packages/airflow/example_dags/example_nested_branch_dag.py
[2025-04-19T10:33:43.107+0000] {processor.py:925} INFO - DAG(s) 'example_nested_branch_dag' retrieved from /home/airflow/.local/lib/python3.12/site-packages/airflow/example_dags/example_nested_branch_dag.py
[2025-04-19T10:33:43.163+0000] {logging_mixin.py:190} INFO - [2025-04-19T10:33:43.163+0000] {dag.py:3239} INFO - Sync 1 DAGs
[2025-04-19T10:33:43.231+0000] {logging_mixin.py:190} INFO - [2025-04-19T10:33:43.230+0000] {dag.py:4180} INFO - Setting next_dagrun for example_nested_branch_dag to 2025-04-18 00:00:00+00:00, run_after=2025-04-19 00:00:00+00:00
[2025-04-19T10:33:43.286+0000] {processor.py:208} INFO - Processing /home/airflow/.local/lib/python3.12/site-packages/airflow/example_dags/example_nested_branch_dag.py took 0.251 seconds
