[2025-04-19T10:18:59.038+0000] {processor.py:186} INFO - Started process (PID=87) to work on /home/airflow/.local/lib/python3.12/site-packages/airflow/example_dags/example_setup_teardown.py
[2025-04-19T10:18:59.041+0000] {processor.py:914} INFO - Processing file /home/airflow/.local/lib/python3.12/site-packages/airflow/example_dags/example_setup_teardown.py for tasks to queue
[2025-04-19T10:18:59.048+0000] {logging_mixin.py:190} INFO - [2025-04-19T10:18:59.047+0000] {dagbag.py:588} INFO - Filling up the DagBag from /home/airflow/.local/lib/python3.12/site-packages/airflow/example_dags/example_setup_teardown.py
[2025-04-19T10:18:59.071+0000] {processor.py:925} INFO - DAG(s) 'example_setup_teardown' retrieved from /home/airflow/.local/lib/python3.12/site-packages/airflow/example_dags/example_setup_teardown.py
[2025-04-19T10:18:59.346+0000] {logging_mixin.py:190} INFO - [2025-04-19T10:18:59.340+0000] {override.py:1912} INFO - Created Permission View: can delete on DAG:example_setup_teardown
[2025-04-19T10:18:59.386+0000] {logging_mixin.py:190} INFO - [2025-04-19T10:18:59.385+0000] {override.py:1912} INFO - Created Permission View: can read on DAG:example_setup_teardown
[2025-04-19T10:18:59.403+0000] {logging_mixin.py:190} INFO - [2025-04-19T10:18:59.402+0000] {override.py:1912} INFO - Created Permission View: can edit on DAG:example_setup_teardown
[2025-04-19T10:18:59.423+0000] {logging_mixin.py:190} INFO - [2025-04-19T10:18:59.422+0000] {override.py:1912} INFO - Created Permission View: can delete on DAG Run:example_setup_teardown
[2025-04-19T10:18:59.442+0000] {logging_mixin.py:190} INFO - [2025-04-19T10:18:59.442+0000] {override.py:1912} INFO - Created Permission View: can read on DAG Run:example_setup_teardown
[2025-04-19T10:18:59.463+0000] {logging_mixin.py:190} INFO - [2025-04-19T10:18:59.462+0000] {override.py:1912} INFO - Created Permission View: menu access on DAG Run:example_setup_teardown
[2025-04-19T10:18:59.480+0000] {logging_mixin.py:190} INFO - [2025-04-19T10:18:59.478+0000] {override.py:1912} INFO - Created Permission View: can create on DAG Run:example_setup_teardown
[2025-04-19T10:18:59.481+0000] {logging_mixin.py:190} INFO - [2025-04-19T10:18:59.481+0000] {dag.py:3239} INFO - Sync 1 DAGs
[2025-04-19T10:18:59.546+0000] {logging_mixin.py:190} INFO - [2025-04-19T10:18:59.546+0000] {dag.py:3262} INFO - Creating ORM DAG for example_setup_teardown
[2025-04-19T10:18:59.549+0000] {logging_mixin.py:190} INFO - [2025-04-19T10:18:59.549+0000] {dag.py:4180} INFO - Setting next_dagrun for example_setup_teardown to None, run_after=None
[2025-04-19T10:18:59.598+0000] {processor.py:208} INFO - Processing /home/airflow/.local/lib/python3.12/site-packages/airflow/example_dags/example_setup_teardown.py took 0.572 seconds
[2025-04-19T10:19:30.434+0000] {processor.py:186} INFO - Started process (PID=149) to work on /home/airflow/.local/lib/python3.12/site-packages/airflow/example_dags/example_setup_teardown.py
[2025-04-19T10:19:30.438+0000] {processor.py:914} INFO - Processing file /home/airflow/.local/lib/python3.12/site-packages/airflow/example_dags/example_setup_teardown.py for tasks to queue
[2025-04-19T10:19:30.444+0000] {logging_mixin.py:190} INFO - [2025-04-19T10:19:30.443+0000] {dagbag.py:588} INFO - Filling up the DagBag from /home/airflow/.local/lib/python3.12/site-packages/airflow/example_dags/example_setup_teardown.py
[2025-04-19T10:19:30.469+0000] {processor.py:925} INFO - DAG(s) 'example_setup_teardown' retrieved from /home/airflow/.local/lib/python3.12/site-packages/airflow/example_dags/example_setup_teardown.py
[2025-04-19T10:19:30.523+0000] {logging_mixin.py:190} INFO - [2025-04-19T10:19:30.522+0000] {dag.py:3239} INFO - Sync 1 DAGs
[2025-04-19T10:19:30.549+0000] {logging_mixin.py:190} INFO - [2025-04-19T10:19:30.549+0000] {dag.py:4180} INFO - Setting next_dagrun for example_setup_teardown to None, run_after=None
[2025-04-19T10:19:30.588+0000] {processor.py:208} INFO - Processing /home/airflow/.local/lib/python3.12/site-packages/airflow/example_dags/example_setup_teardown.py took 0.170 seconds
[2025-04-19T10:20:01.293+0000] {processor.py:186} INFO - Started process (PID=212) to work on /home/airflow/.local/lib/python3.12/site-packages/airflow/example_dags/example_setup_teardown.py
[2025-04-19T10:20:01.296+0000] {processor.py:914} INFO - Processing file /home/airflow/.local/lib/python3.12/site-packages/airflow/example_dags/example_setup_teardown.py for tasks to queue
[2025-04-19T10:20:01.308+0000] {logging_mixin.py:190} INFO - [2025-04-19T10:20:01.306+0000] {dagbag.py:588} INFO - Filling up the DagBag from /home/airflow/.local/lib/python3.12/site-packages/airflow/example_dags/example_setup_teardown.py
[2025-04-19T10:20:01.353+0000] {processor.py:925} INFO - DAG(s) 'example_setup_teardown' retrieved from /home/airflow/.local/lib/python3.12/site-packages/airflow/example_dags/example_setup_teardown.py
[2025-04-19T10:20:01.423+0000] {logging_mixin.py:190} INFO - [2025-04-19T10:20:01.422+0000] {dag.py:3239} INFO - Sync 1 DAGs
[2025-04-19T10:20:01.473+0000] {logging_mixin.py:190} INFO - [2025-04-19T10:20:01.472+0000] {dag.py:4180} INFO - Setting next_dagrun for example_setup_teardown to None, run_after=None
[2025-04-19T10:20:01.537+0000] {processor.py:208} INFO - Processing /home/airflow/.local/lib/python3.12/site-packages/airflow/example_dags/example_setup_teardown.py took 0.262 seconds
[2025-04-19T10:20:31.691+0000] {processor.py:186} INFO - Started process (PID=275) to work on /home/airflow/.local/lib/python3.12/site-packages/airflow/example_dags/example_setup_teardown.py
[2025-04-19T10:20:31.694+0000] {processor.py:914} INFO - Processing file /home/airflow/.local/lib/python3.12/site-packages/airflow/example_dags/example_setup_teardown.py for tasks to queue
[2025-04-19T10:20:31.699+0000] {logging_mixin.py:190} INFO - [2025-04-19T10:20:31.698+0000] {dagbag.py:588} INFO - Filling up the DagBag from /home/airflow/.local/lib/python3.12/site-packages/airflow/example_dags/example_setup_teardown.py
[2025-04-19T10:20:31.729+0000] {processor.py:925} INFO - DAG(s) 'example_setup_teardown' retrieved from /home/airflow/.local/lib/python3.12/site-packages/airflow/example_dags/example_setup_teardown.py
[2025-04-19T10:20:31.783+0000] {logging_mixin.py:190} INFO - [2025-04-19T10:20:31.783+0000] {dag.py:3239} INFO - Sync 1 DAGs
[2025-04-19T10:20:31.857+0000] {logging_mixin.py:190} INFO - [2025-04-19T10:20:31.856+0000] {dag.py:4180} INFO - Setting next_dagrun for example_setup_teardown to None, run_after=None
[2025-04-19T10:20:31.906+0000] {processor.py:208} INFO - Processing /home/airflow/.local/lib/python3.12/site-packages/airflow/example_dags/example_setup_teardown.py took 0.230 seconds
[2025-04-19T10:21:02.098+0000] {processor.py:186} INFO - Started process (PID=338) to work on /home/airflow/.local/lib/python3.12/site-packages/airflow/example_dags/example_setup_teardown.py
[2025-04-19T10:21:02.103+0000] {processor.py:914} INFO - Processing file /home/airflow/.local/lib/python3.12/site-packages/airflow/example_dags/example_setup_teardown.py for tasks to queue
[2025-04-19T10:21:02.113+0000] {logging_mixin.py:190} INFO - [2025-04-19T10:21:02.111+0000] {dagbag.py:588} INFO - Filling up the DagBag from /home/airflow/.local/lib/python3.12/site-packages/airflow/example_dags/example_setup_teardown.py
[2025-04-19T10:21:02.134+0000] {processor.py:925} INFO - DAG(s) 'example_setup_teardown' retrieved from /home/airflow/.local/lib/python3.12/site-packages/airflow/example_dags/example_setup_teardown.py
[2025-04-19T10:21:02.202+0000] {logging_mixin.py:190} INFO - [2025-04-19T10:21:02.200+0000] {dag.py:3239} INFO - Sync 1 DAGs
[2025-04-19T10:21:02.243+0000] {logging_mixin.py:190} INFO - [2025-04-19T10:21:02.243+0000] {dag.py:4180} INFO - Setting next_dagrun for example_setup_teardown to None, run_after=None
[2025-04-19T10:21:02.297+0000] {processor.py:208} INFO - Processing /home/airflow/.local/lib/python3.12/site-packages/airflow/example_dags/example_setup_teardown.py took 0.227 seconds
[2025-04-19T10:21:32.841+0000] {processor.py:186} INFO - Started process (PID=401) to work on /home/airflow/.local/lib/python3.12/site-packages/airflow/example_dags/example_setup_teardown.py
[2025-04-19T10:21:32.844+0000] {processor.py:914} INFO - Processing file /home/airflow/.local/lib/python3.12/site-packages/airflow/example_dags/example_setup_teardown.py for tasks to queue
[2025-04-19T10:21:32.851+0000] {logging_mixin.py:190} INFO - [2025-04-19T10:21:32.850+0000] {dagbag.py:588} INFO - Filling up the DagBag from /home/airflow/.local/lib/python3.12/site-packages/airflow/example_dags/example_setup_teardown.py
[2025-04-19T10:21:32.881+0000] {processor.py:925} INFO - DAG(s) 'example_setup_teardown' retrieved from /home/airflow/.local/lib/python3.12/site-packages/airflow/example_dags/example_setup_teardown.py
[2025-04-19T10:21:32.957+0000] {logging_mixin.py:190} INFO - [2025-04-19T10:21:32.956+0000] {dag.py:3239} INFO - Sync 1 DAGs
[2025-04-19T10:21:32.997+0000] {logging_mixin.py:190} INFO - [2025-04-19T10:21:32.996+0000] {dag.py:4180} INFO - Setting next_dagrun for example_setup_teardown to None, run_after=None
[2025-04-19T10:21:33.029+0000] {processor.py:208} INFO - Processing /home/airflow/.local/lib/python3.12/site-packages/airflow/example_dags/example_setup_teardown.py took 0.202 seconds
[2025-04-19T10:22:03.391+0000] {processor.py:186} INFO - Started process (PID=464) to work on /home/airflow/.local/lib/python3.12/site-packages/airflow/example_dags/example_setup_teardown.py
[2025-04-19T10:22:03.394+0000] {processor.py:914} INFO - Processing file /home/airflow/.local/lib/python3.12/site-packages/airflow/example_dags/example_setup_teardown.py for tasks to queue
[2025-04-19T10:22:03.402+0000] {logging_mixin.py:190} INFO - [2025-04-19T10:22:03.401+0000] {dagbag.py:588} INFO - Filling up the DagBag from /home/airflow/.local/lib/python3.12/site-packages/airflow/example_dags/example_setup_teardown.py
[2025-04-19T10:22:03.433+0000] {processor.py:925} INFO - DAG(s) 'example_setup_teardown' retrieved from /home/airflow/.local/lib/python3.12/site-packages/airflow/example_dags/example_setup_teardown.py
[2025-04-19T10:22:03.510+0000] {logging_mixin.py:190} INFO - [2025-04-19T10:22:03.510+0000] {dag.py:3239} INFO - Sync 1 DAGs
[2025-04-19T10:22:03.531+0000] {logging_mixin.py:190} INFO - [2025-04-19T10:22:03.530+0000] {dag.py:4180} INFO - Setting next_dagrun for example_setup_teardown to None, run_after=None
[2025-04-19T10:22:03.577+0000] {processor.py:208} INFO - Processing /home/airflow/.local/lib/python3.12/site-packages/airflow/example_dags/example_setup_teardown.py took 0.201 seconds
[2025-04-19T10:22:34.506+0000] {processor.py:186} INFO - Started process (PID=526) to work on /home/airflow/.local/lib/python3.12/site-packages/airflow/example_dags/example_setup_teardown.py
[2025-04-19T10:22:34.510+0000] {processor.py:914} INFO - Processing file /home/airflow/.local/lib/python3.12/site-packages/airflow/example_dags/example_setup_teardown.py for tasks to queue
[2025-04-19T10:22:34.515+0000] {logging_mixin.py:190} INFO - [2025-04-19T10:22:34.515+0000] {dagbag.py:588} INFO - Filling up the DagBag from /home/airflow/.local/lib/python3.12/site-packages/airflow/example_dags/example_setup_teardown.py
[2025-04-19T10:22:34.530+0000] {processor.py:925} INFO - DAG(s) 'example_setup_teardown' retrieved from /home/airflow/.local/lib/python3.12/site-packages/airflow/example_dags/example_setup_teardown.py
[2025-04-19T10:22:34.562+0000] {logging_mixin.py:190} INFO - [2025-04-19T10:22:34.561+0000] {dag.py:3239} INFO - Sync 1 DAGs
[2025-04-19T10:22:34.583+0000] {logging_mixin.py:190} INFO - [2025-04-19T10:22:34.583+0000] {dag.py:4180} INFO - Setting next_dagrun for example_setup_teardown to None, run_after=None
[2025-04-19T10:22:34.615+0000] {processor.py:208} INFO - Processing /home/airflow/.local/lib/python3.12/site-packages/airflow/example_dags/example_setup_teardown.py took 0.136 seconds
[2025-04-19T10:23:05.458+0000] {processor.py:186} INFO - Started process (PID=588) to work on /home/airflow/.local/lib/python3.12/site-packages/airflow/example_dags/example_setup_teardown.py
[2025-04-19T10:23:05.463+0000] {processor.py:914} INFO - Processing file /home/airflow/.local/lib/python3.12/site-packages/airflow/example_dags/example_setup_teardown.py for tasks to queue
[2025-04-19T10:23:05.474+0000] {logging_mixin.py:190} INFO - [2025-04-19T10:23:05.472+0000] {dagbag.py:588} INFO - Filling up the DagBag from /home/airflow/.local/lib/python3.12/site-packages/airflow/example_dags/example_setup_teardown.py
[2025-04-19T10:23:05.515+0000] {processor.py:925} INFO - DAG(s) 'example_setup_teardown' retrieved from /home/airflow/.local/lib/python3.12/site-packages/airflow/example_dags/example_setup_teardown.py
[2025-04-19T10:23:05.601+0000] {logging_mixin.py:190} INFO - [2025-04-19T10:23:05.600+0000] {dag.py:3239} INFO - Sync 1 DAGs
[2025-04-19T10:23:05.638+0000] {logging_mixin.py:190} INFO - [2025-04-19T10:23:05.638+0000] {dag.py:4180} INFO - Setting next_dagrun for example_setup_teardown to None, run_after=None
[2025-04-19T10:23:05.701+0000] {processor.py:208} INFO - Processing /home/airflow/.local/lib/python3.12/site-packages/airflow/example_dags/example_setup_teardown.py took 0.260 seconds
[2025-04-19T10:23:36.065+0000] {processor.py:186} INFO - Started process (PID=651) to work on /home/airflow/.local/lib/python3.12/site-packages/airflow/example_dags/example_setup_teardown.py
[2025-04-19T10:23:36.068+0000] {processor.py:914} INFO - Processing file /home/airflow/.local/lib/python3.12/site-packages/airflow/example_dags/example_setup_teardown.py for tasks to queue
[2025-04-19T10:23:36.074+0000] {logging_mixin.py:190} INFO - [2025-04-19T10:23:36.073+0000] {dagbag.py:588} INFO - Filling up the DagBag from /home/airflow/.local/lib/python3.12/site-packages/airflow/example_dags/example_setup_teardown.py
[2025-04-19T10:23:36.095+0000] {processor.py:925} INFO - DAG(s) 'example_setup_teardown' retrieved from /home/airflow/.local/lib/python3.12/site-packages/airflow/example_dags/example_setup_teardown.py
[2025-04-19T10:23:36.138+0000] {logging_mixin.py:190} INFO - [2025-04-19T10:23:36.138+0000] {dag.py:3239} INFO - Sync 1 DAGs
[2025-04-19T10:23:36.162+0000] {logging_mixin.py:190} INFO - [2025-04-19T10:23:36.162+0000] {dag.py:4180} INFO - Setting next_dagrun for example_setup_teardown to None, run_after=None
[2025-04-19T10:23:36.232+0000] {processor.py:208} INFO - Processing /home/airflow/.local/lib/python3.12/site-packages/airflow/example_dags/example_setup_teardown.py took 0.184 seconds
[2025-04-19T10:24:06.806+0000] {processor.py:186} INFO - Started process (PID=715) to work on /home/airflow/.local/lib/python3.12/site-packages/airflow/example_dags/example_setup_teardown.py
[2025-04-19T10:24:06.810+0000] {processor.py:914} INFO - Processing file /home/airflow/.local/lib/python3.12/site-packages/airflow/example_dags/example_setup_teardown.py for tasks to queue
[2025-04-19T10:24:06.820+0000] {logging_mixin.py:190} INFO - [2025-04-19T10:24:06.819+0000] {dagbag.py:588} INFO - Filling up the DagBag from /home/airflow/.local/lib/python3.12/site-packages/airflow/example_dags/example_setup_teardown.py
[2025-04-19T10:24:06.865+0000] {processor.py:925} INFO - DAG(s) 'example_setup_teardown' retrieved from /home/airflow/.local/lib/python3.12/site-packages/airflow/example_dags/example_setup_teardown.py
[2025-04-19T10:24:06.986+0000] {logging_mixin.py:190} INFO - [2025-04-19T10:24:06.985+0000] {dag.py:3239} INFO - Sync 1 DAGs
[2025-04-19T10:24:07.043+0000] {logging_mixin.py:190} INFO - [2025-04-19T10:24:07.042+0000] {dag.py:4180} INFO - Setting next_dagrun for example_setup_teardown to None, run_after=None
[2025-04-19T10:24:07.102+0000] {processor.py:208} INFO - Processing /home/airflow/.local/lib/python3.12/site-packages/airflow/example_dags/example_setup_teardown.py took 0.316 seconds
[2025-04-19T10:24:37.726+0000] {processor.py:186} INFO - Started process (PID=778) to work on /home/airflow/.local/lib/python3.12/site-packages/airflow/example_dags/example_setup_teardown.py
[2025-04-19T10:24:37.730+0000] {processor.py:914} INFO - Processing file /home/airflow/.local/lib/python3.12/site-packages/airflow/example_dags/example_setup_teardown.py for tasks to queue
[2025-04-19T10:24:37.738+0000] {logging_mixin.py:190} INFO - [2025-04-19T10:24:37.737+0000] {dagbag.py:588} INFO - Filling up the DagBag from /home/airflow/.local/lib/python3.12/site-packages/airflow/example_dags/example_setup_teardown.py
[2025-04-19T10:24:37.759+0000] {processor.py:925} INFO - DAG(s) 'example_setup_teardown' retrieved from /home/airflow/.local/lib/python3.12/site-packages/airflow/example_dags/example_setup_teardown.py
[2025-04-19T10:24:37.806+0000] {logging_mixin.py:190} INFO - [2025-04-19T10:24:37.806+0000] {dag.py:3239} INFO - Sync 1 DAGs
[2025-04-19T10:24:37.830+0000] {logging_mixin.py:190} INFO - [2025-04-19T10:24:37.829+0000] {dag.py:4180} INFO - Setting next_dagrun for example_setup_teardown to None, run_after=None
[2025-04-19T10:24:37.862+0000] {processor.py:208} INFO - Processing /home/airflow/.local/lib/python3.12/site-packages/airflow/example_dags/example_setup_teardown.py took 0.150 seconds
[2025-04-19T10:25:08.164+0000] {processor.py:186} INFO - Started process (PID=848) to work on /home/airflow/.local/lib/python3.12/site-packages/airflow/example_dags/example_setup_teardown.py
[2025-04-19T10:25:08.167+0000] {processor.py:914} INFO - Processing file /home/airflow/.local/lib/python3.12/site-packages/airflow/example_dags/example_setup_teardown.py for tasks to queue
[2025-04-19T10:25:08.173+0000] {logging_mixin.py:190} INFO - [2025-04-19T10:25:08.172+0000] {dagbag.py:588} INFO - Filling up the DagBag from /home/airflow/.local/lib/python3.12/site-packages/airflow/example_dags/example_setup_teardown.py
[2025-04-19T10:25:08.192+0000] {processor.py:925} INFO - DAG(s) 'example_setup_teardown' retrieved from /home/airflow/.local/lib/python3.12/site-packages/airflow/example_dags/example_setup_teardown.py
[2025-04-19T10:25:08.228+0000] {logging_mixin.py:190} INFO - [2025-04-19T10:25:08.228+0000] {dag.py:3239} INFO - Sync 1 DAGs
[2025-04-19T10:25:08.249+0000] {logging_mixin.py:190} INFO - [2025-04-19T10:25:08.249+0000] {dag.py:4180} INFO - Setting next_dagrun for example_setup_teardown to None, run_after=None
[2025-04-19T10:25:08.287+0000] {processor.py:208} INFO - Processing /home/airflow/.local/lib/python3.12/site-packages/airflow/example_dags/example_setup_teardown.py took 0.136 seconds
[2025-04-19T10:25:38.977+0000] {processor.py:186} INFO - Started process (PID=911) to work on /home/airflow/.local/lib/python3.12/site-packages/airflow/example_dags/example_setup_teardown.py
[2025-04-19T10:25:38.980+0000] {processor.py:914} INFO - Processing file /home/airflow/.local/lib/python3.12/site-packages/airflow/example_dags/example_setup_teardown.py for tasks to queue
[2025-04-19T10:25:38.988+0000] {logging_mixin.py:190} INFO - [2025-04-19T10:25:38.987+0000] {dagbag.py:588} INFO - Filling up the DagBag from /home/airflow/.local/lib/python3.12/site-packages/airflow/example_dags/example_setup_teardown.py
[2025-04-19T10:25:39.007+0000] {processor.py:925} INFO - DAG(s) 'example_setup_teardown' retrieved from /home/airflow/.local/lib/python3.12/site-packages/airflow/example_dags/example_setup_teardown.py
[2025-04-19T10:25:39.053+0000] {logging_mixin.py:190} INFO - [2025-04-19T10:25:39.052+0000] {dag.py:3239} INFO - Sync 1 DAGs
[2025-04-19T10:25:39.077+0000] {logging_mixin.py:190} INFO - [2025-04-19T10:25:39.077+0000] {dag.py:4180} INFO - Setting next_dagrun for example_setup_teardown to None, run_after=None
[2025-04-19T10:25:39.126+0000] {processor.py:208} INFO - Processing /home/airflow/.local/lib/python3.12/site-packages/airflow/example_dags/example_setup_teardown.py took 0.160 seconds
[2025-04-19T10:26:09.425+0000] {processor.py:186} INFO - Started process (PID=973) to work on /home/airflow/.local/lib/python3.12/site-packages/airflow/example_dags/example_setup_teardown.py
[2025-04-19T10:26:09.427+0000] {processor.py:914} INFO - Processing file /home/airflow/.local/lib/python3.12/site-packages/airflow/example_dags/example_setup_teardown.py for tasks to queue
[2025-04-19T10:26:09.432+0000] {logging_mixin.py:190} INFO - [2025-04-19T10:26:09.431+0000] {dagbag.py:588} INFO - Filling up the DagBag from /home/airflow/.local/lib/python3.12/site-packages/airflow/example_dags/example_setup_teardown.py
[2025-04-19T10:26:09.448+0000] {processor.py:925} INFO - DAG(s) 'example_setup_teardown' retrieved from /home/airflow/.local/lib/python3.12/site-packages/airflow/example_dags/example_setup_teardown.py
[2025-04-19T10:26:09.488+0000] {logging_mixin.py:190} INFO - [2025-04-19T10:26:09.488+0000] {dag.py:3239} INFO - Sync 1 DAGs
[2025-04-19T10:26:09.513+0000] {logging_mixin.py:190} INFO - [2025-04-19T10:26:09.513+0000] {dag.py:4180} INFO - Setting next_dagrun for example_setup_teardown to None, run_after=None
[2025-04-19T10:26:09.549+0000] {processor.py:208} INFO - Processing /home/airflow/.local/lib/python3.12/site-packages/airflow/example_dags/example_setup_teardown.py took 0.138 seconds
[2025-04-19T10:26:40.200+0000] {processor.py:186} INFO - Started process (PID=1036) to work on /home/airflow/.local/lib/python3.12/site-packages/airflow/example_dags/example_setup_teardown.py
[2025-04-19T10:26:40.202+0000] {processor.py:914} INFO - Processing file /home/airflow/.local/lib/python3.12/site-packages/airflow/example_dags/example_setup_teardown.py for tasks to queue
[2025-04-19T10:26:40.209+0000] {logging_mixin.py:190} INFO - [2025-04-19T10:26:40.208+0000] {dagbag.py:588} INFO - Filling up the DagBag from /home/airflow/.local/lib/python3.12/site-packages/airflow/example_dags/example_setup_teardown.py
[2025-04-19T10:26:40.228+0000] {processor.py:925} INFO - DAG(s) 'example_setup_teardown' retrieved from /home/airflow/.local/lib/python3.12/site-packages/airflow/example_dags/example_setup_teardown.py
[2025-04-19T10:26:40.265+0000] {logging_mixin.py:190} INFO - [2025-04-19T10:26:40.264+0000] {dag.py:3239} INFO - Sync 1 DAGs
[2025-04-19T10:26:40.286+0000] {logging_mixin.py:190} INFO - [2025-04-19T10:26:40.286+0000] {dag.py:4180} INFO - Setting next_dagrun for example_setup_teardown to None, run_after=None
[2025-04-19T10:26:40.325+0000] {processor.py:208} INFO - Processing /home/airflow/.local/lib/python3.12/site-packages/airflow/example_dags/example_setup_teardown.py took 0.136 seconds
[2025-04-19T10:27:11.015+0000] {processor.py:186} INFO - Started process (PID=1100) to work on /home/airflow/.local/lib/python3.12/site-packages/airflow/example_dags/example_setup_teardown.py
[2025-04-19T10:27:11.018+0000] {processor.py:914} INFO - Processing file /home/airflow/.local/lib/python3.12/site-packages/airflow/example_dags/example_setup_teardown.py for tasks to queue
[2025-04-19T10:27:11.023+0000] {logging_mixin.py:190} INFO - [2025-04-19T10:27:11.022+0000] {dagbag.py:588} INFO - Filling up the DagBag from /home/airflow/.local/lib/python3.12/site-packages/airflow/example_dags/example_setup_teardown.py
[2025-04-19T10:27:11.039+0000] {processor.py:925} INFO - DAG(s) 'example_setup_teardown' retrieved from /home/airflow/.local/lib/python3.12/site-packages/airflow/example_dags/example_setup_teardown.py
[2025-04-19T10:27:11.080+0000] {logging_mixin.py:190} INFO - [2025-04-19T10:27:11.080+0000] {dag.py:3239} INFO - Sync 1 DAGs
[2025-04-19T10:27:11.116+0000] {logging_mixin.py:190} INFO - [2025-04-19T10:27:11.115+0000] {dag.py:4180} INFO - Setting next_dagrun for example_setup_teardown to None, run_after=None
[2025-04-19T10:27:11.149+0000] {processor.py:208} INFO - Processing /home/airflow/.local/lib/python3.12/site-packages/airflow/example_dags/example_setup_teardown.py took 0.144 seconds
[2025-04-19T10:27:41.948+0000] {processor.py:186} INFO - Started process (PID=1162) to work on /home/airflow/.local/lib/python3.12/site-packages/airflow/example_dags/example_setup_teardown.py
[2025-04-19T10:27:41.951+0000] {processor.py:914} INFO - Processing file /home/airflow/.local/lib/python3.12/site-packages/airflow/example_dags/example_setup_teardown.py for tasks to queue
[2025-04-19T10:27:41.958+0000] {logging_mixin.py:190} INFO - [2025-04-19T10:27:41.957+0000] {dagbag.py:588} INFO - Filling up the DagBag from /home/airflow/.local/lib/python3.12/site-packages/airflow/example_dags/example_setup_teardown.py
[2025-04-19T10:27:41.979+0000] {processor.py:925} INFO - DAG(s) 'example_setup_teardown' retrieved from /home/airflow/.local/lib/python3.12/site-packages/airflow/example_dags/example_setup_teardown.py
[2025-04-19T10:27:42.025+0000] {logging_mixin.py:190} INFO - [2025-04-19T10:27:42.025+0000] {dag.py:3239} INFO - Sync 1 DAGs
[2025-04-19T10:27:42.048+0000] {logging_mixin.py:190} INFO - [2025-04-19T10:27:42.047+0000] {dag.py:4180} INFO - Setting next_dagrun for example_setup_teardown to None, run_after=None
[2025-04-19T10:27:42.088+0000] {processor.py:208} INFO - Processing /home/airflow/.local/lib/python3.12/site-packages/airflow/example_dags/example_setup_teardown.py took 0.155 seconds
[2025-04-19T10:28:13.052+0000] {processor.py:186} INFO - Started process (PID=1225) to work on /home/airflow/.local/lib/python3.12/site-packages/airflow/example_dags/example_setup_teardown.py
[2025-04-19T10:28:13.057+0000] {processor.py:914} INFO - Processing file /home/airflow/.local/lib/python3.12/site-packages/airflow/example_dags/example_setup_teardown.py for tasks to queue
[2025-04-19T10:28:13.068+0000] {logging_mixin.py:190} INFO - [2025-04-19T10:28:13.066+0000] {dagbag.py:588} INFO - Filling up the DagBag from /home/airflow/.local/lib/python3.12/site-packages/airflow/example_dags/example_setup_teardown.py
[2025-04-19T10:28:13.106+0000] {processor.py:925} INFO - DAG(s) 'example_setup_teardown' retrieved from /home/airflow/.local/lib/python3.12/site-packages/airflow/example_dags/example_setup_teardown.py
[2025-04-19T10:28:13.154+0000] {logging_mixin.py:190} INFO - [2025-04-19T10:28:13.154+0000] {dag.py:3239} INFO - Sync 1 DAGs
[2025-04-19T10:28:13.182+0000] {logging_mixin.py:190} INFO - [2025-04-19T10:28:13.181+0000] {dag.py:4180} INFO - Setting next_dagrun for example_setup_teardown to None, run_after=None
[2025-04-19T10:28:13.224+0000] {processor.py:208} INFO - Processing /home/airflow/.local/lib/python3.12/site-packages/airflow/example_dags/example_setup_teardown.py took 0.189 seconds
[2025-04-19T10:28:44.046+0000] {processor.py:186} INFO - Started process (PID=1284) to work on /home/airflow/.local/lib/python3.12/site-packages/airflow/example_dags/example_setup_teardown.py
[2025-04-19T10:28:44.049+0000] {processor.py:914} INFO - Processing file /home/airflow/.local/lib/python3.12/site-packages/airflow/example_dags/example_setup_teardown.py for tasks to queue
[2025-04-19T10:28:44.057+0000] {logging_mixin.py:190} INFO - [2025-04-19T10:28:44.056+0000] {dagbag.py:588} INFO - Filling up the DagBag from /home/airflow/.local/lib/python3.12/site-packages/airflow/example_dags/example_setup_teardown.py
[2025-04-19T10:28:44.071+0000] {processor.py:925} INFO - DAG(s) 'example_setup_teardown' retrieved from /home/airflow/.local/lib/python3.12/site-packages/airflow/example_dags/example_setup_teardown.py
[2025-04-19T10:28:44.111+0000] {logging_mixin.py:190} INFO - [2025-04-19T10:28:44.110+0000] {dag.py:3239} INFO - Sync 1 DAGs
[2025-04-19T10:28:44.143+0000] {logging_mixin.py:190} INFO - [2025-04-19T10:28:44.143+0000] {dag.py:4180} INFO - Setting next_dagrun for example_setup_teardown to None, run_after=None
[2025-04-19T10:28:44.183+0000] {processor.py:208} INFO - Processing /home/airflow/.local/lib/python3.12/site-packages/airflow/example_dags/example_setup_teardown.py took 0.147 seconds
[2025-04-19T10:29:15.300+0000] {processor.py:186} INFO - Started process (PID=1347) to work on /home/airflow/.local/lib/python3.12/site-packages/airflow/example_dags/example_setup_teardown.py
[2025-04-19T10:29:15.305+0000] {processor.py:914} INFO - Processing file /home/airflow/.local/lib/python3.12/site-packages/airflow/example_dags/example_setup_teardown.py for tasks to queue
[2025-04-19T10:29:15.315+0000] {logging_mixin.py:190} INFO - [2025-04-19T10:29:15.314+0000] {dagbag.py:588} INFO - Filling up the DagBag from /home/airflow/.local/lib/python3.12/site-packages/airflow/example_dags/example_setup_teardown.py
[2025-04-19T10:29:15.343+0000] {processor.py:925} INFO - DAG(s) 'example_setup_teardown' retrieved from /home/airflow/.local/lib/python3.12/site-packages/airflow/example_dags/example_setup_teardown.py
[2025-04-19T10:29:15.409+0000] {logging_mixin.py:190} INFO - [2025-04-19T10:29:15.408+0000] {dag.py:3239} INFO - Sync 1 DAGs
[2025-04-19T10:29:15.467+0000] {logging_mixin.py:190} INFO - [2025-04-19T10:29:15.466+0000] {dag.py:4180} INFO - Setting next_dagrun for example_setup_teardown to None, run_after=None
[2025-04-19T10:29:15.535+0000] {processor.py:208} INFO - Processing /home/airflow/.local/lib/python3.12/site-packages/airflow/example_dags/example_setup_teardown.py took 0.255 seconds
[2025-04-19T10:31:40.180+0000] {processor.py:186} INFO - Started process (PID=86) to work on /home/airflow/.local/lib/python3.12/site-packages/airflow/example_dags/example_setup_teardown.py
[2025-04-19T10:31:40.183+0000] {processor.py:914} INFO - Processing file /home/airflow/.local/lib/python3.12/site-packages/airflow/example_dags/example_setup_teardown.py for tasks to queue
[2025-04-19T10:31:40.190+0000] {logging_mixin.py:190} INFO - [2025-04-19T10:31:40.189+0000] {dagbag.py:588} INFO - Filling up the DagBag from /home/airflow/.local/lib/python3.12/site-packages/airflow/example_dags/example_setup_teardown.py
[2025-04-19T10:31:40.209+0000] {processor.py:925} INFO - DAG(s) 'example_setup_teardown' retrieved from /home/airflow/.local/lib/python3.12/site-packages/airflow/example_dags/example_setup_teardown.py
[2025-04-19T10:31:40.266+0000] {logging_mixin.py:190} INFO - [2025-04-19T10:31:40.266+0000] {dag.py:3239} INFO - Sync 1 DAGs
[2025-04-19T10:31:40.311+0000] {logging_mixin.py:190} INFO - [2025-04-19T10:31:40.310+0000] {dag.py:4180} INFO - Setting next_dagrun for example_setup_teardown to None, run_after=None
[2025-04-19T10:31:39.926+0000] {processor.py:208} INFO - Processing /home/airflow/.local/lib/python3.12/site-packages/airflow/example_dags/example_setup_teardown.py took 0.215 seconds
[2025-04-19T10:32:10.338+0000] {processor.py:186} INFO - Started process (PID=148) to work on /home/airflow/.local/lib/python3.12/site-packages/airflow/example_dags/example_setup_teardown.py
[2025-04-19T10:32:10.340+0000] {processor.py:914} INFO - Processing file /home/airflow/.local/lib/python3.12/site-packages/airflow/example_dags/example_setup_teardown.py for tasks to queue
[2025-04-19T10:32:10.347+0000] {logging_mixin.py:190} INFO - [2025-04-19T10:32:10.346+0000] {dagbag.py:588} INFO - Filling up the DagBag from /home/airflow/.local/lib/python3.12/site-packages/airflow/example_dags/example_setup_teardown.py
[2025-04-19T10:32:10.369+0000] {processor.py:925} INFO - DAG(s) 'example_setup_teardown' retrieved from /home/airflow/.local/lib/python3.12/site-packages/airflow/example_dags/example_setup_teardown.py
[2025-04-19T10:32:10.410+0000] {logging_mixin.py:190} INFO - [2025-04-19T10:32:10.409+0000] {dag.py:3239} INFO - Sync 1 DAGs
[2025-04-19T10:32:10.440+0000] {logging_mixin.py:190} INFO - [2025-04-19T10:32:10.439+0000] {dag.py:4180} INFO - Setting next_dagrun for example_setup_teardown to None, run_after=None
[2025-04-19T10:32:10.491+0000] {processor.py:208} INFO - Processing /home/airflow/.local/lib/python3.12/site-packages/airflow/example_dags/example_setup_teardown.py took 0.162 seconds
[2025-04-19T10:32:40.928+0000] {processor.py:186} INFO - Started process (PID=211) to work on /home/airflow/.local/lib/python3.12/site-packages/airflow/example_dags/example_setup_teardown.py
[2025-04-19T10:32:40.930+0000] {processor.py:914} INFO - Processing file /home/airflow/.local/lib/python3.12/site-packages/airflow/example_dags/example_setup_teardown.py for tasks to queue
[2025-04-19T10:32:40.936+0000] {logging_mixin.py:190} INFO - [2025-04-19T10:32:40.936+0000] {dagbag.py:588} INFO - Filling up the DagBag from /home/airflow/.local/lib/python3.12/site-packages/airflow/example_dags/example_setup_teardown.py
[2025-04-19T10:32:40.955+0000] {processor.py:925} INFO - DAG(s) 'example_setup_teardown' retrieved from /home/airflow/.local/lib/python3.12/site-packages/airflow/example_dags/example_setup_teardown.py
[2025-04-19T10:32:40.995+0000] {logging_mixin.py:190} INFO - [2025-04-19T10:32:40.995+0000] {dag.py:3239} INFO - Sync 1 DAGs
[2025-04-19T10:32:41.014+0000] {logging_mixin.py:190} INFO - [2025-04-19T10:32:41.014+0000] {dag.py:4180} INFO - Setting next_dagrun for example_setup_teardown to None, run_after=None
[2025-04-19T10:32:41.044+0000] {processor.py:208} INFO - Processing /home/airflow/.local/lib/python3.12/site-packages/airflow/example_dags/example_setup_teardown.py took 0.129 seconds
[2025-04-19T10:33:11.714+0000] {processor.py:186} INFO - Started process (PID=274) to work on /home/airflow/.local/lib/python3.12/site-packages/airflow/example_dags/example_setup_teardown.py
[2025-04-19T10:33:11.718+0000] {processor.py:914} INFO - Processing file /home/airflow/.local/lib/python3.12/site-packages/airflow/example_dags/example_setup_teardown.py for tasks to queue
[2025-04-19T10:33:11.725+0000] {logging_mixin.py:190} INFO - [2025-04-19T10:33:11.724+0000] {dagbag.py:588} INFO - Filling up the DagBag from /home/airflow/.local/lib/python3.12/site-packages/airflow/example_dags/example_setup_teardown.py
[2025-04-19T10:33:11.747+0000] {processor.py:925} INFO - DAG(s) 'example_setup_teardown' retrieved from /home/airflow/.local/lib/python3.12/site-packages/airflow/example_dags/example_setup_teardown.py
[2025-04-19T10:33:11.797+0000] {logging_mixin.py:190} INFO - [2025-04-19T10:33:11.797+0000] {dag.py:3239} INFO - Sync 1 DAGs
[2025-04-19T10:33:11.824+0000] {logging_mixin.py:190} INFO - [2025-04-19T10:33:11.824+0000] {dag.py:4180} INFO - Setting next_dagrun for example_setup_teardown to None, run_after=None
[2025-04-19T10:33:11.862+0000] {processor.py:208} INFO - Processing /home/airflow/.local/lib/python3.12/site-packages/airflow/example_dags/example_setup_teardown.py took 0.169 seconds
[2025-04-19T10:33:42.815+0000] {processor.py:186} INFO - Started process (PID=338) to work on /home/airflow/.local/lib/python3.12/site-packages/airflow/example_dags/example_setup_teardown.py
[2025-04-19T10:33:42.817+0000] {processor.py:914} INFO - Processing file /home/airflow/.local/lib/python3.12/site-packages/airflow/example_dags/example_setup_teardown.py for tasks to queue
[2025-04-19T10:33:42.824+0000] {logging_mixin.py:190} INFO - [2025-04-19T10:33:42.823+0000] {dagbag.py:588} INFO - Filling up the DagBag from /home/airflow/.local/lib/python3.12/site-packages/airflow/example_dags/example_setup_teardown.py
[2025-04-19T10:33:42.846+0000] {processor.py:925} INFO - DAG(s) 'example_setup_teardown' retrieved from /home/airflow/.local/lib/python3.12/site-packages/airflow/example_dags/example_setup_teardown.py
[2025-04-19T10:33:42.972+0000] {logging_mixin.py:190} INFO - [2025-04-19T10:33:42.971+0000] {dag.py:3239} INFO - Sync 1 DAGs
[2025-04-19T10:33:43.014+0000] {logging_mixin.py:190} INFO - [2025-04-19T10:33:43.014+0000] {dag.py:4180} INFO - Setting next_dagrun for example_setup_teardown to None, run_after=None
[2025-04-19T10:33:43.080+0000] {processor.py:208} INFO - Processing /home/airflow/.local/lib/python3.12/site-packages/airflow/example_dags/example_setup_teardown.py took 0.274 seconds
