[2025-04-19T10:19:07.555+0000] {processor.py:186} INFO - Started process (PID=108) to work on /home/airflow/.local/lib/python3.12/site-packages/airflow/example_dags/example_kubernetes_executor.py
[2025-04-19T10:19:07.558+0000] {processor.py:914} INFO - Processing file /home/airflow/.local/lib/python3.12/site-packages/airflow/example_dags/example_kubernetes_executor.py for tasks to queue
[2025-04-19T10:19:07.563+0000] {logging_mixin.py:190} INFO - [2025-04-19T10:19:07.563+0000] {dagbag.py:588} INFO - Filling up the DagBag from /home/airflow/.local/lib/python3.12/site-packages/airflow/example_dags/example_kubernetes_executor.py
[2025-04-19T10:19:07.594+0000] {processor.py:925} INFO - DAG(s) 'example_kubernetes_executor' retrieved from /home/airflow/.local/lib/python3.12/site-packages/airflow/example_dags/example_kubernetes_executor.py
[2025-04-19T10:19:07.823+0000] {logging_mixin.py:190} INFO - [2025-04-19T10:19:07.821+0000] {override.py:1912} INFO - Created Permission View: can delete on DAG:example_kubernetes_executor
[2025-04-19T10:19:07.848+0000] {logging_mixin.py:190} INFO - [2025-04-19T10:19:07.848+0000] {override.py:1912} INFO - Created Permission View: can read on DAG:example_kubernetes_executor
[2025-04-19T10:19:07.866+0000] {logging_mixin.py:190} INFO - [2025-04-19T10:19:07.865+0000] {override.py:1912} INFO - Created Permission View: can edit on DAG:example_kubernetes_executor
[2025-04-19T10:19:07.883+0000] {logging_mixin.py:190} INFO - [2025-04-19T10:19:07.883+0000] {override.py:1912} INFO - Created Permission View: can delete on DAG Run:example_kubernetes_executor
[2025-04-19T10:19:07.899+0000] {logging_mixin.py:190} INFO - [2025-04-19T10:19:07.899+0000] {override.py:1912} INFO - Created Permission View: can read on DAG Run:example_kubernetes_executor
[2025-04-19T10:19:07.915+0000] {logging_mixin.py:190} INFO - [2025-04-19T10:19:07.915+0000] {override.py:1912} INFO - Created Permission View: menu access on DAG Run:example_kubernetes_executor
[2025-04-19T10:19:07.932+0000] {logging_mixin.py:190} INFO - [2025-04-19T10:19:07.931+0000] {override.py:1912} INFO - Created Permission View: can create on DAG Run:example_kubernetes_executor
[2025-04-19T10:19:07.933+0000] {logging_mixin.py:190} INFO - [2025-04-19T10:19:07.933+0000] {dag.py:3239} INFO - Sync 1 DAGs
[2025-04-19T10:19:07.958+0000] {logging_mixin.py:190} INFO - [2025-04-19T10:19:07.957+0000] {dag.py:3262} INFO - Creating ORM DAG for example_kubernetes_executor
[2025-04-19T10:19:07.960+0000] {logging_mixin.py:190} INFO - [2025-04-19T10:19:07.960+0000] {dag.py:4180} INFO - Setting next_dagrun for example_kubernetes_executor to None, run_after=None
[2025-04-19T10:19:07.998+0000] {processor.py:208} INFO - Processing /home/airflow/.local/lib/python3.12/site-packages/airflow/example_dags/example_kubernetes_executor.py took 0.458 seconds
[2025-04-19T10:19:38.332+0000] {processor.py:186} INFO - Started process (PID=171) to work on /home/airflow/.local/lib/python3.12/site-packages/airflow/example_dags/example_kubernetes_executor.py
[2025-04-19T10:19:38.336+0000] {processor.py:914} INFO - Processing file /home/airflow/.local/lib/python3.12/site-packages/airflow/example_dags/example_kubernetes_executor.py for tasks to queue
[2025-04-19T10:19:38.346+0000] {logging_mixin.py:190} INFO - [2025-04-19T10:19:38.345+0000] {dagbag.py:588} INFO - Filling up the DagBag from /home/airflow/.local/lib/python3.12/site-packages/airflow/example_dags/example_kubernetes_executor.py
[2025-04-19T10:19:38.402+0000] {processor.py:925} INFO - DAG(s) 'example_kubernetes_executor' retrieved from /home/airflow/.local/lib/python3.12/site-packages/airflow/example_dags/example_kubernetes_executor.py
[2025-04-19T10:19:38.494+0000] {logging_mixin.py:190} INFO - [2025-04-19T10:19:38.492+0000] {dag.py:3239} INFO - Sync 1 DAGs
[2025-04-19T10:19:38.548+0000] {logging_mixin.py:190} INFO - [2025-04-19T10:19:38.547+0000] {dag.py:4180} INFO - Setting next_dagrun for example_kubernetes_executor to None, run_after=None
[2025-04-19T10:19:38.626+0000] {processor.py:208} INFO - Processing /home/airflow/.local/lib/python3.12/site-packages/airflow/example_dags/example_kubernetes_executor.py took 0.314 seconds
[2025-04-19T10:20:09.369+0000] {processor.py:186} INFO - Started process (PID=234) to work on /home/airflow/.local/lib/python3.12/site-packages/airflow/example_dags/example_kubernetes_executor.py
[2025-04-19T10:20:09.372+0000] {processor.py:914} INFO - Processing file /home/airflow/.local/lib/python3.12/site-packages/airflow/example_dags/example_kubernetes_executor.py for tasks to queue
[2025-04-19T10:20:09.378+0000] {logging_mixin.py:190} INFO - [2025-04-19T10:20:09.377+0000] {dagbag.py:588} INFO - Filling up the DagBag from /home/airflow/.local/lib/python3.12/site-packages/airflow/example_dags/example_kubernetes_executor.py
[2025-04-19T10:20:09.408+0000] {processor.py:925} INFO - DAG(s) 'example_kubernetes_executor' retrieved from /home/airflow/.local/lib/python3.12/site-packages/airflow/example_dags/example_kubernetes_executor.py
[2025-04-19T10:20:09.451+0000] {logging_mixin.py:190} INFO - [2025-04-19T10:20:09.450+0000] {dag.py:3239} INFO - Sync 1 DAGs
[2025-04-19T10:20:09.501+0000] {logging_mixin.py:190} INFO - [2025-04-19T10:20:09.501+0000] {dag.py:4180} INFO - Setting next_dagrun for example_kubernetes_executor to None, run_after=None
[2025-04-19T10:20:09.574+0000] {processor.py:208} INFO - Processing /home/airflow/.local/lib/python3.12/site-packages/airflow/example_dags/example_kubernetes_executor.py took 0.220 seconds
[2025-04-19T10:20:40.077+0000] {processor.py:186} INFO - Started process (PID=297) to work on /home/airflow/.local/lib/python3.12/site-packages/airflow/example_dags/example_kubernetes_executor.py
[2025-04-19T10:20:40.080+0000] {processor.py:914} INFO - Processing file /home/airflow/.local/lib/python3.12/site-packages/airflow/example_dags/example_kubernetes_executor.py for tasks to queue
[2025-04-19T10:20:40.085+0000] {logging_mixin.py:190} INFO - [2025-04-19T10:20:40.084+0000] {dagbag.py:588} INFO - Filling up the DagBag from /home/airflow/.local/lib/python3.12/site-packages/airflow/example_dags/example_kubernetes_executor.py
[2025-04-19T10:20:40.111+0000] {processor.py:925} INFO - DAG(s) 'example_kubernetes_executor' retrieved from /home/airflow/.local/lib/python3.12/site-packages/airflow/example_dags/example_kubernetes_executor.py
[2025-04-19T10:20:40.150+0000] {logging_mixin.py:190} INFO - [2025-04-19T10:20:40.149+0000] {dag.py:3239} INFO - Sync 1 DAGs
[2025-04-19T10:20:40.174+0000] {logging_mixin.py:190} INFO - [2025-04-19T10:20:40.173+0000] {dag.py:4180} INFO - Setting next_dagrun for example_kubernetes_executor to None, run_after=None
[2025-04-19T10:20:40.202+0000] {processor.py:208} INFO - Processing /home/airflow/.local/lib/python3.12/site-packages/airflow/example_dags/example_kubernetes_executor.py took 0.139 seconds
[2025-04-19T10:21:10.404+0000] {processor.py:186} INFO - Started process (PID=360) to work on /home/airflow/.local/lib/python3.12/site-packages/airflow/example_dags/example_kubernetes_executor.py
[2025-04-19T10:21:10.406+0000] {processor.py:914} INFO - Processing file /home/airflow/.local/lib/python3.12/site-packages/airflow/example_dags/example_kubernetes_executor.py for tasks to queue
[2025-04-19T10:21:10.411+0000] {logging_mixin.py:190} INFO - [2025-04-19T10:21:10.411+0000] {dagbag.py:588} INFO - Filling up the DagBag from /home/airflow/.local/lib/python3.12/site-packages/airflow/example_dags/example_kubernetes_executor.py
[2025-04-19T10:21:10.438+0000] {processor.py:925} INFO - DAG(s) 'example_kubernetes_executor' retrieved from /home/airflow/.local/lib/python3.12/site-packages/airflow/example_dags/example_kubernetes_executor.py
[2025-04-19T10:21:10.495+0000] {logging_mixin.py:190} INFO - [2025-04-19T10:21:10.494+0000] {dag.py:3239} INFO - Sync 1 DAGs
[2025-04-19T10:21:10.549+0000] {logging_mixin.py:190} INFO - [2025-04-19T10:21:10.548+0000] {dag.py:4180} INFO - Setting next_dagrun for example_kubernetes_executor to None, run_after=None
[2025-04-19T10:21:10.635+0000] {processor.py:208} INFO - Processing /home/airflow/.local/lib/python3.12/site-packages/airflow/example_dags/example_kubernetes_executor.py took 0.239 seconds
[2025-04-19T10:21:40.945+0000] {processor.py:186} INFO - Started process (PID=423) to work on /home/airflow/.local/lib/python3.12/site-packages/airflow/example_dags/example_kubernetes_executor.py
[2025-04-19T10:21:40.948+0000] {processor.py:914} INFO - Processing file /home/airflow/.local/lib/python3.12/site-packages/airflow/example_dags/example_kubernetes_executor.py for tasks to queue
[2025-04-19T10:21:40.952+0000] {logging_mixin.py:190} INFO - [2025-04-19T10:21:40.952+0000] {dagbag.py:588} INFO - Filling up the DagBag from /home/airflow/.local/lib/python3.12/site-packages/airflow/example_dags/example_kubernetes_executor.py
[2025-04-19T10:21:40.980+0000] {processor.py:925} INFO - DAG(s) 'example_kubernetes_executor' retrieved from /home/airflow/.local/lib/python3.12/site-packages/airflow/example_dags/example_kubernetes_executor.py
[2025-04-19T10:21:41.031+0000] {logging_mixin.py:190} INFO - [2025-04-19T10:21:41.030+0000] {dag.py:3239} INFO - Sync 1 DAGs
[2025-04-19T10:21:41.054+0000] {logging_mixin.py:190} INFO - [2025-04-19T10:21:41.053+0000] {dag.py:4180} INFO - Setting next_dagrun for example_kubernetes_executor to None, run_after=None
[2025-04-19T10:21:41.098+0000] {processor.py:208} INFO - Processing /home/airflow/.local/lib/python3.12/site-packages/airflow/example_dags/example_kubernetes_executor.py took 0.165 seconds
[2025-04-19T10:22:11.832+0000] {processor.py:186} INFO - Started process (PID=486) to work on /home/airflow/.local/lib/python3.12/site-packages/airflow/example_dags/example_kubernetes_executor.py
[2025-04-19T10:22:11.835+0000] {processor.py:914} INFO - Processing file /home/airflow/.local/lib/python3.12/site-packages/airflow/example_dags/example_kubernetes_executor.py for tasks to queue
[2025-04-19T10:22:11.841+0000] {logging_mixin.py:190} INFO - [2025-04-19T10:22:11.840+0000] {dagbag.py:588} INFO - Filling up the DagBag from /home/airflow/.local/lib/python3.12/site-packages/airflow/example_dags/example_kubernetes_executor.py
[2025-04-19T10:22:11.868+0000] {processor.py:925} INFO - DAG(s) 'example_kubernetes_executor' retrieved from /home/airflow/.local/lib/python3.12/site-packages/airflow/example_dags/example_kubernetes_executor.py
[2025-04-19T10:22:11.914+0000] {logging_mixin.py:190} INFO - [2025-04-19T10:22:11.914+0000] {dag.py:3239} INFO - Sync 1 DAGs
[2025-04-19T10:22:11.941+0000] {logging_mixin.py:190} INFO - [2025-04-19T10:22:11.940+0000] {dag.py:4180} INFO - Setting next_dagrun for example_kubernetes_executor to None, run_after=None
[2025-04-19T10:22:11.976+0000] {processor.py:208} INFO - Processing /home/airflow/.local/lib/python3.12/site-packages/airflow/example_dags/example_kubernetes_executor.py took 0.159 seconds
[2025-04-19T10:22:42.414+0000] {processor.py:186} INFO - Started process (PID=548) to work on /home/airflow/.local/lib/python3.12/site-packages/airflow/example_dags/example_kubernetes_executor.py
[2025-04-19T10:22:42.417+0000] {processor.py:914} INFO - Processing file /home/airflow/.local/lib/python3.12/site-packages/airflow/example_dags/example_kubernetes_executor.py for tasks to queue
[2025-04-19T10:22:42.426+0000] {logging_mixin.py:190} INFO - [2025-04-19T10:22:42.424+0000] {dagbag.py:588} INFO - Filling up the DagBag from /home/airflow/.local/lib/python3.12/site-packages/airflow/example_dags/example_kubernetes_executor.py
[2025-04-19T10:22:42.466+0000] {processor.py:925} INFO - DAG(s) 'example_kubernetes_executor' retrieved from /home/airflow/.local/lib/python3.12/site-packages/airflow/example_dags/example_kubernetes_executor.py
[2025-04-19T10:22:42.540+0000] {logging_mixin.py:190} INFO - [2025-04-19T10:22:42.540+0000] {dag.py:3239} INFO - Sync 1 DAGs
[2025-04-19T10:22:42.567+0000] {logging_mixin.py:190} INFO - [2025-04-19T10:22:42.566+0000] {dag.py:4180} INFO - Setting next_dagrun for example_kubernetes_executor to None, run_after=None
[2025-04-19T10:22:42.601+0000] {processor.py:208} INFO - Processing /home/airflow/.local/lib/python3.12/site-packages/airflow/example_dags/example_kubernetes_executor.py took 0.204 seconds
[2025-04-19T10:23:13.143+0000] {processor.py:186} INFO - Started process (PID=616) to work on /home/airflow/.local/lib/python3.12/site-packages/airflow/example_dags/example_kubernetes_executor.py
[2025-04-19T10:23:13.146+0000] {processor.py:914} INFO - Processing file /home/airflow/.local/lib/python3.12/site-packages/airflow/example_dags/example_kubernetes_executor.py for tasks to queue
[2025-04-19T10:23:13.152+0000] {logging_mixin.py:190} INFO - [2025-04-19T10:23:13.151+0000] {dagbag.py:588} INFO - Filling up the DagBag from /home/airflow/.local/lib/python3.12/site-packages/airflow/example_dags/example_kubernetes_executor.py
[2025-04-19T10:23:13.179+0000] {processor.py:925} INFO - DAG(s) 'example_kubernetes_executor' retrieved from /home/airflow/.local/lib/python3.12/site-packages/airflow/example_dags/example_kubernetes_executor.py
[2025-04-19T10:23:13.219+0000] {logging_mixin.py:190} INFO - [2025-04-19T10:23:13.219+0000] {dag.py:3239} INFO - Sync 1 DAGs
[2025-04-19T10:23:13.240+0000] {logging_mixin.py:190} INFO - [2025-04-19T10:23:13.240+0000] {dag.py:4180} INFO - Setting next_dagrun for example_kubernetes_executor to None, run_after=None
[2025-04-19T10:23:13.271+0000] {processor.py:208} INFO - Processing /home/airflow/.local/lib/python3.12/site-packages/airflow/example_dags/example_kubernetes_executor.py took 0.138 seconds
[2025-04-19T10:23:43.601+0000] {processor.py:186} INFO - Started process (PID=679) to work on /home/airflow/.local/lib/python3.12/site-packages/airflow/example_dags/example_kubernetes_executor.py
[2025-04-19T10:23:43.604+0000] {processor.py:914} INFO - Processing file /home/airflow/.local/lib/python3.12/site-packages/airflow/example_dags/example_kubernetes_executor.py for tasks to queue
[2025-04-19T10:23:43.609+0000] {logging_mixin.py:190} INFO - [2025-04-19T10:23:43.609+0000] {dagbag.py:588} INFO - Filling up the DagBag from /home/airflow/.local/lib/python3.12/site-packages/airflow/example_dags/example_kubernetes_executor.py
[2025-04-19T10:23:43.637+0000] {processor.py:925} INFO - DAG(s) 'example_kubernetes_executor' retrieved from /home/airflow/.local/lib/python3.12/site-packages/airflow/example_dags/example_kubernetes_executor.py
[2025-04-19T10:23:43.681+0000] {logging_mixin.py:190} INFO - [2025-04-19T10:23:43.681+0000] {dag.py:3239} INFO - Sync 1 DAGs
[2025-04-19T10:23:43.729+0000] {logging_mixin.py:190} INFO - [2025-04-19T10:23:43.728+0000] {dag.py:4180} INFO - Setting next_dagrun for example_kubernetes_executor to None, run_after=None
[2025-04-19T10:23:43.787+0000] {processor.py:208} INFO - Processing /home/airflow/.local/lib/python3.12/site-packages/airflow/example_dags/example_kubernetes_executor.py took 0.204 seconds
[2025-04-19T10:24:13.947+0000] {processor.py:186} INFO - Started process (PID=741) to work on /home/airflow/.local/lib/python3.12/site-packages/airflow/example_dags/example_kubernetes_executor.py
[2025-04-19T10:24:13.949+0000] {processor.py:914} INFO - Processing file /home/airflow/.local/lib/python3.12/site-packages/airflow/example_dags/example_kubernetes_executor.py for tasks to queue
[2025-04-19T10:24:13.956+0000] {logging_mixin.py:190} INFO - [2025-04-19T10:24:13.955+0000] {dagbag.py:588} INFO - Filling up the DagBag from /home/airflow/.local/lib/python3.12/site-packages/airflow/example_dags/example_kubernetes_executor.py
[2025-04-19T10:24:13.986+0000] {processor.py:925} INFO - DAG(s) 'example_kubernetes_executor' retrieved from /home/airflow/.local/lib/python3.12/site-packages/airflow/example_dags/example_kubernetes_executor.py
[2025-04-19T10:24:14.040+0000] {logging_mixin.py:190} INFO - [2025-04-19T10:24:14.039+0000] {dag.py:3239} INFO - Sync 1 DAGs
[2025-04-19T10:24:14.080+0000] {logging_mixin.py:190} INFO - [2025-04-19T10:24:14.079+0000] {dag.py:4180} INFO - Setting next_dagrun for example_kubernetes_executor to None, run_after=None
[2025-04-19T10:24:14.155+0000] {processor.py:208} INFO - Processing /home/airflow/.local/lib/python3.12/site-packages/airflow/example_dags/example_kubernetes_executor.py took 0.221 seconds
[2025-04-19T10:24:44.750+0000] {processor.py:186} INFO - Started process (PID=806) to work on /home/airflow/.local/lib/python3.12/site-packages/airflow/example_dags/example_kubernetes_executor.py
[2025-04-19T10:24:44.753+0000] {processor.py:914} INFO - Processing file /home/airflow/.local/lib/python3.12/site-packages/airflow/example_dags/example_kubernetes_executor.py for tasks to queue
[2025-04-19T10:24:44.761+0000] {logging_mixin.py:190} INFO - [2025-04-19T10:24:44.760+0000] {dagbag.py:588} INFO - Filling up the DagBag from /home/airflow/.local/lib/python3.12/site-packages/airflow/example_dags/example_kubernetes_executor.py
[2025-04-19T10:24:44.809+0000] {processor.py:925} INFO - DAG(s) 'example_kubernetes_executor' retrieved from /home/airflow/.local/lib/python3.12/site-packages/airflow/example_dags/example_kubernetes_executor.py
[2025-04-19T10:24:44.883+0000] {logging_mixin.py:190} INFO - [2025-04-19T10:24:44.883+0000] {dag.py:3239} INFO - Sync 1 DAGs
[2025-04-19T10:24:44.909+0000] {logging_mixin.py:190} INFO - [2025-04-19T10:24:44.909+0000] {dag.py:4180} INFO - Setting next_dagrun for example_kubernetes_executor to None, run_after=None
[2025-04-19T10:24:44.941+0000] {processor.py:208} INFO - Processing /home/airflow/.local/lib/python3.12/site-packages/airflow/example_dags/example_kubernetes_executor.py took 0.207 seconds
[2025-04-19T10:25:15.137+0000] {processor.py:186} INFO - Started process (PID=869) to work on /home/airflow/.local/lib/python3.12/site-packages/airflow/example_dags/example_kubernetes_executor.py
[2025-04-19T10:25:15.141+0000] {processor.py:914} INFO - Processing file /home/airflow/.local/lib/python3.12/site-packages/airflow/example_dags/example_kubernetes_executor.py for tasks to queue
[2025-04-19T10:25:15.150+0000] {logging_mixin.py:190} INFO - [2025-04-19T10:25:15.148+0000] {dagbag.py:588} INFO - Filling up the DagBag from /home/airflow/.local/lib/python3.12/site-packages/airflow/example_dags/example_kubernetes_executor.py
[2025-04-19T10:25:15.187+0000] {processor.py:925} INFO - DAG(s) 'example_kubernetes_executor' retrieved from /home/airflow/.local/lib/python3.12/site-packages/airflow/example_dags/example_kubernetes_executor.py
[2025-04-19T10:25:15.258+0000] {logging_mixin.py:190} INFO - [2025-04-19T10:25:15.257+0000] {dag.py:3239} INFO - Sync 1 DAGs
[2025-04-19T10:25:15.292+0000] {logging_mixin.py:190} INFO - [2025-04-19T10:25:15.292+0000] {dag.py:4180} INFO - Setting next_dagrun for example_kubernetes_executor to None, run_after=None
[2025-04-19T10:25:15.336+0000] {processor.py:208} INFO - Processing /home/airflow/.local/lib/python3.12/site-packages/airflow/example_dags/example_kubernetes_executor.py took 0.219 seconds
[2025-04-19T10:25:46.019+0000] {processor.py:186} INFO - Started process (PID=932) to work on /home/airflow/.local/lib/python3.12/site-packages/airflow/example_dags/example_kubernetes_executor.py
[2025-04-19T10:25:46.023+0000] {processor.py:914} INFO - Processing file /home/airflow/.local/lib/python3.12/site-packages/airflow/example_dags/example_kubernetes_executor.py for tasks to queue
[2025-04-19T10:25:46.031+0000] {logging_mixin.py:190} INFO - [2025-04-19T10:25:46.030+0000] {dagbag.py:588} INFO - Filling up the DagBag from /home/airflow/.local/lib/python3.12/site-packages/airflow/example_dags/example_kubernetes_executor.py
[2025-04-19T10:25:46.078+0000] {processor.py:925} INFO - DAG(s) 'example_kubernetes_executor' retrieved from /home/airflow/.local/lib/python3.12/site-packages/airflow/example_dags/example_kubernetes_executor.py
[2025-04-19T10:25:46.121+0000] {logging_mixin.py:190} INFO - [2025-04-19T10:25:46.121+0000] {dag.py:3239} INFO - Sync 1 DAGs
[2025-04-19T10:25:46.146+0000] {logging_mixin.py:190} INFO - [2025-04-19T10:25:46.145+0000] {dag.py:4180} INFO - Setting next_dagrun for example_kubernetes_executor to None, run_after=None
[2025-04-19T10:25:46.184+0000] {processor.py:208} INFO - Processing /home/airflow/.local/lib/python3.12/site-packages/airflow/example_dags/example_kubernetes_executor.py took 0.191 seconds
[2025-04-19T10:26:16.411+0000] {processor.py:186} INFO - Started process (PID=995) to work on /home/airflow/.local/lib/python3.12/site-packages/airflow/example_dags/example_kubernetes_executor.py
[2025-04-19T10:26:16.415+0000] {processor.py:914} INFO - Processing file /home/airflow/.local/lib/python3.12/site-packages/airflow/example_dags/example_kubernetes_executor.py for tasks to queue
[2025-04-19T10:26:16.422+0000] {logging_mixin.py:190} INFO - [2025-04-19T10:26:16.421+0000] {dagbag.py:588} INFO - Filling up the DagBag from /home/airflow/.local/lib/python3.12/site-packages/airflow/example_dags/example_kubernetes_executor.py
[2025-04-19T10:26:16.459+0000] {processor.py:925} INFO - DAG(s) 'example_kubernetes_executor' retrieved from /home/airflow/.local/lib/python3.12/site-packages/airflow/example_dags/example_kubernetes_executor.py
[2025-04-19T10:26:16.525+0000] {logging_mixin.py:190} INFO - [2025-04-19T10:26:16.524+0000] {dag.py:3239} INFO - Sync 1 DAGs
[2025-04-19T10:26:16.556+0000] {logging_mixin.py:190} INFO - [2025-04-19T10:26:16.555+0000] {dag.py:4180} INFO - Setting next_dagrun for example_kubernetes_executor to None, run_after=None
[2025-04-19T10:26:16.603+0000] {processor.py:208} INFO - Processing /home/airflow/.local/lib/python3.12/site-packages/airflow/example_dags/example_kubernetes_executor.py took 0.206 seconds
[2025-04-19T10:26:47.057+0000] {processor.py:186} INFO - Started process (PID=1058) to work on /home/airflow/.local/lib/python3.12/site-packages/airflow/example_dags/example_kubernetes_executor.py
[2025-04-19T10:26:47.060+0000] {processor.py:914} INFO - Processing file /home/airflow/.local/lib/python3.12/site-packages/airflow/example_dags/example_kubernetes_executor.py for tasks to queue
[2025-04-19T10:26:47.067+0000] {logging_mixin.py:190} INFO - [2025-04-19T10:26:47.066+0000] {dagbag.py:588} INFO - Filling up the DagBag from /home/airflow/.local/lib/python3.12/site-packages/airflow/example_dags/example_kubernetes_executor.py
[2025-04-19T10:26:47.112+0000] {processor.py:925} INFO - DAG(s) 'example_kubernetes_executor' retrieved from /home/airflow/.local/lib/python3.12/site-packages/airflow/example_dags/example_kubernetes_executor.py
[2025-04-19T10:26:47.174+0000] {logging_mixin.py:190} INFO - [2025-04-19T10:26:47.173+0000] {dag.py:3239} INFO - Sync 1 DAGs
[2025-04-19T10:26:47.209+0000] {logging_mixin.py:190} INFO - [2025-04-19T10:26:47.208+0000] {dag.py:4180} INFO - Setting next_dagrun for example_kubernetes_executor to None, run_after=None
[2025-04-19T10:26:47.253+0000] {processor.py:208} INFO - Processing /home/airflow/.local/lib/python3.12/site-packages/airflow/example_dags/example_kubernetes_executor.py took 0.211 seconds
[2025-04-19T10:27:18.052+0000] {processor.py:186} INFO - Started process (PID=1122) to work on /home/airflow/.local/lib/python3.12/site-packages/airflow/example_dags/example_kubernetes_executor.py
[2025-04-19T10:27:18.053+0000] {processor.py:914} INFO - Processing file /home/airflow/.local/lib/python3.12/site-packages/airflow/example_dags/example_kubernetes_executor.py for tasks to queue
[2025-04-19T10:27:18.057+0000] {logging_mixin.py:190} INFO - [2025-04-19T10:27:18.057+0000] {dagbag.py:588} INFO - Filling up the DagBag from /home/airflow/.local/lib/python3.12/site-packages/airflow/example_dags/example_kubernetes_executor.py
[2025-04-19T10:27:18.078+0000] {processor.py:925} INFO - DAG(s) 'example_kubernetes_executor' retrieved from /home/airflow/.local/lib/python3.12/site-packages/airflow/example_dags/example_kubernetes_executor.py
[2025-04-19T10:27:18.123+0000] {logging_mixin.py:190} INFO - [2025-04-19T10:27:18.122+0000] {dag.py:3239} INFO - Sync 1 DAGs
[2025-04-19T10:27:18.144+0000] {logging_mixin.py:190} INFO - [2025-04-19T10:27:18.144+0000] {dag.py:4180} INFO - Setting next_dagrun for example_kubernetes_executor to None, run_after=None
[2025-04-19T10:27:18.184+0000] {processor.py:208} INFO - Processing /home/airflow/.local/lib/python3.12/site-packages/airflow/example_dags/example_kubernetes_executor.py took 0.142 seconds
[2025-04-19T10:27:48.498+0000] {processor.py:186} INFO - Started process (PID=1184) to work on /home/airflow/.local/lib/python3.12/site-packages/airflow/example_dags/example_kubernetes_executor.py
[2025-04-19T10:27:48.500+0000] {processor.py:914} INFO - Processing file /home/airflow/.local/lib/python3.12/site-packages/airflow/example_dags/example_kubernetes_executor.py for tasks to queue
[2025-04-19T10:27:48.507+0000] {logging_mixin.py:190} INFO - [2025-04-19T10:27:48.506+0000] {dagbag.py:588} INFO - Filling up the DagBag from /home/airflow/.local/lib/python3.12/site-packages/airflow/example_dags/example_kubernetes_executor.py
[2025-04-19T10:27:48.558+0000] {processor.py:925} INFO - DAG(s) 'example_kubernetes_executor' retrieved from /home/airflow/.local/lib/python3.12/site-packages/airflow/example_dags/example_kubernetes_executor.py
[2025-04-19T10:27:48.660+0000] {logging_mixin.py:190} INFO - [2025-04-19T10:27:48.658+0000] {dag.py:3239} INFO - Sync 1 DAGs
[2025-04-19T10:27:48.700+0000] {logging_mixin.py:190} INFO - [2025-04-19T10:27:48.699+0000] {dag.py:4180} INFO - Setting next_dagrun for example_kubernetes_executor to None, run_after=None
[2025-04-19T10:27:48.736+0000] {processor.py:208} INFO - Processing /home/airflow/.local/lib/python3.12/site-packages/airflow/example_dags/example_kubernetes_executor.py took 0.250 seconds
[2025-04-19T10:28:18.729+0000] {processor.py:186} INFO - Started process (PID=1248) to work on /home/airflow/.local/lib/python3.12/site-packages/airflow/example_dags/example_kubernetes_executor.py
[2025-04-19T10:28:18.730+0000] {processor.py:914} INFO - Processing file /home/airflow/.local/lib/python3.12/site-packages/airflow/example_dags/example_kubernetes_executor.py for tasks to queue
[2025-04-19T10:28:18.734+0000] {logging_mixin.py:190} INFO - [2025-04-19T10:28:18.734+0000] {dagbag.py:588} INFO - Filling up the DagBag from /home/airflow/.local/lib/python3.12/site-packages/airflow/example_dags/example_kubernetes_executor.py
[2025-04-19T10:28:18.757+0000] {processor.py:925} INFO - DAG(s) 'example_kubernetes_executor' retrieved from /home/airflow/.local/lib/python3.12/site-packages/airflow/example_dags/example_kubernetes_executor.py
[2025-04-19T10:28:18.806+0000] {logging_mixin.py:190} INFO - [2025-04-19T10:28:18.806+0000] {dag.py:3239} INFO - Sync 1 DAGs
[2025-04-19T10:28:18.832+0000] {logging_mixin.py:190} INFO - [2025-04-19T10:28:18.832+0000] {dag.py:4180} INFO - Setting next_dagrun for example_kubernetes_executor to None, run_after=None
[2025-04-19T10:28:18.868+0000] {processor.py:208} INFO - Processing /home/airflow/.local/lib/python3.12/site-packages/airflow/example_dags/example_kubernetes_executor.py took 0.148 seconds
[2025-04-19T10:28:49.640+0000] {processor.py:186} INFO - Started process (PID=1310) to work on /home/airflow/.local/lib/python3.12/site-packages/airflow/example_dags/example_kubernetes_executor.py
[2025-04-19T10:28:49.644+0000] {processor.py:914} INFO - Processing file /home/airflow/.local/lib/python3.12/site-packages/airflow/example_dags/example_kubernetes_executor.py for tasks to queue
[2025-04-19T10:28:49.651+0000] {logging_mixin.py:190} INFO - [2025-04-19T10:28:49.650+0000] {dagbag.py:588} INFO - Filling up the DagBag from /home/airflow/.local/lib/python3.12/site-packages/airflow/example_dags/example_kubernetes_executor.py
[2025-04-19T10:28:49.676+0000] {processor.py:925} INFO - DAG(s) 'example_kubernetes_executor' retrieved from /home/airflow/.local/lib/python3.12/site-packages/airflow/example_dags/example_kubernetes_executor.py
[2025-04-19T10:28:49.715+0000] {logging_mixin.py:190} INFO - [2025-04-19T10:28:49.715+0000] {dag.py:3239} INFO - Sync 1 DAGs
[2025-04-19T10:28:49.737+0000] {logging_mixin.py:190} INFO - [2025-04-19T10:28:49.737+0000] {dag.py:4180} INFO - Setting next_dagrun for example_kubernetes_executor to None, run_after=None
[2025-04-19T10:28:49.769+0000] {processor.py:208} INFO - Processing /home/airflow/.local/lib/python3.12/site-packages/airflow/example_dags/example_kubernetes_executor.py took 0.150 seconds
[2025-04-19T10:29:20.522+0000] {processor.py:186} INFO - Started process (PID=1373) to work on /home/airflow/.local/lib/python3.12/site-packages/airflow/example_dags/example_kubernetes_executor.py
[2025-04-19T10:29:20.524+0000] {processor.py:914} INFO - Processing file /home/airflow/.local/lib/python3.12/site-packages/airflow/example_dags/example_kubernetes_executor.py for tasks to queue
[2025-04-19T10:29:20.529+0000] {logging_mixin.py:190} INFO - [2025-04-19T10:29:20.528+0000] {dagbag.py:588} INFO - Filling up the DagBag from /home/airflow/.local/lib/python3.12/site-packages/airflow/example_dags/example_kubernetes_executor.py
[2025-04-19T10:29:20.553+0000] {processor.py:925} INFO - DAG(s) 'example_kubernetes_executor' retrieved from /home/airflow/.local/lib/python3.12/site-packages/airflow/example_dags/example_kubernetes_executor.py
[2025-04-19T10:29:20.599+0000] {logging_mixin.py:190} INFO - [2025-04-19T10:29:20.598+0000] {dag.py:3239} INFO - Sync 1 DAGs
[2025-04-19T10:29:20.625+0000] {logging_mixin.py:190} INFO - [2025-04-19T10:29:20.624+0000] {dag.py:4180} INFO - Setting next_dagrun for example_kubernetes_executor to None, run_after=None
[2025-04-19T10:29:20.674+0000] {processor.py:208} INFO - Processing /home/airflow/.local/lib/python3.12/site-packages/airflow/example_dags/example_kubernetes_executor.py took 0.161 seconds
[2025-04-19T10:31:43.911+0000] {processor.py:186} INFO - Started process (PID=107) to work on /home/airflow/.local/lib/python3.12/site-packages/airflow/example_dags/example_kubernetes_executor.py
[2025-04-19T10:31:43.913+0000] {processor.py:914} INFO - Processing file /home/airflow/.local/lib/python3.12/site-packages/airflow/example_dags/example_kubernetes_executor.py for tasks to queue
[2025-04-19T10:31:43.919+0000] {logging_mixin.py:190} INFO - [2025-04-19T10:31:43.918+0000] {dagbag.py:588} INFO - Filling up the DagBag from /home/airflow/.local/lib/python3.12/site-packages/airflow/example_dags/example_kubernetes_executor.py
[2025-04-19T10:31:43.955+0000] {processor.py:925} INFO - DAG(s) 'example_kubernetes_executor' retrieved from /home/airflow/.local/lib/python3.12/site-packages/airflow/example_dags/example_kubernetes_executor.py
[2025-04-19T10:31:44.034+0000] {logging_mixin.py:190} INFO - [2025-04-19T10:31:44.033+0000] {dag.py:3239} INFO - Sync 1 DAGs
[2025-04-19T10:31:44.077+0000] {logging_mixin.py:190} INFO - [2025-04-19T10:31:44.077+0000] {dag.py:4180} INFO - Setting next_dagrun for example_kubernetes_executor to None, run_after=None
[2025-04-19T10:31:44.132+0000] {processor.py:208} INFO - Processing /home/airflow/.local/lib/python3.12/site-packages/airflow/example_dags/example_kubernetes_executor.py took 0.237 seconds
[2025-04-19T10:32:14.749+0000] {processor.py:186} INFO - Started process (PID=170) to work on /home/airflow/.local/lib/python3.12/site-packages/airflow/example_dags/example_kubernetes_executor.py
[2025-04-19T10:32:14.751+0000] {processor.py:914} INFO - Processing file /home/airflow/.local/lib/python3.12/site-packages/airflow/example_dags/example_kubernetes_executor.py for tasks to queue
[2025-04-19T10:32:14.757+0000] {logging_mixin.py:190} INFO - [2025-04-19T10:32:14.756+0000] {dagbag.py:588} INFO - Filling up the DagBag from /home/airflow/.local/lib/python3.12/site-packages/airflow/example_dags/example_kubernetes_executor.py
[2025-04-19T10:32:14.780+0000] {processor.py:925} INFO - DAG(s) 'example_kubernetes_executor' retrieved from /home/airflow/.local/lib/python3.12/site-packages/airflow/example_dags/example_kubernetes_executor.py
[2025-04-19T10:32:14.823+0000] {logging_mixin.py:190} INFO - [2025-04-19T10:32:14.823+0000] {dag.py:3239} INFO - Sync 1 DAGs
[2025-04-19T10:32:14.853+0000] {logging_mixin.py:190} INFO - [2025-04-19T10:32:14.852+0000] {dag.py:4180} INFO - Setting next_dagrun for example_kubernetes_executor to None, run_after=None
[2025-04-19T10:32:14.939+0000] {processor.py:208} INFO - Processing /home/airflow/.local/lib/python3.12/site-packages/airflow/example_dags/example_kubernetes_executor.py took 0.201 seconds
[2025-04-19T10:32:46.070+0000] {processor.py:186} INFO - Started process (PID=234) to work on /home/airflow/.local/lib/python3.12/site-packages/airflow/example_dags/example_kubernetes_executor.py
[2025-04-19T10:32:46.072+0000] {processor.py:914} INFO - Processing file /home/airflow/.local/lib/python3.12/site-packages/airflow/example_dags/example_kubernetes_executor.py for tasks to queue
[2025-04-19T10:32:46.079+0000] {logging_mixin.py:190} INFO - [2025-04-19T10:32:46.078+0000] {dagbag.py:588} INFO - Filling up the DagBag from /home/airflow/.local/lib/python3.12/site-packages/airflow/example_dags/example_kubernetes_executor.py
[2025-04-19T10:32:46.109+0000] {processor.py:925} INFO - DAG(s) 'example_kubernetes_executor' retrieved from /home/airflow/.local/lib/python3.12/site-packages/airflow/example_dags/example_kubernetes_executor.py
[2025-04-19T10:32:46.184+0000] {logging_mixin.py:190} INFO - [2025-04-19T10:32:46.182+0000] {dag.py:3239} INFO - Sync 1 DAGs
[2025-04-19T10:32:46.212+0000] {logging_mixin.py:190} INFO - [2025-04-19T10:32:46.212+0000] {dag.py:4180} INFO - Setting next_dagrun for example_kubernetes_executor to None, run_after=None
[2025-04-19T10:32:46.256+0000] {processor.py:208} INFO - Processing /home/airflow/.local/lib/python3.12/site-packages/airflow/example_dags/example_kubernetes_executor.py took 0.197 seconds
[2025-04-19T10:33:17.765+0000] {processor.py:186} INFO - Started process (PID=297) to work on /home/airflow/.local/lib/python3.12/site-packages/airflow/example_dags/example_kubernetes_executor.py
[2025-04-19T10:33:17.769+0000] {processor.py:914} INFO - Processing file /home/airflow/.local/lib/python3.12/site-packages/airflow/example_dags/example_kubernetes_executor.py for tasks to queue
[2025-04-19T10:33:17.775+0000] {logging_mixin.py:190} INFO - [2025-04-19T10:33:17.774+0000] {dagbag.py:588} INFO - Filling up the DagBag from /home/airflow/.local/lib/python3.12/site-packages/airflow/example_dags/example_kubernetes_executor.py
[2025-04-19T10:33:17.803+0000] {processor.py:925} INFO - DAG(s) 'example_kubernetes_executor' retrieved from /home/airflow/.local/lib/python3.12/site-packages/airflow/example_dags/example_kubernetes_executor.py
[2025-04-19T10:33:17.850+0000] {logging_mixin.py:190} INFO - [2025-04-19T10:33:17.849+0000] {dag.py:3239} INFO - Sync 1 DAGs
[2025-04-19T10:33:17.876+0000] {logging_mixin.py:190} INFO - [2025-04-19T10:33:17.876+0000] {dag.py:4180} INFO - Setting next_dagrun for example_kubernetes_executor to None, run_after=None
[2025-04-19T10:33:17.917+0000] {processor.py:208} INFO - Processing /home/airflow/.local/lib/python3.12/site-packages/airflow/example_dags/example_kubernetes_executor.py took 0.175 seconds
[2025-04-19T10:33:48.914+0000] {processor.py:186} INFO - Started process (PID=359) to work on /home/airflow/.local/lib/python3.12/site-packages/airflow/example_dags/example_kubernetes_executor.py
[2025-04-19T10:33:48.917+0000] {processor.py:914} INFO - Processing file /home/airflow/.local/lib/python3.12/site-packages/airflow/example_dags/example_kubernetes_executor.py for tasks to queue
[2025-04-19T10:33:48.922+0000] {logging_mixin.py:190} INFO - [2025-04-19T10:33:48.921+0000] {dagbag.py:588} INFO - Filling up the DagBag from /home/airflow/.local/lib/python3.12/site-packages/airflow/example_dags/example_kubernetes_executor.py
[2025-04-19T10:33:48.961+0000] {processor.py:925} INFO - DAG(s) 'example_kubernetes_executor' retrieved from /home/airflow/.local/lib/python3.12/site-packages/airflow/example_dags/example_kubernetes_executor.py
[2025-04-19T10:33:49.041+0000] {logging_mixin.py:190} INFO - [2025-04-19T10:33:49.040+0000] {dag.py:3239} INFO - Sync 1 DAGs
[2025-04-19T10:33:49.095+0000] {logging_mixin.py:190} INFO - [2025-04-19T10:33:49.094+0000] {dag.py:4180} INFO - Setting next_dagrun for example_kubernetes_executor to None, run_after=None
[2025-04-19T10:33:49.174+0000] {processor.py:208} INFO - Processing /home/airflow/.local/lib/python3.12/site-packages/airflow/example_dags/example_kubernetes_executor.py took 0.276 seconds
