[2025-04-19T10:19:12.355+0000] {processor.py:186} INFO - Started process (PID=117) to work on /home/airflow/.local/lib/python3.12/site-packages/airflow/example_dags/example_branch_python_dop_operator_3.py
[2025-04-19T10:19:12.359+0000] {processor.py:914} INFO - Processing file /home/airflow/.local/lib/python3.12/site-packages/airflow/example_dags/example_branch_python_dop_operator_3.py for tasks to queue
[2025-04-19T10:19:12.366+0000] {logging_mixin.py:190} INFO - [2025-04-19T10:19:12.365+0000] {dagbag.py:588} INFO - Filling up the DagBag from /home/airflow/.local/lib/python3.12/site-packages/airflow/example_dags/example_branch_python_dop_operator_3.py
[2025-04-19T10:19:12.407+0000] {processor.py:925} INFO - DAG(s) 'example_branch_dop_operator_v3' retrieved from /home/airflow/.local/lib/python3.12/site-packages/airflow/example_dags/example_branch_python_dop_operator_3.py
[2025-04-19T10:19:12.625+0000] {logging_mixin.py:190} INFO - [2025-04-19T10:19:12.624+0000] {override.py:1912} INFO - Created Permission View: can delete on DAG:example_branch_dop_operator_v3
[2025-04-19T10:19:12.645+0000] {logging_mixin.py:190} INFO - [2025-04-19T10:19:12.644+0000] {override.py:1912} INFO - Created Permission View: can read on DAG:example_branch_dop_operator_v3
[2025-04-19T10:19:12.663+0000] {logging_mixin.py:190} INFO - [2025-04-19T10:19:12.662+0000] {override.py:1912} INFO - Created Permission View: can edit on DAG:example_branch_dop_operator_v3
[2025-04-19T10:19:12.700+0000] {logging_mixin.py:190} INFO - [2025-04-19T10:19:12.699+0000] {override.py:1912} INFO - Created Permission View: can delete on DAG Run:example_branch_dop_operator_v3
[2025-04-19T10:19:12.733+0000] {logging_mixin.py:190} INFO - [2025-04-19T10:19:12.732+0000] {override.py:1912} INFO - Created Permission View: can read on DAG Run:example_branch_dop_operator_v3
[2025-04-19T10:19:12.770+0000] {logging_mixin.py:190} INFO - [2025-04-19T10:19:12.769+0000] {override.py:1912} INFO - Created Permission View: menu access on DAG Run:example_branch_dop_operator_v3
[2025-04-19T10:19:12.809+0000] {logging_mixin.py:190} INFO - [2025-04-19T10:19:12.806+0000] {override.py:1912} INFO - Created Permission View: can create on DAG Run:example_branch_dop_operator_v3
[2025-04-19T10:19:12.813+0000] {logging_mixin.py:190} INFO - [2025-04-19T10:19:12.812+0000] {dag.py:3239} INFO - Sync 1 DAGs
[2025-04-19T10:19:12.868+0000] {logging_mixin.py:190} INFO - [2025-04-19T10:19:12.867+0000] {dag.py:3262} INFO - Creating ORM DAG for example_branch_dop_operator_v3
[2025-04-19T10:19:12.908+0000] {logging_mixin.py:190} INFO - [2025-04-19T10:19:12.907+0000] {dag.py:4180} INFO - Setting next_dagrun for example_branch_dop_operator_v3 to 2025-04-19 10:18:00+00:00, run_after=2025-04-19 10:19:00+00:00
[2025-04-19T10:19:12.964+0000] {processor.py:208} INFO - Processing /home/airflow/.local/lib/python3.12/site-packages/airflow/example_dags/example_branch_python_dop_operator_3.py took 0.621 seconds
[2025-04-19T10:19:43.152+0000] {processor.py:186} INFO - Started process (PID=182) to work on /home/airflow/.local/lib/python3.12/site-packages/airflow/example_dags/example_branch_python_dop_operator_3.py
[2025-04-19T10:19:43.154+0000] {processor.py:914} INFO - Processing file /home/airflow/.local/lib/python3.12/site-packages/airflow/example_dags/example_branch_python_dop_operator_3.py for tasks to queue
[2025-04-19T10:19:43.161+0000] {logging_mixin.py:190} INFO - [2025-04-19T10:19:43.160+0000] {dagbag.py:588} INFO - Filling up the DagBag from /home/airflow/.local/lib/python3.12/site-packages/airflow/example_dags/example_branch_python_dop_operator_3.py
[2025-04-19T10:19:43.188+0000] {processor.py:925} INFO - DAG(s) 'example_branch_dop_operator_v3' retrieved from /home/airflow/.local/lib/python3.12/site-packages/airflow/example_dags/example_branch_python_dop_operator_3.py
[2025-04-19T10:19:43.238+0000] {logging_mixin.py:190} INFO - [2025-04-19T10:19:43.237+0000] {dag.py:3239} INFO - Sync 1 DAGs
[2025-04-19T10:19:43.293+0000] {logging_mixin.py:190} INFO - [2025-04-19T10:19:43.292+0000] {dag.py:4180} INFO - Setting next_dagrun for example_branch_dop_operator_v3 to 2025-04-19 10:18:00+00:00, run_after=2025-04-19 10:19:00+00:00
[2025-04-19T10:19:43.340+0000] {processor.py:208} INFO - Processing /home/airflow/.local/lib/python3.12/site-packages/airflow/example_dags/example_branch_python_dop_operator_3.py took 0.200 seconds
[2025-04-19T10:20:13.452+0000] {processor.py:186} INFO - Started process (PID=244) to work on /home/airflow/.local/lib/python3.12/site-packages/airflow/example_dags/example_branch_python_dop_operator_3.py
[2025-04-19T10:20:13.454+0000] {processor.py:914} INFO - Processing file /home/airflow/.local/lib/python3.12/site-packages/airflow/example_dags/example_branch_python_dop_operator_3.py for tasks to queue
[2025-04-19T10:20:13.459+0000] {logging_mixin.py:190} INFO - [2025-04-19T10:20:13.459+0000] {dagbag.py:588} INFO - Filling up the DagBag from /home/airflow/.local/lib/python3.12/site-packages/airflow/example_dags/example_branch_python_dop_operator_3.py
[2025-04-19T10:20:13.475+0000] {processor.py:925} INFO - DAG(s) 'example_branch_dop_operator_v3' retrieved from /home/airflow/.local/lib/python3.12/site-packages/airflow/example_dags/example_branch_python_dop_operator_3.py
[2025-04-19T10:20:13.521+0000] {logging_mixin.py:190} INFO - [2025-04-19T10:20:13.521+0000] {dag.py:3239} INFO - Sync 1 DAGs
[2025-04-19T10:20:13.578+0000] {logging_mixin.py:190} INFO - [2025-04-19T10:20:13.578+0000] {dag.py:4180} INFO - Setting next_dagrun for example_branch_dop_operator_v3 to 2025-04-19 10:19:00+00:00, run_after=2025-04-19 10:20:00+00:00
[2025-04-19T10:20:13.630+0000] {processor.py:208} INFO - Processing /home/airflow/.local/lib/python3.12/site-packages/airflow/example_dags/example_branch_python_dop_operator_3.py took 0.187 seconds
[2025-04-19T10:20:45.090+0000] {processor.py:186} INFO - Started process (PID=305) to work on /home/airflow/.local/lib/python3.12/site-packages/airflow/example_dags/example_branch_python_dop_operator_3.py
[2025-04-19T10:20:45.092+0000] {processor.py:914} INFO - Processing file /home/airflow/.local/lib/python3.12/site-packages/airflow/example_dags/example_branch_python_dop_operator_3.py for tasks to queue
[2025-04-19T10:20:45.098+0000] {logging_mixin.py:190} INFO - [2025-04-19T10:20:45.097+0000] {dagbag.py:588} INFO - Filling up the DagBag from /home/airflow/.local/lib/python3.12/site-packages/airflow/example_dags/example_branch_python_dop_operator_3.py
[2025-04-19T10:20:45.116+0000] {processor.py:925} INFO - DAG(s) 'example_branch_dop_operator_v3' retrieved from /home/airflow/.local/lib/python3.12/site-packages/airflow/example_dags/example_branch_python_dop_operator_3.py
[2025-04-19T10:20:45.153+0000] {logging_mixin.py:190} INFO - [2025-04-19T10:20:45.153+0000] {dag.py:3239} INFO - Sync 1 DAGs
[2025-04-19T10:20:45.205+0000] {logging_mixin.py:190} INFO - [2025-04-19T10:20:45.204+0000] {dag.py:4180} INFO - Setting next_dagrun for example_branch_dop_operator_v3 to 2025-04-19 10:19:00+00:00, run_after=2025-04-19 10:20:00+00:00
[2025-04-19T10:20:45.244+0000] {processor.py:208} INFO - Processing /home/airflow/.local/lib/python3.12/site-packages/airflow/example_dags/example_branch_python_dop_operator_3.py took 0.165 seconds
[2025-04-19T10:21:16.575+0000] {processor.py:186} INFO - Started process (PID=368) to work on /home/airflow/.local/lib/python3.12/site-packages/airflow/example_dags/example_branch_python_dop_operator_3.py
[2025-04-19T10:21:16.577+0000] {processor.py:914} INFO - Processing file /home/airflow/.local/lib/python3.12/site-packages/airflow/example_dags/example_branch_python_dop_operator_3.py for tasks to queue
[2025-04-19T10:21:16.583+0000] {logging_mixin.py:190} INFO - [2025-04-19T10:21:16.582+0000] {dagbag.py:588} INFO - Filling up the DagBag from /home/airflow/.local/lib/python3.12/site-packages/airflow/example_dags/example_branch_python_dop_operator_3.py
[2025-04-19T10:21:16.604+0000] {processor.py:925} INFO - DAG(s) 'example_branch_dop_operator_v3' retrieved from /home/airflow/.local/lib/python3.12/site-packages/airflow/example_dags/example_branch_python_dop_operator_3.py
[2025-04-19T10:21:16.661+0000] {logging_mixin.py:190} INFO - [2025-04-19T10:21:16.660+0000] {dag.py:3239} INFO - Sync 1 DAGs
[2025-04-19T10:21:16.712+0000] {logging_mixin.py:190} INFO - [2025-04-19T10:21:16.711+0000] {dag.py:4180} INFO - Setting next_dagrun for example_branch_dop_operator_v3 to 2025-04-19 10:20:00+00:00, run_after=2025-04-19 10:21:00+00:00
[2025-04-19T10:21:16.816+0000] {processor.py:208} INFO - Processing /home/airflow/.local/lib/python3.12/site-packages/airflow/example_dags/example_branch_python_dop_operator_3.py took 0.254 seconds
[2025-04-19T10:21:47.989+0000] {processor.py:186} INFO - Started process (PID=437) to work on /home/airflow/.local/lib/python3.12/site-packages/airflow/example_dags/example_branch_python_dop_operator_3.py
[2025-04-19T10:21:47.996+0000] {processor.py:914} INFO - Processing file /home/airflow/.local/lib/python3.12/site-packages/airflow/example_dags/example_branch_python_dop_operator_3.py for tasks to queue
[2025-04-19T10:21:48.003+0000] {logging_mixin.py:190} INFO - [2025-04-19T10:21:48.002+0000] {dagbag.py:588} INFO - Filling up the DagBag from /home/airflow/.local/lib/python3.12/site-packages/airflow/example_dags/example_branch_python_dop_operator_3.py
[2025-04-19T10:21:48.030+0000] {processor.py:925} INFO - DAG(s) 'example_branch_dop_operator_v3' retrieved from /home/airflow/.local/lib/python3.12/site-packages/airflow/example_dags/example_branch_python_dop_operator_3.py
[2025-04-19T10:21:48.068+0000] {logging_mixin.py:190} INFO - [2025-04-19T10:21:48.067+0000] {dag.py:3239} INFO - Sync 1 DAGs
[2025-04-19T10:21:48.116+0000] {logging_mixin.py:190} INFO - [2025-04-19T10:21:48.116+0000] {dag.py:4180} INFO - Setting next_dagrun for example_branch_dop_operator_v3 to 2025-04-19 10:20:00+00:00, run_after=2025-04-19 10:21:00+00:00
[2025-04-19T10:21:48.162+0000] {processor.py:208} INFO - Processing /home/airflow/.local/lib/python3.12/site-packages/airflow/example_dags/example_branch_python_dop_operator_3.py took 0.183 seconds
[2025-04-19T10:22:20.099+0000] {processor.py:186} INFO - Started process (PID=499) to work on /home/airflow/.local/lib/python3.12/site-packages/airflow/example_dags/example_branch_python_dop_operator_3.py
[2025-04-19T10:22:20.104+0000] {processor.py:914} INFO - Processing file /home/airflow/.local/lib/python3.12/site-packages/airflow/example_dags/example_branch_python_dop_operator_3.py for tasks to queue
[2025-04-19T10:22:20.112+0000] {logging_mixin.py:190} INFO - [2025-04-19T10:22:20.111+0000] {dagbag.py:588} INFO - Filling up the DagBag from /home/airflow/.local/lib/python3.12/site-packages/airflow/example_dags/example_branch_python_dop_operator_3.py
[2025-04-19T10:22:20.140+0000] {processor.py:925} INFO - DAG(s) 'example_branch_dop_operator_v3' retrieved from /home/airflow/.local/lib/python3.12/site-packages/airflow/example_dags/example_branch_python_dop_operator_3.py
[2025-04-19T10:22:20.210+0000] {logging_mixin.py:190} INFO - [2025-04-19T10:22:20.209+0000] {dag.py:3239} INFO - Sync 1 DAGs
[2025-04-19T10:22:20.276+0000] {logging_mixin.py:190} INFO - [2025-04-19T10:22:20.276+0000] {dag.py:4180} INFO - Setting next_dagrun for example_branch_dop_operator_v3 to 2025-04-19 10:21:00+00:00, run_after=2025-04-19 10:22:00+00:00
[2025-04-19T10:22:20.326+0000] {processor.py:208} INFO - Processing /home/airflow/.local/lib/python3.12/site-packages/airflow/example_dags/example_branch_python_dop_operator_3.py took 0.248 seconds
[2025-04-19T10:22:51.721+0000] {processor.py:186} INFO - Started process (PID=561) to work on /home/airflow/.local/lib/python3.12/site-packages/airflow/example_dags/example_branch_python_dop_operator_3.py
[2025-04-19T10:22:51.723+0000] {processor.py:914} INFO - Processing file /home/airflow/.local/lib/python3.12/site-packages/airflow/example_dags/example_branch_python_dop_operator_3.py for tasks to queue
[2025-04-19T10:22:51.729+0000] {logging_mixin.py:190} INFO - [2025-04-19T10:22:51.729+0000] {dagbag.py:588} INFO - Filling up the DagBag from /home/airflow/.local/lib/python3.12/site-packages/airflow/example_dags/example_branch_python_dop_operator_3.py
[2025-04-19T10:22:51.754+0000] {processor.py:925} INFO - DAG(s) 'example_branch_dop_operator_v3' retrieved from /home/airflow/.local/lib/python3.12/site-packages/airflow/example_dags/example_branch_python_dop_operator_3.py
[2025-04-19T10:22:51.799+0000] {logging_mixin.py:190} INFO - [2025-04-19T10:22:51.799+0000] {dag.py:3239} INFO - Sync 1 DAGs
[2025-04-19T10:22:51.884+0000] {logging_mixin.py:190} INFO - [2025-04-19T10:22:51.883+0000] {dag.py:4180} INFO - Setting next_dagrun for example_branch_dop_operator_v3 to 2025-04-19 10:21:00+00:00, run_after=2025-04-19 10:22:00+00:00
[2025-04-19T10:22:51.948+0000] {processor.py:208} INFO - Processing /home/airflow/.local/lib/python3.12/site-packages/airflow/example_dags/example_branch_python_dop_operator_3.py took 0.242 seconds
[2025-04-19T10:23:23.485+0000] {processor.py:186} INFO - Started process (PID=624) to work on /home/airflow/.local/lib/python3.12/site-packages/airflow/example_dags/example_branch_python_dop_operator_3.py
[2025-04-19T10:23:23.488+0000] {processor.py:914} INFO - Processing file /home/airflow/.local/lib/python3.12/site-packages/airflow/example_dags/example_branch_python_dop_operator_3.py for tasks to queue
[2025-04-19T10:23:23.493+0000] {logging_mixin.py:190} INFO - [2025-04-19T10:23:23.493+0000] {dagbag.py:588} INFO - Filling up the DagBag from /home/airflow/.local/lib/python3.12/site-packages/airflow/example_dags/example_branch_python_dop_operator_3.py
[2025-04-19T10:23:23.514+0000] {processor.py:925} INFO - DAG(s) 'example_branch_dop_operator_v3' retrieved from /home/airflow/.local/lib/python3.12/site-packages/airflow/example_dags/example_branch_python_dop_operator_3.py
[2025-04-19T10:23:23.554+0000] {logging_mixin.py:190} INFO - [2025-04-19T10:23:23.553+0000] {dag.py:3239} INFO - Sync 1 DAGs
[2025-04-19T10:23:23.598+0000] {logging_mixin.py:190} INFO - [2025-04-19T10:23:23.598+0000] {dag.py:4180} INFO - Setting next_dagrun for example_branch_dop_operator_v3 to 2025-04-19 10:22:00+00:00, run_after=2025-04-19 10:23:00+00:00
[2025-04-19T10:23:23.678+0000] {processor.py:208} INFO - Processing /home/airflow/.local/lib/python3.12/site-packages/airflow/example_dags/example_branch_python_dop_operator_3.py took 0.208 seconds
[2025-04-19T10:23:55.056+0000] {processor.py:186} INFO - Started process (PID=688) to work on /home/airflow/.local/lib/python3.12/site-packages/airflow/example_dags/example_branch_python_dop_operator_3.py
[2025-04-19T10:23:55.057+0000] {processor.py:914} INFO - Processing file /home/airflow/.local/lib/python3.12/site-packages/airflow/example_dags/example_branch_python_dop_operator_3.py for tasks to queue
[2025-04-19T10:23:55.063+0000] {logging_mixin.py:190} INFO - [2025-04-19T10:23:55.062+0000] {dagbag.py:588} INFO - Filling up the DagBag from /home/airflow/.local/lib/python3.12/site-packages/airflow/example_dags/example_branch_python_dop_operator_3.py
[2025-04-19T10:23:55.092+0000] {processor.py:925} INFO - DAG(s) 'example_branch_dop_operator_v3' retrieved from /home/airflow/.local/lib/python3.12/site-packages/airflow/example_dags/example_branch_python_dop_operator_3.py
[2025-04-19T10:23:55.145+0000] {logging_mixin.py:190} INFO - [2025-04-19T10:23:55.145+0000] {dag.py:3239} INFO - Sync 1 DAGs
[2025-04-19T10:23:55.205+0000] {logging_mixin.py:190} INFO - [2025-04-19T10:23:55.204+0000] {dag.py:4180} INFO - Setting next_dagrun for example_branch_dop_operator_v3 to 2025-04-19 10:22:00+00:00, run_after=2025-04-19 10:23:00+00:00
[2025-04-19T10:23:55.246+0000] {processor.py:208} INFO - Processing /home/airflow/.local/lib/python3.12/site-packages/airflow/example_dags/example_branch_python_dop_operator_3.py took 0.210 seconds
[2025-04-19T10:24:26.392+0000] {processor.py:186} INFO - Started process (PID=751) to work on /home/airflow/.local/lib/python3.12/site-packages/airflow/example_dags/example_branch_python_dop_operator_3.py
[2025-04-19T10:24:26.394+0000] {processor.py:914} INFO - Processing file /home/airflow/.local/lib/python3.12/site-packages/airflow/example_dags/example_branch_python_dop_operator_3.py for tasks to queue
[2025-04-19T10:24:26.398+0000] {logging_mixin.py:190} INFO - [2025-04-19T10:24:26.398+0000] {dagbag.py:588} INFO - Filling up the DagBag from /home/airflow/.local/lib/python3.12/site-packages/airflow/example_dags/example_branch_python_dop_operator_3.py
[2025-04-19T10:24:26.419+0000] {processor.py:925} INFO - DAG(s) 'example_branch_dop_operator_v3' retrieved from /home/airflow/.local/lib/python3.12/site-packages/airflow/example_dags/example_branch_python_dop_operator_3.py
[2025-04-19T10:24:26.454+0000] {logging_mixin.py:190} INFO - [2025-04-19T10:24:26.454+0000] {dag.py:3239} INFO - Sync 1 DAGs
[2025-04-19T10:24:26.501+0000] {logging_mixin.py:190} INFO - [2025-04-19T10:24:26.501+0000] {dag.py:4180} INFO - Setting next_dagrun for example_branch_dop_operator_v3 to 2025-04-19 10:23:00+00:00, run_after=2025-04-19 10:24:00+00:00
[2025-04-19T10:24:26.540+0000] {processor.py:208} INFO - Processing /home/airflow/.local/lib/python3.12/site-packages/airflow/example_dags/example_branch_python_dop_operator_3.py took 0.157 seconds
[2025-04-19T10:24:58.486+0000] {processor.py:186} INFO - Started process (PID=815) to work on /home/airflow/.local/lib/python3.12/site-packages/airflow/example_dags/example_branch_python_dop_operator_3.py
[2025-04-19T10:24:58.488+0000] {processor.py:914} INFO - Processing file /home/airflow/.local/lib/python3.12/site-packages/airflow/example_dags/example_branch_python_dop_operator_3.py for tasks to queue
[2025-04-19T10:24:58.491+0000] {logging_mixin.py:190} INFO - [2025-04-19T10:24:58.491+0000] {dagbag.py:588} INFO - Filling up the DagBag from /home/airflow/.local/lib/python3.12/site-packages/airflow/example_dags/example_branch_python_dop_operator_3.py
[2025-04-19T10:24:58.512+0000] {processor.py:925} INFO - DAG(s) 'example_branch_dop_operator_v3' retrieved from /home/airflow/.local/lib/python3.12/site-packages/airflow/example_dags/example_branch_python_dop_operator_3.py
[2025-04-19T10:24:58.545+0000] {logging_mixin.py:190} INFO - [2025-04-19T10:24:58.545+0000] {dag.py:3239} INFO - Sync 1 DAGs
[2025-04-19T10:24:58.587+0000] {logging_mixin.py:190} INFO - [2025-04-19T10:24:58.587+0000] {dag.py:4180} INFO - Setting next_dagrun for example_branch_dop_operator_v3 to 2025-04-19 10:23:00+00:00, run_after=2025-04-19 10:24:00+00:00
[2025-04-19T10:24:58.638+0000] {processor.py:208} INFO - Processing /home/airflow/.local/lib/python3.12/site-packages/airflow/example_dags/example_branch_python_dop_operator_3.py took 0.160 seconds
[2025-04-19T10:25:30.583+0000] {processor.py:186} INFO - Started process (PID=881) to work on /home/airflow/.local/lib/python3.12/site-packages/airflow/example_dags/example_branch_python_dop_operator_3.py
[2025-04-19T10:25:30.588+0000] {processor.py:914} INFO - Processing file /home/airflow/.local/lib/python3.12/site-packages/airflow/example_dags/example_branch_python_dop_operator_3.py for tasks to queue
[2025-04-19T10:25:30.598+0000] {logging_mixin.py:190} INFO - [2025-04-19T10:25:30.597+0000] {dagbag.py:588} INFO - Filling up the DagBag from /home/airflow/.local/lib/python3.12/site-packages/airflow/example_dags/example_branch_python_dop_operator_3.py
[2025-04-19T10:25:30.634+0000] {processor.py:925} INFO - DAG(s) 'example_branch_dop_operator_v3' retrieved from /home/airflow/.local/lib/python3.12/site-packages/airflow/example_dags/example_branch_python_dop_operator_3.py
[2025-04-19T10:25:30.699+0000] {logging_mixin.py:190} INFO - [2025-04-19T10:25:30.698+0000] {dag.py:3239} INFO - Sync 1 DAGs
[2025-04-19T10:25:30.780+0000] {logging_mixin.py:190} INFO - [2025-04-19T10:25:30.779+0000] {dag.py:4180} INFO - Setting next_dagrun for example_branch_dop_operator_v3 to 2025-04-19 10:24:00+00:00, run_after=2025-04-19 10:25:00+00:00
[2025-04-19T10:25:30.810+0000] {processor.py:208} INFO - Processing /home/airflow/.local/lib/python3.12/site-packages/airflow/example_dags/example_branch_python_dop_operator_3.py took 0.248 seconds
[2025-04-19T10:26:02.206+0000] {processor.py:186} INFO - Started process (PID=944) to work on /home/airflow/.local/lib/python3.12/site-packages/airflow/example_dags/example_branch_python_dop_operator_3.py
[2025-04-19T10:26:02.209+0000] {processor.py:914} INFO - Processing file /home/airflow/.local/lib/python3.12/site-packages/airflow/example_dags/example_branch_python_dop_operator_3.py for tasks to queue
[2025-04-19T10:26:02.214+0000] {logging_mixin.py:190} INFO - [2025-04-19T10:26:02.213+0000] {dagbag.py:588} INFO - Filling up the DagBag from /home/airflow/.local/lib/python3.12/site-packages/airflow/example_dags/example_branch_python_dop_operator_3.py
[2025-04-19T10:26:02.256+0000] {processor.py:925} INFO - DAG(s) 'example_branch_dop_operator_v3' retrieved from /home/airflow/.local/lib/python3.12/site-packages/airflow/example_dags/example_branch_python_dop_operator_3.py
[2025-04-19T10:26:02.330+0000] {logging_mixin.py:190} INFO - [2025-04-19T10:26:02.329+0000] {dag.py:3239} INFO - Sync 1 DAGs
[2025-04-19T10:26:02.395+0000] {logging_mixin.py:190} INFO - [2025-04-19T10:26:02.395+0000] {dag.py:4180} INFO - Setting next_dagrun for example_branch_dop_operator_v3 to 2025-04-19 10:25:00+00:00, run_after=2025-04-19 10:26:00+00:00
[2025-04-19T10:26:02.442+0000] {processor.py:208} INFO - Processing /home/airflow/.local/lib/python3.12/site-packages/airflow/example_dags/example_branch_python_dop_operator_3.py took 0.245 seconds
[2025-04-19T10:26:33.823+0000] {processor.py:186} INFO - Started process (PID=1006) to work on /home/airflow/.local/lib/python3.12/site-packages/airflow/example_dags/example_branch_python_dop_operator_3.py
[2025-04-19T10:26:33.825+0000] {processor.py:914} INFO - Processing file /home/airflow/.local/lib/python3.12/site-packages/airflow/example_dags/example_branch_python_dop_operator_3.py for tasks to queue
[2025-04-19T10:26:33.830+0000] {logging_mixin.py:190} INFO - [2025-04-19T10:26:33.830+0000] {dagbag.py:588} INFO - Filling up the DagBag from /home/airflow/.local/lib/python3.12/site-packages/airflow/example_dags/example_branch_python_dop_operator_3.py
[2025-04-19T10:26:33.854+0000] {processor.py:925} INFO - DAG(s) 'example_branch_dop_operator_v3' retrieved from /home/airflow/.local/lib/python3.12/site-packages/airflow/example_dags/example_branch_python_dop_operator_3.py
[2025-04-19T10:26:33.911+0000] {logging_mixin.py:190} INFO - [2025-04-19T10:26:33.911+0000] {dag.py:3239} INFO - Sync 1 DAGs
[2025-04-19T10:26:33.954+0000] {logging_mixin.py:190} INFO - [2025-04-19T10:26:33.953+0000] {dag.py:4180} INFO - Setting next_dagrun for example_branch_dop_operator_v3 to 2025-04-19 10:25:00+00:00, run_after=2025-04-19 10:26:00+00:00
[2025-04-19T10:26:33.993+0000] {processor.py:208} INFO - Processing /home/airflow/.local/lib/python3.12/site-packages/airflow/example_dags/example_branch_python_dop_operator_3.py took 0.185 seconds
[2025-04-19T10:27:04.410+0000] {processor.py:186} INFO - Started process (PID=1075) to work on /home/airflow/.local/lib/python3.12/site-packages/airflow/example_dags/example_branch_python_dop_operator_3.py
[2025-04-19T10:27:04.414+0000] {processor.py:914} INFO - Processing file /home/airflow/.local/lib/python3.12/site-packages/airflow/example_dags/example_branch_python_dop_operator_3.py for tasks to queue
[2025-04-19T10:27:04.419+0000] {logging_mixin.py:190} INFO - [2025-04-19T10:27:04.419+0000] {dagbag.py:588} INFO - Filling up the DagBag from /home/airflow/.local/lib/python3.12/site-packages/airflow/example_dags/example_branch_python_dop_operator_3.py
[2025-04-19T10:27:04.443+0000] {processor.py:925} INFO - DAG(s) 'example_branch_dop_operator_v3' retrieved from /home/airflow/.local/lib/python3.12/site-packages/airflow/example_dags/example_branch_python_dop_operator_3.py
[2025-04-19T10:27:04.484+0000] {logging_mixin.py:190} INFO - [2025-04-19T10:27:04.484+0000] {dag.py:3239} INFO - Sync 1 DAGs
[2025-04-19T10:27:04.528+0000] {logging_mixin.py:190} INFO - [2025-04-19T10:27:04.527+0000] {dag.py:4180} INFO - Setting next_dagrun for example_branch_dop_operator_v3 to 2025-04-19 10:26:00+00:00, run_after=2025-04-19 10:27:00+00:00
[2025-04-19T10:27:04.567+0000] {processor.py:208} INFO - Processing /home/airflow/.local/lib/python3.12/site-packages/airflow/example_dags/example_branch_python_dop_operator_3.py took 0.167 seconds
[2025-04-19T10:27:35.068+0000] {processor.py:186} INFO - Started process (PID=1137) to work on /home/airflow/.local/lib/python3.12/site-packages/airflow/example_dags/example_branch_python_dop_operator_3.py
[2025-04-19T10:27:35.070+0000] {processor.py:914} INFO - Processing file /home/airflow/.local/lib/python3.12/site-packages/airflow/example_dags/example_branch_python_dop_operator_3.py for tasks to queue
[2025-04-19T10:27:35.075+0000] {logging_mixin.py:190} INFO - [2025-04-19T10:27:35.075+0000] {dagbag.py:588} INFO - Filling up the DagBag from /home/airflow/.local/lib/python3.12/site-packages/airflow/example_dags/example_branch_python_dop_operator_3.py
[2025-04-19T10:27:35.091+0000] {processor.py:925} INFO - DAG(s) 'example_branch_dop_operator_v3' retrieved from /home/airflow/.local/lib/python3.12/site-packages/airflow/example_dags/example_branch_python_dop_operator_3.py
[2025-04-19T10:27:35.136+0000] {logging_mixin.py:190} INFO - [2025-04-19T10:27:35.135+0000] {dag.py:3239} INFO - Sync 1 DAGs
[2025-04-19T10:27:35.186+0000] {logging_mixin.py:190} INFO - [2025-04-19T10:27:35.186+0000] {dag.py:4180} INFO - Setting next_dagrun for example_branch_dop_operator_v3 to 2025-04-19 10:26:00+00:00, run_after=2025-04-19 10:27:00+00:00
[2025-04-19T10:27:35.233+0000] {processor.py:208} INFO - Processing /home/airflow/.local/lib/python3.12/site-packages/airflow/example_dags/example_branch_python_dop_operator_3.py took 0.175 seconds
[2025-04-19T10:28:05.567+0000] {processor.py:186} INFO - Started process (PID=1200) to work on /home/airflow/.local/lib/python3.12/site-packages/airflow/example_dags/example_branch_python_dop_operator_3.py
[2025-04-19T10:28:05.570+0000] {processor.py:914} INFO - Processing file /home/airflow/.local/lib/python3.12/site-packages/airflow/example_dags/example_branch_python_dop_operator_3.py for tasks to queue
[2025-04-19T10:28:05.577+0000] {logging_mixin.py:190} INFO - [2025-04-19T10:28:05.576+0000] {dagbag.py:588} INFO - Filling up the DagBag from /home/airflow/.local/lib/python3.12/site-packages/airflow/example_dags/example_branch_python_dop_operator_3.py
[2025-04-19T10:28:05.609+0000] {processor.py:925} INFO - DAG(s) 'example_branch_dop_operator_v3' retrieved from /home/airflow/.local/lib/python3.12/site-packages/airflow/example_dags/example_branch_python_dop_operator_3.py
[2025-04-19T10:28:05.678+0000] {logging_mixin.py:190} INFO - [2025-04-19T10:28:05.677+0000] {dag.py:3239} INFO - Sync 1 DAGs
[2025-04-19T10:28:05.756+0000] {logging_mixin.py:190} INFO - [2025-04-19T10:28:05.756+0000] {dag.py:4180} INFO - Setting next_dagrun for example_branch_dop_operator_v3 to 2025-04-19 10:27:00+00:00, run_after=2025-04-19 10:28:00+00:00
[2025-04-19T10:28:05.827+0000] {processor.py:208} INFO - Processing /home/airflow/.local/lib/python3.12/site-packages/airflow/example_dags/example_branch_python_dop_operator_3.py took 0.284 seconds
[2025-04-19T10:28:36.126+0000] {processor.py:186} INFO - Started process (PID=1263) to work on /home/airflow/.local/lib/python3.12/site-packages/airflow/example_dags/example_branch_python_dop_operator_3.py
[2025-04-19T10:28:36.129+0000] {processor.py:914} INFO - Processing file /home/airflow/.local/lib/python3.12/site-packages/airflow/example_dags/example_branch_python_dop_operator_3.py for tasks to queue
[2025-04-19T10:28:36.137+0000] {logging_mixin.py:190} INFO - [2025-04-19T10:28:36.136+0000] {dagbag.py:588} INFO - Filling up the DagBag from /home/airflow/.local/lib/python3.12/site-packages/airflow/example_dags/example_branch_python_dop_operator_3.py
[2025-04-19T10:28:36.171+0000] {processor.py:925} INFO - DAG(s) 'example_branch_dop_operator_v3' retrieved from /home/airflow/.local/lib/python3.12/site-packages/airflow/example_dags/example_branch_python_dop_operator_3.py
[2025-04-19T10:28:36.231+0000] {logging_mixin.py:190} INFO - [2025-04-19T10:28:36.230+0000] {dag.py:3239} INFO - Sync 1 DAGs
[2025-04-19T10:28:36.299+0000] {logging_mixin.py:190} INFO - [2025-04-19T10:28:36.298+0000] {dag.py:4180} INFO - Setting next_dagrun for example_branch_dop_operator_v3 to 2025-04-19 10:27:00+00:00, run_after=2025-04-19 10:28:00+00:00
[2025-04-19T10:28:36.364+0000] {processor.py:208} INFO - Processing /home/airflow/.local/lib/python3.12/site-packages/airflow/example_dags/example_branch_python_dop_operator_3.py took 0.249 seconds
[2025-04-19T10:29:06.805+0000] {processor.py:186} INFO - Started process (PID=1326) to work on /home/airflow/.local/lib/python3.12/site-packages/airflow/example_dags/example_branch_python_dop_operator_3.py
[2025-04-19T10:29:06.808+0000] {processor.py:914} INFO - Processing file /home/airflow/.local/lib/python3.12/site-packages/airflow/example_dags/example_branch_python_dop_operator_3.py for tasks to queue
[2025-04-19T10:29:06.813+0000] {logging_mixin.py:190} INFO - [2025-04-19T10:29:06.813+0000] {dagbag.py:588} INFO - Filling up the DagBag from /home/airflow/.local/lib/python3.12/site-packages/airflow/example_dags/example_branch_python_dop_operator_3.py
[2025-04-19T10:29:06.833+0000] {processor.py:925} INFO - DAG(s) 'example_branch_dop_operator_v3' retrieved from /home/airflow/.local/lib/python3.12/site-packages/airflow/example_dags/example_branch_python_dop_operator_3.py
[2025-04-19T10:29:06.873+0000] {logging_mixin.py:190} INFO - [2025-04-19T10:29:06.873+0000] {dag.py:3239} INFO - Sync 1 DAGs
[2025-04-19T10:29:06.912+0000] {logging_mixin.py:190} INFO - [2025-04-19T10:29:06.912+0000] {dag.py:4180} INFO - Setting next_dagrun for example_branch_dop_operator_v3 to 2025-04-19 10:28:00+00:00, run_after=2025-04-19 10:29:00+00:00
[2025-04-19T10:29:06.945+0000] {processor.py:208} INFO - Processing /home/airflow/.local/lib/python3.12/site-packages/airflow/example_dags/example_branch_python_dop_operator_3.py took 0.149 seconds
[2025-04-19T10:31:46.336+0000] {processor.py:186} INFO - Started process (PID=116) to work on /home/airflow/.local/lib/python3.12/site-packages/airflow/example_dags/example_branch_python_dop_operator_3.py
[2025-04-19T10:31:46.338+0000] {processor.py:914} INFO - Processing file /home/airflow/.local/lib/python3.12/site-packages/airflow/example_dags/example_branch_python_dop_operator_3.py for tasks to queue
[2025-04-19T10:31:46.342+0000] {logging_mixin.py:190} INFO - [2025-04-19T10:31:46.341+0000] {dagbag.py:588} INFO - Filling up the DagBag from /home/airflow/.local/lib/python3.12/site-packages/airflow/example_dags/example_branch_python_dop_operator_3.py
[2025-04-19T10:31:46.360+0000] {processor.py:925} INFO - DAG(s) 'example_branch_dop_operator_v3' retrieved from /home/airflow/.local/lib/python3.12/site-packages/airflow/example_dags/example_branch_python_dop_operator_3.py
[2025-04-19T10:31:46.397+0000] {logging_mixin.py:190} INFO - [2025-04-19T10:31:46.396+0000] {dag.py:3239} INFO - Sync 1 DAGs
[2025-04-19T10:31:46.454+0000] {logging_mixin.py:190} INFO - [2025-04-19T10:31:46.454+0000] {dag.py:4180} INFO - Setting next_dagrun for example_branch_dop_operator_v3 to 2025-04-19 10:30:00+00:00, run_after=2025-04-19 10:31:00+00:00
[2025-04-19T10:31:46.498+0000] {processor.py:208} INFO - Processing /home/airflow/.local/lib/python3.12/site-packages/airflow/example_dags/example_branch_python_dop_operator_3.py took 0.170 seconds
[2025-04-19T10:32:18.539+0000] {processor.py:186} INFO - Started process (PID=179) to work on /home/airflow/.local/lib/python3.12/site-packages/airflow/example_dags/example_branch_python_dop_operator_3.py
[2025-04-19T10:32:18.542+0000] {processor.py:914} INFO - Processing file /home/airflow/.local/lib/python3.12/site-packages/airflow/example_dags/example_branch_python_dop_operator_3.py for tasks to queue
[2025-04-19T10:32:18.551+0000] {logging_mixin.py:190} INFO - [2025-04-19T10:32:18.550+0000] {dagbag.py:588} INFO - Filling up the DagBag from /home/airflow/.local/lib/python3.12/site-packages/airflow/example_dags/example_branch_python_dop_operator_3.py
[2025-04-19T10:32:18.582+0000] {processor.py:925} INFO - DAG(s) 'example_branch_dop_operator_v3' retrieved from /home/airflow/.local/lib/python3.12/site-packages/airflow/example_dags/example_branch_python_dop_operator_3.py
[2025-04-19T10:32:18.625+0000] {logging_mixin.py:190} INFO - [2025-04-19T10:32:18.625+0000] {dag.py:3239} INFO - Sync 1 DAGs
[2025-04-19T10:32:18.667+0000] {logging_mixin.py:190} INFO - [2025-04-19T10:32:18.667+0000] {dag.py:4180} INFO - Setting next_dagrun for example_branch_dop_operator_v3 to 2025-04-19 10:31:00+00:00, run_after=2025-04-19 10:32:00+00:00
[2025-04-19T10:32:18.706+0000] {processor.py:208} INFO - Processing /home/airflow/.local/lib/python3.12/site-packages/airflow/example_dags/example_branch_python_dop_operator_3.py took 0.186 seconds
[2025-04-19T10:32:50.713+0000] {processor.py:186} INFO - Started process (PID=243) to work on /home/airflow/.local/lib/python3.12/site-packages/airflow/example_dags/example_branch_python_dop_operator_3.py
[2025-04-19T10:32:50.715+0000] {processor.py:914} INFO - Processing file /home/airflow/.local/lib/python3.12/site-packages/airflow/example_dags/example_branch_python_dop_operator_3.py for tasks to queue
[2025-04-19T10:32:50.722+0000] {logging_mixin.py:190} INFO - [2025-04-19T10:32:50.721+0000] {dagbag.py:588} INFO - Filling up the DagBag from /home/airflow/.local/lib/python3.12/site-packages/airflow/example_dags/example_branch_python_dop_operator_3.py
[2025-04-19T10:32:50.742+0000] {processor.py:925} INFO - DAG(s) 'example_branch_dop_operator_v3' retrieved from /home/airflow/.local/lib/python3.12/site-packages/airflow/example_dags/example_branch_python_dop_operator_3.py
[2025-04-19T10:32:50.784+0000] {logging_mixin.py:190} INFO - [2025-04-19T10:32:50.783+0000] {dag.py:3239} INFO - Sync 1 DAGs
[2025-04-19T10:32:50.837+0000] {logging_mixin.py:190} INFO - [2025-04-19T10:32:50.837+0000] {dag.py:4180} INFO - Setting next_dagrun for example_branch_dop_operator_v3 to 2025-04-19 10:31:00+00:00, run_after=2025-04-19 10:32:00+00:00
[2025-04-19T10:32:50.889+0000] {processor.py:208} INFO - Processing /home/airflow/.local/lib/python3.12/site-packages/airflow/example_dags/example_branch_python_dop_operator_3.py took 0.190 seconds
[2025-04-19T10:33:22.338+0000] {processor.py:186} INFO - Started process (PID=306) to work on /home/airflow/.local/lib/python3.12/site-packages/airflow/example_dags/example_branch_python_dop_operator_3.py
[2025-04-19T10:33:22.341+0000] {processor.py:914} INFO - Processing file /home/airflow/.local/lib/python3.12/site-packages/airflow/example_dags/example_branch_python_dop_operator_3.py for tasks to queue
[2025-04-19T10:33:22.347+0000] {logging_mixin.py:190} INFO - [2025-04-19T10:33:22.346+0000] {dagbag.py:588} INFO - Filling up the DagBag from /home/airflow/.local/lib/python3.12/site-packages/airflow/example_dags/example_branch_python_dop_operator_3.py
[2025-04-19T10:33:22.366+0000] {processor.py:925} INFO - DAG(s) 'example_branch_dop_operator_v3' retrieved from /home/airflow/.local/lib/python3.12/site-packages/airflow/example_dags/example_branch_python_dop_operator_3.py
[2025-04-19T10:33:22.404+0000] {logging_mixin.py:190} INFO - [2025-04-19T10:33:22.404+0000] {dag.py:3239} INFO - Sync 1 DAGs
[2025-04-19T10:33:22.464+0000] {logging_mixin.py:190} INFO - [2025-04-19T10:33:22.463+0000] {dag.py:4180} INFO - Setting next_dagrun for example_branch_dop_operator_v3 to 2025-04-19 10:32:00+00:00, run_after=2025-04-19 10:33:00+00:00
[2025-04-19T10:33:22.507+0000] {processor.py:208} INFO - Processing /home/airflow/.local/lib/python3.12/site-packages/airflow/example_dags/example_branch_python_dop_operator_3.py took 0.183 seconds
[2025-04-19T10:33:55.571+0000] {processor.py:186} INFO - Started process (PID=374) to work on /home/airflow/.local/lib/python3.12/site-packages/airflow/example_dags/example_branch_python_dop_operator_3.py
[2025-04-19T10:33:55.575+0000] {processor.py:914} INFO - Processing file /home/airflow/.local/lib/python3.12/site-packages/airflow/example_dags/example_branch_python_dop_operator_3.py for tasks to queue
[2025-04-19T10:33:55.586+0000] {logging_mixin.py:190} INFO - [2025-04-19T10:33:55.585+0000] {dagbag.py:588} INFO - Filling up the DagBag from /home/airflow/.local/lib/python3.12/site-packages/airflow/example_dags/example_branch_python_dop_operator_3.py
[2025-04-19T10:33:55.616+0000] {processor.py:925} INFO - DAG(s) 'example_branch_dop_operator_v3' retrieved from /home/airflow/.local/lib/python3.12/site-packages/airflow/example_dags/example_branch_python_dop_operator_3.py
[2025-04-19T10:33:55.659+0000] {logging_mixin.py:190} INFO - [2025-04-19T10:33:55.658+0000] {dag.py:3239} INFO - Sync 1 DAGs
[2025-04-19T10:33:55.730+0000] {logging_mixin.py:190} INFO - [2025-04-19T10:33:55.729+0000] {dag.py:4180} INFO - Setting next_dagrun for example_branch_dop_operator_v3 to 2025-04-19 10:32:00+00:00, run_after=2025-04-19 10:33:00+00:00
[2025-04-19T10:33:55.775+0000] {processor.py:208} INFO - Processing /home/airflow/.local/lib/python3.12/site-packages/airflow/example_dags/example_branch_python_dop_operator_3.py took 0.231 seconds
