[2025-04-19T10:19:04.889+0000] {processor.py:186} INFO - Started process (PID=100) to work on /home/airflow/.local/lib/python3.12/site-packages/airflow/example_dags/example_workday_timetable.py
[2025-04-19T10:19:04.891+0000] {processor.py:914} INFO - Processing file /home/airflow/.local/lib/python3.12/site-packages/airflow/example_dags/example_workday_timetable.py for tasks to queue
[2025-04-19T10:19:04.897+0000] {logging_mixin.py:190} INFO - [2025-04-19T10:19:04.896+0000] {dagbag.py:588} INFO - Filling up the DagBag from /home/airflow/.local/lib/python3.12/site-packages/airflow/example_dags/example_workday_timetable.py
[2025-04-19T10:19:04.912+0000] {processor.py:925} INFO - DAG(s) 'example_workday_timetable' retrieved from /home/airflow/.local/lib/python3.12/site-packages/airflow/example_dags/example_workday_timetable.py
[2025-04-19T10:19:05.104+0000] {logging_mixin.py:190} INFO - [2025-04-19T10:19:05.103+0000] {override.py:1912} INFO - Created Permission View: can delete on DAG:example_workday_timetable
[2025-04-19T10:19:05.128+0000] {logging_mixin.py:190} INFO - [2025-04-19T10:19:05.127+0000] {override.py:1912} INFO - Created Permission View: can read on DAG:example_workday_timetable
[2025-04-19T10:19:05.148+0000] {logging_mixin.py:190} INFO - [2025-04-19T10:19:05.147+0000] {override.py:1912} INFO - Created Permission View: can edit on DAG:example_workday_timetable
[2025-04-19T10:19:05.177+0000] {logging_mixin.py:190} INFO - [2025-04-19T10:19:05.176+0000] {override.py:1912} INFO - Created Permission View: can delete on DAG Run:example_workday_timetable
[2025-04-19T10:19:05.196+0000] {logging_mixin.py:190} INFO - [2025-04-19T10:19:05.195+0000] {override.py:1912} INFO - Created Permission View: can read on DAG Run:example_workday_timetable
[2025-04-19T10:19:05.214+0000] {logging_mixin.py:190} INFO - [2025-04-19T10:19:05.213+0000] {override.py:1912} INFO - Created Permission View: menu access on DAG Run:example_workday_timetable
[2025-04-19T10:19:05.233+0000] {logging_mixin.py:190} INFO - [2025-04-19T10:19:05.232+0000] {override.py:1912} INFO - Created Permission View: can create on DAG Run:example_workday_timetable
[2025-04-19T10:19:05.235+0000] {logging_mixin.py:190} INFO - [2025-04-19T10:19:05.234+0000] {dag.py:3239} INFO - Sync 1 DAGs
[2025-04-19T10:19:05.264+0000] {logging_mixin.py:190} INFO - [2025-04-19T10:19:05.263+0000] {dag.py:3262} INFO - Creating ORM DAG for example_workday_timetable
[2025-04-19T10:19:05.388+0000] {logging_mixin.py:190} INFO - [2025-04-19T10:19:05.387+0000] {dag.py:4180} INFO - Setting next_dagrun for example_workday_timetable to 2021-01-04 00:00:00+00:00, run_after=2021-01-05 00:00:00+00:00
[2025-04-19T10:19:05.447+0000] {processor.py:208} INFO - Processing /home/airflow/.local/lib/python3.12/site-packages/airflow/example_dags/example_workday_timetable.py took 0.568 seconds
[2025-04-19T10:19:35.991+0000] {processor.py:186} INFO - Started process (PID=163) to work on /home/airflow/.local/lib/python3.12/site-packages/airflow/example_dags/example_workday_timetable.py
[2025-04-19T10:19:35.994+0000] {processor.py:914} INFO - Processing file /home/airflow/.local/lib/python3.12/site-packages/airflow/example_dags/example_workday_timetable.py for tasks to queue
[2025-04-19T10:19:36.001+0000] {logging_mixin.py:190} INFO - [2025-04-19T10:19:36.000+0000] {dagbag.py:588} INFO - Filling up the DagBag from /home/airflow/.local/lib/python3.12/site-packages/airflow/example_dags/example_workday_timetable.py
[2025-04-19T10:19:36.021+0000] {processor.py:925} INFO - DAG(s) 'example_workday_timetable' retrieved from /home/airflow/.local/lib/python3.12/site-packages/airflow/example_dags/example_workday_timetable.py
[2025-04-19T10:19:36.070+0000] {logging_mixin.py:190} INFO - [2025-04-19T10:19:36.069+0000] {dag.py:3239} INFO - Sync 1 DAGs
[2025-04-19T10:19:36.156+0000] {logging_mixin.py:190} INFO - [2025-04-19T10:19:36.156+0000] {dag.py:4180} INFO - Setting next_dagrun for example_workday_timetable to 2021-01-04 00:00:00+00:00, run_after=2021-01-05 00:00:00+00:00
[2025-04-19T10:19:36.187+0000] {processor.py:208} INFO - Processing /home/airflow/.local/lib/python3.12/site-packages/airflow/example_dags/example_workday_timetable.py took 0.213 seconds
[2025-04-19T10:20:07.080+0000] {processor.py:186} INFO - Started process (PID=226) to work on /home/airflow/.local/lib/python3.12/site-packages/airflow/example_dags/example_workday_timetable.py
[2025-04-19T10:20:07.083+0000] {processor.py:914} INFO - Processing file /home/airflow/.local/lib/python3.12/site-packages/airflow/example_dags/example_workday_timetable.py for tasks to queue
[2025-04-19T10:20:07.092+0000] {logging_mixin.py:190} INFO - [2025-04-19T10:20:07.090+0000] {dagbag.py:588} INFO - Filling up the DagBag from /home/airflow/.local/lib/python3.12/site-packages/airflow/example_dags/example_workday_timetable.py
[2025-04-19T10:20:07.117+0000] {processor.py:925} INFO - DAG(s) 'example_workday_timetable' retrieved from /home/airflow/.local/lib/python3.12/site-packages/airflow/example_dags/example_workday_timetable.py
[2025-04-19T10:20:07.187+0000] {logging_mixin.py:190} INFO - [2025-04-19T10:20:07.186+0000] {dag.py:3239} INFO - Sync 1 DAGs
[2025-04-19T10:20:07.298+0000] {logging_mixin.py:190} INFO - [2025-04-19T10:20:07.298+0000] {dag.py:4180} INFO - Setting next_dagrun for example_workday_timetable to 2021-01-04 00:00:00+00:00, run_after=2021-01-05 00:00:00+00:00
[2025-04-19T10:20:07.349+0000] {processor.py:208} INFO - Processing /home/airflow/.local/lib/python3.12/site-packages/airflow/example_dags/example_workday_timetable.py took 0.295 seconds
[2025-04-19T10:20:37.718+0000] {processor.py:186} INFO - Started process (PID=288) to work on /home/airflow/.local/lib/python3.12/site-packages/airflow/example_dags/example_workday_timetable.py
[2025-04-19T10:20:37.721+0000] {processor.py:914} INFO - Processing file /home/airflow/.local/lib/python3.12/site-packages/airflow/example_dags/example_workday_timetable.py for tasks to queue
[2025-04-19T10:20:37.730+0000] {logging_mixin.py:190} INFO - [2025-04-19T10:20:37.728+0000] {dagbag.py:588} INFO - Filling up the DagBag from /home/airflow/.local/lib/python3.12/site-packages/airflow/example_dags/example_workday_timetable.py
[2025-04-19T10:20:37.743+0000] {processor.py:925} INFO - DAG(s) 'example_workday_timetable' retrieved from /home/airflow/.local/lib/python3.12/site-packages/airflow/example_dags/example_workday_timetable.py
[2025-04-19T10:20:37.795+0000] {logging_mixin.py:190} INFO - [2025-04-19T10:20:37.794+0000] {dag.py:3239} INFO - Sync 1 DAGs
[2025-04-19T10:20:37.902+0000] {logging_mixin.py:190} INFO - [2025-04-19T10:20:37.901+0000] {dag.py:4180} INFO - Setting next_dagrun for example_workday_timetable to 2021-01-04 00:00:00+00:00, run_after=2021-01-05 00:00:00+00:00
[2025-04-19T10:20:37.943+0000] {processor.py:208} INFO - Processing /home/airflow/.local/lib/python3.12/site-packages/airflow/example_dags/example_workday_timetable.py took 0.247 seconds
[2025-04-19T10:21:08.244+0000] {processor.py:186} INFO - Started process (PID=352) to work on /home/airflow/.local/lib/python3.12/site-packages/airflow/example_dags/example_workday_timetable.py
[2025-04-19T10:21:08.247+0000] {processor.py:914} INFO - Processing file /home/airflow/.local/lib/python3.12/site-packages/airflow/example_dags/example_workday_timetable.py for tasks to queue
[2025-04-19T10:21:08.253+0000] {logging_mixin.py:190} INFO - [2025-04-19T10:21:08.252+0000] {dagbag.py:588} INFO - Filling up the DagBag from /home/airflow/.local/lib/python3.12/site-packages/airflow/example_dags/example_workday_timetable.py
[2025-04-19T10:21:08.265+0000] {processor.py:925} INFO - DAG(s) 'example_workday_timetable' retrieved from /home/airflow/.local/lib/python3.12/site-packages/airflow/example_dags/example_workday_timetable.py
[2025-04-19T10:21:08.297+0000] {logging_mixin.py:190} INFO - [2025-04-19T10:21:08.297+0000] {dag.py:3239} INFO - Sync 1 DAGs
[2025-04-19T10:21:08.398+0000] {logging_mixin.py:190} INFO - [2025-04-19T10:21:08.397+0000] {dag.py:4180} INFO - Setting next_dagrun for example_workday_timetable to 2021-01-04 00:00:00+00:00, run_after=2021-01-05 00:00:00+00:00
[2025-04-19T10:21:08.439+0000] {processor.py:208} INFO - Processing /home/airflow/.local/lib/python3.12/site-packages/airflow/example_dags/example_workday_timetable.py took 0.209 seconds
[2025-04-19T10:21:38.836+0000] {processor.py:186} INFO - Started process (PID=416) to work on /home/airflow/.local/lib/python3.12/site-packages/airflow/example_dags/example_workday_timetable.py
[2025-04-19T10:21:38.839+0000] {processor.py:914} INFO - Processing file /home/airflow/.local/lib/python3.12/site-packages/airflow/example_dags/example_workday_timetable.py for tasks to queue
[2025-04-19T10:21:38.846+0000] {logging_mixin.py:190} INFO - [2025-04-19T10:21:38.845+0000] {dagbag.py:588} INFO - Filling up the DagBag from /home/airflow/.local/lib/python3.12/site-packages/airflow/example_dags/example_workday_timetable.py
[2025-04-19T10:21:38.874+0000] {processor.py:925} INFO - DAG(s) 'example_workday_timetable' retrieved from /home/airflow/.local/lib/python3.12/site-packages/airflow/example_dags/example_workday_timetable.py
[2025-04-19T10:21:38.929+0000] {logging_mixin.py:190} INFO - [2025-04-19T10:21:38.928+0000] {dag.py:3239} INFO - Sync 1 DAGs
[2025-04-19T10:21:39.087+0000] {logging_mixin.py:190} INFO - [2025-04-19T10:21:39.087+0000] {dag.py:4180} INFO - Setting next_dagrun for example_workday_timetable to 2021-01-04 00:00:00+00:00, run_after=2021-01-05 00:00:00+00:00
[2025-04-19T10:21:39.145+0000] {processor.py:208} INFO - Processing /home/airflow/.local/lib/python3.12/site-packages/airflow/example_dags/example_workday_timetable.py took 0.323 seconds
[2025-04-19T10:22:09.394+0000] {processor.py:186} INFO - Started process (PID=478) to work on /home/airflow/.local/lib/python3.12/site-packages/airflow/example_dags/example_workday_timetable.py
[2025-04-19T10:22:09.397+0000] {processor.py:914} INFO - Processing file /home/airflow/.local/lib/python3.12/site-packages/airflow/example_dags/example_workday_timetable.py for tasks to queue
[2025-04-19T10:22:09.407+0000] {logging_mixin.py:190} INFO - [2025-04-19T10:22:09.406+0000] {dagbag.py:588} INFO - Filling up the DagBag from /home/airflow/.local/lib/python3.12/site-packages/airflow/example_dags/example_workday_timetable.py
[2025-04-19T10:22:09.426+0000] {processor.py:925} INFO - DAG(s) 'example_workday_timetable' retrieved from /home/airflow/.local/lib/python3.12/site-packages/airflow/example_dags/example_workday_timetable.py
[2025-04-19T10:22:09.479+0000] {logging_mixin.py:190} INFO - [2025-04-19T10:22:09.479+0000] {dag.py:3239} INFO - Sync 1 DAGs
[2025-04-19T10:22:09.583+0000] {logging_mixin.py:190} INFO - [2025-04-19T10:22:09.583+0000] {dag.py:4180} INFO - Setting next_dagrun for example_workday_timetable to 2021-01-04 00:00:00+00:00, run_after=2021-01-05 00:00:00+00:00
[2025-04-19T10:22:09.623+0000] {processor.py:208} INFO - Processing /home/airflow/.local/lib/python3.12/site-packages/airflow/example_dags/example_workday_timetable.py took 0.243 seconds
[2025-04-19T10:22:40.197+0000] {processor.py:186} INFO - Started process (PID=540) to work on /home/airflow/.local/lib/python3.12/site-packages/airflow/example_dags/example_workday_timetable.py
[2025-04-19T10:22:40.201+0000] {processor.py:914} INFO - Processing file /home/airflow/.local/lib/python3.12/site-packages/airflow/example_dags/example_workday_timetable.py for tasks to queue
[2025-04-19T10:22:40.208+0000] {logging_mixin.py:190} INFO - [2025-04-19T10:22:40.207+0000] {dagbag.py:588} INFO - Filling up the DagBag from /home/airflow/.local/lib/python3.12/site-packages/airflow/example_dags/example_workday_timetable.py
[2025-04-19T10:22:40.226+0000] {processor.py:925} INFO - DAG(s) 'example_workday_timetable' retrieved from /home/airflow/.local/lib/python3.12/site-packages/airflow/example_dags/example_workday_timetable.py
[2025-04-19T10:22:40.264+0000] {logging_mixin.py:190} INFO - [2025-04-19T10:22:40.264+0000] {dag.py:3239} INFO - Sync 1 DAGs
[2025-04-19T10:22:40.433+0000] {logging_mixin.py:190} INFO - [2025-04-19T10:22:40.433+0000] {dag.py:4180} INFO - Setting next_dagrun for example_workday_timetable to 2021-01-04 00:00:00+00:00, run_after=2021-01-05 00:00:00+00:00
[2025-04-19T10:22:40.489+0000] {processor.py:208} INFO - Processing /home/airflow/.local/lib/python3.12/site-packages/airflow/example_dags/example_workday_timetable.py took 0.309 seconds
[2025-04-19T10:23:10.816+0000] {processor.py:186} INFO - Started process (PID=602) to work on /home/airflow/.local/lib/python3.12/site-packages/airflow/example_dags/example_workday_timetable.py
[2025-04-19T10:23:10.820+0000] {processor.py:914} INFO - Processing file /home/airflow/.local/lib/python3.12/site-packages/airflow/example_dags/example_workday_timetable.py for tasks to queue
[2025-04-19T10:23:10.830+0000] {logging_mixin.py:190} INFO - [2025-04-19T10:23:10.827+0000] {dagbag.py:588} INFO - Filling up the DagBag from /home/airflow/.local/lib/python3.12/site-packages/airflow/example_dags/example_workday_timetable.py
[2025-04-19T10:23:10.856+0000] {processor.py:925} INFO - DAG(s) 'example_workday_timetable' retrieved from /home/airflow/.local/lib/python3.12/site-packages/airflow/example_dags/example_workday_timetable.py
[2025-04-19T10:23:10.923+0000] {logging_mixin.py:190} INFO - [2025-04-19T10:23:10.922+0000] {dag.py:3239} INFO - Sync 1 DAGs
[2025-04-19T10:23:11.089+0000] {logging_mixin.py:190} INFO - [2025-04-19T10:23:11.088+0000] {dag.py:4180} INFO - Setting next_dagrun for example_workday_timetable to 2021-01-04 00:00:00+00:00, run_after=2021-01-05 00:00:00+00:00
[2025-04-19T10:23:11.131+0000] {processor.py:208} INFO - Processing /home/airflow/.local/lib/python3.12/site-packages/airflow/example_dags/example_workday_timetable.py took 0.331 seconds
[2025-04-19T10:23:41.333+0000] {processor.py:186} INFO - Started process (PID=665) to work on /home/airflow/.local/lib/python3.12/site-packages/airflow/example_dags/example_workday_timetable.py
[2025-04-19T10:23:41.336+0000] {processor.py:914} INFO - Processing file /home/airflow/.local/lib/python3.12/site-packages/airflow/example_dags/example_workday_timetable.py for tasks to queue
[2025-04-19T10:23:41.344+0000] {logging_mixin.py:190} INFO - [2025-04-19T10:23:41.342+0000] {dagbag.py:588} INFO - Filling up the DagBag from /home/airflow/.local/lib/python3.12/site-packages/airflow/example_dags/example_workday_timetable.py
[2025-04-19T10:23:41.357+0000] {processor.py:925} INFO - DAG(s) 'example_workday_timetable' retrieved from /home/airflow/.local/lib/python3.12/site-packages/airflow/example_dags/example_workday_timetable.py
[2025-04-19T10:23:41.452+0000] {logging_mixin.py:190} INFO - [2025-04-19T10:23:41.450+0000] {dag.py:3239} INFO - Sync 1 DAGs
[2025-04-19T10:23:41.701+0000] {logging_mixin.py:190} INFO - [2025-04-19T10:23:41.701+0000] {dag.py:4180} INFO - Setting next_dagrun for example_workday_timetable to 2021-01-04 00:00:00+00:00, run_after=2021-01-05 00:00:00+00:00
[2025-04-19T10:23:41.745+0000] {processor.py:208} INFO - Processing /home/airflow/.local/lib/python3.12/site-packages/airflow/example_dags/example_workday_timetable.py took 0.427 seconds
[2025-04-19T10:24:11.893+0000] {processor.py:186} INFO - Started process (PID=734) to work on /home/airflow/.local/lib/python3.12/site-packages/airflow/example_dags/example_workday_timetable.py
[2025-04-19T10:24:11.896+0000] {processor.py:914} INFO - Processing file /home/airflow/.local/lib/python3.12/site-packages/airflow/example_dags/example_workday_timetable.py for tasks to queue
[2025-04-19T10:24:11.902+0000] {logging_mixin.py:190} INFO - [2025-04-19T10:24:11.901+0000] {dagbag.py:588} INFO - Filling up the DagBag from /home/airflow/.local/lib/python3.12/site-packages/airflow/example_dags/example_workday_timetable.py
[2025-04-19T10:24:11.916+0000] {processor.py:925} INFO - DAG(s) 'example_workday_timetable' retrieved from /home/airflow/.local/lib/python3.12/site-packages/airflow/example_dags/example_workday_timetable.py
[2025-04-19T10:24:11.961+0000] {logging_mixin.py:190} INFO - [2025-04-19T10:24:11.960+0000] {dag.py:3239} INFO - Sync 1 DAGs
[2025-04-19T10:24:12.067+0000] {logging_mixin.py:190} INFO - [2025-04-19T10:24:12.067+0000] {dag.py:4180} INFO - Setting next_dagrun for example_workday_timetable to 2021-01-04 00:00:00+00:00, run_after=2021-01-05 00:00:00+00:00
[2025-04-19T10:24:12.106+0000] {processor.py:208} INFO - Processing /home/airflow/.local/lib/python3.12/site-packages/airflow/example_dags/example_workday_timetable.py took 0.231 seconds
[2025-04-19T10:24:42.327+0000] {processor.py:186} INFO - Started process (PID=798) to work on /home/airflow/.local/lib/python3.12/site-packages/airflow/example_dags/example_workday_timetable.py
[2025-04-19T10:24:42.330+0000] {processor.py:914} INFO - Processing file /home/airflow/.local/lib/python3.12/site-packages/airflow/example_dags/example_workday_timetable.py for tasks to queue
[2025-04-19T10:24:42.336+0000] {logging_mixin.py:190} INFO - [2025-04-19T10:24:42.335+0000] {dagbag.py:588} INFO - Filling up the DagBag from /home/airflow/.local/lib/python3.12/site-packages/airflow/example_dags/example_workday_timetable.py
[2025-04-19T10:24:42.353+0000] {processor.py:925} INFO - DAG(s) 'example_workday_timetable' retrieved from /home/airflow/.local/lib/python3.12/site-packages/airflow/example_dags/example_workday_timetable.py
[2025-04-19T10:24:42.407+0000] {logging_mixin.py:190} INFO - [2025-04-19T10:24:42.406+0000] {dag.py:3239} INFO - Sync 1 DAGs
[2025-04-19T10:24:42.594+0000] {logging_mixin.py:190} INFO - [2025-04-19T10:24:42.593+0000] {dag.py:4180} INFO - Setting next_dagrun for example_workday_timetable to 2021-01-04 00:00:00+00:00, run_after=2021-01-05 00:00:00+00:00
[2025-04-19T10:24:42.671+0000] {processor.py:208} INFO - Processing /home/airflow/.local/lib/python3.12/site-packages/airflow/example_dags/example_workday_timetable.py took 0.359 seconds
[2025-04-19T10:25:13.078+0000] {processor.py:186} INFO - Started process (PID=860) to work on /home/airflow/.local/lib/python3.12/site-packages/airflow/example_dags/example_workday_timetable.py
[2025-04-19T10:25:13.081+0000] {processor.py:914} INFO - Processing file /home/airflow/.local/lib/python3.12/site-packages/airflow/example_dags/example_workday_timetable.py for tasks to queue
[2025-04-19T10:25:13.088+0000] {logging_mixin.py:190} INFO - [2025-04-19T10:25:13.087+0000] {dagbag.py:588} INFO - Filling up the DagBag from /home/airflow/.local/lib/python3.12/site-packages/airflow/example_dags/example_workday_timetable.py
[2025-04-19T10:25:13.104+0000] {processor.py:925} INFO - DAG(s) 'example_workday_timetable' retrieved from /home/airflow/.local/lib/python3.12/site-packages/airflow/example_dags/example_workday_timetable.py
[2025-04-19T10:25:13.143+0000] {logging_mixin.py:190} INFO - [2025-04-19T10:25:13.142+0000] {dag.py:3239} INFO - Sync 1 DAGs
[2025-04-19T10:25:13.246+0000] {logging_mixin.py:190} INFO - [2025-04-19T10:25:13.245+0000] {dag.py:4180} INFO - Setting next_dagrun for example_workday_timetable to 2021-01-04 00:00:00+00:00, run_after=2021-01-05 00:00:00+00:00
[2025-04-19T10:25:13.285+0000] {processor.py:208} INFO - Processing /home/airflow/.local/lib/python3.12/site-packages/airflow/example_dags/example_workday_timetable.py took 0.224 seconds
[2025-04-19T10:25:43.416+0000] {processor.py:186} INFO - Started process (PID=923) to work on /home/airflow/.local/lib/python3.12/site-packages/airflow/example_dags/example_workday_timetable.py
[2025-04-19T10:25:43.420+0000] {processor.py:914} INFO - Processing file /home/airflow/.local/lib/python3.12/site-packages/airflow/example_dags/example_workday_timetable.py for tasks to queue
[2025-04-19T10:25:43.428+0000] {logging_mixin.py:190} INFO - [2025-04-19T10:25:43.427+0000] {dagbag.py:588} INFO - Filling up the DagBag from /home/airflow/.local/lib/python3.12/site-packages/airflow/example_dags/example_workday_timetable.py
[2025-04-19T10:25:43.447+0000] {processor.py:925} INFO - DAG(s) 'example_workday_timetable' retrieved from /home/airflow/.local/lib/python3.12/site-packages/airflow/example_dags/example_workday_timetable.py
[2025-04-19T10:25:43.535+0000] {logging_mixin.py:190} INFO - [2025-04-19T10:25:43.534+0000] {dag.py:3239} INFO - Sync 1 DAGs
[2025-04-19T10:25:43.730+0000] {logging_mixin.py:190} INFO - [2025-04-19T10:25:43.730+0000] {dag.py:4180} INFO - Setting next_dagrun for example_workday_timetable to 2021-01-04 00:00:00+00:00, run_after=2021-01-05 00:00:00+00:00
[2025-04-19T10:25:43.773+0000] {processor.py:208} INFO - Processing /home/airflow/.local/lib/python3.12/site-packages/airflow/example_dags/example_workday_timetable.py took 0.374 seconds
[2025-04-19T10:26:13.866+0000] {processor.py:186} INFO - Started process (PID=986) to work on /home/airflow/.local/lib/python3.12/site-packages/airflow/example_dags/example_workday_timetable.py
[2025-04-19T10:26:13.869+0000] {processor.py:914} INFO - Processing file /home/airflow/.local/lib/python3.12/site-packages/airflow/example_dags/example_workday_timetable.py for tasks to queue
[2025-04-19T10:26:13.879+0000] {logging_mixin.py:190} INFO - [2025-04-19T10:26:13.878+0000] {dagbag.py:588} INFO - Filling up the DagBag from /home/airflow/.local/lib/python3.12/site-packages/airflow/example_dags/example_workday_timetable.py
[2025-04-19T10:26:13.894+0000] {processor.py:925} INFO - DAG(s) 'example_workday_timetable' retrieved from /home/airflow/.local/lib/python3.12/site-packages/airflow/example_dags/example_workday_timetable.py
[2025-04-19T10:26:13.934+0000] {logging_mixin.py:190} INFO - [2025-04-19T10:26:13.933+0000] {dag.py:3239} INFO - Sync 1 DAGs
[2025-04-19T10:26:14.065+0000] {logging_mixin.py:190} INFO - [2025-04-19T10:26:14.064+0000] {dag.py:4180} INFO - Setting next_dagrun for example_workday_timetable to 2021-01-04 00:00:00+00:00, run_after=2021-01-05 00:00:00+00:00
[2025-04-19T10:26:14.137+0000] {processor.py:208} INFO - Processing /home/airflow/.local/lib/python3.12/site-packages/airflow/example_dags/example_workday_timetable.py took 0.291 seconds
[2025-04-19T10:26:45.066+0000] {processor.py:186} INFO - Started process (PID=1049) to work on /home/airflow/.local/lib/python3.12/site-packages/airflow/example_dags/example_workday_timetable.py
[2025-04-19T10:26:45.070+0000] {processor.py:914} INFO - Processing file /home/airflow/.local/lib/python3.12/site-packages/airflow/example_dags/example_workday_timetable.py for tasks to queue
[2025-04-19T10:26:45.079+0000] {logging_mixin.py:190} INFO - [2025-04-19T10:26:45.078+0000] {dagbag.py:588} INFO - Filling up the DagBag from /home/airflow/.local/lib/python3.12/site-packages/airflow/example_dags/example_workday_timetable.py
[2025-04-19T10:26:45.105+0000] {processor.py:925} INFO - DAG(s) 'example_workday_timetable' retrieved from /home/airflow/.local/lib/python3.12/site-packages/airflow/example_dags/example_workday_timetable.py
[2025-04-19T10:26:45.158+0000] {logging_mixin.py:190} INFO - [2025-04-19T10:26:45.158+0000] {dag.py:3239} INFO - Sync 1 DAGs
[2025-04-19T10:26:45.253+0000] {logging_mixin.py:190} INFO - [2025-04-19T10:26:45.252+0000] {dag.py:4180} INFO - Setting next_dagrun for example_workday_timetable to 2021-01-04 00:00:00+00:00, run_after=2021-01-05 00:00:00+00:00
[2025-04-19T10:26:45.291+0000] {processor.py:208} INFO - Processing /home/airflow/.local/lib/python3.12/site-packages/airflow/example_dags/example_workday_timetable.py took 0.249 seconds
[2025-04-19T10:27:15.755+0000] {processor.py:186} INFO - Started process (PID=1113) to work on /home/airflow/.local/lib/python3.12/site-packages/airflow/example_dags/example_workday_timetable.py
[2025-04-19T10:27:15.758+0000] {processor.py:914} INFO - Processing file /home/airflow/.local/lib/python3.12/site-packages/airflow/example_dags/example_workday_timetable.py for tasks to queue
[2025-04-19T10:27:15.767+0000] {logging_mixin.py:190} INFO - [2025-04-19T10:27:15.766+0000] {dagbag.py:588} INFO - Filling up the DagBag from /home/airflow/.local/lib/python3.12/site-packages/airflow/example_dags/example_workday_timetable.py
[2025-04-19T10:27:15.779+0000] {processor.py:925} INFO - DAG(s) 'example_workday_timetable' retrieved from /home/airflow/.local/lib/python3.12/site-packages/airflow/example_dags/example_workday_timetable.py
[2025-04-19T10:27:15.818+0000] {logging_mixin.py:190} INFO - [2025-04-19T10:27:15.817+0000] {dag.py:3239} INFO - Sync 1 DAGs
[2025-04-19T10:27:15.917+0000] {logging_mixin.py:190} INFO - [2025-04-19T10:27:15.917+0000] {dag.py:4180} INFO - Setting next_dagrun for example_workday_timetable to 2021-01-04 00:00:00+00:00, run_after=2021-01-05 00:00:00+00:00
[2025-04-19T10:27:15.957+0000] {processor.py:208} INFO - Processing /home/airflow/.local/lib/python3.12/site-packages/airflow/example_dags/example_workday_timetable.py took 0.223 seconds
[2025-04-19T10:27:46.638+0000] {processor.py:186} INFO - Started process (PID=1175) to work on /home/airflow/.local/lib/python3.12/site-packages/airflow/example_dags/example_workday_timetable.py
[2025-04-19T10:27:46.641+0000] {processor.py:914} INFO - Processing file /home/airflow/.local/lib/python3.12/site-packages/airflow/example_dags/example_workday_timetable.py for tasks to queue
[2025-04-19T10:27:46.647+0000] {logging_mixin.py:190} INFO - [2025-04-19T10:27:46.646+0000] {dagbag.py:588} INFO - Filling up the DagBag from /home/airflow/.local/lib/python3.12/site-packages/airflow/example_dags/example_workday_timetable.py
[2025-04-19T10:27:46.666+0000] {processor.py:925} INFO - DAG(s) 'example_workday_timetable' retrieved from /home/airflow/.local/lib/python3.12/site-packages/airflow/example_dags/example_workday_timetable.py
[2025-04-19T10:27:46.709+0000] {logging_mixin.py:190} INFO - [2025-04-19T10:27:46.709+0000] {dag.py:3239} INFO - Sync 1 DAGs
[2025-04-19T10:27:46.806+0000] {logging_mixin.py:190} INFO - [2025-04-19T10:27:46.806+0000] {dag.py:4180} INFO - Setting next_dagrun for example_workday_timetable to 2021-01-04 00:00:00+00:00, run_after=2021-01-05 00:00:00+00:00
[2025-04-19T10:27:46.842+0000] {processor.py:208} INFO - Processing /home/airflow/.local/lib/python3.12/site-packages/airflow/example_dags/example_workday_timetable.py took 0.222 seconds
[2025-04-19T10:28:17.238+0000] {processor.py:186} INFO - Started process (PID=1238) to work on /home/airflow/.local/lib/python3.12/site-packages/airflow/example_dags/example_workday_timetable.py
[2025-04-19T10:28:17.241+0000] {processor.py:914} INFO - Processing file /home/airflow/.local/lib/python3.12/site-packages/airflow/example_dags/example_workday_timetable.py for tasks to queue
[2025-04-19T10:28:17.251+0000] {logging_mixin.py:190} INFO - [2025-04-19T10:28:17.249+0000] {dagbag.py:588} INFO - Filling up the DagBag from /home/airflow/.local/lib/python3.12/site-packages/airflow/example_dags/example_workday_timetable.py
[2025-04-19T10:28:17.272+0000] {processor.py:925} INFO - DAG(s) 'example_workday_timetable' retrieved from /home/airflow/.local/lib/python3.12/site-packages/airflow/example_dags/example_workday_timetable.py
[2025-04-19T10:28:17.325+0000] {logging_mixin.py:190} INFO - [2025-04-19T10:28:17.325+0000] {dag.py:3239} INFO - Sync 1 DAGs
[2025-04-19T10:28:17.533+0000] {logging_mixin.py:190} INFO - [2025-04-19T10:28:17.532+0000] {dag.py:4180} INFO - Setting next_dagrun for example_workday_timetable to 2021-01-04 00:00:00+00:00, run_after=2021-01-05 00:00:00+00:00
[2025-04-19T10:28:17.579+0000] {processor.py:208} INFO - Processing /home/airflow/.local/lib/python3.12/site-packages/airflow/example_dags/example_workday_timetable.py took 0.363 seconds
[2025-04-19T10:28:47.843+0000] {processor.py:186} INFO - Started process (PID=1302) to work on /home/airflow/.local/lib/python3.12/site-packages/airflow/example_dags/example_workday_timetable.py
[2025-04-19T10:28:47.847+0000] {processor.py:914} INFO - Processing file /home/airflow/.local/lib/python3.12/site-packages/airflow/example_dags/example_workday_timetable.py for tasks to queue
[2025-04-19T10:28:47.853+0000] {logging_mixin.py:190} INFO - [2025-04-19T10:28:47.853+0000] {dagbag.py:588} INFO - Filling up the DagBag from /home/airflow/.local/lib/python3.12/site-packages/airflow/example_dags/example_workday_timetable.py
[2025-04-19T10:28:47.869+0000] {processor.py:925} INFO - DAG(s) 'example_workday_timetable' retrieved from /home/airflow/.local/lib/python3.12/site-packages/airflow/example_dags/example_workday_timetable.py
[2025-04-19T10:28:47.908+0000] {logging_mixin.py:190} INFO - [2025-04-19T10:28:47.908+0000] {dag.py:3239} INFO - Sync 1 DAGs
[2025-04-19T10:28:48.006+0000] {logging_mixin.py:190} INFO - [2025-04-19T10:28:48.006+0000] {dag.py:4180} INFO - Setting next_dagrun for example_workday_timetable to 2021-01-04 00:00:00+00:00, run_after=2021-01-05 00:00:00+00:00
[2025-04-19T10:28:48.043+0000] {processor.py:208} INFO - Processing /home/airflow/.local/lib/python3.12/site-packages/airflow/example_dags/example_workday_timetable.py took 0.216 seconds
[2025-04-19T10:29:18.568+0000] {processor.py:186} INFO - Started process (PID=1364) to work on /home/airflow/.local/lib/python3.12/site-packages/airflow/example_dags/example_workday_timetable.py
[2025-04-19T10:29:18.573+0000] {processor.py:914} INFO - Processing file /home/airflow/.local/lib/python3.12/site-packages/airflow/example_dags/example_workday_timetable.py for tasks to queue
[2025-04-19T10:29:18.581+0000] {logging_mixin.py:190} INFO - [2025-04-19T10:29:18.580+0000] {dagbag.py:588} INFO - Filling up the DagBag from /home/airflow/.local/lib/python3.12/site-packages/airflow/example_dags/example_workday_timetable.py
[2025-04-19T10:29:18.600+0000] {processor.py:925} INFO - DAG(s) 'example_workday_timetable' retrieved from /home/airflow/.local/lib/python3.12/site-packages/airflow/example_dags/example_workday_timetable.py
[2025-04-19T10:29:18.650+0000] {logging_mixin.py:190} INFO - [2025-04-19T10:29:18.650+0000] {dag.py:3239} INFO - Sync 1 DAGs
[2025-04-19T10:29:18.764+0000] {logging_mixin.py:190} INFO - [2025-04-19T10:29:18.764+0000] {dag.py:4180} INFO - Setting next_dagrun for example_workday_timetable to 2021-01-04 00:00:00+00:00, run_after=2021-01-05 00:00:00+00:00
[2025-04-19T10:29:18.803+0000] {processor.py:208} INFO - Processing /home/airflow/.local/lib/python3.12/site-packages/airflow/example_dags/example_workday_timetable.py took 0.254 seconds
[2025-04-19T10:31:42.391+0000] {processor.py:186} INFO - Started process (PID=99) to work on /home/airflow/.local/lib/python3.12/site-packages/airflow/example_dags/example_workday_timetable.py
[2025-04-19T10:31:42.394+0000] {processor.py:914} INFO - Processing file /home/airflow/.local/lib/python3.12/site-packages/airflow/example_dags/example_workday_timetable.py for tasks to queue
[2025-04-19T10:31:42.400+0000] {logging_mixin.py:190} INFO - [2025-04-19T10:31:42.399+0000] {dagbag.py:588} INFO - Filling up the DagBag from /home/airflow/.local/lib/python3.12/site-packages/airflow/example_dags/example_workday_timetable.py
[2025-04-19T10:31:42.416+0000] {processor.py:925} INFO - DAG(s) 'example_workday_timetable' retrieved from /home/airflow/.local/lib/python3.12/site-packages/airflow/example_dags/example_workday_timetable.py
[2025-04-19T10:31:42.458+0000] {logging_mixin.py:190} INFO - [2025-04-19T10:31:42.457+0000] {dag.py:3239} INFO - Sync 1 DAGs
[2025-04-19T10:31:42.626+0000] {logging_mixin.py:190} INFO - [2025-04-19T10:31:42.626+0000] {dag.py:4180} INFO - Setting next_dagrun for example_workday_timetable to 2021-01-04 00:00:00+00:00, run_after=2021-01-05 00:00:00+00:00
[2025-04-19T10:31:42.675+0000] {processor.py:208} INFO - Processing /home/airflow/.local/lib/python3.12/site-packages/airflow/example_dags/example_workday_timetable.py took 0.299 seconds
[2025-04-19T10:32:13.336+0000] {processor.py:186} INFO - Started process (PID=161) to work on /home/airflow/.local/lib/python3.12/site-packages/airflow/example_dags/example_workday_timetable.py
[2025-04-19T10:32:13.340+0000] {processor.py:914} INFO - Processing file /home/airflow/.local/lib/python3.12/site-packages/airflow/example_dags/example_workday_timetable.py for tasks to queue
[2025-04-19T10:32:13.346+0000] {logging_mixin.py:190} INFO - [2025-04-19T10:32:13.345+0000] {dagbag.py:588} INFO - Filling up the DagBag from /home/airflow/.local/lib/python3.12/site-packages/airflow/example_dags/example_workday_timetable.py
[2025-04-19T10:32:13.375+0000] {processor.py:925} INFO - DAG(s) 'example_workday_timetable' retrieved from /home/airflow/.local/lib/python3.12/site-packages/airflow/example_dags/example_workday_timetable.py
[2025-04-19T10:32:13.480+0000] {logging_mixin.py:190} INFO - [2025-04-19T10:32:13.479+0000] {dag.py:3239} INFO - Sync 1 DAGs
[2025-04-19T10:32:13.710+0000] {logging_mixin.py:190} INFO - [2025-04-19T10:32:13.710+0000] {dag.py:4180} INFO - Setting next_dagrun for example_workday_timetable to 2021-01-04 00:00:00+00:00, run_after=2021-01-05 00:00:00+00:00
[2025-04-19T10:32:13.757+0000] {processor.py:208} INFO - Processing /home/airflow/.local/lib/python3.12/site-packages/airflow/example_dags/example_workday_timetable.py took 0.432 seconds
[2025-04-19T10:32:44.172+0000] {processor.py:186} INFO - Started process (PID=225) to work on /home/airflow/.local/lib/python3.12/site-packages/airflow/example_dags/example_workday_timetable.py
[2025-04-19T10:32:44.175+0000] {processor.py:914} INFO - Processing file /home/airflow/.local/lib/python3.12/site-packages/airflow/example_dags/example_workday_timetable.py for tasks to queue
[2025-04-19T10:32:44.183+0000] {logging_mixin.py:190} INFO - [2025-04-19T10:32:44.182+0000] {dagbag.py:588} INFO - Filling up the DagBag from /home/airflow/.local/lib/python3.12/site-packages/airflow/example_dags/example_workday_timetable.py
[2025-04-19T10:32:44.209+0000] {processor.py:925} INFO - DAG(s) 'example_workday_timetable' retrieved from /home/airflow/.local/lib/python3.12/site-packages/airflow/example_dags/example_workday_timetable.py
[2025-04-19T10:32:44.269+0000] {logging_mixin.py:190} INFO - [2025-04-19T10:32:44.268+0000] {dag.py:3239} INFO - Sync 1 DAGs
[2025-04-19T10:32:44.432+0000] {logging_mixin.py:190} INFO - [2025-04-19T10:32:44.431+0000] {dag.py:4180} INFO - Setting next_dagrun for example_workday_timetable to 2021-01-04 00:00:00+00:00, run_after=2021-01-05 00:00:00+00:00
[2025-04-19T10:32:44.471+0000] {processor.py:208} INFO - Processing /home/airflow/.local/lib/python3.12/site-packages/airflow/example_dags/example_workday_timetable.py took 0.312 seconds
[2025-04-19T10:33:16.111+0000] {processor.py:186} INFO - Started process (PID=289) to work on /home/airflow/.local/lib/python3.12/site-packages/airflow/example_dags/example_workday_timetable.py
[2025-04-19T10:33:16.113+0000] {processor.py:914} INFO - Processing file /home/airflow/.local/lib/python3.12/site-packages/airflow/example_dags/example_workday_timetable.py for tasks to queue
[2025-04-19T10:33:16.119+0000] {logging_mixin.py:190} INFO - [2025-04-19T10:33:16.118+0000] {dagbag.py:588} INFO - Filling up the DagBag from /home/airflow/.local/lib/python3.12/site-packages/airflow/example_dags/example_workday_timetable.py
[2025-04-19T10:33:16.129+0000] {processor.py:925} INFO - DAG(s) 'example_workday_timetable' retrieved from /home/airflow/.local/lib/python3.12/site-packages/airflow/example_dags/example_workday_timetable.py
[2025-04-19T10:33:16.179+0000] {logging_mixin.py:190} INFO - [2025-04-19T10:33:16.178+0000] {dag.py:3239} INFO - Sync 1 DAGs
[2025-04-19T10:33:16.292+0000] {logging_mixin.py:190} INFO - [2025-04-19T10:33:16.292+0000] {dag.py:4180} INFO - Setting next_dagrun for example_workday_timetable to 2021-01-04 00:00:00+00:00, run_after=2021-01-05 00:00:00+00:00
[2025-04-19T10:33:16.335+0000] {processor.py:208} INFO - Processing /home/airflow/.local/lib/python3.12/site-packages/airflow/example_dags/example_workday_timetable.py took 0.233 seconds
[2025-04-19T10:33:47.189+0000] {processor.py:186} INFO - Started process (PID=352) to work on /home/airflow/.local/lib/python3.12/site-packages/airflow/example_dags/example_workday_timetable.py
[2025-04-19T10:33:47.191+0000] {processor.py:914} INFO - Processing file /home/airflow/.local/lib/python3.12/site-packages/airflow/example_dags/example_workday_timetable.py for tasks to queue
[2025-04-19T10:33:47.199+0000] {logging_mixin.py:190} INFO - [2025-04-19T10:33:47.198+0000] {dagbag.py:588} INFO - Filling up the DagBag from /home/airflow/.local/lib/python3.12/site-packages/airflow/example_dags/example_workday_timetable.py
[2025-04-19T10:33:47.216+0000] {processor.py:925} INFO - DAG(s) 'example_workday_timetable' retrieved from /home/airflow/.local/lib/python3.12/site-packages/airflow/example_dags/example_workday_timetable.py
[2025-04-19T10:33:47.262+0000] {logging_mixin.py:190} INFO - [2025-04-19T10:33:47.261+0000] {dag.py:3239} INFO - Sync 1 DAGs
[2025-04-19T10:33:47.397+0000] {logging_mixin.py:190} INFO - [2025-04-19T10:33:47.397+0000] {dag.py:4180} INFO - Setting next_dagrun for example_workday_timetable to 2021-01-04 00:00:00+00:00, run_after=2021-01-05 00:00:00+00:00
[2025-04-19T10:33:47.438+0000] {processor.py:208} INFO - Processing /home/airflow/.local/lib/python3.12/site-packages/airflow/example_dags/example_workday_timetable.py took 0.260 seconds
