[2025-04-19T10:19:10.925+0000] {processor.py:186} INFO - Started process (PID=114) to work on /home/airflow/.local/lib/python3.12/site-packages/airflow/example_dags/example_dataset_alias.py
[2025-04-19T10:19:10.927+0000] {processor.py:914} INFO - Processing file /home/airflow/.local/lib/python3.12/site-packages/airflow/example_dags/example_dataset_alias.py for tasks to queue
[2025-04-19T10:19:10.932+0000] {logging_mixin.py:190} INFO - [2025-04-19T10:19:10.932+0000] {dagbag.py:588} INFO - Filling up the DagBag from /home/airflow/.local/lib/python3.12/site-packages/airflow/example_dags/example_dataset_alias.py
[2025-04-19T10:19:11.976+0000] {processor.py:925} INFO - DAG(s) 'dataset_s3_bucket_consumer', 'dataset_s3_bucket_producer', 'dataset_alias_example_alias_producer', 'dataset_alias_example_alias_consumer' retrieved from /home/airflow/.local/lib/python3.12/site-packages/airflow/example_dags/example_dataset_alias.py
[2025-04-19T10:19:12.233+0000] {logging_mixin.py:190} INFO - [2025-04-19T10:19:12.232+0000] {override.py:1912} INFO - Created Permission View: can delete on DAG:dataset_s3_bucket_consumer
[2025-04-19T10:19:12.259+0000] {logging_mixin.py:190} INFO - [2025-04-19T10:19:12.258+0000] {override.py:1912} INFO - Created Permission View: can read on DAG:dataset_s3_bucket_consumer
[2025-04-19T10:19:12.274+0000] {logging_mixin.py:190} INFO - [2025-04-19T10:19:12.273+0000] {override.py:1912} INFO - Created Permission View: can edit on DAG:dataset_s3_bucket_consumer
[2025-04-19T10:19:12.294+0000] {logging_mixin.py:190} INFO - [2025-04-19T10:19:12.293+0000] {override.py:1912} INFO - Created Permission View: can delete on DAG Run:dataset_s3_bucket_consumer
[2025-04-19T10:19:12.311+0000] {logging_mixin.py:190} INFO - [2025-04-19T10:19:12.310+0000] {override.py:1912} INFO - Created Permission View: can read on DAG Run:dataset_s3_bucket_consumer
[2025-04-19T10:19:12.338+0000] {logging_mixin.py:190} INFO - [2025-04-19T10:19:12.338+0000] {override.py:1912} INFO - Created Permission View: menu access on DAG Run:dataset_s3_bucket_consumer
[2025-04-19T10:19:12.362+0000] {logging_mixin.py:190} INFO - [2025-04-19T10:19:12.360+0000] {override.py:1912} INFO - Created Permission View: can create on DAG Run:dataset_s3_bucket_consumer
[2025-04-19T10:19:12.413+0000] {logging_mixin.py:190} INFO - [2025-04-19T10:19:12.412+0000] {override.py:1912} INFO - Created Permission View: can delete on DAG:dataset_s3_bucket_producer
[2025-04-19T10:19:12.435+0000] {logging_mixin.py:190} INFO - [2025-04-19T10:19:12.435+0000] {override.py:1912} INFO - Created Permission View: can read on DAG:dataset_s3_bucket_producer
[2025-04-19T10:19:12.454+0000] {logging_mixin.py:190} INFO - [2025-04-19T10:19:12.453+0000] {override.py:1912} INFO - Created Permission View: can edit on DAG:dataset_s3_bucket_producer
[2025-04-19T10:19:12.474+0000] {logging_mixin.py:190} INFO - [2025-04-19T10:19:12.473+0000] {override.py:1912} INFO - Created Permission View: can delete on DAG Run:dataset_s3_bucket_producer
[2025-04-19T10:19:12.490+0000] {logging_mixin.py:190} INFO - [2025-04-19T10:19:12.490+0000] {override.py:1912} INFO - Created Permission View: can read on DAG Run:dataset_s3_bucket_producer
[2025-04-19T10:19:12.509+0000] {logging_mixin.py:190} INFO - [2025-04-19T10:19:12.509+0000] {override.py:1912} INFO - Created Permission View: menu access on DAG Run:dataset_s3_bucket_producer
[2025-04-19T10:19:12.528+0000] {logging_mixin.py:190} INFO - [2025-04-19T10:19:12.527+0000] {override.py:1912} INFO - Created Permission View: can create on DAG Run:dataset_s3_bucket_producer
[2025-04-19T10:19:12.572+0000] {logging_mixin.py:190} INFO - [2025-04-19T10:19:12.571+0000] {override.py:1912} INFO - Created Permission View: can delete on DAG:dataset_alias_example_alias_producer
[2025-04-19T10:19:12.587+0000] {logging_mixin.py:190} INFO - [2025-04-19T10:19:12.586+0000] {override.py:1912} INFO - Created Permission View: can read on DAG:dataset_alias_example_alias_producer
[2025-04-19T10:19:12.602+0000] {logging_mixin.py:190} INFO - [2025-04-19T10:19:12.602+0000] {override.py:1912} INFO - Created Permission View: can edit on DAG:dataset_alias_example_alias_producer
[2025-04-19T10:19:12.618+0000] {logging_mixin.py:190} INFO - [2025-04-19T10:19:12.617+0000] {override.py:1912} INFO - Created Permission View: can delete on DAG Run:dataset_alias_example_alias_producer
[2025-04-19T10:19:12.632+0000] {logging_mixin.py:190} INFO - [2025-04-19T10:19:12.631+0000] {override.py:1912} INFO - Created Permission View: can read on DAG Run:dataset_alias_example_alias_producer
[2025-04-19T10:19:12.647+0000] {logging_mixin.py:190} INFO - [2025-04-19T10:19:12.646+0000] {override.py:1912} INFO - Created Permission View: menu access on DAG Run:dataset_alias_example_alias_producer
[2025-04-19T10:19:12.665+0000] {logging_mixin.py:190} INFO - [2025-04-19T10:19:12.664+0000] {override.py:1912} INFO - Created Permission View: can create on DAG Run:dataset_alias_example_alias_producer
[2025-04-19T10:19:12.722+0000] {logging_mixin.py:190} INFO - [2025-04-19T10:19:12.720+0000] {override.py:1912} INFO - Created Permission View: can delete on DAG:dataset_alias_example_alias_consumer
[2025-04-19T10:19:12.759+0000] {logging_mixin.py:190} INFO - [2025-04-19T10:19:12.757+0000] {override.py:1912} INFO - Created Permission View: can read on DAG:dataset_alias_example_alias_consumer
[2025-04-19T10:19:12.794+0000] {logging_mixin.py:190} INFO - [2025-04-19T10:19:12.793+0000] {override.py:1912} INFO - Created Permission View: can edit on DAG:dataset_alias_example_alias_consumer
[2025-04-19T10:19:12.845+0000] {logging_mixin.py:190} INFO - [2025-04-19T10:19:12.844+0000] {override.py:1912} INFO - Created Permission View: can delete on DAG Run:dataset_alias_example_alias_consumer
[2025-04-19T10:19:12.872+0000] {logging_mixin.py:190} INFO - [2025-04-19T10:19:12.871+0000] {override.py:1912} INFO - Created Permission View: can read on DAG Run:dataset_alias_example_alias_consumer
[2025-04-19T10:19:12.901+0000] {logging_mixin.py:190} INFO - [2025-04-19T10:19:12.900+0000] {override.py:1912} INFO - Created Permission View: menu access on DAG Run:dataset_alias_example_alias_consumer
[2025-04-19T10:19:12.919+0000] {logging_mixin.py:190} INFO - [2025-04-19T10:19:12.918+0000] {override.py:1912} INFO - Created Permission View: can create on DAG Run:dataset_alias_example_alias_consumer
[2025-04-19T10:19:12.923+0000] {logging_mixin.py:190} INFO - [2025-04-19T10:19:12.921+0000] {dag.py:3239} INFO - Sync 4 DAGs
[2025-04-19T10:19:12.968+0000] {logging_mixin.py:190} INFO - [2025-04-19T10:19:12.967+0000] {dag.py:3262} INFO - Creating ORM DAG for dataset_s3_bucket_producer
[2025-04-19T10:19:12.970+0000] {logging_mixin.py:190} INFO - [2025-04-19T10:19:12.970+0000] {dag.py:3262} INFO - Creating ORM DAG for dataset_alias_example_alias_consumer
[2025-04-19T10:19:12.973+0000] {logging_mixin.py:190} INFO - [2025-04-19T10:19:12.972+0000] {dag.py:3262} INFO - Creating ORM DAG for dataset_alias_example_alias_producer
[2025-04-19T10:19:12.975+0000] {logging_mixin.py:190} INFO - [2025-04-19T10:19:12.974+0000] {dag.py:3262} INFO - Creating ORM DAG for dataset_s3_bucket_consumer
[2025-04-19T10:19:13.009+0000] {logging_mixin.py:190} INFO - [2025-04-19T10:19:13.008+0000] {dag.py:4180} INFO - Setting next_dagrun for dataset_alias_example_alias_consumer to None, run_after=None
[2025-04-19T10:19:13.012+0000] {logging_mixin.py:190} INFO - [2025-04-19T10:19:13.012+0000] {dag.py:4180} INFO - Setting next_dagrun for dataset_alias_example_alias_producer to None, run_after=None
[2025-04-19T10:19:13.016+0000] {logging_mixin.py:190} INFO - [2025-04-19T10:19:13.015+0000] {dag.py:4180} INFO - Setting next_dagrun for dataset_s3_bucket_consumer to None, run_after=None
[2025-04-19T10:19:13.021+0000] {logging_mixin.py:190} INFO - [2025-04-19T10:19:13.020+0000] {dag.py:4180} INFO - Setting next_dagrun for dataset_s3_bucket_producer to None, run_after=None
[2025-04-19T10:19:12.864+0000] {processor.py:208} INFO - Processing /home/airflow/.local/lib/python3.12/site-packages/airflow/example_dags/example_dataset_alias.py took 2.252 seconds
[2025-04-19T10:19:43.152+0000] {processor.py:186} INFO - Started process (PID=181) to work on /home/airflow/.local/lib/python3.12/site-packages/airflow/example_dags/example_dataset_alias.py
[2025-04-19T10:19:43.154+0000] {processor.py:914} INFO - Processing file /home/airflow/.local/lib/python3.12/site-packages/airflow/example_dags/example_dataset_alias.py for tasks to queue
[2025-04-19T10:19:43.163+0000] {logging_mixin.py:190} INFO - [2025-04-19T10:19:43.162+0000] {dagbag.py:588} INFO - Filling up the DagBag from /home/airflow/.local/lib/python3.12/site-packages/airflow/example_dags/example_dataset_alias.py
[2025-04-19T10:19:44.218+0000] {processor.py:925} INFO - DAG(s) 'dataset_alias_example_alias_consumer', 'dataset_s3_bucket_producer', 'dataset_s3_bucket_consumer', 'dataset_alias_example_alias_producer' retrieved from /home/airflow/.local/lib/python3.12/site-packages/airflow/example_dags/example_dataset_alias.py
[2025-04-19T10:19:44.268+0000] {logging_mixin.py:190} INFO - [2025-04-19T10:19:44.267+0000] {dag.py:3239} INFO - Sync 4 DAGs
[2025-04-19T10:19:44.319+0000] {logging_mixin.py:190} INFO - [2025-04-19T10:19:44.318+0000] {dag.py:4180} INFO - Setting next_dagrun for dataset_alias_example_alias_consumer to None, run_after=None
[2025-04-19T10:19:44.327+0000] {logging_mixin.py:190} INFO - [2025-04-19T10:19:44.327+0000] {dag.py:4180} INFO - Setting next_dagrun for dataset_alias_example_alias_producer to None, run_after=None
[2025-04-19T10:19:44.332+0000] {logging_mixin.py:190} INFO - [2025-04-19T10:19:44.332+0000] {dag.py:4180} INFO - Setting next_dagrun for dataset_s3_bucket_consumer to None, run_after=None
[2025-04-19T10:19:44.337+0000] {logging_mixin.py:190} INFO - [2025-04-19T10:19:44.336+0000] {dag.py:4180} INFO - Setting next_dagrun for dataset_s3_bucket_producer to None, run_after=None
[2025-04-19T10:19:44.384+0000] {processor.py:208} INFO - Processing /home/airflow/.local/lib/python3.12/site-packages/airflow/example_dags/example_dataset_alias.py took 1.244 seconds
[2025-04-19T10:20:14.730+0000] {processor.py:186} INFO - Started process (PID=248) to work on /home/airflow/.local/lib/python3.12/site-packages/airflow/example_dags/example_dataset_alias.py
[2025-04-19T10:20:14.734+0000] {processor.py:914} INFO - Processing file /home/airflow/.local/lib/python3.12/site-packages/airflow/example_dags/example_dataset_alias.py for tasks to queue
[2025-04-19T10:20:14.740+0000] {logging_mixin.py:190} INFO - [2025-04-19T10:20:14.739+0000] {dagbag.py:588} INFO - Filling up the DagBag from /home/airflow/.local/lib/python3.12/site-packages/airflow/example_dags/example_dataset_alias.py
[2025-04-19T10:20:15.840+0000] {processor.py:925} INFO - DAG(s) 'dataset_alias_example_alias_consumer', 'dataset_alias_example_alias_producer', 'dataset_s3_bucket_producer', 'dataset_s3_bucket_consumer' retrieved from /home/airflow/.local/lib/python3.12/site-packages/airflow/example_dags/example_dataset_alias.py
[2025-04-19T10:20:15.876+0000] {logging_mixin.py:190} INFO - [2025-04-19T10:20:15.875+0000] {dag.py:3239} INFO - Sync 4 DAGs
[2025-04-19T10:20:15.917+0000] {logging_mixin.py:190} INFO - [2025-04-19T10:20:15.917+0000] {dag.py:4180} INFO - Setting next_dagrun for dataset_alias_example_alias_consumer to None, run_after=None
[2025-04-19T10:20:15.924+0000] {logging_mixin.py:190} INFO - [2025-04-19T10:20:15.923+0000] {dag.py:4180} INFO - Setting next_dagrun for dataset_alias_example_alias_producer to None, run_after=None
[2025-04-19T10:20:15.930+0000] {logging_mixin.py:190} INFO - [2025-04-19T10:20:15.930+0000] {dag.py:4180} INFO - Setting next_dagrun for dataset_s3_bucket_consumer to None, run_after=None
[2025-04-19T10:20:15.934+0000] {logging_mixin.py:190} INFO - [2025-04-19T10:20:15.934+0000] {dag.py:4180} INFO - Setting next_dagrun for dataset_s3_bucket_producer to None, run_after=None
[2025-04-19T10:20:15.977+0000] {processor.py:208} INFO - Processing /home/airflow/.local/lib/python3.12/site-packages/airflow/example_dags/example_dataset_alias.py took 1.261 seconds
[2025-04-19T10:20:46.366+0000] {processor.py:186} INFO - Started process (PID=313) to work on /home/airflow/.local/lib/python3.12/site-packages/airflow/example_dags/example_dataset_alias.py
[2025-04-19T10:20:46.369+0000] {processor.py:914} INFO - Processing file /home/airflow/.local/lib/python3.12/site-packages/airflow/example_dags/example_dataset_alias.py for tasks to queue
[2025-04-19T10:20:46.376+0000] {logging_mixin.py:190} INFO - [2025-04-19T10:20:46.375+0000] {dagbag.py:588} INFO - Filling up the DagBag from /home/airflow/.local/lib/python3.12/site-packages/airflow/example_dags/example_dataset_alias.py
[2025-04-19T10:20:47.567+0000] {processor.py:925} INFO - DAG(s) 'dataset_alias_example_alias_consumer', 'dataset_s3_bucket_consumer', 'dataset_s3_bucket_producer', 'dataset_alias_example_alias_producer' retrieved from /home/airflow/.local/lib/python3.12/site-packages/airflow/example_dags/example_dataset_alias.py
[2025-04-19T10:20:47.620+0000] {logging_mixin.py:190} INFO - [2025-04-19T10:20:47.618+0000] {dag.py:3239} INFO - Sync 4 DAGs
[2025-04-19T10:20:47.673+0000] {logging_mixin.py:190} INFO - [2025-04-19T10:20:47.673+0000] {dag.py:4180} INFO - Setting next_dagrun for dataset_alias_example_alias_consumer to None, run_after=None
[2025-04-19T10:20:47.680+0000] {logging_mixin.py:190} INFO - [2025-04-19T10:20:47.679+0000] {dag.py:4180} INFO - Setting next_dagrun for dataset_alias_example_alias_producer to None, run_after=None
[2025-04-19T10:20:47.687+0000] {logging_mixin.py:190} INFO - [2025-04-19T10:20:47.686+0000] {dag.py:4180} INFO - Setting next_dagrun for dataset_s3_bucket_consumer to None, run_after=None
[2025-04-19T10:20:47.691+0000] {logging_mixin.py:190} INFO - [2025-04-19T10:20:47.690+0000] {dag.py:4180} INFO - Setting next_dagrun for dataset_s3_bucket_producer to None, run_after=None
[2025-04-19T10:20:47.729+0000] {processor.py:208} INFO - Processing /home/airflow/.local/lib/python3.12/site-packages/airflow/example_dags/example_dataset_alias.py took 1.376 seconds
[2025-04-19T10:21:17.874+0000] {processor.py:186} INFO - Started process (PID=383) to work on /home/airflow/.local/lib/python3.12/site-packages/airflow/example_dags/example_dataset_alias.py
[2025-04-19T10:21:17.877+0000] {processor.py:914} INFO - Processing file /home/airflow/.local/lib/python3.12/site-packages/airflow/example_dags/example_dataset_alias.py for tasks to queue
[2025-04-19T10:21:17.883+0000] {logging_mixin.py:190} INFO - [2025-04-19T10:21:17.882+0000] {dagbag.py:588} INFO - Filling up the DagBag from /home/airflow/.local/lib/python3.12/site-packages/airflow/example_dags/example_dataset_alias.py
[2025-04-19T10:21:18.927+0000] {processor.py:925} INFO - DAG(s) 'dataset_s3_bucket_producer', 'dataset_alias_example_alias_consumer', 'dataset_alias_example_alias_producer', 'dataset_s3_bucket_consumer' retrieved from /home/airflow/.local/lib/python3.12/site-packages/airflow/example_dags/example_dataset_alias.py
[2025-04-19T10:21:18.975+0000] {logging_mixin.py:190} INFO - [2025-04-19T10:21:18.974+0000] {dag.py:3239} INFO - Sync 4 DAGs
[2025-04-19T10:21:19.025+0000] {logging_mixin.py:190} INFO - [2025-04-19T10:21:19.024+0000] {dag.py:4180} INFO - Setting next_dagrun for dataset_alias_example_alias_consumer to None, run_after=None
[2025-04-19T10:21:19.033+0000] {logging_mixin.py:190} INFO - [2025-04-19T10:21:19.032+0000] {dag.py:4180} INFO - Setting next_dagrun for dataset_alias_example_alias_producer to None, run_after=None
[2025-04-19T10:21:19.038+0000] {logging_mixin.py:190} INFO - [2025-04-19T10:21:19.037+0000] {dag.py:4180} INFO - Setting next_dagrun for dataset_s3_bucket_consumer to None, run_after=None
[2025-04-19T10:21:19.043+0000] {logging_mixin.py:190} INFO - [2025-04-19T10:21:19.042+0000] {dag.py:4180} INFO - Setting next_dagrun for dataset_s3_bucket_producer to None, run_after=None
[2025-04-19T10:21:19.095+0000] {processor.py:208} INFO - Processing /home/airflow/.local/lib/python3.12/site-packages/airflow/example_dags/example_dataset_alias.py took 1.234 seconds
[2025-04-19T10:21:49.615+0000] {processor.py:186} INFO - Started process (PID=446) to work on /home/airflow/.local/lib/python3.12/site-packages/airflow/example_dags/example_dataset_alias.py
[2025-04-19T10:21:49.618+0000] {processor.py:914} INFO - Processing file /home/airflow/.local/lib/python3.12/site-packages/airflow/example_dags/example_dataset_alias.py for tasks to queue
[2025-04-19T10:21:49.625+0000] {logging_mixin.py:190} INFO - [2025-04-19T10:21:49.624+0000] {dagbag.py:588} INFO - Filling up the DagBag from /home/airflow/.local/lib/python3.12/site-packages/airflow/example_dags/example_dataset_alias.py
[2025-04-19T10:21:50.734+0000] {processor.py:925} INFO - DAG(s) 'dataset_alias_example_alias_producer', 'dataset_s3_bucket_producer', 'dataset_alias_example_alias_consumer', 'dataset_s3_bucket_consumer' retrieved from /home/airflow/.local/lib/python3.12/site-packages/airflow/example_dags/example_dataset_alias.py
[2025-04-19T10:21:50.784+0000] {logging_mixin.py:190} INFO - [2025-04-19T10:21:50.783+0000] {dag.py:3239} INFO - Sync 4 DAGs
[2025-04-19T10:21:50.841+0000] {logging_mixin.py:190} INFO - [2025-04-19T10:21:50.840+0000] {dag.py:4180} INFO - Setting next_dagrun for dataset_alias_example_alias_consumer to None, run_after=None
[2025-04-19T10:21:50.849+0000] {logging_mixin.py:190} INFO - [2025-04-19T10:21:50.848+0000] {dag.py:4180} INFO - Setting next_dagrun for dataset_alias_example_alias_producer to None, run_after=None
[2025-04-19T10:21:50.854+0000] {logging_mixin.py:190} INFO - [2025-04-19T10:21:50.853+0000] {dag.py:4180} INFO - Setting next_dagrun for dataset_s3_bucket_consumer to None, run_after=None
[2025-04-19T10:21:50.859+0000] {logging_mixin.py:190} INFO - [2025-04-19T10:21:50.858+0000] {dag.py:4180} INFO - Setting next_dagrun for dataset_s3_bucket_producer to None, run_after=None
[2025-04-19T10:21:50.906+0000] {processor.py:208} INFO - Processing /home/airflow/.local/lib/python3.12/site-packages/airflow/example_dags/example_dataset_alias.py took 1.307 seconds
[2025-04-19T10:22:22.339+0000] {processor.py:186} INFO - Started process (PID=512) to work on /home/airflow/.local/lib/python3.12/site-packages/airflow/example_dags/example_dataset_alias.py
[2025-04-19T10:22:22.341+0000] {processor.py:914} INFO - Processing file /home/airflow/.local/lib/python3.12/site-packages/airflow/example_dags/example_dataset_alias.py for tasks to queue
[2025-04-19T10:22:22.347+0000] {logging_mixin.py:190} INFO - [2025-04-19T10:22:22.346+0000] {dagbag.py:588} INFO - Filling up the DagBag from /home/airflow/.local/lib/python3.12/site-packages/airflow/example_dags/example_dataset_alias.py
[2025-04-19T10:22:23.401+0000] {processor.py:925} INFO - DAG(s) 'dataset_alias_example_alias_consumer', 'dataset_alias_example_alias_producer', 'dataset_s3_bucket_producer', 'dataset_s3_bucket_consumer' retrieved from /home/airflow/.local/lib/python3.12/site-packages/airflow/example_dags/example_dataset_alias.py
[2025-04-19T10:22:23.464+0000] {logging_mixin.py:190} INFO - [2025-04-19T10:22:23.463+0000] {dag.py:3239} INFO - Sync 4 DAGs
[2025-04-19T10:22:23.505+0000] {logging_mixin.py:190} INFO - [2025-04-19T10:22:23.505+0000] {dag.py:4180} INFO - Setting next_dagrun for dataset_alias_example_alias_consumer to None, run_after=None
[2025-04-19T10:22:23.513+0000] {logging_mixin.py:190} INFO - [2025-04-19T10:22:23.513+0000] {dag.py:4180} INFO - Setting next_dagrun for dataset_alias_example_alias_producer to None, run_after=None
[2025-04-19T10:22:23.518+0000] {logging_mixin.py:190} INFO - [2025-04-19T10:22:23.517+0000] {dag.py:4180} INFO - Setting next_dagrun for dataset_s3_bucket_consumer to None, run_after=None
[2025-04-19T10:22:23.521+0000] {logging_mixin.py:190} INFO - [2025-04-19T10:22:23.520+0000] {dag.py:4180} INFO - Setting next_dagrun for dataset_s3_bucket_producer to None, run_after=None
[2025-04-19T10:22:23.556+0000] {processor.py:208} INFO - Processing /home/airflow/.local/lib/python3.12/site-packages/airflow/example_dags/example_dataset_alias.py took 1.231 seconds
[2025-04-19T10:22:54.271+0000] {processor.py:186} INFO - Started process (PID=576) to work on /home/airflow/.local/lib/python3.12/site-packages/airflow/example_dags/example_dataset_alias.py
[2025-04-19T10:22:54.274+0000] {processor.py:914} INFO - Processing file /home/airflow/.local/lib/python3.12/site-packages/airflow/example_dags/example_dataset_alias.py for tasks to queue
[2025-04-19T10:22:54.283+0000] {logging_mixin.py:190} INFO - [2025-04-19T10:22:54.282+0000] {dagbag.py:588} INFO - Filling up the DagBag from /home/airflow/.local/lib/python3.12/site-packages/airflow/example_dags/example_dataset_alias.py
[2025-04-19T10:22:55.581+0000] {processor.py:925} INFO - DAG(s) 'dataset_s3_bucket_producer', 'dataset_s3_bucket_consumer', 'dataset_alias_example_alias_consumer', 'dataset_alias_example_alias_producer' retrieved from /home/airflow/.local/lib/python3.12/site-packages/airflow/example_dags/example_dataset_alias.py
[2025-04-19T10:22:55.659+0000] {logging_mixin.py:190} INFO - [2025-04-19T10:22:55.657+0000] {dag.py:3239} INFO - Sync 4 DAGs
[2025-04-19T10:22:55.723+0000] {logging_mixin.py:190} INFO - [2025-04-19T10:22:55.722+0000] {dag.py:4180} INFO - Setting next_dagrun for dataset_alias_example_alias_consumer to None, run_after=None
[2025-04-19T10:22:55.732+0000] {logging_mixin.py:190} INFO - [2025-04-19T10:22:55.732+0000] {dag.py:4180} INFO - Setting next_dagrun for dataset_alias_example_alias_producer to None, run_after=None
[2025-04-19T10:22:55.743+0000] {logging_mixin.py:190} INFO - [2025-04-19T10:22:55.742+0000] {dag.py:4180} INFO - Setting next_dagrun for dataset_s3_bucket_consumer to None, run_after=None
[2025-04-19T10:22:55.750+0000] {logging_mixin.py:190} INFO - [2025-04-19T10:22:55.749+0000] {dag.py:4180} INFO - Setting next_dagrun for dataset_s3_bucket_producer to None, run_after=None
[2025-04-19T10:22:55.811+0000] {processor.py:208} INFO - Processing /home/airflow/.local/lib/python3.12/site-packages/airflow/example_dags/example_dataset_alias.py took 1.559 seconds
[2025-04-19T10:23:26.556+0000] {processor.py:186} INFO - Started process (PID=639) to work on /home/airflow/.local/lib/python3.12/site-packages/airflow/example_dags/example_dataset_alias.py
[2025-04-19T10:23:26.560+0000] {processor.py:914} INFO - Processing file /home/airflow/.local/lib/python3.12/site-packages/airflow/example_dags/example_dataset_alias.py for tasks to queue
[2025-04-19T10:23:26.569+0000] {logging_mixin.py:190} INFO - [2025-04-19T10:23:26.568+0000] {dagbag.py:588} INFO - Filling up the DagBag from /home/airflow/.local/lib/python3.12/site-packages/airflow/example_dags/example_dataset_alias.py
[2025-04-19T10:23:27.838+0000] {processor.py:925} INFO - DAG(s) 'dataset_s3_bucket_producer', 'dataset_alias_example_alias_consumer', 'dataset_alias_example_alias_producer', 'dataset_s3_bucket_consumer' retrieved from /home/airflow/.local/lib/python3.12/site-packages/airflow/example_dags/example_dataset_alias.py
[2025-04-19T10:23:27.889+0000] {logging_mixin.py:190} INFO - [2025-04-19T10:23:27.887+0000] {dag.py:3239} INFO - Sync 4 DAGs
[2025-04-19T10:23:27.955+0000] {logging_mixin.py:190} INFO - [2025-04-19T10:23:27.955+0000] {dag.py:4180} INFO - Setting next_dagrun for dataset_alias_example_alias_consumer to None, run_after=None
[2025-04-19T10:23:27.962+0000] {logging_mixin.py:190} INFO - [2025-04-19T10:23:27.962+0000] {dag.py:4180} INFO - Setting next_dagrun for dataset_alias_example_alias_producer to None, run_after=None
[2025-04-19T10:23:27.966+0000] {logging_mixin.py:190} INFO - [2025-04-19T10:23:27.966+0000] {dag.py:4180} INFO - Setting next_dagrun for dataset_s3_bucket_consumer to None, run_after=None
[2025-04-19T10:23:27.970+0000] {logging_mixin.py:190} INFO - [2025-04-19T10:23:27.970+0000] {dag.py:4180} INFO - Setting next_dagrun for dataset_s3_bucket_producer to None, run_after=None
[2025-04-19T10:23:28.009+0000] {processor.py:208} INFO - Processing /home/airflow/.local/lib/python3.12/site-packages/airflow/example_dags/example_dataset_alias.py took 1.482 seconds
[2025-04-19T10:23:58.758+0000] {processor.py:186} INFO - Started process (PID=703) to work on /home/airflow/.local/lib/python3.12/site-packages/airflow/example_dags/example_dataset_alias.py
[2025-04-19T10:23:58.760+0000] {processor.py:914} INFO - Processing file /home/airflow/.local/lib/python3.12/site-packages/airflow/example_dags/example_dataset_alias.py for tasks to queue
[2025-04-19T10:23:58.766+0000] {logging_mixin.py:190} INFO - [2025-04-19T10:23:58.765+0000] {dagbag.py:588} INFO - Filling up the DagBag from /home/airflow/.local/lib/python3.12/site-packages/airflow/example_dags/example_dataset_alias.py
[2025-04-19T10:23:59.863+0000] {processor.py:925} INFO - DAG(s) 'dataset_s3_bucket_producer', 'dataset_alias_example_alias_producer', 'dataset_alias_example_alias_consumer', 'dataset_s3_bucket_consumer' retrieved from /home/airflow/.local/lib/python3.12/site-packages/airflow/example_dags/example_dataset_alias.py
[2025-04-19T10:23:59.903+0000] {logging_mixin.py:190} INFO - [2025-04-19T10:23:59.902+0000] {dag.py:3239} INFO - Sync 4 DAGs
[2025-04-19T10:23:59.938+0000] {logging_mixin.py:190} INFO - [2025-04-19T10:23:59.938+0000] {dag.py:4180} INFO - Setting next_dagrun for dataset_alias_example_alias_consumer to None, run_after=None
[2025-04-19T10:23:59.944+0000] {logging_mixin.py:190} INFO - [2025-04-19T10:23:59.944+0000] {dag.py:4180} INFO - Setting next_dagrun for dataset_alias_example_alias_producer to None, run_after=None
[2025-04-19T10:23:59.948+0000] {logging_mixin.py:190} INFO - [2025-04-19T10:23:59.948+0000] {dag.py:4180} INFO - Setting next_dagrun for dataset_s3_bucket_consumer to None, run_after=None
[2025-04-19T10:23:59.951+0000] {logging_mixin.py:190} INFO - [2025-04-19T10:23:59.951+0000] {dag.py:4180} INFO - Setting next_dagrun for dataset_s3_bucket_producer to None, run_after=None
[2025-04-19T10:23:59.991+0000] {processor.py:208} INFO - Processing /home/airflow/.local/lib/python3.12/site-packages/airflow/example_dags/example_dataset_alias.py took 1.246 seconds
[2025-04-19T10:24:30.096+0000] {processor.py:186} INFO - Started process (PID=766) to work on /home/airflow/.local/lib/python3.12/site-packages/airflow/example_dags/example_dataset_alias.py
[2025-04-19T10:24:30.099+0000] {processor.py:914} INFO - Processing file /home/airflow/.local/lib/python3.12/site-packages/airflow/example_dags/example_dataset_alias.py for tasks to queue
[2025-04-19T10:24:30.104+0000] {logging_mixin.py:190} INFO - [2025-04-19T10:24:30.103+0000] {dagbag.py:588} INFO - Filling up the DagBag from /home/airflow/.local/lib/python3.12/site-packages/airflow/example_dags/example_dataset_alias.py
[2025-04-19T10:24:30.991+0000] {processor.py:925} INFO - DAG(s) 'dataset_alias_example_alias_consumer', 'dataset_alias_example_alias_producer', 'dataset_s3_bucket_producer', 'dataset_s3_bucket_consumer' retrieved from /home/airflow/.local/lib/python3.12/site-packages/airflow/example_dags/example_dataset_alias.py
[2025-04-19T10:24:31.034+0000] {logging_mixin.py:190} INFO - [2025-04-19T10:24:31.033+0000] {dag.py:3239} INFO - Sync 4 DAGs
[2025-04-19T10:24:31.071+0000] {logging_mixin.py:190} INFO - [2025-04-19T10:24:31.071+0000] {dag.py:4180} INFO - Setting next_dagrun for dataset_alias_example_alias_consumer to None, run_after=None
[2025-04-19T10:24:31.076+0000] {logging_mixin.py:190} INFO - [2025-04-19T10:24:31.076+0000] {dag.py:4180} INFO - Setting next_dagrun for dataset_alias_example_alias_producer to None, run_after=None
[2025-04-19T10:24:31.079+0000] {logging_mixin.py:190} INFO - [2025-04-19T10:24:31.079+0000] {dag.py:4180} INFO - Setting next_dagrun for dataset_s3_bucket_consumer to None, run_after=None
[2025-04-19T10:24:31.082+0000] {logging_mixin.py:190} INFO - [2025-04-19T10:24:31.082+0000] {dag.py:4180} INFO - Setting next_dagrun for dataset_s3_bucket_producer to None, run_after=None
[2025-04-19T10:24:31.121+0000] {processor.py:208} INFO - Processing /home/airflow/.local/lib/python3.12/site-packages/airflow/example_dags/example_dataset_alias.py took 1.035 seconds
[2025-04-19T10:25:01.266+0000] {processor.py:186} INFO - Started process (PID=830) to work on /home/airflow/.local/lib/python3.12/site-packages/airflow/example_dags/example_dataset_alias.py
[2025-04-19T10:25:01.270+0000] {processor.py:914} INFO - Processing file /home/airflow/.local/lib/python3.12/site-packages/airflow/example_dags/example_dataset_alias.py for tasks to queue
[2025-04-19T10:25:01.281+0000] {logging_mixin.py:190} INFO - [2025-04-19T10:25:01.279+0000] {dagbag.py:588} INFO - Filling up the DagBag from /home/airflow/.local/lib/python3.12/site-packages/airflow/example_dags/example_dataset_alias.py
[2025-04-19T10:25:02.594+0000] {processor.py:925} INFO - DAG(s) 'dataset_s3_bucket_consumer', 'dataset_s3_bucket_producer', 'dataset_alias_example_alias_consumer', 'dataset_alias_example_alias_producer' retrieved from /home/airflow/.local/lib/python3.12/site-packages/airflow/example_dags/example_dataset_alias.py
[2025-04-19T10:25:02.644+0000] {logging_mixin.py:190} INFO - [2025-04-19T10:25:02.643+0000] {dag.py:3239} INFO - Sync 4 DAGs
[2025-04-19T10:25:02.683+0000] {logging_mixin.py:190} INFO - [2025-04-19T10:25:02.683+0000] {dag.py:4180} INFO - Setting next_dagrun for dataset_alias_example_alias_consumer to None, run_after=None
[2025-04-19T10:25:02.690+0000] {logging_mixin.py:190} INFO - [2025-04-19T10:25:02.689+0000] {dag.py:4180} INFO - Setting next_dagrun for dataset_alias_example_alias_producer to None, run_after=None
[2025-04-19T10:25:02.694+0000] {logging_mixin.py:190} INFO - [2025-04-19T10:25:02.693+0000] {dag.py:4180} INFO - Setting next_dagrun for dataset_s3_bucket_consumer to None, run_after=None
[2025-04-19T10:25:02.699+0000] {logging_mixin.py:190} INFO - [2025-04-19T10:25:02.698+0000] {dag.py:4180} INFO - Setting next_dagrun for dataset_s3_bucket_producer to None, run_after=None
[2025-04-19T10:25:02.754+0000] {processor.py:208} INFO - Processing /home/airflow/.local/lib/python3.12/site-packages/airflow/example_dags/example_dataset_alias.py took 1.514 seconds
[2025-04-19T10:25:33.955+0000] {processor.py:186} INFO - Started process (PID=897) to work on /home/airflow/.local/lib/python3.12/site-packages/airflow/example_dags/example_dataset_alias.py
[2025-04-19T10:25:33.957+0000] {processor.py:914} INFO - Processing file /home/airflow/.local/lib/python3.12/site-packages/airflow/example_dags/example_dataset_alias.py for tasks to queue
[2025-04-19T10:25:33.964+0000] {logging_mixin.py:190} INFO - [2025-04-19T10:25:33.963+0000] {dagbag.py:588} INFO - Filling up the DagBag from /home/airflow/.local/lib/python3.12/site-packages/airflow/example_dags/example_dataset_alias.py
[2025-04-19T10:25:34.986+0000] {processor.py:925} INFO - DAG(s) 'dataset_alias_example_alias_consumer', 'dataset_s3_bucket_consumer', 'dataset_s3_bucket_producer', 'dataset_alias_example_alias_producer' retrieved from /home/airflow/.local/lib/python3.12/site-packages/airflow/example_dags/example_dataset_alias.py
[2025-04-19T10:25:35.032+0000] {logging_mixin.py:190} INFO - [2025-04-19T10:25:35.031+0000] {dag.py:3239} INFO - Sync 4 DAGs
[2025-04-19T10:25:35.073+0000] {logging_mixin.py:190} INFO - [2025-04-19T10:25:35.073+0000] {dag.py:4180} INFO - Setting next_dagrun for dataset_alias_example_alias_consumer to None, run_after=None
[2025-04-19T10:25:35.078+0000] {logging_mixin.py:190} INFO - [2025-04-19T10:25:35.078+0000] {dag.py:4180} INFO - Setting next_dagrun for dataset_alias_example_alias_producer to None, run_after=None
[2025-04-19T10:25:35.082+0000] {logging_mixin.py:190} INFO - [2025-04-19T10:25:35.081+0000] {dag.py:4180} INFO - Setting next_dagrun for dataset_s3_bucket_consumer to None, run_after=None
[2025-04-19T10:25:35.086+0000] {logging_mixin.py:190} INFO - [2025-04-19T10:25:35.086+0000] {dag.py:4180} INFO - Setting next_dagrun for dataset_s3_bucket_producer to None, run_after=None
[2025-04-19T10:25:35.138+0000] {processor.py:208} INFO - Processing /home/airflow/.local/lib/python3.12/site-packages/airflow/example_dags/example_dataset_alias.py took 1.195 seconds
[2025-04-19T10:26:05.831+0000] {processor.py:186} INFO - Started process (PID=967) to work on /home/airflow/.local/lib/python3.12/site-packages/airflow/example_dags/example_dataset_alias.py
[2025-04-19T10:26:05.834+0000] {processor.py:914} INFO - Processing file /home/airflow/.local/lib/python3.12/site-packages/airflow/example_dags/example_dataset_alias.py for tasks to queue
[2025-04-19T10:26:05.839+0000] {logging_mixin.py:190} INFO - [2025-04-19T10:26:05.838+0000] {dagbag.py:588} INFO - Filling up the DagBag from /home/airflow/.local/lib/python3.12/site-packages/airflow/example_dags/example_dataset_alias.py
[2025-04-19T10:26:06.934+0000] {processor.py:925} INFO - DAG(s) 'dataset_s3_bucket_consumer', 'dataset_alias_example_alias_consumer', 'dataset_alias_example_alias_producer', 'dataset_s3_bucket_producer' retrieved from /home/airflow/.local/lib/python3.12/site-packages/airflow/example_dags/example_dataset_alias.py
[2025-04-19T10:26:06.971+0000] {logging_mixin.py:190} INFO - [2025-04-19T10:26:06.970+0000] {dag.py:3239} INFO - Sync 4 DAGs
[2025-04-19T10:26:07.007+0000] {logging_mixin.py:190} INFO - [2025-04-19T10:26:07.007+0000] {dag.py:4180} INFO - Setting next_dagrun for dataset_alias_example_alias_consumer to None, run_after=None
[2025-04-19T10:26:07.013+0000] {logging_mixin.py:190} INFO - [2025-04-19T10:26:07.013+0000] {dag.py:4180} INFO - Setting next_dagrun for dataset_alias_example_alias_producer to None, run_after=None
[2025-04-19T10:26:07.017+0000] {logging_mixin.py:190} INFO - [2025-04-19T10:26:07.016+0000] {dag.py:4180} INFO - Setting next_dagrun for dataset_s3_bucket_consumer to None, run_after=None
[2025-04-19T10:26:07.020+0000] {logging_mixin.py:190} INFO - [2025-04-19T10:26:07.019+0000] {dag.py:4180} INFO - Setting next_dagrun for dataset_s3_bucket_producer to None, run_after=None
[2025-04-19T10:26:07.066+0000] {processor.py:208} INFO - Processing /home/airflow/.local/lib/python3.12/site-packages/airflow/example_dags/example_dataset_alias.py took 1.252 seconds
[2025-04-19T10:26:37.964+0000] {processor.py:186} INFO - Started process (PID=1035) to work on /home/airflow/.local/lib/python3.12/site-packages/airflow/example_dags/example_dataset_alias.py
[2025-04-19T10:26:37.966+0000] {processor.py:914} INFO - Processing file /home/airflow/.local/lib/python3.12/site-packages/airflow/example_dags/example_dataset_alias.py for tasks to queue
[2025-04-19T10:26:37.972+0000] {logging_mixin.py:190} INFO - [2025-04-19T10:26:37.972+0000] {dagbag.py:588} INFO - Filling up the DagBag from /home/airflow/.local/lib/python3.12/site-packages/airflow/example_dags/example_dataset_alias.py
[2025-04-19T10:26:39.053+0000] {processor.py:925} INFO - DAG(s) 'dataset_s3_bucket_producer', 'dataset_s3_bucket_consumer', 'dataset_alias_example_alias_consumer', 'dataset_alias_example_alias_producer' retrieved from /home/airflow/.local/lib/python3.12/site-packages/airflow/example_dags/example_dataset_alias.py
[2025-04-19T10:26:39.102+0000] {logging_mixin.py:190} INFO - [2025-04-19T10:26:39.101+0000] {dag.py:3239} INFO - Sync 4 DAGs
[2025-04-19T10:26:39.156+0000] {logging_mixin.py:190} INFO - [2025-04-19T10:26:39.155+0000] {dag.py:4180} INFO - Setting next_dagrun for dataset_alias_example_alias_consumer to None, run_after=None
[2025-04-19T10:26:39.164+0000] {logging_mixin.py:190} INFO - [2025-04-19T10:26:39.163+0000] {dag.py:4180} INFO - Setting next_dagrun for dataset_alias_example_alias_producer to None, run_after=None
[2025-04-19T10:26:39.169+0000] {logging_mixin.py:190} INFO - [2025-04-19T10:26:39.169+0000] {dag.py:4180} INFO - Setting next_dagrun for dataset_s3_bucket_consumer to None, run_after=None
[2025-04-19T10:26:39.175+0000] {logging_mixin.py:190} INFO - [2025-04-19T10:26:39.174+0000] {dag.py:4180} INFO - Setting next_dagrun for dataset_s3_bucket_producer to None, run_after=None
[2025-04-19T10:26:39.227+0000] {processor.py:208} INFO - Processing /home/airflow/.local/lib/python3.12/site-packages/airflow/example_dags/example_dataset_alias.py took 1.276 seconds
[2025-04-19T10:27:10.035+0000] {processor.py:186} INFO - Started process (PID=1099) to work on /home/airflow/.local/lib/python3.12/site-packages/airflow/example_dags/example_dataset_alias.py
[2025-04-19T10:27:10.038+0000] {processor.py:914} INFO - Processing file /home/airflow/.local/lib/python3.12/site-packages/airflow/example_dags/example_dataset_alias.py for tasks to queue
[2025-04-19T10:27:10.043+0000] {logging_mixin.py:190} INFO - [2025-04-19T10:27:10.043+0000] {dagbag.py:588} INFO - Filling up the DagBag from /home/airflow/.local/lib/python3.12/site-packages/airflow/example_dags/example_dataset_alias.py
[2025-04-19T10:27:11.060+0000] {processor.py:925} INFO - DAG(s) 'dataset_alias_example_alias_consumer', 'dataset_s3_bucket_producer', 'dataset_s3_bucket_consumer', 'dataset_alias_example_alias_producer' retrieved from /home/airflow/.local/lib/python3.12/site-packages/airflow/example_dags/example_dataset_alias.py
[2025-04-19T10:27:11.110+0000] {logging_mixin.py:190} INFO - [2025-04-19T10:27:11.109+0000] {dag.py:3239} INFO - Sync 4 DAGs
[2025-04-19T10:27:11.145+0000] {logging_mixin.py:190} INFO - [2025-04-19T10:27:11.144+0000] {dag.py:4180} INFO - Setting next_dagrun for dataset_alias_example_alias_consumer to None, run_after=None
[2025-04-19T10:27:11.150+0000] {logging_mixin.py:190} INFO - [2025-04-19T10:27:11.150+0000] {dag.py:4180} INFO - Setting next_dagrun for dataset_alias_example_alias_producer to None, run_after=None
[2025-04-19T10:27:11.152+0000] {logging_mixin.py:190} INFO - [2025-04-19T10:27:11.152+0000] {dag.py:4180} INFO - Setting next_dagrun for dataset_s3_bucket_consumer to None, run_after=None
[2025-04-19T10:27:11.156+0000] {logging_mixin.py:190} INFO - [2025-04-19T10:27:11.155+0000] {dag.py:4180} INFO - Setting next_dagrun for dataset_s3_bucket_producer to None, run_after=None
[2025-04-19T10:27:11.193+0000] {processor.py:208} INFO - Processing /home/airflow/.local/lib/python3.12/site-packages/airflow/example_dags/example_dataset_alias.py took 1.172 seconds
[2025-04-19T10:27:42.588+0000] {processor.py:186} INFO - Started process (PID=1167) to work on /home/airflow/.local/lib/python3.12/site-packages/airflow/example_dags/example_dataset_alias.py
[2025-04-19T10:27:42.590+0000] {processor.py:914} INFO - Processing file /home/airflow/.local/lib/python3.12/site-packages/airflow/example_dags/example_dataset_alias.py for tasks to queue
[2025-04-19T10:27:42.595+0000] {logging_mixin.py:190} INFO - [2025-04-19T10:27:42.595+0000] {dagbag.py:588} INFO - Filling up the DagBag from /home/airflow/.local/lib/python3.12/site-packages/airflow/example_dags/example_dataset_alias.py
[2025-04-19T10:27:43.675+0000] {processor.py:925} INFO - DAG(s) 'dataset_s3_bucket_producer', 'dataset_alias_example_alias_producer', 'dataset_alias_example_alias_consumer', 'dataset_s3_bucket_consumer' retrieved from /home/airflow/.local/lib/python3.12/site-packages/airflow/example_dags/example_dataset_alias.py
[2025-04-19T10:27:43.721+0000] {logging_mixin.py:190} INFO - [2025-04-19T10:27:43.721+0000] {dag.py:3239} INFO - Sync 4 DAGs
[2025-04-19T10:27:43.758+0000] {logging_mixin.py:190} INFO - [2025-04-19T10:27:43.758+0000] {dag.py:4180} INFO - Setting next_dagrun for dataset_alias_example_alias_consumer to None, run_after=None
[2025-04-19T10:27:43.763+0000] {logging_mixin.py:190} INFO - [2025-04-19T10:27:43.763+0000] {dag.py:4180} INFO - Setting next_dagrun for dataset_alias_example_alias_producer to None, run_after=None
[2025-04-19T10:27:43.768+0000] {logging_mixin.py:190} INFO - [2025-04-19T10:27:43.767+0000] {dag.py:4180} INFO - Setting next_dagrun for dataset_s3_bucket_consumer to None, run_after=None
[2025-04-19T10:27:43.773+0000] {logging_mixin.py:190} INFO - [2025-04-19T10:27:43.773+0000] {dag.py:4180} INFO - Setting next_dagrun for dataset_s3_bucket_producer to None, run_after=None
[2025-04-19T10:27:43.823+0000] {processor.py:208} INFO - Processing /home/airflow/.local/lib/python3.12/site-packages/airflow/example_dags/example_dataset_alias.py took 1.244 seconds
[2025-04-19T10:28:14.026+0000] {processor.py:186} INFO - Started process (PID=1231) to work on /home/airflow/.local/lib/python3.12/site-packages/airflow/example_dags/example_dataset_alias.py
[2025-04-19T10:28:14.028+0000] {processor.py:914} INFO - Processing file /home/airflow/.local/lib/python3.12/site-packages/airflow/example_dags/example_dataset_alias.py for tasks to queue
[2025-04-19T10:28:14.033+0000] {logging_mixin.py:190} INFO - [2025-04-19T10:28:14.032+0000] {dagbag.py:588} INFO - Filling up the DagBag from /home/airflow/.local/lib/python3.12/site-packages/airflow/example_dags/example_dataset_alias.py
[2025-04-19T10:28:15.111+0000] {processor.py:925} INFO - DAG(s) 'dataset_s3_bucket_consumer', 'dataset_s3_bucket_producer', 'dataset_alias_example_alias_consumer', 'dataset_alias_example_alias_producer' retrieved from /home/airflow/.local/lib/python3.12/site-packages/airflow/example_dags/example_dataset_alias.py
[2025-04-19T10:28:15.188+0000] {logging_mixin.py:190} INFO - [2025-04-19T10:28:15.187+0000] {dag.py:3239} INFO - Sync 4 DAGs
[2025-04-19T10:28:15.275+0000] {logging_mixin.py:190} INFO - [2025-04-19T10:28:15.274+0000] {dag.py:4180} INFO - Setting next_dagrun for dataset_alias_example_alias_consumer to None, run_after=None
[2025-04-19T10:28:15.281+0000] {logging_mixin.py:190} INFO - [2025-04-19T10:28:15.281+0000] {dag.py:4180} INFO - Setting next_dagrun for dataset_alias_example_alias_producer to None, run_after=None
[2025-04-19T10:28:15.286+0000] {logging_mixin.py:190} INFO - [2025-04-19T10:28:15.285+0000] {dag.py:4180} INFO - Setting next_dagrun for dataset_s3_bucket_consumer to None, run_after=None
[2025-04-19T10:28:15.289+0000] {logging_mixin.py:190} INFO - [2025-04-19T10:28:15.289+0000] {dag.py:4180} INFO - Setting next_dagrun for dataset_s3_bucket_producer to None, run_after=None
[2025-04-19T10:28:15.414+0000] {processor.py:208} INFO - Processing /home/airflow/.local/lib/python3.12/site-packages/airflow/example_dags/example_dataset_alias.py took 1.405 seconds
[2025-04-19T10:28:45.625+0000] {processor.py:186} INFO - Started process (PID=1296) to work on /home/airflow/.local/lib/python3.12/site-packages/airflow/example_dags/example_dataset_alias.py
[2025-04-19T10:28:45.628+0000] {processor.py:914} INFO - Processing file /home/airflow/.local/lib/python3.12/site-packages/airflow/example_dags/example_dataset_alias.py for tasks to queue
[2025-04-19T10:28:45.635+0000] {logging_mixin.py:190} INFO - [2025-04-19T10:28:45.634+0000] {dagbag.py:588} INFO - Filling up the DagBag from /home/airflow/.local/lib/python3.12/site-packages/airflow/example_dags/example_dataset_alias.py
[2025-04-19T10:28:46.707+0000] {processor.py:925} INFO - DAG(s) 'dataset_alias_example_alias_consumer', 'dataset_s3_bucket_consumer', 'dataset_s3_bucket_producer', 'dataset_alias_example_alias_producer' retrieved from /home/airflow/.local/lib/python3.12/site-packages/airflow/example_dags/example_dataset_alias.py
[2025-04-19T10:28:46.750+0000] {logging_mixin.py:190} INFO - [2025-04-19T10:28:46.749+0000] {dag.py:3239} INFO - Sync 4 DAGs
[2025-04-19T10:28:46.787+0000] {logging_mixin.py:190} INFO - [2025-04-19T10:28:46.786+0000] {dag.py:4180} INFO - Setting next_dagrun for dataset_alias_example_alias_consumer to None, run_after=None
[2025-04-19T10:28:46.793+0000] {logging_mixin.py:190} INFO - [2025-04-19T10:28:46.793+0000] {dag.py:4180} INFO - Setting next_dagrun for dataset_alias_example_alias_producer to None, run_after=None
[2025-04-19T10:28:46.796+0000] {logging_mixin.py:190} INFO - [2025-04-19T10:28:46.796+0000] {dag.py:4180} INFO - Setting next_dagrun for dataset_s3_bucket_consumer to None, run_after=None
[2025-04-19T10:28:46.799+0000] {logging_mixin.py:190} INFO - [2025-04-19T10:28:46.799+0000] {dag.py:4180} INFO - Setting next_dagrun for dataset_s3_bucket_producer to None, run_after=None
[2025-04-19T10:28:46.841+0000] {processor.py:208} INFO - Processing /home/airflow/.local/lib/python3.12/site-packages/airflow/example_dags/example_dataset_alias.py took 1.231 seconds
[2025-04-19T10:29:17.014+0000] {processor.py:186} INFO - Started process (PID=1360) to work on /home/airflow/.local/lib/python3.12/site-packages/airflow/example_dags/example_dataset_alias.py
[2025-04-19T10:29:17.016+0000] {processor.py:914} INFO - Processing file /home/airflow/.local/lib/python3.12/site-packages/airflow/example_dags/example_dataset_alias.py for tasks to queue
[2025-04-19T10:29:17.022+0000] {logging_mixin.py:190} INFO - [2025-04-19T10:29:17.021+0000] {dagbag.py:588} INFO - Filling up the DagBag from /home/airflow/.local/lib/python3.12/site-packages/airflow/example_dags/example_dataset_alias.py
[2025-04-19T10:29:18.000+0000] {processor.py:925} INFO - DAG(s) 'dataset_alias_example_alias_consumer', 'dataset_s3_bucket_producer', 'dataset_s3_bucket_consumer', 'dataset_alias_example_alias_producer' retrieved from /home/airflow/.local/lib/python3.12/site-packages/airflow/example_dags/example_dataset_alias.py
[2025-04-19T10:29:18.038+0000] {logging_mixin.py:190} INFO - [2025-04-19T10:29:18.037+0000] {dag.py:3239} INFO - Sync 4 DAGs
[2025-04-19T10:29:18.075+0000] {logging_mixin.py:190} INFO - [2025-04-19T10:29:18.074+0000] {dag.py:4180} INFO - Setting next_dagrun for dataset_alias_example_alias_consumer to None, run_after=None
[2025-04-19T10:29:18.087+0000] {logging_mixin.py:190} INFO - [2025-04-19T10:29:18.086+0000] {dag.py:4180} INFO - Setting next_dagrun for dataset_alias_example_alias_producer to None, run_after=None
[2025-04-19T10:29:18.093+0000] {logging_mixin.py:190} INFO - [2025-04-19T10:29:18.093+0000] {dag.py:4180} INFO - Setting next_dagrun for dataset_s3_bucket_consumer to None, run_after=None
[2025-04-19T10:29:18.099+0000] {logging_mixin.py:190} INFO - [2025-04-19T10:29:18.098+0000] {dag.py:4180} INFO - Setting next_dagrun for dataset_s3_bucket_producer to None, run_after=None
[2025-04-19T10:29:18.151+0000] {processor.py:208} INFO - Processing /home/airflow/.local/lib/python3.12/site-packages/airflow/example_dags/example_dataset_alias.py took 1.149 seconds
[2025-04-19T10:31:45.789+0000] {processor.py:186} INFO - Started process (PID=113) to work on /home/airflow/.local/lib/python3.12/site-packages/airflow/example_dags/example_dataset_alias.py
[2025-04-19T10:31:45.791+0000] {processor.py:914} INFO - Processing file /home/airflow/.local/lib/python3.12/site-packages/airflow/example_dags/example_dataset_alias.py for tasks to queue
[2025-04-19T10:31:45.797+0000] {logging_mixin.py:190} INFO - [2025-04-19T10:31:45.797+0000] {dagbag.py:588} INFO - Filling up the DagBag from /home/airflow/.local/lib/python3.12/site-packages/airflow/example_dags/example_dataset_alias.py
[2025-04-19T10:31:46.777+0000] {processor.py:925} INFO - DAG(s) 'dataset_alias_example_alias_consumer', 'dataset_s3_bucket_producer', 'dataset_s3_bucket_consumer', 'dataset_alias_example_alias_producer' retrieved from /home/airflow/.local/lib/python3.12/site-packages/airflow/example_dags/example_dataset_alias.py
[2025-04-19T10:31:46.822+0000] {logging_mixin.py:190} INFO - [2025-04-19T10:31:46.821+0000] {dag.py:3239} INFO - Sync 4 DAGs
[2025-04-19T10:31:46.876+0000] {logging_mixin.py:190} INFO - [2025-04-19T10:31:46.876+0000] {dag.py:4180} INFO - Setting next_dagrun for dataset_alias_example_alias_consumer to None, run_after=None
[2025-04-19T10:31:46.884+0000] {logging_mixin.py:190} INFO - [2025-04-19T10:31:46.883+0000] {dag.py:4180} INFO - Setting next_dagrun for dataset_alias_example_alias_producer to None, run_after=None
[2025-04-19T10:31:46.890+0000] {logging_mixin.py:190} INFO - [2025-04-19T10:31:46.889+0000] {dag.py:4180} INFO - Setting next_dagrun for dataset_s3_bucket_consumer to None, run_after=None
[2025-04-19T10:31:46.896+0000] {logging_mixin.py:190} INFO - [2025-04-19T10:31:46.895+0000] {dag.py:4180} INFO - Setting next_dagrun for dataset_s3_bucket_producer to None, run_after=None
[2025-04-19T10:31:46.963+0000] {processor.py:208} INFO - Processing /home/airflow/.local/lib/python3.12/site-packages/airflow/example_dags/example_dataset_alias.py took 1.185 seconds
[2025-04-19T10:32:18.261+0000] {processor.py:186} INFO - Started process (PID=177) to work on /home/airflow/.local/lib/python3.12/site-packages/airflow/example_dags/example_dataset_alias.py
[2025-04-19T10:32:18.263+0000] {processor.py:914} INFO - Processing file /home/airflow/.local/lib/python3.12/site-packages/airflow/example_dags/example_dataset_alias.py for tasks to queue
[2025-04-19T10:32:18.269+0000] {logging_mixin.py:190} INFO - [2025-04-19T10:32:18.269+0000] {dagbag.py:588} INFO - Filling up the DagBag from /home/airflow/.local/lib/python3.12/site-packages/airflow/example_dags/example_dataset_alias.py
[2025-04-19T10:32:19.291+0000] {processor.py:925} INFO - DAG(s) 'dataset_alias_example_alias_consumer', 'dataset_s3_bucket_producer', 'dataset_s3_bucket_consumer', 'dataset_alias_example_alias_producer' retrieved from /home/airflow/.local/lib/python3.12/site-packages/airflow/example_dags/example_dataset_alias.py
[2025-04-19T10:32:19.348+0000] {logging_mixin.py:190} INFO - [2025-04-19T10:32:19.347+0000] {dag.py:3239} INFO - Sync 4 DAGs
[2025-04-19T10:32:19.407+0000] {logging_mixin.py:190} INFO - [2025-04-19T10:32:19.406+0000] {dag.py:4180} INFO - Setting next_dagrun for dataset_alias_example_alias_consumer to None, run_after=None
[2025-04-19T10:32:19.419+0000] {logging_mixin.py:190} INFO - [2025-04-19T10:32:19.418+0000] {dag.py:4180} INFO - Setting next_dagrun for dataset_alias_example_alias_producer to None, run_after=None
[2025-04-19T10:32:19.426+0000] {logging_mixin.py:190} INFO - [2025-04-19T10:32:19.425+0000] {dag.py:4180} INFO - Setting next_dagrun for dataset_s3_bucket_consumer to None, run_after=None
[2025-04-19T10:32:19.435+0000] {logging_mixin.py:190} INFO - [2025-04-19T10:32:19.434+0000] {dag.py:4180} INFO - Setting next_dagrun for dataset_s3_bucket_producer to None, run_after=None
[2025-04-19T10:32:19.535+0000] {processor.py:208} INFO - Processing /home/airflow/.local/lib/python3.12/site-packages/airflow/example_dags/example_dataset_alias.py took 1.285 seconds
[2025-04-19T10:32:50.599+0000] {processor.py:186} INFO - Started process (PID=242) to work on /home/airflow/.local/lib/python3.12/site-packages/airflow/example_dags/example_dataset_alias.py
[2025-04-19T10:32:50.601+0000] {processor.py:914} INFO - Processing file /home/airflow/.local/lib/python3.12/site-packages/airflow/example_dags/example_dataset_alias.py for tasks to queue
[2025-04-19T10:32:50.606+0000] {logging_mixin.py:190} INFO - [2025-04-19T10:32:50.605+0000] {dagbag.py:588} INFO - Filling up the DagBag from /home/airflow/.local/lib/python3.12/site-packages/airflow/example_dags/example_dataset_alias.py
[2025-04-19T10:32:51.653+0000] {processor.py:925} INFO - DAG(s) 'dataset_s3_bucket_producer', 'dataset_alias_example_alias_consumer', 'dataset_alias_example_alias_producer', 'dataset_s3_bucket_consumer' retrieved from /home/airflow/.local/lib/python3.12/site-packages/airflow/example_dags/example_dataset_alias.py
[2025-04-19T10:32:51.730+0000] {logging_mixin.py:190} INFO - [2025-04-19T10:32:51.728+0000] {dag.py:3239} INFO - Sync 4 DAGs
[2025-04-19T10:32:51.785+0000] {logging_mixin.py:190} INFO - [2025-04-19T10:32:51.785+0000] {dag.py:4180} INFO - Setting next_dagrun for dataset_alias_example_alias_consumer to None, run_after=None
[2025-04-19T10:32:51.792+0000] {logging_mixin.py:190} INFO - [2025-04-19T10:32:51.791+0000] {dag.py:4180} INFO - Setting next_dagrun for dataset_alias_example_alias_producer to None, run_after=None
[2025-04-19T10:32:51.798+0000] {logging_mixin.py:190} INFO - [2025-04-19T10:32:51.797+0000] {dag.py:4180} INFO - Setting next_dagrun for dataset_s3_bucket_consumer to None, run_after=None
[2025-04-19T10:32:51.802+0000] {logging_mixin.py:190} INFO - [2025-04-19T10:32:51.802+0000] {dag.py:4180} INFO - Setting next_dagrun for dataset_s3_bucket_producer to None, run_after=None
[2025-04-19T10:32:51.880+0000] {processor.py:208} INFO - Processing /home/airflow/.local/lib/python3.12/site-packages/airflow/example_dags/example_dataset_alias.py took 1.290 seconds
[2025-04-19T10:33:22.029+0000] {processor.py:186} INFO - Started process (PID=304) to work on /home/airflow/.local/lib/python3.12/site-packages/airflow/example_dags/example_dataset_alias.py
[2025-04-19T10:33:22.031+0000] {processor.py:914} INFO - Processing file /home/airflow/.local/lib/python3.12/site-packages/airflow/example_dags/example_dataset_alias.py for tasks to queue
[2025-04-19T10:33:22.038+0000] {logging_mixin.py:190} INFO - [2025-04-19T10:33:22.037+0000] {dagbag.py:588} INFO - Filling up the DagBag from /home/airflow/.local/lib/python3.12/site-packages/airflow/example_dags/example_dataset_alias.py
[2025-04-19T10:33:23.006+0000] {processor.py:925} INFO - DAG(s) 'dataset_alias_example_alias_consumer', 'dataset_s3_bucket_producer', 'dataset_alias_example_alias_producer', 'dataset_s3_bucket_consumer' retrieved from /home/airflow/.local/lib/python3.12/site-packages/airflow/example_dags/example_dataset_alias.py
[2025-04-19T10:33:23.062+0000] {logging_mixin.py:190} INFO - [2025-04-19T10:33:23.061+0000] {dag.py:3239} INFO - Sync 4 DAGs
[2025-04-19T10:33:23.101+0000] {logging_mixin.py:190} INFO - [2025-04-19T10:33:23.100+0000] {dag.py:4180} INFO - Setting next_dagrun for dataset_alias_example_alias_consumer to None, run_after=None
[2025-04-19T10:33:23.108+0000] {logging_mixin.py:190} INFO - [2025-04-19T10:33:23.108+0000] {dag.py:4180} INFO - Setting next_dagrun for dataset_alias_example_alias_producer to None, run_after=None
[2025-04-19T10:33:23.113+0000] {logging_mixin.py:190} INFO - [2025-04-19T10:33:23.112+0000] {dag.py:4180} INFO - Setting next_dagrun for dataset_s3_bucket_consumer to None, run_after=None
[2025-04-19T10:33:23.116+0000] {logging_mixin.py:190} INFO - [2025-04-19T10:33:23.116+0000] {dag.py:4180} INFO - Setting next_dagrun for dataset_s3_bucket_producer to None, run_after=None
[2025-04-19T10:33:23.165+0000] {processor.py:208} INFO - Processing /home/airflow/.local/lib/python3.12/site-packages/airflow/example_dags/example_dataset_alias.py took 1.145 seconds
[2025-04-19T10:33:55.861+0000] {processor.py:186} INFO - Started process (PID=375) to work on /home/airflow/.local/lib/python3.12/site-packages/airflow/example_dags/example_dataset_alias.py
[2025-04-19T10:33:55.863+0000] {processor.py:914} INFO - Processing file /home/airflow/.local/lib/python3.12/site-packages/airflow/example_dags/example_dataset_alias.py for tasks to queue
[2025-04-19T10:33:55.868+0000] {logging_mixin.py:190} INFO - [2025-04-19T10:33:55.867+0000] {dagbag.py:588} INFO - Filling up the DagBag from /home/airflow/.local/lib/python3.12/site-packages/airflow/example_dags/example_dataset_alias.py
[2025-04-19T10:33:57.308+0000] {processor.py:925} INFO - DAG(s) 'dataset_alias_example_alias_producer', 'dataset_alias_example_alias_consumer', 'dataset_s3_bucket_producer', 'dataset_s3_bucket_consumer' retrieved from /home/airflow/.local/lib/python3.12/site-packages/airflow/example_dags/example_dataset_alias.py
[2025-04-19T10:33:57.359+0000] {logging_mixin.py:190} INFO - [2025-04-19T10:33:57.358+0000] {dag.py:3239} INFO - Sync 4 DAGs
[2025-04-19T10:33:57.400+0000] {logging_mixin.py:190} INFO - [2025-04-19T10:33:57.400+0000] {dag.py:4180} INFO - Setting next_dagrun for dataset_alias_example_alias_consumer to None, run_after=None
[2025-04-19T10:33:57.407+0000] {logging_mixin.py:190} INFO - [2025-04-19T10:33:57.407+0000] {dag.py:4180} INFO - Setting next_dagrun for dataset_alias_example_alias_producer to None, run_after=None
[2025-04-19T10:33:57.412+0000] {logging_mixin.py:190} INFO - [2025-04-19T10:33:57.411+0000] {dag.py:4180} INFO - Setting next_dagrun for dataset_s3_bucket_consumer to None, run_after=None
[2025-04-19T10:33:57.416+0000] {logging_mixin.py:190} INFO - [2025-04-19T10:33:57.415+0000] {dag.py:4180} INFO - Setting next_dagrun for dataset_s3_bucket_producer to None, run_after=None
[2025-04-19T10:33:57.467+0000] {processor.py:208} INFO - Processing /home/airflow/.local/lib/python3.12/site-packages/airflow/example_dags/example_dataset_alias.py took 1.616 seconds
