[2025-04-19T10:18:55.885+0000] {processor.py:186} INFO - Started process (PID=80) to work on /home/airflow/.local/lib/python3.12/site-packages/airflow/example_dags/example_xcom.py
[2025-04-19T10:18:55.895+0000] {processor.py:914} INFO - Processing file /home/airflow/.local/lib/python3.12/site-packages/airflow/example_dags/example_xcom.py for tasks to queue
[2025-04-19T10:18:55.912+0000] {logging_mixin.py:190} INFO - [2025-04-19T10:18:55.910+0000] {dagbag.py:588} INFO - Filling up the DagBag from /home/airflow/.local/lib/python3.12/site-packages/airflow/example_dags/example_xcom.py
[2025-04-19T10:18:56.004+0000] {processor.py:925} INFO - DAG(s) 'example_xcom' retrieved from /home/airflow/.local/lib/python3.12/site-packages/airflow/example_dags/example_xcom.py
[2025-04-19T10:18:56.431+0000] {logging_mixin.py:190} INFO - [2025-04-19T10:18:56.429+0000] {override.py:1912} INFO - Created Permission View: can delete on DAG:example_xcom
[2025-04-19T10:18:56.462+0000] {logging_mixin.py:190} INFO - [2025-04-19T10:18:56.461+0000] {override.py:1912} INFO - Created Permission View: can read on DAG:example_xcom
[2025-04-19T10:18:56.482+0000] {logging_mixin.py:190} INFO - [2025-04-19T10:18:56.481+0000] {override.py:1912} INFO - Created Permission View: can edit on DAG:example_xcom
[2025-04-19T10:18:56.504+0000] {logging_mixin.py:190} INFO - [2025-04-19T10:18:56.504+0000] {override.py:1912} INFO - Created Permission View: can delete on DAG Run:example_xcom
[2025-04-19T10:18:56.524+0000] {logging_mixin.py:190} INFO - [2025-04-19T10:18:56.523+0000] {override.py:1912} INFO - Created Permission View: can read on DAG Run:example_xcom
[2025-04-19T10:18:56.541+0000] {logging_mixin.py:190} INFO - [2025-04-19T10:18:56.541+0000] {override.py:1912} INFO - Created Permission View: menu access on DAG Run:example_xcom
[2025-04-19T10:18:56.558+0000] {logging_mixin.py:190} INFO - [2025-04-19T10:18:56.557+0000] {override.py:1912} INFO - Created Permission View: can create on DAG Run:example_xcom
[2025-04-19T10:18:56.559+0000] {logging_mixin.py:190} INFO - [2025-04-19T10:18:56.559+0000] {dag.py:3239} INFO - Sync 1 DAGs
[2025-04-19T10:18:56.603+0000] {logging_mixin.py:190} INFO - [2025-04-19T10:18:56.603+0000] {dag.py:3262} INFO - Creating ORM DAG for example_xcom
[2025-04-19T10:18:56.625+0000] {logging_mixin.py:190} INFO - [2025-04-19T10:18:56.624+0000] {dag.py:4180} INFO - Setting next_dagrun for example_xcom to 2021-01-01 00:00:00+00:00, run_after=2021-01-01 00:00:00+00:00
[2025-04-19T10:18:56.683+0000] {processor.py:208} INFO - Processing /home/airflow/.local/lib/python3.12/site-packages/airflow/example_dags/example_xcom.py took 0.833 seconds
[2025-04-19T10:19:27.003+0000] {processor.py:186} INFO - Started process (PID=143) to work on /home/airflow/.local/lib/python3.12/site-packages/airflow/example_dags/example_xcom.py
[2025-04-19T10:19:27.005+0000] {processor.py:914} INFO - Processing file /home/airflow/.local/lib/python3.12/site-packages/airflow/example_dags/example_xcom.py for tasks to queue
[2025-04-19T10:19:27.015+0000] {logging_mixin.py:190} INFO - [2025-04-19T10:19:27.014+0000] {dagbag.py:588} INFO - Filling up the DagBag from /home/airflow/.local/lib/python3.12/site-packages/airflow/example_dags/example_xcom.py
[2025-04-19T10:19:27.054+0000] {processor.py:925} INFO - DAG(s) 'example_xcom' retrieved from /home/airflow/.local/lib/python3.12/site-packages/airflow/example_dags/example_xcom.py
[2025-04-19T10:19:27.120+0000] {logging_mixin.py:190} INFO - [2025-04-19T10:19:27.120+0000] {dag.py:3239} INFO - Sync 1 DAGs
[2025-04-19T10:19:27.162+0000] {logging_mixin.py:190} INFO - [2025-04-19T10:19:27.161+0000] {dag.py:4180} INFO - Setting next_dagrun for example_xcom to 2021-01-01 00:00:00+00:00, run_after=2021-01-01 00:00:00+00:00
[2025-04-19T10:19:27.207+0000] {processor.py:208} INFO - Processing /home/airflow/.local/lib/python3.12/site-packages/airflow/example_dags/example_xcom.py took 0.224 seconds
[2025-04-19T10:19:57.527+0000] {processor.py:186} INFO - Started process (PID=206) to work on /home/airflow/.local/lib/python3.12/site-packages/airflow/example_dags/example_xcom.py
[2025-04-19T10:19:57.529+0000] {processor.py:914} INFO - Processing file /home/airflow/.local/lib/python3.12/site-packages/airflow/example_dags/example_xcom.py for tasks to queue
[2025-04-19T10:19:57.533+0000] {logging_mixin.py:190} INFO - [2025-04-19T10:19:57.532+0000] {dagbag.py:588} INFO - Filling up the DagBag from /home/airflow/.local/lib/python3.12/site-packages/airflow/example_dags/example_xcom.py
[2025-04-19T10:19:57.547+0000] {processor.py:925} INFO - DAG(s) 'example_xcom' retrieved from /home/airflow/.local/lib/python3.12/site-packages/airflow/example_dags/example_xcom.py
[2025-04-19T10:19:57.587+0000] {logging_mixin.py:190} INFO - [2025-04-19T10:19:57.586+0000] {dag.py:3239} INFO - Sync 1 DAGs
[2025-04-19T10:19:57.628+0000] {logging_mixin.py:190} INFO - [2025-04-19T10:19:57.627+0000] {dag.py:4180} INFO - Setting next_dagrun for example_xcom to 2021-01-01 00:00:00+00:00, run_after=2021-01-01 00:00:00+00:00
[2025-04-19T10:19:57.666+0000] {processor.py:208} INFO - Processing /home/airflow/.local/lib/python3.12/site-packages/airflow/example_dags/example_xcom.py took 0.151 seconds
[2025-04-19T10:20:27.877+0000] {processor.py:186} INFO - Started process (PID=269) to work on /home/airflow/.local/lib/python3.12/site-packages/airflow/example_dags/example_xcom.py
[2025-04-19T10:20:27.878+0000] {processor.py:914} INFO - Processing file /home/airflow/.local/lib/python3.12/site-packages/airflow/example_dags/example_xcom.py for tasks to queue
[2025-04-19T10:20:27.884+0000] {logging_mixin.py:190} INFO - [2025-04-19T10:20:27.883+0000] {dagbag.py:588} INFO - Filling up the DagBag from /home/airflow/.local/lib/python3.12/site-packages/airflow/example_dags/example_xcom.py
[2025-04-19T10:20:27.904+0000] {processor.py:925} INFO - DAG(s) 'example_xcom' retrieved from /home/airflow/.local/lib/python3.12/site-packages/airflow/example_dags/example_xcom.py
[2025-04-19T10:20:27.943+0000] {logging_mixin.py:190} INFO - [2025-04-19T10:20:27.942+0000] {dag.py:3239} INFO - Sync 1 DAGs
[2025-04-19T10:20:27.991+0000] {logging_mixin.py:190} INFO - [2025-04-19T10:20:27.990+0000] {dag.py:4180} INFO - Setting next_dagrun for example_xcom to 2021-01-01 00:00:00+00:00, run_after=2021-01-01 00:00:00+00:00
[2025-04-19T10:20:28.033+0000] {processor.py:208} INFO - Processing /home/airflow/.local/lib/python3.12/site-packages/airflow/example_dags/example_xcom.py took 0.166 seconds
[2025-04-19T10:20:58.662+0000] {processor.py:186} INFO - Started process (PID=332) to work on /home/airflow/.local/lib/python3.12/site-packages/airflow/example_dags/example_xcom.py
[2025-04-19T10:20:58.665+0000] {processor.py:914} INFO - Processing file /home/airflow/.local/lib/python3.12/site-packages/airflow/example_dags/example_xcom.py for tasks to queue
[2025-04-19T10:20:58.674+0000] {logging_mixin.py:190} INFO - [2025-04-19T10:20:58.673+0000] {dagbag.py:588} INFO - Filling up the DagBag from /home/airflow/.local/lib/python3.12/site-packages/airflow/example_dags/example_xcom.py
[2025-04-19T10:20:58.697+0000] {processor.py:925} INFO - DAG(s) 'example_xcom' retrieved from /home/airflow/.local/lib/python3.12/site-packages/airflow/example_dags/example_xcom.py
[2025-04-19T10:20:58.746+0000] {logging_mixin.py:190} INFO - [2025-04-19T10:20:58.745+0000] {dag.py:3239} INFO - Sync 1 DAGs
[2025-04-19T10:20:58.822+0000] {logging_mixin.py:190} INFO - [2025-04-19T10:20:58.820+0000] {dag.py:4180} INFO - Setting next_dagrun for example_xcom to 2021-01-01 00:00:00+00:00, run_after=2021-01-01 00:00:00+00:00
[2025-04-19T10:20:58.885+0000] {processor.py:208} INFO - Processing /home/airflow/.local/lib/python3.12/site-packages/airflow/example_dags/example_xcom.py took 0.239 seconds
[2025-04-19T10:21:29.455+0000] {processor.py:186} INFO - Started process (PID=395) to work on /home/airflow/.local/lib/python3.12/site-packages/airflow/example_dags/example_xcom.py
[2025-04-19T10:21:29.457+0000] {processor.py:914} INFO - Processing file /home/airflow/.local/lib/python3.12/site-packages/airflow/example_dags/example_xcom.py for tasks to queue
[2025-04-19T10:21:29.462+0000] {logging_mixin.py:190} INFO - [2025-04-19T10:21:29.461+0000] {dagbag.py:588} INFO - Filling up the DagBag from /home/airflow/.local/lib/python3.12/site-packages/airflow/example_dags/example_xcom.py
[2025-04-19T10:21:29.482+0000] {processor.py:925} INFO - DAG(s) 'example_xcom' retrieved from /home/airflow/.local/lib/python3.12/site-packages/airflow/example_dags/example_xcom.py
[2025-04-19T10:21:29.530+0000] {logging_mixin.py:190} INFO - [2025-04-19T10:21:29.529+0000] {dag.py:3239} INFO - Sync 1 DAGs
[2025-04-19T10:21:29.566+0000] {logging_mixin.py:190} INFO - [2025-04-19T10:21:29.566+0000] {dag.py:4180} INFO - Setting next_dagrun for example_xcom to 2021-01-01 00:00:00+00:00, run_after=2021-01-01 00:00:00+00:00
[2025-04-19T10:21:29.602+0000] {processor.py:208} INFO - Processing /home/airflow/.local/lib/python3.12/site-packages/airflow/example_dags/example_xcom.py took 0.160 seconds
[2025-04-19T10:22:00.215+0000] {processor.py:186} INFO - Started process (PID=458) to work on /home/airflow/.local/lib/python3.12/site-packages/airflow/example_dags/example_xcom.py
[2025-04-19T10:22:00.217+0000] {processor.py:914} INFO - Processing file /home/airflow/.local/lib/python3.12/site-packages/airflow/example_dags/example_xcom.py for tasks to queue
[2025-04-19T10:22:00.221+0000] {logging_mixin.py:190} INFO - [2025-04-19T10:22:00.221+0000] {dagbag.py:588} INFO - Filling up the DagBag from /home/airflow/.local/lib/python3.12/site-packages/airflow/example_dags/example_xcom.py
[2025-04-19T10:22:00.237+0000] {processor.py:925} INFO - DAG(s) 'example_xcom' retrieved from /home/airflow/.local/lib/python3.12/site-packages/airflow/example_dags/example_xcom.py
[2025-04-19T10:22:00.282+0000] {logging_mixin.py:190} INFO - [2025-04-19T10:22:00.282+0000] {dag.py:3239} INFO - Sync 1 DAGs
[2025-04-19T10:22:00.325+0000] {logging_mixin.py:190} INFO - [2025-04-19T10:22:00.324+0000] {dag.py:4180} INFO - Setting next_dagrun for example_xcom to 2021-01-01 00:00:00+00:00, run_after=2021-01-01 00:00:00+00:00
[2025-04-19T10:22:00.365+0000] {processor.py:208} INFO - Processing /home/airflow/.local/lib/python3.12/site-packages/airflow/example_dags/example_xcom.py took 0.160 seconds
[2025-04-19T10:22:30.623+0000] {processor.py:186} INFO - Started process (PID=520) to work on /home/airflow/.local/lib/python3.12/site-packages/airflow/example_dags/example_xcom.py
[2025-04-19T10:22:30.626+0000] {processor.py:914} INFO - Processing file /home/airflow/.local/lib/python3.12/site-packages/airflow/example_dags/example_xcom.py for tasks to queue
[2025-04-19T10:22:30.633+0000] {logging_mixin.py:190} INFO - [2025-04-19T10:22:30.631+0000] {dagbag.py:588} INFO - Filling up the DagBag from /home/airflow/.local/lib/python3.12/site-packages/airflow/example_dags/example_xcom.py
[2025-04-19T10:22:30.657+0000] {processor.py:925} INFO - DAG(s) 'example_xcom' retrieved from /home/airflow/.local/lib/python3.12/site-packages/airflow/example_dags/example_xcom.py
[2025-04-19T10:22:30.706+0000] {logging_mixin.py:190} INFO - [2025-04-19T10:22:30.706+0000] {dag.py:3239} INFO - Sync 1 DAGs
[2025-04-19T10:22:30.750+0000] {logging_mixin.py:190} INFO - [2025-04-19T10:22:30.749+0000] {dag.py:4180} INFO - Setting next_dagrun for example_xcom to 2021-01-01 00:00:00+00:00, run_after=2021-01-01 00:00:00+00:00
[2025-04-19T10:22:30.796+0000] {processor.py:208} INFO - Processing /home/airflow/.local/lib/python3.12/site-packages/airflow/example_dags/example_xcom.py took 0.189 seconds
[2025-04-19T10:23:00.944+0000] {processor.py:186} INFO - Started process (PID=582) to work on /home/airflow/.local/lib/python3.12/site-packages/airflow/example_dags/example_xcom.py
[2025-04-19T10:23:00.946+0000] {processor.py:914} INFO - Processing file /home/airflow/.local/lib/python3.12/site-packages/airflow/example_dags/example_xcom.py for tasks to queue
[2025-04-19T10:23:00.951+0000] {logging_mixin.py:190} INFO - [2025-04-19T10:23:00.951+0000] {dagbag.py:588} INFO - Filling up the DagBag from /home/airflow/.local/lib/python3.12/site-packages/airflow/example_dags/example_xcom.py
[2025-04-19T10:23:00.968+0000] {processor.py:925} INFO - DAG(s) 'example_xcom' retrieved from /home/airflow/.local/lib/python3.12/site-packages/airflow/example_dags/example_xcom.py
[2025-04-19T10:23:01.007+0000] {logging_mixin.py:190} INFO - [2025-04-19T10:23:01.007+0000] {dag.py:3239} INFO - Sync 1 DAGs
[2025-04-19T10:23:01.045+0000] {logging_mixin.py:190} INFO - [2025-04-19T10:23:01.044+0000] {dag.py:4180} INFO - Setting next_dagrun for example_xcom to 2021-01-01 00:00:00+00:00, run_after=2021-01-01 00:00:00+00:00
[2025-04-19T10:23:01.080+0000] {processor.py:208} INFO - Processing /home/airflow/.local/lib/python3.12/site-packages/airflow/example_dags/example_xcom.py took 0.148 seconds
[2025-04-19T10:23:31.775+0000] {processor.py:186} INFO - Started process (PID=645) to work on /home/airflow/.local/lib/python3.12/site-packages/airflow/example_dags/example_xcom.py
[2025-04-19T10:23:31.779+0000] {processor.py:914} INFO - Processing file /home/airflow/.local/lib/python3.12/site-packages/airflow/example_dags/example_xcom.py for tasks to queue
[2025-04-19T10:23:31.811+0000] {logging_mixin.py:190} INFO - [2025-04-19T10:23:31.810+0000] {dagbag.py:588} INFO - Filling up the DagBag from /home/airflow/.local/lib/python3.12/site-packages/airflow/example_dags/example_xcom.py
[2025-04-19T10:23:31.834+0000] {processor.py:925} INFO - DAG(s) 'example_xcom' retrieved from /home/airflow/.local/lib/python3.12/site-packages/airflow/example_dags/example_xcom.py
[2025-04-19T10:23:31.886+0000] {logging_mixin.py:190} INFO - [2025-04-19T10:23:31.884+0000] {dag.py:3239} INFO - Sync 1 DAGs
[2025-04-19T10:23:31.947+0000] {logging_mixin.py:190} INFO - [2025-04-19T10:23:31.946+0000] {dag.py:4180} INFO - Setting next_dagrun for example_xcom to 2021-01-01 00:00:00+00:00, run_after=2021-01-01 00:00:00+00:00
[2025-04-19T10:23:32.011+0000] {processor.py:208} INFO - Processing /home/airflow/.local/lib/python3.12/site-packages/airflow/example_dags/example_xcom.py took 0.255 seconds
[2025-04-19T10:24:03.075+0000] {processor.py:186} INFO - Started process (PID=709) to work on /home/airflow/.local/lib/python3.12/site-packages/airflow/example_dags/example_xcom.py
[2025-04-19T10:24:03.078+0000] {processor.py:914} INFO - Processing file /home/airflow/.local/lib/python3.12/site-packages/airflow/example_dags/example_xcom.py for tasks to queue
[2025-04-19T10:24:03.084+0000] {logging_mixin.py:190} INFO - [2025-04-19T10:24:03.083+0000] {dagbag.py:588} INFO - Filling up the DagBag from /home/airflow/.local/lib/python3.12/site-packages/airflow/example_dags/example_xcom.py
[2025-04-19T10:24:03.105+0000] {processor.py:925} INFO - DAG(s) 'example_xcom' retrieved from /home/airflow/.local/lib/python3.12/site-packages/airflow/example_dags/example_xcom.py
[2025-04-19T10:24:03.161+0000] {logging_mixin.py:190} INFO - [2025-04-19T10:24:03.159+0000] {dag.py:3239} INFO - Sync 1 DAGs
[2025-04-19T10:24:03.228+0000] {logging_mixin.py:190} INFO - [2025-04-19T10:24:03.227+0000] {dag.py:4180} INFO - Setting next_dagrun for example_xcom to 2021-01-01 00:00:00+00:00, run_after=2021-01-01 00:00:00+00:00
[2025-04-19T10:24:03.283+0000] {processor.py:208} INFO - Processing /home/airflow/.local/lib/python3.12/site-packages/airflow/example_dags/example_xcom.py took 0.221 seconds
[2025-04-19T10:24:33.689+0000] {processor.py:186} INFO - Started process (PID=771) to work on /home/airflow/.local/lib/python3.12/site-packages/airflow/example_dags/example_xcom.py
[2025-04-19T10:24:33.692+0000] {processor.py:914} INFO - Processing file /home/airflow/.local/lib/python3.12/site-packages/airflow/example_dags/example_xcom.py for tasks to queue
[2025-04-19T10:24:33.698+0000] {logging_mixin.py:190} INFO - [2025-04-19T10:24:33.698+0000] {dagbag.py:588} INFO - Filling up the DagBag from /home/airflow/.local/lib/python3.12/site-packages/airflow/example_dags/example_xcom.py
[2025-04-19T10:24:33.720+0000] {processor.py:925} INFO - DAG(s) 'example_xcom' retrieved from /home/airflow/.local/lib/python3.12/site-packages/airflow/example_dags/example_xcom.py
[2025-04-19T10:24:33.768+0000] {logging_mixin.py:190} INFO - [2025-04-19T10:24:33.768+0000] {dag.py:3239} INFO - Sync 1 DAGs
[2025-04-19T10:24:33.818+0000] {logging_mixin.py:190} INFO - [2025-04-19T10:24:33.818+0000] {dag.py:4180} INFO - Setting next_dagrun for example_xcom to 2021-01-01 00:00:00+00:00, run_after=2021-01-01 00:00:00+00:00
[2025-04-19T10:24:33.865+0000] {processor.py:208} INFO - Processing /home/airflow/.local/lib/python3.12/site-packages/airflow/example_dags/example_xcom.py took 0.191 seconds
[2025-04-19T10:25:03.977+0000] {processor.py:186} INFO - Started process (PID=835) to work on /home/airflow/.local/lib/python3.12/site-packages/airflow/example_dags/example_xcom.py
[2025-04-19T10:25:03.980+0000] {processor.py:914} INFO - Processing file /home/airflow/.local/lib/python3.12/site-packages/airflow/example_dags/example_xcom.py for tasks to queue
[2025-04-19T10:25:03.989+0000] {logging_mixin.py:190} INFO - [2025-04-19T10:25:03.988+0000] {dagbag.py:588} INFO - Filling up the DagBag from /home/airflow/.local/lib/python3.12/site-packages/airflow/example_dags/example_xcom.py
[2025-04-19T10:25:04.022+0000] {processor.py:925} INFO - DAG(s) 'example_xcom' retrieved from /home/airflow/.local/lib/python3.12/site-packages/airflow/example_dags/example_xcom.py
[2025-04-19T10:25:04.107+0000] {logging_mixin.py:190} INFO - [2025-04-19T10:25:04.107+0000] {dag.py:3239} INFO - Sync 1 DAGs
[2025-04-19T10:25:04.191+0000] {logging_mixin.py:190} INFO - [2025-04-19T10:25:04.190+0000] {dag.py:4180} INFO - Setting next_dagrun for example_xcom to 2021-01-01 00:00:00+00:00, run_after=2021-01-01 00:00:00+00:00
[2025-04-19T10:25:04.245+0000] {processor.py:208} INFO - Processing /home/airflow/.local/lib/python3.12/site-packages/airflow/example_dags/example_xcom.py took 0.279 seconds
[2025-04-19T10:25:34.826+0000] {processor.py:186} INFO - Started process (PID=898) to work on /home/airflow/.local/lib/python3.12/site-packages/airflow/example_dags/example_xcom.py
[2025-04-19T10:25:34.828+0000] {processor.py:914} INFO - Processing file /home/airflow/.local/lib/python3.12/site-packages/airflow/example_dags/example_xcom.py for tasks to queue
[2025-04-19T10:25:34.838+0000] {logging_mixin.py:190} INFO - [2025-04-19T10:25:34.837+0000] {dagbag.py:588} INFO - Filling up the DagBag from /home/airflow/.local/lib/python3.12/site-packages/airflow/example_dags/example_xcom.py
[2025-04-19T10:25:34.864+0000] {processor.py:925} INFO - DAG(s) 'example_xcom' retrieved from /home/airflow/.local/lib/python3.12/site-packages/airflow/example_dags/example_xcom.py
[2025-04-19T10:25:34.911+0000] {logging_mixin.py:190} INFO - [2025-04-19T10:25:34.910+0000] {dag.py:3239} INFO - Sync 1 DAGs
[2025-04-19T10:25:34.964+0000] {logging_mixin.py:190} INFO - [2025-04-19T10:25:34.963+0000] {dag.py:4180} INFO - Setting next_dagrun for example_xcom to 2021-01-01 00:00:00+00:00, run_after=2021-01-01 00:00:00+00:00
[2025-04-19T10:25:35.007+0000] {processor.py:208} INFO - Processing /home/airflow/.local/lib/python3.12/site-packages/airflow/example_dags/example_xcom.py took 0.194 seconds
[2025-04-19T10:26:05.386+0000] {processor.py:186} INFO - Started process (PID=960) to work on /home/airflow/.local/lib/python3.12/site-packages/airflow/example_dags/example_xcom.py
[2025-04-19T10:26:05.390+0000] {processor.py:914} INFO - Processing file /home/airflow/.local/lib/python3.12/site-packages/airflow/example_dags/example_xcom.py for tasks to queue
[2025-04-19T10:26:05.397+0000] {logging_mixin.py:190} INFO - [2025-04-19T10:26:05.396+0000] {dagbag.py:588} INFO - Filling up the DagBag from /home/airflow/.local/lib/python3.12/site-packages/airflow/example_dags/example_xcom.py
[2025-04-19T10:26:05.421+0000] {processor.py:925} INFO - DAG(s) 'example_xcom' retrieved from /home/airflow/.local/lib/python3.12/site-packages/airflow/example_dags/example_xcom.py
[2025-04-19T10:26:05.488+0000] {logging_mixin.py:190} INFO - [2025-04-19T10:26:05.487+0000] {dag.py:3239} INFO - Sync 1 DAGs
[2025-04-19T10:26:05.584+0000] {logging_mixin.py:190} INFO - [2025-04-19T10:26:05.583+0000] {dag.py:4180} INFO - Setting next_dagrun for example_xcom to 2021-01-01 00:00:00+00:00, run_after=2021-01-01 00:00:00+00:00
[2025-04-19T10:26:05.713+0000] {processor.py:208} INFO - Processing /home/airflow/.local/lib/python3.12/site-packages/airflow/example_dags/example_xcom.py took 0.342 seconds
[2025-04-19T10:26:36.780+0000] {processor.py:186} INFO - Started process (PID=1027) to work on /home/airflow/.local/lib/python3.12/site-packages/airflow/example_dags/example_xcom.py
[2025-04-19T10:26:36.784+0000] {processor.py:914} INFO - Processing file /home/airflow/.local/lib/python3.12/site-packages/airflow/example_dags/example_xcom.py for tasks to queue
[2025-04-19T10:26:36.793+0000] {logging_mixin.py:190} INFO - [2025-04-19T10:26:36.792+0000] {dagbag.py:588} INFO - Filling up the DagBag from /home/airflow/.local/lib/python3.12/site-packages/airflow/example_dags/example_xcom.py
[2025-04-19T10:26:36.820+0000] {processor.py:925} INFO - DAG(s) 'example_xcom' retrieved from /home/airflow/.local/lib/python3.12/site-packages/airflow/example_dags/example_xcom.py
[2025-04-19T10:26:36.869+0000] {logging_mixin.py:190} INFO - [2025-04-19T10:26:36.868+0000] {dag.py:3239} INFO - Sync 1 DAGs
[2025-04-19T10:26:36.926+0000] {logging_mixin.py:190} INFO - [2025-04-19T10:26:36.925+0000] {dag.py:4180} INFO - Setting next_dagrun for example_xcom to 2021-01-01 00:00:00+00:00, run_after=2021-01-01 00:00:00+00:00
[2025-04-19T10:26:36.966+0000] {processor.py:208} INFO - Processing /home/airflow/.local/lib/python3.12/site-packages/airflow/example_dags/example_xcom.py took 0.203 seconds
[2025-04-19T10:27:07.908+0000] {processor.py:186} INFO - Started process (PID=1092) to work on /home/airflow/.local/lib/python3.12/site-packages/airflow/example_dags/example_xcom.py
[2025-04-19T10:27:07.911+0000] {processor.py:914} INFO - Processing file /home/airflow/.local/lib/python3.12/site-packages/airflow/example_dags/example_xcom.py for tasks to queue
[2025-04-19T10:27:07.916+0000] {logging_mixin.py:190} INFO - [2025-04-19T10:27:07.915+0000] {dagbag.py:588} INFO - Filling up the DagBag from /home/airflow/.local/lib/python3.12/site-packages/airflow/example_dags/example_xcom.py
[2025-04-19T10:27:07.934+0000] {processor.py:925} INFO - DAG(s) 'example_xcom' retrieved from /home/airflow/.local/lib/python3.12/site-packages/airflow/example_dags/example_xcom.py
[2025-04-19T10:27:07.998+0000] {logging_mixin.py:190} INFO - [2025-04-19T10:27:07.997+0000] {dag.py:3239} INFO - Sync 1 DAGs
[2025-04-19T10:27:08.049+0000] {logging_mixin.py:190} INFO - [2025-04-19T10:27:08.048+0000] {dag.py:4180} INFO - Setting next_dagrun for example_xcom to 2021-01-01 00:00:00+00:00, run_after=2021-01-01 00:00:00+00:00
[2025-04-19T10:27:08.088+0000] {processor.py:208} INFO - Processing /home/airflow/.local/lib/python3.12/site-packages/airflow/example_dags/example_xcom.py took 0.194 seconds
[2025-04-19T10:27:39.543+0000] {processor.py:186} INFO - Started process (PID=1152) to work on /home/airflow/.local/lib/python3.12/site-packages/airflow/example_dags/example_xcom.py
[2025-04-19T10:27:39.547+0000] {processor.py:914} INFO - Processing file /home/airflow/.local/lib/python3.12/site-packages/airflow/example_dags/example_xcom.py for tasks to queue
[2025-04-19T10:27:39.556+0000] {logging_mixin.py:190} INFO - [2025-04-19T10:27:39.554+0000] {dagbag.py:588} INFO - Filling up the DagBag from /home/airflow/.local/lib/python3.12/site-packages/airflow/example_dags/example_xcom.py
[2025-04-19T10:27:39.588+0000] {processor.py:925} INFO - DAG(s) 'example_xcom' retrieved from /home/airflow/.local/lib/python3.12/site-packages/airflow/example_dags/example_xcom.py
[2025-04-19T10:27:39.658+0000] {logging_mixin.py:190} INFO - [2025-04-19T10:27:39.657+0000] {dag.py:3239} INFO - Sync 1 DAGs
[2025-04-19T10:27:39.725+0000] {logging_mixin.py:190} INFO - [2025-04-19T10:27:39.725+0000] {dag.py:4180} INFO - Setting next_dagrun for example_xcom to 2021-01-01 00:00:00+00:00, run_after=2021-01-01 00:00:00+00:00
[2025-04-19T10:27:39.797+0000] {processor.py:208} INFO - Processing /home/airflow/.local/lib/python3.12/site-packages/airflow/example_dags/example_xcom.py took 0.273 seconds
[2025-04-19T10:28:11.453+0000] {processor.py:186} INFO - Started process (PID=1215) to work on /home/airflow/.local/lib/python3.12/site-packages/airflow/example_dags/example_xcom.py
[2025-04-19T10:28:11.457+0000] {processor.py:914} INFO - Processing file /home/airflow/.local/lib/python3.12/site-packages/airflow/example_dags/example_xcom.py for tasks to queue
[2025-04-19T10:28:11.465+0000] {logging_mixin.py:190} INFO - [2025-04-19T10:28:11.464+0000] {dagbag.py:588} INFO - Filling up the DagBag from /home/airflow/.local/lib/python3.12/site-packages/airflow/example_dags/example_xcom.py
[2025-04-19T10:28:11.498+0000] {processor.py:925} INFO - DAG(s) 'example_xcom' retrieved from /home/airflow/.local/lib/python3.12/site-packages/airflow/example_dags/example_xcom.py
[2025-04-19T10:28:11.546+0000] {logging_mixin.py:190} INFO - [2025-04-19T10:28:11.546+0000] {dag.py:3239} INFO - Sync 1 DAGs
[2025-04-19T10:28:11.609+0000] {logging_mixin.py:190} INFO - [2025-04-19T10:28:11.608+0000] {dag.py:4180} INFO - Setting next_dagrun for example_xcom to 2021-01-01 00:00:00+00:00, run_after=2021-01-01 00:00:00+00:00
[2025-04-19T10:28:11.640+0000] {processor.py:208} INFO - Processing /home/airflow/.local/lib/python3.12/site-packages/airflow/example_dags/example_xcom.py took 0.204 seconds
[2025-04-19T10:28:41.896+0000] {processor.py:186} INFO - Started process (PID=1272) to work on /home/airflow/.local/lib/python3.12/site-packages/airflow/example_dags/example_xcom.py
[2025-04-19T10:28:41.898+0000] {processor.py:914} INFO - Processing file /home/airflow/.local/lib/python3.12/site-packages/airflow/example_dags/example_xcom.py for tasks to queue
[2025-04-19T10:28:41.904+0000] {logging_mixin.py:190} INFO - [2025-04-19T10:28:41.903+0000] {dagbag.py:588} INFO - Filling up the DagBag from /home/airflow/.local/lib/python3.12/site-packages/airflow/example_dags/example_xcom.py
[2025-04-19T10:28:41.917+0000] {processor.py:925} INFO - DAG(s) 'example_xcom' retrieved from /home/airflow/.local/lib/python3.12/site-packages/airflow/example_dags/example_xcom.py
[2025-04-19T10:28:41.951+0000] {logging_mixin.py:190} INFO - [2025-04-19T10:28:41.951+0000] {dag.py:3239} INFO - Sync 1 DAGs
[2025-04-19T10:28:41.989+0000] {logging_mixin.py:190} INFO - [2025-04-19T10:28:41.988+0000] {dag.py:4180} INFO - Setting next_dagrun for example_xcom to 2021-01-01 00:00:00+00:00, run_after=2021-01-01 00:00:00+00:00
[2025-04-19T10:28:42.029+0000] {processor.py:208} INFO - Processing /home/airflow/.local/lib/python3.12/site-packages/airflow/example_dags/example_xcom.py took 0.141 seconds
[2025-04-19T10:29:12.618+0000] {processor.py:186} INFO - Started process (PID=1332) to work on /home/airflow/.local/lib/python3.12/site-packages/airflow/example_dags/example_xcom.py
[2025-04-19T10:29:12.623+0000] {processor.py:914} INFO - Processing file /home/airflow/.local/lib/python3.12/site-packages/airflow/example_dags/example_xcom.py for tasks to queue
[2025-04-19T10:29:12.632+0000] {logging_mixin.py:190} INFO - [2025-04-19T10:29:12.631+0000] {dagbag.py:588} INFO - Filling up the DagBag from /home/airflow/.local/lib/python3.12/site-packages/airflow/example_dags/example_xcom.py
[2025-04-19T10:29:12.647+0000] {processor.py:925} INFO - DAG(s) 'example_xcom' retrieved from /home/airflow/.local/lib/python3.12/site-packages/airflow/example_dags/example_xcom.py
[2025-04-19T10:29:12.690+0000] {logging_mixin.py:190} INFO - [2025-04-19T10:29:12.689+0000] {dag.py:3239} INFO - Sync 1 DAGs
[2025-04-19T10:29:12.752+0000] {logging_mixin.py:190} INFO - [2025-04-19T10:29:12.751+0000] {dag.py:4180} INFO - Setting next_dagrun for example_xcom to 2021-01-01 00:00:00+00:00, run_after=2021-01-01 00:00:00+00:00
[2025-04-19T10:29:12.791+0000] {processor.py:208} INFO - Processing /home/airflow/.local/lib/python3.12/site-packages/airflow/example_dags/example_xcom.py took 0.202 seconds
[2025-04-19T10:31:38.945+0000] {processor.py:186} INFO - Started process (PID=79) to work on /home/airflow/.local/lib/python3.12/site-packages/airflow/example_dags/example_xcom.py
[2025-04-19T10:31:38.949+0000] {processor.py:914} INFO - Processing file /home/airflow/.local/lib/python3.12/site-packages/airflow/example_dags/example_xcom.py for tasks to queue
[2025-04-19T10:31:38.956+0000] {logging_mixin.py:190} INFO - [2025-04-19T10:31:38.955+0000] {dagbag.py:588} INFO - Filling up the DagBag from /home/airflow/.local/lib/python3.12/site-packages/airflow/example_dags/example_xcom.py
[2025-04-19T10:31:38.987+0000] {processor.py:925} INFO - DAG(s) 'example_xcom' retrieved from /home/airflow/.local/lib/python3.12/site-packages/airflow/example_dags/example_xcom.py
[2025-04-19T10:31:39.064+0000] {logging_mixin.py:190} INFO - [2025-04-19T10:31:39.063+0000] {dag.py:3239} INFO - Sync 1 DAGs
[2025-04-19T10:31:39.147+0000] {logging_mixin.py:190} INFO - [2025-04-19T10:31:39.146+0000] {dag.py:4180} INFO - Setting next_dagrun for example_xcom to 2021-01-01 00:00:00+00:00, run_after=2021-01-01 00:00:00+00:00
[2025-04-19T10:31:39.211+0000] {processor.py:208} INFO - Processing /home/airflow/.local/lib/python3.12/site-packages/airflow/example_dags/example_xcom.py took 0.279 seconds
[2025-04-19T10:32:09.697+0000] {processor.py:186} INFO - Started process (PID=142) to work on /home/airflow/.local/lib/python3.12/site-packages/airflow/example_dags/example_xcom.py
[2025-04-19T10:32:09.700+0000] {processor.py:914} INFO - Processing file /home/airflow/.local/lib/python3.12/site-packages/airflow/example_dags/example_xcom.py for tasks to queue
[2025-04-19T10:32:09.705+0000] {logging_mixin.py:190} INFO - [2025-04-19T10:32:09.705+0000] {dagbag.py:588} INFO - Filling up the DagBag from /home/airflow/.local/lib/python3.12/site-packages/airflow/example_dags/example_xcom.py
[2025-04-19T10:32:09.721+0000] {processor.py:925} INFO - DAG(s) 'example_xcom' retrieved from /home/airflow/.local/lib/python3.12/site-packages/airflow/example_dags/example_xcom.py
[2025-04-19T10:32:09.755+0000] {logging_mixin.py:190} INFO - [2025-04-19T10:32:09.754+0000] {dag.py:3239} INFO - Sync 1 DAGs
[2025-04-19T10:32:09.793+0000] {logging_mixin.py:190} INFO - [2025-04-19T10:32:09.792+0000] {dag.py:4180} INFO - Setting next_dagrun for example_xcom to 2021-01-01 00:00:00+00:00, run_after=2021-01-01 00:00:00+00:00
[2025-04-19T10:32:09.828+0000] {processor.py:208} INFO - Processing /home/airflow/.local/lib/python3.12/site-packages/airflow/example_dags/example_xcom.py took 0.143 seconds
[2025-04-19T10:32:40.125+0000] {processor.py:186} INFO - Started process (PID=206) to work on /home/airflow/.local/lib/python3.12/site-packages/airflow/example_dags/example_xcom.py
[2025-04-19T10:32:40.128+0000] {processor.py:914} INFO - Processing file /home/airflow/.local/lib/python3.12/site-packages/airflow/example_dags/example_xcom.py for tasks to queue
[2025-04-19T10:32:40.133+0000] {logging_mixin.py:190} INFO - [2025-04-19T10:32:40.132+0000] {dagbag.py:588} INFO - Filling up the DagBag from /home/airflow/.local/lib/python3.12/site-packages/airflow/example_dags/example_xcom.py
[2025-04-19T10:32:40.153+0000] {processor.py:925} INFO - DAG(s) 'example_xcom' retrieved from /home/airflow/.local/lib/python3.12/site-packages/airflow/example_dags/example_xcom.py
[2025-04-19T10:32:40.191+0000] {logging_mixin.py:190} INFO - [2025-04-19T10:32:40.191+0000] {dag.py:3239} INFO - Sync 1 DAGs
[2025-04-19T10:32:40.226+0000] {logging_mixin.py:190} INFO - [2025-04-19T10:32:40.226+0000] {dag.py:4180} INFO - Setting next_dagrun for example_xcom to 2021-01-01 00:00:00+00:00, run_after=2021-01-01 00:00:00+00:00
[2025-04-19T10:32:40.264+0000] {processor.py:208} INFO - Processing /home/airflow/.local/lib/python3.12/site-packages/airflow/example_dags/example_xcom.py took 0.153 seconds
[2025-04-19T10:33:10.567+0000] {processor.py:186} INFO - Started process (PID=269) to work on /home/airflow/.local/lib/python3.12/site-packages/airflow/example_dags/example_xcom.py
[2025-04-19T10:33:10.570+0000] {processor.py:914} INFO - Processing file /home/airflow/.local/lib/python3.12/site-packages/airflow/example_dags/example_xcom.py for tasks to queue
[2025-04-19T10:33:10.574+0000] {logging_mixin.py:190} INFO - [2025-04-19T10:33:10.573+0000] {dagbag.py:588} INFO - Filling up the DagBag from /home/airflow/.local/lib/python3.12/site-packages/airflow/example_dags/example_xcom.py
[2025-04-19T10:33:10.593+0000] {processor.py:925} INFO - DAG(s) 'example_xcom' retrieved from /home/airflow/.local/lib/python3.12/site-packages/airflow/example_dags/example_xcom.py
[2025-04-19T10:33:10.629+0000] {logging_mixin.py:190} INFO - [2025-04-19T10:33:10.628+0000] {dag.py:3239} INFO - Sync 1 DAGs
[2025-04-19T10:33:10.663+0000] {logging_mixin.py:190} INFO - [2025-04-19T10:33:10.662+0000] {dag.py:4180} INFO - Setting next_dagrun for example_xcom to 2021-01-01 00:00:00+00:00, run_after=2021-01-01 00:00:00+00:00
[2025-04-19T10:33:10.694+0000] {processor.py:208} INFO - Processing /home/airflow/.local/lib/python3.12/site-packages/airflow/example_dags/example_xcom.py took 0.139 seconds
[2025-04-19T10:33:41.802+0000] {processor.py:186} INFO - Started process (PID=332) to work on /home/airflow/.local/lib/python3.12/site-packages/airflow/example_dags/example_xcom.py
[2025-04-19T10:33:41.804+0000] {processor.py:914} INFO - Processing file /home/airflow/.local/lib/python3.12/site-packages/airflow/example_dags/example_xcom.py for tasks to queue
[2025-04-19T10:33:41.812+0000] {logging_mixin.py:190} INFO - [2025-04-19T10:33:41.811+0000] {dagbag.py:588} INFO - Filling up the DagBag from /home/airflow/.local/lib/python3.12/site-packages/airflow/example_dags/example_xcom.py
[2025-04-19T10:33:41.834+0000] {processor.py:925} INFO - DAG(s) 'example_xcom' retrieved from /home/airflow/.local/lib/python3.12/site-packages/airflow/example_dags/example_xcom.py
[2025-04-19T10:33:41.906+0000] {logging_mixin.py:190} INFO - [2025-04-19T10:33:41.905+0000] {dag.py:3239} INFO - Sync 1 DAGs
[2025-04-19T10:33:41.984+0000] {logging_mixin.py:190} INFO - [2025-04-19T10:33:41.983+0000] {dag.py:4180} INFO - Setting next_dagrun for example_xcom to 2021-01-01 00:00:00+00:00, run_after=2021-01-01 00:00:00+00:00
[2025-04-19T10:33:42.051+0000] {processor.py:208} INFO - Processing /home/airflow/.local/lib/python3.12/site-packages/airflow/example_dags/example_xcom.py took 0.267 seconds
