[2025-04-19T10:19:08.079+0000] {processor.py:186} INFO - Started process (PID=110) to work on /home/airflow/.local/lib/python3.12/site-packages/airflow/example_dags/example_dataset_alias_with_no_taskflow.py
[2025-04-19T10:19:08.083+0000] {processor.py:914} INFO - Processing file /home/airflow/.local/lib/python3.12/site-packages/airflow/example_dags/example_dataset_alias_with_no_taskflow.py for tasks to queue
[2025-04-19T10:19:08.087+0000] {logging_mixin.py:190} INFO - [2025-04-19T10:19:08.086+0000] {dagbag.py:588} INFO - Filling up the DagBag from /home/airflow/.local/lib/python3.12/site-packages/airflow/example_dags/example_dataset_alias_with_no_taskflow.py
[2025-04-19T10:19:09.442+0000] {processor.py:925} INFO - DAG(s) 'dataset_s3_bucket_producer_with_no_taskflow', 'dataset_alias_example_alias_producer_with_no_taskflow', 'dataset_alias_example_alias_consumer_with_no_taskflow', 'dataset_s3_bucket_consumer_with_no_taskflow' retrieved from /home/airflow/.local/lib/python3.12/site-packages/airflow/example_dags/example_dataset_alias_with_no_taskflow.py
[2025-04-19T10:19:09.667+0000] {logging_mixin.py:190} INFO - [2025-04-19T10:19:09.666+0000] {override.py:1912} INFO - Created Permission View: can delete on DAG:dataset_s3_bucket_producer_with_no_taskflow
[2025-04-19T10:19:09.694+0000] {logging_mixin.py:190} INFO - [2025-04-19T10:19:09.693+0000] {override.py:1912} INFO - Created Permission View: can read on DAG:dataset_s3_bucket_producer_with_no_taskflow
[2025-04-19T10:19:09.714+0000] {logging_mixin.py:190} INFO - [2025-04-19T10:19:09.713+0000] {override.py:1912} INFO - Created Permission View: can edit on DAG:dataset_s3_bucket_producer_with_no_taskflow
[2025-04-19T10:19:09.733+0000] {logging_mixin.py:190} INFO - [2025-04-19T10:19:09.732+0000] {override.py:1912} INFO - Created Permission View: can delete on DAG Run:dataset_s3_bucket_producer_with_no_taskflow
[2025-04-19T10:19:09.752+0000] {logging_mixin.py:190} INFO - [2025-04-19T10:19:09.749+0000] {override.py:1912} INFO - Created Permission View: can read on DAG Run:dataset_s3_bucket_producer_with_no_taskflow
[2025-04-19T10:19:09.767+0000] {logging_mixin.py:190} INFO - [2025-04-19T10:19:09.766+0000] {override.py:1912} INFO - Created Permission View: menu access on DAG Run:dataset_s3_bucket_producer_with_no_taskflow
[2025-04-19T10:19:09.784+0000] {logging_mixin.py:190} INFO - [2025-04-19T10:19:09.783+0000] {override.py:1912} INFO - Created Permission View: can create on DAG Run:dataset_s3_bucket_producer_with_no_taskflow
[2025-04-19T10:19:09.831+0000] {logging_mixin.py:190} INFO - [2025-04-19T10:19:09.830+0000] {override.py:1912} INFO - Created Permission View: can delete on DAG:dataset_alias_example_alias_producer_with_no_taskflow
[2025-04-19T10:19:09.859+0000] {logging_mixin.py:190} INFO - [2025-04-19T10:19:09.858+0000] {override.py:1912} INFO - Created Permission View: can read on DAG:dataset_alias_example_alias_producer_with_no_taskflow
[2025-04-19T10:19:09.883+0000] {logging_mixin.py:190} INFO - [2025-04-19T10:19:09.883+0000] {override.py:1912} INFO - Created Permission View: can edit on DAG:dataset_alias_example_alias_producer_with_no_taskflow
[2025-04-19T10:19:09.907+0000] {logging_mixin.py:190} INFO - [2025-04-19T10:19:09.906+0000] {override.py:1912} INFO - Created Permission View: can delete on DAG Run:dataset_alias_example_alias_producer_with_no_taskflow
[2025-04-19T10:19:09.926+0000] {logging_mixin.py:190} INFO - [2025-04-19T10:19:09.926+0000] {override.py:1912} INFO - Created Permission View: can read on DAG Run:dataset_alias_example_alias_producer_with_no_taskflow
[2025-04-19T10:19:09.944+0000] {logging_mixin.py:190} INFO - [2025-04-19T10:19:09.942+0000] {override.py:1912} INFO - Created Permission View: menu access on DAG Run:dataset_alias_example_alias_producer_with_no_taskflow
[2025-04-19T10:19:09.968+0000] {logging_mixin.py:190} INFO - [2025-04-19T10:19:09.967+0000] {override.py:1912} INFO - Created Permission View: can create on DAG Run:dataset_alias_example_alias_producer_with_no_taskflow
[2025-04-19T10:19:09.998+0000] {logging_mixin.py:190} INFO - [2025-04-19T10:19:09.998+0000] {override.py:1912} INFO - Created Permission View: can delete on DAG:dataset_alias_example_alias_consumer_with_no_taskflow
[2025-04-19T10:19:10.015+0000] {logging_mixin.py:190} INFO - [2025-04-19T10:19:10.014+0000] {override.py:1912} INFO - Created Permission View: can read on DAG:dataset_alias_example_alias_consumer_with_no_taskflow
[2025-04-19T10:19:10.032+0000] {logging_mixin.py:190} INFO - [2025-04-19T10:19:10.031+0000] {override.py:1912} INFO - Created Permission View: can edit on DAG:dataset_alias_example_alias_consumer_with_no_taskflow
[2025-04-19T10:19:10.052+0000] {logging_mixin.py:190} INFO - [2025-04-19T10:19:10.052+0000] {override.py:1912} INFO - Created Permission View: can delete on DAG Run:dataset_alias_example_alias_consumer_with_no_taskflow
[2025-04-19T10:19:10.070+0000] {logging_mixin.py:190} INFO - [2025-04-19T10:19:10.069+0000] {override.py:1912} INFO - Created Permission View: can read on DAG Run:dataset_alias_example_alias_consumer_with_no_taskflow
[2025-04-19T10:19:10.088+0000] {logging_mixin.py:190} INFO - [2025-04-19T10:19:10.087+0000] {override.py:1912} INFO - Created Permission View: menu access on DAG Run:dataset_alias_example_alias_consumer_with_no_taskflow
[2025-04-19T10:19:10.105+0000] {logging_mixin.py:190} INFO - [2025-04-19T10:19:10.105+0000] {override.py:1912} INFO - Created Permission View: can create on DAG Run:dataset_alias_example_alias_consumer_with_no_taskflow
[2025-04-19T10:19:10.137+0000] {logging_mixin.py:190} INFO - [2025-04-19T10:19:10.136+0000] {override.py:1912} INFO - Created Permission View: can delete on DAG:dataset_s3_bucket_consumer_with_no_taskflow
[2025-04-19T10:19:10.157+0000] {logging_mixin.py:190} INFO - [2025-04-19T10:19:10.157+0000] {override.py:1912} INFO - Created Permission View: can read on DAG:dataset_s3_bucket_consumer_with_no_taskflow
[2025-04-19T10:19:10.181+0000] {logging_mixin.py:190} INFO - [2025-04-19T10:19:10.180+0000] {override.py:1912} INFO - Created Permission View: can edit on DAG:dataset_s3_bucket_consumer_with_no_taskflow
[2025-04-19T10:19:10.204+0000] {logging_mixin.py:190} INFO - [2025-04-19T10:19:10.203+0000] {override.py:1912} INFO - Created Permission View: can delete on DAG Run:dataset_s3_bucket_consumer_with_no_taskflow
[2025-04-19T10:19:10.223+0000] {logging_mixin.py:190} INFO - [2025-04-19T10:19:10.223+0000] {override.py:1912} INFO - Created Permission View: can read on DAG Run:dataset_s3_bucket_consumer_with_no_taskflow
[2025-04-19T10:19:10.243+0000] {logging_mixin.py:190} INFO - [2025-04-19T10:19:10.242+0000] {override.py:1912} INFO - Created Permission View: menu access on DAG Run:dataset_s3_bucket_consumer_with_no_taskflow
[2025-04-19T10:19:10.260+0000] {logging_mixin.py:190} INFO - [2025-04-19T10:19:10.259+0000] {override.py:1912} INFO - Created Permission View: can create on DAG Run:dataset_s3_bucket_consumer_with_no_taskflow
[2025-04-19T10:19:10.262+0000] {logging_mixin.py:190} INFO - [2025-04-19T10:19:10.262+0000] {dag.py:3239} INFO - Sync 4 DAGs
[2025-04-19T10:19:10.288+0000] {logging_mixin.py:190} INFO - [2025-04-19T10:19:10.286+0000] {dag.py:3262} INFO - Creating ORM DAG for dataset_alias_example_alias_consumer_with_no_taskflow
[2025-04-19T10:19:10.293+0000] {logging_mixin.py:190} INFO - [2025-04-19T10:19:10.292+0000] {dag.py:3262} INFO - Creating ORM DAG for dataset_alias_example_alias_producer_with_no_taskflow
[2025-04-19T10:19:10.296+0000] {logging_mixin.py:190} INFO - [2025-04-19T10:19:10.295+0000] {dag.py:3262} INFO - Creating ORM DAG for dataset_s3_bucket_producer_with_no_taskflow
[2025-04-19T10:19:10.298+0000] {logging_mixin.py:190} INFO - [2025-04-19T10:19:10.297+0000] {dag.py:3262} INFO - Creating ORM DAG for dataset_s3_bucket_consumer_with_no_taskflow
[2025-04-19T10:19:10.332+0000] {logging_mixin.py:190} INFO - [2025-04-19T10:19:10.331+0000] {dag.py:4180} INFO - Setting next_dagrun for dataset_alias_example_alias_consumer_with_no_taskflow to None, run_after=None
[2025-04-19T10:19:10.335+0000] {logging_mixin.py:190} INFO - [2025-04-19T10:19:10.334+0000] {dag.py:4180} INFO - Setting next_dagrun for dataset_alias_example_alias_producer_with_no_taskflow to None, run_after=None
[2025-04-19T10:19:10.337+0000] {logging_mixin.py:190} INFO - [2025-04-19T10:19:10.336+0000] {dag.py:4180} INFO - Setting next_dagrun for dataset_s3_bucket_consumer_with_no_taskflow to None, run_after=None
[2025-04-19T10:19:10.341+0000] {logging_mixin.py:190} INFO - [2025-04-19T10:19:10.340+0000] {dag.py:4180} INFO - Setting next_dagrun for dataset_s3_bucket_producer_with_no_taskflow to None, run_after=None
[2025-04-19T10:19:10.433+0000] {processor.py:208} INFO - Processing /home/airflow/.local/lib/python3.12/site-packages/airflow/example_dags/example_dataset_alias_with_no_taskflow.py took 2.369 seconds
[2025-04-19T10:19:40.810+0000] {processor.py:186} INFO - Started process (PID=174) to work on /home/airflow/.local/lib/python3.12/site-packages/airflow/example_dags/example_dataset_alias_with_no_taskflow.py
[2025-04-19T10:19:40.813+0000] {processor.py:914} INFO - Processing file /home/airflow/.local/lib/python3.12/site-packages/airflow/example_dags/example_dataset_alias_with_no_taskflow.py for tasks to queue
[2025-04-19T10:19:40.822+0000] {logging_mixin.py:190} INFO - [2025-04-19T10:19:40.821+0000] {dagbag.py:588} INFO - Filling up the DagBag from /home/airflow/.local/lib/python3.12/site-packages/airflow/example_dags/example_dataset_alias_with_no_taskflow.py
[2025-04-19T10:19:41.922+0000] {processor.py:925} INFO - DAG(s) 'dataset_alias_example_alias_consumer_with_no_taskflow', 'dataset_alias_example_alias_producer_with_no_taskflow', 'dataset_s3_bucket_consumer_with_no_taskflow', 'dataset_s3_bucket_producer_with_no_taskflow' retrieved from /home/airflow/.local/lib/python3.12/site-packages/airflow/example_dags/example_dataset_alias_with_no_taskflow.py
[2025-04-19T10:19:41.981+0000] {logging_mixin.py:190} INFO - [2025-04-19T10:19:41.980+0000] {dag.py:3239} INFO - Sync 4 DAGs
[2025-04-19T10:19:41.125+0000] {logging_mixin.py:190} INFO - [2025-04-19T10:19:41.125+0000] {dag.py:4180} INFO - Setting next_dagrun for dataset_alias_example_alias_consumer_with_no_taskflow to None, run_after=None
[2025-04-19T10:19:41.131+0000] {logging_mixin.py:190} INFO - [2025-04-19T10:19:41.130+0000] {dag.py:4180} INFO - Setting next_dagrun for dataset_alias_example_alias_producer_with_no_taskflow to None, run_after=None
[2025-04-19T10:19:41.134+0000] {logging_mixin.py:190} INFO - [2025-04-19T10:19:41.134+0000] {dag.py:4180} INFO - Setting next_dagrun for dataset_s3_bucket_consumer_with_no_taskflow to None, run_after=None
[2025-04-19T10:19:41.138+0000] {logging_mixin.py:190} INFO - [2025-04-19T10:19:41.137+0000] {dag.py:4180} INFO - Setting next_dagrun for dataset_s3_bucket_producer_with_no_taskflow to None, run_after=None
[2025-04-19T10:19:41.191+0000] {processor.py:208} INFO - Processing /home/airflow/.local/lib/python3.12/site-packages/airflow/example_dags/example_dataset_alias_with_no_taskflow.py took 1.495 seconds
[2025-04-19T10:20:11.672+0000] {processor.py:186} INFO - Started process (PID=237) to work on /home/airflow/.local/lib/python3.12/site-packages/airflow/example_dags/example_dataset_alias_with_no_taskflow.py
[2025-04-19T10:20:11.674+0000] {processor.py:914} INFO - Processing file /home/airflow/.local/lib/python3.12/site-packages/airflow/example_dags/example_dataset_alias_with_no_taskflow.py for tasks to queue
[2025-04-19T10:20:11.680+0000] {logging_mixin.py:190} INFO - [2025-04-19T10:20:11.679+0000] {dagbag.py:588} INFO - Filling up the DagBag from /home/airflow/.local/lib/python3.12/site-packages/airflow/example_dags/example_dataset_alias_with_no_taskflow.py
[2025-04-19T10:20:12.687+0000] {processor.py:925} INFO - DAG(s) 'dataset_alias_example_alias_producer_with_no_taskflow', 'dataset_s3_bucket_consumer_with_no_taskflow', 'dataset_alias_example_alias_consumer_with_no_taskflow', 'dataset_s3_bucket_producer_with_no_taskflow' retrieved from /home/airflow/.local/lib/python3.12/site-packages/airflow/example_dags/example_dataset_alias_with_no_taskflow.py
[2025-04-19T10:20:12.745+0000] {logging_mixin.py:190} INFO - [2025-04-19T10:20:12.744+0000] {dag.py:3239} INFO - Sync 4 DAGs
[2025-04-19T10:20:12.796+0000] {logging_mixin.py:190} INFO - [2025-04-19T10:20:12.796+0000] {dag.py:4180} INFO - Setting next_dagrun for dataset_alias_example_alias_consumer_with_no_taskflow to None, run_after=None
[2025-04-19T10:20:12.807+0000] {logging_mixin.py:190} INFO - [2025-04-19T10:20:12.807+0000] {dag.py:4180} INFO - Setting next_dagrun for dataset_alias_example_alias_producer_with_no_taskflow to None, run_after=None
[2025-04-19T10:20:12.811+0000] {logging_mixin.py:190} INFO - [2025-04-19T10:20:12.811+0000] {dag.py:4180} INFO - Setting next_dagrun for dataset_s3_bucket_consumer_with_no_taskflow to None, run_after=None
[2025-04-19T10:20:12.814+0000] {logging_mixin.py:190} INFO - [2025-04-19T10:20:12.813+0000] {dag.py:4180} INFO - Setting next_dagrun for dataset_s3_bucket_producer_with_no_taskflow to None, run_after=None
[2025-04-19T10:20:12.878+0000] {processor.py:208} INFO - Processing /home/airflow/.local/lib/python3.12/site-packages/airflow/example_dags/example_dataset_alias_with_no_taskflow.py took 1.224 seconds
[2025-04-19T10:20:43.352+0000] {processor.py:186} INFO - Started process (PID=300) to work on /home/airflow/.local/lib/python3.12/site-packages/airflow/example_dags/example_dataset_alias_with_no_taskflow.py
[2025-04-19T10:20:43.355+0000] {processor.py:914} INFO - Processing file /home/airflow/.local/lib/python3.12/site-packages/airflow/example_dags/example_dataset_alias_with_no_taskflow.py for tasks to queue
[2025-04-19T10:20:43.362+0000] {logging_mixin.py:190} INFO - [2025-04-19T10:20:43.361+0000] {dagbag.py:588} INFO - Filling up the DagBag from /home/airflow/.local/lib/python3.12/site-packages/airflow/example_dags/example_dataset_alias_with_no_taskflow.py
[2025-04-19T10:20:44.521+0000] {processor.py:925} INFO - DAG(s) 'dataset_s3_bucket_producer_with_no_taskflow', 'dataset_alias_example_alias_producer_with_no_taskflow', 'dataset_alias_example_alias_consumer_with_no_taskflow', 'dataset_s3_bucket_consumer_with_no_taskflow' retrieved from /home/airflow/.local/lib/python3.12/site-packages/airflow/example_dags/example_dataset_alias_with_no_taskflow.py
[2025-04-19T10:20:44.567+0000] {logging_mixin.py:190} INFO - [2025-04-19T10:20:44.566+0000] {dag.py:3239} INFO - Sync 4 DAGs
[2025-04-19T10:20:44.604+0000] {logging_mixin.py:190} INFO - [2025-04-19T10:20:44.603+0000] {dag.py:4180} INFO - Setting next_dagrun for dataset_alias_example_alias_consumer_with_no_taskflow to None, run_after=None
[2025-04-19T10:20:44.612+0000] {logging_mixin.py:190} INFO - [2025-04-19T10:20:44.612+0000] {dag.py:4180} INFO - Setting next_dagrun for dataset_alias_example_alias_producer_with_no_taskflow to None, run_after=None
[2025-04-19T10:20:44.617+0000] {logging_mixin.py:190} INFO - [2025-04-19T10:20:44.617+0000] {dag.py:4180} INFO - Setting next_dagrun for dataset_s3_bucket_consumer_with_no_taskflow to None, run_after=None
[2025-04-19T10:20:44.620+0000] {logging_mixin.py:190} INFO - [2025-04-19T10:20:44.620+0000] {dag.py:4180} INFO - Setting next_dagrun for dataset_s3_bucket_producer_with_no_taskflow to None, run_after=None
[2025-04-19T10:20:44.684+0000] {processor.py:208} INFO - Processing /home/airflow/.local/lib/python3.12/site-packages/airflow/example_dags/example_dataset_alias_with_no_taskflow.py took 1.346 seconds
[2025-04-19T10:21:14.974+0000] {processor.py:186} INFO - Started process (PID=363) to work on /home/airflow/.local/lib/python3.12/site-packages/airflow/example_dags/example_dataset_alias_with_no_taskflow.py
[2025-04-19T10:21:14.977+0000] {processor.py:914} INFO - Processing file /home/airflow/.local/lib/python3.12/site-packages/airflow/example_dags/example_dataset_alias_with_no_taskflow.py for tasks to queue
[2025-04-19T10:21:14.984+0000] {logging_mixin.py:190} INFO - [2025-04-19T10:21:14.983+0000] {dagbag.py:588} INFO - Filling up the DagBag from /home/airflow/.local/lib/python3.12/site-packages/airflow/example_dags/example_dataset_alias_with_no_taskflow.py
[2025-04-19T10:21:15.988+0000] {processor.py:925} INFO - DAG(s) 'dataset_alias_example_alias_producer_with_no_taskflow', 'dataset_s3_bucket_consumer_with_no_taskflow', 'dataset_alias_example_alias_consumer_with_no_taskflow', 'dataset_s3_bucket_producer_with_no_taskflow' retrieved from /home/airflow/.local/lib/python3.12/site-packages/airflow/example_dags/example_dataset_alias_with_no_taskflow.py
[2025-04-19T10:21:16.032+0000] {logging_mixin.py:190} INFO - [2025-04-19T10:21:16.031+0000] {dag.py:3239} INFO - Sync 4 DAGs
[2025-04-19T10:21:16.080+0000] {logging_mixin.py:190} INFO - [2025-04-19T10:21:16.080+0000] {dag.py:4180} INFO - Setting next_dagrun for dataset_alias_example_alias_consumer_with_no_taskflow to None, run_after=None
[2025-04-19T10:21:16.086+0000] {logging_mixin.py:190} INFO - [2025-04-19T10:21:16.085+0000] {dag.py:4180} INFO - Setting next_dagrun for dataset_alias_example_alias_producer_with_no_taskflow to None, run_after=None
[2025-04-19T10:21:16.090+0000] {logging_mixin.py:190} INFO - [2025-04-19T10:21:16.089+0000] {dag.py:4180} INFO - Setting next_dagrun for dataset_s3_bucket_consumer_with_no_taskflow to None, run_after=None
[2025-04-19T10:21:16.098+0000] {logging_mixin.py:190} INFO - [2025-04-19T10:21:16.097+0000] {dag.py:4180} INFO - Setting next_dagrun for dataset_s3_bucket_producer_with_no_taskflow to None, run_after=None
[2025-04-19T10:21:16.155+0000] {processor.py:208} INFO - Processing /home/airflow/.local/lib/python3.12/site-packages/airflow/example_dags/example_dataset_alias_with_no_taskflow.py took 1.194 seconds
[2025-04-19T10:21:46.491+0000] {processor.py:186} INFO - Started process (PID=432) to work on /home/airflow/.local/lib/python3.12/site-packages/airflow/example_dags/example_dataset_alias_with_no_taskflow.py
[2025-04-19T10:21:46.494+0000] {processor.py:914} INFO - Processing file /home/airflow/.local/lib/python3.12/site-packages/airflow/example_dags/example_dataset_alias_with_no_taskflow.py for tasks to queue
[2025-04-19T10:21:46.499+0000] {logging_mixin.py:190} INFO - [2025-04-19T10:21:46.498+0000] {dagbag.py:588} INFO - Filling up the DagBag from /home/airflow/.local/lib/python3.12/site-packages/airflow/example_dags/example_dataset_alias_with_no_taskflow.py
[2025-04-19T10:21:47.480+0000] {processor.py:925} INFO - DAG(s) 'dataset_alias_example_alias_producer_with_no_taskflow', 'dataset_s3_bucket_consumer_with_no_taskflow', 'dataset_s3_bucket_producer_with_no_taskflow', 'dataset_alias_example_alias_consumer_with_no_taskflow' retrieved from /home/airflow/.local/lib/python3.12/site-packages/airflow/example_dags/example_dataset_alias_with_no_taskflow.py
[2025-04-19T10:21:47.525+0000] {logging_mixin.py:190} INFO - [2025-04-19T10:21:47.524+0000] {dag.py:3239} INFO - Sync 4 DAGs
[2025-04-19T10:21:47.563+0000] {logging_mixin.py:190} INFO - [2025-04-19T10:21:47.562+0000] {dag.py:4180} INFO - Setting next_dagrun for dataset_alias_example_alias_consumer_with_no_taskflow to None, run_after=None
[2025-04-19T10:21:47.570+0000] {logging_mixin.py:190} INFO - [2025-04-19T10:21:47.570+0000] {dag.py:4180} INFO - Setting next_dagrun for dataset_alias_example_alias_producer_with_no_taskflow to None, run_after=None
[2025-04-19T10:21:47.574+0000] {logging_mixin.py:190} INFO - [2025-04-19T10:21:47.573+0000] {dag.py:4180} INFO - Setting next_dagrun for dataset_s3_bucket_consumer_with_no_taskflow to None, run_after=None
[2025-04-19T10:21:47.576+0000] {logging_mixin.py:190} INFO - [2025-04-19T10:21:47.576+0000] {dag.py:4180} INFO - Setting next_dagrun for dataset_s3_bucket_producer_with_no_taskflow to None, run_after=None
[2025-04-19T10:21:47.675+0000] {processor.py:208} INFO - Processing /home/airflow/.local/lib/python3.12/site-packages/airflow/example_dags/example_dataset_alias_with_no_taskflow.py took 1.193 seconds
[2025-04-19T10:22:18.337+0000] {processor.py:186} INFO - Started process (PID=494) to work on /home/airflow/.local/lib/python3.12/site-packages/airflow/example_dags/example_dataset_alias_with_no_taskflow.py
[2025-04-19T10:22:18.340+0000] {processor.py:914} INFO - Processing file /home/airflow/.local/lib/python3.12/site-packages/airflow/example_dags/example_dataset_alias_with_no_taskflow.py for tasks to queue
[2025-04-19T10:22:18.348+0000] {logging_mixin.py:190} INFO - [2025-04-19T10:22:18.347+0000] {dagbag.py:588} INFO - Filling up the DagBag from /home/airflow/.local/lib/python3.12/site-packages/airflow/example_dags/example_dataset_alias_with_no_taskflow.py
[2025-04-19T10:22:19.432+0000] {processor.py:925} INFO - DAG(s) 'dataset_s3_bucket_consumer_with_no_taskflow', 'dataset_alias_example_alias_consumer_with_no_taskflow', 'dataset_alias_example_alias_producer_with_no_taskflow', 'dataset_s3_bucket_producer_with_no_taskflow' retrieved from /home/airflow/.local/lib/python3.12/site-packages/airflow/example_dags/example_dataset_alias_with_no_taskflow.py
[2025-04-19T10:22:19.509+0000] {logging_mixin.py:190} INFO - [2025-04-19T10:22:19.507+0000] {dag.py:3239} INFO - Sync 4 DAGs
[2025-04-19T10:22:19.577+0000] {logging_mixin.py:190} INFO - [2025-04-19T10:22:19.576+0000] {dag.py:4180} INFO - Setting next_dagrun for dataset_alias_example_alias_consumer_with_no_taskflow to None, run_after=None
[2025-04-19T10:22:19.582+0000] {logging_mixin.py:190} INFO - [2025-04-19T10:22:19.582+0000] {dag.py:4180} INFO - Setting next_dagrun for dataset_alias_example_alias_producer_with_no_taskflow to None, run_after=None
[2025-04-19T10:22:19.585+0000] {logging_mixin.py:190} INFO - [2025-04-19T10:22:19.585+0000] {dag.py:4180} INFO - Setting next_dagrun for dataset_s3_bucket_consumer_with_no_taskflow to None, run_after=None
[2025-04-19T10:22:19.589+0000] {logging_mixin.py:190} INFO - [2025-04-19T10:22:19.588+0000] {dag.py:4180} INFO - Setting next_dagrun for dataset_s3_bucket_producer_with_no_taskflow to None, run_after=None
[2025-04-19T10:22:19.658+0000] {processor.py:208} INFO - Processing /home/airflow/.local/lib/python3.12/site-packages/airflow/example_dags/example_dataset_alias_with_no_taskflow.py took 1.335 seconds
[2025-04-19T10:22:49.849+0000] {processor.py:186} INFO - Started process (PID=556) to work on /home/airflow/.local/lib/python3.12/site-packages/airflow/example_dags/example_dataset_alias_with_no_taskflow.py
[2025-04-19T10:22:49.852+0000] {processor.py:914} INFO - Processing file /home/airflow/.local/lib/python3.12/site-packages/airflow/example_dags/example_dataset_alias_with_no_taskflow.py for tasks to queue
[2025-04-19T10:22:49.858+0000] {logging_mixin.py:190} INFO - [2025-04-19T10:22:49.857+0000] {dagbag.py:588} INFO - Filling up the DagBag from /home/airflow/.local/lib/python3.12/site-packages/airflow/example_dags/example_dataset_alias_with_no_taskflow.py
[2025-04-19T10:22:51.209+0000] {processor.py:925} INFO - DAG(s) 'dataset_s3_bucket_consumer_with_no_taskflow', 'dataset_alias_example_alias_producer_with_no_taskflow', 'dataset_alias_example_alias_consumer_with_no_taskflow', 'dataset_s3_bucket_producer_with_no_taskflow' retrieved from /home/airflow/.local/lib/python3.12/site-packages/airflow/example_dags/example_dataset_alias_with_no_taskflow.py
[2025-04-19T10:22:51.258+0000] {logging_mixin.py:190} INFO - [2025-04-19T10:22:51.257+0000] {dag.py:3239} INFO - Sync 4 DAGs
[2025-04-19T10:22:51.297+0000] {logging_mixin.py:190} INFO - [2025-04-19T10:22:51.297+0000] {dag.py:4180} INFO - Setting next_dagrun for dataset_alias_example_alias_consumer_with_no_taskflow to None, run_after=None
[2025-04-19T10:22:51.303+0000] {logging_mixin.py:190} INFO - [2025-04-19T10:22:51.303+0000] {dag.py:4180} INFO - Setting next_dagrun for dataset_alias_example_alias_producer_with_no_taskflow to None, run_after=None
[2025-04-19T10:22:51.308+0000] {logging_mixin.py:190} INFO - [2025-04-19T10:22:51.308+0000] {dag.py:4180} INFO - Setting next_dagrun for dataset_s3_bucket_consumer_with_no_taskflow to None, run_after=None
[2025-04-19T10:22:51.313+0000] {logging_mixin.py:190} INFO - [2025-04-19T10:22:51.312+0000] {dag.py:4180} INFO - Setting next_dagrun for dataset_s3_bucket_producer_with_no_taskflow to None, run_after=None
[2025-04-19T10:22:51.365+0000] {processor.py:208} INFO - Processing /home/airflow/.local/lib/python3.12/site-packages/airflow/example_dags/example_dataset_alias_with_no_taskflow.py took 1.528 seconds
[2025-04-19T10:23:21.796+0000] {processor.py:186} INFO - Started process (PID=619) to work on /home/airflow/.local/lib/python3.12/site-packages/airflow/example_dags/example_dataset_alias_with_no_taskflow.py
[2025-04-19T10:23:21.800+0000] {processor.py:914} INFO - Processing file /home/airflow/.local/lib/python3.12/site-packages/airflow/example_dags/example_dataset_alias_with_no_taskflow.py for tasks to queue
[2025-04-19T10:23:21.812+0000] {logging_mixin.py:190} INFO - [2025-04-19T10:23:21.811+0000] {dagbag.py:588} INFO - Filling up the DagBag from /home/airflow/.local/lib/python3.12/site-packages/airflow/example_dags/example_dataset_alias_with_no_taskflow.py
[2025-04-19T10:23:22.913+0000] {processor.py:925} INFO - DAG(s) 'dataset_s3_bucket_producer_with_no_taskflow', 'dataset_alias_example_alias_producer_with_no_taskflow', 'dataset_alias_example_alias_consumer_with_no_taskflow', 'dataset_s3_bucket_consumer_with_no_taskflow' retrieved from /home/airflow/.local/lib/python3.12/site-packages/airflow/example_dags/example_dataset_alias_with_no_taskflow.py
[2025-04-19T10:23:22.956+0000] {logging_mixin.py:190} INFO - [2025-04-19T10:23:22.955+0000] {dag.py:3239} INFO - Sync 4 DAGs
[2025-04-19T10:23:23.005+0000] {logging_mixin.py:190} INFO - [2025-04-19T10:23:23.005+0000] {dag.py:4180} INFO - Setting next_dagrun for dataset_alias_example_alias_consumer_with_no_taskflow to None, run_after=None
[2025-04-19T10:23:23.012+0000] {logging_mixin.py:190} INFO - [2025-04-19T10:23:23.011+0000] {dag.py:4180} INFO - Setting next_dagrun for dataset_alias_example_alias_producer_with_no_taskflow to None, run_after=None
[2025-04-19T10:23:23.016+0000] {logging_mixin.py:190} INFO - [2025-04-19T10:23:23.016+0000] {dag.py:4180} INFO - Setting next_dagrun for dataset_s3_bucket_consumer_with_no_taskflow to None, run_after=None
[2025-04-19T10:23:23.019+0000] {logging_mixin.py:190} INFO - [2025-04-19T10:23:23.019+0000] {dag.py:4180} INFO - Setting next_dagrun for dataset_s3_bucket_producer_with_no_taskflow to None, run_after=None
[2025-04-19T10:23:23.075+0000] {processor.py:208} INFO - Processing /home/airflow/.local/lib/python3.12/site-packages/airflow/example_dags/example_dataset_alias_with_no_taskflow.py took 1.306 seconds
[2025-04-19T10:23:53.348+0000] {processor.py:186} INFO - Started process (PID=683) to work on /home/airflow/.local/lib/python3.12/site-packages/airflow/example_dags/example_dataset_alias_with_no_taskflow.py
[2025-04-19T10:23:53.350+0000] {processor.py:914} INFO - Processing file /home/airflow/.local/lib/python3.12/site-packages/airflow/example_dags/example_dataset_alias_with_no_taskflow.py for tasks to queue
[2025-04-19T10:23:53.356+0000] {logging_mixin.py:190} INFO - [2025-04-19T10:23:53.356+0000] {dagbag.py:588} INFO - Filling up the DagBag from /home/airflow/.local/lib/python3.12/site-packages/airflow/example_dags/example_dataset_alias_with_no_taskflow.py
[2025-04-19T10:23:54.442+0000] {processor.py:925} INFO - DAG(s) 'dataset_s3_bucket_producer_with_no_taskflow', 'dataset_s3_bucket_consumer_with_no_taskflow', 'dataset_alias_example_alias_consumer_with_no_taskflow', 'dataset_alias_example_alias_producer_with_no_taskflow' retrieved from /home/airflow/.local/lib/python3.12/site-packages/airflow/example_dags/example_dataset_alias_with_no_taskflow.py
[2025-04-19T10:23:54.499+0000] {logging_mixin.py:190} INFO - [2025-04-19T10:23:54.498+0000] {dag.py:3239} INFO - Sync 4 DAGs
[2025-04-19T10:23:54.560+0000] {logging_mixin.py:190} INFO - [2025-04-19T10:23:54.559+0000] {dag.py:4180} INFO - Setting next_dagrun for dataset_alias_example_alias_consumer_with_no_taskflow to None, run_after=None
[2025-04-19T10:23:54.570+0000] {logging_mixin.py:190} INFO - [2025-04-19T10:23:54.570+0000] {dag.py:4180} INFO - Setting next_dagrun for dataset_alias_example_alias_producer_with_no_taskflow to None, run_after=None
[2025-04-19T10:23:54.575+0000] {logging_mixin.py:190} INFO - [2025-04-19T10:23:54.574+0000] {dag.py:4180} INFO - Setting next_dagrun for dataset_s3_bucket_consumer_with_no_taskflow to None, run_after=None
[2025-04-19T10:23:54.578+0000] {logging_mixin.py:190} INFO - [2025-04-19T10:23:54.578+0000] {dag.py:4180} INFO - Setting next_dagrun for dataset_s3_bucket_producer_with_no_taskflow to None, run_after=None
[2025-04-19T10:23:54.628+0000] {processor.py:208} INFO - Processing /home/airflow/.local/lib/python3.12/site-packages/airflow/example_dags/example_dataset_alias_with_no_taskflow.py took 1.291 seconds
[2025-04-19T10:24:24.870+0000] {processor.py:186} INFO - Started process (PID=746) to work on /home/airflow/.local/lib/python3.12/site-packages/airflow/example_dags/example_dataset_alias_with_no_taskflow.py
[2025-04-19T10:24:24.874+0000] {processor.py:914} INFO - Processing file /home/airflow/.local/lib/python3.12/site-packages/airflow/example_dags/example_dataset_alias_with_no_taskflow.py for tasks to queue
[2025-04-19T10:24:24.882+0000] {logging_mixin.py:190} INFO - [2025-04-19T10:24:24.881+0000] {dagbag.py:588} INFO - Filling up the DagBag from /home/airflow/.local/lib/python3.12/site-packages/airflow/example_dags/example_dataset_alias_with_no_taskflow.py
[2025-04-19T10:24:25.842+0000] {processor.py:925} INFO - DAG(s) 'dataset_s3_bucket_consumer_with_no_taskflow', 'dataset_s3_bucket_producer_with_no_taskflow', 'dataset_alias_example_alias_producer_with_no_taskflow', 'dataset_alias_example_alias_consumer_with_no_taskflow' retrieved from /home/airflow/.local/lib/python3.12/site-packages/airflow/example_dags/example_dataset_alias_with_no_taskflow.py
[2025-04-19T10:24:25.886+0000] {logging_mixin.py:190} INFO - [2025-04-19T10:24:25.885+0000] {dag.py:3239} INFO - Sync 4 DAGs
[2025-04-19T10:24:25.930+0000] {logging_mixin.py:190} INFO - [2025-04-19T10:24:25.930+0000] {dag.py:4180} INFO - Setting next_dagrun for dataset_alias_example_alias_consumer_with_no_taskflow to None, run_after=None
[2025-04-19T10:24:25.935+0000] {logging_mixin.py:190} INFO - [2025-04-19T10:24:25.935+0000] {dag.py:4180} INFO - Setting next_dagrun for dataset_alias_example_alias_producer_with_no_taskflow to None, run_after=None
[2025-04-19T10:24:25.940+0000] {logging_mixin.py:190} INFO - [2025-04-19T10:24:25.939+0000] {dag.py:4180} INFO - Setting next_dagrun for dataset_s3_bucket_consumer_with_no_taskflow to None, run_after=None
[2025-04-19T10:24:25.943+0000] {logging_mixin.py:190} INFO - [2025-04-19T10:24:25.942+0000] {dag.py:4180} INFO - Setting next_dagrun for dataset_s3_bucket_producer_with_no_taskflow to None, run_after=None
[2025-04-19T10:24:25.994+0000] {processor.py:208} INFO - Processing /home/airflow/.local/lib/python3.12/site-packages/airflow/example_dags/example_dataset_alias_with_no_taskflow.py took 1.141 seconds
[2025-04-19T10:24:56.591+0000] {processor.py:186} INFO - Started process (PID=810) to work on /home/airflow/.local/lib/python3.12/site-packages/airflow/example_dags/example_dataset_alias_with_no_taskflow.py
[2025-04-19T10:24:56.594+0000] {processor.py:914} INFO - Processing file /home/airflow/.local/lib/python3.12/site-packages/airflow/example_dags/example_dataset_alias_with_no_taskflow.py for tasks to queue
[2025-04-19T10:24:56.601+0000] {logging_mixin.py:190} INFO - [2025-04-19T10:24:56.600+0000] {dagbag.py:588} INFO - Filling up the DagBag from /home/airflow/.local/lib/python3.12/site-packages/airflow/example_dags/example_dataset_alias_with_no_taskflow.py
[2025-04-19T10:24:57.707+0000] {processor.py:925} INFO - DAG(s) 'dataset_alias_example_alias_consumer_with_no_taskflow', 'dataset_s3_bucket_consumer_with_no_taskflow', 'dataset_s3_bucket_producer_with_no_taskflow', 'dataset_alias_example_alias_producer_with_no_taskflow' retrieved from /home/airflow/.local/lib/python3.12/site-packages/airflow/example_dags/example_dataset_alias_with_no_taskflow.py
[2025-04-19T10:24:57.747+0000] {logging_mixin.py:190} INFO - [2025-04-19T10:24:57.746+0000] {dag.py:3239} INFO - Sync 4 DAGs
[2025-04-19T10:24:57.782+0000] {logging_mixin.py:190} INFO - [2025-04-19T10:24:57.782+0000] {dag.py:4180} INFO - Setting next_dagrun for dataset_alias_example_alias_consumer_with_no_taskflow to None, run_after=None
[2025-04-19T10:24:57.787+0000] {logging_mixin.py:190} INFO - [2025-04-19T10:24:57.787+0000] {dag.py:4180} INFO - Setting next_dagrun for dataset_alias_example_alias_producer_with_no_taskflow to None, run_after=None
[2025-04-19T10:24:57.794+0000] {logging_mixin.py:190} INFO - [2025-04-19T10:24:57.794+0000] {dag.py:4180} INFO - Setting next_dagrun for dataset_s3_bucket_consumer_with_no_taskflow to None, run_after=None
[2025-04-19T10:24:57.798+0000] {logging_mixin.py:190} INFO - [2025-04-19T10:24:57.798+0000] {dag.py:4180} INFO - Setting next_dagrun for dataset_s3_bucket_producer_with_no_taskflow to None, run_after=None
[2025-04-19T10:24:57.882+0000] {processor.py:208} INFO - Processing /home/airflow/.local/lib/python3.12/site-packages/airflow/example_dags/example_dataset_alias_with_no_taskflow.py took 1.305 seconds
[2025-04-19T10:25:28.121+0000] {processor.py:186} INFO - Started process (PID=875) to work on /home/airflow/.local/lib/python3.12/site-packages/airflow/example_dags/example_dataset_alias_with_no_taskflow.py
[2025-04-19T10:25:28.126+0000] {processor.py:914} INFO - Processing file /home/airflow/.local/lib/python3.12/site-packages/airflow/example_dags/example_dataset_alias_with_no_taskflow.py for tasks to queue
[2025-04-19T10:25:28.135+0000] {logging_mixin.py:190} INFO - [2025-04-19T10:25:28.134+0000] {dagbag.py:588} INFO - Filling up the DagBag from /home/airflow/.local/lib/python3.12/site-packages/airflow/example_dags/example_dataset_alias_with_no_taskflow.py
[2025-04-19T10:25:29.420+0000] {processor.py:925} INFO - DAG(s) 'dataset_alias_example_alias_consumer_with_no_taskflow', 'dataset_s3_bucket_consumer_with_no_taskflow', 'dataset_s3_bucket_producer_with_no_taskflow', 'dataset_alias_example_alias_producer_with_no_taskflow' retrieved from /home/airflow/.local/lib/python3.12/site-packages/airflow/example_dags/example_dataset_alias_with_no_taskflow.py
[2025-04-19T10:25:29.471+0000] {logging_mixin.py:190} INFO - [2025-04-19T10:25:29.469+0000] {dag.py:3239} INFO - Sync 4 DAGs
[2025-04-19T10:25:29.523+0000] {logging_mixin.py:190} INFO - [2025-04-19T10:25:29.523+0000] {dag.py:4180} INFO - Setting next_dagrun for dataset_alias_example_alias_consumer_with_no_taskflow to None, run_after=None
[2025-04-19T10:25:29.532+0000] {logging_mixin.py:190} INFO - [2025-04-19T10:25:29.531+0000] {dag.py:4180} INFO - Setting next_dagrun for dataset_alias_example_alias_producer_with_no_taskflow to None, run_after=None
[2025-04-19T10:25:29.537+0000] {logging_mixin.py:190} INFO - [2025-04-19T10:25:29.537+0000] {dag.py:4180} INFO - Setting next_dagrun for dataset_s3_bucket_consumer_with_no_taskflow to None, run_after=None
[2025-04-19T10:25:29.540+0000] {logging_mixin.py:190} INFO - [2025-04-19T10:25:29.540+0000] {dag.py:4180} INFO - Setting next_dagrun for dataset_s3_bucket_producer_with_no_taskflow to None, run_after=None
[2025-04-19T10:25:29.603+0000] {processor.py:208} INFO - Processing /home/airflow/.local/lib/python3.12/site-packages/airflow/example_dags/example_dataset_alias_with_no_taskflow.py took 1.503 seconds
[2025-04-19T10:25:59.945+0000] {processor.py:186} INFO - Started process (PID=938) to work on /home/airflow/.local/lib/python3.12/site-packages/airflow/example_dags/example_dataset_alias_with_no_taskflow.py
[2025-04-19T10:25:59.949+0000] {processor.py:914} INFO - Processing file /home/airflow/.local/lib/python3.12/site-packages/airflow/example_dags/example_dataset_alias_with_no_taskflow.py for tasks to queue
[2025-04-19T10:25:59.955+0000] {logging_mixin.py:190} INFO - [2025-04-19T10:25:59.954+0000] {dagbag.py:588} INFO - Filling up the DagBag from /home/airflow/.local/lib/python3.12/site-packages/airflow/example_dags/example_dataset_alias_with_no_taskflow.py
[2025-04-19T10:26:01.057+0000] {processor.py:925} INFO - DAG(s) 'dataset_alias_example_alias_consumer_with_no_taskflow', 'dataset_s3_bucket_producer_with_no_taskflow', 'dataset_alias_example_alias_producer_with_no_taskflow', 'dataset_s3_bucket_consumer_with_no_taskflow' retrieved from /home/airflow/.local/lib/python3.12/site-packages/airflow/example_dags/example_dataset_alias_with_no_taskflow.py
[2025-04-19T10:26:01.100+0000] {logging_mixin.py:190} INFO - [2025-04-19T10:26:01.099+0000] {dag.py:3239} INFO - Sync 4 DAGs
[2025-04-19T10:26:01.140+0000] {logging_mixin.py:190} INFO - [2025-04-19T10:26:01.139+0000] {dag.py:4180} INFO - Setting next_dagrun for dataset_alias_example_alias_consumer_with_no_taskflow to None, run_after=None
[2025-04-19T10:26:01.146+0000] {logging_mixin.py:190} INFO - [2025-04-19T10:26:01.145+0000] {dag.py:4180} INFO - Setting next_dagrun for dataset_alias_example_alias_producer_with_no_taskflow to None, run_after=None
[2025-04-19T10:26:01.149+0000] {logging_mixin.py:190} INFO - [2025-04-19T10:26:01.148+0000] {dag.py:4180} INFO - Setting next_dagrun for dataset_s3_bucket_consumer_with_no_taskflow to None, run_after=None
[2025-04-19T10:26:01.151+0000] {logging_mixin.py:190} INFO - [2025-04-19T10:26:01.151+0000] {dag.py:4180} INFO - Setting next_dagrun for dataset_s3_bucket_producer_with_no_taskflow to None, run_after=None
[2025-04-19T10:26:01.185+0000] {processor.py:208} INFO - Processing /home/airflow/.local/lib/python3.12/site-packages/airflow/example_dags/example_dataset_alias_with_no_taskflow.py took 1.257 seconds
[2025-04-19T10:26:32.216+0000] {processor.py:186} INFO - Started process (PID=1001) to work on /home/airflow/.local/lib/python3.12/site-packages/airflow/example_dags/example_dataset_alias_with_no_taskflow.py
[2025-04-19T10:26:32.220+0000] {processor.py:914} INFO - Processing file /home/airflow/.local/lib/python3.12/site-packages/airflow/example_dags/example_dataset_alias_with_no_taskflow.py for tasks to queue
[2025-04-19T10:26:32.231+0000] {logging_mixin.py:190} INFO - [2025-04-19T10:26:32.230+0000] {dagbag.py:588} INFO - Filling up the DagBag from /home/airflow/.local/lib/python3.12/site-packages/airflow/example_dags/example_dataset_alias_with_no_taskflow.py
[2025-04-19T10:26:33.536+0000] {processor.py:925} INFO - DAG(s) 'dataset_alias_example_alias_consumer_with_no_taskflow', 'dataset_alias_example_alias_producer_with_no_taskflow', 'dataset_s3_bucket_consumer_with_no_taskflow', 'dataset_s3_bucket_producer_with_no_taskflow' retrieved from /home/airflow/.local/lib/python3.12/site-packages/airflow/example_dags/example_dataset_alias_with_no_taskflow.py
[2025-04-19T10:26:33.573+0000] {logging_mixin.py:190} INFO - [2025-04-19T10:26:33.572+0000] {dag.py:3239} INFO - Sync 4 DAGs
[2025-04-19T10:26:33.612+0000] {logging_mixin.py:190} INFO - [2025-04-19T10:26:33.612+0000] {dag.py:4180} INFO - Setting next_dagrun for dataset_alias_example_alias_consumer_with_no_taskflow to None, run_after=None
[2025-04-19T10:26:33.617+0000] {logging_mixin.py:190} INFO - [2025-04-19T10:26:33.616+0000] {dag.py:4180} INFO - Setting next_dagrun for dataset_alias_example_alias_producer_with_no_taskflow to None, run_after=None
[2025-04-19T10:26:33.620+0000] {logging_mixin.py:190} INFO - [2025-04-19T10:26:33.620+0000] {dag.py:4180} INFO - Setting next_dagrun for dataset_s3_bucket_consumer_with_no_taskflow to None, run_after=None
[2025-04-19T10:26:33.623+0000] {logging_mixin.py:190} INFO - [2025-04-19T10:26:33.622+0000] {dag.py:4180} INFO - Setting next_dagrun for dataset_s3_bucket_producer_with_no_taskflow to None, run_after=None
[2025-04-19T10:26:33.680+0000] {processor.py:208} INFO - Processing /home/airflow/.local/lib/python3.12/site-packages/airflow/example_dags/example_dataset_alias_with_no_taskflow.py took 1.485 seconds
[2025-04-19T10:27:04.002+0000] {processor.py:186} INFO - Started process (PID=1073) to work on /home/airflow/.local/lib/python3.12/site-packages/airflow/example_dags/example_dataset_alias_with_no_taskflow.py
[2025-04-19T10:27:04.007+0000] {processor.py:914} INFO - Processing file /home/airflow/.local/lib/python3.12/site-packages/airflow/example_dags/example_dataset_alias_with_no_taskflow.py for tasks to queue
[2025-04-19T10:27:04.018+0000] {logging_mixin.py:190} INFO - [2025-04-19T10:27:04.017+0000] {dagbag.py:588} INFO - Filling up the DagBag from /home/airflow/.local/lib/python3.12/site-packages/airflow/example_dags/example_dataset_alias_with_no_taskflow.py
[2025-04-19T10:27:05.286+0000] {processor.py:925} INFO - DAG(s) 'dataset_s3_bucket_producer_with_no_taskflow', 'dataset_alias_example_alias_producer_with_no_taskflow', 'dataset_s3_bucket_consumer_with_no_taskflow', 'dataset_alias_example_alias_consumer_with_no_taskflow' retrieved from /home/airflow/.local/lib/python3.12/site-packages/airflow/example_dags/example_dataset_alias_with_no_taskflow.py
[2025-04-19T10:27:05.349+0000] {logging_mixin.py:190} INFO - [2025-04-19T10:27:05.348+0000] {dag.py:3239} INFO - Sync 4 DAGs
[2025-04-19T10:27:05.398+0000] {logging_mixin.py:190} INFO - [2025-04-19T10:27:05.397+0000] {dag.py:4180} INFO - Setting next_dagrun for dataset_alias_example_alias_consumer_with_no_taskflow to None, run_after=None
[2025-04-19T10:27:05.405+0000] {logging_mixin.py:190} INFO - [2025-04-19T10:27:05.405+0000] {dag.py:4180} INFO - Setting next_dagrun for dataset_alias_example_alias_producer_with_no_taskflow to None, run_after=None
[2025-04-19T10:27:05.410+0000] {logging_mixin.py:190} INFO - [2025-04-19T10:27:05.410+0000] {dag.py:4180} INFO - Setting next_dagrun for dataset_s3_bucket_consumer_with_no_taskflow to None, run_after=None
[2025-04-19T10:27:05.415+0000] {logging_mixin.py:190} INFO - [2025-04-19T10:27:05.414+0000] {dag.py:4180} INFO - Setting next_dagrun for dataset_s3_bucket_producer_with_no_taskflow to None, run_after=None
[2025-04-19T10:27:05.476+0000] {processor.py:208} INFO - Processing /home/airflow/.local/lib/python3.12/site-packages/airflow/example_dags/example_dataset_alias_with_no_taskflow.py took 1.495 seconds
[2025-04-19T10:27:36.136+0000] {processor.py:186} INFO - Started process (PID=1138) to work on /home/airflow/.local/lib/python3.12/site-packages/airflow/example_dags/example_dataset_alias_with_no_taskflow.py
[2025-04-19T10:27:36.139+0000] {processor.py:914} INFO - Processing file /home/airflow/.local/lib/python3.12/site-packages/airflow/example_dags/example_dataset_alias_with_no_taskflow.py for tasks to queue
[2025-04-19T10:27:36.146+0000] {logging_mixin.py:190} INFO - [2025-04-19T10:27:36.145+0000] {dagbag.py:588} INFO - Filling up the DagBag from /home/airflow/.local/lib/python3.12/site-packages/airflow/example_dags/example_dataset_alias_with_no_taskflow.py
[2025-04-19T10:27:37.312+0000] {processor.py:925} INFO - DAG(s) 'dataset_alias_example_alias_consumer_with_no_taskflow', 'dataset_alias_example_alias_producer_with_no_taskflow', 'dataset_s3_bucket_consumer_with_no_taskflow', 'dataset_s3_bucket_producer_with_no_taskflow' retrieved from /home/airflow/.local/lib/python3.12/site-packages/airflow/example_dags/example_dataset_alias_with_no_taskflow.py
[2025-04-19T10:27:37.353+0000] {logging_mixin.py:190} INFO - [2025-04-19T10:27:37.352+0000] {dag.py:3239} INFO - Sync 4 DAGs
[2025-04-19T10:27:37.403+0000] {logging_mixin.py:190} INFO - [2025-04-19T10:27:37.402+0000] {dag.py:4180} INFO - Setting next_dagrun for dataset_alias_example_alias_consumer_with_no_taskflow to None, run_after=None
[2025-04-19T10:27:37.413+0000] {logging_mixin.py:190} INFO - [2025-04-19T10:27:37.412+0000] {dag.py:4180} INFO - Setting next_dagrun for dataset_alias_example_alias_producer_with_no_taskflow to None, run_after=None
[2025-04-19T10:27:37.418+0000] {logging_mixin.py:190} INFO - [2025-04-19T10:27:37.418+0000] {dag.py:4180} INFO - Setting next_dagrun for dataset_s3_bucket_consumer_with_no_taskflow to None, run_after=None
[2025-04-19T10:27:37.423+0000] {logging_mixin.py:190} INFO - [2025-04-19T10:27:37.423+0000] {dag.py:4180} INFO - Setting next_dagrun for dataset_s3_bucket_producer_with_no_taskflow to None, run_after=None
[2025-04-19T10:27:37.516+0000] {processor.py:208} INFO - Processing /home/airflow/.local/lib/python3.12/site-packages/airflow/example_dags/example_dataset_alias_with_no_taskflow.py took 1.394 seconds
[2025-04-19T10:28:08.024+0000] {processor.py:186} INFO - Started process (PID=1202) to work on /home/airflow/.local/lib/python3.12/site-packages/airflow/example_dags/example_dataset_alias_with_no_taskflow.py
[2025-04-19T10:28:08.027+0000] {processor.py:914} INFO - Processing file /home/airflow/.local/lib/python3.12/site-packages/airflow/example_dags/example_dataset_alias_with_no_taskflow.py for tasks to queue
[2025-04-19T10:28:08.037+0000] {logging_mixin.py:190} INFO - [2025-04-19T10:28:08.035+0000] {dagbag.py:588} INFO - Filling up the DagBag from /home/airflow/.local/lib/python3.12/site-packages/airflow/example_dags/example_dataset_alias_with_no_taskflow.py
[2025-04-19T10:28:09.294+0000] {processor.py:925} INFO - DAG(s) 'dataset_s3_bucket_producer_with_no_taskflow', 'dataset_s3_bucket_consumer_with_no_taskflow', 'dataset_alias_example_alias_consumer_with_no_taskflow', 'dataset_alias_example_alias_producer_with_no_taskflow' retrieved from /home/airflow/.local/lib/python3.12/site-packages/airflow/example_dags/example_dataset_alias_with_no_taskflow.py
[2025-04-19T10:28:09.369+0000] {logging_mixin.py:190} INFO - [2025-04-19T10:28:09.367+0000] {dag.py:3239} INFO - Sync 4 DAGs
[2025-04-19T10:28:09.457+0000] {logging_mixin.py:190} INFO - [2025-04-19T10:28:09.456+0000] {dag.py:4180} INFO - Setting next_dagrun for dataset_alias_example_alias_consumer_with_no_taskflow to None, run_after=None
[2025-04-19T10:28:09.468+0000] {logging_mixin.py:190} INFO - [2025-04-19T10:28:09.467+0000] {dag.py:4180} INFO - Setting next_dagrun for dataset_alias_example_alias_producer_with_no_taskflow to None, run_after=None
[2025-04-19T10:28:09.473+0000] {logging_mixin.py:190} INFO - [2025-04-19T10:28:09.472+0000] {dag.py:4180} INFO - Setting next_dagrun for dataset_s3_bucket_consumer_with_no_taskflow to None, run_after=None
[2025-04-19T10:28:09.479+0000] {logging_mixin.py:190} INFO - [2025-04-19T10:28:09.479+0000] {dag.py:4180} INFO - Setting next_dagrun for dataset_s3_bucket_producer_with_no_taskflow to None, run_after=None
[2025-04-19T10:28:09.527+0000] {processor.py:208} INFO - Processing /home/airflow/.local/lib/python3.12/site-packages/airflow/example_dags/example_dataset_alias_with_no_taskflow.py took 1.517 seconds
[2025-04-19T10:28:39.819+0000] {processor.py:186} INFO - Started process (PID=1265) to work on /home/airflow/.local/lib/python3.12/site-packages/airflow/example_dags/example_dataset_alias_with_no_taskflow.py
[2025-04-19T10:28:39.821+0000] {processor.py:914} INFO - Processing file /home/airflow/.local/lib/python3.12/site-packages/airflow/example_dags/example_dataset_alias_with_no_taskflow.py for tasks to queue
[2025-04-19T10:28:39.827+0000] {logging_mixin.py:190} INFO - [2025-04-19T10:28:39.826+0000] {dagbag.py:588} INFO - Filling up the DagBag from /home/airflow/.local/lib/python3.12/site-packages/airflow/example_dags/example_dataset_alias_with_no_taskflow.py
[2025-04-19T10:28:40.932+0000] {processor.py:925} INFO - DAG(s) 'dataset_alias_example_alias_producer_with_no_taskflow', 'dataset_s3_bucket_consumer_with_no_taskflow', 'dataset_alias_example_alias_consumer_with_no_taskflow', 'dataset_s3_bucket_producer_with_no_taskflow' retrieved from /home/airflow/.local/lib/python3.12/site-packages/airflow/example_dags/example_dataset_alias_with_no_taskflow.py
[2025-04-19T10:28:40.982+0000] {logging_mixin.py:190} INFO - [2025-04-19T10:28:40.981+0000] {dag.py:3239} INFO - Sync 4 DAGs
[2025-04-19T10:28:41.025+0000] {logging_mixin.py:190} INFO - [2025-04-19T10:28:41.024+0000] {dag.py:4180} INFO - Setting next_dagrun for dataset_alias_example_alias_consumer_with_no_taskflow to None, run_after=None
[2025-04-19T10:28:41.033+0000] {logging_mixin.py:190} INFO - [2025-04-19T10:28:41.032+0000] {dag.py:4180} INFO - Setting next_dagrun for dataset_alias_example_alias_producer_with_no_taskflow to None, run_after=None
[2025-04-19T10:28:41.037+0000] {logging_mixin.py:190} INFO - [2025-04-19T10:28:41.037+0000] {dag.py:4180} INFO - Setting next_dagrun for dataset_s3_bucket_consumer_with_no_taskflow to None, run_after=None
[2025-04-19T10:28:41.041+0000] {logging_mixin.py:190} INFO - [2025-04-19T10:28:41.041+0000] {dag.py:4180} INFO - Setting next_dagrun for dataset_s3_bucket_producer_with_no_taskflow to None, run_after=None
[2025-04-19T10:28:41.090+0000] {processor.py:208} INFO - Processing /home/airflow/.local/lib/python3.12/site-packages/airflow/example_dags/example_dataset_alias_with_no_taskflow.py took 1.283 seconds
[2025-04-19T10:29:11.471+0000] {processor.py:186} INFO - Started process (PID=1329) to work on /home/airflow/.local/lib/python3.12/site-packages/airflow/example_dags/example_dataset_alias_with_no_taskflow.py
[2025-04-19T10:29:11.475+0000] {processor.py:914} INFO - Processing file /home/airflow/.local/lib/python3.12/site-packages/airflow/example_dags/example_dataset_alias_with_no_taskflow.py for tasks to queue
[2025-04-19T10:29:11.481+0000] {logging_mixin.py:190} INFO - [2025-04-19T10:29:11.480+0000] {dagbag.py:588} INFO - Filling up the DagBag from /home/airflow/.local/lib/python3.12/site-packages/airflow/example_dags/example_dataset_alias_with_no_taskflow.py
[2025-04-19T10:29:12.695+0000] {processor.py:925} INFO - DAG(s) 'dataset_alias_example_alias_producer_with_no_taskflow', 'dataset_s3_bucket_consumer_with_no_taskflow', 'dataset_alias_example_alias_consumer_with_no_taskflow', 'dataset_s3_bucket_producer_with_no_taskflow' retrieved from /home/airflow/.local/lib/python3.12/site-packages/airflow/example_dags/example_dataset_alias_with_no_taskflow.py
[2025-04-19T10:29:12.753+0000] {logging_mixin.py:190} INFO - [2025-04-19T10:29:12.751+0000] {dag.py:3239} INFO - Sync 4 DAGs
[2025-04-19T10:29:12.797+0000] {logging_mixin.py:190} INFO - [2025-04-19T10:29:12.796+0000] {dag.py:4180} INFO - Setting next_dagrun for dataset_alias_example_alias_consumer_with_no_taskflow to None, run_after=None
[2025-04-19T10:29:12.803+0000] {logging_mixin.py:190} INFO - [2025-04-19T10:29:12.803+0000] {dag.py:4180} INFO - Setting next_dagrun for dataset_alias_example_alias_producer_with_no_taskflow to None, run_after=None
[2025-04-19T10:29:12.807+0000] {logging_mixin.py:190} INFO - [2025-04-19T10:29:12.807+0000] {dag.py:4180} INFO - Setting next_dagrun for dataset_s3_bucket_consumer_with_no_taskflow to None, run_after=None
[2025-04-19T10:29:12.810+0000] {logging_mixin.py:190} INFO - [2025-04-19T10:29:12.810+0000] {dag.py:4180} INFO - Setting next_dagrun for dataset_s3_bucket_producer_with_no_taskflow to None, run_after=None
[2025-04-19T10:29:12.874+0000] {processor.py:208} INFO - Processing /home/airflow/.local/lib/python3.12/site-packages/airflow/example_dags/example_dataset_alias_with_no_taskflow.py took 1.419 seconds
[2025-04-19T10:31:44.372+0000] {processor.py:186} INFO - Started process (PID=109) to work on /home/airflow/.local/lib/python3.12/site-packages/airflow/example_dags/example_dataset_alias_with_no_taskflow.py
[2025-04-19T10:31:44.375+0000] {processor.py:914} INFO - Processing file /home/airflow/.local/lib/python3.12/site-packages/airflow/example_dags/example_dataset_alias_with_no_taskflow.py for tasks to queue
[2025-04-19T10:31:44.381+0000] {logging_mixin.py:190} INFO - [2025-04-19T10:31:44.380+0000] {dagbag.py:588} INFO - Filling up the DagBag from /home/airflow/.local/lib/python3.12/site-packages/airflow/example_dags/example_dataset_alias_with_no_taskflow.py
[2025-04-19T10:31:45.390+0000] {processor.py:925} INFO - DAG(s) 'dataset_s3_bucket_consumer_with_no_taskflow', 'dataset_alias_example_alias_producer_with_no_taskflow', 'dataset_s3_bucket_producer_with_no_taskflow', 'dataset_alias_example_alias_consumer_with_no_taskflow' retrieved from /home/airflow/.local/lib/python3.12/site-packages/airflow/example_dags/example_dataset_alias_with_no_taskflow.py
[2025-04-19T10:31:45.438+0000] {logging_mixin.py:190} INFO - [2025-04-19T10:31:45.437+0000] {dag.py:3239} INFO - Sync 4 DAGs
[2025-04-19T10:31:45.492+0000] {logging_mixin.py:190} INFO - [2025-04-19T10:31:45.492+0000] {dag.py:4180} INFO - Setting next_dagrun for dataset_alias_example_alias_consumer_with_no_taskflow to None, run_after=None
[2025-04-19T10:31:45.499+0000] {logging_mixin.py:190} INFO - [2025-04-19T10:31:45.499+0000] {dag.py:4180} INFO - Setting next_dagrun for dataset_alias_example_alias_producer_with_no_taskflow to None, run_after=None
[2025-04-19T10:31:45.504+0000] {logging_mixin.py:190} INFO - [2025-04-19T10:31:45.503+0000] {dag.py:4180} INFO - Setting next_dagrun for dataset_s3_bucket_consumer_with_no_taskflow to None, run_after=None
[2025-04-19T10:31:45.507+0000] {logging_mixin.py:190} INFO - [2025-04-19T10:31:45.507+0000] {dag.py:4180} INFO - Setting next_dagrun for dataset_s3_bucket_producer_with_no_taskflow to None, run_after=None
[2025-04-19T10:31:45.560+0000] {processor.py:208} INFO - Processing /home/airflow/.local/lib/python3.12/site-packages/airflow/example_dags/example_dataset_alias_with_no_taskflow.py took 1.196 seconds
[2025-04-19T10:32:16.264+0000] {processor.py:186} INFO - Started process (PID=173) to work on /home/airflow/.local/lib/python3.12/site-packages/airflow/example_dags/example_dataset_alias_with_no_taskflow.py
[2025-04-19T10:32:16.269+0000] {processor.py:914} INFO - Processing file /home/airflow/.local/lib/python3.12/site-packages/airflow/example_dags/example_dataset_alias_with_no_taskflow.py for tasks to queue
[2025-04-19T10:32:16.281+0000] {logging_mixin.py:190} INFO - [2025-04-19T10:32:16.280+0000] {dagbag.py:588} INFO - Filling up the DagBag from /home/airflow/.local/lib/python3.12/site-packages/airflow/example_dags/example_dataset_alias_with_no_taskflow.py
[2025-04-19T10:32:17.645+0000] {processor.py:925} INFO - DAG(s) 'dataset_s3_bucket_producer_with_no_taskflow', 'dataset_alias_example_alias_consumer_with_no_taskflow', 'dataset_s3_bucket_consumer_with_no_taskflow', 'dataset_alias_example_alias_producer_with_no_taskflow' retrieved from /home/airflow/.local/lib/python3.12/site-packages/airflow/example_dags/example_dataset_alias_with_no_taskflow.py
[2025-04-19T10:32:17.725+0000] {logging_mixin.py:190} INFO - [2025-04-19T10:32:17.722+0000] {dag.py:3239} INFO - Sync 4 DAGs
[2025-04-19T10:32:17.835+0000] {logging_mixin.py:190} INFO - [2025-04-19T10:32:17.835+0000] {dag.py:4180} INFO - Setting next_dagrun for dataset_alias_example_alias_consumer_with_no_taskflow to None, run_after=None
[2025-04-19T10:32:17.845+0000] {logging_mixin.py:190} INFO - [2025-04-19T10:32:17.844+0000] {dag.py:4180} INFO - Setting next_dagrun for dataset_alias_example_alias_producer_with_no_taskflow to None, run_after=None
[2025-04-19T10:32:17.852+0000] {logging_mixin.py:190} INFO - [2025-04-19T10:32:17.851+0000] {dag.py:4180} INFO - Setting next_dagrun for dataset_s3_bucket_consumer_with_no_taskflow to None, run_after=None
[2025-04-19T10:32:17.859+0000] {logging_mixin.py:190} INFO - [2025-04-19T10:32:17.858+0000] {dag.py:4180} INFO - Setting next_dagrun for dataset_s3_bucket_producer_with_no_taskflow to None, run_after=None
[2025-04-19T10:32:17.939+0000] {processor.py:208} INFO - Processing /home/airflow/.local/lib/python3.12/site-packages/airflow/example_dags/example_dataset_alias_with_no_taskflow.py took 1.696 seconds
[2025-04-19T10:32:48.615+0000] {processor.py:186} INFO - Started process (PID=237) to work on /home/airflow/.local/lib/python3.12/site-packages/airflow/example_dags/example_dataset_alias_with_no_taskflow.py
[2025-04-19T10:32:48.625+0000] {processor.py:914} INFO - Processing file /home/airflow/.local/lib/python3.12/site-packages/airflow/example_dags/example_dataset_alias_with_no_taskflow.py for tasks to queue
[2025-04-19T10:32:48.646+0000] {logging_mixin.py:190} INFO - [2025-04-19T10:32:48.644+0000] {dagbag.py:588} INFO - Filling up the DagBag from /home/airflow/.local/lib/python3.12/site-packages/airflow/example_dags/example_dataset_alias_with_no_taskflow.py
[2025-04-19T10:32:49.848+0000] {processor.py:925} INFO - DAG(s) 'dataset_alias_example_alias_consumer_with_no_taskflow', 'dataset_s3_bucket_consumer_with_no_taskflow', 'dataset_alias_example_alias_producer_with_no_taskflow', 'dataset_s3_bucket_producer_with_no_taskflow' retrieved from /home/airflow/.local/lib/python3.12/site-packages/airflow/example_dags/example_dataset_alias_with_no_taskflow.py
[2025-04-19T10:32:49.897+0000] {logging_mixin.py:190} INFO - [2025-04-19T10:32:49.896+0000] {dag.py:3239} INFO - Sync 4 DAGs
[2025-04-19T10:32:49.959+0000] {logging_mixin.py:190} INFO - [2025-04-19T10:32:49.959+0000] {dag.py:4180} INFO - Setting next_dagrun for dataset_alias_example_alias_consumer_with_no_taskflow to None, run_after=None
[2025-04-19T10:32:49.966+0000] {logging_mixin.py:190} INFO - [2025-04-19T10:32:49.966+0000] {dag.py:4180} INFO - Setting next_dagrun for dataset_alias_example_alias_producer_with_no_taskflow to None, run_after=None
[2025-04-19T10:32:49.970+0000] {logging_mixin.py:190} INFO - [2025-04-19T10:32:49.970+0000] {dag.py:4180} INFO - Setting next_dagrun for dataset_s3_bucket_consumer_with_no_taskflow to None, run_after=None
[2025-04-19T10:32:49.973+0000] {logging_mixin.py:190} INFO - [2025-04-19T10:32:49.973+0000] {dag.py:4180} INFO - Setting next_dagrun for dataset_s3_bucket_producer_with_no_taskflow to None, run_after=None
[2025-04-19T10:32:50.022+0000] {processor.py:208} INFO - Processing /home/airflow/.local/lib/python3.12/site-packages/airflow/example_dags/example_dataset_alias_with_no_taskflow.py took 1.431 seconds
[2025-04-19T10:33:20.317+0000] {processor.py:186} INFO - Started process (PID=300) to work on /home/airflow/.local/lib/python3.12/site-packages/airflow/example_dags/example_dataset_alias_with_no_taskflow.py
[2025-04-19T10:33:20.319+0000] {processor.py:914} INFO - Processing file /home/airflow/.local/lib/python3.12/site-packages/airflow/example_dags/example_dataset_alias_with_no_taskflow.py for tasks to queue
[2025-04-19T10:33:20.323+0000] {logging_mixin.py:190} INFO - [2025-04-19T10:33:20.323+0000] {dagbag.py:588} INFO - Filling up the DagBag from /home/airflow/.local/lib/python3.12/site-packages/airflow/example_dags/example_dataset_alias_with_no_taskflow.py
[2025-04-19T10:33:21.443+0000] {processor.py:925} INFO - DAG(s) 'dataset_alias_example_alias_producer_with_no_taskflow', 'dataset_s3_bucket_producer_with_no_taskflow', 'dataset_s3_bucket_consumer_with_no_taskflow', 'dataset_alias_example_alias_consumer_with_no_taskflow' retrieved from /home/airflow/.local/lib/python3.12/site-packages/airflow/example_dags/example_dataset_alias_with_no_taskflow.py
[2025-04-19T10:33:21.501+0000] {logging_mixin.py:190} INFO - [2025-04-19T10:33:21.499+0000] {dag.py:3239} INFO - Sync 4 DAGs
[2025-04-19T10:33:21.561+0000] {logging_mixin.py:190} INFO - [2025-04-19T10:33:21.560+0000] {dag.py:4180} INFO - Setting next_dagrun for dataset_alias_example_alias_consumer_with_no_taskflow to None, run_after=None
[2025-04-19T10:33:21.570+0000] {logging_mixin.py:190} INFO - [2025-04-19T10:33:21.569+0000] {dag.py:4180} INFO - Setting next_dagrun for dataset_alias_example_alias_producer_with_no_taskflow to None, run_after=None
[2025-04-19T10:33:21.575+0000] {logging_mixin.py:190} INFO - [2025-04-19T10:33:21.574+0000] {dag.py:4180} INFO - Setting next_dagrun for dataset_s3_bucket_consumer_with_no_taskflow to None, run_after=None
[2025-04-19T10:33:21.579+0000] {logging_mixin.py:190} INFO - [2025-04-19T10:33:21.578+0000] {dag.py:4180} INFO - Setting next_dagrun for dataset_s3_bucket_producer_with_no_taskflow to None, run_after=None
[2025-04-19T10:33:21.644+0000] {processor.py:208} INFO - Processing /home/airflow/.local/lib/python3.12/site-packages/airflow/example_dags/example_dataset_alias_with_no_taskflow.py took 1.336 seconds
[2025-04-19T10:33:52.703+0000] {processor.py:186} INFO - Started process (PID=364) to work on /home/airflow/.local/lib/python3.12/site-packages/airflow/example_dags/example_dataset_alias_with_no_taskflow.py
[2025-04-19T10:33:52.710+0000] {processor.py:914} INFO - Processing file /home/airflow/.local/lib/python3.12/site-packages/airflow/example_dags/example_dataset_alias_with_no_taskflow.py for tasks to queue
[2025-04-19T10:33:52.730+0000] {logging_mixin.py:190} INFO - [2025-04-19T10:33:52.728+0000] {dagbag.py:588} INFO - Filling up the DagBag from /home/airflow/.local/lib/python3.12/site-packages/airflow/example_dags/example_dataset_alias_with_no_taskflow.py
[2025-04-19T10:33:54.888+0000] {processor.py:925} INFO - DAG(s) 'dataset_s3_bucket_producer_with_no_taskflow', 'dataset_s3_bucket_consumer_with_no_taskflow', 'dataset_alias_example_alias_producer_with_no_taskflow', 'dataset_alias_example_alias_consumer_with_no_taskflow' retrieved from /home/airflow/.local/lib/python3.12/site-packages/airflow/example_dags/example_dataset_alias_with_no_taskflow.py
[2025-04-19T10:33:54.967+0000] {logging_mixin.py:190} INFO - [2025-04-19T10:33:54.966+0000] {dag.py:3239} INFO - Sync 4 DAGs
[2025-04-19T10:33:55.054+0000] {logging_mixin.py:190} INFO - [2025-04-19T10:33:55.054+0000] {dag.py:4180} INFO - Setting next_dagrun for dataset_alias_example_alias_consumer_with_no_taskflow to None, run_after=None
[2025-04-19T10:33:55.060+0000] {logging_mixin.py:190} INFO - [2025-04-19T10:33:55.060+0000] {dag.py:4180} INFO - Setting next_dagrun for dataset_alias_example_alias_producer_with_no_taskflow to None, run_after=None
[2025-04-19T10:33:55.066+0000] {logging_mixin.py:190} INFO - [2025-04-19T10:33:55.065+0000] {dag.py:4180} INFO - Setting next_dagrun for dataset_s3_bucket_consumer_with_no_taskflow to None, run_after=None
[2025-04-19T10:33:55.070+0000] {logging_mixin.py:190} INFO - [2025-04-19T10:33:55.070+0000] {dag.py:4180} INFO - Setting next_dagrun for dataset_s3_bucket_producer_with_no_taskflow to None, run_after=None
[2025-04-19T10:33:55.121+0000] {processor.py:208} INFO - Processing /home/airflow/.local/lib/python3.12/site-packages/airflow/example_dags/example_dataset_alias_with_no_taskflow.py took 2.452 seconds
