[2025-04-19T10:19:08.202+0000] {processor.py:186} INFO - Started process (PID=111) to work on /home/airflow/.local/lib/python3.12/site-packages/airflow/example_dags/example_task_group.py
[2025-04-19T10:19:08.205+0000] {processor.py:914} INFO - Processing file /home/airflow/.local/lib/python3.12/site-packages/airflow/example_dags/example_task_group.py for tasks to queue
[2025-04-19T10:19:08.208+0000] {logging_mixin.py:190} INFO - [2025-04-19T10:19:08.208+0000] {dagbag.py:588} INFO - Filling up the DagBag from /home/airflow/.local/lib/python3.12/site-packages/airflow/example_dags/example_task_group.py
[2025-04-19T10:19:08.228+0000] {processor.py:925} INFO - DAG(s) 'example_task_group' retrieved from /home/airflow/.local/lib/python3.12/site-packages/airflow/example_dags/example_task_group.py
[2025-04-19T10:19:08.505+0000] {logging_mixin.py:190} INFO - [2025-04-19T10:19:08.503+0000] {override.py:1912} INFO - Created Permission View: can delete on DAG:example_task_group
[2025-04-19T10:19:08.537+0000] {logging_mixin.py:190} INFO - [2025-04-19T10:19:08.536+0000] {override.py:1912} INFO - Created Permission View: can read on DAG:example_task_group
[2025-04-19T10:19:08.556+0000] {logging_mixin.py:190} INFO - [2025-04-19T10:19:08.555+0000] {override.py:1912} INFO - Created Permission View: can edit on DAG:example_task_group
[2025-04-19T10:19:08.578+0000] {logging_mixin.py:190} INFO - [2025-04-19T10:19:08.574+0000] {override.py:1912} INFO - Created Permission View: can delete on DAG Run:example_task_group
[2025-04-19T10:19:08.595+0000] {logging_mixin.py:190} INFO - [2025-04-19T10:19:08.594+0000] {override.py:1912} INFO - Created Permission View: can read on DAG Run:example_task_group
[2025-04-19T10:19:08.612+0000] {logging_mixin.py:190} INFO - [2025-04-19T10:19:08.611+0000] {override.py:1912} INFO - Created Permission View: menu access on DAG Run:example_task_group
[2025-04-19T10:19:08.629+0000] {logging_mixin.py:190} INFO - [2025-04-19T10:19:08.627+0000] {override.py:1912} INFO - Created Permission View: can create on DAG Run:example_task_group
[2025-04-19T10:19:08.630+0000] {logging_mixin.py:190} INFO - [2025-04-19T10:19:08.630+0000] {dag.py:3239} INFO - Sync 1 DAGs
[2025-04-19T10:19:08.654+0000] {logging_mixin.py:190} INFO - [2025-04-19T10:19:08.653+0000] {dag.py:3262} INFO - Creating ORM DAG for example_task_group
[2025-04-19T10:19:08.656+0000] {logging_mixin.py:190} INFO - [2025-04-19T10:19:08.656+0000] {dag.py:4180} INFO - Setting next_dagrun for example_task_group to None, run_after=None
[2025-04-19T10:19:08.700+0000] {processor.py:208} INFO - Processing /home/airflow/.local/lib/python3.12/site-packages/airflow/example_dags/example_task_group.py took 0.511 seconds
[2025-04-19T10:19:39.733+0000] {processor.py:186} INFO - Started process (PID=173) to work on /home/airflow/.local/lib/python3.12/site-packages/airflow/example_dags/example_task_group.py
[2025-04-19T10:19:39.737+0000] {processor.py:914} INFO - Processing file /home/airflow/.local/lib/python3.12/site-packages/airflow/example_dags/example_task_group.py for tasks to queue
[2025-04-19T10:19:39.743+0000] {logging_mixin.py:190} INFO - [2025-04-19T10:19:39.743+0000] {dagbag.py:588} INFO - Filling up the DagBag from /home/airflow/.local/lib/python3.12/site-packages/airflow/example_dags/example_task_group.py
[2025-04-19T10:19:39.764+0000] {processor.py:925} INFO - DAG(s) 'example_task_group' retrieved from /home/airflow/.local/lib/python3.12/site-packages/airflow/example_dags/example_task_group.py
[2025-04-19T10:19:39.838+0000] {logging_mixin.py:190} INFO - [2025-04-19T10:19:39.837+0000] {dag.py:3239} INFO - Sync 1 DAGs
[2025-04-19T10:19:39.882+0000] {logging_mixin.py:190} INFO - [2025-04-19T10:19:39.881+0000] {dag.py:4180} INFO - Setting next_dagrun for example_task_group to None, run_after=None
[2025-04-19T10:19:39.955+0000] {processor.py:208} INFO - Processing /home/airflow/.local/lib/python3.12/site-packages/airflow/example_dags/example_task_group.py took 0.236 seconds
[2025-04-19T10:20:10.452+0000] {processor.py:186} INFO - Started process (PID=236) to work on /home/airflow/.local/lib/python3.12/site-packages/airflow/example_dags/example_task_group.py
[2025-04-19T10:20:10.459+0000] {processor.py:914} INFO - Processing file /home/airflow/.local/lib/python3.12/site-packages/airflow/example_dags/example_task_group.py for tasks to queue
[2025-04-19T10:20:10.475+0000] {logging_mixin.py:190} INFO - [2025-04-19T10:20:10.471+0000] {dagbag.py:588} INFO - Filling up the DagBag from /home/airflow/.local/lib/python3.12/site-packages/airflow/example_dags/example_task_group.py
[2025-04-19T10:20:10.517+0000] {processor.py:925} INFO - DAG(s) 'example_task_group' retrieved from /home/airflow/.local/lib/python3.12/site-packages/airflow/example_dags/example_task_group.py
[2025-04-19T10:20:10.597+0000] {logging_mixin.py:190} INFO - [2025-04-19T10:20:10.597+0000] {dag.py:3239} INFO - Sync 1 DAGs
[2025-04-19T10:20:10.629+0000] {logging_mixin.py:190} INFO - [2025-04-19T10:20:10.628+0000] {dag.py:4180} INFO - Setting next_dagrun for example_task_group to None, run_after=None
[2025-04-19T10:20:10.670+0000] {processor.py:208} INFO - Processing /home/airflow/.local/lib/python3.12/site-packages/airflow/example_dags/example_task_group.py took 0.252 seconds
[2025-04-19T10:20:41.176+0000] {processor.py:186} INFO - Started process (PID=299) to work on /home/airflow/.local/lib/python3.12/site-packages/airflow/example_dags/example_task_group.py
[2025-04-19T10:20:41.179+0000] {processor.py:914} INFO - Processing file /home/airflow/.local/lib/python3.12/site-packages/airflow/example_dags/example_task_group.py for tasks to queue
[2025-04-19T10:20:41.185+0000] {logging_mixin.py:190} INFO - [2025-04-19T10:20:41.184+0000] {dagbag.py:588} INFO - Filling up the DagBag from /home/airflow/.local/lib/python3.12/site-packages/airflow/example_dags/example_task_group.py
[2025-04-19T10:20:41.208+0000] {processor.py:925} INFO - DAG(s) 'example_task_group' retrieved from /home/airflow/.local/lib/python3.12/site-packages/airflow/example_dags/example_task_group.py
[2025-04-19T10:20:41.254+0000] {logging_mixin.py:190} INFO - [2025-04-19T10:20:41.254+0000] {dag.py:3239} INFO - Sync 1 DAGs
[2025-04-19T10:20:41.280+0000] {logging_mixin.py:190} INFO - [2025-04-19T10:20:41.279+0000] {dag.py:4180} INFO - Setting next_dagrun for example_task_group to None, run_after=None
[2025-04-19T10:20:41.324+0000] {processor.py:208} INFO - Processing /home/airflow/.local/lib/python3.12/site-packages/airflow/example_dags/example_task_group.py took 0.170 seconds
[2025-04-19T10:21:11.792+0000] {processor.py:186} INFO - Started process (PID=362) to work on /home/airflow/.local/lib/python3.12/site-packages/airflow/example_dags/example_task_group.py
[2025-04-19T10:21:11.794+0000] {processor.py:914} INFO - Processing file /home/airflow/.local/lib/python3.12/site-packages/airflow/example_dags/example_task_group.py for tasks to queue
[2025-04-19T10:21:11.800+0000] {logging_mixin.py:190} INFO - [2025-04-19T10:21:11.799+0000] {dagbag.py:588} INFO - Filling up the DagBag from /home/airflow/.local/lib/python3.12/site-packages/airflow/example_dags/example_task_group.py
[2025-04-19T10:21:11.819+0000] {processor.py:925} INFO - DAG(s) 'example_task_group' retrieved from /home/airflow/.local/lib/python3.12/site-packages/airflow/example_dags/example_task_group.py
[2025-04-19T10:21:11.868+0000] {logging_mixin.py:190} INFO - [2025-04-19T10:21:11.868+0000] {dag.py:3239} INFO - Sync 1 DAGs
[2025-04-19T10:21:11.896+0000] {logging_mixin.py:190} INFO - [2025-04-19T10:21:11.896+0000] {dag.py:4180} INFO - Setting next_dagrun for example_task_group to None, run_after=None
[2025-04-19T10:21:11.946+0000] {processor.py:208} INFO - Processing /home/airflow/.local/lib/python3.12/site-packages/airflow/example_dags/example_task_group.py took 0.170 seconds
[2025-04-19T10:21:42.307+0000] {processor.py:186} INFO - Started process (PID=425) to work on /home/airflow/.local/lib/python3.12/site-packages/airflow/example_dags/example_task_group.py
[2025-04-19T10:21:42.309+0000] {processor.py:914} INFO - Processing file /home/airflow/.local/lib/python3.12/site-packages/airflow/example_dags/example_task_group.py for tasks to queue
[2025-04-19T10:21:42.314+0000] {logging_mixin.py:190} INFO - [2025-04-19T10:21:42.314+0000] {dagbag.py:588} INFO - Filling up the DagBag from /home/airflow/.local/lib/python3.12/site-packages/airflow/example_dags/example_task_group.py
[2025-04-19T10:21:42.347+0000] {processor.py:925} INFO - DAG(s) 'example_task_group' retrieved from /home/airflow/.local/lib/python3.12/site-packages/airflow/example_dags/example_task_group.py
[2025-04-19T10:21:42.420+0000] {logging_mixin.py:190} INFO - [2025-04-19T10:21:42.419+0000] {dag.py:3239} INFO - Sync 1 DAGs
[2025-04-19T10:21:42.467+0000] {logging_mixin.py:190} INFO - [2025-04-19T10:21:42.467+0000] {dag.py:4180} INFO - Setting next_dagrun for example_task_group to None, run_after=None
[2025-04-19T10:21:42.506+0000] {processor.py:208} INFO - Processing /home/airflow/.local/lib/python3.12/site-packages/airflow/example_dags/example_task_group.py took 0.219 seconds
[2025-04-19T10:22:13.089+0000] {processor.py:186} INFO - Started process (PID=488) to work on /home/airflow/.local/lib/python3.12/site-packages/airflow/example_dags/example_task_group.py
[2025-04-19T10:22:13.092+0000] {processor.py:914} INFO - Processing file /home/airflow/.local/lib/python3.12/site-packages/airflow/example_dags/example_task_group.py for tasks to queue
[2025-04-19T10:22:13.098+0000] {logging_mixin.py:190} INFO - [2025-04-19T10:22:13.097+0000] {dagbag.py:588} INFO - Filling up the DagBag from /home/airflow/.local/lib/python3.12/site-packages/airflow/example_dags/example_task_group.py
[2025-04-19T10:22:13.114+0000] {processor.py:925} INFO - DAG(s) 'example_task_group' retrieved from /home/airflow/.local/lib/python3.12/site-packages/airflow/example_dags/example_task_group.py
[2025-04-19T10:22:13.160+0000] {logging_mixin.py:190} INFO - [2025-04-19T10:22:13.160+0000] {dag.py:3239} INFO - Sync 1 DAGs
[2025-04-19T10:22:13.188+0000] {logging_mixin.py:190} INFO - [2025-04-19T10:22:13.188+0000] {dag.py:4180} INFO - Setting next_dagrun for example_task_group to None, run_after=None
[2025-04-19T10:22:13.227+0000] {processor.py:208} INFO - Processing /home/airflow/.local/lib/python3.12/site-packages/airflow/example_dags/example_task_group.py took 0.148 seconds
[2025-04-19T10:22:43.493+0000] {processor.py:186} INFO - Started process (PID=550) to work on /home/airflow/.local/lib/python3.12/site-packages/airflow/example_dags/example_task_group.py
[2025-04-19T10:22:43.496+0000] {processor.py:914} INFO - Processing file /home/airflow/.local/lib/python3.12/site-packages/airflow/example_dags/example_task_group.py for tasks to queue
[2025-04-19T10:22:43.502+0000] {logging_mixin.py:190} INFO - [2025-04-19T10:22:43.501+0000] {dagbag.py:588} INFO - Filling up the DagBag from /home/airflow/.local/lib/python3.12/site-packages/airflow/example_dags/example_task_group.py
[2025-04-19T10:22:43.517+0000] {processor.py:925} INFO - DAG(s) 'example_task_group' retrieved from /home/airflow/.local/lib/python3.12/site-packages/airflow/example_dags/example_task_group.py
[2025-04-19T10:22:43.566+0000] {logging_mixin.py:190} INFO - [2025-04-19T10:22:43.566+0000] {dag.py:3239} INFO - Sync 1 DAGs
[2025-04-19T10:22:43.594+0000] {logging_mixin.py:190} INFO - [2025-04-19T10:22:43.594+0000] {dag.py:4180} INFO - Setting next_dagrun for example_task_group to None, run_after=None
[2025-04-19T10:22:43.639+0000] {processor.py:208} INFO - Processing /home/airflow/.local/lib/python3.12/site-packages/airflow/example_dags/example_task_group.py took 0.167 seconds
[2025-04-19T10:23:14.353+0000] {processor.py:186} INFO - Started process (PID=618) to work on /home/airflow/.local/lib/python3.12/site-packages/airflow/example_dags/example_task_group.py
[2025-04-19T10:23:14.359+0000] {processor.py:914} INFO - Processing file /home/airflow/.local/lib/python3.12/site-packages/airflow/example_dags/example_task_group.py for tasks to queue
[2025-04-19T10:23:14.373+0000] {logging_mixin.py:190} INFO - [2025-04-19T10:23:14.372+0000] {dagbag.py:588} INFO - Filling up the DagBag from /home/airflow/.local/lib/python3.12/site-packages/airflow/example_dags/example_task_group.py
[2025-04-19T10:23:14.416+0000] {processor.py:925} INFO - DAG(s) 'example_task_group' retrieved from /home/airflow/.local/lib/python3.12/site-packages/airflow/example_dags/example_task_group.py
[2025-04-19T10:23:14.492+0000] {logging_mixin.py:190} INFO - [2025-04-19T10:23:14.491+0000] {dag.py:3239} INFO - Sync 1 DAGs
[2025-04-19T10:23:14.534+0000] {logging_mixin.py:190} INFO - [2025-04-19T10:23:14.533+0000] {dag.py:4180} INFO - Setting next_dagrun for example_task_group to None, run_after=None
[2025-04-19T10:23:14.587+0000] {processor.py:208} INFO - Processing /home/airflow/.local/lib/python3.12/site-packages/airflow/example_dags/example_task_group.py took 0.252 seconds
[2025-04-19T10:23:44.972+0000] {processor.py:186} INFO - Started process (PID=682) to work on /home/airflow/.local/lib/python3.12/site-packages/airflow/example_dags/example_task_group.py
[2025-04-19T10:23:44.975+0000] {processor.py:914} INFO - Processing file /home/airflow/.local/lib/python3.12/site-packages/airflow/example_dags/example_task_group.py for tasks to queue
[2025-04-19T10:23:44.983+0000] {logging_mixin.py:190} INFO - [2025-04-19T10:23:44.982+0000] {dagbag.py:588} INFO - Filling up the DagBag from /home/airflow/.local/lib/python3.12/site-packages/airflow/example_dags/example_task_group.py
[2025-04-19T10:23:45.003+0000] {processor.py:925} INFO - DAG(s) 'example_task_group' retrieved from /home/airflow/.local/lib/python3.12/site-packages/airflow/example_dags/example_task_group.py
[2025-04-19T10:23:45.042+0000] {logging_mixin.py:190} INFO - [2025-04-19T10:23:45.042+0000] {dag.py:3239} INFO - Sync 1 DAGs
[2025-04-19T10:23:45.065+0000] {logging_mixin.py:190} INFO - [2025-04-19T10:23:45.064+0000] {dag.py:4180} INFO - Setting next_dagrun for example_task_group to None, run_after=None
[2025-04-19T10:23:45.105+0000] {processor.py:208} INFO - Processing /home/airflow/.local/lib/python3.12/site-packages/airflow/example_dags/example_task_group.py took 0.149 seconds
[2025-04-19T10:24:15.576+0000] {processor.py:186} INFO - Started process (PID=744) to work on /home/airflow/.local/lib/python3.12/site-packages/airflow/example_dags/example_task_group.py
[2025-04-19T10:24:15.579+0000] {processor.py:914} INFO - Processing file /home/airflow/.local/lib/python3.12/site-packages/airflow/example_dags/example_task_group.py for tasks to queue
[2025-04-19T10:24:15.585+0000] {logging_mixin.py:190} INFO - [2025-04-19T10:24:15.584+0000] {dagbag.py:588} INFO - Filling up the DagBag from /home/airflow/.local/lib/python3.12/site-packages/airflow/example_dags/example_task_group.py
[2025-04-19T10:24:15.607+0000] {processor.py:925} INFO - DAG(s) 'example_task_group' retrieved from /home/airflow/.local/lib/python3.12/site-packages/airflow/example_dags/example_task_group.py
[2025-04-19T10:24:15.660+0000] {logging_mixin.py:190} INFO - [2025-04-19T10:24:15.660+0000] {dag.py:3239} INFO - Sync 1 DAGs
[2025-04-19T10:24:15.699+0000] {logging_mixin.py:190} INFO - [2025-04-19T10:24:15.698+0000] {dag.py:4180} INFO - Setting next_dagrun for example_task_group to None, run_after=None
[2025-04-19T10:24:15.784+0000] {processor.py:208} INFO - Processing /home/airflow/.local/lib/python3.12/site-packages/airflow/example_dags/example_task_group.py took 0.223 seconds
[2025-04-19T10:24:46.162+0000] {processor.py:186} INFO - Started process (PID=808) to work on /home/airflow/.local/lib/python3.12/site-packages/airflow/example_dags/example_task_group.py
[2025-04-19T10:24:46.166+0000] {processor.py:914} INFO - Processing file /home/airflow/.local/lib/python3.12/site-packages/airflow/example_dags/example_task_group.py for tasks to queue
[2025-04-19T10:24:46.173+0000] {logging_mixin.py:190} INFO - [2025-04-19T10:24:46.172+0000] {dagbag.py:588} INFO - Filling up the DagBag from /home/airflow/.local/lib/python3.12/site-packages/airflow/example_dags/example_task_group.py
[2025-04-19T10:24:46.191+0000] {processor.py:925} INFO - DAG(s) 'example_task_group' retrieved from /home/airflow/.local/lib/python3.12/site-packages/airflow/example_dags/example_task_group.py
[2025-04-19T10:24:46.231+0000] {logging_mixin.py:190} INFO - [2025-04-19T10:24:46.231+0000] {dag.py:3239} INFO - Sync 1 DAGs
[2025-04-19T10:24:46.259+0000] {logging_mixin.py:190} INFO - [2025-04-19T10:24:46.258+0000] {dag.py:4180} INFO - Setting next_dagrun for example_task_group to None, run_after=None
[2025-04-19T10:24:46.303+0000] {processor.py:208} INFO - Processing /home/airflow/.local/lib/python3.12/site-packages/airflow/example_dags/example_task_group.py took 0.156 seconds
[2025-04-19T10:25:16.555+0000] {processor.py:186} INFO - Started process (PID=871) to work on /home/airflow/.local/lib/python3.12/site-packages/airflow/example_dags/example_task_group.py
[2025-04-19T10:25:16.558+0000] {processor.py:914} INFO - Processing file /home/airflow/.local/lib/python3.12/site-packages/airflow/example_dags/example_task_group.py for tasks to queue
[2025-04-19T10:25:16.565+0000] {logging_mixin.py:190} INFO - [2025-04-19T10:25:16.564+0000] {dagbag.py:588} INFO - Filling up the DagBag from /home/airflow/.local/lib/python3.12/site-packages/airflow/example_dags/example_task_group.py
[2025-04-19T10:25:16.588+0000] {processor.py:925} INFO - DAG(s) 'example_task_group' retrieved from /home/airflow/.local/lib/python3.12/site-packages/airflow/example_dags/example_task_group.py
[2025-04-19T10:25:16.643+0000] {logging_mixin.py:190} INFO - [2025-04-19T10:25:16.643+0000] {dag.py:3239} INFO - Sync 1 DAGs
[2025-04-19T10:25:16.676+0000] {logging_mixin.py:190} INFO - [2025-04-19T10:25:16.675+0000] {dag.py:4180} INFO - Setting next_dagrun for example_task_group to None, run_after=None
[2025-04-19T10:25:16.725+0000] {processor.py:208} INFO - Processing /home/airflow/.local/lib/python3.12/site-packages/airflow/example_dags/example_task_group.py took 0.187 seconds
[2025-04-19T10:25:47.386+0000] {processor.py:186} INFO - Started process (PID=934) to work on /home/airflow/.local/lib/python3.12/site-packages/airflow/example_dags/example_task_group.py
[2025-04-19T10:25:47.389+0000] {processor.py:914} INFO - Processing file /home/airflow/.local/lib/python3.12/site-packages/airflow/example_dags/example_task_group.py for tasks to queue
[2025-04-19T10:25:47.400+0000] {logging_mixin.py:190} INFO - [2025-04-19T10:25:47.398+0000] {dagbag.py:588} INFO - Filling up the DagBag from /home/airflow/.local/lib/python3.12/site-packages/airflow/example_dags/example_task_group.py
[2025-04-19T10:25:47.428+0000] {processor.py:925} INFO - DAG(s) 'example_task_group' retrieved from /home/airflow/.local/lib/python3.12/site-packages/airflow/example_dags/example_task_group.py
[2025-04-19T10:25:47.489+0000] {logging_mixin.py:190} INFO - [2025-04-19T10:25:47.489+0000] {dag.py:3239} INFO - Sync 1 DAGs
[2025-04-19T10:25:47.569+0000] {logging_mixin.py:190} INFO - [2025-04-19T10:25:47.568+0000] {dag.py:4180} INFO - Setting next_dagrun for example_task_group to None, run_after=None
[2025-04-19T10:25:47.668+0000] {processor.py:208} INFO - Processing /home/airflow/.local/lib/python3.12/site-packages/airflow/example_dags/example_task_group.py took 0.299 seconds
[2025-04-19T10:26:17.982+0000] {processor.py:186} INFO - Started process (PID=997) to work on /home/airflow/.local/lib/python3.12/site-packages/airflow/example_dags/example_task_group.py
[2025-04-19T10:26:17.985+0000] {processor.py:914} INFO - Processing file /home/airflow/.local/lib/python3.12/site-packages/airflow/example_dags/example_task_group.py for tasks to queue
[2025-04-19T10:26:17.992+0000] {logging_mixin.py:190} INFO - [2025-04-19T10:26:17.991+0000] {dagbag.py:588} INFO - Filling up the DagBag from /home/airflow/.local/lib/python3.12/site-packages/airflow/example_dags/example_task_group.py
[2025-04-19T10:26:18.012+0000] {processor.py:925} INFO - DAG(s) 'example_task_group' retrieved from /home/airflow/.local/lib/python3.12/site-packages/airflow/example_dags/example_task_group.py
[2025-04-19T10:26:18.061+0000] {logging_mixin.py:190} INFO - [2025-04-19T10:26:18.060+0000] {dag.py:3239} INFO - Sync 1 DAGs
[2025-04-19T10:26:18.091+0000] {logging_mixin.py:190} INFO - [2025-04-19T10:26:18.090+0000] {dag.py:4180} INFO - Setting next_dagrun for example_task_group to None, run_after=None
[2025-04-19T10:26:18.148+0000] {processor.py:208} INFO - Processing /home/airflow/.local/lib/python3.12/site-packages/airflow/example_dags/example_task_group.py took 0.180 seconds
[2025-04-19T10:26:48.389+0000] {processor.py:186} INFO - Started process (PID=1060) to work on /home/airflow/.local/lib/python3.12/site-packages/airflow/example_dags/example_task_group.py
[2025-04-19T10:26:48.391+0000] {processor.py:914} INFO - Processing file /home/airflow/.local/lib/python3.12/site-packages/airflow/example_dags/example_task_group.py for tasks to queue
[2025-04-19T10:26:48.397+0000] {logging_mixin.py:190} INFO - [2025-04-19T10:26:48.396+0000] {dagbag.py:588} INFO - Filling up the DagBag from /home/airflow/.local/lib/python3.12/site-packages/airflow/example_dags/example_task_group.py
[2025-04-19T10:26:48.420+0000] {processor.py:925} INFO - DAG(s) 'example_task_group' retrieved from /home/airflow/.local/lib/python3.12/site-packages/airflow/example_dags/example_task_group.py
[2025-04-19T10:26:48.466+0000] {logging_mixin.py:190} INFO - [2025-04-19T10:26:48.465+0000] {dag.py:3239} INFO - Sync 1 DAGs
[2025-04-19T10:26:48.495+0000] {logging_mixin.py:190} INFO - [2025-04-19T10:26:48.495+0000] {dag.py:4180} INFO - Setting next_dagrun for example_task_group to None, run_after=None
[2025-04-19T10:26:48.535+0000] {processor.py:208} INFO - Processing /home/airflow/.local/lib/python3.12/site-packages/airflow/example_dags/example_task_group.py took 0.165 seconds
[2025-04-19T10:27:19.348+0000] {processor.py:186} INFO - Started process (PID=1124) to work on /home/airflow/.local/lib/python3.12/site-packages/airflow/example_dags/example_task_group.py
[2025-04-19T10:27:19.351+0000] {processor.py:914} INFO - Processing file /home/airflow/.local/lib/python3.12/site-packages/airflow/example_dags/example_task_group.py for tasks to queue
[2025-04-19T10:27:19.358+0000] {logging_mixin.py:190} INFO - [2025-04-19T10:27:19.357+0000] {dagbag.py:588} INFO - Filling up the DagBag from /home/airflow/.local/lib/python3.12/site-packages/airflow/example_dags/example_task_group.py
[2025-04-19T10:27:19.384+0000] {processor.py:925} INFO - DAG(s) 'example_task_group' retrieved from /home/airflow/.local/lib/python3.12/site-packages/airflow/example_dags/example_task_group.py
[2025-04-19T10:27:19.425+0000] {logging_mixin.py:190} INFO - [2025-04-19T10:27:19.424+0000] {dag.py:3239} INFO - Sync 1 DAGs
[2025-04-19T10:27:19.451+0000] {logging_mixin.py:190} INFO - [2025-04-19T10:27:19.451+0000] {dag.py:4180} INFO - Setting next_dagrun for example_task_group to None, run_after=None
[2025-04-19T10:27:19.486+0000] {processor.py:208} INFO - Processing /home/airflow/.local/lib/python3.12/site-packages/airflow/example_dags/example_task_group.py took 0.153 seconds
[2025-04-19T10:27:50.012+0000] {processor.py:186} INFO - Started process (PID=1187) to work on /home/airflow/.local/lib/python3.12/site-packages/airflow/example_dags/example_task_group.py
[2025-04-19T10:27:50.016+0000] {processor.py:914} INFO - Processing file /home/airflow/.local/lib/python3.12/site-packages/airflow/example_dags/example_task_group.py for tasks to queue
[2025-04-19T10:27:50.024+0000] {logging_mixin.py:190} INFO - [2025-04-19T10:27:50.022+0000] {dagbag.py:588} INFO - Filling up the DagBag from /home/airflow/.local/lib/python3.12/site-packages/airflow/example_dags/example_task_group.py
[2025-04-19T10:27:50.048+0000] {processor.py:925} INFO - DAG(s) 'example_task_group' retrieved from /home/airflow/.local/lib/python3.12/site-packages/airflow/example_dags/example_task_group.py
[2025-04-19T10:27:50.113+0000] {logging_mixin.py:190} INFO - [2025-04-19T10:27:50.112+0000] {dag.py:3239} INFO - Sync 1 DAGs
[2025-04-19T10:27:50.149+0000] {logging_mixin.py:190} INFO - [2025-04-19T10:27:50.148+0000] {dag.py:4180} INFO - Setting next_dagrun for example_task_group to None, run_after=None
[2025-04-19T10:27:50.206+0000] {processor.py:208} INFO - Processing /home/airflow/.local/lib/python3.12/site-packages/airflow/example_dags/example_task_group.py took 0.209 seconds
[2025-04-19T10:28:21.195+0000] {processor.py:186} INFO - Started process (PID=1250) to work on /home/airflow/.local/lib/python3.12/site-packages/airflow/example_dags/example_task_group.py
[2025-04-19T10:28:21.199+0000] {processor.py:914} INFO - Processing file /home/airflow/.local/lib/python3.12/site-packages/airflow/example_dags/example_task_group.py for tasks to queue
[2025-04-19T10:28:21.206+0000] {logging_mixin.py:190} INFO - [2025-04-19T10:28:21.205+0000] {dagbag.py:588} INFO - Filling up the DagBag from /home/airflow/.local/lib/python3.12/site-packages/airflow/example_dags/example_task_group.py
[2025-04-19T10:28:21.229+0000] {processor.py:925} INFO - DAG(s) 'example_task_group' retrieved from /home/airflow/.local/lib/python3.12/site-packages/airflow/example_dags/example_task_group.py
[2025-04-19T10:28:21.286+0000] {logging_mixin.py:190} INFO - [2025-04-19T10:28:21.285+0000] {dag.py:3239} INFO - Sync 1 DAGs
[2025-04-19T10:28:21.310+0000] {logging_mixin.py:190} INFO - [2025-04-19T10:28:21.310+0000] {dag.py:4180} INFO - Setting next_dagrun for example_task_group to None, run_after=None
[2025-04-19T10:28:21.368+0000] {processor.py:208} INFO - Processing /home/airflow/.local/lib/python3.12/site-packages/airflow/example_dags/example_task_group.py took 0.187 seconds
[2025-04-19T10:28:51.922+0000] {processor.py:186} INFO - Started process (PID=1313) to work on /home/airflow/.local/lib/python3.12/site-packages/airflow/example_dags/example_task_group.py
[2025-04-19T10:28:51.926+0000] {processor.py:914} INFO - Processing file /home/airflow/.local/lib/python3.12/site-packages/airflow/example_dags/example_task_group.py for tasks to queue
[2025-04-19T10:28:51.934+0000] {logging_mixin.py:190} INFO - [2025-04-19T10:28:51.933+0000] {dagbag.py:588} INFO - Filling up the DagBag from /home/airflow/.local/lib/python3.12/site-packages/airflow/example_dags/example_task_group.py
[2025-04-19T10:28:51.961+0000] {processor.py:925} INFO - DAG(s) 'example_task_group' retrieved from /home/airflow/.local/lib/python3.12/site-packages/airflow/example_dags/example_task_group.py
[2025-04-19T10:28:52.010+0000] {logging_mixin.py:190} INFO - [2025-04-19T10:28:52.010+0000] {dag.py:3239} INFO - Sync 1 DAGs
[2025-04-19T10:28:52.039+0000] {logging_mixin.py:190} INFO - [2025-04-19T10:28:52.038+0000] {dag.py:4180} INFO - Setting next_dagrun for example_task_group to None, run_after=None
[2025-04-19T10:28:52.089+0000] {processor.py:208} INFO - Processing /home/airflow/.local/lib/python3.12/site-packages/airflow/example_dags/example_task_group.py took 0.182 seconds
[2025-04-19T10:29:22.826+0000] {processor.py:186} INFO - Started process (PID=1376) to work on /home/airflow/.local/lib/python3.12/site-packages/airflow/example_dags/example_task_group.py
[2025-04-19T10:29:22.828+0000] {processor.py:914} INFO - Processing file /home/airflow/.local/lib/python3.12/site-packages/airflow/example_dags/example_task_group.py for tasks to queue
[2025-04-19T10:29:22.835+0000] {logging_mixin.py:190} INFO - [2025-04-19T10:29:22.834+0000] {dagbag.py:588} INFO - Filling up the DagBag from /home/airflow/.local/lib/python3.12/site-packages/airflow/example_dags/example_task_group.py
[2025-04-19T10:29:22.850+0000] {processor.py:925} INFO - DAG(s) 'example_task_group' retrieved from /home/airflow/.local/lib/python3.12/site-packages/airflow/example_dags/example_task_group.py
[2025-04-19T10:29:22.890+0000] {logging_mixin.py:190} INFO - [2025-04-19T10:29:22.890+0000] {dag.py:3239} INFO - Sync 1 DAGs
[2025-04-19T10:29:22.954+0000] {logging_mixin.py:190} INFO - [2025-04-19T10:29:22.953+0000] {dag.py:4180} INFO - Setting next_dagrun for example_task_group to None, run_after=None
[2025-04-19T10:29:23.024+0000] {processor.py:208} INFO - Processing /home/airflow/.local/lib/python3.12/site-packages/airflow/example_dags/example_task_group.py took 0.210 seconds
[2025-04-19T10:31:44.414+0000] {processor.py:186} INFO - Started process (PID=110) to work on /home/airflow/.local/lib/python3.12/site-packages/airflow/example_dags/example_task_group.py
[2025-04-19T10:31:44.416+0000] {processor.py:914} INFO - Processing file /home/airflow/.local/lib/python3.12/site-packages/airflow/example_dags/example_task_group.py for tasks to queue
[2025-04-19T10:31:44.422+0000] {logging_mixin.py:190} INFO - [2025-04-19T10:31:44.421+0000] {dagbag.py:588} INFO - Filling up the DagBag from /home/airflow/.local/lib/python3.12/site-packages/airflow/example_dags/example_task_group.py
[2025-04-19T10:31:44.440+0000] {processor.py:925} INFO - DAG(s) 'example_task_group' retrieved from /home/airflow/.local/lib/python3.12/site-packages/airflow/example_dags/example_task_group.py
[2025-04-19T10:31:44.483+0000] {logging_mixin.py:190} INFO - [2025-04-19T10:31:44.481+0000] {dag.py:3239} INFO - Sync 1 DAGs
[2025-04-19T10:31:44.511+0000] {logging_mixin.py:190} INFO - [2025-04-19T10:31:44.510+0000] {dag.py:4180} INFO - Setting next_dagrun for example_task_group to None, run_after=None
[2025-04-19T10:31:44.552+0000] {processor.py:208} INFO - Processing /home/airflow/.local/lib/python3.12/site-packages/airflow/example_dags/example_task_group.py took 0.152 seconds
[2025-04-19T10:32:15.033+0000] {processor.py:186} INFO - Started process (PID=172) to work on /home/airflow/.local/lib/python3.12/site-packages/airflow/example_dags/example_task_group.py
[2025-04-19T10:32:15.035+0000] {processor.py:914} INFO - Processing file /home/airflow/.local/lib/python3.12/site-packages/airflow/example_dags/example_task_group.py for tasks to queue
[2025-04-19T10:32:15.042+0000] {logging_mixin.py:190} INFO - [2025-04-19T10:32:15.041+0000] {dagbag.py:588} INFO - Filling up the DagBag from /home/airflow/.local/lib/python3.12/site-packages/airflow/example_dags/example_task_group.py
[2025-04-19T10:32:15.058+0000] {processor.py:925} INFO - DAG(s) 'example_task_group' retrieved from /home/airflow/.local/lib/python3.12/site-packages/airflow/example_dags/example_task_group.py
[2025-04-19T10:32:15.097+0000] {logging_mixin.py:190} INFO - [2025-04-19T10:32:15.096+0000] {dag.py:3239} INFO - Sync 1 DAGs
[2025-04-19T10:32:15.135+0000] {logging_mixin.py:190} INFO - [2025-04-19T10:32:15.134+0000] {dag.py:4180} INFO - Setting next_dagrun for example_task_group to None, run_after=None
[2025-04-19T10:32:15.216+0000] {processor.py:208} INFO - Processing /home/airflow/.local/lib/python3.12/site-packages/airflow/example_dags/example_task_group.py took 0.196 seconds
[2025-04-19T10:32:46.322+0000] {processor.py:186} INFO - Started process (PID=236) to work on /home/airflow/.local/lib/python3.12/site-packages/airflow/example_dags/example_task_group.py
[2025-04-19T10:32:46.325+0000] {processor.py:914} INFO - Processing file /home/airflow/.local/lib/python3.12/site-packages/airflow/example_dags/example_task_group.py for tasks to queue
[2025-04-19T10:32:46.332+0000] {logging_mixin.py:190} INFO - [2025-04-19T10:32:46.331+0000] {dagbag.py:588} INFO - Filling up the DagBag from /home/airflow/.local/lib/python3.12/site-packages/airflow/example_dags/example_task_group.py
[2025-04-19T10:32:46.348+0000] {processor.py:925} INFO - DAG(s) 'example_task_group' retrieved from /home/airflow/.local/lib/python3.12/site-packages/airflow/example_dags/example_task_group.py
[2025-04-19T10:32:46.414+0000] {logging_mixin.py:190} INFO - [2025-04-19T10:32:46.413+0000] {dag.py:3239} INFO - Sync 1 DAGs
[2025-04-19T10:32:46.458+0000] {logging_mixin.py:190} INFO - [2025-04-19T10:32:46.457+0000] {dag.py:4180} INFO - Setting next_dagrun for example_task_group to None, run_after=None
[2025-04-19T10:32:46.501+0000] {processor.py:208} INFO - Processing /home/airflow/.local/lib/python3.12/site-packages/airflow/example_dags/example_task_group.py took 0.189 seconds
[2025-04-19T10:33:18.036+0000] {processor.py:186} INFO - Started process (PID=299) to work on /home/airflow/.local/lib/python3.12/site-packages/airflow/example_dags/example_task_group.py
[2025-04-19T10:33:18.038+0000] {processor.py:914} INFO - Processing file /home/airflow/.local/lib/python3.12/site-packages/airflow/example_dags/example_task_group.py for tasks to queue
[2025-04-19T10:33:18.043+0000] {logging_mixin.py:190} INFO - [2025-04-19T10:33:18.042+0000] {dagbag.py:588} INFO - Filling up the DagBag from /home/airflow/.local/lib/python3.12/site-packages/airflow/example_dags/example_task_group.py
[2025-04-19T10:33:18.063+0000] {processor.py:925} INFO - DAG(s) 'example_task_group' retrieved from /home/airflow/.local/lib/python3.12/site-packages/airflow/example_dags/example_task_group.py
[2025-04-19T10:33:18.126+0000] {logging_mixin.py:190} INFO - [2025-04-19T10:33:18.126+0000] {dag.py:3239} INFO - Sync 1 DAGs
[2025-04-19T10:33:18.173+0000] {logging_mixin.py:190} INFO - [2025-04-19T10:33:18.172+0000] {dag.py:4180} INFO - Setting next_dagrun for example_task_group to None, run_after=None
[2025-04-19T10:33:18.249+0000] {processor.py:208} INFO - Processing /home/airflow/.local/lib/python3.12/site-packages/airflow/example_dags/example_task_group.py took 0.229 seconds
[2025-04-19T10:33:49.365+0000] {processor.py:186} INFO - Started process (PID=362) to work on /home/airflow/.local/lib/python3.12/site-packages/airflow/example_dags/example_task_group.py
[2025-04-19T10:33:49.367+0000] {processor.py:914} INFO - Processing file /home/airflow/.local/lib/python3.12/site-packages/airflow/example_dags/example_task_group.py for tasks to queue
[2025-04-19T10:33:49.373+0000] {logging_mixin.py:190} INFO - [2025-04-19T10:33:49.372+0000] {dagbag.py:588} INFO - Filling up the DagBag from /home/airflow/.local/lib/python3.12/site-packages/airflow/example_dags/example_task_group.py
[2025-04-19T10:33:49.388+0000] {processor.py:925} INFO - DAG(s) 'example_task_group' retrieved from /home/airflow/.local/lib/python3.12/site-packages/airflow/example_dags/example_task_group.py
[2025-04-19T10:33:49.436+0000] {logging_mixin.py:190} INFO - [2025-04-19T10:33:49.435+0000] {dag.py:3239} INFO - Sync 1 DAGs
[2025-04-19T10:33:49.477+0000] {logging_mixin.py:190} INFO - [2025-04-19T10:33:49.476+0000] {dag.py:4180} INFO - Setting next_dagrun for example_task_group to None, run_after=None
[2025-04-19T10:33:49.545+0000] {processor.py:208} INFO - Processing /home/airflow/.local/lib/python3.12/site-packages/airflow/example_dags/example_task_group.py took 0.189 seconds
