[2025-04-19T10:19:15.209+0000] {processor.py:186} INFO - Started process (PID=127) to work on /home/airflow/.local/lib/python3.12/site-packages/airflow/example_dags/example_bash_decorator.py
[2025-04-19T10:19:15.211+0000] {processor.py:914} INFO - Processing file /home/airflow/.local/lib/python3.12/site-packages/airflow/example_dags/example_bash_decorator.py for tasks to queue
[2025-04-19T10:19:15.216+0000] {logging_mixin.py:190} INFO - [2025-04-19T10:19:15.216+0000] {dagbag.py:588} INFO - Filling up the DagBag from /home/airflow/.local/lib/python3.12/site-packages/airflow/example_dags/example_bash_decorator.py
[2025-04-19T10:19:15.245+0000] {processor.py:925} INFO - DAG(s) 'example_bash_decorator' retrieved from /home/airflow/.local/lib/python3.12/site-packages/airflow/example_dags/example_bash_decorator.py
[2025-04-19T10:19:15.483+0000] {logging_mixin.py:190} INFO - [2025-04-19T10:19:15.481+0000] {override.py:1912} INFO - Created Permission View: can delete on DAG:example_bash_decorator
[2025-04-19T10:19:15.508+0000] {logging_mixin.py:190} INFO - [2025-04-19T10:19:15.507+0000] {override.py:1912} INFO - Created Permission View: can read on DAG:example_bash_decorator
[2025-04-19T10:19:15.521+0000] {logging_mixin.py:190} INFO - [2025-04-19T10:19:15.521+0000] {override.py:1912} INFO - Created Permission View: can edit on DAG:example_bash_decorator
[2025-04-19T10:19:15.538+0000] {logging_mixin.py:190} INFO - [2025-04-19T10:19:15.538+0000] {override.py:1912} INFO - Created Permission View: can delete on DAG Run:example_bash_decorator
[2025-04-19T10:19:15.553+0000] {logging_mixin.py:190} INFO - [2025-04-19T10:19:15.553+0000] {override.py:1912} INFO - Created Permission View: can read on DAG Run:example_bash_decorator
[2025-04-19T10:19:15.570+0000] {logging_mixin.py:190} INFO - [2025-04-19T10:19:15.569+0000] {override.py:1912} INFO - Created Permission View: menu access on DAG Run:example_bash_decorator
[2025-04-19T10:19:15.582+0000] {logging_mixin.py:190} INFO - [2025-04-19T10:19:15.582+0000] {override.py:1912} INFO - Created Permission View: can create on DAG Run:example_bash_decorator
[2025-04-19T10:19:15.584+0000] {logging_mixin.py:190} INFO - [2025-04-19T10:19:15.583+0000] {dag.py:3239} INFO - Sync 1 DAGs
[2025-04-19T10:19:15.614+0000] {logging_mixin.py:190} INFO - [2025-04-19T10:19:15.614+0000] {dag.py:3262} INFO - Creating ORM DAG for example_bash_decorator
[2025-04-19T10:19:15.618+0000] {logging_mixin.py:190} INFO - [2025-04-19T10:19:15.618+0000] {dag.py:4180} INFO - Setting next_dagrun for example_bash_decorator to None, run_after=None
[2025-04-19T10:19:15.656+0000] {processor.py:208} INFO - Processing /home/airflow/.local/lib/python3.12/site-packages/airflow/example_dags/example_bash_decorator.py took 0.455 seconds
[2025-04-19T10:19:45.823+0000] {processor.py:186} INFO - Started process (PID=189) to work on /home/airflow/.local/lib/python3.12/site-packages/airflow/example_dags/example_bash_decorator.py
[2025-04-19T10:19:45.826+0000] {processor.py:914} INFO - Processing file /home/airflow/.local/lib/python3.12/site-packages/airflow/example_dags/example_bash_decorator.py for tasks to queue
[2025-04-19T10:19:45.833+0000] {logging_mixin.py:190} INFO - [2025-04-19T10:19:45.832+0000] {dagbag.py:588} INFO - Filling up the DagBag from /home/airflow/.local/lib/python3.12/site-packages/airflow/example_dags/example_bash_decorator.py
[2025-04-19T10:19:45.890+0000] {processor.py:925} INFO - DAG(s) 'example_bash_decorator' retrieved from /home/airflow/.local/lib/python3.12/site-packages/airflow/example_dags/example_bash_decorator.py
[2025-04-19T10:19:45.965+0000] {logging_mixin.py:190} INFO - [2025-04-19T10:19:45.965+0000] {dag.py:3239} INFO - Sync 1 DAGs
[2025-04-19T10:19:45.990+0000] {logging_mixin.py:190} INFO - [2025-04-19T10:19:45.989+0000] {dag.py:4180} INFO - Setting next_dagrun for example_bash_decorator to None, run_after=None
[2025-04-19T10:19:46.030+0000] {processor.py:208} INFO - Processing /home/airflow/.local/lib/python3.12/site-packages/airflow/example_dags/example_bash_decorator.py took 0.222 seconds
[2025-04-19T10:20:16.943+0000] {processor.py:186} INFO - Started process (PID=252) to work on /home/airflow/.local/lib/python3.12/site-packages/airflow/example_dags/example_bash_decorator.py
[2025-04-19T10:20:16.947+0000] {processor.py:914} INFO - Processing file /home/airflow/.local/lib/python3.12/site-packages/airflow/example_dags/example_bash_decorator.py for tasks to queue
[2025-04-19T10:20:16.952+0000] {logging_mixin.py:190} INFO - [2025-04-19T10:20:16.951+0000] {dagbag.py:588} INFO - Filling up the DagBag from /home/airflow/.local/lib/python3.12/site-packages/airflow/example_dags/example_bash_decorator.py
[2025-04-19T10:20:16.981+0000] {processor.py:925} INFO - DAG(s) 'example_bash_decorator' retrieved from /home/airflow/.local/lib/python3.12/site-packages/airflow/example_dags/example_bash_decorator.py
[2025-04-19T10:20:17.031+0000] {logging_mixin.py:190} INFO - [2025-04-19T10:20:17.030+0000] {dag.py:3239} INFO - Sync 1 DAGs
[2025-04-19T10:20:17.053+0000] {logging_mixin.py:190} INFO - [2025-04-19T10:20:17.053+0000] {dag.py:4180} INFO - Setting next_dagrun for example_bash_decorator to None, run_after=None
[2025-04-19T10:20:17.102+0000] {processor.py:208} INFO - Processing /home/airflow/.local/lib/python3.12/site-packages/airflow/example_dags/example_bash_decorator.py took 0.174 seconds
[2025-04-19T10:20:47.661+0000] {processor.py:186} INFO - Started process (PID=315) to work on /home/airflow/.local/lib/python3.12/site-packages/airflow/example_dags/example_bash_decorator.py
[2025-04-19T10:20:47.664+0000] {processor.py:914} INFO - Processing file /home/airflow/.local/lib/python3.12/site-packages/airflow/example_dags/example_bash_decorator.py for tasks to queue
[2025-04-19T10:20:47.672+0000] {logging_mixin.py:190} INFO - [2025-04-19T10:20:47.672+0000] {dagbag.py:588} INFO - Filling up the DagBag from /home/airflow/.local/lib/python3.12/site-packages/airflow/example_dags/example_bash_decorator.py
[2025-04-19T10:20:47.697+0000] {processor.py:925} INFO - DAG(s) 'example_bash_decorator' retrieved from /home/airflow/.local/lib/python3.12/site-packages/airflow/example_dags/example_bash_decorator.py
[2025-04-19T10:20:47.743+0000] {logging_mixin.py:190} INFO - [2025-04-19T10:20:47.742+0000] {dag.py:3239} INFO - Sync 1 DAGs
[2025-04-19T10:20:47.779+0000] {logging_mixin.py:190} INFO - [2025-04-19T10:20:47.778+0000] {dag.py:4180} INFO - Setting next_dagrun for example_bash_decorator to None, run_after=None
[2025-04-19T10:20:47.816+0000] {processor.py:208} INFO - Processing /home/airflow/.local/lib/python3.12/site-packages/airflow/example_dags/example_bash_decorator.py took 0.165 seconds
[2025-04-19T10:21:17.931+0000] {processor.py:186} INFO - Started process (PID=384) to work on /home/airflow/.local/lib/python3.12/site-packages/airflow/example_dags/example_bash_decorator.py
[2025-04-19T10:21:17.933+0000] {processor.py:914} INFO - Processing file /home/airflow/.local/lib/python3.12/site-packages/airflow/example_dags/example_bash_decorator.py for tasks to queue
[2025-04-19T10:21:17.938+0000] {logging_mixin.py:190} INFO - [2025-04-19T10:21:17.937+0000] {dagbag.py:588} INFO - Filling up the DagBag from /home/airflow/.local/lib/python3.12/site-packages/airflow/example_dags/example_bash_decorator.py
[2025-04-19T10:21:17.960+0000] {processor.py:925} INFO - DAG(s) 'example_bash_decorator' retrieved from /home/airflow/.local/lib/python3.12/site-packages/airflow/example_dags/example_bash_decorator.py
[2025-04-19T10:21:17.999+0000] {logging_mixin.py:190} INFO - [2025-04-19T10:21:17.998+0000] {dag.py:3239} INFO - Sync 1 DAGs
[2025-04-19T10:21:18.020+0000] {logging_mixin.py:190} INFO - [2025-04-19T10:21:18.020+0000] {dag.py:4180} INFO - Setting next_dagrun for example_bash_decorator to None, run_after=None
[2025-04-19T10:21:18.053+0000] {processor.py:208} INFO - Processing /home/airflow/.local/lib/python3.12/site-packages/airflow/example_dags/example_bash_decorator.py took 0.131 seconds
[2025-04-19T10:21:49.616+0000] {processor.py:186} INFO - Started process (PID=447) to work on /home/airflow/.local/lib/python3.12/site-packages/airflow/example_dags/example_bash_decorator.py
[2025-04-19T10:21:49.619+0000] {processor.py:914} INFO - Processing file /home/airflow/.local/lib/python3.12/site-packages/airflow/example_dags/example_bash_decorator.py for tasks to queue
[2025-04-19T10:21:49.626+0000] {logging_mixin.py:190} INFO - [2025-04-19T10:21:49.625+0000] {dagbag.py:588} INFO - Filling up the DagBag from /home/airflow/.local/lib/python3.12/site-packages/airflow/example_dags/example_bash_decorator.py
[2025-04-19T10:21:49.662+0000] {processor.py:925} INFO - DAG(s) 'example_bash_decorator' retrieved from /home/airflow/.local/lib/python3.12/site-packages/airflow/example_dags/example_bash_decorator.py
[2025-04-19T10:21:49.707+0000] {logging_mixin.py:190} INFO - [2025-04-19T10:21:49.706+0000] {dag.py:3239} INFO - Sync 1 DAGs
[2025-04-19T10:21:49.727+0000] {logging_mixin.py:190} INFO - [2025-04-19T10:21:49.726+0000] {dag.py:4180} INFO - Setting next_dagrun for example_bash_decorator to None, run_after=None
[2025-04-19T10:21:49.768+0000] {processor.py:208} INFO - Processing /home/airflow/.local/lib/python3.12/site-packages/airflow/example_dags/example_bash_decorator.py took 0.168 seconds
[2025-04-19T10:22:21.599+0000] {processor.py:186} INFO - Started process (PID=508) to work on /home/airflow/.local/lib/python3.12/site-packages/airflow/example_dags/example_bash_decorator.py
[2025-04-19T10:22:21.603+0000] {processor.py:914} INFO - Processing file /home/airflow/.local/lib/python3.12/site-packages/airflow/example_dags/example_bash_decorator.py for tasks to queue
[2025-04-19T10:22:21.612+0000] {logging_mixin.py:190} INFO - [2025-04-19T10:22:21.611+0000] {dagbag.py:588} INFO - Filling up the DagBag from /home/airflow/.local/lib/python3.12/site-packages/airflow/example_dags/example_bash_decorator.py
[2025-04-19T10:22:21.655+0000] {processor.py:925} INFO - DAG(s) 'example_bash_decorator' retrieved from /home/airflow/.local/lib/python3.12/site-packages/airflow/example_dags/example_bash_decorator.py
[2025-04-19T10:22:21.718+0000] {logging_mixin.py:190} INFO - [2025-04-19T10:22:21.718+0000] {dag.py:3239} INFO - Sync 1 DAGs
[2025-04-19T10:22:21.742+0000] {logging_mixin.py:190} INFO - [2025-04-19T10:22:21.742+0000] {dag.py:4180} INFO - Setting next_dagrun for example_bash_decorator to None, run_after=None
[2025-04-19T10:22:21.810+0000] {processor.py:208} INFO - Processing /home/airflow/.local/lib/python3.12/site-packages/airflow/example_dags/example_bash_decorator.py took 0.231 seconds
[2025-04-19T10:22:53.392+0000] {processor.py:186} INFO - Started process (PID=570) to work on /home/airflow/.local/lib/python3.12/site-packages/airflow/example_dags/example_bash_decorator.py
[2025-04-19T10:22:53.397+0000] {processor.py:914} INFO - Processing file /home/airflow/.local/lib/python3.12/site-packages/airflow/example_dags/example_bash_decorator.py for tasks to queue
[2025-04-19T10:22:53.404+0000] {logging_mixin.py:190} INFO - [2025-04-19T10:22:53.404+0000] {dagbag.py:588} INFO - Filling up the DagBag from /home/airflow/.local/lib/python3.12/site-packages/airflow/example_dags/example_bash_decorator.py
[2025-04-19T10:22:53.452+0000] {processor.py:925} INFO - DAG(s) 'example_bash_decorator' retrieved from /home/airflow/.local/lib/python3.12/site-packages/airflow/example_dags/example_bash_decorator.py
[2025-04-19T10:22:53.511+0000] {logging_mixin.py:190} INFO - [2025-04-19T10:22:53.510+0000] {dag.py:3239} INFO - Sync 1 DAGs
[2025-04-19T10:22:53.537+0000] {logging_mixin.py:190} INFO - [2025-04-19T10:22:53.537+0000] {dag.py:4180} INFO - Setting next_dagrun for example_bash_decorator to None, run_after=None
[2025-04-19T10:22:53.591+0000] {processor.py:208} INFO - Processing /home/airflow/.local/lib/python3.12/site-packages/airflow/example_dags/example_bash_decorator.py took 0.221 seconds
[2025-04-19T10:23:25.085+0000] {processor.py:186} INFO - Started process (PID=633) to work on /home/airflow/.local/lib/python3.12/site-packages/airflow/example_dags/example_bash_decorator.py
[2025-04-19T10:23:25.088+0000] {processor.py:914} INFO - Processing file /home/airflow/.local/lib/python3.12/site-packages/airflow/example_dags/example_bash_decorator.py for tasks to queue
[2025-04-19T10:23:25.094+0000] {logging_mixin.py:190} INFO - [2025-04-19T10:23:25.093+0000] {dagbag.py:588} INFO - Filling up the DagBag from /home/airflow/.local/lib/python3.12/site-packages/airflow/example_dags/example_bash_decorator.py
[2025-04-19T10:23:25.121+0000] {processor.py:925} INFO - DAG(s) 'example_bash_decorator' retrieved from /home/airflow/.local/lib/python3.12/site-packages/airflow/example_dags/example_bash_decorator.py
[2025-04-19T10:23:25.168+0000] {logging_mixin.py:190} INFO - [2025-04-19T10:23:25.167+0000] {dag.py:3239} INFO - Sync 1 DAGs
[2025-04-19T10:23:25.193+0000] {logging_mixin.py:190} INFO - [2025-04-19T10:23:25.192+0000] {dag.py:4180} INFO - Setting next_dagrun for example_bash_decorator to None, run_after=None
[2025-04-19T10:23:25.228+0000] {processor.py:208} INFO - Processing /home/airflow/.local/lib/python3.12/site-packages/airflow/example_dags/example_bash_decorator.py took 0.153 seconds
[2025-04-19T10:23:56.256+0000] {processor.py:186} INFO - Started process (PID=697) to work on /home/airflow/.local/lib/python3.12/site-packages/airflow/example_dags/example_bash_decorator.py
[2025-04-19T10:23:56.258+0000] {processor.py:914} INFO - Processing file /home/airflow/.local/lib/python3.12/site-packages/airflow/example_dags/example_bash_decorator.py for tasks to queue
[2025-04-19T10:23:56.264+0000] {logging_mixin.py:190} INFO - [2025-04-19T10:23:56.263+0000] {dagbag.py:588} INFO - Filling up the DagBag from /home/airflow/.local/lib/python3.12/site-packages/airflow/example_dags/example_bash_decorator.py
[2025-04-19T10:23:56.300+0000] {processor.py:925} INFO - DAG(s) 'example_bash_decorator' retrieved from /home/airflow/.local/lib/python3.12/site-packages/airflow/example_dags/example_bash_decorator.py
[2025-04-19T10:23:56.358+0000] {logging_mixin.py:190} INFO - [2025-04-19T10:23:56.357+0000] {dag.py:3239} INFO - Sync 1 DAGs
[2025-04-19T10:23:56.381+0000] {logging_mixin.py:190} INFO - [2025-04-19T10:23:56.381+0000] {dag.py:4180} INFO - Setting next_dagrun for example_bash_decorator to None, run_after=None
[2025-04-19T10:23:56.430+0000] {processor.py:208} INFO - Processing /home/airflow/.local/lib/python3.12/site-packages/airflow/example_dags/example_bash_decorator.py took 0.191 seconds
[2025-04-19T10:24:27.410+0000] {processor.py:186} INFO - Started process (PID=760) to work on /home/airflow/.local/lib/python3.12/site-packages/airflow/example_dags/example_bash_decorator.py
[2025-04-19T10:24:27.411+0000] {processor.py:914} INFO - Processing file /home/airflow/.local/lib/python3.12/site-packages/airflow/example_dags/example_bash_decorator.py for tasks to queue
[2025-04-19T10:24:27.415+0000] {logging_mixin.py:190} INFO - [2025-04-19T10:24:27.415+0000] {dagbag.py:588} INFO - Filling up the DagBag from /home/airflow/.local/lib/python3.12/site-packages/airflow/example_dags/example_bash_decorator.py
[2025-04-19T10:24:27.438+0000] {processor.py:925} INFO - DAG(s) 'example_bash_decorator' retrieved from /home/airflow/.local/lib/python3.12/site-packages/airflow/example_dags/example_bash_decorator.py
[2025-04-19T10:24:27.475+0000] {logging_mixin.py:190} INFO - [2025-04-19T10:24:27.474+0000] {dag.py:3239} INFO - Sync 1 DAGs
[2025-04-19T10:24:27.497+0000] {logging_mixin.py:190} INFO - [2025-04-19T10:24:27.496+0000] {dag.py:4180} INFO - Setting next_dagrun for example_bash_decorator to None, run_after=None
[2025-04-19T10:24:27.587+0000] {processor.py:208} INFO - Processing /home/airflow/.local/lib/python3.12/site-packages/airflow/example_dags/example_bash_decorator.py took 0.186 seconds
[2025-04-19T10:24:58.629+0000] {processor.py:186} INFO - Started process (PID=824) to work on /home/airflow/.local/lib/python3.12/site-packages/airflow/example_dags/example_bash_decorator.py
[2025-04-19T10:24:58.631+0000] {processor.py:914} INFO - Processing file /home/airflow/.local/lib/python3.12/site-packages/airflow/example_dags/example_bash_decorator.py for tasks to queue
[2025-04-19T10:24:58.637+0000] {logging_mixin.py:190} INFO - [2025-04-19T10:24:58.636+0000] {dagbag.py:588} INFO - Filling up the DagBag from /home/airflow/.local/lib/python3.12/site-packages/airflow/example_dags/example_bash_decorator.py
[2025-04-19T10:24:58.666+0000] {processor.py:925} INFO - DAG(s) 'example_bash_decorator' retrieved from /home/airflow/.local/lib/python3.12/site-packages/airflow/example_dags/example_bash_decorator.py
[2025-04-19T10:24:58.702+0000] {logging_mixin.py:190} INFO - [2025-04-19T10:24:58.702+0000] {dag.py:3239} INFO - Sync 1 DAGs
[2025-04-19T10:24:58.725+0000] {logging_mixin.py:190} INFO - [2025-04-19T10:24:58.725+0000] {dag.py:4180} INFO - Setting next_dagrun for example_bash_decorator to None, run_after=None
[2025-04-19T10:24:58.765+0000] {processor.py:208} INFO - Processing /home/airflow/.local/lib/python3.12/site-packages/airflow/example_dags/example_bash_decorator.py took 0.153 seconds
[2025-04-19T10:25:31.748+0000] {processor.py:186} INFO - Started process (PID=887) to work on /home/airflow/.local/lib/python3.12/site-packages/airflow/example_dags/example_bash_decorator.py
[2025-04-19T10:25:31.752+0000] {processor.py:914} INFO - Processing file /home/airflow/.local/lib/python3.12/site-packages/airflow/example_dags/example_bash_decorator.py for tasks to queue
[2025-04-19T10:25:31.759+0000] {logging_mixin.py:190} INFO - [2025-04-19T10:25:31.758+0000] {dagbag.py:588} INFO - Filling up the DagBag from /home/airflow/.local/lib/python3.12/site-packages/airflow/example_dags/example_bash_decorator.py
[2025-04-19T10:25:31.792+0000] {processor.py:925} INFO - DAG(s) 'example_bash_decorator' retrieved from /home/airflow/.local/lib/python3.12/site-packages/airflow/example_dags/example_bash_decorator.py
[2025-04-19T10:25:31.831+0000] {logging_mixin.py:190} INFO - [2025-04-19T10:25:31.831+0000] {dag.py:3239} INFO - Sync 1 DAGs
[2025-04-19T10:25:31.858+0000] {logging_mixin.py:190} INFO - [2025-04-19T10:25:31.857+0000] {dag.py:4180} INFO - Setting next_dagrun for example_bash_decorator to None, run_after=None
[2025-04-19T10:25:31.900+0000] {processor.py:208} INFO - Processing /home/airflow/.local/lib/python3.12/site-packages/airflow/example_dags/example_bash_decorator.py took 0.166 seconds
[2025-04-19T10:26:03.298+0000] {processor.py:186} INFO - Started process (PID=950) to work on /home/airflow/.local/lib/python3.12/site-packages/airflow/example_dags/example_bash_decorator.py
[2025-04-19T10:26:03.302+0000] {processor.py:914} INFO - Processing file /home/airflow/.local/lib/python3.12/site-packages/airflow/example_dags/example_bash_decorator.py for tasks to queue
[2025-04-19T10:26:03.311+0000] {logging_mixin.py:190} INFO - [2025-04-19T10:26:03.310+0000] {dagbag.py:588} INFO - Filling up the DagBag from /home/airflow/.local/lib/python3.12/site-packages/airflow/example_dags/example_bash_decorator.py
[2025-04-19T10:26:03.348+0000] {processor.py:925} INFO - DAG(s) 'example_bash_decorator' retrieved from /home/airflow/.local/lib/python3.12/site-packages/airflow/example_dags/example_bash_decorator.py
[2025-04-19T10:26:03.436+0000] {logging_mixin.py:190} INFO - [2025-04-19T10:26:03.434+0000] {dag.py:3239} INFO - Sync 1 DAGs
[2025-04-19T10:26:03.475+0000] {logging_mixin.py:190} INFO - [2025-04-19T10:26:03.475+0000] {dag.py:4180} INFO - Setting next_dagrun for example_bash_decorator to None, run_after=None
[2025-04-19T10:26:03.517+0000] {processor.py:208} INFO - Processing /home/airflow/.local/lib/python3.12/site-packages/airflow/example_dags/example_bash_decorator.py took 0.240 seconds
[2025-04-19T10:26:35.944+0000] {processor.py:186} INFO - Started process (PID=1022) to work on /home/airflow/.local/lib/python3.12/site-packages/airflow/example_dags/example_bash_decorator.py
[2025-04-19T10:26:35.946+0000] {processor.py:914} INFO - Processing file /home/airflow/.local/lib/python3.12/site-packages/airflow/example_dags/example_bash_decorator.py for tasks to queue
[2025-04-19T10:26:35.951+0000] {logging_mixin.py:190} INFO - [2025-04-19T10:26:35.950+0000] {dagbag.py:588} INFO - Filling up the DagBag from /home/airflow/.local/lib/python3.12/site-packages/airflow/example_dags/example_bash_decorator.py
[2025-04-19T10:26:35.976+0000] {processor.py:925} INFO - DAG(s) 'example_bash_decorator' retrieved from /home/airflow/.local/lib/python3.12/site-packages/airflow/example_dags/example_bash_decorator.py
[2025-04-19T10:26:36.021+0000] {logging_mixin.py:190} INFO - [2025-04-19T10:26:36.020+0000] {dag.py:3239} INFO - Sync 1 DAGs
[2025-04-19T10:26:36.044+0000] {logging_mixin.py:190} INFO - [2025-04-19T10:26:36.044+0000] {dag.py:4180} INFO - Setting next_dagrun for example_bash_decorator to None, run_after=None
[2025-04-19T10:26:36.075+0000] {processor.py:208} INFO - Processing /home/airflow/.local/lib/python3.12/site-packages/airflow/example_dags/example_bash_decorator.py took 0.143 seconds
[2025-04-19T10:27:07.311+0000] {processor.py:186} INFO - Started process (PID=1087) to work on /home/airflow/.local/lib/python3.12/site-packages/airflow/example_dags/example_bash_decorator.py
[2025-04-19T10:27:07.313+0000] {processor.py:914} INFO - Processing file /home/airflow/.local/lib/python3.12/site-packages/airflow/example_dags/example_bash_decorator.py for tasks to queue
[2025-04-19T10:27:07.322+0000] {logging_mixin.py:190} INFO - [2025-04-19T10:27:07.321+0000] {dagbag.py:588} INFO - Filling up the DagBag from /home/airflow/.local/lib/python3.12/site-packages/airflow/example_dags/example_bash_decorator.py
[2025-04-19T10:27:07.354+0000] {processor.py:925} INFO - DAG(s) 'example_bash_decorator' retrieved from /home/airflow/.local/lib/python3.12/site-packages/airflow/example_dags/example_bash_decorator.py
[2025-04-19T10:27:07.417+0000] {logging_mixin.py:190} INFO - [2025-04-19T10:27:07.417+0000] {dag.py:3239} INFO - Sync 1 DAGs
[2025-04-19T10:27:07.440+0000] {logging_mixin.py:190} INFO - [2025-04-19T10:27:07.440+0000] {dag.py:4180} INFO - Setting next_dagrun for example_bash_decorator to None, run_after=None
[2025-04-19T10:27:07.469+0000] {processor.py:208} INFO - Processing /home/airflow/.local/lib/python3.12/site-packages/airflow/example_dags/example_bash_decorator.py took 0.170 seconds
[2025-04-19T10:27:39.222+0000] {processor.py:186} INFO - Started process (PID=1150) to work on /home/airflow/.local/lib/python3.12/site-packages/airflow/example_dags/example_bash_decorator.py
[2025-04-19T10:27:39.226+0000] {processor.py:914} INFO - Processing file /home/airflow/.local/lib/python3.12/site-packages/airflow/example_dags/example_bash_decorator.py for tasks to queue
[2025-04-19T10:27:39.237+0000] {logging_mixin.py:190} INFO - [2025-04-19T10:27:39.235+0000] {dagbag.py:588} INFO - Filling up the DagBag from /home/airflow/.local/lib/python3.12/site-packages/airflow/example_dags/example_bash_decorator.py
[2025-04-19T10:27:39.306+0000] {processor.py:925} INFO - DAG(s) 'example_bash_decorator' retrieved from /home/airflow/.local/lib/python3.12/site-packages/airflow/example_dags/example_bash_decorator.py
[2025-04-19T10:27:39.392+0000] {logging_mixin.py:190} INFO - [2025-04-19T10:27:39.391+0000] {dag.py:3239} INFO - Sync 1 DAGs
[2025-04-19T10:27:39.447+0000] {logging_mixin.py:190} INFO - [2025-04-19T10:27:39.446+0000] {dag.py:4180} INFO - Setting next_dagrun for example_bash_decorator to None, run_after=None
[2025-04-19T10:27:39.518+0000] {processor.py:208} INFO - Processing /home/airflow/.local/lib/python3.12/site-packages/airflow/example_dags/example_bash_decorator.py took 0.328 seconds
[2025-04-19T10:28:10.886+0000] {processor.py:186} INFO - Started process (PID=1213) to work on /home/airflow/.local/lib/python3.12/site-packages/airflow/example_dags/example_bash_decorator.py
[2025-04-19T10:28:10.890+0000] {processor.py:914} INFO - Processing file /home/airflow/.local/lib/python3.12/site-packages/airflow/example_dags/example_bash_decorator.py for tasks to queue
[2025-04-19T10:28:10.898+0000] {logging_mixin.py:190} INFO - [2025-04-19T10:28:10.896+0000] {dagbag.py:588} INFO - Filling up the DagBag from /home/airflow/.local/lib/python3.12/site-packages/airflow/example_dags/example_bash_decorator.py
[2025-04-19T10:28:10.971+0000] {processor.py:925} INFO - DAG(s) 'example_bash_decorator' retrieved from /home/airflow/.local/lib/python3.12/site-packages/airflow/example_dags/example_bash_decorator.py
[2025-04-19T10:28:11.057+0000] {logging_mixin.py:190} INFO - [2025-04-19T10:28:11.056+0000] {dag.py:3239} INFO - Sync 1 DAGs
[2025-04-19T10:28:11.102+0000] {logging_mixin.py:190} INFO - [2025-04-19T10:28:11.102+0000] {dag.py:4180} INFO - Setting next_dagrun for example_bash_decorator to None, run_after=None
[2025-04-19T10:28:11.152+0000] {processor.py:208} INFO - Processing /home/airflow/.local/lib/python3.12/site-packages/airflow/example_dags/example_bash_decorator.py took 0.293 seconds
[2025-04-19T10:28:43.306+0000] {processor.py:186} INFO - Started process (PID=1278) to work on /home/airflow/.local/lib/python3.12/site-packages/airflow/example_dags/example_bash_decorator.py
[2025-04-19T10:28:43.310+0000] {processor.py:914} INFO - Processing file /home/airflow/.local/lib/python3.12/site-packages/airflow/example_dags/example_bash_decorator.py for tasks to queue
[2025-04-19T10:28:43.318+0000] {logging_mixin.py:190} INFO - [2025-04-19T10:28:43.317+0000] {dagbag.py:588} INFO - Filling up the DagBag from /home/airflow/.local/lib/python3.12/site-packages/airflow/example_dags/example_bash_decorator.py
[2025-04-19T10:28:43.357+0000] {processor.py:925} INFO - DAG(s) 'example_bash_decorator' retrieved from /home/airflow/.local/lib/python3.12/site-packages/airflow/example_dags/example_bash_decorator.py
[2025-04-19T10:28:43.416+0000] {logging_mixin.py:190} INFO - [2025-04-19T10:28:43.416+0000] {dag.py:3239} INFO - Sync 1 DAGs
[2025-04-19T10:28:43.462+0000] {logging_mixin.py:190} INFO - [2025-04-19T10:28:43.462+0000] {dag.py:4180} INFO - Setting next_dagrun for example_bash_decorator to None, run_after=None
[2025-04-19T10:28:43.540+0000] {processor.py:208} INFO - Processing /home/airflow/.local/lib/python3.12/site-packages/airflow/example_dags/example_bash_decorator.py took 0.250 seconds
[2025-04-19T10:29:15.000+0000] {processor.py:186} INFO - Started process (PID=1344) to work on /home/airflow/.local/lib/python3.12/site-packages/airflow/example_dags/example_bash_decorator.py
[2025-04-19T10:29:15.003+0000] {processor.py:914} INFO - Processing file /home/airflow/.local/lib/python3.12/site-packages/airflow/example_dags/example_bash_decorator.py for tasks to queue
[2025-04-19T10:29:15.009+0000] {logging_mixin.py:190} INFO - [2025-04-19T10:29:15.008+0000] {dagbag.py:588} INFO - Filling up the DagBag from /home/airflow/.local/lib/python3.12/site-packages/airflow/example_dags/example_bash_decorator.py
[2025-04-19T10:29:15.035+0000] {processor.py:925} INFO - DAG(s) 'example_bash_decorator' retrieved from /home/airflow/.local/lib/python3.12/site-packages/airflow/example_dags/example_bash_decorator.py
[2025-04-19T10:29:15.080+0000] {logging_mixin.py:190} INFO - [2025-04-19T10:29:15.079+0000] {dag.py:3239} INFO - Sync 1 DAGs
[2025-04-19T10:29:15.112+0000] {logging_mixin.py:190} INFO - [2025-04-19T10:29:15.112+0000] {dag.py:4180} INFO - Setting next_dagrun for example_bash_decorator to None, run_after=None
[2025-04-19T10:29:15.151+0000] {processor.py:208} INFO - Processing /home/airflow/.local/lib/python3.12/site-packages/airflow/example_dags/example_bash_decorator.py took 0.162 seconds
[2025-04-19T10:31:48.428+0000] {processor.py:186} INFO - Started process (PID=126) to work on /home/airflow/.local/lib/python3.12/site-packages/airflow/example_dags/example_bash_decorator.py
[2025-04-19T10:31:48.431+0000] {processor.py:914} INFO - Processing file /home/airflow/.local/lib/python3.12/site-packages/airflow/example_dags/example_bash_decorator.py for tasks to queue
[2025-04-19T10:31:48.435+0000] {logging_mixin.py:190} INFO - [2025-04-19T10:31:48.434+0000] {dagbag.py:588} INFO - Filling up the DagBag from /home/airflow/.local/lib/python3.12/site-packages/airflow/example_dags/example_bash_decorator.py
[2025-04-19T10:31:48.471+0000] {processor.py:925} INFO - DAG(s) 'example_bash_decorator' retrieved from /home/airflow/.local/lib/python3.12/site-packages/airflow/example_dags/example_bash_decorator.py
[2025-04-19T10:31:48.715+0000] {logging_mixin.py:190} INFO - [2025-04-19T10:31:48.714+0000] {dag.py:3239} INFO - Sync 1 DAGs
[2025-04-19T10:31:48.737+0000] {logging_mixin.py:190} INFO - [2025-04-19T10:31:48.737+0000] {dag.py:4180} INFO - Setting next_dagrun for example_bash_decorator to None, run_after=None
[2025-04-19T10:31:48.782+0000] {processor.py:208} INFO - Processing /home/airflow/.local/lib/python3.12/site-packages/airflow/example_dags/example_bash_decorator.py took 0.370 seconds
[2025-04-19T10:32:20.547+0000] {processor.py:186} INFO - Started process (PID=189) to work on /home/airflow/.local/lib/python3.12/site-packages/airflow/example_dags/example_bash_decorator.py
[2025-04-19T10:32:20.550+0000] {processor.py:914} INFO - Processing file /home/airflow/.local/lib/python3.12/site-packages/airflow/example_dags/example_bash_decorator.py for tasks to queue
[2025-04-19T10:32:20.555+0000] {logging_mixin.py:190} INFO - [2025-04-19T10:32:20.554+0000] {dagbag.py:588} INFO - Filling up the DagBag from /home/airflow/.local/lib/python3.12/site-packages/airflow/example_dags/example_bash_decorator.py
[2025-04-19T10:32:20.588+0000] {processor.py:925} INFO - DAG(s) 'example_bash_decorator' retrieved from /home/airflow/.local/lib/python3.12/site-packages/airflow/example_dags/example_bash_decorator.py
[2025-04-19T10:32:20.647+0000] {logging_mixin.py:190} INFO - [2025-04-19T10:32:20.647+0000] {dag.py:3239} INFO - Sync 1 DAGs
[2025-04-19T10:32:20.676+0000] {logging_mixin.py:190} INFO - [2025-04-19T10:32:20.675+0000] {dag.py:4180} INFO - Setting next_dagrun for example_bash_decorator to None, run_after=None
[2025-04-19T10:32:20.716+0000] {processor.py:208} INFO - Processing /home/airflow/.local/lib/python3.12/site-packages/airflow/example_dags/example_bash_decorator.py took 0.185 seconds
[2025-04-19T10:32:53.226+0000] {processor.py:186} INFO - Started process (PID=253) to work on /home/airflow/.local/lib/python3.12/site-packages/airflow/example_dags/example_bash_decorator.py
[2025-04-19T10:32:53.231+0000] {processor.py:914} INFO - Processing file /home/airflow/.local/lib/python3.12/site-packages/airflow/example_dags/example_bash_decorator.py for tasks to queue
[2025-04-19T10:32:53.244+0000] {logging_mixin.py:190} INFO - [2025-04-19T10:32:53.242+0000] {dagbag.py:588} INFO - Filling up the DagBag from /home/airflow/.local/lib/python3.12/site-packages/airflow/example_dags/example_bash_decorator.py
[2025-04-19T10:32:53.307+0000] {processor.py:925} INFO - DAG(s) 'example_bash_decorator' retrieved from /home/airflow/.local/lib/python3.12/site-packages/airflow/example_dags/example_bash_decorator.py
[2025-04-19T10:32:53.366+0000] {logging_mixin.py:190} INFO - [2025-04-19T10:32:53.365+0000] {dag.py:3239} INFO - Sync 1 DAGs
[2025-04-19T10:32:53.393+0000] {logging_mixin.py:190} INFO - [2025-04-19T10:32:53.392+0000] {dag.py:4180} INFO - Setting next_dagrun for example_bash_decorator to None, run_after=None
[2025-04-19T10:32:53.434+0000] {processor.py:208} INFO - Processing /home/airflow/.local/lib/python3.12/site-packages/airflow/example_dags/example_bash_decorator.py took 0.241 seconds
[2025-04-19T10:33:23.854+0000] {processor.py:186} INFO - Started process (PID=315) to work on /home/airflow/.local/lib/python3.12/site-packages/airflow/example_dags/example_bash_decorator.py
[2025-04-19T10:33:23.856+0000] {processor.py:914} INFO - Processing file /home/airflow/.local/lib/python3.12/site-packages/airflow/example_dags/example_bash_decorator.py for tasks to queue
[2025-04-19T10:33:23.860+0000] {logging_mixin.py:190} INFO - [2025-04-19T10:33:23.859+0000] {dagbag.py:588} INFO - Filling up the DagBag from /home/airflow/.local/lib/python3.12/site-packages/airflow/example_dags/example_bash_decorator.py
[2025-04-19T10:33:23.882+0000] {processor.py:925} INFO - DAG(s) 'example_bash_decorator' retrieved from /home/airflow/.local/lib/python3.12/site-packages/airflow/example_dags/example_bash_decorator.py
[2025-04-19T10:33:23.920+0000] {logging_mixin.py:190} INFO - [2025-04-19T10:33:23.919+0000] {dag.py:3239} INFO - Sync 1 DAGs
[2025-04-19T10:33:23.943+0000] {logging_mixin.py:190} INFO - [2025-04-19T10:33:23.943+0000] {dag.py:4180} INFO - Setting next_dagrun for example_bash_decorator to None, run_after=None
[2025-04-19T10:33:23.985+0000] {processor.py:208} INFO - Processing /home/airflow/.local/lib/python3.12/site-packages/airflow/example_dags/example_bash_decorator.py took 0.140 seconds
[2025-04-19T10:33:57.627+0000] {processor.py:186} INFO - Started process (PID=384) to work on /home/airflow/.local/lib/python3.12/site-packages/airflow/example_dags/example_bash_decorator.py
[2025-04-19T10:33:57.629+0000] {processor.py:914} INFO - Processing file /home/airflow/.local/lib/python3.12/site-packages/airflow/example_dags/example_bash_decorator.py for tasks to queue
[2025-04-19T10:33:57.635+0000] {logging_mixin.py:190} INFO - [2025-04-19T10:33:57.634+0000] {dagbag.py:588} INFO - Filling up the DagBag from /home/airflow/.local/lib/python3.12/site-packages/airflow/example_dags/example_bash_decorator.py
[2025-04-19T10:33:57.659+0000] {processor.py:925} INFO - DAG(s) 'example_bash_decorator' retrieved from /home/airflow/.local/lib/python3.12/site-packages/airflow/example_dags/example_bash_decorator.py
[2025-04-19T10:33:57.702+0000] {logging_mixin.py:190} INFO - [2025-04-19T10:33:57.702+0000] {dag.py:3239} INFO - Sync 1 DAGs
[2025-04-19T10:33:57.732+0000] {logging_mixin.py:190} INFO - [2025-04-19T10:33:57.732+0000] {dag.py:4180} INFO - Setting next_dagrun for example_bash_decorator to None, run_after=None
[2025-04-19T10:33:57.786+0000] {processor.py:208} INFO - Processing /home/airflow/.local/lib/python3.12/site-packages/airflow/example_dags/example_bash_decorator.py took 0.171 seconds
