[2025-04-19T10:19:04.552+0000] {processor.py:186} INFO - Started process (PID=99) to work on /home/airflow/.local/lib/python3.12/site-packages/airflow/example_dags/example_dag_decorator.py
[2025-04-19T10:19:04.556+0000] {processor.py:914} INFO - Processing file /home/airflow/.local/lib/python3.12/site-packages/airflow/example_dags/example_dag_decorator.py for tasks to queue
[2025-04-19T10:19:04.564+0000] {logging_mixin.py:190} INFO - [2025-04-19T10:19:04.563+0000] {dagbag.py:588} INFO - Filling up the DagBag from /home/airflow/.local/lib/python3.12/site-packages/airflow/example_dags/example_dag_decorator.py
[2025-04-19T10:19:05.324+0000] {processor.py:925} INFO - DAG(s) 'example_dag_decorator' retrieved from /home/airflow/.local/lib/python3.12/site-packages/airflow/example_dags/example_dag_decorator.py
[2025-04-19T10:19:05.636+0000] {logging_mixin.py:190} INFO - [2025-04-19T10:19:05.635+0000] {override.py:1912} INFO - Created Permission View: can delete on DAG:example_dag_decorator
[2025-04-19T10:19:05.657+0000] {logging_mixin.py:190} INFO - [2025-04-19T10:19:05.657+0000] {override.py:1912} INFO - Created Permission View: can read on DAG:example_dag_decorator
[2025-04-19T10:19:05.676+0000] {logging_mixin.py:190} INFO - [2025-04-19T10:19:05.675+0000] {override.py:1912} INFO - Created Permission View: can edit on DAG:example_dag_decorator
[2025-04-19T10:19:05.696+0000] {logging_mixin.py:190} INFO - [2025-04-19T10:19:05.696+0000] {override.py:1912} INFO - Created Permission View: can delete on DAG Run:example_dag_decorator
[2025-04-19T10:19:05.715+0000] {logging_mixin.py:190} INFO - [2025-04-19T10:19:05.714+0000] {override.py:1912} INFO - Created Permission View: can read on DAG Run:example_dag_decorator
[2025-04-19T10:19:05.733+0000] {logging_mixin.py:190} INFO - [2025-04-19T10:19:05.733+0000] {override.py:1912} INFO - Created Permission View: menu access on DAG Run:example_dag_decorator
[2025-04-19T10:19:05.751+0000] {logging_mixin.py:190} INFO - [2025-04-19T10:19:05.750+0000] {override.py:1912} INFO - Created Permission View: can create on DAG Run:example_dag_decorator
[2025-04-19T10:19:05.753+0000] {logging_mixin.py:190} INFO - [2025-04-19T10:19:05.752+0000] {dag.py:3239} INFO - Sync 1 DAGs
[2025-04-19T10:19:05.779+0000] {logging_mixin.py:190} INFO - [2025-04-19T10:19:05.779+0000] {dag.py:3262} INFO - Creating ORM DAG for example_dag_decorator
[2025-04-19T10:19:05.781+0000] {logging_mixin.py:190} INFO - [2025-04-19T10:19:05.781+0000] {dag.py:4180} INFO - Setting next_dagrun for example_dag_decorator to None, run_after=None
[2025-04-19T10:19:05.817+0000] {processor.py:208} INFO - Processing /home/airflow/.local/lib/python3.12/site-packages/airflow/example_dags/example_dag_decorator.py took 1.280 seconds
[2025-04-19T10:19:35.991+0000] {processor.py:186} INFO - Started process (PID=162) to work on /home/airflow/.local/lib/python3.12/site-packages/airflow/example_dags/example_dag_decorator.py
[2025-04-19T10:19:35.994+0000] {processor.py:914} INFO - Processing file /home/airflow/.local/lib/python3.12/site-packages/airflow/example_dags/example_dag_decorator.py for tasks to queue
[2025-04-19T10:19:36.001+0000] {logging_mixin.py:190} INFO - [2025-04-19T10:19:36.000+0000] {dagbag.py:588} INFO - Filling up the DagBag from /home/airflow/.local/lib/python3.12/site-packages/airflow/example_dags/example_dag_decorator.py
[2025-04-19T10:19:36.176+0000] {processor.py:925} INFO - DAG(s) 'example_dag_decorator' retrieved from /home/airflow/.local/lib/python3.12/site-packages/airflow/example_dags/example_dag_decorator.py
[2025-04-19T10:19:36.364+0000] {logging_mixin.py:190} INFO - [2025-04-19T10:19:36.363+0000] {dag.py:3239} INFO - Sync 1 DAGs
[2025-04-19T10:19:36.397+0000] {logging_mixin.py:190} INFO - [2025-04-19T10:19:36.396+0000] {dag.py:4180} INFO - Setting next_dagrun for example_dag_decorator to None, run_after=None
[2025-04-19T10:19:36.470+0000] {processor.py:208} INFO - Processing /home/airflow/.local/lib/python3.12/site-packages/airflow/example_dags/example_dag_decorator.py took 0.497 seconds
[2025-04-19T10:20:07.074+0000] {processor.py:186} INFO - Started process (PID=225) to work on /home/airflow/.local/lib/python3.12/site-packages/airflow/example_dags/example_dag_decorator.py
[2025-04-19T10:20:07.078+0000] {processor.py:914} INFO - Processing file /home/airflow/.local/lib/python3.12/site-packages/airflow/example_dags/example_dag_decorator.py for tasks to queue
[2025-04-19T10:20:07.089+0000] {logging_mixin.py:190} INFO - [2025-04-19T10:20:07.087+0000] {dagbag.py:588} INFO - Filling up the DagBag from /home/airflow/.local/lib/python3.12/site-packages/airflow/example_dags/example_dag_decorator.py
[2025-04-19T10:20:07.328+0000] {processor.py:925} INFO - DAG(s) 'example_dag_decorator' retrieved from /home/airflow/.local/lib/python3.12/site-packages/airflow/example_dags/example_dag_decorator.py
[2025-04-19T10:20:07.564+0000] {logging_mixin.py:190} INFO - [2025-04-19T10:20:07.563+0000] {dag.py:3239} INFO - Sync 1 DAGs
[2025-04-19T10:20:07.598+0000] {logging_mixin.py:190} INFO - [2025-04-19T10:20:07.597+0000] {dag.py:4180} INFO - Setting next_dagrun for example_dag_decorator to None, run_after=None
[2025-04-19T10:20:07.649+0000] {processor.py:208} INFO - Processing /home/airflow/.local/lib/python3.12/site-packages/airflow/example_dags/example_dag_decorator.py took 0.596 seconds
[2025-04-19T10:20:37.936+0000] {processor.py:186} INFO - Started process (PID=290) to work on /home/airflow/.local/lib/python3.12/site-packages/airflow/example_dags/example_dag_decorator.py
[2025-04-19T10:20:37.939+0000] {processor.py:914} INFO - Processing file /home/airflow/.local/lib/python3.12/site-packages/airflow/example_dags/example_dag_decorator.py for tasks to queue
[2025-04-19T10:20:37.944+0000] {logging_mixin.py:190} INFO - [2025-04-19T10:20:37.943+0000] {dagbag.py:588} INFO - Filling up the DagBag from /home/airflow/.local/lib/python3.12/site-packages/airflow/example_dags/example_dag_decorator.py
[2025-04-19T10:20:38.172+0000] {processor.py:925} INFO - DAG(s) 'example_dag_decorator' retrieved from /home/airflow/.local/lib/python3.12/site-packages/airflow/example_dags/example_dag_decorator.py
[2025-04-19T10:20:38.405+0000] {logging_mixin.py:190} INFO - [2025-04-19T10:20:38.405+0000] {dag.py:3239} INFO - Sync 1 DAGs
[2025-04-19T10:20:38.422+0000] {logging_mixin.py:190} INFO - [2025-04-19T10:20:38.422+0000] {dag.py:4180} INFO - Setting next_dagrun for example_dag_decorator to None, run_after=None
[2025-04-19T10:20:38.456+0000] {processor.py:208} INFO - Processing /home/airflow/.local/lib/python3.12/site-packages/airflow/example_dags/example_dag_decorator.py took 0.532 seconds
[2025-04-19T10:21:08.226+0000] {processor.py:186} INFO - Started process (PID=354) to work on /home/airflow/.local/lib/python3.12/site-packages/airflow/example_dags/example_dag_decorator.py
[2025-04-19T10:21:08.229+0000] {processor.py:914} INFO - Processing file /home/airflow/.local/lib/python3.12/site-packages/airflow/example_dags/example_dag_decorator.py for tasks to queue
[2025-04-19T10:21:08.237+0000] {logging_mixin.py:190} INFO - [2025-04-19T10:21:08.236+0000] {dagbag.py:588} INFO - Filling up the DagBag from /home/airflow/.local/lib/python3.12/site-packages/airflow/example_dags/example_dag_decorator.py
[2025-04-19T10:21:07.600+0000] {processor.py:925} INFO - DAG(s) 'example_dag_decorator' retrieved from /home/airflow/.local/lib/python3.12/site-packages/airflow/example_dags/example_dag_decorator.py
[2025-04-19T10:21:07.636+0000] {logging_mixin.py:190} INFO - [2025-04-19T10:21:07.635+0000] {dag.py:3239} INFO - Sync 1 DAGs
[2025-04-19T10:21:07.670+0000] {logging_mixin.py:190} INFO - [2025-04-19T10:21:07.670+0000] {dag.py:4180} INFO - Setting next_dagrun for example_dag_decorator to None, run_after=None
[2025-04-19T10:21:07.729+0000] {processor.py:208} INFO - Processing /home/airflow/.local/lib/python3.12/site-packages/airflow/example_dags/example_dag_decorator.py took 0.393 seconds
[2025-04-19T10:21:38.063+0000] {processor.py:186} INFO - Started process (PID=414) to work on /home/airflow/.local/lib/python3.12/site-packages/airflow/example_dags/example_dag_decorator.py
[2025-04-19T10:21:38.065+0000] {processor.py:914} INFO - Processing file /home/airflow/.local/lib/python3.12/site-packages/airflow/example_dags/example_dag_decorator.py for tasks to queue
[2025-04-19T10:21:38.070+0000] {logging_mixin.py:190} INFO - [2025-04-19T10:21:38.070+0000] {dagbag.py:588} INFO - Filling up the DagBag from /home/airflow/.local/lib/python3.12/site-packages/airflow/example_dags/example_dag_decorator.py
[2025-04-19T10:21:38.255+0000] {processor.py:925} INFO - DAG(s) 'example_dag_decorator' retrieved from /home/airflow/.local/lib/python3.12/site-packages/airflow/example_dags/example_dag_decorator.py
[2025-04-19T10:21:38.453+0000] {logging_mixin.py:190} INFO - [2025-04-19T10:21:38.453+0000] {dag.py:3239} INFO - Sync 1 DAGs
[2025-04-19T10:21:38.485+0000] {logging_mixin.py:190} INFO - [2025-04-19T10:21:38.485+0000] {dag.py:4180} INFO - Setting next_dagrun for example_dag_decorator to None, run_after=None
[2025-04-19T10:21:38.525+0000] {processor.py:208} INFO - Processing /home/airflow/.local/lib/python3.12/site-packages/airflow/example_dags/example_dag_decorator.py took 0.471 seconds
[2025-04-19T10:22:08.841+0000] {processor.py:186} INFO - Started process (PID=476) to work on /home/airflow/.local/lib/python3.12/site-packages/airflow/example_dags/example_dag_decorator.py
[2025-04-19T10:22:08.843+0000] {processor.py:914} INFO - Processing file /home/airflow/.local/lib/python3.12/site-packages/airflow/example_dags/example_dag_decorator.py for tasks to queue
[2025-04-19T10:22:08.849+0000] {logging_mixin.py:190} INFO - [2025-04-19T10:22:08.849+0000] {dagbag.py:588} INFO - Filling up the DagBag from /home/airflow/.local/lib/python3.12/site-packages/airflow/example_dags/example_dag_decorator.py
[2025-04-19T10:22:09.039+0000] {processor.py:925} INFO - DAG(s) 'example_dag_decorator' retrieved from /home/airflow/.local/lib/python3.12/site-packages/airflow/example_dags/example_dag_decorator.py
[2025-04-19T10:22:09.234+0000] {logging_mixin.py:190} INFO - [2025-04-19T10:22:09.233+0000] {dag.py:3239} INFO - Sync 1 DAGs
[2025-04-19T10:22:09.260+0000] {logging_mixin.py:190} INFO - [2025-04-19T10:22:09.260+0000] {dag.py:4180} INFO - Setting next_dagrun for example_dag_decorator to None, run_after=None
[2025-04-19T10:22:09.307+0000] {processor.py:208} INFO - Processing /home/airflow/.local/lib/python3.12/site-packages/airflow/example_dags/example_dag_decorator.py took 0.483 seconds
[2025-04-19T10:22:39.543+0000] {processor.py:186} INFO - Started process (PID=539) to work on /home/airflow/.local/lib/python3.12/site-packages/airflow/example_dags/example_dag_decorator.py
[2025-04-19T10:22:39.546+0000] {processor.py:914} INFO - Processing file /home/airflow/.local/lib/python3.12/site-packages/airflow/example_dags/example_dag_decorator.py for tasks to queue
[2025-04-19T10:22:39.552+0000] {logging_mixin.py:190} INFO - [2025-04-19T10:22:39.551+0000] {dagbag.py:588} INFO - Filling up the DagBag from /home/airflow/.local/lib/python3.12/site-packages/airflow/example_dags/example_dag_decorator.py
[2025-04-19T10:22:39.767+0000] {processor.py:925} INFO - DAG(s) 'example_dag_decorator' retrieved from /home/airflow/.local/lib/python3.12/site-packages/airflow/example_dags/example_dag_decorator.py
[2025-04-19T10:22:39.976+0000] {logging_mixin.py:190} INFO - [2025-04-19T10:22:39.975+0000] {dag.py:3239} INFO - Sync 1 DAGs
[2025-04-19T10:22:40.015+0000] {logging_mixin.py:190} INFO - [2025-04-19T10:22:40.014+0000] {dag.py:4180} INFO - Setting next_dagrun for example_dag_decorator to None, run_after=None
[2025-04-19T10:22:40.079+0000] {processor.py:208} INFO - Processing /home/airflow/.local/lib/python3.12/site-packages/airflow/example_dags/example_dag_decorator.py took 0.551 seconds
[2025-04-19T10:23:10.212+0000] {processor.py:186} INFO - Started process (PID=601) to work on /home/airflow/.local/lib/python3.12/site-packages/airflow/example_dags/example_dag_decorator.py
[2025-04-19T10:23:10.215+0000] {processor.py:914} INFO - Processing file /home/airflow/.local/lib/python3.12/site-packages/airflow/example_dags/example_dag_decorator.py for tasks to queue
[2025-04-19T10:23:10.223+0000] {logging_mixin.py:190} INFO - [2025-04-19T10:23:10.221+0000] {dagbag.py:588} INFO - Filling up the DagBag from /home/airflow/.local/lib/python3.12/site-packages/airflow/example_dags/example_dag_decorator.py
[2025-04-19T10:23:10.450+0000] {processor.py:925} INFO - DAG(s) 'example_dag_decorator' retrieved from /home/airflow/.local/lib/python3.12/site-packages/airflow/example_dags/example_dag_decorator.py
[2025-04-19T10:23:10.704+0000] {logging_mixin.py:190} INFO - [2025-04-19T10:23:10.703+0000] {dag.py:3239} INFO - Sync 1 DAGs
[2025-04-19T10:23:10.752+0000] {logging_mixin.py:190} INFO - [2025-04-19T10:23:10.752+0000] {dag.py:4180} INFO - Setting next_dagrun for example_dag_decorator to None, run_after=None
[2025-04-19T10:23:10.825+0000] {processor.py:208} INFO - Processing /home/airflow/.local/lib/python3.12/site-packages/airflow/example_dags/example_dag_decorator.py took 0.626 seconds
[2025-04-19T10:23:41.332+0000] {processor.py:186} INFO - Started process (PID=664) to work on /home/airflow/.local/lib/python3.12/site-packages/airflow/example_dags/example_dag_decorator.py
[2025-04-19T10:23:41.335+0000] {processor.py:914} INFO - Processing file /home/airflow/.local/lib/python3.12/site-packages/airflow/example_dags/example_dag_decorator.py for tasks to queue
[2025-04-19T10:23:41.341+0000] {logging_mixin.py:190} INFO - [2025-04-19T10:23:41.340+0000] {dagbag.py:588} INFO - Filling up the DagBag from /home/airflow/.local/lib/python3.12/site-packages/airflow/example_dags/example_dag_decorator.py
[2025-04-19T10:23:41.736+0000] {processor.py:925} INFO - DAG(s) 'example_dag_decorator' retrieved from /home/airflow/.local/lib/python3.12/site-packages/airflow/example_dags/example_dag_decorator.py
[2025-04-19T10:23:41.944+0000] {logging_mixin.py:190} INFO - [2025-04-19T10:23:41.943+0000] {dag.py:3239} INFO - Sync 1 DAGs
[2025-04-19T10:23:41.967+0000] {logging_mixin.py:190} INFO - [2025-04-19T10:23:41.967+0000] {dag.py:4180} INFO - Setting next_dagrun for example_dag_decorator to None, run_after=None
[2025-04-19T10:23:42.010+0000] {processor.py:208} INFO - Processing /home/airflow/.local/lib/python3.12/site-packages/airflow/example_dags/example_dag_decorator.py took 0.693 seconds
[2025-04-19T10:24:12.084+0000] {processor.py:186} INFO - Started process (PID=735) to work on /home/airflow/.local/lib/python3.12/site-packages/airflow/example_dags/example_dag_decorator.py
[2025-04-19T10:24:12.087+0000] {processor.py:914} INFO - Processing file /home/airflow/.local/lib/python3.12/site-packages/airflow/example_dags/example_dag_decorator.py for tasks to queue
[2025-04-19T10:24:12.092+0000] {logging_mixin.py:190} INFO - [2025-04-19T10:24:12.091+0000] {dagbag.py:588} INFO - Filling up the DagBag from /home/airflow/.local/lib/python3.12/site-packages/airflow/example_dags/example_dag_decorator.py
[2025-04-19T10:24:12.292+0000] {processor.py:925} INFO - DAG(s) 'example_dag_decorator' retrieved from /home/airflow/.local/lib/python3.12/site-packages/airflow/example_dags/example_dag_decorator.py
[2025-04-19T10:24:12.472+0000] {logging_mixin.py:190} INFO - [2025-04-19T10:24:12.472+0000] {dag.py:3239} INFO - Sync 1 DAGs
[2025-04-19T10:24:12.493+0000] {logging_mixin.py:190} INFO - [2025-04-19T10:24:12.493+0000] {dag.py:4180} INFO - Setting next_dagrun for example_dag_decorator to None, run_after=None
[2025-04-19T10:24:12.530+0000] {processor.py:208} INFO - Processing /home/airflow/.local/lib/python3.12/site-packages/airflow/example_dags/example_dag_decorator.py took 0.456 seconds
[2025-04-19T10:24:42.769+0000] {processor.py:186} INFO - Started process (PID=799) to work on /home/airflow/.local/lib/python3.12/site-packages/airflow/example_dags/example_dag_decorator.py
[2025-04-19T10:24:42.772+0000] {processor.py:914} INFO - Processing file /home/airflow/.local/lib/python3.12/site-packages/airflow/example_dags/example_dag_decorator.py for tasks to queue
[2025-04-19T10:24:42.777+0000] {logging_mixin.py:190} INFO - [2025-04-19T10:24:42.776+0000] {dagbag.py:588} INFO - Filling up the DagBag from /home/airflow/.local/lib/python3.12/site-packages/airflow/example_dags/example_dag_decorator.py
[2025-04-19T10:24:42.987+0000] {processor.py:925} INFO - DAG(s) 'example_dag_decorator' retrieved from /home/airflow/.local/lib/python3.12/site-packages/airflow/example_dags/example_dag_decorator.py
[2025-04-19T10:24:43.241+0000] {logging_mixin.py:190} INFO - [2025-04-19T10:24:43.240+0000] {dag.py:3239} INFO - Sync 1 DAGs
[2025-04-19T10:24:43.283+0000] {logging_mixin.py:190} INFO - [2025-04-19T10:24:43.282+0000] {dag.py:4180} INFO - Setting next_dagrun for example_dag_decorator to None, run_after=None
[2025-04-19T10:24:43.325+0000] {processor.py:208} INFO - Processing /home/airflow/.local/lib/python3.12/site-packages/airflow/example_dags/example_dag_decorator.py took 0.573 seconds
[2025-04-19T10:25:13.527+0000] {processor.py:186} INFO - Started process (PID=864) to work on /home/airflow/.local/lib/python3.12/site-packages/airflow/example_dags/example_dag_decorator.py
[2025-04-19T10:25:13.529+0000] {processor.py:914} INFO - Processing file /home/airflow/.local/lib/python3.12/site-packages/airflow/example_dags/example_dag_decorator.py for tasks to queue
[2025-04-19T10:25:13.538+0000] {logging_mixin.py:190} INFO - [2025-04-19T10:25:13.534+0000] {dagbag.py:588} INFO - Filling up the DagBag from /home/airflow/.local/lib/python3.12/site-packages/airflow/example_dags/example_dag_decorator.py
[2025-04-19T10:25:13.698+0000] {processor.py:925} INFO - DAG(s) 'example_dag_decorator' retrieved from /home/airflow/.local/lib/python3.12/site-packages/airflow/example_dags/example_dag_decorator.py
[2025-04-19T10:25:13.890+0000] {logging_mixin.py:190} INFO - [2025-04-19T10:25:13.889+0000] {dag.py:3239} INFO - Sync 1 DAGs
[2025-04-19T10:25:13.908+0000] {logging_mixin.py:190} INFO - [2025-04-19T10:25:13.907+0000] {dag.py:4180} INFO - Setting next_dagrun for example_dag_decorator to None, run_after=None
[2025-04-19T10:25:13.981+0000] {processor.py:208} INFO - Processing /home/airflow/.local/lib/python3.12/site-packages/airflow/example_dags/example_dag_decorator.py took 0.462 seconds
[2025-04-19T10:25:44.346+0000] {processor.py:186} INFO - Started process (PID=929) to work on /home/airflow/.local/lib/python3.12/site-packages/airflow/example_dags/example_dag_decorator.py
[2025-04-19T10:25:44.349+0000] {processor.py:914} INFO - Processing file /home/airflow/.local/lib/python3.12/site-packages/airflow/example_dags/example_dag_decorator.py for tasks to queue
[2025-04-19T10:25:44.363+0000] {logging_mixin.py:190} INFO - [2025-04-19T10:25:44.362+0000] {dagbag.py:588} INFO - Filling up the DagBag from /home/airflow/.local/lib/python3.12/site-packages/airflow/example_dags/example_dag_decorator.py
[2025-04-19T10:25:44.754+0000] {processor.py:925} INFO - DAG(s) 'example_dag_decorator' retrieved from /home/airflow/.local/lib/python3.12/site-packages/airflow/example_dags/example_dag_decorator.py
[2025-04-19T10:25:45.015+0000] {logging_mixin.py:190} INFO - [2025-04-19T10:25:45.014+0000] {dag.py:3239} INFO - Sync 1 DAGs
[2025-04-19T10:25:45.047+0000] {logging_mixin.py:190} INFO - [2025-04-19T10:25:45.047+0000] {dag.py:4180} INFO - Setting next_dagrun for example_dag_decorator to None, run_after=None
[2025-04-19T10:25:45.103+0000] {processor.py:208} INFO - Processing /home/airflow/.local/lib/python3.12/site-packages/airflow/example_dags/example_dag_decorator.py took 0.771 seconds
[2025-04-19T10:26:15.358+0000] {processor.py:186} INFO - Started process (PID=993) to work on /home/airflow/.local/lib/python3.12/site-packages/airflow/example_dags/example_dag_decorator.py
[2025-04-19T10:26:15.361+0000] {processor.py:914} INFO - Processing file /home/airflow/.local/lib/python3.12/site-packages/airflow/example_dags/example_dag_decorator.py for tasks to queue
[2025-04-19T10:26:15.365+0000] {logging_mixin.py:190} INFO - [2025-04-19T10:26:15.364+0000] {dagbag.py:588} INFO - Filling up the DagBag from /home/airflow/.local/lib/python3.12/site-packages/airflow/example_dags/example_dag_decorator.py
[2025-04-19T10:26:15.529+0000] {processor.py:925} INFO - DAG(s) 'example_dag_decorator' retrieved from /home/airflow/.local/lib/python3.12/site-packages/airflow/example_dags/example_dag_decorator.py
[2025-04-19T10:26:15.760+0000] {logging_mixin.py:190} INFO - [2025-04-19T10:26:15.760+0000] {dag.py:3239} INFO - Sync 1 DAGs
[2025-04-19T10:26:15.782+0000] {logging_mixin.py:190} INFO - [2025-04-19T10:26:15.782+0000] {dag.py:4180} INFO - Setting next_dagrun for example_dag_decorator to None, run_after=None
[2025-04-19T10:26:15.814+0000] {processor.py:208} INFO - Processing /home/airflow/.local/lib/python3.12/site-packages/airflow/example_dags/example_dag_decorator.py took 0.464 seconds
[2025-04-19T10:26:46.064+0000] {processor.py:186} INFO - Started process (PID=1056) to work on /home/airflow/.local/lib/python3.12/site-packages/airflow/example_dags/example_dag_decorator.py
[2025-04-19T10:26:46.067+0000] {processor.py:914} INFO - Processing file /home/airflow/.local/lib/python3.12/site-packages/airflow/example_dags/example_dag_decorator.py for tasks to queue
[2025-04-19T10:26:46.076+0000] {logging_mixin.py:190} INFO - [2025-04-19T10:26:46.075+0000] {dagbag.py:588} INFO - Filling up the DagBag from /home/airflow/.local/lib/python3.12/site-packages/airflow/example_dags/example_dag_decorator.py
[2025-04-19T10:26:46.270+0000] {processor.py:925} INFO - DAG(s) 'example_dag_decorator' retrieved from /home/airflow/.local/lib/python3.12/site-packages/airflow/example_dags/example_dag_decorator.py
[2025-04-19T10:26:46.320+0000] {logging_mixin.py:190} INFO - [2025-04-19T10:26:46.320+0000] {dag.py:3239} INFO - Sync 1 DAGs
[2025-04-19T10:26:46.349+0000] {logging_mixin.py:190} INFO - [2025-04-19T10:26:46.348+0000] {dag.py:4180} INFO - Setting next_dagrun for example_dag_decorator to None, run_after=None
[2025-04-19T10:26:46.393+0000] {processor.py:208} INFO - Processing /home/airflow/.local/lib/python3.12/site-packages/airflow/example_dags/example_dag_decorator.py took 0.355 seconds
[2025-04-19T10:27:16.471+0000] {processor.py:186} INFO - Started process (PID=1117) to work on /home/airflow/.local/lib/python3.12/site-packages/airflow/example_dags/example_dag_decorator.py
[2025-04-19T10:27:16.474+0000] {processor.py:914} INFO - Processing file /home/airflow/.local/lib/python3.12/site-packages/airflow/example_dags/example_dag_decorator.py for tasks to queue
[2025-04-19T10:27:16.481+0000] {logging_mixin.py:190} INFO - [2025-04-19T10:27:16.480+0000] {dagbag.py:588} INFO - Filling up the DagBag from /home/airflow/.local/lib/python3.12/site-packages/airflow/example_dags/example_dag_decorator.py
[2025-04-19T10:27:16.674+0000] {processor.py:925} INFO - DAG(s) 'example_dag_decorator' retrieved from /home/airflow/.local/lib/python3.12/site-packages/airflow/example_dags/example_dag_decorator.py
[2025-04-19T10:27:16.882+0000] {logging_mixin.py:190} INFO - [2025-04-19T10:27:16.881+0000] {dag.py:3239} INFO - Sync 1 DAGs
[2025-04-19T10:27:16.905+0000] {logging_mixin.py:190} INFO - [2025-04-19T10:27:16.905+0000] {dag.py:4180} INFO - Setting next_dagrun for example_dag_decorator to None, run_after=None
[2025-04-19T10:27:16.942+0000] {processor.py:208} INFO - Processing /home/airflow/.local/lib/python3.12/site-packages/airflow/example_dags/example_dag_decorator.py took 0.481 seconds
[2025-04-19T10:27:47.151+0000] {processor.py:186} INFO - Started process (PID=1180) to work on /home/airflow/.local/lib/python3.12/site-packages/airflow/example_dags/example_dag_decorator.py
[2025-04-19T10:27:47.155+0000] {processor.py:914} INFO - Processing file /home/airflow/.local/lib/python3.12/site-packages/airflow/example_dags/example_dag_decorator.py for tasks to queue
[2025-04-19T10:27:47.164+0000] {logging_mixin.py:190} INFO - [2025-04-19T10:27:47.163+0000] {dagbag.py:588} INFO - Filling up the DagBag from /home/airflow/.local/lib/python3.12/site-packages/airflow/example_dags/example_dag_decorator.py
[2025-04-19T10:27:47.335+0000] {processor.py:925} INFO - DAG(s) 'example_dag_decorator' retrieved from /home/airflow/.local/lib/python3.12/site-packages/airflow/example_dags/example_dag_decorator.py
[2025-04-19T10:27:47.550+0000] {logging_mixin.py:190} INFO - [2025-04-19T10:27:47.550+0000] {dag.py:3239} INFO - Sync 1 DAGs
[2025-04-19T10:27:47.577+0000] {logging_mixin.py:190} INFO - [2025-04-19T10:27:47.576+0000] {dag.py:4180} INFO - Setting next_dagrun for example_dag_decorator to None, run_after=None
[2025-04-19T10:27:47.609+0000] {processor.py:208} INFO - Processing /home/airflow/.local/lib/python3.12/site-packages/airflow/example_dags/example_dag_decorator.py took 0.480 seconds
[2025-04-19T10:28:17.772+0000] {processor.py:186} INFO - Started process (PID=1242) to work on /home/airflow/.local/lib/python3.12/site-packages/airflow/example_dags/example_dag_decorator.py
[2025-04-19T10:28:17.774+0000] {processor.py:914} INFO - Processing file /home/airflow/.local/lib/python3.12/site-packages/airflow/example_dags/example_dag_decorator.py for tasks to queue
[2025-04-19T10:28:17.779+0000] {logging_mixin.py:190} INFO - [2025-04-19T10:28:17.779+0000] {dagbag.py:588} INFO - Filling up the DagBag from /home/airflow/.local/lib/python3.12/site-packages/airflow/example_dags/example_dag_decorator.py
[2025-04-19T10:28:18.042+0000] {processor.py:925} INFO - DAG(s) 'example_dag_decorator' retrieved from /home/airflow/.local/lib/python3.12/site-packages/airflow/example_dags/example_dag_decorator.py
[2025-04-19T10:28:18.262+0000] {logging_mixin.py:190} INFO - [2025-04-19T10:28:18.261+0000] {dag.py:3239} INFO - Sync 1 DAGs
[2025-04-19T10:28:18.296+0000] {logging_mixin.py:190} INFO - [2025-04-19T10:28:18.296+0000] {dag.py:4180} INFO - Setting next_dagrun for example_dag_decorator to None, run_after=None
[2025-04-19T10:28:18.331+0000] {processor.py:208} INFO - Processing /home/airflow/.local/lib/python3.12/site-packages/airflow/example_dags/example_dag_decorator.py took 0.575 seconds
[2025-04-19T10:28:48.836+0000] {processor.py:186} INFO - Started process (PID=1305) to work on /home/airflow/.local/lib/python3.12/site-packages/airflow/example_dags/example_dag_decorator.py
[2025-04-19T10:28:48.839+0000] {processor.py:914} INFO - Processing file /home/airflow/.local/lib/python3.12/site-packages/airflow/example_dags/example_dag_decorator.py for tasks to queue
[2025-04-19T10:28:48.845+0000] {logging_mixin.py:190} INFO - [2025-04-19T10:28:48.844+0000] {dagbag.py:588} INFO - Filling up the DagBag from /home/airflow/.local/lib/python3.12/site-packages/airflow/example_dags/example_dag_decorator.py
[2025-04-19T10:28:48.996+0000] {processor.py:925} INFO - DAG(s) 'example_dag_decorator' retrieved from /home/airflow/.local/lib/python3.12/site-packages/airflow/example_dags/example_dag_decorator.py
[2025-04-19T10:28:49.182+0000] {logging_mixin.py:190} INFO - [2025-04-19T10:28:49.181+0000] {dag.py:3239} INFO - Sync 1 DAGs
[2025-04-19T10:28:49.217+0000] {logging_mixin.py:190} INFO - [2025-04-19T10:28:49.217+0000] {dag.py:4180} INFO - Setting next_dagrun for example_dag_decorator to None, run_after=None
[2025-04-19T10:28:49.254+0000] {processor.py:208} INFO - Processing /home/airflow/.local/lib/python3.12/site-packages/airflow/example_dags/example_dag_decorator.py took 0.431 seconds
[2025-04-19T10:29:19.845+0000] {processor.py:186} INFO - Started process (PID=1369) to work on /home/airflow/.local/lib/python3.12/site-packages/airflow/example_dags/example_dag_decorator.py
[2025-04-19T10:29:19.848+0000] {processor.py:914} INFO - Processing file /home/airflow/.local/lib/python3.12/site-packages/airflow/example_dags/example_dag_decorator.py for tasks to queue
[2025-04-19T10:29:19.855+0000] {logging_mixin.py:190} INFO - [2025-04-19T10:29:19.854+0000] {dagbag.py:588} INFO - Filling up the DagBag from /home/airflow/.local/lib/python3.12/site-packages/airflow/example_dags/example_dag_decorator.py
[2025-04-19T10:29:20.111+0000] {processor.py:925} INFO - DAG(s) 'example_dag_decorator' retrieved from /home/airflow/.local/lib/python3.12/site-packages/airflow/example_dags/example_dag_decorator.py
[2025-04-19T10:29:20.404+0000] {logging_mixin.py:190} INFO - [2025-04-19T10:29:20.404+0000] {dag.py:3239} INFO - Sync 1 DAGs
[2025-04-19T10:29:20.423+0000] {logging_mixin.py:190} INFO - [2025-04-19T10:29:20.423+0000] {dag.py:4180} INFO - Setting next_dagrun for example_dag_decorator to None, run_after=None
[2025-04-19T10:29:20.455+0000] {processor.py:208} INFO - Processing /home/airflow/.local/lib/python3.12/site-packages/airflow/example_dags/example_dag_decorator.py took 0.628 seconds
[2025-04-19T10:31:42.310+0000] {processor.py:186} INFO - Started process (PID=98) to work on /home/airflow/.local/lib/python3.12/site-packages/airflow/example_dags/example_dag_decorator.py
[2025-04-19T10:31:42.312+0000] {processor.py:914} INFO - Processing file /home/airflow/.local/lib/python3.12/site-packages/airflow/example_dags/example_dag_decorator.py for tasks to queue
[2025-04-19T10:31:42.316+0000] {logging_mixin.py:190} INFO - [2025-04-19T10:31:42.315+0000] {dagbag.py:588} INFO - Filling up the DagBag from /home/airflow/.local/lib/python3.12/site-packages/airflow/example_dags/example_dag_decorator.py
[2025-04-19T10:31:43.021+0000] {processor.py:925} INFO - DAG(s) 'example_dag_decorator' retrieved from /home/airflow/.local/lib/python3.12/site-packages/airflow/example_dags/example_dag_decorator.py
[2025-04-19T10:31:43.251+0000] {logging_mixin.py:190} INFO - [2025-04-19T10:31:43.250+0000] {dag.py:3239} INFO - Sync 1 DAGs
[2025-04-19T10:31:43.282+0000] {logging_mixin.py:190} INFO - [2025-04-19T10:31:43.282+0000] {dag.py:4180} INFO - Setting next_dagrun for example_dag_decorator to None, run_after=None
[2025-04-19T10:31:43.331+0000] {processor.py:208} INFO - Processing /home/airflow/.local/lib/python3.12/site-packages/airflow/example_dags/example_dag_decorator.py took 1.029 seconds
[2025-04-19T10:32:13.868+0000] {processor.py:186} INFO - Started process (PID=164) to work on /home/airflow/.local/lib/python3.12/site-packages/airflow/example_dags/example_dag_decorator.py
[2025-04-19T10:32:13.870+0000] {processor.py:914} INFO - Processing file /home/airflow/.local/lib/python3.12/site-packages/airflow/example_dags/example_dag_decorator.py for tasks to queue
[2025-04-19T10:32:13.875+0000] {logging_mixin.py:190} INFO - [2025-04-19T10:32:13.874+0000] {dagbag.py:588} INFO - Filling up the DagBag from /home/airflow/.local/lib/python3.12/site-packages/airflow/example_dags/example_dag_decorator.py
[2025-04-19T10:32:14.046+0000] {processor.py:925} INFO - DAG(s) 'example_dag_decorator' retrieved from /home/airflow/.local/lib/python3.12/site-packages/airflow/example_dags/example_dag_decorator.py
[2025-04-19T10:32:14.276+0000] {logging_mixin.py:190} INFO - [2025-04-19T10:32:14.275+0000] {dag.py:3239} INFO - Sync 1 DAGs
[2025-04-19T10:32:14.301+0000] {logging_mixin.py:190} INFO - [2025-04-19T10:32:14.301+0000] {dag.py:4180} INFO - Setting next_dagrun for example_dag_decorator to None, run_after=None
[2025-04-19T10:32:14.349+0000] {processor.py:208} INFO - Processing /home/airflow/.local/lib/python3.12/site-packages/airflow/example_dags/example_dag_decorator.py took 0.491 seconds
[2025-04-19T10:32:44.717+0000] {processor.py:186} INFO - Started process (PID=227) to work on /home/airflow/.local/lib/python3.12/site-packages/airflow/example_dags/example_dag_decorator.py
[2025-04-19T10:32:44.719+0000] {processor.py:914} INFO - Processing file /home/airflow/.local/lib/python3.12/site-packages/airflow/example_dags/example_dag_decorator.py for tasks to queue
[2025-04-19T10:32:44.726+0000] {logging_mixin.py:190} INFO - [2025-04-19T10:32:44.725+0000] {dagbag.py:588} INFO - Filling up the DagBag from /home/airflow/.local/lib/python3.12/site-packages/airflow/example_dags/example_dag_decorator.py
[2025-04-19T10:32:44.923+0000] {processor.py:925} INFO - DAG(s) 'example_dag_decorator' retrieved from /home/airflow/.local/lib/python3.12/site-packages/airflow/example_dags/example_dag_decorator.py
[2025-04-19T10:32:45.149+0000] {logging_mixin.py:190} INFO - [2025-04-19T10:32:45.149+0000] {dag.py:3239} INFO - Sync 1 DAGs
[2025-04-19T10:32:45.170+0000] {logging_mixin.py:190} INFO - [2025-04-19T10:32:45.169+0000] {dag.py:4180} INFO - Setting next_dagrun for example_dag_decorator to None, run_after=None
[2025-04-19T10:32:45.205+0000] {processor.py:208} INFO - Processing /home/airflow/.local/lib/python3.12/site-packages/airflow/example_dags/example_dag_decorator.py took 0.498 seconds
[2025-04-19T10:33:15.444+0000] {processor.py:186} INFO - Started process (PID=288) to work on /home/airflow/.local/lib/python3.12/site-packages/airflow/example_dags/example_dag_decorator.py
[2025-04-19T10:33:15.447+0000] {processor.py:914} INFO - Processing file /home/airflow/.local/lib/python3.12/site-packages/airflow/example_dags/example_dag_decorator.py for tasks to queue
[2025-04-19T10:33:15.455+0000] {logging_mixin.py:190} INFO - [2025-04-19T10:33:15.454+0000] {dagbag.py:588} INFO - Filling up the DagBag from /home/airflow/.local/lib/python3.12/site-packages/airflow/example_dags/example_dag_decorator.py
[2025-04-19T10:33:15.782+0000] {processor.py:925} INFO - DAG(s) 'example_dag_decorator' retrieved from /home/airflow/.local/lib/python3.12/site-packages/airflow/example_dags/example_dag_decorator.py
[2025-04-19T10:33:15.988+0000] {logging_mixin.py:190} INFO - [2025-04-19T10:33:15.987+0000] {dag.py:3239} INFO - Sync 1 DAGs
[2025-04-19T10:33:16.010+0000] {logging_mixin.py:190} INFO - [2025-04-19T10:33:16.010+0000] {dag.py:4180} INFO - Setting next_dagrun for example_dag_decorator to None, run_after=None
[2025-04-19T10:33:16.046+0000] {processor.py:208} INFO - Processing /home/airflow/.local/lib/python3.12/site-packages/airflow/example_dags/example_dag_decorator.py took 0.618 seconds
[2025-04-19T10:33:46.304+0000] {processor.py:186} INFO - Started process (PID=350) to work on /home/airflow/.local/lib/python3.12/site-packages/airflow/example_dags/example_dag_decorator.py
[2025-04-19T10:33:46.307+0000] {processor.py:914} INFO - Processing file /home/airflow/.local/lib/python3.12/site-packages/airflow/example_dags/example_dag_decorator.py for tasks to queue
[2025-04-19T10:33:46.313+0000] {logging_mixin.py:190} INFO - [2025-04-19T10:33:46.312+0000] {dagbag.py:588} INFO - Filling up the DagBag from /home/airflow/.local/lib/python3.12/site-packages/airflow/example_dags/example_dag_decorator.py
[2025-04-19T10:33:46.738+0000] {processor.py:925} INFO - DAG(s) 'example_dag_decorator' retrieved from /home/airflow/.local/lib/python3.12/site-packages/airflow/example_dags/example_dag_decorator.py
[2025-04-19T10:33:46.972+0000] {logging_mixin.py:190} INFO - [2025-04-19T10:33:46.971+0000] {dag.py:3239} INFO - Sync 1 DAGs
[2025-04-19T10:33:47.033+0000] {logging_mixin.py:190} INFO - [2025-04-19T10:33:47.032+0000] {dag.py:4180} INFO - Setting next_dagrun for example_dag_decorator to None, run_after=None
[2025-04-19T10:33:47.112+0000] {processor.py:208} INFO - Processing /home/airflow/.local/lib/python3.12/site-packages/airflow/example_dags/example_dag_decorator.py took 0.820 seconds
