[2025-04-19T10:19:03.691+0000] {processor.py:186} INFO - Started process (PID=96) to work on /home/airflow/.local/lib/python3.12/site-packages/airflow/example_dags/example_python_operator.py
[2025-04-19T10:19:03.694+0000] {processor.py:914} INFO - Processing file /home/airflow/.local/lib/python3.12/site-packages/airflow/example_dags/example_python_operator.py for tasks to queue
[2025-04-19T10:19:03.698+0000] {logging_mixin.py:190} INFO - [2025-04-19T10:19:03.698+0000] {dagbag.py:588} INFO - Filling up the DagBag from /home/airflow/.local/lib/python3.12/site-packages/airflow/example_dags/example_python_operator.py
[2025-04-19T10:19:03.734+0000] {processor.py:925} INFO - DAG(s) 'example_python_operator' retrieved from /home/airflow/.local/lib/python3.12/site-packages/airflow/example_dags/example_python_operator.py
[2025-04-19T10:19:03.943+0000] {logging_mixin.py:190} INFO - [2025-04-19T10:19:03.942+0000] {override.py:1912} INFO - Created Permission View: can delete on DAG:example_python_operator
[2025-04-19T10:19:03.968+0000] {logging_mixin.py:190} INFO - [2025-04-19T10:19:03.967+0000] {override.py:1912} INFO - Created Permission View: can read on DAG:example_python_operator
[2025-04-19T10:19:03.986+0000] {logging_mixin.py:190} INFO - [2025-04-19T10:19:03.985+0000] {override.py:1912} INFO - Created Permission View: can edit on DAG:example_python_operator
[2025-04-19T10:19:04.007+0000] {logging_mixin.py:190} INFO - [2025-04-19T10:19:04.007+0000] {override.py:1912} INFO - Created Permission View: can delete on DAG Run:example_python_operator
[2025-04-19T10:19:04.026+0000] {logging_mixin.py:190} INFO - [2025-04-19T10:19:04.026+0000] {override.py:1912} INFO - Created Permission View: can read on DAG Run:example_python_operator
[2025-04-19T10:19:04.044+0000] {logging_mixin.py:190} INFO - [2025-04-19T10:19:04.043+0000] {override.py:1912} INFO - Created Permission View: menu access on DAG Run:example_python_operator
[2025-04-19T10:19:04.065+0000] {logging_mixin.py:190} INFO - [2025-04-19T10:19:04.064+0000] {override.py:1912} INFO - Created Permission View: can create on DAG Run:example_python_operator
[2025-04-19T10:19:04.067+0000] {logging_mixin.py:190} INFO - [2025-04-19T10:19:04.066+0000] {dag.py:3239} INFO - Sync 1 DAGs
[2025-04-19T10:19:04.105+0000] {logging_mixin.py:190} INFO - [2025-04-19T10:19:04.104+0000] {dag.py:3262} INFO - Creating ORM DAG for example_python_operator
[2025-04-19T10:19:04.107+0000] {logging_mixin.py:190} INFO - [2025-04-19T10:19:04.107+0000] {dag.py:4180} INFO - Setting next_dagrun for example_python_operator to None, run_after=None
[2025-04-19T10:19:04.156+0000] {processor.py:208} INFO - Processing /home/airflow/.local/lib/python3.12/site-packages/airflow/example_dags/example_python_operator.py took 0.477 seconds
[2025-04-19T10:19:34.292+0000] {processor.py:186} INFO - Started process (PID=159) to work on /home/airflow/.local/lib/python3.12/site-packages/airflow/example_dags/example_python_operator.py
[2025-04-19T10:19:34.296+0000] {processor.py:914} INFO - Processing file /home/airflow/.local/lib/python3.12/site-packages/airflow/example_dags/example_python_operator.py for tasks to queue
[2025-04-19T10:19:34.303+0000] {logging_mixin.py:190} INFO - [2025-04-19T10:19:34.302+0000] {dagbag.py:588} INFO - Filling up the DagBag from /home/airflow/.local/lib/python3.12/site-packages/airflow/example_dags/example_python_operator.py
[2025-04-19T10:19:34.329+0000] {processor.py:925} INFO - DAG(s) 'example_python_operator' retrieved from /home/airflow/.local/lib/python3.12/site-packages/airflow/example_dags/example_python_operator.py
[2025-04-19T10:19:34.377+0000] {logging_mixin.py:190} INFO - [2025-04-19T10:19:34.376+0000] {dag.py:3239} INFO - Sync 1 DAGs
[2025-04-19T10:19:34.402+0000] {logging_mixin.py:190} INFO - [2025-04-19T10:19:34.401+0000] {dag.py:4180} INFO - Setting next_dagrun for example_python_operator to None, run_after=None
[2025-04-19T10:19:34.481+0000] {processor.py:208} INFO - Processing /home/airflow/.local/lib/python3.12/site-packages/airflow/example_dags/example_python_operator.py took 0.208 seconds
[2025-04-19T10:20:05.065+0000] {processor.py:186} INFO - Started process (PID=222) to work on /home/airflow/.local/lib/python3.12/site-packages/airflow/example_dags/example_python_operator.py
[2025-04-19T10:20:05.069+0000] {processor.py:914} INFO - Processing file /home/airflow/.local/lib/python3.12/site-packages/airflow/example_dags/example_python_operator.py for tasks to queue
[2025-04-19T10:20:05.084+0000] {logging_mixin.py:190} INFO - [2025-04-19T10:20:05.082+0000] {dagbag.py:588} INFO - Filling up the DagBag from /home/airflow/.local/lib/python3.12/site-packages/airflow/example_dags/example_python_operator.py
[2025-04-19T10:20:05.128+0000] {processor.py:925} INFO - DAG(s) 'example_python_operator' retrieved from /home/airflow/.local/lib/python3.12/site-packages/airflow/example_dags/example_python_operator.py
[2025-04-19T10:20:05.214+0000] {logging_mixin.py:190} INFO - [2025-04-19T10:20:05.213+0000] {dag.py:3239} INFO - Sync 1 DAGs
[2025-04-19T10:20:05.254+0000] {logging_mixin.py:190} INFO - [2025-04-19T10:20:05.253+0000] {dag.py:4180} INFO - Setting next_dagrun for example_python_operator to None, run_after=None
[2025-04-19T10:20:05.304+0000] {processor.py:208} INFO - Processing /home/airflow/.local/lib/python3.12/site-packages/airflow/example_dags/example_python_operator.py took 0.258 seconds
[2025-04-19T10:20:35.782+0000] {processor.py:186} INFO - Started process (PID=284) to work on /home/airflow/.local/lib/python3.12/site-packages/airflow/example_dags/example_python_operator.py
[2025-04-19T10:20:35.784+0000] {processor.py:914} INFO - Processing file /home/airflow/.local/lib/python3.12/site-packages/airflow/example_dags/example_python_operator.py for tasks to queue
[2025-04-19T10:20:35.790+0000] {logging_mixin.py:190} INFO - [2025-04-19T10:20:35.789+0000] {dagbag.py:588} INFO - Filling up the DagBag from /home/airflow/.local/lib/python3.12/site-packages/airflow/example_dags/example_python_operator.py
[2025-04-19T10:20:35.816+0000] {processor.py:925} INFO - DAG(s) 'example_python_operator' retrieved from /home/airflow/.local/lib/python3.12/site-packages/airflow/example_dags/example_python_operator.py
[2025-04-19T10:20:35.884+0000] {logging_mixin.py:190} INFO - [2025-04-19T10:20:35.884+0000] {dag.py:3239} INFO - Sync 1 DAGs
[2025-04-19T10:20:35.912+0000] {logging_mixin.py:190} INFO - [2025-04-19T10:20:35.911+0000] {dag.py:4180} INFO - Setting next_dagrun for example_python_operator to None, run_after=None
[2025-04-19T10:20:35.953+0000] {processor.py:208} INFO - Processing /home/airflow/.local/lib/python3.12/site-packages/airflow/example_dags/example_python_operator.py took 0.186 seconds
[2025-04-19T10:21:06.383+0000] {processor.py:186} INFO - Started process (PID=347) to work on /home/airflow/.local/lib/python3.12/site-packages/airflow/example_dags/example_python_operator.py
[2025-04-19T10:21:06.386+0000] {processor.py:914} INFO - Processing file /home/airflow/.local/lib/python3.12/site-packages/airflow/example_dags/example_python_operator.py for tasks to queue
[2025-04-19T10:21:06.392+0000] {logging_mixin.py:190} INFO - [2025-04-19T10:21:06.391+0000] {dagbag.py:588} INFO - Filling up the DagBag from /home/airflow/.local/lib/python3.12/site-packages/airflow/example_dags/example_python_operator.py
[2025-04-19T10:21:06.413+0000] {processor.py:925} INFO - DAG(s) 'example_python_operator' retrieved from /home/airflow/.local/lib/python3.12/site-packages/airflow/example_dags/example_python_operator.py
[2025-04-19T10:21:06.463+0000] {logging_mixin.py:190} INFO - [2025-04-19T10:21:06.463+0000] {dag.py:3239} INFO - Sync 1 DAGs
[2025-04-19T10:21:06.516+0000] {logging_mixin.py:190} INFO - [2025-04-19T10:21:06.515+0000] {dag.py:4180} INFO - Setting next_dagrun for example_python_operator to None, run_after=None
[2025-04-19T10:21:06.580+0000] {processor.py:208} INFO - Processing /home/airflow/.local/lib/python3.12/site-packages/airflow/example_dags/example_python_operator.py took 0.213 seconds
[2025-04-19T10:21:36.781+0000] {processor.py:186} INFO - Started process (PID=410) to work on /home/airflow/.local/lib/python3.12/site-packages/airflow/example_dags/example_python_operator.py
[2025-04-19T10:21:36.784+0000] {processor.py:914} INFO - Processing file /home/airflow/.local/lib/python3.12/site-packages/airflow/example_dags/example_python_operator.py for tasks to queue
[2025-04-19T10:21:36.789+0000] {logging_mixin.py:190} INFO - [2025-04-19T10:21:36.788+0000] {dagbag.py:588} INFO - Filling up the DagBag from /home/airflow/.local/lib/python3.12/site-packages/airflow/example_dags/example_python_operator.py
[2025-04-19T10:21:36.815+0000] {processor.py:925} INFO - DAG(s) 'example_python_operator' retrieved from /home/airflow/.local/lib/python3.12/site-packages/airflow/example_dags/example_python_operator.py
[2025-04-19T10:21:36.852+0000] {logging_mixin.py:190} INFO - [2025-04-19T10:21:36.851+0000] {dag.py:3239} INFO - Sync 1 DAGs
[2025-04-19T10:21:36.903+0000] {logging_mixin.py:190} INFO - [2025-04-19T10:21:36.902+0000] {dag.py:4180} INFO - Setting next_dagrun for example_python_operator to None, run_after=None
[2025-04-19T10:21:36.963+0000] {processor.py:208} INFO - Processing /home/airflow/.local/lib/python3.12/site-packages/airflow/example_dags/example_python_operator.py took 0.198 seconds
[2025-04-19T10:22:07.316+0000] {processor.py:186} INFO - Started process (PID=473) to work on /home/airflow/.local/lib/python3.12/site-packages/airflow/example_dags/example_python_operator.py
[2025-04-19T10:22:07.319+0000] {processor.py:914} INFO - Processing file /home/airflow/.local/lib/python3.12/site-packages/airflow/example_dags/example_python_operator.py for tasks to queue
[2025-04-19T10:22:07.326+0000] {logging_mixin.py:190} INFO - [2025-04-19T10:22:07.325+0000] {dagbag.py:588} INFO - Filling up the DagBag from /home/airflow/.local/lib/python3.12/site-packages/airflow/example_dags/example_python_operator.py
[2025-04-19T10:22:07.352+0000] {processor.py:925} INFO - DAG(s) 'example_python_operator' retrieved from /home/airflow/.local/lib/python3.12/site-packages/airflow/example_dags/example_python_operator.py
[2025-04-19T10:22:07.390+0000] {logging_mixin.py:190} INFO - [2025-04-19T10:22:07.389+0000] {dag.py:3239} INFO - Sync 1 DAGs
[2025-04-19T10:22:07.419+0000] {logging_mixin.py:190} INFO - [2025-04-19T10:22:07.419+0000] {dag.py:4180} INFO - Setting next_dagrun for example_python_operator to None, run_after=None
[2025-04-19T10:22:07.453+0000] {processor.py:208} INFO - Processing /home/airflow/.local/lib/python3.12/site-packages/airflow/example_dags/example_python_operator.py took 0.157 seconds
[2025-04-19T10:22:37.654+0000] {processor.py:186} INFO - Started process (PID=535) to work on /home/airflow/.local/lib/python3.12/site-packages/airflow/example_dags/example_python_operator.py
[2025-04-19T10:22:37.657+0000] {processor.py:914} INFO - Processing file /home/airflow/.local/lib/python3.12/site-packages/airflow/example_dags/example_python_operator.py for tasks to queue
[2025-04-19T10:22:37.663+0000] {logging_mixin.py:190} INFO - [2025-04-19T10:22:37.662+0000] {dagbag.py:588} INFO - Filling up the DagBag from /home/airflow/.local/lib/python3.12/site-packages/airflow/example_dags/example_python_operator.py
[2025-04-19T10:22:37.692+0000] {processor.py:925} INFO - DAG(s) 'example_python_operator' retrieved from /home/airflow/.local/lib/python3.12/site-packages/airflow/example_dags/example_python_operator.py
[2025-04-19T10:22:37.737+0000] {logging_mixin.py:190} INFO - [2025-04-19T10:22:37.736+0000] {dag.py:3239} INFO - Sync 1 DAGs
[2025-04-19T10:22:37.760+0000] {logging_mixin.py:190} INFO - [2025-04-19T10:22:37.760+0000] {dag.py:4180} INFO - Setting next_dagrun for example_python_operator to None, run_after=None
[2025-04-19T10:22:37.795+0000] {processor.py:208} INFO - Processing /home/airflow/.local/lib/python3.12/site-packages/airflow/example_dags/example_python_operator.py took 0.153 seconds
[2025-04-19T10:23:08.090+0000] {processor.py:186} INFO - Started process (PID=597) to work on /home/airflow/.local/lib/python3.12/site-packages/airflow/example_dags/example_python_operator.py
[2025-04-19T10:23:08.094+0000] {processor.py:914} INFO - Processing file /home/airflow/.local/lib/python3.12/site-packages/airflow/example_dags/example_python_operator.py for tasks to queue
[2025-04-19T10:23:08.103+0000] {logging_mixin.py:190} INFO - [2025-04-19T10:23:08.102+0000] {dagbag.py:588} INFO - Filling up the DagBag from /home/airflow/.local/lib/python3.12/site-packages/airflow/example_dags/example_python_operator.py
[2025-04-19T10:23:08.135+0000] {processor.py:925} INFO - DAG(s) 'example_python_operator' retrieved from /home/airflow/.local/lib/python3.12/site-packages/airflow/example_dags/example_python_operator.py
[2025-04-19T10:23:08.191+0000] {logging_mixin.py:190} INFO - [2025-04-19T10:23:08.191+0000] {dag.py:3239} INFO - Sync 1 DAGs
[2025-04-19T10:23:08.232+0000] {logging_mixin.py:190} INFO - [2025-04-19T10:23:08.231+0000] {dag.py:4180} INFO - Setting next_dagrun for example_python_operator to None, run_after=None
[2025-04-19T10:23:08.309+0000] {processor.py:208} INFO - Processing /home/airflow/.local/lib/python3.12/site-packages/airflow/example_dags/example_python_operator.py took 0.239 seconds
[2025-04-19T10:23:38.623+0000] {processor.py:186} INFO - Started process (PID=660) to work on /home/airflow/.local/lib/python3.12/site-packages/airflow/example_dags/example_python_operator.py
[2025-04-19T10:23:38.625+0000] {processor.py:914} INFO - Processing file /home/airflow/.local/lib/python3.12/site-packages/airflow/example_dags/example_python_operator.py for tasks to queue
[2025-04-19T10:23:38.630+0000] {logging_mixin.py:190} INFO - [2025-04-19T10:23:38.630+0000] {dagbag.py:588} INFO - Filling up the DagBag from /home/airflow/.local/lib/python3.12/site-packages/airflow/example_dags/example_python_operator.py
[2025-04-19T10:23:38.658+0000] {processor.py:925} INFO - DAG(s) 'example_python_operator' retrieved from /home/airflow/.local/lib/python3.12/site-packages/airflow/example_dags/example_python_operator.py
[2025-04-19T10:23:38.695+0000] {logging_mixin.py:190} INFO - [2025-04-19T10:23:38.695+0000] {dag.py:3239} INFO - Sync 1 DAGs
[2025-04-19T10:23:38.720+0000] {logging_mixin.py:190} INFO - [2025-04-19T10:23:38.720+0000] {dag.py:4180} INFO - Setting next_dagrun for example_python_operator to None, run_after=None
[2025-04-19T10:23:38.800+0000] {processor.py:208} INFO - Processing /home/airflow/.local/lib/python3.12/site-packages/airflow/example_dags/example_python_operator.py took 0.192 seconds
[2025-04-19T10:24:09.341+0000] {processor.py:186} INFO - Started process (PID=724) to work on /home/airflow/.local/lib/python3.12/site-packages/airflow/example_dags/example_python_operator.py
[2025-04-19T10:24:09.344+0000] {processor.py:914} INFO - Processing file /home/airflow/.local/lib/python3.12/site-packages/airflow/example_dags/example_python_operator.py for tasks to queue
[2025-04-19T10:24:09.351+0000] {logging_mixin.py:190} INFO - [2025-04-19T10:24:09.350+0000] {dagbag.py:588} INFO - Filling up the DagBag from /home/airflow/.local/lib/python3.12/site-packages/airflow/example_dags/example_python_operator.py
[2025-04-19T10:24:09.380+0000] {processor.py:925} INFO - DAG(s) 'example_python_operator' retrieved from /home/airflow/.local/lib/python3.12/site-packages/airflow/example_dags/example_python_operator.py
[2025-04-19T10:24:09.421+0000] {logging_mixin.py:190} INFO - [2025-04-19T10:24:09.420+0000] {dag.py:3239} INFO - Sync 1 DAGs
[2025-04-19T10:24:09.446+0000] {logging_mixin.py:190} INFO - [2025-04-19T10:24:09.445+0000] {dag.py:4180} INFO - Setting next_dagrun for example_python_operator to None, run_after=None
[2025-04-19T10:24:09.482+0000] {processor.py:208} INFO - Processing /home/airflow/.local/lib/python3.12/site-packages/airflow/example_dags/example_python_operator.py took 0.155 seconds
[2025-04-19T10:24:40.366+0000] {processor.py:186} INFO - Started process (PID=794) to work on /home/airflow/.local/lib/python3.12/site-packages/airflow/example_dags/example_python_operator.py
[2025-04-19T10:24:40.368+0000] {processor.py:914} INFO - Processing file /home/airflow/.local/lib/python3.12/site-packages/airflow/example_dags/example_python_operator.py for tasks to queue
[2025-04-19T10:24:40.374+0000] {logging_mixin.py:190} INFO - [2025-04-19T10:24:40.374+0000] {dagbag.py:588} INFO - Filling up the DagBag from /home/airflow/.local/lib/python3.12/site-packages/airflow/example_dags/example_python_operator.py
[2025-04-19T10:24:40.397+0000] {processor.py:925} INFO - DAG(s) 'example_python_operator' retrieved from /home/airflow/.local/lib/python3.12/site-packages/airflow/example_dags/example_python_operator.py
[2025-04-19T10:24:40.437+0000] {logging_mixin.py:190} INFO - [2025-04-19T10:24:40.437+0000] {dag.py:3239} INFO - Sync 1 DAGs
[2025-04-19T10:24:40.458+0000] {logging_mixin.py:190} INFO - [2025-04-19T10:24:40.458+0000] {dag.py:4180} INFO - Setting next_dagrun for example_python_operator to None, run_after=None
[2025-04-19T10:24:40.496+0000] {processor.py:208} INFO - Processing /home/airflow/.local/lib/python3.12/site-packages/airflow/example_dags/example_python_operator.py took 0.144 seconds
[2025-04-19T10:25:10.745+0000] {processor.py:186} INFO - Started process (PID=857) to work on /home/airflow/.local/lib/python3.12/site-packages/airflow/example_dags/example_python_operator.py
[2025-04-19T10:25:10.747+0000] {processor.py:914} INFO - Processing file /home/airflow/.local/lib/python3.12/site-packages/airflow/example_dags/example_python_operator.py for tasks to queue
[2025-04-19T10:25:10.754+0000] {logging_mixin.py:190} INFO - [2025-04-19T10:25:10.753+0000] {dagbag.py:588} INFO - Filling up the DagBag from /home/airflow/.local/lib/python3.12/site-packages/airflow/example_dags/example_python_operator.py
[2025-04-19T10:25:10.781+0000] {processor.py:925} INFO - DAG(s) 'example_python_operator' retrieved from /home/airflow/.local/lib/python3.12/site-packages/airflow/example_dags/example_python_operator.py
[2025-04-19T10:25:10.821+0000] {logging_mixin.py:190} INFO - [2025-04-19T10:25:10.821+0000] {dag.py:3239} INFO - Sync 1 DAGs
[2025-04-19T10:25:10.846+0000] {logging_mixin.py:190} INFO - [2025-04-19T10:25:10.846+0000] {dag.py:4180} INFO - Setting next_dagrun for example_python_operator to None, run_after=None
[2025-04-19T10:25:10.882+0000] {processor.py:208} INFO - Processing /home/airflow/.local/lib/python3.12/site-packages/airflow/example_dags/example_python_operator.py took 0.148 seconds
[2025-04-19T10:25:41.686+0000] {processor.py:186} INFO - Started process (PID=920) to work on /home/airflow/.local/lib/python3.12/site-packages/airflow/example_dags/example_python_operator.py
[2025-04-19T10:25:41.691+0000] {processor.py:914} INFO - Processing file /home/airflow/.local/lib/python3.12/site-packages/airflow/example_dags/example_python_operator.py for tasks to queue
[2025-04-19T10:25:41.700+0000] {logging_mixin.py:190} INFO - [2025-04-19T10:25:41.699+0000] {dagbag.py:588} INFO - Filling up the DagBag from /home/airflow/.local/lib/python3.12/site-packages/airflow/example_dags/example_python_operator.py
[2025-04-19T10:25:41.732+0000] {processor.py:925} INFO - DAG(s) 'example_python_operator' retrieved from /home/airflow/.local/lib/python3.12/site-packages/airflow/example_dags/example_python_operator.py
[2025-04-19T10:25:41.806+0000] {logging_mixin.py:190} INFO - [2025-04-19T10:25:41.806+0000] {dag.py:3239} INFO - Sync 1 DAGs
[2025-04-19T10:25:41.839+0000] {logging_mixin.py:190} INFO - [2025-04-19T10:25:41.838+0000] {dag.py:4180} INFO - Setting next_dagrun for example_python_operator to None, run_after=None
[2025-04-19T10:25:41.890+0000] {processor.py:208} INFO - Processing /home/airflow/.local/lib/python3.12/site-packages/airflow/example_dags/example_python_operator.py took 0.228 seconds
[2025-04-19T10:26:12.324+0000] {processor.py:186} INFO - Started process (PID=983) to work on /home/airflow/.local/lib/python3.12/site-packages/airflow/example_dags/example_python_operator.py
[2025-04-19T10:26:12.326+0000] {processor.py:914} INFO - Processing file /home/airflow/.local/lib/python3.12/site-packages/airflow/example_dags/example_python_operator.py for tasks to queue
[2025-04-19T10:26:12.334+0000] {logging_mixin.py:190} INFO - [2025-04-19T10:26:12.333+0000] {dagbag.py:588} INFO - Filling up the DagBag from /home/airflow/.local/lib/python3.12/site-packages/airflow/example_dags/example_python_operator.py
[2025-04-19T10:26:12.357+0000] {processor.py:925} INFO - DAG(s) 'example_python_operator' retrieved from /home/airflow/.local/lib/python3.12/site-packages/airflow/example_dags/example_python_operator.py
[2025-04-19T10:26:12.409+0000] {logging_mixin.py:190} INFO - [2025-04-19T10:26:12.408+0000] {dag.py:3239} INFO - Sync 1 DAGs
[2025-04-19T10:26:12.444+0000] {logging_mixin.py:190} INFO - [2025-04-19T10:26:12.444+0000] {dag.py:4180} INFO - Setting next_dagrun for example_python_operator to None, run_after=None
[2025-04-19T10:26:12.493+0000] {processor.py:208} INFO - Processing /home/airflow/.local/lib/python3.12/site-packages/airflow/example_dags/example_python_operator.py took 0.187 seconds
[2025-04-19T10:26:43.535+0000] {processor.py:186} INFO - Started process (PID=1046) to work on /home/airflow/.local/lib/python3.12/site-packages/airflow/example_dags/example_python_operator.py
[2025-04-19T10:26:43.537+0000] {processor.py:914} INFO - Processing file /home/airflow/.local/lib/python3.12/site-packages/airflow/example_dags/example_python_operator.py for tasks to queue
[2025-04-19T10:26:43.542+0000] {logging_mixin.py:190} INFO - [2025-04-19T10:26:43.541+0000] {dagbag.py:588} INFO - Filling up the DagBag from /home/airflow/.local/lib/python3.12/site-packages/airflow/example_dags/example_python_operator.py
[2025-04-19T10:26:43.562+0000] {processor.py:925} INFO - DAG(s) 'example_python_operator' retrieved from /home/airflow/.local/lib/python3.12/site-packages/airflow/example_dags/example_python_operator.py
[2025-04-19T10:26:43.606+0000] {logging_mixin.py:190} INFO - [2025-04-19T10:26:43.605+0000] {dag.py:3239} INFO - Sync 1 DAGs
[2025-04-19T10:26:43.647+0000] {logging_mixin.py:190} INFO - [2025-04-19T10:26:43.647+0000] {dag.py:4180} INFO - Setting next_dagrun for example_python_operator to None, run_after=None
[2025-04-19T10:26:43.696+0000] {processor.py:208} INFO - Processing /home/airflow/.local/lib/python3.12/site-packages/airflow/example_dags/example_python_operator.py took 0.170 seconds
[2025-04-19T10:27:14.118+0000] {processor.py:186} INFO - Started process (PID=1109) to work on /home/airflow/.local/lib/python3.12/site-packages/airflow/example_dags/example_python_operator.py
[2025-04-19T10:27:14.122+0000] {processor.py:914} INFO - Processing file /home/airflow/.local/lib/python3.12/site-packages/airflow/example_dags/example_python_operator.py for tasks to queue
[2025-04-19T10:27:14.132+0000] {logging_mixin.py:190} INFO - [2025-04-19T10:27:14.131+0000] {dagbag.py:588} INFO - Filling up the DagBag from /home/airflow/.local/lib/python3.12/site-packages/airflow/example_dags/example_python_operator.py
[2025-04-19T10:27:14.170+0000] {processor.py:925} INFO - DAG(s) 'example_python_operator' retrieved from /home/airflow/.local/lib/python3.12/site-packages/airflow/example_dags/example_python_operator.py
[2025-04-19T10:27:14.230+0000] {logging_mixin.py:190} INFO - [2025-04-19T10:27:14.229+0000] {dag.py:3239} INFO - Sync 1 DAGs
[2025-04-19T10:27:14.272+0000] {logging_mixin.py:190} INFO - [2025-04-19T10:27:14.269+0000] {dag.py:4180} INFO - Setting next_dagrun for example_python_operator to None, run_after=None
[2025-04-19T10:27:14.355+0000] {processor.py:208} INFO - Processing /home/airflow/.local/lib/python3.12/site-packages/airflow/example_dags/example_python_operator.py took 0.251 seconds
[2025-04-19T10:27:45.122+0000] {processor.py:186} INFO - Started process (PID=1172) to work on /home/airflow/.local/lib/python3.12/site-packages/airflow/example_dags/example_python_operator.py
[2025-04-19T10:27:45.126+0000] {processor.py:914} INFO - Processing file /home/airflow/.local/lib/python3.12/site-packages/airflow/example_dags/example_python_operator.py for tasks to queue
[2025-04-19T10:27:45.133+0000] {logging_mixin.py:190} INFO - [2025-04-19T10:27:45.132+0000] {dagbag.py:588} INFO - Filling up the DagBag from /home/airflow/.local/lib/python3.12/site-packages/airflow/example_dags/example_python_operator.py
[2025-04-19T10:27:45.159+0000] {processor.py:925} INFO - DAG(s) 'example_python_operator' retrieved from /home/airflow/.local/lib/python3.12/site-packages/airflow/example_dags/example_python_operator.py
[2025-04-19T10:27:45.202+0000] {logging_mixin.py:190} INFO - [2025-04-19T10:27:45.201+0000] {dag.py:3239} INFO - Sync 1 DAGs
[2025-04-19T10:27:45.222+0000] {logging_mixin.py:190} INFO - [2025-04-19T10:27:45.222+0000] {dag.py:4180} INFO - Setting next_dagrun for example_python_operator to None, run_after=None
[2025-04-19T10:27:45.256+0000] {processor.py:208} INFO - Processing /home/airflow/.local/lib/python3.12/site-packages/airflow/example_dags/example_python_operator.py took 0.149 seconds
[2025-04-19T10:28:15.728+0000] {processor.py:186} INFO - Started process (PID=1235) to work on /home/airflow/.local/lib/python3.12/site-packages/airflow/example_dags/example_python_operator.py
[2025-04-19T10:28:15.730+0000] {processor.py:914} INFO - Processing file /home/airflow/.local/lib/python3.12/site-packages/airflow/example_dags/example_python_operator.py for tasks to queue
[2025-04-19T10:28:15.738+0000] {logging_mixin.py:190} INFO - [2025-04-19T10:28:15.737+0000] {dagbag.py:588} INFO - Filling up the DagBag from /home/airflow/.local/lib/python3.12/site-packages/airflow/example_dags/example_python_operator.py
[2025-04-19T10:28:15.773+0000] {processor.py:925} INFO - DAG(s) 'example_python_operator' retrieved from /home/airflow/.local/lib/python3.12/site-packages/airflow/example_dags/example_python_operator.py
[2025-04-19T10:28:15.856+0000] {logging_mixin.py:190} INFO - [2025-04-19T10:28:15.854+0000] {dag.py:3239} INFO - Sync 1 DAGs
[2025-04-19T10:28:15.898+0000] {logging_mixin.py:190} INFO - [2025-04-19T10:28:15.898+0000] {dag.py:4180} INFO - Setting next_dagrun for example_python_operator to None, run_after=None
[2025-04-19T10:28:15.947+0000] {processor.py:208} INFO - Processing /home/airflow/.local/lib/python3.12/site-packages/airflow/example_dags/example_python_operator.py took 0.236 seconds
[2025-04-19T10:28:46.934+0000] {processor.py:186} INFO - Started process (PID=1298) to work on /home/airflow/.local/lib/python3.12/site-packages/airflow/example_dags/example_python_operator.py
[2025-04-19T10:28:46.937+0000] {processor.py:914} INFO - Processing file /home/airflow/.local/lib/python3.12/site-packages/airflow/example_dags/example_python_operator.py for tasks to queue
[2025-04-19T10:28:46.943+0000] {logging_mixin.py:190} INFO - [2025-04-19T10:28:46.942+0000] {dagbag.py:588} INFO - Filling up the DagBag from /home/airflow/.local/lib/python3.12/site-packages/airflow/example_dags/example_python_operator.py
[2025-04-19T10:28:46.970+0000] {processor.py:925} INFO - DAG(s) 'example_python_operator' retrieved from /home/airflow/.local/lib/python3.12/site-packages/airflow/example_dags/example_python_operator.py
[2025-04-19T10:28:47.027+0000] {logging_mixin.py:190} INFO - [2025-04-19T10:28:47.026+0000] {dag.py:3239} INFO - Sync 1 DAGs
[2025-04-19T10:28:47.061+0000] {logging_mixin.py:190} INFO - [2025-04-19T10:28:47.060+0000] {dag.py:4180} INFO - Setting next_dagrun for example_python_operator to None, run_after=None
[2025-04-19T10:28:47.109+0000] {processor.py:208} INFO - Processing /home/airflow/.local/lib/python3.12/site-packages/airflow/example_dags/example_python_operator.py took 0.188 seconds
[2025-04-19T10:29:17.253+0000] {processor.py:186} INFO - Started process (PID=1361) to work on /home/airflow/.local/lib/python3.12/site-packages/airflow/example_dags/example_python_operator.py
[2025-04-19T10:29:17.255+0000] {processor.py:914} INFO - Processing file /home/airflow/.local/lib/python3.12/site-packages/airflow/example_dags/example_python_operator.py for tasks to queue
[2025-04-19T10:29:17.258+0000] {logging_mixin.py:190} INFO - [2025-04-19T10:29:17.258+0000] {dagbag.py:588} INFO - Filling up the DagBag from /home/airflow/.local/lib/python3.12/site-packages/airflow/example_dags/example_python_operator.py
[2025-04-19T10:29:17.279+0000] {processor.py:925} INFO - DAG(s) 'example_python_operator' retrieved from /home/airflow/.local/lib/python3.12/site-packages/airflow/example_dags/example_python_operator.py
[2025-04-19T10:29:17.317+0000] {logging_mixin.py:190} INFO - [2025-04-19T10:29:17.317+0000] {dag.py:3239} INFO - Sync 1 DAGs
[2025-04-19T10:29:17.339+0000] {logging_mixin.py:190} INFO - [2025-04-19T10:29:17.339+0000] {dag.py:4180} INFO - Setting next_dagrun for example_python_operator to None, run_after=None
[2025-04-19T10:29:17.370+0000] {processor.py:208} INFO - Processing /home/airflow/.local/lib/python3.12/site-packages/airflow/example_dags/example_python_operator.py took 0.125 seconds
[2025-04-19T10:31:41.768+0000] {processor.py:186} INFO - Started process (PID=95) to work on /home/airflow/.local/lib/python3.12/site-packages/airflow/example_dags/example_python_operator.py
[2025-04-19T10:31:41.771+0000] {processor.py:914} INFO - Processing file /home/airflow/.local/lib/python3.12/site-packages/airflow/example_dags/example_python_operator.py for tasks to queue
[2025-04-19T10:31:41.775+0000] {logging_mixin.py:190} INFO - [2025-04-19T10:31:41.774+0000] {dagbag.py:588} INFO - Filling up the DagBag from /home/airflow/.local/lib/python3.12/site-packages/airflow/example_dags/example_python_operator.py
[2025-04-19T10:31:41.799+0000] {processor.py:925} INFO - DAG(s) 'example_python_operator' retrieved from /home/airflow/.local/lib/python3.12/site-packages/airflow/example_dags/example_python_operator.py
[2025-04-19T10:31:41.996+0000] {logging_mixin.py:190} INFO - [2025-04-19T10:31:41.995+0000] {dag.py:3239} INFO - Sync 1 DAGs
[2025-04-19T10:31:42.023+0000] {logging_mixin.py:190} INFO - [2025-04-19T10:31:42.022+0000] {dag.py:4180} INFO - Setting next_dagrun for example_python_operator to None, run_after=None
[2025-04-19T10:31:42.062+0000] {processor.py:208} INFO - Processing /home/airflow/.local/lib/python3.12/site-packages/airflow/example_dags/example_python_operator.py took 0.306 seconds
[2025-04-19T10:32:12.492+0000] {processor.py:186} INFO - Started process (PID=158) to work on /home/airflow/.local/lib/python3.12/site-packages/airflow/example_dags/example_python_operator.py
[2025-04-19T10:32:12.494+0000] {processor.py:914} INFO - Processing file /home/airflow/.local/lib/python3.12/site-packages/airflow/example_dags/example_python_operator.py for tasks to queue
[2025-04-19T10:32:12.499+0000] {logging_mixin.py:190} INFO - [2025-04-19T10:32:12.498+0000] {dagbag.py:588} INFO - Filling up the DagBag from /home/airflow/.local/lib/python3.12/site-packages/airflow/example_dags/example_python_operator.py
[2025-04-19T10:32:12.527+0000] {processor.py:925} INFO - DAG(s) 'example_python_operator' retrieved from /home/airflow/.local/lib/python3.12/site-packages/airflow/example_dags/example_python_operator.py
[2025-04-19T10:32:12.566+0000] {logging_mixin.py:190} INFO - [2025-04-19T10:32:12.565+0000] {dag.py:3239} INFO - Sync 1 DAGs
[2025-04-19T10:32:12.600+0000] {logging_mixin.py:190} INFO - [2025-04-19T10:32:12.600+0000] {dag.py:4180} INFO - Setting next_dagrun for example_python_operator to None, run_after=None
[2025-04-19T10:32:12.652+0000] {processor.py:208} INFO - Processing /home/airflow/.local/lib/python3.12/site-packages/airflow/example_dags/example_python_operator.py took 0.168 seconds
[2025-04-19T10:32:43.439+0000] {processor.py:186} INFO - Started process (PID=221) to work on /home/airflow/.local/lib/python3.12/site-packages/airflow/example_dags/example_python_operator.py
[2025-04-19T10:32:43.442+0000] {processor.py:914} INFO - Processing file /home/airflow/.local/lib/python3.12/site-packages/airflow/example_dags/example_python_operator.py for tasks to queue
[2025-04-19T10:32:43.447+0000] {logging_mixin.py:190} INFO - [2025-04-19T10:32:43.447+0000] {dagbag.py:588} INFO - Filling up the DagBag from /home/airflow/.local/lib/python3.12/site-packages/airflow/example_dags/example_python_operator.py
[2025-04-19T10:32:43.470+0000] {processor.py:925} INFO - DAG(s) 'example_python_operator' retrieved from /home/airflow/.local/lib/python3.12/site-packages/airflow/example_dags/example_python_operator.py
[2025-04-19T10:32:43.514+0000] {logging_mixin.py:190} INFO - [2025-04-19T10:32:43.514+0000] {dag.py:3239} INFO - Sync 1 DAGs
[2025-04-19T10:32:43.542+0000] {logging_mixin.py:190} INFO - [2025-04-19T10:32:43.542+0000] {dag.py:4180} INFO - Setting next_dagrun for example_python_operator to None, run_after=None
[2025-04-19T10:32:43.580+0000] {processor.py:208} INFO - Processing /home/airflow/.local/lib/python3.12/site-packages/airflow/example_dags/example_python_operator.py took 0.157 seconds
[2025-04-19T10:33:13.960+0000] {processor.py:186} INFO - Started process (PID=284) to work on /home/airflow/.local/lib/python3.12/site-packages/airflow/example_dags/example_python_operator.py
[2025-04-19T10:33:13.962+0000] {processor.py:914} INFO - Processing file /home/airflow/.local/lib/python3.12/site-packages/airflow/example_dags/example_python_operator.py for tasks to queue
[2025-04-19T10:33:13.968+0000] {logging_mixin.py:190} INFO - [2025-04-19T10:33:13.967+0000] {dagbag.py:588} INFO - Filling up the DagBag from /home/airflow/.local/lib/python3.12/site-packages/airflow/example_dags/example_python_operator.py
[2025-04-19T10:33:13.996+0000] {processor.py:925} INFO - DAG(s) 'example_python_operator' retrieved from /home/airflow/.local/lib/python3.12/site-packages/airflow/example_dags/example_python_operator.py
[2025-04-19T10:33:14.032+0000] {logging_mixin.py:190} INFO - [2025-04-19T10:33:14.031+0000] {dag.py:3239} INFO - Sync 1 DAGs
[2025-04-19T10:33:14.062+0000] {logging_mixin.py:190} INFO - [2025-04-19T10:33:14.061+0000] {dag.py:4180} INFO - Setting next_dagrun for example_python_operator to None, run_after=None
[2025-04-19T10:33:14.103+0000] {processor.py:208} INFO - Processing /home/airflow/.local/lib/python3.12/site-packages/airflow/example_dags/example_python_operator.py took 0.154 seconds
[2025-04-19T10:33:44.692+0000] {processor.py:186} INFO - Started process (PID=347) to work on /home/airflow/.local/lib/python3.12/site-packages/airflow/example_dags/example_python_operator.py
[2025-04-19T10:33:44.694+0000] {processor.py:914} INFO - Processing file /home/airflow/.local/lib/python3.12/site-packages/airflow/example_dags/example_python_operator.py for tasks to queue
[2025-04-19T10:33:44.700+0000] {logging_mixin.py:190} INFO - [2025-04-19T10:33:44.699+0000] {dagbag.py:588} INFO - Filling up the DagBag from /home/airflow/.local/lib/python3.12/site-packages/airflow/example_dags/example_python_operator.py
[2025-04-19T10:33:44.729+0000] {processor.py:925} INFO - DAG(s) 'example_python_operator' retrieved from /home/airflow/.local/lib/python3.12/site-packages/airflow/example_dags/example_python_operator.py
[2025-04-19T10:33:44.797+0000] {logging_mixin.py:190} INFO - [2025-04-19T10:33:44.797+0000] {dag.py:3239} INFO - Sync 1 DAGs
[2025-04-19T10:33:44.842+0000] {logging_mixin.py:190} INFO - [2025-04-19T10:33:44.841+0000] {dag.py:4180} INFO - Setting next_dagrun for example_python_operator to None, run_after=None
[2025-04-19T10:33:44.884+0000] {processor.py:208} INFO - Processing /home/airflow/.local/lib/python3.12/site-packages/airflow/example_dags/example_python_operator.py took 0.205 seconds
