[2025-04-19T10:19:14.229+0000] {processor.py:186} INFO - Started process (PID=125) to work on /home/airflow/.local/lib/python3.12/site-packages/airflow/example_dags/example_display_name.py
[2025-04-19T10:19:14.232+0000] {processor.py:914} INFO - Processing file /home/airflow/.local/lib/python3.12/site-packages/airflow/example_dags/example_display_name.py for tasks to queue
[2025-04-19T10:19:14.238+0000] {logging_mixin.py:190} INFO - [2025-04-19T10:19:14.237+0000] {dagbag.py:588} INFO - Filling up the DagBag from /home/airflow/.local/lib/python3.12/site-packages/airflow/example_dags/example_display_name.py
[2025-04-19T10:19:14.256+0000] {processor.py:925} INFO - DAG(s) 'example_display_name' retrieved from /home/airflow/.local/lib/python3.12/site-packages/airflow/example_dags/example_display_name.py
[2025-04-19T10:19:14.492+0000] {logging_mixin.py:190} INFO - [2025-04-19T10:19:14.491+0000] {override.py:1912} INFO - Created Permission View: can delete on DAG:example_display_name
[2025-04-19T10:19:14.521+0000] {logging_mixin.py:190} INFO - [2025-04-19T10:19:14.520+0000] {override.py:1912} INFO - Created Permission View: can read on DAG:example_display_name
[2025-04-19T10:19:14.539+0000] {logging_mixin.py:190} INFO - [2025-04-19T10:19:14.539+0000] {override.py:1912} INFO - Created Permission View: can edit on DAG:example_display_name
[2025-04-19T10:19:14.558+0000] {logging_mixin.py:190} INFO - [2025-04-19T10:19:14.557+0000] {override.py:1912} INFO - Created Permission View: can delete on DAG Run:example_display_name
[2025-04-19T10:19:14.576+0000] {logging_mixin.py:190} INFO - [2025-04-19T10:19:14.575+0000] {override.py:1912} INFO - Created Permission View: can read on DAG Run:example_display_name
[2025-04-19T10:19:14.591+0000] {logging_mixin.py:190} INFO - [2025-04-19T10:19:14.590+0000] {override.py:1912} INFO - Created Permission View: menu access on DAG Run:example_display_name
[2025-04-19T10:19:14.607+0000] {logging_mixin.py:190} INFO - [2025-04-19T10:19:14.606+0000] {override.py:1912} INFO - Created Permission View: can create on DAG Run:example_display_name
[2025-04-19T10:19:14.608+0000] {logging_mixin.py:190} INFO - [2025-04-19T10:19:14.608+0000] {dag.py:3239} INFO - Sync 1 DAGs
[2025-04-19T10:19:14.630+0000] {logging_mixin.py:190} INFO - [2025-04-19T10:19:14.630+0000] {dag.py:3262} INFO - Creating ORM DAG for example_display_name
[2025-04-19T10:19:14.632+0000] {logging_mixin.py:190} INFO - [2025-04-19T10:19:14.631+0000] {dag.py:4180} INFO - Setting next_dagrun for example_display_name to None, run_after=None
[2025-04-19T10:19:14.666+0000] {processor.py:208} INFO - Processing /home/airflow/.local/lib/python3.12/site-packages/airflow/example_dags/example_display_name.py took 0.447 seconds
[2025-04-19T10:19:44.828+0000] {processor.py:186} INFO - Started process (PID=187) to work on /home/airflow/.local/lib/python3.12/site-packages/airflow/example_dags/example_display_name.py
[2025-04-19T10:19:44.833+0000] {processor.py:914} INFO - Processing file /home/airflow/.local/lib/python3.12/site-packages/airflow/example_dags/example_display_name.py for tasks to queue
[2025-04-19T10:19:44.842+0000] {logging_mixin.py:190} INFO - [2025-04-19T10:19:44.841+0000] {dagbag.py:588} INFO - Filling up the DagBag from /home/airflow/.local/lib/python3.12/site-packages/airflow/example_dags/example_display_name.py
[2025-04-19T10:19:44.865+0000] {processor.py:925} INFO - DAG(s) 'example_display_name' retrieved from /home/airflow/.local/lib/python3.12/site-packages/airflow/example_dags/example_display_name.py
[2025-04-19T10:19:44.917+0000] {logging_mixin.py:190} INFO - [2025-04-19T10:19:44.916+0000] {dag.py:3239} INFO - Sync 1 DAGs
[2025-04-19T10:19:44.940+0000] {logging_mixin.py:190} INFO - [2025-04-19T10:19:44.939+0000] {dag.py:4180} INFO - Setting next_dagrun for example_display_name to None, run_after=None
[2025-04-19T10:19:44.983+0000] {processor.py:208} INFO - Processing /home/airflow/.local/lib/python3.12/site-packages/airflow/example_dags/example_display_name.py took 0.174 seconds
[2025-04-19T10:20:15.679+0000] {processor.py:186} INFO - Started process (PID=250) to work on /home/airflow/.local/lib/python3.12/site-packages/airflow/example_dags/example_display_name.py
[2025-04-19T10:20:15.683+0000] {processor.py:914} INFO - Processing file /home/airflow/.local/lib/python3.12/site-packages/airflow/example_dags/example_display_name.py for tasks to queue
[2025-04-19T10:20:15.692+0000] {logging_mixin.py:190} INFO - [2025-04-19T10:20:15.691+0000] {dagbag.py:588} INFO - Filling up the DagBag from /home/airflow/.local/lib/python3.12/site-packages/airflow/example_dags/example_display_name.py
[2025-04-19T10:20:15.716+0000] {processor.py:925} INFO - DAG(s) 'example_display_name' retrieved from /home/airflow/.local/lib/python3.12/site-packages/airflow/example_dags/example_display_name.py
[2025-04-19T10:20:15.773+0000] {logging_mixin.py:190} INFO - [2025-04-19T10:20:15.773+0000] {dag.py:3239} INFO - Sync 1 DAGs
[2025-04-19T10:20:15.798+0000] {logging_mixin.py:190} INFO - [2025-04-19T10:20:15.797+0000] {dag.py:4180} INFO - Setting next_dagrun for example_display_name to None, run_after=None
[2025-04-19T10:20:15.829+0000] {processor.py:208} INFO - Processing /home/airflow/.local/lib/python3.12/site-packages/airflow/example_dags/example_display_name.py took 0.167 seconds
[2025-04-19T10:20:46.084+0000] {processor.py:186} INFO - Started process (PID=312) to work on /home/airflow/.local/lib/python3.12/site-packages/airflow/example_dags/example_display_name.py
[2025-04-19T10:20:46.087+0000] {processor.py:914} INFO - Processing file /home/airflow/.local/lib/python3.12/site-packages/airflow/example_dags/example_display_name.py for tasks to queue
[2025-04-19T10:20:46.095+0000] {logging_mixin.py:190} INFO - [2025-04-19T10:20:46.094+0000] {dagbag.py:588} INFO - Filling up the DagBag from /home/airflow/.local/lib/python3.12/site-packages/airflow/example_dags/example_display_name.py
[2025-04-19T10:20:46.118+0000] {processor.py:925} INFO - DAG(s) 'example_display_name' retrieved from /home/airflow/.local/lib/python3.12/site-packages/airflow/example_dags/example_display_name.py
[2025-04-19T10:20:46.170+0000] {logging_mixin.py:190} INFO - [2025-04-19T10:20:46.170+0000] {dag.py:3239} INFO - Sync 1 DAGs
[2025-04-19T10:20:46.200+0000] {logging_mixin.py:190} INFO - [2025-04-19T10:20:46.199+0000] {dag.py:4180} INFO - Setting next_dagrun for example_display_name to None, run_after=None
[2025-04-19T10:20:46.243+0000] {processor.py:208} INFO - Processing /home/airflow/.local/lib/python3.12/site-packages/airflow/example_dags/example_display_name.py took 0.172 seconds
[2025-04-19T10:21:17.660+0000] {processor.py:186} INFO - Started process (PID=381) to work on /home/airflow/.local/lib/python3.12/site-packages/airflow/example_dags/example_display_name.py
[2025-04-19T10:21:17.664+0000] {processor.py:914} INFO - Processing file /home/airflow/.local/lib/python3.12/site-packages/airflow/example_dags/example_display_name.py for tasks to queue
[2025-04-19T10:21:17.672+0000] {logging_mixin.py:190} INFO - [2025-04-19T10:21:17.671+0000] {dagbag.py:588} INFO - Filling up the DagBag from /home/airflow/.local/lib/python3.12/site-packages/airflow/example_dags/example_display_name.py
[2025-04-19T10:21:17.700+0000] {processor.py:925} INFO - DAG(s) 'example_display_name' retrieved from /home/airflow/.local/lib/python3.12/site-packages/airflow/example_dags/example_display_name.py
[2025-04-19T10:21:17.745+0000] {logging_mixin.py:190} INFO - [2025-04-19T10:21:17.745+0000] {dag.py:3239} INFO - Sync 1 DAGs
[2025-04-19T10:21:17.770+0000] {logging_mixin.py:190} INFO - [2025-04-19T10:21:17.770+0000] {dag.py:4180} INFO - Setting next_dagrun for example_display_name to None, run_after=None
[2025-04-19T10:21:17.805+0000] {processor.py:208} INFO - Processing /home/airflow/.local/lib/python3.12/site-packages/airflow/example_dags/example_display_name.py took 0.162 seconds
[2025-04-19T10:21:49.021+0000] {processor.py:186} INFO - Started process (PID=444) to work on /home/airflow/.local/lib/python3.12/site-packages/airflow/example_dags/example_display_name.py
[2025-04-19T10:21:49.024+0000] {processor.py:914} INFO - Processing file /home/airflow/.local/lib/python3.12/site-packages/airflow/example_dags/example_display_name.py for tasks to queue
[2025-04-19T10:21:49.030+0000] {logging_mixin.py:190} INFO - [2025-04-19T10:21:49.030+0000] {dagbag.py:588} INFO - Filling up the DagBag from /home/airflow/.local/lib/python3.12/site-packages/airflow/example_dags/example_display_name.py
[2025-04-19T10:21:49.054+0000] {processor.py:925} INFO - DAG(s) 'example_display_name' retrieved from /home/airflow/.local/lib/python3.12/site-packages/airflow/example_dags/example_display_name.py
[2025-04-19T10:21:49.108+0000] {logging_mixin.py:190} INFO - [2025-04-19T10:21:49.107+0000] {dag.py:3239} INFO - Sync 1 DAGs
[2025-04-19T10:21:49.145+0000] {logging_mixin.py:190} INFO - [2025-04-19T10:21:49.144+0000] {dag.py:4180} INFO - Setting next_dagrun for example_display_name to None, run_after=None
[2025-04-19T10:21:49.196+0000] {processor.py:208} INFO - Processing /home/airflow/.local/lib/python3.12/site-packages/airflow/example_dags/example_display_name.py took 0.190 seconds
[2025-04-19T10:22:21.310+0000] {processor.py:186} INFO - Started process (PID=506) to work on /home/airflow/.local/lib/python3.12/site-packages/airflow/example_dags/example_display_name.py
[2025-04-19T10:22:21.313+0000] {processor.py:914} INFO - Processing file /home/airflow/.local/lib/python3.12/site-packages/airflow/example_dags/example_display_name.py for tasks to queue
[2025-04-19T10:22:21.321+0000] {logging_mixin.py:190} INFO - [2025-04-19T10:22:21.320+0000] {dagbag.py:588} INFO - Filling up the DagBag from /home/airflow/.local/lib/python3.12/site-packages/airflow/example_dags/example_display_name.py
[2025-04-19T10:22:21.340+0000] {processor.py:925} INFO - DAG(s) 'example_display_name' retrieved from /home/airflow/.local/lib/python3.12/site-packages/airflow/example_dags/example_display_name.py
[2025-04-19T10:22:21.388+0000] {logging_mixin.py:190} INFO - [2025-04-19T10:22:21.387+0000] {dag.py:3239} INFO - Sync 1 DAGs
[2025-04-19T10:22:21.420+0000] {logging_mixin.py:190} INFO - [2025-04-19T10:22:21.419+0000] {dag.py:4180} INFO - Setting next_dagrun for example_display_name to None, run_after=None
[2025-04-19T10:22:21.461+0000] {processor.py:208} INFO - Processing /home/airflow/.local/lib/python3.12/site-packages/airflow/example_dags/example_display_name.py took 0.168 seconds
[2025-04-19T10:22:53.064+0000] {processor.py:186} INFO - Started process (PID=568) to work on /home/airflow/.local/lib/python3.12/site-packages/airflow/example_dags/example_display_name.py
[2025-04-19T10:22:53.067+0000] {processor.py:914} INFO - Processing file /home/airflow/.local/lib/python3.12/site-packages/airflow/example_dags/example_display_name.py for tasks to queue
[2025-04-19T10:22:53.073+0000] {logging_mixin.py:190} INFO - [2025-04-19T10:22:53.072+0000] {dagbag.py:588} INFO - Filling up the DagBag from /home/airflow/.local/lib/python3.12/site-packages/airflow/example_dags/example_display_name.py
[2025-04-19T10:22:53.088+0000] {processor.py:925} INFO - DAG(s) 'example_display_name' retrieved from /home/airflow/.local/lib/python3.12/site-packages/airflow/example_dags/example_display_name.py
[2025-04-19T10:22:53.156+0000] {logging_mixin.py:190} INFO - [2025-04-19T10:22:53.155+0000] {dag.py:3239} INFO - Sync 1 DAGs
[2025-04-19T10:22:53.205+0000] {logging_mixin.py:190} INFO - [2025-04-19T10:22:53.205+0000] {dag.py:4180} INFO - Setting next_dagrun for example_display_name to None, run_after=None
[2025-04-19T10:22:53.272+0000] {processor.py:208} INFO - Processing /home/airflow/.local/lib/python3.12/site-packages/airflow/example_dags/example_display_name.py took 0.225 seconds
[2025-04-19T10:23:24.603+0000] {processor.py:186} INFO - Started process (PID=631) to work on /home/airflow/.local/lib/python3.12/site-packages/airflow/example_dags/example_display_name.py
[2025-04-19T10:23:24.605+0000] {processor.py:914} INFO - Processing file /home/airflow/.local/lib/python3.12/site-packages/airflow/example_dags/example_display_name.py for tasks to queue
[2025-04-19T10:23:24.609+0000] {logging_mixin.py:190} INFO - [2025-04-19T10:23:24.609+0000] {dagbag.py:588} INFO - Filling up the DagBag from /home/airflow/.local/lib/python3.12/site-packages/airflow/example_dags/example_display_name.py
[2025-04-19T10:23:24.626+0000] {processor.py:925} INFO - DAG(s) 'example_display_name' retrieved from /home/airflow/.local/lib/python3.12/site-packages/airflow/example_dags/example_display_name.py
[2025-04-19T10:23:24.681+0000] {logging_mixin.py:190} INFO - [2025-04-19T10:23:24.680+0000] {dag.py:3239} INFO - Sync 1 DAGs
[2025-04-19T10:23:24.714+0000] {logging_mixin.py:190} INFO - [2025-04-19T10:23:24.713+0000] {dag.py:4180} INFO - Setting next_dagrun for example_display_name to None, run_after=None
[2025-04-19T10:23:24.755+0000] {processor.py:208} INFO - Processing /home/airflow/.local/lib/python3.12/site-packages/airflow/example_dags/example_display_name.py took 0.169 seconds
[2025-04-19T10:23:55.983+0000] {processor.py:186} INFO - Started process (PID=695) to work on /home/airflow/.local/lib/python3.12/site-packages/airflow/example_dags/example_display_name.py
[2025-04-19T10:23:55.985+0000] {processor.py:914} INFO - Processing file /home/airflow/.local/lib/python3.12/site-packages/airflow/example_dags/example_display_name.py for tasks to queue
[2025-04-19T10:23:55.993+0000] {logging_mixin.py:190} INFO - [2025-04-19T10:23:55.992+0000] {dagbag.py:588} INFO - Filling up the DagBag from /home/airflow/.local/lib/python3.12/site-packages/airflow/example_dags/example_display_name.py
[2025-04-19T10:23:56.033+0000] {processor.py:925} INFO - DAG(s) 'example_display_name' retrieved from /home/airflow/.local/lib/python3.12/site-packages/airflow/example_dags/example_display_name.py
[2025-04-19T10:23:56.082+0000] {logging_mixin.py:190} INFO - [2025-04-19T10:23:56.081+0000] {dag.py:3239} INFO - Sync 1 DAGs
[2025-04-19T10:23:56.118+0000] {logging_mixin.py:190} INFO - [2025-04-19T10:23:56.118+0000] {dag.py:4180} INFO - Setting next_dagrun for example_display_name to None, run_after=None
[2025-04-19T10:23:56.164+0000] {processor.py:208} INFO - Processing /home/airflow/.local/lib/python3.12/site-packages/airflow/example_dags/example_display_name.py took 0.194 seconds
[2025-04-19T10:24:27.210+0000] {processor.py:186} INFO - Started process (PID=758) to work on /home/airflow/.local/lib/python3.12/site-packages/airflow/example_dags/example_display_name.py
[2025-04-19T10:24:27.211+0000] {processor.py:914} INFO - Processing file /home/airflow/.local/lib/python3.12/site-packages/airflow/example_dags/example_display_name.py for tasks to queue
[2025-04-19T10:24:27.215+0000] {logging_mixin.py:190} INFO - [2025-04-19T10:24:27.215+0000] {dagbag.py:588} INFO - Filling up the DagBag from /home/airflow/.local/lib/python3.12/site-packages/airflow/example_dags/example_display_name.py
[2025-04-19T10:24:27.227+0000] {processor.py:925} INFO - DAG(s) 'example_display_name' retrieved from /home/airflow/.local/lib/python3.12/site-packages/airflow/example_dags/example_display_name.py
[2025-04-19T10:24:27.257+0000] {logging_mixin.py:190} INFO - [2025-04-19T10:24:27.256+0000] {dag.py:3239} INFO - Sync 1 DAGs
[2025-04-19T10:24:27.283+0000] {logging_mixin.py:190} INFO - [2025-04-19T10:24:27.282+0000] {dag.py:4180} INFO - Setting next_dagrun for example_display_name to None, run_after=None
[2025-04-19T10:24:27.325+0000] {processor.py:208} INFO - Processing /home/airflow/.local/lib/python3.12/site-packages/airflow/example_dags/example_display_name.py took 0.124 seconds
[2025-04-19T10:24:58.357+0000] {processor.py:186} INFO - Started process (PID=822) to work on /home/airflow/.local/lib/python3.12/site-packages/airflow/example_dags/example_display_name.py
[2025-04-19T10:24:58.360+0000] {processor.py:914} INFO - Processing file /home/airflow/.local/lib/python3.12/site-packages/airflow/example_dags/example_display_name.py for tasks to queue
[2025-04-19T10:24:58.368+0000] {logging_mixin.py:190} INFO - [2025-04-19T10:24:58.367+0000] {dagbag.py:588} INFO - Filling up the DagBag from /home/airflow/.local/lib/python3.12/site-packages/airflow/example_dags/example_display_name.py
[2025-04-19T10:24:58.392+0000] {processor.py:925} INFO - DAG(s) 'example_display_name' retrieved from /home/airflow/.local/lib/python3.12/site-packages/airflow/example_dags/example_display_name.py
[2025-04-19T10:24:58.467+0000] {logging_mixin.py:190} INFO - [2025-04-19T10:24:58.467+0000] {dag.py:3239} INFO - Sync 1 DAGs
[2025-04-19T10:24:58.495+0000] {logging_mixin.py:190} INFO - [2025-04-19T10:24:58.494+0000] {dag.py:4180} INFO - Setting next_dagrun for example_display_name to None, run_after=None
[2025-04-19T10:24:58.546+0000] {processor.py:208} INFO - Processing /home/airflow/.local/lib/python3.12/site-packages/airflow/example_dags/example_display_name.py took 0.201 seconds
[2025-04-19T10:25:31.479+0000] {processor.py:186} INFO - Started process (PID=885) to work on /home/airflow/.local/lib/python3.12/site-packages/airflow/example_dags/example_display_name.py
[2025-04-19T10:25:31.482+0000] {processor.py:914} INFO - Processing file /home/airflow/.local/lib/python3.12/site-packages/airflow/example_dags/example_display_name.py for tasks to queue
[2025-04-19T10:25:31.488+0000] {logging_mixin.py:190} INFO - [2025-04-19T10:25:31.487+0000] {dagbag.py:588} INFO - Filling up the DagBag from /home/airflow/.local/lib/python3.12/site-packages/airflow/example_dags/example_display_name.py
[2025-04-19T10:25:31.507+0000] {processor.py:925} INFO - DAG(s) 'example_display_name' retrieved from /home/airflow/.local/lib/python3.12/site-packages/airflow/example_dags/example_display_name.py
[2025-04-19T10:25:31.555+0000] {logging_mixin.py:190} INFO - [2025-04-19T10:25:31.554+0000] {dag.py:3239} INFO - Sync 1 DAGs
[2025-04-19T10:25:31.590+0000] {logging_mixin.py:190} INFO - [2025-04-19T10:25:31.589+0000] {dag.py:4180} INFO - Setting next_dagrun for example_display_name to None, run_after=None
[2025-04-19T10:25:31.642+0000] {processor.py:208} INFO - Processing /home/airflow/.local/lib/python3.12/site-packages/airflow/example_dags/example_display_name.py took 0.178 seconds
[2025-04-19T10:26:02.997+0000] {processor.py:186} INFO - Started process (PID=948) to work on /home/airflow/.local/lib/python3.12/site-packages/airflow/example_dags/example_display_name.py
[2025-04-19T10:26:03.000+0000] {processor.py:914} INFO - Processing file /home/airflow/.local/lib/python3.12/site-packages/airflow/example_dags/example_display_name.py for tasks to queue
[2025-04-19T10:26:03.008+0000] {logging_mixin.py:190} INFO - [2025-04-19T10:26:03.007+0000] {dagbag.py:588} INFO - Filling up the DagBag from /home/airflow/.local/lib/python3.12/site-packages/airflow/example_dags/example_display_name.py
[2025-04-19T10:26:03.032+0000] {processor.py:925} INFO - DAG(s) 'example_display_name' retrieved from /home/airflow/.local/lib/python3.12/site-packages/airflow/example_dags/example_display_name.py
[2025-04-19T10:26:03.085+0000] {logging_mixin.py:190} INFO - [2025-04-19T10:26:03.084+0000] {dag.py:3239} INFO - Sync 1 DAGs
[2025-04-19T10:26:03.115+0000] {logging_mixin.py:190} INFO - [2025-04-19T10:26:03.115+0000] {dag.py:4180} INFO - Setting next_dagrun for example_display_name to None, run_after=None
[2025-04-19T10:26:03.164+0000] {processor.py:208} INFO - Processing /home/airflow/.local/lib/python3.12/site-packages/airflow/example_dags/example_display_name.py took 0.185 seconds
[2025-04-19T10:26:35.653+0000] {processor.py:186} INFO - Started process (PID=1020) to work on /home/airflow/.local/lib/python3.12/site-packages/airflow/example_dags/example_display_name.py
[2025-04-19T10:26:35.655+0000] {processor.py:914} INFO - Processing file /home/airflow/.local/lib/python3.12/site-packages/airflow/example_dags/example_display_name.py for tasks to queue
[2025-04-19T10:26:35.661+0000] {logging_mixin.py:190} INFO - [2025-04-19T10:26:35.660+0000] {dagbag.py:588} INFO - Filling up the DagBag from /home/airflow/.local/lib/python3.12/site-packages/airflow/example_dags/example_display_name.py
[2025-04-19T10:26:35.679+0000] {processor.py:925} INFO - DAG(s) 'example_display_name' retrieved from /home/airflow/.local/lib/python3.12/site-packages/airflow/example_dags/example_display_name.py
[2025-04-19T10:26:35.728+0000] {logging_mixin.py:190} INFO - [2025-04-19T10:26:35.727+0000] {dag.py:3239} INFO - Sync 1 DAGs
[2025-04-19T10:26:35.769+0000] {logging_mixin.py:190} INFO - [2025-04-19T10:26:35.768+0000] {dag.py:4180} INFO - Setting next_dagrun for example_display_name to None, run_after=None
[2025-04-19T10:26:35.825+0000] {processor.py:208} INFO - Processing /home/airflow/.local/lib/python3.12/site-packages/airflow/example_dags/example_display_name.py took 0.186 seconds
[2025-04-19T10:27:06.797+0000] {processor.py:186} INFO - Started process (PID=1084) to work on /home/airflow/.local/lib/python3.12/site-packages/airflow/example_dags/example_display_name.py
[2025-04-19T10:27:06.802+0000] {processor.py:914} INFO - Processing file /home/airflow/.local/lib/python3.12/site-packages/airflow/example_dags/example_display_name.py for tasks to queue
[2025-04-19T10:27:06.815+0000] {logging_mixin.py:190} INFO - [2025-04-19T10:27:06.814+0000] {dagbag.py:588} INFO - Filling up the DagBag from /home/airflow/.local/lib/python3.12/site-packages/airflow/example_dags/example_display_name.py
[2025-04-19T10:27:06.844+0000] {processor.py:925} INFO - DAG(s) 'example_display_name' retrieved from /home/airflow/.local/lib/python3.12/site-packages/airflow/example_dags/example_display_name.py
[2025-04-19T10:27:06.911+0000] {logging_mixin.py:190} INFO - [2025-04-19T10:27:06.910+0000] {dag.py:3239} INFO - Sync 1 DAGs
[2025-04-19T10:27:06.967+0000] {logging_mixin.py:190} INFO - [2025-04-19T10:27:06.966+0000] {dag.py:4180} INFO - Setting next_dagrun for example_display_name to None, run_after=None
[2025-04-19T10:27:07.032+0000] {processor.py:208} INFO - Processing /home/airflow/.local/lib/python3.12/site-packages/airflow/example_dags/example_display_name.py took 0.260 seconds
[2025-04-19T10:27:38.864+0000] {processor.py:186} INFO - Started process (PID=1148) to work on /home/airflow/.local/lib/python3.12/site-packages/airflow/example_dags/example_display_name.py
[2025-04-19T10:27:38.866+0000] {processor.py:914} INFO - Processing file /home/airflow/.local/lib/python3.12/site-packages/airflow/example_dags/example_display_name.py for tasks to queue
[2025-04-19T10:27:38.872+0000] {logging_mixin.py:190} INFO - [2025-04-19T10:27:38.871+0000] {dagbag.py:588} INFO - Filling up the DagBag from /home/airflow/.local/lib/python3.12/site-packages/airflow/example_dags/example_display_name.py
[2025-04-19T10:27:38.895+0000] {processor.py:925} INFO - DAG(s) 'example_display_name' retrieved from /home/airflow/.local/lib/python3.12/site-packages/airflow/example_dags/example_display_name.py
[2025-04-19T10:27:38.960+0000] {logging_mixin.py:190} INFO - [2025-04-19T10:27:38.959+0000] {dag.py:3239} INFO - Sync 1 DAGs
[2025-04-19T10:27:39.020+0000] {logging_mixin.py:190} INFO - [2025-04-19T10:27:39.018+0000] {dag.py:4180} INFO - Setting next_dagrun for example_display_name to None, run_after=None
[2025-04-19T10:27:39.106+0000] {processor.py:208} INFO - Processing /home/airflow/.local/lib/python3.12/site-packages/airflow/example_dags/example_display_name.py took 0.254 seconds
[2025-04-19T10:28:10.605+0000] {processor.py:186} INFO - Started process (PID=1211) to work on /home/airflow/.local/lib/python3.12/site-packages/airflow/example_dags/example_display_name.py
[2025-04-19T10:28:10.608+0000] {processor.py:914} INFO - Processing file /home/airflow/.local/lib/python3.12/site-packages/airflow/example_dags/example_display_name.py for tasks to queue
[2025-04-19T10:28:10.613+0000] {logging_mixin.py:190} INFO - [2025-04-19T10:28:10.612+0000] {dagbag.py:588} INFO - Filling up the DagBag from /home/airflow/.local/lib/python3.12/site-packages/airflow/example_dags/example_display_name.py
[2025-04-19T10:28:10.630+0000] {processor.py:925} INFO - DAG(s) 'example_display_name' retrieved from /home/airflow/.local/lib/python3.12/site-packages/airflow/example_dags/example_display_name.py
[2025-04-19T10:28:10.673+0000] {logging_mixin.py:190} INFO - [2025-04-19T10:28:10.673+0000] {dag.py:3239} INFO - Sync 1 DAGs
[2025-04-19T10:28:10.712+0000] {logging_mixin.py:190} INFO - [2025-04-19T10:28:10.711+0000] {dag.py:4180} INFO - Setting next_dagrun for example_display_name to None, run_after=None
[2025-04-19T10:28:10.761+0000] {processor.py:208} INFO - Processing /home/airflow/.local/lib/python3.12/site-packages/airflow/example_dags/example_display_name.py took 0.169 seconds
[2025-04-19T10:28:43.047+0000] {processor.py:186} INFO - Started process (PID=1276) to work on /home/airflow/.local/lib/python3.12/site-packages/airflow/example_dags/example_display_name.py
[2025-04-19T10:28:43.051+0000] {processor.py:914} INFO - Processing file /home/airflow/.local/lib/python3.12/site-packages/airflow/example_dags/example_display_name.py for tasks to queue
[2025-04-19T10:28:43.060+0000] {logging_mixin.py:190} INFO - [2025-04-19T10:28:43.058+0000] {dagbag.py:588} INFO - Filling up the DagBag from /home/airflow/.local/lib/python3.12/site-packages/airflow/example_dags/example_display_name.py
[2025-04-19T10:28:43.088+0000] {processor.py:925} INFO - DAG(s) 'example_display_name' retrieved from /home/airflow/.local/lib/python3.12/site-packages/airflow/example_dags/example_display_name.py
[2025-04-19T10:28:43.120+0000] {logging_mixin.py:190} INFO - [2025-04-19T10:28:43.119+0000] {dag.py:3239} INFO - Sync 1 DAGs
[2025-04-19T10:28:43.148+0000] {logging_mixin.py:190} INFO - [2025-04-19T10:28:43.148+0000] {dag.py:4180} INFO - Setting next_dagrun for example_display_name to None, run_after=None
[2025-04-19T10:28:43.186+0000] {processor.py:208} INFO - Processing /home/airflow/.local/lib/python3.12/site-packages/airflow/example_dags/example_display_name.py took 0.154 seconds
[2025-04-19T10:29:14.786+0000] {processor.py:186} INFO - Started process (PID=1342) to work on /home/airflow/.local/lib/python3.12/site-packages/airflow/example_dags/example_display_name.py
[2025-04-19T10:29:14.789+0000] {processor.py:914} INFO - Processing file /home/airflow/.local/lib/python3.12/site-packages/airflow/example_dags/example_display_name.py for tasks to queue
[2025-04-19T10:29:14.797+0000] {logging_mixin.py:190} INFO - [2025-04-19T10:29:14.796+0000] {dagbag.py:588} INFO - Filling up the DagBag from /home/airflow/.local/lib/python3.12/site-packages/airflow/example_dags/example_display_name.py
[2025-04-19T10:29:14.816+0000] {processor.py:925} INFO - DAG(s) 'example_display_name' retrieved from /home/airflow/.local/lib/python3.12/site-packages/airflow/example_dags/example_display_name.py
[2025-04-19T10:29:14.848+0000] {logging_mixin.py:190} INFO - [2025-04-19T10:29:14.847+0000] {dag.py:3239} INFO - Sync 1 DAGs
[2025-04-19T10:29:14.879+0000] {logging_mixin.py:190} INFO - [2025-04-19T10:29:14.878+0000] {dag.py:4180} INFO - Setting next_dagrun for example_display_name to None, run_after=None
[2025-04-19T10:29:14.924+0000] {processor.py:208} INFO - Processing /home/airflow/.local/lib/python3.12/site-packages/airflow/example_dags/example_display_name.py took 0.151 seconds
[2025-04-19T10:31:47.985+0000] {processor.py:186} INFO - Started process (PID=124) to work on /home/airflow/.local/lib/python3.12/site-packages/airflow/example_dags/example_display_name.py
[2025-04-19T10:31:47.988+0000] {processor.py:914} INFO - Processing file /home/airflow/.local/lib/python3.12/site-packages/airflow/example_dags/example_display_name.py for tasks to queue
[2025-04-19T10:31:47.994+0000] {logging_mixin.py:190} INFO - [2025-04-19T10:31:47.993+0000] {dagbag.py:588} INFO - Filling up the DagBag from /home/airflow/.local/lib/python3.12/site-packages/airflow/example_dags/example_display_name.py
[2025-04-19T10:31:48.015+0000] {processor.py:925} INFO - DAG(s) 'example_display_name' retrieved from /home/airflow/.local/lib/python3.12/site-packages/airflow/example_dags/example_display_name.py
[2025-04-19T10:31:48.054+0000] {logging_mixin.py:190} INFO - [2025-04-19T10:31:48.054+0000] {dag.py:3239} INFO - Sync 1 DAGs
[2025-04-19T10:31:48.077+0000] {logging_mixin.py:190} INFO - [2025-04-19T10:31:48.076+0000] {dag.py:4180} INFO - Setting next_dagrun for example_display_name to None, run_after=None
[2025-04-19T10:31:48.121+0000] {processor.py:208} INFO - Processing /home/airflow/.local/lib/python3.12/site-packages/airflow/example_dags/example_display_name.py took 0.151 seconds
[2025-04-19T10:32:20.105+0000] {processor.py:186} INFO - Started process (PID=186) to work on /home/airflow/.local/lib/python3.12/site-packages/airflow/example_dags/example_display_name.py
[2025-04-19T10:32:20.108+0000] {processor.py:914} INFO - Processing file /home/airflow/.local/lib/python3.12/site-packages/airflow/example_dags/example_display_name.py for tasks to queue
[2025-04-19T10:32:20.115+0000] {logging_mixin.py:190} INFO - [2025-04-19T10:32:20.114+0000] {dagbag.py:588} INFO - Filling up the DagBag from /home/airflow/.local/lib/python3.12/site-packages/airflow/example_dags/example_display_name.py
[2025-04-19T10:32:20.132+0000] {processor.py:925} INFO - DAG(s) 'example_display_name' retrieved from /home/airflow/.local/lib/python3.12/site-packages/airflow/example_dags/example_display_name.py
[2025-04-19T10:32:20.163+0000] {logging_mixin.py:190} INFO - [2025-04-19T10:32:20.163+0000] {dag.py:3239} INFO - Sync 1 DAGs
[2025-04-19T10:32:20.189+0000] {logging_mixin.py:190} INFO - [2025-04-19T10:32:20.188+0000] {dag.py:4180} INFO - Setting next_dagrun for example_display_name to None, run_after=None
[2025-04-19T10:32:20.235+0000] {processor.py:208} INFO - Processing /home/airflow/.local/lib/python3.12/site-packages/airflow/example_dags/example_display_name.py took 0.144 seconds
[2025-04-19T10:32:52.424+0000] {processor.py:186} INFO - Started process (PID=250) to work on /home/airflow/.local/lib/python3.12/site-packages/airflow/example_dags/example_display_name.py
[2025-04-19T10:32:52.428+0000] {processor.py:914} INFO - Processing file /home/airflow/.local/lib/python3.12/site-packages/airflow/example_dags/example_display_name.py for tasks to queue
[2025-04-19T10:32:52.437+0000] {logging_mixin.py:190} INFO - [2025-04-19T10:32:52.436+0000] {dagbag.py:588} INFO - Filling up the DagBag from /home/airflow/.local/lib/python3.12/site-packages/airflow/example_dags/example_display_name.py
[2025-04-19T10:32:52.465+0000] {processor.py:925} INFO - DAG(s) 'example_display_name' retrieved from /home/airflow/.local/lib/python3.12/site-packages/airflow/example_dags/example_display_name.py
[2025-04-19T10:32:52.529+0000] {logging_mixin.py:190} INFO - [2025-04-19T10:32:52.528+0000] {dag.py:3239} INFO - Sync 1 DAGs
[2025-04-19T10:32:52.579+0000] {logging_mixin.py:190} INFO - [2025-04-19T10:32:52.578+0000] {dag.py:4180} INFO - Setting next_dagrun for example_display_name to None, run_after=None
[2025-04-19T10:32:52.658+0000] {processor.py:208} INFO - Processing /home/airflow/.local/lib/python3.12/site-packages/airflow/example_dags/example_display_name.py took 0.253 seconds
[2025-04-19T10:33:23.662+0000] {processor.py:186} INFO - Started process (PID=313) to work on /home/airflow/.local/lib/python3.12/site-packages/airflow/example_dags/example_display_name.py
[2025-04-19T10:33:23.665+0000] {processor.py:914} INFO - Processing file /home/airflow/.local/lib/python3.12/site-packages/airflow/example_dags/example_display_name.py for tasks to queue
[2025-04-19T10:33:23.672+0000] {logging_mixin.py:190} INFO - [2025-04-19T10:33:23.671+0000] {dagbag.py:588} INFO - Filling up the DagBag from /home/airflow/.local/lib/python3.12/site-packages/airflow/example_dags/example_display_name.py
[2025-04-19T10:33:23.685+0000] {processor.py:925} INFO - DAG(s) 'example_display_name' retrieved from /home/airflow/.local/lib/python3.12/site-packages/airflow/example_dags/example_display_name.py
[2025-04-19T10:33:23.725+0000] {logging_mixin.py:190} INFO - [2025-04-19T10:33:23.724+0000] {dag.py:3239} INFO - Sync 1 DAGs
[2025-04-19T10:33:23.747+0000] {logging_mixin.py:190} INFO - [2025-04-19T10:33:23.747+0000] {dag.py:4180} INFO - Setting next_dagrun for example_display_name to None, run_after=None
[2025-04-19T10:33:23.793+0000] {processor.py:208} INFO - Processing /home/airflow/.local/lib/python3.12/site-packages/airflow/example_dags/example_display_name.py took 0.142 seconds
[2025-04-19T10:33:57.411+0000] {processor.py:186} INFO - Started process (PID=382) to work on /home/airflow/.local/lib/python3.12/site-packages/airflow/example_dags/example_display_name.py
[2025-04-19T10:33:57.413+0000] {processor.py:914} INFO - Processing file /home/airflow/.local/lib/python3.12/site-packages/airflow/example_dags/example_display_name.py for tasks to queue
[2025-04-19T10:33:57.417+0000] {logging_mixin.py:190} INFO - [2025-04-19T10:33:57.417+0000] {dagbag.py:588} INFO - Filling up the DagBag from /home/airflow/.local/lib/python3.12/site-packages/airflow/example_dags/example_display_name.py
[2025-04-19T10:33:57.435+0000] {processor.py:925} INFO - DAG(s) 'example_display_name' retrieved from /home/airflow/.local/lib/python3.12/site-packages/airflow/example_dags/example_display_name.py
[2025-04-19T10:33:57.478+0000] {logging_mixin.py:190} INFO - [2025-04-19T10:33:57.477+0000] {dag.py:3239} INFO - Sync 1 DAGs
[2025-04-19T10:33:57.503+0000] {logging_mixin.py:190} INFO - [2025-04-19T10:33:57.503+0000] {dag.py:4180} INFO - Setting next_dagrun for example_display_name to None, run_after=None
[2025-04-19T10:33:57.550+0000] {processor.py:208} INFO - Processing /home/airflow/.local/lib/python3.12/site-packages/airflow/example_dags/example_display_name.py took 0.150 seconds
