[2025-04-19T10:19:03.147+0000] {processor.py:186} INFO - Started process (PID=94) to work on /home/airflow/.local/lib/python3.12/site-packages/airflow/example_dags/tutorial.py
[2025-04-19T10:19:03.149+0000] {processor.py:914} INFO - Processing file /home/airflow/.local/lib/python3.12/site-packages/airflow/example_dags/tutorial.py for tasks to queue
[2025-04-19T10:19:03.157+0000] {logging_mixin.py:190} INFO - [2025-04-19T10:19:03.156+0000] {dagbag.py:588} INFO - Filling up the DagBag from /home/airflow/.local/lib/python3.12/site-packages/airflow/example_dags/tutorial.py
[2025-04-19T10:19:03.173+0000] {processor.py:925} INFO - DAG(s) 'tutorial' retrieved from /home/airflow/.local/lib/python3.12/site-packages/airflow/example_dags/tutorial.py
[2025-04-19T10:19:03.401+0000] {logging_mixin.py:190} INFO - [2025-04-19T10:19:03.399+0000] {override.py:1912} INFO - Created Permission View: can delete on DAG:tutorial
[2025-04-19T10:19:03.424+0000] {logging_mixin.py:190} INFO - [2025-04-19T10:19:03.423+0000] {override.py:1912} INFO - Created Permission View: can read on DAG:tutorial
[2025-04-19T10:19:03.441+0000] {logging_mixin.py:190} INFO - [2025-04-19T10:19:03.440+0000] {override.py:1912} INFO - Created Permission View: can edit on DAG:tutorial
[2025-04-19T10:19:03.463+0000] {logging_mixin.py:190} INFO - [2025-04-19T10:19:03.462+0000] {override.py:1912} INFO - Created Permission View: can delete on DAG Run:tutorial
[2025-04-19T10:19:03.481+0000] {logging_mixin.py:190} INFO - [2025-04-19T10:19:03.481+0000] {override.py:1912} INFO - Created Permission View: can read on DAG Run:tutorial
[2025-04-19T10:19:03.499+0000] {logging_mixin.py:190} INFO - [2025-04-19T10:19:03.498+0000] {override.py:1912} INFO - Created Permission View: menu access on DAG Run:tutorial
[2025-04-19T10:19:03.519+0000] {logging_mixin.py:190} INFO - [2025-04-19T10:19:03.518+0000] {override.py:1912} INFO - Created Permission View: can create on DAG Run:tutorial
[2025-04-19T10:19:03.521+0000] {logging_mixin.py:190} INFO - [2025-04-19T10:19:03.521+0000] {dag.py:3239} INFO - Sync 1 DAGs
[2025-04-19T10:19:03.556+0000] {logging_mixin.py:190} INFO - [2025-04-19T10:19:03.555+0000] {dag.py:3262} INFO - Creating ORM DAG for tutorial
[2025-04-19T10:19:03.579+0000] {logging_mixin.py:190} INFO - [2025-04-19T10:19:03.579+0000] {dag.py:4180} INFO - Setting next_dagrun for tutorial to 2025-04-18 00:00:00+00:00, run_after=2025-04-19 00:00:00+00:00
[2025-04-19T10:19:03.617+0000] {processor.py:208} INFO - Processing /home/airflow/.local/lib/python3.12/site-packages/airflow/example_dags/tutorial.py took 0.482 seconds
[2025-04-19T10:19:33.851+0000] {processor.py:186} INFO - Started process (PID=157) to work on /home/airflow/.local/lib/python3.12/site-packages/airflow/example_dags/tutorial.py
[2025-04-19T10:19:33.853+0000] {processor.py:914} INFO - Processing file /home/airflow/.local/lib/python3.12/site-packages/airflow/example_dags/tutorial.py for tasks to queue
[2025-04-19T10:19:33.860+0000] {logging_mixin.py:190} INFO - [2025-04-19T10:19:33.860+0000] {dagbag.py:588} INFO - Filling up the DagBag from /home/airflow/.local/lib/python3.12/site-packages/airflow/example_dags/tutorial.py
[2025-04-19T10:19:33.874+0000] {processor.py:925} INFO - DAG(s) 'tutorial' retrieved from /home/airflow/.local/lib/python3.12/site-packages/airflow/example_dags/tutorial.py
[2025-04-19T10:19:33.907+0000] {logging_mixin.py:190} INFO - [2025-04-19T10:19:33.906+0000] {dag.py:3239} INFO - Sync 1 DAGs
[2025-04-19T10:19:33.979+0000] {logging_mixin.py:190} INFO - [2025-04-19T10:19:33.979+0000] {dag.py:4180} INFO - Setting next_dagrun for tutorial to 2025-04-18 00:00:00+00:00, run_after=2025-04-19 00:00:00+00:00
[2025-04-19T10:19:34.028+0000] {processor.py:208} INFO - Processing /home/airflow/.local/lib/python3.12/site-packages/airflow/example_dags/tutorial.py took 0.191 seconds
[2025-04-19T10:20:04.411+0000] {processor.py:186} INFO - Started process (PID=219) to work on /home/airflow/.local/lib/python3.12/site-packages/airflow/example_dags/tutorial.py
[2025-04-19T10:20:04.414+0000] {processor.py:914} INFO - Processing file /home/airflow/.local/lib/python3.12/site-packages/airflow/example_dags/tutorial.py for tasks to queue
[2025-04-19T10:20:04.427+0000] {logging_mixin.py:190} INFO - [2025-04-19T10:20:04.425+0000] {dagbag.py:588} INFO - Filling up the DagBag from /home/airflow/.local/lib/python3.12/site-packages/airflow/example_dags/tutorial.py
[2025-04-19T10:20:04.459+0000] {processor.py:925} INFO - DAG(s) 'tutorial' retrieved from /home/airflow/.local/lib/python3.12/site-packages/airflow/example_dags/tutorial.py
[2025-04-19T10:20:04.536+0000] {logging_mixin.py:190} INFO - [2025-04-19T10:20:04.535+0000] {dag.py:3239} INFO - Sync 1 DAGs
[2025-04-19T10:20:04.590+0000] {logging_mixin.py:190} INFO - [2025-04-19T10:20:04.590+0000] {dag.py:4180} INFO - Setting next_dagrun for tutorial to 2025-04-18 00:00:00+00:00, run_after=2025-04-19 00:00:00+00:00
[2025-04-19T10:20:04.633+0000] {processor.py:208} INFO - Processing /home/airflow/.local/lib/python3.12/site-packages/airflow/example_dags/tutorial.py took 0.234 seconds
[2025-04-19T10:20:34.731+0000] {processor.py:186} INFO - Started process (PID=282) to work on /home/airflow/.local/lib/python3.12/site-packages/airflow/example_dags/tutorial.py
[2025-04-19T10:20:34.733+0000] {processor.py:914} INFO - Processing file /home/airflow/.local/lib/python3.12/site-packages/airflow/example_dags/tutorial.py for tasks to queue
[2025-04-19T10:20:34.739+0000] {logging_mixin.py:190} INFO - [2025-04-19T10:20:34.739+0000] {dagbag.py:588} INFO - Filling up the DagBag from /home/airflow/.local/lib/python3.12/site-packages/airflow/example_dags/tutorial.py
[2025-04-19T10:20:34.754+0000] {processor.py:925} INFO - DAG(s) 'tutorial' retrieved from /home/airflow/.local/lib/python3.12/site-packages/airflow/example_dags/tutorial.py
[2025-04-19T10:20:34.790+0000] {logging_mixin.py:190} INFO - [2025-04-19T10:20:34.789+0000] {dag.py:3239} INFO - Sync 1 DAGs
[2025-04-19T10:20:34.839+0000] {logging_mixin.py:190} INFO - [2025-04-19T10:20:34.838+0000] {dag.py:4180} INFO - Setting next_dagrun for tutorial to 2025-04-18 00:00:00+00:00, run_after=2025-04-19 00:00:00+00:00
[2025-04-19T10:20:34.873+0000] {processor.py:208} INFO - Processing /home/airflow/.local/lib/python3.12/site-packages/airflow/example_dags/tutorial.py took 0.151 seconds
[2025-04-19T10:21:05.282+0000] {processor.py:186} INFO - Started process (PID=345) to work on /home/airflow/.local/lib/python3.12/site-packages/airflow/example_dags/tutorial.py
[2025-04-19T10:21:05.284+0000] {processor.py:914} INFO - Processing file /home/airflow/.local/lib/python3.12/site-packages/airflow/example_dags/tutorial.py for tasks to queue
[2025-04-19T10:21:05.289+0000] {logging_mixin.py:190} INFO - [2025-04-19T10:21:05.289+0000] {dagbag.py:588} INFO - Filling up the DagBag from /home/airflow/.local/lib/python3.12/site-packages/airflow/example_dags/tutorial.py
[2025-04-19T10:21:05.302+0000] {processor.py:925} INFO - DAG(s) 'tutorial' retrieved from /home/airflow/.local/lib/python3.12/site-packages/airflow/example_dags/tutorial.py
[2025-04-19T10:21:05.334+0000] {logging_mixin.py:190} INFO - [2025-04-19T10:21:05.334+0000] {dag.py:3239} INFO - Sync 1 DAGs
[2025-04-19T10:21:05.389+0000] {logging_mixin.py:190} INFO - [2025-04-19T10:21:05.389+0000] {dag.py:4180} INFO - Setting next_dagrun for tutorial to 2025-04-18 00:00:00+00:00, run_after=2025-04-19 00:00:00+00:00
[2025-04-19T10:21:05.464+0000] {processor.py:208} INFO - Processing /home/airflow/.local/lib/python3.12/site-packages/airflow/example_dags/tutorial.py took 0.195 seconds
[2025-04-19T10:21:35.747+0000] {processor.py:186} INFO - Started process (PID=408) to work on /home/airflow/.local/lib/python3.12/site-packages/airflow/example_dags/tutorial.py
[2025-04-19T10:21:35.750+0000] {processor.py:914} INFO - Processing file /home/airflow/.local/lib/python3.12/site-packages/airflow/example_dags/tutorial.py for tasks to queue
[2025-04-19T10:21:35.755+0000] {logging_mixin.py:190} INFO - [2025-04-19T10:21:35.754+0000] {dagbag.py:588} INFO - Filling up the DagBag from /home/airflow/.local/lib/python3.12/site-packages/airflow/example_dags/tutorial.py
[2025-04-19T10:21:35.767+0000] {processor.py:925} INFO - DAG(s) 'tutorial' retrieved from /home/airflow/.local/lib/python3.12/site-packages/airflow/example_dags/tutorial.py
[2025-04-19T10:21:35.809+0000] {logging_mixin.py:190} INFO - [2025-04-19T10:21:35.809+0000] {dag.py:3239} INFO - Sync 1 DAGs
[2025-04-19T10:21:35.852+0000] {logging_mixin.py:190} INFO - [2025-04-19T10:21:35.851+0000] {dag.py:4180} INFO - Setting next_dagrun for tutorial to 2025-04-18 00:00:00+00:00, run_after=2025-04-19 00:00:00+00:00
[2025-04-19T10:21:35.888+0000] {processor.py:208} INFO - Processing /home/airflow/.local/lib/python3.12/site-packages/airflow/example_dags/tutorial.py took 0.150 seconds
[2025-04-19T10:22:05.144+0000] {processor.py:186} INFO - Started process (PID=471) to work on /home/airflow/.local/lib/python3.12/site-packages/airflow/example_dags/tutorial.py
[2025-04-19T10:22:05.148+0000] {processor.py:914} INFO - Processing file /home/airflow/.local/lib/python3.12/site-packages/airflow/example_dags/tutorial.py for tasks to queue
[2025-04-19T10:22:05.157+0000] {logging_mixin.py:190} INFO - [2025-04-19T10:22:05.156+0000] {dagbag.py:588} INFO - Filling up the DagBag from /home/airflow/.local/lib/python3.12/site-packages/airflow/example_dags/tutorial.py
[2025-04-19T10:22:05.189+0000] {processor.py:925} INFO - DAG(s) 'tutorial' retrieved from /home/airflow/.local/lib/python3.12/site-packages/airflow/example_dags/tutorial.py
[2025-04-19T10:22:05.250+0000] {logging_mixin.py:190} INFO - [2025-04-19T10:22:05.249+0000] {dag.py:3239} INFO - Sync 1 DAGs
[2025-04-19T10:22:05.298+0000] {logging_mixin.py:190} INFO - [2025-04-19T10:22:05.297+0000] {dag.py:4180} INFO - Setting next_dagrun for tutorial to 2025-04-18 00:00:00+00:00, run_after=2025-04-19 00:00:00+00:00
[2025-04-19T10:22:05.362+0000] {processor.py:208} INFO - Processing /home/airflow/.local/lib/python3.12/site-packages/airflow/example_dags/tutorial.py took 0.235 seconds
[2025-04-19T10:22:36.049+0000] {processor.py:186} INFO - Started process (PID=531) to work on /home/airflow/.local/lib/python3.12/site-packages/airflow/example_dags/tutorial.py
[2025-04-19T10:22:36.053+0000] {processor.py:914} INFO - Processing file /home/airflow/.local/lib/python3.12/site-packages/airflow/example_dags/tutorial.py for tasks to queue
[2025-04-19T10:22:36.063+0000] {logging_mixin.py:190} INFO - [2025-04-19T10:22:36.062+0000] {dagbag.py:588} INFO - Filling up the DagBag from /home/airflow/.local/lib/python3.12/site-packages/airflow/example_dags/tutorial.py
[2025-04-19T10:22:36.085+0000] {processor.py:925} INFO - DAG(s) 'tutorial' retrieved from /home/airflow/.local/lib/python3.12/site-packages/airflow/example_dags/tutorial.py
[2025-04-19T10:22:36.147+0000] {logging_mixin.py:190} INFO - [2025-04-19T10:22:36.146+0000] {dag.py:3239} INFO - Sync 1 DAGs
[2025-04-19T10:22:36.203+0000] {logging_mixin.py:190} INFO - [2025-04-19T10:22:36.202+0000] {dag.py:4180} INFO - Setting next_dagrun for tutorial to 2025-04-18 00:00:00+00:00, run_after=2025-04-19 00:00:00+00:00
[2025-04-19T10:22:36.257+0000] {processor.py:208} INFO - Processing /home/airflow/.local/lib/python3.12/site-packages/airflow/example_dags/tutorial.py took 0.228 seconds
[2025-04-19T10:23:06.448+0000] {processor.py:186} INFO - Started process (PID=593) to work on /home/airflow/.local/lib/python3.12/site-packages/airflow/example_dags/tutorial.py
[2025-04-19T10:23:06.451+0000] {processor.py:914} INFO - Processing file /home/airflow/.local/lib/python3.12/site-packages/airflow/example_dags/tutorial.py for tasks to queue
[2025-04-19T10:23:06.458+0000] {logging_mixin.py:190} INFO - [2025-04-19T10:23:06.458+0000] {dagbag.py:588} INFO - Filling up the DagBag from /home/airflow/.local/lib/python3.12/site-packages/airflow/example_dags/tutorial.py
[2025-04-19T10:23:06.472+0000] {processor.py:925} INFO - DAG(s) 'tutorial' retrieved from /home/airflow/.local/lib/python3.12/site-packages/airflow/example_dags/tutorial.py
[2025-04-19T10:23:06.513+0000] {logging_mixin.py:190} INFO - [2025-04-19T10:23:06.512+0000] {dag.py:3239} INFO - Sync 1 DAGs
[2025-04-19T10:23:06.552+0000] {logging_mixin.py:190} INFO - [2025-04-19T10:23:06.552+0000] {dag.py:4180} INFO - Setting next_dagrun for tutorial to 2025-04-18 00:00:00+00:00, run_after=2025-04-19 00:00:00+00:00
[2025-04-19T10:23:06.588+0000] {processor.py:208} INFO - Processing /home/airflow/.local/lib/python3.12/site-packages/airflow/example_dags/tutorial.py took 0.152 seconds
[2025-04-19T10:23:37.379+0000] {processor.py:186} INFO - Started process (PID=657) to work on /home/airflow/.local/lib/python3.12/site-packages/airflow/example_dags/tutorial.py
[2025-04-19T10:23:37.383+0000] {processor.py:914} INFO - Processing file /home/airflow/.local/lib/python3.12/site-packages/airflow/example_dags/tutorial.py for tasks to queue
[2025-04-19T10:23:37.388+0000] {logging_mixin.py:190} INFO - [2025-04-19T10:23:37.387+0000] {dagbag.py:588} INFO - Filling up the DagBag from /home/airflow/.local/lib/python3.12/site-packages/airflow/example_dags/tutorial.py
[2025-04-19T10:23:37.400+0000] {processor.py:925} INFO - DAG(s) 'tutorial' retrieved from /home/airflow/.local/lib/python3.12/site-packages/airflow/example_dags/tutorial.py
[2025-04-19T10:23:37.435+0000] {logging_mixin.py:190} INFO - [2025-04-19T10:23:37.434+0000] {dag.py:3239} INFO - Sync 1 DAGs
[2025-04-19T10:23:37.472+0000] {logging_mixin.py:190} INFO - [2025-04-19T10:23:37.471+0000] {dag.py:4180} INFO - Setting next_dagrun for tutorial to 2025-04-18 00:00:00+00:00, run_after=2025-04-19 00:00:00+00:00
[2025-04-19T10:23:37.505+0000] {processor.py:208} INFO - Processing /home/airflow/.local/lib/python3.12/site-packages/airflow/example_dags/tutorial.py took 0.145 seconds
[2025-04-19T10:24:07.914+0000] {processor.py:186} INFO - Started process (PID=721) to work on /home/airflow/.local/lib/python3.12/site-packages/airflow/example_dags/tutorial.py
[2025-04-19T10:24:07.917+0000] {processor.py:914} INFO - Processing file /home/airflow/.local/lib/python3.12/site-packages/airflow/example_dags/tutorial.py for tasks to queue
[2025-04-19T10:24:07.924+0000] {logging_mixin.py:190} INFO - [2025-04-19T10:24:07.923+0000] {dagbag.py:588} INFO - Filling up the DagBag from /home/airflow/.local/lib/python3.12/site-packages/airflow/example_dags/tutorial.py
[2025-04-19T10:24:07.951+0000] {processor.py:925} INFO - DAG(s) 'tutorial' retrieved from /home/airflow/.local/lib/python3.12/site-packages/airflow/example_dags/tutorial.py
[2025-04-19T10:24:08.032+0000] {logging_mixin.py:190} INFO - [2025-04-19T10:24:08.031+0000] {dag.py:3239} INFO - Sync 1 DAGs
[2025-04-19T10:24:08.108+0000] {logging_mixin.py:190} INFO - [2025-04-19T10:24:08.107+0000] {dag.py:4180} INFO - Setting next_dagrun for tutorial to 2025-04-18 00:00:00+00:00, run_after=2025-04-19 00:00:00+00:00
[2025-04-19T10:24:08.203+0000] {processor.py:208} INFO - Processing /home/airflow/.local/lib/python3.12/site-packages/airflow/example_dags/tutorial.py took 0.299 seconds
[2025-04-19T10:24:39.033+0000] {processor.py:186} INFO - Started process (PID=785) to work on /home/airflow/.local/lib/python3.12/site-packages/airflow/example_dags/tutorial.py
[2025-04-19T10:24:39.035+0000] {processor.py:914} INFO - Processing file /home/airflow/.local/lib/python3.12/site-packages/airflow/example_dags/tutorial.py for tasks to queue
[2025-04-19T10:24:39.043+0000] {logging_mixin.py:190} INFO - [2025-04-19T10:24:39.042+0000] {dagbag.py:588} INFO - Filling up the DagBag from /home/airflow/.local/lib/python3.12/site-packages/airflow/example_dags/tutorial.py
[2025-04-19T10:24:39.076+0000] {processor.py:925} INFO - DAG(s) 'tutorial' retrieved from /home/airflow/.local/lib/python3.12/site-packages/airflow/example_dags/tutorial.py
[2025-04-19T10:24:39.166+0000] {logging_mixin.py:190} INFO - [2025-04-19T10:24:39.165+0000] {dag.py:3239} INFO - Sync 1 DAGs
[2025-04-19T10:24:39.257+0000] {logging_mixin.py:190} INFO - [2025-04-19T10:24:39.257+0000] {dag.py:4180} INFO - Setting next_dagrun for tutorial to 2025-04-18 00:00:00+00:00, run_after=2025-04-19 00:00:00+00:00
[2025-04-19T10:24:39.296+0000] {processor.py:208} INFO - Processing /home/airflow/.local/lib/python3.12/site-packages/airflow/example_dags/tutorial.py took 0.280 seconds
[2025-04-19T10:25:09.667+0000] {processor.py:186} INFO - Started process (PID=855) to work on /home/airflow/.local/lib/python3.12/site-packages/airflow/example_dags/tutorial.py
[2025-04-19T10:25:09.670+0000] {processor.py:914} INFO - Processing file /home/airflow/.local/lib/python3.12/site-packages/airflow/example_dags/tutorial.py for tasks to queue
[2025-04-19T10:25:09.680+0000] {logging_mixin.py:190} INFO - [2025-04-19T10:25:09.679+0000] {dagbag.py:588} INFO - Filling up the DagBag from /home/airflow/.local/lib/python3.12/site-packages/airflow/example_dags/tutorial.py
[2025-04-19T10:25:09.704+0000] {processor.py:925} INFO - DAG(s) 'tutorial' retrieved from /home/airflow/.local/lib/python3.12/site-packages/airflow/example_dags/tutorial.py
[2025-04-19T10:25:09.751+0000] {logging_mixin.py:190} INFO - [2025-04-19T10:25:09.750+0000] {dag.py:3239} INFO - Sync 1 DAGs
[2025-04-19T10:25:09.800+0000] {logging_mixin.py:190} INFO - [2025-04-19T10:25:09.799+0000] {dag.py:4180} INFO - Setting next_dagrun for tutorial to 2025-04-18 00:00:00+00:00, run_after=2025-04-19 00:00:00+00:00
[2025-04-19T10:25:09.842+0000] {processor.py:208} INFO - Processing /home/airflow/.local/lib/python3.12/site-packages/airflow/example_dags/tutorial.py took 0.197 seconds
[2025-04-19T10:25:40.618+0000] {processor.py:186} INFO - Started process (PID=918) to work on /home/airflow/.local/lib/python3.12/site-packages/airflow/example_dags/tutorial.py
[2025-04-19T10:25:40.620+0000] {processor.py:914} INFO - Processing file /home/airflow/.local/lib/python3.12/site-packages/airflow/example_dags/tutorial.py for tasks to queue
[2025-04-19T10:25:40.626+0000] {logging_mixin.py:190} INFO - [2025-04-19T10:25:40.626+0000] {dagbag.py:588} INFO - Filling up the DagBag from /home/airflow/.local/lib/python3.12/site-packages/airflow/example_dags/tutorial.py
[2025-04-19T10:25:40.640+0000] {processor.py:925} INFO - DAG(s) 'tutorial' retrieved from /home/airflow/.local/lib/python3.12/site-packages/airflow/example_dags/tutorial.py
[2025-04-19T10:25:40.678+0000] {logging_mixin.py:190} INFO - [2025-04-19T10:25:40.678+0000] {dag.py:3239} INFO - Sync 1 DAGs
[2025-04-19T10:25:40.721+0000] {logging_mixin.py:190} INFO - [2025-04-19T10:25:40.721+0000] {dag.py:4180} INFO - Setting next_dagrun for tutorial to 2025-04-18 00:00:00+00:00, run_after=2025-04-19 00:00:00+00:00
[2025-04-19T10:25:40.765+0000] {processor.py:208} INFO - Processing /home/airflow/.local/lib/python3.12/site-packages/airflow/example_dags/tutorial.py took 0.159 seconds
[2025-04-19T10:26:11.153+0000] {processor.py:186} INFO - Started process (PID=981) to work on /home/airflow/.local/lib/python3.12/site-packages/airflow/example_dags/tutorial.py
[2025-04-19T10:26:11.156+0000] {processor.py:914} INFO - Processing file /home/airflow/.local/lib/python3.12/site-packages/airflow/example_dags/tutorial.py for tasks to queue
[2025-04-19T10:26:11.163+0000] {logging_mixin.py:190} INFO - [2025-04-19T10:26:11.162+0000] {dagbag.py:588} INFO - Filling up the DagBag from /home/airflow/.local/lib/python3.12/site-packages/airflow/example_dags/tutorial.py
[2025-04-19T10:26:11.188+0000] {processor.py:925} INFO - DAG(s) 'tutorial' retrieved from /home/airflow/.local/lib/python3.12/site-packages/airflow/example_dags/tutorial.py
[2025-04-19T10:26:11.280+0000] {logging_mixin.py:190} INFO - [2025-04-19T10:26:11.278+0000] {dag.py:3239} INFO - Sync 1 DAGs
[2025-04-19T10:26:11.354+0000] {logging_mixin.py:190} INFO - [2025-04-19T10:26:11.353+0000] {dag.py:4180} INFO - Setting next_dagrun for tutorial to 2025-04-18 00:00:00+00:00, run_after=2025-04-19 00:00:00+00:00
[2025-04-19T10:26:11.420+0000] {processor.py:208} INFO - Processing /home/airflow/.local/lib/python3.12/site-packages/airflow/example_dags/tutorial.py took 0.285 seconds
[2025-04-19T10:26:42.291+0000] {processor.py:186} INFO - Started process (PID=1043) to work on /home/airflow/.local/lib/python3.12/site-packages/airflow/example_dags/tutorial.py
[2025-04-19T10:26:42.294+0000] {processor.py:914} INFO - Processing file /home/airflow/.local/lib/python3.12/site-packages/airflow/example_dags/tutorial.py for tasks to queue
[2025-04-19T10:26:42.299+0000] {logging_mixin.py:190} INFO - [2025-04-19T10:26:42.299+0000] {dagbag.py:588} INFO - Filling up the DagBag from /home/airflow/.local/lib/python3.12/site-packages/airflow/example_dags/tutorial.py
[2025-04-19T10:26:42.319+0000] {processor.py:925} INFO - DAG(s) 'tutorial' retrieved from /home/airflow/.local/lib/python3.12/site-packages/airflow/example_dags/tutorial.py
[2025-04-19T10:26:42.373+0000] {logging_mixin.py:190} INFO - [2025-04-19T10:26:42.372+0000] {dag.py:3239} INFO - Sync 1 DAGs
[2025-04-19T10:26:42.413+0000] {logging_mixin.py:190} INFO - [2025-04-19T10:26:42.413+0000] {dag.py:4180} INFO - Setting next_dagrun for tutorial to 2025-04-18 00:00:00+00:00, run_after=2025-04-19 00:00:00+00:00
[2025-04-19T10:26:42.450+0000] {processor.py:208} INFO - Processing /home/airflow/.local/lib/python3.12/site-packages/airflow/example_dags/tutorial.py took 0.170 seconds
[2025-04-19T10:27:13.042+0000] {processor.py:186} INFO - Started process (PID=1107) to work on /home/airflow/.local/lib/python3.12/site-packages/airflow/example_dags/tutorial.py
[2025-04-19T10:27:13.046+0000] {processor.py:914} INFO - Processing file /home/airflow/.local/lib/python3.12/site-packages/airflow/example_dags/tutorial.py for tasks to queue
[2025-04-19T10:27:13.053+0000] {logging_mixin.py:190} INFO - [2025-04-19T10:27:13.052+0000] {dagbag.py:588} INFO - Filling up the DagBag from /home/airflow/.local/lib/python3.12/site-packages/airflow/example_dags/tutorial.py
[2025-04-19T10:27:13.072+0000] {processor.py:925} INFO - DAG(s) 'tutorial' retrieved from /home/airflow/.local/lib/python3.12/site-packages/airflow/example_dags/tutorial.py
[2025-04-19T10:27:13.126+0000] {logging_mixin.py:190} INFO - [2025-04-19T10:27:13.125+0000] {dag.py:3239} INFO - Sync 1 DAGs
[2025-04-19T10:27:13.183+0000] {logging_mixin.py:190} INFO - [2025-04-19T10:27:13.182+0000] {dag.py:4180} INFO - Setting next_dagrun for tutorial to 2025-04-18 00:00:00+00:00, run_after=2025-04-19 00:00:00+00:00
[2025-04-19T10:27:13.278+0000] {processor.py:208} INFO - Processing /home/airflow/.local/lib/python3.12/site-packages/airflow/example_dags/tutorial.py took 0.253 seconds
[2025-04-19T10:27:43.913+0000] {processor.py:186} INFO - Started process (PID=1170) to work on /home/airflow/.local/lib/python3.12/site-packages/airflow/example_dags/tutorial.py
[2025-04-19T10:27:43.915+0000] {processor.py:914} INFO - Processing file /home/airflow/.local/lib/python3.12/site-packages/airflow/example_dags/tutorial.py for tasks to queue
[2025-04-19T10:27:43.919+0000] {logging_mixin.py:190} INFO - [2025-04-19T10:27:43.919+0000] {dagbag.py:588} INFO - Filling up the DagBag from /home/airflow/.local/lib/python3.12/site-packages/airflow/example_dags/tutorial.py
[2025-04-19T10:27:43.933+0000] {processor.py:925} INFO - DAG(s) 'tutorial' retrieved from /home/airflow/.local/lib/python3.12/site-packages/airflow/example_dags/tutorial.py
[2025-04-19T10:27:43.971+0000] {logging_mixin.py:190} INFO - [2025-04-19T10:27:43.971+0000] {dag.py:3239} INFO - Sync 1 DAGs
[2025-04-19T10:27:44.010+0000] {logging_mixin.py:190} INFO - [2025-04-19T10:27:44.009+0000] {dag.py:4180} INFO - Setting next_dagrun for tutorial to 2025-04-18 00:00:00+00:00, run_after=2025-04-19 00:00:00+00:00
[2025-04-19T10:27:44.044+0000] {processor.py:208} INFO - Processing /home/airflow/.local/lib/python3.12/site-packages/airflow/example_dags/tutorial.py took 0.141 seconds
[2025-04-19T10:28:14.494+0000] {processor.py:186} INFO - Started process (PID=1233) to work on /home/airflow/.local/lib/python3.12/site-packages/airflow/example_dags/tutorial.py
[2025-04-19T10:28:14.503+0000] {processor.py:914} INFO - Processing file /home/airflow/.local/lib/python3.12/site-packages/airflow/example_dags/tutorial.py for tasks to queue
[2025-04-19T10:28:14.511+0000] {logging_mixin.py:190} INFO - [2025-04-19T10:28:14.511+0000] {dagbag.py:588} INFO - Filling up the DagBag from /home/airflow/.local/lib/python3.12/site-packages/airflow/example_dags/tutorial.py
[2025-04-19T10:28:14.526+0000] {processor.py:925} INFO - DAG(s) 'tutorial' retrieved from /home/airflow/.local/lib/python3.12/site-packages/airflow/example_dags/tutorial.py
[2025-04-19T10:28:14.560+0000] {logging_mixin.py:190} INFO - [2025-04-19T10:28:14.560+0000] {dag.py:3239} INFO - Sync 1 DAGs
[2025-04-19T10:28:14.598+0000] {logging_mixin.py:190} INFO - [2025-04-19T10:28:14.598+0000] {dag.py:4180} INFO - Setting next_dagrun for tutorial to 2025-04-18 00:00:00+00:00, run_after=2025-04-19 00:00:00+00:00
[2025-04-19T10:28:14.632+0000] {processor.py:208} INFO - Processing /home/airflow/.local/lib/python3.12/site-packages/airflow/example_dags/tutorial.py took 0.175 seconds
[2025-04-19T10:28:45.440+0000] {processor.py:186} INFO - Started process (PID=1295) to work on /home/airflow/.local/lib/python3.12/site-packages/airflow/example_dags/tutorial.py
[2025-04-19T10:28:45.444+0000] {processor.py:914} INFO - Processing file /home/airflow/.local/lib/python3.12/site-packages/airflow/example_dags/tutorial.py for tasks to queue
[2025-04-19T10:28:45.452+0000] {logging_mixin.py:190} INFO - [2025-04-19T10:28:45.451+0000] {dagbag.py:588} INFO - Filling up the DagBag from /home/airflow/.local/lib/python3.12/site-packages/airflow/example_dags/tutorial.py
[2025-04-19T10:28:45.489+0000] {processor.py:925} INFO - DAG(s) 'tutorial' retrieved from /home/airflow/.local/lib/python3.12/site-packages/airflow/example_dags/tutorial.py
[2025-04-19T10:28:45.561+0000] {logging_mixin.py:190} INFO - [2025-04-19T10:28:45.560+0000] {dag.py:3239} INFO - Sync 1 DAGs
[2025-04-19T10:28:45.629+0000] {logging_mixin.py:190} INFO - [2025-04-19T10:28:45.628+0000] {dag.py:4180} INFO - Setting next_dagrun for tutorial to 2025-04-18 00:00:00+00:00, run_after=2025-04-19 00:00:00+00:00
[2025-04-19T10:28:45.678+0000] {processor.py:208} INFO - Processing /home/airflow/.local/lib/python3.12/site-packages/airflow/example_dags/tutorial.py took 0.251 seconds
[2025-04-19T10:29:17.040+0000] {processor.py:186} INFO - Started process (PID=1358) to work on /home/airflow/.local/lib/python3.12/site-packages/airflow/example_dags/tutorial.py
[2025-04-19T10:29:17.044+0000] {processor.py:914} INFO - Processing file /home/airflow/.local/lib/python3.12/site-packages/airflow/example_dags/tutorial.py for tasks to queue
[2025-04-19T10:29:17.049+0000] {logging_mixin.py:190} INFO - [2025-04-19T10:29:17.048+0000] {dagbag.py:588} INFO - Filling up the DagBag from /home/airflow/.local/lib/python3.12/site-packages/airflow/example_dags/tutorial.py
[2025-04-19T10:29:16.567+0000] {processor.py:925} INFO - DAG(s) 'tutorial' retrieved from /home/airflow/.local/lib/python3.12/site-packages/airflow/example_dags/tutorial.py
[2025-04-19T10:29:16.624+0000] {logging_mixin.py:190} INFO - [2025-04-19T10:29:16.623+0000] {dag.py:3239} INFO - Sync 1 DAGs
[2025-04-19T10:29:15.829+0000] {logging_mixin.py:190} INFO - [2025-04-19T10:29:16.687+0000] {dag.py:4180} INFO - Setting next_dagrun for tutorial to 2025-04-18 00:00:00+00:00, run_after=2025-04-19 00:00:00+00:00
[2025-04-19T10:29:15.894+0000] {processor.py:208} INFO - Processing /home/airflow/.local/lib/python3.12/site-packages/airflow/example_dags/tutorial.py took 0.236 seconds
[2025-04-19T10:31:40.792+0000] {processor.py:186} INFO - Started process (PID=93) to work on /home/airflow/.local/lib/python3.12/site-packages/airflow/example_dags/tutorial.py
[2025-04-19T10:31:40.794+0000] {processor.py:914} INFO - Processing file /home/airflow/.local/lib/python3.12/site-packages/airflow/example_dags/tutorial.py for tasks to queue
[2025-04-19T10:31:40.797+0000] {logging_mixin.py:190} INFO - [2025-04-19T10:31:40.797+0000] {dagbag.py:588} INFO - Filling up the DagBag from /home/airflow/.local/lib/python3.12/site-packages/airflow/example_dags/tutorial.py
[2025-04-19T10:31:40.812+0000] {processor.py:925} INFO - DAG(s) 'tutorial' retrieved from /home/airflow/.local/lib/python3.12/site-packages/airflow/example_dags/tutorial.py
[2025-04-19T10:31:40.855+0000] {logging_mixin.py:190} INFO - [2025-04-19T10:31:40.854+0000] {dag.py:3239} INFO - Sync 1 DAGs
[2025-04-19T10:31:40.918+0000] {logging_mixin.py:190} INFO - [2025-04-19T10:31:40.918+0000] {dag.py:4180} INFO - Setting next_dagrun for tutorial to 2025-04-18 00:00:00+00:00, run_after=2025-04-19 00:00:00+00:00
[2025-04-19T10:31:40.977+0000] {processor.py:208} INFO - Processing /home/airflow/.local/lib/python3.12/site-packages/airflow/example_dags/tutorial.py took 0.202 seconds
[2025-04-19T10:32:11.078+0000] {processor.py:186} INFO - Started process (PID=155) to work on /home/airflow/.local/lib/python3.12/site-packages/airflow/example_dags/tutorial.py
[2025-04-19T10:32:11.080+0000] {processor.py:914} INFO - Processing file /home/airflow/.local/lib/python3.12/site-packages/airflow/example_dags/tutorial.py for tasks to queue
[2025-04-19T10:32:11.084+0000] {logging_mixin.py:190} INFO - [2025-04-19T10:32:11.084+0000] {dagbag.py:588} INFO - Filling up the DagBag from /home/airflow/.local/lib/python3.12/site-packages/airflow/example_dags/tutorial.py
[2025-04-19T10:32:11.097+0000] {processor.py:925} INFO - DAG(s) 'tutorial' retrieved from /home/airflow/.local/lib/python3.12/site-packages/airflow/example_dags/tutorial.py
[2025-04-19T10:32:11.133+0000] {logging_mixin.py:190} INFO - [2025-04-19T10:32:11.132+0000] {dag.py:3239} INFO - Sync 1 DAGs
[2025-04-19T10:32:11.175+0000] {logging_mixin.py:190} INFO - [2025-04-19T10:32:11.174+0000] {dag.py:4180} INFO - Setting next_dagrun for tutorial to 2025-04-18 00:00:00+00:00, run_after=2025-04-19 00:00:00+00:00
[2025-04-19T10:32:11.211+0000] {processor.py:208} INFO - Processing /home/airflow/.local/lib/python3.12/site-packages/airflow/example_dags/tutorial.py took 0.144 seconds
[2025-04-19T10:32:42.233+0000] {processor.py:186} INFO - Started process (PID=219) to work on /home/airflow/.local/lib/python3.12/site-packages/airflow/example_dags/tutorial.py
[2025-04-19T10:32:42.235+0000] {processor.py:914} INFO - Processing file /home/airflow/.local/lib/python3.12/site-packages/airflow/example_dags/tutorial.py for tasks to queue
[2025-04-19T10:32:42.240+0000] {logging_mixin.py:190} INFO - [2025-04-19T10:32:42.239+0000] {dagbag.py:588} INFO - Filling up the DagBag from /home/airflow/.local/lib/python3.12/site-packages/airflow/example_dags/tutorial.py
[2025-04-19T10:32:42.252+0000] {processor.py:925} INFO - DAG(s) 'tutorial' retrieved from /home/airflow/.local/lib/python3.12/site-packages/airflow/example_dags/tutorial.py
[2025-04-19T10:32:42.288+0000] {logging_mixin.py:190} INFO - [2025-04-19T10:32:42.288+0000] {dag.py:3239} INFO - Sync 1 DAGs
[2025-04-19T10:32:42.327+0000] {logging_mixin.py:190} INFO - [2025-04-19T10:32:42.327+0000] {dag.py:4180} INFO - Setting next_dagrun for tutorial to 2025-04-18 00:00:00+00:00, run_after=2025-04-19 00:00:00+00:00
[2025-04-19T10:32:42.363+0000] {processor.py:208} INFO - Processing /home/airflow/.local/lib/python3.12/site-packages/airflow/example_dags/tutorial.py took 0.139 seconds
[2025-04-19T10:33:12.761+0000] {processor.py:186} INFO - Started process (PID=282) to work on /home/airflow/.local/lib/python3.12/site-packages/airflow/example_dags/tutorial.py
[2025-04-19T10:33:12.764+0000] {processor.py:914} INFO - Processing file /home/airflow/.local/lib/python3.12/site-packages/airflow/example_dags/tutorial.py for tasks to queue
[2025-04-19T10:33:12.774+0000] {logging_mixin.py:190} INFO - [2025-04-19T10:33:12.773+0000] {dagbag.py:588} INFO - Filling up the DagBag from /home/airflow/.local/lib/python3.12/site-packages/airflow/example_dags/tutorial.py
[2025-04-19T10:33:12.800+0000] {processor.py:925} INFO - DAG(s) 'tutorial' retrieved from /home/airflow/.local/lib/python3.12/site-packages/airflow/example_dags/tutorial.py
[2025-04-19T10:33:12.853+0000] {logging_mixin.py:190} INFO - [2025-04-19T10:33:12.853+0000] {dag.py:3239} INFO - Sync 1 DAGs
[2025-04-19T10:33:12.911+0000] {logging_mixin.py:190} INFO - [2025-04-19T10:33:12.911+0000] {dag.py:4180} INFO - Setting next_dagrun for tutorial to 2025-04-18 00:00:00+00:00, run_after=2025-04-19 00:00:00+00:00
[2025-04-19T10:33:12.944+0000] {processor.py:208} INFO - Processing /home/airflow/.local/lib/python3.12/site-packages/airflow/example_dags/tutorial.py took 0.213 seconds
[2025-04-19T10:33:44.035+0000] {processor.py:186} INFO - Started process (PID=345) to work on /home/airflow/.local/lib/python3.12/site-packages/airflow/example_dags/tutorial.py
[2025-04-19T10:33:44.037+0000] {processor.py:914} INFO - Processing file /home/airflow/.local/lib/python3.12/site-packages/airflow/example_dags/tutorial.py for tasks to queue
[2025-04-19T10:33:44.041+0000] {logging_mixin.py:190} INFO - [2025-04-19T10:33:44.040+0000] {dagbag.py:588} INFO - Filling up the DagBag from /home/airflow/.local/lib/python3.12/site-packages/airflow/example_dags/tutorial.py
[2025-04-19T10:33:44.060+0000] {processor.py:925} INFO - DAG(s) 'tutorial' retrieved from /home/airflow/.local/lib/python3.12/site-packages/airflow/example_dags/tutorial.py
[2025-04-19T10:33:44.126+0000] {logging_mixin.py:190} INFO - [2025-04-19T10:33:44.124+0000] {dag.py:3239} INFO - Sync 1 DAGs
[2025-04-19T10:33:44.179+0000] {logging_mixin.py:190} INFO - [2025-04-19T10:33:44.178+0000] {dag.py:4180} INFO - Setting next_dagrun for tutorial to 2025-04-18 00:00:00+00:00, run_after=2025-04-19 00:00:00+00:00
[2025-04-19T10:33:44.216+0000] {processor.py:208} INFO - Processing /home/airflow/.local/lib/python3.12/site-packages/airflow/example_dags/tutorial.py took 0.198 seconds
