[2025-04-19T10:19:12.606+0000] {processor.py:186} INFO - Started process (PID=121) to work on /home/airflow/.local/lib/python3.12/site-packages/airflow/example_dags/tutorial_dag.py
[2025-04-19T10:19:12.608+0000] {processor.py:914} INFO - Processing file /home/airflow/.local/lib/python3.12/site-packages/airflow/example_dags/tutorial_dag.py for tasks to queue
[2025-04-19T10:19:12.614+0000] {logging_mixin.py:190} INFO - [2025-04-19T10:19:12.614+0000] {dagbag.py:588} INFO - Filling up the DagBag from /home/airflow/.local/lib/python3.12/site-packages/airflow/example_dags/tutorial_dag.py
[2025-04-19T10:19:12.635+0000] {processor.py:925} INFO - DAG(s) 'tutorial_dag' retrieved from /home/airflow/.local/lib/python3.12/site-packages/airflow/example_dags/tutorial_dag.py
[2025-04-19T10:19:12.817+0000] {logging_mixin.py:190} INFO - [2025-04-19T10:19:12.816+0000] {override.py:1912} INFO - Created Permission View: can delete on DAG:tutorial_dag
[2025-04-19T10:19:12.836+0000] {logging_mixin.py:190} INFO - [2025-04-19T10:19:12.835+0000] {override.py:1912} INFO - Created Permission View: can read on DAG:tutorial_dag
[2025-04-19T10:19:12.854+0000] {logging_mixin.py:190} INFO - [2025-04-19T10:19:12.853+0000] {override.py:1912} INFO - Created Permission View: can edit on DAG:tutorial_dag
[2025-04-19T10:19:12.873+0000] {logging_mixin.py:190} INFO - [2025-04-19T10:19:12.873+0000] {override.py:1912} INFO - Created Permission View: can delete on DAG Run:tutorial_dag
[2025-04-19T10:19:12.889+0000] {logging_mixin.py:190} INFO - [2025-04-19T10:19:12.888+0000] {override.py:1912} INFO - Created Permission View: can read on DAG Run:tutorial_dag
[2025-04-19T10:19:12.906+0000] {logging_mixin.py:190} INFO - [2025-04-19T10:19:12.905+0000] {override.py:1912} INFO - Created Permission View: menu access on DAG Run:tutorial_dag
[2025-04-19T10:19:12.933+0000] {logging_mixin.py:190} INFO - [2025-04-19T10:19:12.931+0000] {override.py:1912} INFO - Created Permission View: can create on DAG Run:tutorial_dag
[2025-04-19T10:19:12.938+0000] {logging_mixin.py:190} INFO - [2025-04-19T10:19:12.936+0000] {dag.py:3239} INFO - Sync 1 DAGs
[2025-04-19T10:19:12.996+0000] {logging_mixin.py:190} INFO - [2025-04-19T10:19:12.995+0000] {dag.py:3262} INFO - Creating ORM DAG for tutorial_dag
[2025-04-19T10:19:12.999+0000] {logging_mixin.py:190} INFO - [2025-04-19T10:19:12.999+0000] {dag.py:4180} INFO - Setting next_dagrun for tutorial_dag to None, run_after=None
[2025-04-19T10:19:13.052+0000] {processor.py:208} INFO - Processing /home/airflow/.local/lib/python3.12/site-packages/airflow/example_dags/tutorial_dag.py took 0.460 seconds
[2025-04-19T10:19:43.651+0000] {processor.py:186} INFO - Started process (PID=184) to work on /home/airflow/.local/lib/python3.12/site-packages/airflow/example_dags/tutorial_dag.py
[2025-04-19T10:19:43.653+0000] {processor.py:914} INFO - Processing file /home/airflow/.local/lib/python3.12/site-packages/airflow/example_dags/tutorial_dag.py for tasks to queue
[2025-04-19T10:19:43.657+0000] {logging_mixin.py:190} INFO - [2025-04-19T10:19:43.656+0000] {dagbag.py:588} INFO - Filling up the DagBag from /home/airflow/.local/lib/python3.12/site-packages/airflow/example_dags/tutorial_dag.py
[2025-04-19T10:19:43.668+0000] {processor.py:925} INFO - DAG(s) 'tutorial_dag' retrieved from /home/airflow/.local/lib/python3.12/site-packages/airflow/example_dags/tutorial_dag.py
[2025-04-19T10:19:43.710+0000] {logging_mixin.py:190} INFO - [2025-04-19T10:19:43.709+0000] {dag.py:3239} INFO - Sync 1 DAGs
[2025-04-19T10:19:43.741+0000] {logging_mixin.py:190} INFO - [2025-04-19T10:19:43.741+0000] {dag.py:4180} INFO - Setting next_dagrun for tutorial_dag to None, run_after=None
[2025-04-19T10:19:43.785+0000] {processor.py:208} INFO - Processing /home/airflow/.local/lib/python3.12/site-packages/airflow/example_dags/tutorial_dag.py took 0.149 seconds
[2025-04-19T10:20:14.107+0000] {processor.py:186} INFO - Started process (PID=246) to work on /home/airflow/.local/lib/python3.12/site-packages/airflow/example_dags/tutorial_dag.py
[2025-04-19T10:20:14.111+0000] {processor.py:914} INFO - Processing file /home/airflow/.local/lib/python3.12/site-packages/airflow/example_dags/tutorial_dag.py for tasks to queue
[2025-04-19T10:20:14.117+0000] {logging_mixin.py:190} INFO - [2025-04-19T10:20:14.116+0000] {dagbag.py:588} INFO - Filling up the DagBag from /home/airflow/.local/lib/python3.12/site-packages/airflow/example_dags/tutorial_dag.py
[2025-04-19T10:20:14.137+0000] {processor.py:925} INFO - DAG(s) 'tutorial_dag' retrieved from /home/airflow/.local/lib/python3.12/site-packages/airflow/example_dags/tutorial_dag.py
[2025-04-19T10:20:14.185+0000] {logging_mixin.py:190} INFO - [2025-04-19T10:20:14.184+0000] {dag.py:3239} INFO - Sync 1 DAGs
[2025-04-19T10:20:14.215+0000] {logging_mixin.py:190} INFO - [2025-04-19T10:20:14.215+0000] {dag.py:4180} INFO - Setting next_dagrun for tutorial_dag to None, run_after=None
[2025-04-19T10:20:14.257+0000] {processor.py:208} INFO - Processing /home/airflow/.local/lib/python3.12/site-packages/airflow/example_dags/tutorial_dag.py took 0.165 seconds
[2025-04-19T10:20:45.614+0000] {processor.py:186} INFO - Started process (PID=309) to work on /home/airflow/.local/lib/python3.12/site-packages/airflow/example_dags/tutorial_dag.py
[2025-04-19T10:20:45.617+0000] {processor.py:914} INFO - Processing file /home/airflow/.local/lib/python3.12/site-packages/airflow/example_dags/tutorial_dag.py for tasks to queue
[2025-04-19T10:20:45.624+0000] {logging_mixin.py:190} INFO - [2025-04-19T10:20:45.622+0000] {dagbag.py:588} INFO - Filling up the DagBag from /home/airflow/.local/lib/python3.12/site-packages/airflow/example_dags/tutorial_dag.py
[2025-04-19T10:20:45.637+0000] {processor.py:925} INFO - DAG(s) 'tutorial_dag' retrieved from /home/airflow/.local/lib/python3.12/site-packages/airflow/example_dags/tutorial_dag.py
[2025-04-19T10:20:45.696+0000] {logging_mixin.py:190} INFO - [2025-04-19T10:20:45.695+0000] {dag.py:3239} INFO - Sync 1 DAGs
[2025-04-19T10:20:45.719+0000] {logging_mixin.py:190} INFO - [2025-04-19T10:20:45.718+0000] {dag.py:4180} INFO - Setting next_dagrun for tutorial_dag to None, run_after=None
[2025-04-19T10:20:45.752+0000] {processor.py:208} INFO - Processing /home/airflow/.local/lib/python3.12/site-packages/airflow/example_dags/tutorial_dag.py took 0.152 seconds
[2025-04-19T10:21:17.172+0000] {processor.py:186} INFO - Started process (PID=378) to work on /home/airflow/.local/lib/python3.12/site-packages/airflow/example_dags/tutorial_dag.py
[2025-04-19T10:21:17.175+0000] {processor.py:914} INFO - Processing file /home/airflow/.local/lib/python3.12/site-packages/airflow/example_dags/tutorial_dag.py for tasks to queue
[2025-04-19T10:21:17.179+0000] {logging_mixin.py:190} INFO - [2025-04-19T10:21:17.178+0000] {dagbag.py:588} INFO - Filling up the DagBag from /home/airflow/.local/lib/python3.12/site-packages/airflow/example_dags/tutorial_dag.py
[2025-04-19T10:21:17.195+0000] {processor.py:925} INFO - DAG(s) 'tutorial_dag' retrieved from /home/airflow/.local/lib/python3.12/site-packages/airflow/example_dags/tutorial_dag.py
[2025-04-19T10:21:17.244+0000] {logging_mixin.py:190} INFO - [2025-04-19T10:21:17.243+0000] {dag.py:3239} INFO - Sync 1 DAGs
[2025-04-19T10:21:17.277+0000] {logging_mixin.py:190} INFO - [2025-04-19T10:21:17.276+0000] {dag.py:4180} INFO - Setting next_dagrun for tutorial_dag to None, run_after=None
[2025-04-19T10:21:17.320+0000] {processor.py:208} INFO - Processing /home/airflow/.local/lib/python3.12/site-packages/airflow/example_dags/tutorial_dag.py took 0.173 seconds
[2025-04-19T10:21:48.548+0000] {processor.py:186} INFO - Started process (PID=441) to work on /home/airflow/.local/lib/python3.12/site-packages/airflow/example_dags/tutorial_dag.py
[2025-04-19T10:21:48.551+0000] {processor.py:914} INFO - Processing file /home/airflow/.local/lib/python3.12/site-packages/airflow/example_dags/tutorial_dag.py for tasks to queue
[2025-04-19T10:21:48.558+0000] {logging_mixin.py:190} INFO - [2025-04-19T10:21:48.557+0000] {dagbag.py:588} INFO - Filling up the DagBag from /home/airflow/.local/lib/python3.12/site-packages/airflow/example_dags/tutorial_dag.py
[2025-04-19T10:21:48.573+0000] {processor.py:925} INFO - DAG(s) 'tutorial_dag' retrieved from /home/airflow/.local/lib/python3.12/site-packages/airflow/example_dags/tutorial_dag.py
[2025-04-19T10:21:48.615+0000] {logging_mixin.py:190} INFO - [2025-04-19T10:21:48.614+0000] {dag.py:3239} INFO - Sync 1 DAGs
[2025-04-19T10:21:48.641+0000] {logging_mixin.py:190} INFO - [2025-04-19T10:21:48.641+0000] {dag.py:4180} INFO - Setting next_dagrun for tutorial_dag to None, run_after=None
[2025-04-19T10:21:48.683+0000] {processor.py:208} INFO - Processing /home/airflow/.local/lib/python3.12/site-packages/airflow/example_dags/tutorial_dag.py took 0.149 seconds
[2025-04-19T10:22:20.712+0000] {processor.py:186} INFO - Started process (PID=503) to work on /home/airflow/.local/lib/python3.12/site-packages/airflow/example_dags/tutorial_dag.py
[2025-04-19T10:22:20.714+0000] {processor.py:914} INFO - Processing file /home/airflow/.local/lib/python3.12/site-packages/airflow/example_dags/tutorial_dag.py for tasks to queue
[2025-04-19T10:22:20.721+0000] {logging_mixin.py:190} INFO - [2025-04-19T10:22:20.720+0000] {dagbag.py:588} INFO - Filling up the DagBag from /home/airflow/.local/lib/python3.12/site-packages/airflow/example_dags/tutorial_dag.py
[2025-04-19T10:22:20.739+0000] {processor.py:925} INFO - DAG(s) 'tutorial_dag' retrieved from /home/airflow/.local/lib/python3.12/site-packages/airflow/example_dags/tutorial_dag.py
[2025-04-19T10:22:20.786+0000] {logging_mixin.py:190} INFO - [2025-04-19T10:22:20.785+0000] {dag.py:3239} INFO - Sync 1 DAGs
[2025-04-19T10:22:20.828+0000] {logging_mixin.py:190} INFO - [2025-04-19T10:22:20.827+0000] {dag.py:4180} INFO - Setting next_dagrun for tutorial_dag to None, run_after=None
[2025-04-19T10:22:20.890+0000] {processor.py:208} INFO - Processing /home/airflow/.local/lib/python3.12/site-packages/airflow/example_dags/tutorial_dag.py took 0.191 seconds
[2025-04-19T10:22:52.399+0000] {processor.py:186} INFO - Started process (PID=565) to work on /home/airflow/.local/lib/python3.12/site-packages/airflow/example_dags/tutorial_dag.py
[2025-04-19T10:22:52.403+0000] {processor.py:914} INFO - Processing file /home/airflow/.local/lib/python3.12/site-packages/airflow/example_dags/tutorial_dag.py for tasks to queue
[2025-04-19T10:22:52.412+0000] {logging_mixin.py:190} INFO - [2025-04-19T10:22:52.411+0000] {dagbag.py:588} INFO - Filling up the DagBag from /home/airflow/.local/lib/python3.12/site-packages/airflow/example_dags/tutorial_dag.py
[2025-04-19T10:22:52.438+0000] {processor.py:925} INFO - DAG(s) 'tutorial_dag' retrieved from /home/airflow/.local/lib/python3.12/site-packages/airflow/example_dags/tutorial_dag.py
[2025-04-19T10:22:52.499+0000] {logging_mixin.py:190} INFO - [2025-04-19T10:22:52.498+0000] {dag.py:3239} INFO - Sync 1 DAGs
[2025-04-19T10:22:52.539+0000] {logging_mixin.py:190} INFO - [2025-04-19T10:22:52.538+0000] {dag.py:4180} INFO - Setting next_dagrun for tutorial_dag to None, run_after=None
[2025-04-19T10:22:52.593+0000] {processor.py:208} INFO - Processing /home/airflow/.local/lib/python3.12/site-packages/airflow/example_dags/tutorial_dag.py took 0.213 seconds
[2025-04-19T10:23:24.048+0000] {processor.py:186} INFO - Started process (PID=628) to work on /home/airflow/.local/lib/python3.12/site-packages/airflow/example_dags/tutorial_dag.py
[2025-04-19T10:23:24.050+0000] {processor.py:914} INFO - Processing file /home/airflow/.local/lib/python3.12/site-packages/airflow/example_dags/tutorial_dag.py for tasks to queue
[2025-04-19T10:23:24.054+0000] {logging_mixin.py:190} INFO - [2025-04-19T10:23:24.053+0000] {dagbag.py:588} INFO - Filling up the DagBag from /home/airflow/.local/lib/python3.12/site-packages/airflow/example_dags/tutorial_dag.py
[2025-04-19T10:23:24.071+0000] {processor.py:925} INFO - DAG(s) 'tutorial_dag' retrieved from /home/airflow/.local/lib/python3.12/site-packages/airflow/example_dags/tutorial_dag.py
[2025-04-19T10:23:24.108+0000] {logging_mixin.py:190} INFO - [2025-04-19T10:23:24.107+0000] {dag.py:3239} INFO - Sync 1 DAGs
[2025-04-19T10:23:24.133+0000] {logging_mixin.py:190} INFO - [2025-04-19T10:23:24.132+0000] {dag.py:4180} INFO - Setting next_dagrun for tutorial_dag to None, run_after=None
[2025-04-19T10:23:24.175+0000] {processor.py:208} INFO - Processing /home/airflow/.local/lib/python3.12/site-packages/airflow/example_dags/tutorial_dag.py took 0.142 seconds
[2025-04-19T10:23:55.534+0000] {processor.py:186} INFO - Started process (PID=692) to work on /home/airflow/.local/lib/python3.12/site-packages/airflow/example_dags/tutorial_dag.py
[2025-04-19T10:23:55.537+0000] {processor.py:914} INFO - Processing file /home/airflow/.local/lib/python3.12/site-packages/airflow/example_dags/tutorial_dag.py for tasks to queue
[2025-04-19T10:23:55.542+0000] {logging_mixin.py:190} INFO - [2025-04-19T10:23:55.542+0000] {dagbag.py:588} INFO - Filling up the DagBag from /home/airflow/.local/lib/python3.12/site-packages/airflow/example_dags/tutorial_dag.py
[2025-04-19T10:23:55.554+0000] {processor.py:925} INFO - DAG(s) 'tutorial_dag' retrieved from /home/airflow/.local/lib/python3.12/site-packages/airflow/example_dags/tutorial_dag.py
[2025-04-19T10:23:55.592+0000] {logging_mixin.py:190} INFO - [2025-04-19T10:23:55.591+0000] {dag.py:3239} INFO - Sync 1 DAGs
[2025-04-19T10:23:55.617+0000] {logging_mixin.py:190} INFO - [2025-04-19T10:23:55.616+0000] {dag.py:4180} INFO - Setting next_dagrun for tutorial_dag to None, run_after=None
[2025-04-19T10:23:55.674+0000] {processor.py:208} INFO - Processing /home/airflow/.local/lib/python3.12/site-packages/airflow/example_dags/tutorial_dag.py took 0.150 seconds
[2025-04-19T10:24:26.820+0000] {processor.py:186} INFO - Started process (PID=755) to work on /home/airflow/.local/lib/python3.12/site-packages/airflow/example_dags/tutorial_dag.py
[2025-04-19T10:24:26.823+0000] {processor.py:914} INFO - Processing file /home/airflow/.local/lib/python3.12/site-packages/airflow/example_dags/tutorial_dag.py for tasks to queue
[2025-04-19T10:24:26.829+0000] {logging_mixin.py:190} INFO - [2025-04-19T10:24:26.828+0000] {dagbag.py:588} INFO - Filling up the DagBag from /home/airflow/.local/lib/python3.12/site-packages/airflow/example_dags/tutorial_dag.py
[2025-04-19T10:24:26.841+0000] {processor.py:925} INFO - DAG(s) 'tutorial_dag' retrieved from /home/airflow/.local/lib/python3.12/site-packages/airflow/example_dags/tutorial_dag.py
[2025-04-19T10:24:26.878+0000] {logging_mixin.py:190} INFO - [2025-04-19T10:24:26.877+0000] {dag.py:3239} INFO - Sync 1 DAGs
[2025-04-19T10:24:26.906+0000] {logging_mixin.py:190} INFO - [2025-04-19T10:24:26.906+0000] {dag.py:4180} INFO - Setting next_dagrun for tutorial_dag to None, run_after=None
[2025-04-19T10:24:26.949+0000] {processor.py:208} INFO - Processing /home/airflow/.local/lib/python3.12/site-packages/airflow/example_dags/tutorial_dag.py took 0.137 seconds
[2025-04-19T10:24:57.763+0000] {processor.py:186} INFO - Started process (PID=819) to work on /home/airflow/.local/lib/python3.12/site-packages/airflow/example_dags/tutorial_dag.py
[2025-04-19T10:24:57.766+0000] {processor.py:914} INFO - Processing file /home/airflow/.local/lib/python3.12/site-packages/airflow/example_dags/tutorial_dag.py for tasks to queue
[2025-04-19T10:24:57.772+0000] {logging_mixin.py:190} INFO - [2025-04-19T10:24:57.771+0000] {dagbag.py:588} INFO - Filling up the DagBag from /home/airflow/.local/lib/python3.12/site-packages/airflow/example_dags/tutorial_dag.py
[2025-04-19T10:24:57.807+0000] {processor.py:925} INFO - DAG(s) 'tutorial_dag' retrieved from /home/airflow/.local/lib/python3.12/site-packages/airflow/example_dags/tutorial_dag.py
[2025-04-19T10:24:57.863+0000] {logging_mixin.py:190} INFO - [2025-04-19T10:24:57.863+0000] {dag.py:3239} INFO - Sync 1 DAGs
[2025-04-19T10:24:57.901+0000] {logging_mixin.py:190} INFO - [2025-04-19T10:24:57.901+0000] {dag.py:4180} INFO - Setting next_dagrun for tutorial_dag to None, run_after=None
[2025-04-19T10:24:57.948+0000] {processor.py:208} INFO - Processing /home/airflow/.local/lib/python3.12/site-packages/airflow/example_dags/tutorial_dag.py took 0.197 seconds
[2025-04-19T10:25:29.688+0000] {processor.py:186} INFO - Started process (PID=877) to work on /home/airflow/.local/lib/python3.12/site-packages/airflow/example_dags/tutorial_dag.py
[2025-04-19T10:25:29.691+0000] {processor.py:914} INFO - Processing file /home/airflow/.local/lib/python3.12/site-packages/airflow/example_dags/tutorial_dag.py for tasks to queue
[2025-04-19T10:25:29.697+0000] {logging_mixin.py:190} INFO - [2025-04-19T10:25:29.697+0000] {dagbag.py:588} INFO - Filling up the DagBag from /home/airflow/.local/lib/python3.12/site-packages/airflow/example_dags/tutorial_dag.py
[2025-04-19T10:25:29.720+0000] {processor.py:925} INFO - DAG(s) 'tutorial_dag' retrieved from /home/airflow/.local/lib/python3.12/site-packages/airflow/example_dags/tutorial_dag.py
[2025-04-19T10:25:29.780+0000] {logging_mixin.py:190} INFO - [2025-04-19T10:25:29.780+0000] {dag.py:3239} INFO - Sync 1 DAGs
[2025-04-19T10:25:29.822+0000] {logging_mixin.py:190} INFO - [2025-04-19T10:25:29.821+0000] {dag.py:4180} INFO - Setting next_dagrun for tutorial_dag to None, run_after=None
[2025-04-19T10:25:29.864+0000] {processor.py:208} INFO - Processing /home/airflow/.local/lib/python3.12/site-packages/airflow/example_dags/tutorial_dag.py took 0.194 seconds
[2025-04-19T10:26:02.090+0000] {processor.py:186} INFO - Started process (PID=943) to work on /home/airflow/.local/lib/python3.12/site-packages/airflow/example_dags/tutorial_dag.py
[2025-04-19T10:26:02.091+0000] {processor.py:914} INFO - Processing file /home/airflow/.local/lib/python3.12/site-packages/airflow/example_dags/tutorial_dag.py for tasks to queue
[2025-04-19T10:26:02.095+0000] {logging_mixin.py:190} INFO - [2025-04-19T10:26:02.094+0000] {dagbag.py:588} INFO - Filling up the DagBag from /home/airflow/.local/lib/python3.12/site-packages/airflow/example_dags/tutorial_dag.py
[2025-04-19T10:26:02.110+0000] {processor.py:925} INFO - DAG(s) 'tutorial_dag' retrieved from /home/airflow/.local/lib/python3.12/site-packages/airflow/example_dags/tutorial_dag.py
[2025-04-19T10:26:02.148+0000] {logging_mixin.py:190} INFO - [2025-04-19T10:26:02.148+0000] {dag.py:3239} INFO - Sync 1 DAGs
[2025-04-19T10:26:02.175+0000] {logging_mixin.py:190} INFO - [2025-04-19T10:26:02.175+0000] {dag.py:4180} INFO - Setting next_dagrun for tutorial_dag to None, run_after=None
[2025-04-19T10:26:02.206+0000] {processor.py:208} INFO - Processing /home/airflow/.local/lib/python3.12/site-packages/airflow/example_dags/tutorial_dag.py took 0.127 seconds
[2025-04-19T10:26:34.455+0000] {processor.py:186} INFO - Started process (PID=1008) to work on /home/airflow/.local/lib/python3.12/site-packages/airflow/example_dags/tutorial_dag.py
[2025-04-19T10:26:34.466+0000] {processor.py:914} INFO - Processing file /home/airflow/.local/lib/python3.12/site-packages/airflow/example_dags/tutorial_dag.py for tasks to queue
[2025-04-19T10:26:34.476+0000] {logging_mixin.py:190} INFO - [2025-04-19T10:26:34.475+0000] {dagbag.py:588} INFO - Filling up the DagBag from /home/airflow/.local/lib/python3.12/site-packages/airflow/example_dags/tutorial_dag.py
[2025-04-19T10:26:34.502+0000] {processor.py:925} INFO - DAG(s) 'tutorial_dag' retrieved from /home/airflow/.local/lib/python3.12/site-packages/airflow/example_dags/tutorial_dag.py
[2025-04-19T10:26:34.539+0000] {logging_mixin.py:190} INFO - [2025-04-19T10:26:34.538+0000] {dag.py:3239} INFO - Sync 1 DAGs
[2025-04-19T10:26:34.575+0000] {logging_mixin.py:190} INFO - [2025-04-19T10:26:34.574+0000] {dag.py:4180} INFO - Setting next_dagrun for tutorial_dag to None, run_after=None
[2025-04-19T10:26:34.656+0000] {processor.py:208} INFO - Processing /home/airflow/.local/lib/python3.12/site-packages/airflow/example_dags/tutorial_dag.py took 0.233 seconds
[2025-04-19T10:27:06.457+0000] {processor.py:186} INFO - Started process (PID=1081) to work on /home/airflow/.local/lib/python3.12/site-packages/airflow/example_dags/tutorial_dag.py
[2025-04-19T10:27:06.459+0000] {processor.py:914} INFO - Processing file /home/airflow/.local/lib/python3.12/site-packages/airflow/example_dags/tutorial_dag.py for tasks to queue
[2025-04-19T10:27:06.466+0000] {logging_mixin.py:190} INFO - [2025-04-19T10:27:06.465+0000] {dagbag.py:588} INFO - Filling up the DagBag from /home/airflow/.local/lib/python3.12/site-packages/airflow/example_dags/tutorial_dag.py
[2025-04-19T10:27:06.485+0000] {processor.py:925} INFO - DAG(s) 'tutorial_dag' retrieved from /home/airflow/.local/lib/python3.12/site-packages/airflow/example_dags/tutorial_dag.py
[2025-04-19T10:27:06.528+0000] {logging_mixin.py:190} INFO - [2025-04-19T10:27:06.528+0000] {dag.py:3239} INFO - Sync 1 DAGs
[2025-04-19T10:27:06.566+0000] {logging_mixin.py:190} INFO - [2025-04-19T10:27:06.565+0000] {dag.py:4180} INFO - Setting next_dagrun for tutorial_dag to None, run_after=None
[2025-04-19T10:27:06.602+0000] {processor.py:208} INFO - Processing /home/airflow/.local/lib/python3.12/site-packages/airflow/example_dags/tutorial_dag.py took 0.156 seconds
[2025-04-19T10:27:38.360+0000] {processor.py:186} INFO - Started process (PID=1145) to work on /home/airflow/.local/lib/python3.12/site-packages/airflow/example_dags/tutorial_dag.py
[2025-04-19T10:27:38.362+0000] {processor.py:914} INFO - Processing file /home/airflow/.local/lib/python3.12/site-packages/airflow/example_dags/tutorial_dag.py for tasks to queue
[2025-04-19T10:27:38.367+0000] {logging_mixin.py:190} INFO - [2025-04-19T10:27:38.366+0000] {dagbag.py:588} INFO - Filling up the DagBag from /home/airflow/.local/lib/python3.12/site-packages/airflow/example_dags/tutorial_dag.py
[2025-04-19T10:27:38.381+0000] {processor.py:925} INFO - DAG(s) 'tutorial_dag' retrieved from /home/airflow/.local/lib/python3.12/site-packages/airflow/example_dags/tutorial_dag.py
[2025-04-19T10:27:38.416+0000] {logging_mixin.py:190} INFO - [2025-04-19T10:27:38.416+0000] {dag.py:3239} INFO - Sync 1 DAGs
[2025-04-19T10:27:38.437+0000] {logging_mixin.py:190} INFO - [2025-04-19T10:27:38.437+0000] {dag.py:4180} INFO - Setting next_dagrun for tutorial_dag to None, run_after=None
[2025-04-19T10:27:38.473+0000] {processor.py:208} INFO - Processing /home/airflow/.local/lib/python3.12/site-packages/airflow/example_dags/tutorial_dag.py took 0.124 seconds
[2025-04-19T10:28:10.165+0000] {processor.py:186} INFO - Started process (PID=1208) to work on /home/airflow/.local/lib/python3.12/site-packages/airflow/example_dags/tutorial_dag.py
[2025-04-19T10:28:10.168+0000] {processor.py:914} INFO - Processing file /home/airflow/.local/lib/python3.12/site-packages/airflow/example_dags/tutorial_dag.py for tasks to queue
[2025-04-19T10:28:10.174+0000] {logging_mixin.py:190} INFO - [2025-04-19T10:28:10.173+0000] {dagbag.py:588} INFO - Filling up the DagBag from /home/airflow/.local/lib/python3.12/site-packages/airflow/example_dags/tutorial_dag.py
[2025-04-19T10:28:10.191+0000] {processor.py:925} INFO - DAG(s) 'tutorial_dag' retrieved from /home/airflow/.local/lib/python3.12/site-packages/airflow/example_dags/tutorial_dag.py
[2025-04-19T10:28:10.232+0000] {logging_mixin.py:190} INFO - [2025-04-19T10:28:10.232+0000] {dag.py:3239} INFO - Sync 1 DAGs
[2025-04-19T10:28:10.259+0000] {logging_mixin.py:190} INFO - [2025-04-19T10:28:10.259+0000] {dag.py:4180} INFO - Setting next_dagrun for tutorial_dag to None, run_after=None
[2025-04-19T10:28:10.301+0000] {processor.py:208} INFO - Processing /home/airflow/.local/lib/python3.12/site-packages/airflow/example_dags/tutorial_dag.py took 0.145 seconds
[2025-04-19T10:28:41.695+0000] {processor.py:186} INFO - Started process (PID=1271) to work on /home/airflow/.local/lib/python3.12/site-packages/airflow/example_dags/tutorial_dag.py
[2025-04-19T10:28:41.697+0000] {processor.py:914} INFO - Processing file /home/airflow/.local/lib/python3.12/site-packages/airflow/example_dags/tutorial_dag.py for tasks to queue
[2025-04-19T10:28:41.702+0000] {logging_mixin.py:190} INFO - [2025-04-19T10:28:41.702+0000] {dagbag.py:588} INFO - Filling up the DagBag from /home/airflow/.local/lib/python3.12/site-packages/airflow/example_dags/tutorial_dag.py
[2025-04-19T10:28:41.717+0000] {processor.py:925} INFO - DAG(s) 'tutorial_dag' retrieved from /home/airflow/.local/lib/python3.12/site-packages/airflow/example_dags/tutorial_dag.py
[2025-04-19T10:28:41.755+0000] {logging_mixin.py:190} INFO - [2025-04-19T10:28:41.754+0000] {dag.py:3239} INFO - Sync 1 DAGs
[2025-04-19T10:28:41.787+0000] {logging_mixin.py:190} INFO - [2025-04-19T10:28:41.786+0000] {dag.py:4180} INFO - Setting next_dagrun for tutorial_dag to None, run_after=None
[2025-04-19T10:28:41.824+0000] {processor.py:208} INFO - Processing /home/airflow/.local/lib/python3.12/site-packages/airflow/example_dags/tutorial_dag.py took 0.138 seconds
[2025-04-19T10:29:12.958+0000] {processor.py:186} INFO - Started process (PID=1334) to work on /home/airflow/.local/lib/python3.12/site-packages/airflow/example_dags/tutorial_dag.py
[2025-04-19T10:29:12.960+0000] {processor.py:914} INFO - Processing file /home/airflow/.local/lib/python3.12/site-packages/airflow/example_dags/tutorial_dag.py for tasks to queue
[2025-04-19T10:29:12.967+0000] {logging_mixin.py:190} INFO - [2025-04-19T10:29:12.966+0000] {dagbag.py:588} INFO - Filling up the DagBag from /home/airflow/.local/lib/python3.12/site-packages/airflow/example_dags/tutorial_dag.py
[2025-04-19T10:29:12.980+0000] {processor.py:925} INFO - DAG(s) 'tutorial_dag' retrieved from /home/airflow/.local/lib/python3.12/site-packages/airflow/example_dags/tutorial_dag.py
[2025-04-19T10:29:13.017+0000] {logging_mixin.py:190} INFO - [2025-04-19T10:29:13.016+0000] {dag.py:3239} INFO - Sync 1 DAGs
[2025-04-19T10:29:13.076+0000] {logging_mixin.py:190} INFO - [2025-04-19T10:29:13.075+0000] {dag.py:4180} INFO - Setting next_dagrun for tutorial_dag to None, run_after=None
[2025-04-19T10:29:13.139+0000] {processor.py:208} INFO - Processing /home/airflow/.local/lib/python3.12/site-packages/airflow/example_dags/tutorial_dag.py took 0.192 seconds
[2025-04-19T10:31:47.256+0000] {processor.py:186} INFO - Started process (PID=120) to work on /home/airflow/.local/lib/python3.12/site-packages/airflow/example_dags/tutorial_dag.py
[2025-04-19T10:31:47.258+0000] {processor.py:914} INFO - Processing file /home/airflow/.local/lib/python3.12/site-packages/airflow/example_dags/tutorial_dag.py for tasks to queue
[2025-04-19T10:31:47.261+0000] {logging_mixin.py:190} INFO - [2025-04-19T10:31:47.261+0000] {dagbag.py:588} INFO - Filling up the DagBag from /home/airflow/.local/lib/python3.12/site-packages/airflow/example_dags/tutorial_dag.py
[2025-04-19T10:31:47.276+0000] {processor.py:925} INFO - DAG(s) 'tutorial_dag' retrieved from /home/airflow/.local/lib/python3.12/site-packages/airflow/example_dags/tutorial_dag.py
[2025-04-19T10:31:47.308+0000] {logging_mixin.py:190} INFO - [2025-04-19T10:31:47.308+0000] {dag.py:3239} INFO - Sync 1 DAGs
[2025-04-19T10:31:47.334+0000] {logging_mixin.py:190} INFO - [2025-04-19T10:31:47.333+0000] {dag.py:4180} INFO - Setting next_dagrun for tutorial_dag to None, run_after=None
[2025-04-19T10:31:47.374+0000] {processor.py:208} INFO - Processing /home/airflow/.local/lib/python3.12/site-packages/airflow/example_dags/tutorial_dag.py took 0.127 seconds
[2025-04-19T10:32:19.545+0000] {processor.py:186} INFO - Started process (PID=183) to work on /home/airflow/.local/lib/python3.12/site-packages/airflow/example_dags/tutorial_dag.py
[2025-04-19T10:32:19.547+0000] {processor.py:914} INFO - Processing file /home/airflow/.local/lib/python3.12/site-packages/airflow/example_dags/tutorial_dag.py for tasks to queue
[2025-04-19T10:32:19.556+0000] {logging_mixin.py:190} INFO - [2025-04-19T10:32:19.555+0000] {dagbag.py:588} INFO - Filling up the DagBag from /home/airflow/.local/lib/python3.12/site-packages/airflow/example_dags/tutorial_dag.py
[2025-04-19T10:32:19.587+0000] {processor.py:925} INFO - DAG(s) 'tutorial_dag' retrieved from /home/airflow/.local/lib/python3.12/site-packages/airflow/example_dags/tutorial_dag.py
[2025-04-19T10:32:19.660+0000] {logging_mixin.py:190} INFO - [2025-04-19T10:32:19.659+0000] {dag.py:3239} INFO - Sync 1 DAGs
[2025-04-19T10:32:19.710+0000] {logging_mixin.py:190} INFO - [2025-04-19T10:32:19.709+0000] {dag.py:4180} INFO - Setting next_dagrun for tutorial_dag to None, run_after=None
[2025-04-19T10:32:19.786+0000] {processor.py:208} INFO - Processing /home/airflow/.local/lib/python3.12/site-packages/airflow/example_dags/tutorial_dag.py took 0.261 seconds
[2025-04-19T10:32:51.774+0000] {processor.py:186} INFO - Started process (PID=247) to work on /home/airflow/.local/lib/python3.12/site-packages/airflow/example_dags/tutorial_dag.py
[2025-04-19T10:32:51.776+0000] {processor.py:914} INFO - Processing file /home/airflow/.local/lib/python3.12/site-packages/airflow/example_dags/tutorial_dag.py for tasks to queue
[2025-04-19T10:32:51.781+0000] {logging_mixin.py:190} INFO - [2025-04-19T10:32:51.781+0000] {dagbag.py:588} INFO - Filling up the DagBag from /home/airflow/.local/lib/python3.12/site-packages/airflow/example_dags/tutorial_dag.py
[2025-04-19T10:32:51.798+0000] {processor.py:925} INFO - DAG(s) 'tutorial_dag' retrieved from /home/airflow/.local/lib/python3.12/site-packages/airflow/example_dags/tutorial_dag.py
[2025-04-19T10:32:51.855+0000] {logging_mixin.py:190} INFO - [2025-04-19T10:32:51.855+0000] {dag.py:3239} INFO - Sync 1 DAGs
[2025-04-19T10:32:51.901+0000] {logging_mixin.py:190} INFO - [2025-04-19T10:32:51.900+0000] {dag.py:4180} INFO - Setting next_dagrun for tutorial_dag to None, run_after=None
[2025-04-19T10:32:51.972+0000] {processor.py:208} INFO - Processing /home/airflow/.local/lib/python3.12/site-packages/airflow/example_dags/tutorial_dag.py took 0.211 seconds
[2025-04-19T10:33:23.253+0000] {processor.py:186} INFO - Started process (PID=310) to work on /home/airflow/.local/lib/python3.12/site-packages/airflow/example_dags/tutorial_dag.py
[2025-04-19T10:33:23.256+0000] {processor.py:914} INFO - Processing file /home/airflow/.local/lib/python3.12/site-packages/airflow/example_dags/tutorial_dag.py for tasks to queue
[2025-04-19T10:33:23.263+0000] {logging_mixin.py:190} INFO - [2025-04-19T10:33:23.262+0000] {dagbag.py:588} INFO - Filling up the DagBag from /home/airflow/.local/lib/python3.12/site-packages/airflow/example_dags/tutorial_dag.py
[2025-04-19T10:33:23.281+0000] {processor.py:925} INFO - DAG(s) 'tutorial_dag' retrieved from /home/airflow/.local/lib/python3.12/site-packages/airflow/example_dags/tutorial_dag.py
[2025-04-19T10:33:23.335+0000] {logging_mixin.py:190} INFO - [2025-04-19T10:33:23.335+0000] {dag.py:3239} INFO - Sync 1 DAGs
[2025-04-19T10:33:23.360+0000] {logging_mixin.py:190} INFO - [2025-04-19T10:33:23.360+0000] {dag.py:4180} INFO - Setting next_dagrun for tutorial_dag to None, run_after=None
[2025-04-19T10:33:23.415+0000] {processor.py:208} INFO - Processing /home/airflow/.local/lib/python3.12/site-packages/airflow/example_dags/tutorial_dag.py took 0.175 seconds
[2025-04-19T10:33:56.666+0000] {processor.py:186} INFO - Started process (PID=379) to work on /home/airflow/.local/lib/python3.12/site-packages/airflow/example_dags/tutorial_dag.py
[2025-04-19T10:33:56.669+0000] {processor.py:914} INFO - Processing file /home/airflow/.local/lib/python3.12/site-packages/airflow/example_dags/tutorial_dag.py for tasks to queue
[2025-04-19T10:33:56.678+0000] {logging_mixin.py:190} INFO - [2025-04-19T10:33:56.677+0000] {dagbag.py:588} INFO - Filling up the DagBag from /home/airflow/.local/lib/python3.12/site-packages/airflow/example_dags/tutorial_dag.py
[2025-04-19T10:33:56.701+0000] {processor.py:925} INFO - DAG(s) 'tutorial_dag' retrieved from /home/airflow/.local/lib/python3.12/site-packages/airflow/example_dags/tutorial_dag.py
[2025-04-19T10:33:56.740+0000] {logging_mixin.py:190} INFO - [2025-04-19T10:33:56.740+0000] {dag.py:3239} INFO - Sync 1 DAGs
[2025-04-19T10:33:56.764+0000] {logging_mixin.py:190} INFO - [2025-04-19T10:33:56.764+0000] {dag.py:4180} INFO - Setting next_dagrun for tutorial_dag to None, run_after=None
[2025-04-19T10:33:56.801+0000] {processor.py:208} INFO - Processing /home/airflow/.local/lib/python3.12/site-packages/airflow/example_dags/tutorial_dag.py took 0.149 seconds
