[2025-04-21T00:00:16.597+0000] {processor.py:161} INFO - Started process (PID=78) to work on /opt/airflow/dags/edu_pipeline_etl.py
[2025-04-21T00:00:16.601+0000] {processor.py:830} INFO - Processing file /opt/airflow/dags/edu_pipeline_etl.py for tasks to queue
[2025-04-21T00:00:16.607+0000] {logging_mixin.py:188} INFO - [2025-04-21T00:00:16.606+0000] {dagbag.py:538} INFO - Filling up the DagBag from /opt/airflow/dags/edu_pipeline_etl.py
[2025-04-21T00:00:17.557+0000] {processor.py:840} INFO - DAG(s) 'ingest_bronze_csv_to_snowflake' retrieved from /opt/airflow/dags/edu_pipeline_etl.py
[2025-04-21T00:00:17.656+0000] {logging_mixin.py:188} INFO - [2025-04-21T00:00:17.656+0000] {dag.py:3036} INFO - Sync 1 DAGs
[2025-04-21T00:00:17.665+0000] {logging_mixin.py:188} INFO - [2025-04-21T00:00:17.665+0000] {dag.py:3823} INFO - Setting next_dagrun for ingest_bronze_csv_to_snowflake to None, run_after=None
[2025-04-21T00:00:17.698+0000] {processor.py:183} INFO - Processing /opt/airflow/dags/edu_pipeline_etl.py took 1.108 seconds
[2025-04-21T00:00:39.114+0000] {processor.py:161} INFO - Started process (PID=81) to work on /opt/airflow/dags/edu_pipeline_etl.py
[2025-04-21T00:00:39.117+0000] {processor.py:830} INFO - Processing file /opt/airflow/dags/edu_pipeline_etl.py for tasks to queue
[2025-04-21T00:00:39.121+0000] {logging_mixin.py:188} INFO - [2025-04-21T00:00:39.121+0000] {dagbag.py:538} INFO - Filling up the DagBag from /opt/airflow/dags/edu_pipeline_etl.py
[2025-04-21T00:00:40.170+0000] {processor.py:840} INFO - DAG(s) 'edu_pipeline_etl' retrieved from /opt/airflow/dags/edu_pipeline_etl.py
[2025-04-21T00:00:40.323+0000] {logging_mixin.py:188} INFO - [2025-04-21T00:00:40.322+0000] {override.py:1769} INFO - Created Permission View: can edit on DAG:edu_pipeline_etl
[2025-04-21T00:00:40.339+0000] {logging_mixin.py:188} INFO - [2025-04-21T00:00:40.338+0000] {override.py:1769} INFO - Created Permission View: can delete on DAG:edu_pipeline_etl
[2025-04-21T00:00:40.355+0000] {logging_mixin.py:188} INFO - [2025-04-21T00:00:40.354+0000] {override.py:1769} INFO - Created Permission View: can read on DAG:edu_pipeline_etl
[2025-04-21T00:00:40.356+0000] {logging_mixin.py:188} INFO - [2025-04-21T00:00:40.356+0000] {dag.py:3036} INFO - Sync 1 DAGs
[2025-04-21T00:00:40.369+0000] {logging_mixin.py:188} INFO - [2025-04-21T00:00:40.368+0000] {dag.py:3058} INFO - Creating ORM DAG for edu_pipeline_etl
[2025-04-21T00:00:40.370+0000] {logging_mixin.py:188} INFO - [2025-04-21T00:00:40.370+0000] {dag.py:3823} INFO - Setting next_dagrun for edu_pipeline_etl to None, run_after=None
[2025-04-21T00:00:40.396+0000] {processor.py:183} INFO - Processing /opt/airflow/dags/edu_pipeline_etl.py took 1.290 seconds
[2025-04-21T00:01:10.620+0000] {processor.py:161} INFO - Started process (PID=90) to work on /opt/airflow/dags/edu_pipeline_etl.py
[2025-04-21T00:01:10.636+0000] {processor.py:830} INFO - Processing file /opt/airflow/dags/edu_pipeline_etl.py for tasks to queue
[2025-04-21T00:01:10.659+0000] {logging_mixin.py:188} INFO - [2025-04-21T00:01:10.658+0000] {dagbag.py:538} INFO - Filling up the DagBag from /opt/airflow/dags/edu_pipeline_etl.py
[2025-04-21T00:01:11.618+0000] {processor.py:840} INFO - DAG(s) 'edu_pipeline_etl' retrieved from /opt/airflow/dags/edu_pipeline_etl.py
[2025-04-21T00:01:11.642+0000] {logging_mixin.py:188} INFO - [2025-04-21T00:01:11.642+0000] {dag.py:3036} INFO - Sync 1 DAGs
[2025-04-21T00:01:11.661+0000] {logging_mixin.py:188} INFO - [2025-04-21T00:01:11.661+0000] {dag.py:3823} INFO - Setting next_dagrun for edu_pipeline_etl to None, run_after=None
[2025-04-21T00:01:11.710+0000] {processor.py:183} INFO - Processing /opt/airflow/dags/edu_pipeline_etl.py took 1.111 seconds
[2025-04-21T00:01:42.139+0000] {processor.py:161} INFO - Started process (PID=99) to work on /opt/airflow/dags/edu_pipeline_etl.py
[2025-04-21T00:01:42.143+0000] {processor.py:830} INFO - Processing file /opt/airflow/dags/edu_pipeline_etl.py for tasks to queue
[2025-04-21T00:01:42.154+0000] {logging_mixin.py:188} INFO - [2025-04-21T00:01:42.152+0000] {dagbag.py:538} INFO - Filling up the DagBag from /opt/airflow/dags/edu_pipeline_etl.py
[2025-04-21T00:01:43.113+0000] {processor.py:840} INFO - DAG(s) 'edu_pipeline_etl' retrieved from /opt/airflow/dags/edu_pipeline_etl.py
[2025-04-21T00:01:43.142+0000] {logging_mixin.py:188} INFO - [2025-04-21T00:01:43.142+0000] {dag.py:3036} INFO - Sync 1 DAGs
[2025-04-21T00:01:43.157+0000] {logging_mixin.py:188} INFO - [2025-04-21T00:01:43.157+0000] {dag.py:3823} INFO - Setting next_dagrun for edu_pipeline_etl to None, run_after=None
[2025-04-21T00:01:43.195+0000] {processor.py:183} INFO - Processing /opt/airflow/dags/edu_pipeline_etl.py took 1.060 seconds
[2025-04-21T00:02:13.766+0000] {processor.py:161} INFO - Started process (PID=126) to work on /opt/airflow/dags/edu_pipeline_etl.py
[2025-04-21T00:02:13.769+0000] {processor.py:830} INFO - Processing file /opt/airflow/dags/edu_pipeline_etl.py for tasks to queue
[2025-04-21T00:02:13.773+0000] {logging_mixin.py:188} INFO - [2025-04-21T00:02:13.771+0000] {dagbag.py:538} INFO - Filling up the DagBag from /opt/airflow/dags/edu_pipeline_etl.py
[2025-04-21T00:02:14.836+0000] {processor.py:840} INFO - DAG(s) 'edu_pipeline_etl' retrieved from /opt/airflow/dags/edu_pipeline_etl.py
[2025-04-21T00:02:14.881+0000] {logging_mixin.py:188} INFO - [2025-04-21T00:02:14.880+0000] {dag.py:3036} INFO - Sync 1 DAGs
[2025-04-21T00:02:14.904+0000] {logging_mixin.py:188} INFO - [2025-04-21T00:02:14.903+0000] {dag.py:3823} INFO - Setting next_dagrun for edu_pipeline_etl to None, run_after=None
[2025-04-21T00:02:14.957+0000] {processor.py:183} INFO - Processing /opt/airflow/dags/edu_pipeline_etl.py took 1.204 seconds
[2025-04-21T00:02:45.219+0000] {processor.py:161} INFO - Started process (PID=135) to work on /opt/airflow/dags/edu_pipeline_etl.py
[2025-04-21T00:02:45.221+0000] {processor.py:830} INFO - Processing file /opt/airflow/dags/edu_pipeline_etl.py for tasks to queue
[2025-04-21T00:02:45.221+0000] {logging_mixin.py:188} INFO - [2025-04-21T00:02:45.221+0000] {dagbag.py:538} INFO - Filling up the DagBag from /opt/airflow/dags/edu_pipeline_etl.py
[2025-04-21T00:02:46.221+0000] {processor.py:840} INFO - DAG(s) 'edu_pipeline_etl' retrieved from /opt/airflow/dags/edu_pipeline_etl.py
[2025-04-21T00:02:46.265+0000] {logging_mixin.py:188} INFO - [2025-04-21T00:02:46.264+0000] {dag.py:3036} INFO - Sync 1 DAGs
[2025-04-21T00:02:46.290+0000] {logging_mixin.py:188} INFO - [2025-04-21T00:02:46.289+0000] {dag.py:3823} INFO - Setting next_dagrun for edu_pipeline_etl to None, run_after=None
[2025-04-21T00:02:46.335+0000] {processor.py:183} INFO - Processing /opt/airflow/dags/edu_pipeline_etl.py took 1.120 seconds
[2025-04-21T00:03:16.718+0000] {processor.py:161} INFO - Started process (PID=144) to work on /opt/airflow/dags/edu_pipeline_etl.py
[2025-04-21T00:03:16.720+0000] {processor.py:830} INFO - Processing file /opt/airflow/dags/edu_pipeline_etl.py for tasks to queue
[2025-04-21T00:03:16.727+0000] {logging_mixin.py:188} INFO - [2025-04-21T00:03:16.725+0000] {dagbag.py:538} INFO - Filling up the DagBag from /opt/airflow/dags/edu_pipeline_etl.py
[2025-04-21T00:03:18.115+0000] {processor.py:840} INFO - DAG(s) 'edu_pipeline_etl' retrieved from /opt/airflow/dags/edu_pipeline_etl.py
[2025-04-21T00:03:18.167+0000] {logging_mixin.py:188} INFO - [2025-04-21T00:03:18.166+0000] {dag.py:3036} INFO - Sync 1 DAGs
[2025-04-21T00:03:18.221+0000] {logging_mixin.py:188} INFO - [2025-04-21T00:03:18.221+0000] {dag.py:3823} INFO - Setting next_dagrun for edu_pipeline_etl to None, run_after=None
[2025-04-21T00:03:18.284+0000] {processor.py:183} INFO - Processing /opt/airflow/dags/edu_pipeline_etl.py took 1.573 seconds
[2025-04-21T00:03:48.832+0000] {processor.py:161} INFO - Started process (PID=153) to work on /opt/airflow/dags/edu_pipeline_etl.py
[2025-04-21T00:03:48.835+0000] {processor.py:830} INFO - Processing file /opt/airflow/dags/edu_pipeline_etl.py for tasks to queue
[2025-04-21T00:03:48.839+0000] {logging_mixin.py:188} INFO - [2025-04-21T00:03:48.838+0000] {dagbag.py:538} INFO - Filling up the DagBag from /opt/airflow/dags/edu_pipeline_etl.py
[2025-04-21T00:03:49.826+0000] {processor.py:840} INFO - DAG(s) 'edu_pipeline_etl' retrieved from /opt/airflow/dags/edu_pipeline_etl.py
[2025-04-21T00:03:49.850+0000] {logging_mixin.py:188} INFO - [2025-04-21T00:03:49.850+0000] {dag.py:3036} INFO - Sync 1 DAGs
[2025-04-21T00:03:49.861+0000] {logging_mixin.py:188} INFO - [2025-04-21T00:03:49.861+0000] {dag.py:3823} INFO - Setting next_dagrun for edu_pipeline_etl to None, run_after=None
[2025-04-21T00:03:49.892+0000] {processor.py:183} INFO - Processing /opt/airflow/dags/edu_pipeline_etl.py took 1.068 seconds
[2025-04-21T00:04:20.360+0000] {processor.py:161} INFO - Started process (PID=162) to work on /opt/airflow/dags/edu_pipeline_etl.py
[2025-04-21T00:04:20.362+0000] {processor.py:830} INFO - Processing file /opt/airflow/dags/edu_pipeline_etl.py for tasks to queue
[2025-04-21T00:04:20.365+0000] {logging_mixin.py:188} INFO - [2025-04-21T00:04:20.364+0000] {dagbag.py:538} INFO - Filling up the DagBag from /opt/airflow/dags/edu_pipeline_etl.py
[2025-04-21T00:04:21.302+0000] {processor.py:840} INFO - DAG(s) 'edu_pipeline_etl' retrieved from /opt/airflow/dags/edu_pipeline_etl.py
[2025-04-21T00:04:21.332+0000] {logging_mixin.py:188} INFO - [2025-04-21T00:04:21.332+0000] {dag.py:3036} INFO - Sync 1 DAGs
[2025-04-21T00:04:21.347+0000] {logging_mixin.py:188} INFO - [2025-04-21T00:04:21.346+0000] {dag.py:3823} INFO - Setting next_dagrun for edu_pipeline_etl to None, run_after=None
[2025-04-21T00:04:21.378+0000] {processor.py:183} INFO - Processing /opt/airflow/dags/edu_pipeline_etl.py took 1.021 seconds
[2025-04-21T00:04:51.844+0000] {processor.py:161} INFO - Started process (PID=171) to work on /opt/airflow/dags/edu_pipeline_etl.py
[2025-04-21T00:04:51.846+0000] {processor.py:830} INFO - Processing file /opt/airflow/dags/edu_pipeline_etl.py for tasks to queue
[2025-04-21T00:04:51.849+0000] {logging_mixin.py:188} INFO - [2025-04-21T00:04:51.849+0000] {dagbag.py:538} INFO - Filling up the DagBag from /opt/airflow/dags/edu_pipeline_etl.py
[2025-04-21T00:04:52.843+0000] {processor.py:840} INFO - DAG(s) 'edu_pipeline_etl' retrieved from /opt/airflow/dags/edu_pipeline_etl.py
[2025-04-21T00:04:52.875+0000] {logging_mixin.py:188} INFO - [2025-04-21T00:04:52.874+0000] {dag.py:3036} INFO - Sync 1 DAGs
[2025-04-21T00:04:52.893+0000] {logging_mixin.py:188} INFO - [2025-04-21T00:04:52.893+0000] {dag.py:3823} INFO - Setting next_dagrun for edu_pipeline_etl to None, run_after=None
[2025-04-21T00:04:52.926+0000] {processor.py:183} INFO - Processing /opt/airflow/dags/edu_pipeline_etl.py took 1.087 seconds
[2025-04-21T00:05:23.318+0000] {processor.py:161} INFO - Started process (PID=180) to work on /opt/airflow/dags/edu_pipeline_etl.py
[2025-04-21T00:05:23.321+0000] {processor.py:830} INFO - Processing file /opt/airflow/dags/edu_pipeline_etl.py for tasks to queue
[2025-04-21T00:05:23.323+0000] {logging_mixin.py:188} INFO - [2025-04-21T00:05:23.323+0000] {dagbag.py:538} INFO - Filling up the DagBag from /opt/airflow/dags/edu_pipeline_etl.py
[2025-04-21T00:05:24.503+0000] {processor.py:840} INFO - DAG(s) 'edu_pipeline_etl' retrieved from /opt/airflow/dags/edu_pipeline_etl.py
[2025-04-21T00:05:24.539+0000] {logging_mixin.py:188} INFO - [2025-04-21T00:05:24.539+0000] {dag.py:3036} INFO - Sync 1 DAGs
[2025-04-21T00:05:24.551+0000] {logging_mixin.py:188} INFO - [2025-04-21T00:05:24.551+0000] {dag.py:3823} INFO - Setting next_dagrun for edu_pipeline_etl to None, run_after=None
[2025-04-21T00:05:24.584+0000] {processor.py:183} INFO - Processing /opt/airflow/dags/edu_pipeline_etl.py took 1.272 seconds
[2025-04-21T00:05:54.813+0000] {processor.py:161} INFO - Started process (PID=189) to work on /opt/airflow/dags/edu_pipeline_etl.py
[2025-04-21T00:05:54.815+0000] {processor.py:830} INFO - Processing file /opt/airflow/dags/edu_pipeline_etl.py for tasks to queue
[2025-04-21T00:05:54.817+0000] {logging_mixin.py:188} INFO - [2025-04-21T00:05:54.816+0000] {dagbag.py:538} INFO - Filling up the DagBag from /opt/airflow/dags/edu_pipeline_etl.py
[2025-04-21T00:05:55.635+0000] {processor.py:840} INFO - DAG(s) 'edu_pipeline_etl' retrieved from /opt/airflow/dags/edu_pipeline_etl.py
[2025-04-21T00:05:55.666+0000] {logging_mixin.py:188} INFO - [2025-04-21T00:05:55.666+0000] {dag.py:3036} INFO - Sync 1 DAGs
[2025-04-21T00:05:55.679+0000] {logging_mixin.py:188} INFO - [2025-04-21T00:05:55.678+0000] {dag.py:3823} INFO - Setting next_dagrun for edu_pipeline_etl to None, run_after=None
[2025-04-21T00:05:55.711+0000] {processor.py:183} INFO - Processing /opt/airflow/dags/edu_pipeline_etl.py took 0.902 seconds
[2025-04-21T00:06:26.312+0000] {processor.py:161} INFO - Started process (PID=198) to work on /opt/airflow/dags/edu_pipeline_etl.py
[2025-04-21T00:06:26.315+0000] {processor.py:830} INFO - Processing file /opt/airflow/dags/edu_pipeline_etl.py for tasks to queue
[2025-04-21T00:06:26.318+0000] {logging_mixin.py:188} INFO - [2025-04-21T00:06:26.317+0000] {dagbag.py:538} INFO - Filling up the DagBag from /opt/airflow/dags/edu_pipeline_etl.py
[2025-04-21T00:06:27.052+0000] {processor.py:840} INFO - DAG(s) 'edu_pipeline_etl' retrieved from /opt/airflow/dags/edu_pipeline_etl.py
[2025-04-21T00:06:27.078+0000] {logging_mixin.py:188} INFO - [2025-04-21T00:06:27.078+0000] {dag.py:3036} INFO - Sync 1 DAGs
[2025-04-21T00:06:27.091+0000] {logging_mixin.py:188} INFO - [2025-04-21T00:06:27.091+0000] {dag.py:3823} INFO - Setting next_dagrun for edu_pipeline_etl to None, run_after=None
[2025-04-21T00:06:27.125+0000] {processor.py:183} INFO - Processing /opt/airflow/dags/edu_pipeline_etl.py took 0.822 seconds
[2025-04-21T00:06:57.659+0000] {processor.py:161} INFO - Started process (PID=207) to work on /opt/airflow/dags/edu_pipeline_etl.py
[2025-04-21T00:06:57.661+0000] {processor.py:830} INFO - Processing file /opt/airflow/dags/edu_pipeline_etl.py for tasks to queue
[2025-04-21T00:06:57.662+0000] {logging_mixin.py:188} INFO - [2025-04-21T00:06:57.662+0000] {dagbag.py:538} INFO - Filling up the DagBag from /opt/airflow/dags/edu_pipeline_etl.py
[2025-04-21T00:06:58.424+0000] {processor.py:840} INFO - DAG(s) 'edu_pipeline_etl' retrieved from /opt/airflow/dags/edu_pipeline_etl.py
[2025-04-21T00:06:58.450+0000] {logging_mixin.py:188} INFO - [2025-04-21T00:06:58.450+0000] {dag.py:3036} INFO - Sync 1 DAGs
[2025-04-21T00:06:58.464+0000] {logging_mixin.py:188} INFO - [2025-04-21T00:06:58.463+0000] {dag.py:3823} INFO - Setting next_dagrun for edu_pipeline_etl to None, run_after=None
[2025-04-21T00:06:58.492+0000] {processor.py:183} INFO - Processing /opt/airflow/dags/edu_pipeline_etl.py took 0.836 seconds
[2025-04-21T00:07:28.999+0000] {processor.py:161} INFO - Started process (PID=216) to work on /opt/airflow/dags/edu_pipeline_etl.py
[2025-04-21T00:07:29.003+0000] {processor.py:830} INFO - Processing file /opt/airflow/dags/edu_pipeline_etl.py for tasks to queue
[2025-04-21T00:07:29.005+0000] {logging_mixin.py:188} INFO - [2025-04-21T00:07:29.004+0000] {dagbag.py:538} INFO - Filling up the DagBag from /opt/airflow/dags/edu_pipeline_etl.py
[2025-04-21T00:07:30.089+0000] {processor.py:840} INFO - DAG(s) 'edu_pipeline_etl' retrieved from /opt/airflow/dags/edu_pipeline_etl.py
[2025-04-21T00:07:30.122+0000] {logging_mixin.py:188} INFO - [2025-04-21T00:07:30.122+0000] {dag.py:3036} INFO - Sync 1 DAGs
[2025-04-21T00:07:30.136+0000] {logging_mixin.py:188} INFO - [2025-04-21T00:07:30.136+0000] {dag.py:3823} INFO - Setting next_dagrun for edu_pipeline_etl to None, run_after=None
[2025-04-21T00:07:30.163+0000] {processor.py:183} INFO - Processing /opt/airflow/dags/edu_pipeline_etl.py took 1.172 seconds
[2025-04-21T00:08:00.493+0000] {processor.py:161} INFO - Started process (PID=225) to work on /opt/airflow/dags/edu_pipeline_etl.py
[2025-04-21T00:08:00.496+0000] {processor.py:830} INFO - Processing file /opt/airflow/dags/edu_pipeline_etl.py for tasks to queue
[2025-04-21T00:08:00.499+0000] {logging_mixin.py:188} INFO - [2025-04-21T00:08:00.498+0000] {dagbag.py:538} INFO - Filling up the DagBag from /opt/airflow/dags/edu_pipeline_etl.py
[2025-04-21T00:08:01.335+0000] {processor.py:840} INFO - DAG(s) 'edu_pipeline_etl' retrieved from /opt/airflow/dags/edu_pipeline_etl.py
[2025-04-21T00:08:01.374+0000] {logging_mixin.py:188} INFO - [2025-04-21T00:08:01.374+0000] {dag.py:3036} INFO - Sync 1 DAGs
[2025-04-21T00:08:01.394+0000] {logging_mixin.py:188} INFO - [2025-04-21T00:08:01.393+0000] {dag.py:3823} INFO - Setting next_dagrun for edu_pipeline_etl to None, run_after=None
[2025-04-21T00:08:01.439+0000] {processor.py:183} INFO - Processing /opt/airflow/dags/edu_pipeline_etl.py took 0.953 seconds
[2025-04-21T00:08:31.894+0000] {processor.py:161} INFO - Started process (PID=234) to work on /opt/airflow/dags/edu_pipeline_etl.py
[2025-04-21T00:08:31.896+0000] {processor.py:830} INFO - Processing file /opt/airflow/dags/edu_pipeline_etl.py for tasks to queue
[2025-04-21T00:08:31.898+0000] {logging_mixin.py:188} INFO - [2025-04-21T00:08:31.897+0000] {dagbag.py:538} INFO - Filling up the DagBag from /opt/airflow/dags/edu_pipeline_etl.py
[2025-04-21T00:08:32.735+0000] {processor.py:840} INFO - DAG(s) 'edu_pipeline_etl' retrieved from /opt/airflow/dags/edu_pipeline_etl.py
[2025-04-21T00:08:32.768+0000] {logging_mixin.py:188} INFO - [2025-04-21T00:08:32.767+0000] {dag.py:3036} INFO - Sync 1 DAGs
[2025-04-21T00:08:32.788+0000] {logging_mixin.py:188} INFO - [2025-04-21T00:08:32.788+0000] {dag.py:3823} INFO - Setting next_dagrun for edu_pipeline_etl to None, run_after=None
[2025-04-21T00:08:32.836+0000] {processor.py:183} INFO - Processing /opt/airflow/dags/edu_pipeline_etl.py took 0.947 seconds
[2025-04-21T00:09:03.296+0000] {processor.py:161} INFO - Started process (PID=243) to work on /opt/airflow/dags/edu_pipeline_etl.py
[2025-04-21T00:09:03.297+0000] {processor.py:830} INFO - Processing file /opt/airflow/dags/edu_pipeline_etl.py for tasks to queue
[2025-04-21T00:09:03.299+0000] {logging_mixin.py:188} INFO - [2025-04-21T00:09:03.298+0000] {dagbag.py:538} INFO - Filling up the DagBag from /opt/airflow/dags/edu_pipeline_etl.py
[2025-04-21T00:09:04.238+0000] {processor.py:840} INFO - DAG(s) 'edu_pipeline_etl' retrieved from /opt/airflow/dags/edu_pipeline_etl.py
[2025-04-21T00:09:04.281+0000] {logging_mixin.py:188} INFO - [2025-04-21T00:09:04.280+0000] {dag.py:3036} INFO - Sync 1 DAGs
[2025-04-21T00:09:04.310+0000] {logging_mixin.py:188} INFO - [2025-04-21T00:09:04.309+0000] {dag.py:3823} INFO - Setting next_dagrun for edu_pipeline_etl to None, run_after=None
[2025-04-21T00:09:04.339+0000] {processor.py:183} INFO - Processing /opt/airflow/dags/edu_pipeline_etl.py took 1.048 seconds
[2025-04-21T00:09:34.882+0000] {processor.py:161} INFO - Started process (PID=252) to work on /opt/airflow/dags/edu_pipeline_etl.py
[2025-04-21T00:09:34.884+0000] {processor.py:830} INFO - Processing file /opt/airflow/dags/edu_pipeline_etl.py for tasks to queue
[2025-04-21T00:09:34.886+0000] {logging_mixin.py:188} INFO - [2025-04-21T00:09:34.886+0000] {dagbag.py:538} INFO - Filling up the DagBag from /opt/airflow/dags/edu_pipeline_etl.py
[2025-04-21T00:09:35.650+0000] {processor.py:840} INFO - DAG(s) 'edu_pipeline_etl' retrieved from /opt/airflow/dags/edu_pipeline_etl.py
[2025-04-21T00:09:35.674+0000] {logging_mixin.py:188} INFO - [2025-04-21T00:09:35.674+0000] {dag.py:3036} INFO - Sync 1 DAGs
[2025-04-21T00:09:35.685+0000] {logging_mixin.py:188} INFO - [2025-04-21T00:09:35.684+0000] {dag.py:3823} INFO - Setting next_dagrun for edu_pipeline_etl to None, run_after=None
[2025-04-21T00:09:35.713+0000] {processor.py:183} INFO - Processing /opt/airflow/dags/edu_pipeline_etl.py took 0.834 seconds
[2025-04-21T00:10:06.298+0000] {processor.py:161} INFO - Started process (PID=261) to work on /opt/airflow/dags/edu_pipeline_etl.py
[2025-04-21T00:10:06.301+0000] {processor.py:830} INFO - Processing file /opt/airflow/dags/edu_pipeline_etl.py for tasks to queue
[2025-04-21T00:10:06.305+0000] {logging_mixin.py:188} INFO - [2025-04-21T00:10:06.304+0000] {dagbag.py:538} INFO - Filling up the DagBag from /opt/airflow/dags/edu_pipeline_etl.py
[2025-04-21T00:10:07.412+0000] {processor.py:840} INFO - DAG(s) 'edu_pipeline_etl' retrieved from /opt/airflow/dags/edu_pipeline_etl.py
[2025-04-21T00:10:07.451+0000] {logging_mixin.py:188} INFO - [2025-04-21T00:10:07.451+0000] {dag.py:3036} INFO - Sync 1 DAGs
[2025-04-21T00:10:07.471+0000] {logging_mixin.py:188} INFO - [2025-04-21T00:10:07.470+0000] {dag.py:3823} INFO - Setting next_dagrun for edu_pipeline_etl to None, run_after=None
[2025-04-21T00:10:07.511+0000] {processor.py:183} INFO - Processing /opt/airflow/dags/edu_pipeline_etl.py took 1.220 seconds
[2025-04-21T00:10:37.846+0000] {processor.py:161} INFO - Started process (PID=270) to work on /opt/airflow/dags/edu_pipeline_etl.py
[2025-04-21T00:10:37.851+0000] {processor.py:830} INFO - Processing file /opt/airflow/dags/edu_pipeline_etl.py for tasks to queue
[2025-04-21T00:10:37.857+0000] {logging_mixin.py:188} INFO - [2025-04-21T00:10:37.855+0000] {dagbag.py:538} INFO - Filling up the DagBag from /opt/airflow/dags/edu_pipeline_etl.py
[2025-04-21T00:10:38.998+0000] {processor.py:840} INFO - DAG(s) 'edu_pipeline_etl' retrieved from /opt/airflow/dags/edu_pipeline_etl.py
[2025-04-21T00:10:39.045+0000] {logging_mixin.py:188} INFO - [2025-04-21T00:10:39.045+0000] {dag.py:3036} INFO - Sync 1 DAGs
[2025-04-21T00:10:39.065+0000] {logging_mixin.py:188} INFO - [2025-04-21T00:10:39.064+0000] {dag.py:3823} INFO - Setting next_dagrun for edu_pipeline_etl to None, run_after=None
[2025-04-21T00:10:39.110+0000] {processor.py:183} INFO - Processing /opt/airflow/dags/edu_pipeline_etl.py took 1.275 seconds
[2025-04-21T00:11:09.558+0000] {processor.py:161} INFO - Started process (PID=279) to work on /opt/airflow/dags/edu_pipeline_etl.py
[2025-04-21T00:11:09.561+0000] {processor.py:830} INFO - Processing file /opt/airflow/dags/edu_pipeline_etl.py for tasks to queue
[2025-04-21T00:11:09.566+0000] {logging_mixin.py:188} INFO - [2025-04-21T00:11:09.565+0000] {dagbag.py:538} INFO - Filling up the DagBag from /opt/airflow/dags/edu_pipeline_etl.py
[2025-04-21T00:11:10.651+0000] {processor.py:840} INFO - DAG(s) 'edu_pipeline_etl' retrieved from /opt/airflow/dags/edu_pipeline_etl.py
[2025-04-21T00:11:10.697+0000] {logging_mixin.py:188} INFO - [2025-04-21T00:11:10.694+0000] {dag.py:3036} INFO - Sync 1 DAGs
[2025-04-21T00:11:10.724+0000] {logging_mixin.py:188} INFO - [2025-04-21T00:11:10.724+0000] {dag.py:3823} INFO - Setting next_dagrun for edu_pipeline_etl to None, run_after=None
[2025-04-21T00:11:10.775+0000] {processor.py:183} INFO - Processing /opt/airflow/dags/edu_pipeline_etl.py took 1.224 seconds
[2025-04-21T00:11:41.056+0000] {processor.py:161} INFO - Started process (PID=288) to work on /opt/airflow/dags/edu_pipeline_etl.py
[2025-04-21T00:11:41.060+0000] {processor.py:830} INFO - Processing file /opt/airflow/dags/edu_pipeline_etl.py for tasks to queue
[2025-04-21T00:11:41.063+0000] {logging_mixin.py:188} INFO - [2025-04-21T00:11:41.062+0000] {dagbag.py:538} INFO - Filling up the DagBag from /opt/airflow/dags/edu_pipeline_etl.py
[2025-04-21T00:11:42.116+0000] {processor.py:840} INFO - DAG(s) 'edu_pipeline_etl' retrieved from /opt/airflow/dags/edu_pipeline_etl.py
[2025-04-21T00:11:42.157+0000] {logging_mixin.py:188} INFO - [2025-04-21T00:11:42.156+0000] {dag.py:3036} INFO - Sync 1 DAGs
[2025-04-21T00:11:42.173+0000] {logging_mixin.py:188} INFO - [2025-04-21T00:11:42.172+0000] {dag.py:3823} INFO - Setting next_dagrun for edu_pipeline_etl to None, run_after=None
[2025-04-21T00:11:42.204+0000] {processor.py:183} INFO - Processing /opt/airflow/dags/edu_pipeline_etl.py took 1.153 seconds
[2025-04-21T00:12:12.504+0000] {processor.py:161} INFO - Started process (PID=297) to work on /opt/airflow/dags/edu_pipeline_etl.py
[2025-04-21T00:12:12.506+0000] {processor.py:830} INFO - Processing file /opt/airflow/dags/edu_pipeline_etl.py for tasks to queue
[2025-04-21T00:12:12.508+0000] {logging_mixin.py:188} INFO - [2025-04-21T00:12:12.507+0000] {dagbag.py:538} INFO - Filling up the DagBag from /opt/airflow/dags/edu_pipeline_etl.py
[2025-04-21T00:12:13.679+0000] {processor.py:840} INFO - DAG(s) 'edu_pipeline_etl' retrieved from /opt/airflow/dags/edu_pipeline_etl.py
[2025-04-21T00:12:13.729+0000] {logging_mixin.py:188} INFO - [2025-04-21T00:12:13.728+0000] {dag.py:3036} INFO - Sync 1 DAGs
[2025-04-21T00:12:13.753+0000] {logging_mixin.py:188} INFO - [2025-04-21T00:12:13.753+0000] {dag.py:3823} INFO - Setting next_dagrun for edu_pipeline_etl to None, run_after=None
[2025-04-21T00:12:13.807+0000] {processor.py:183} INFO - Processing /opt/airflow/dags/edu_pipeline_etl.py took 1.308 seconds
[2025-04-21T00:12:44.181+0000] {processor.py:161} INFO - Started process (PID=306) to work on /opt/airflow/dags/edu_pipeline_etl.py
[2025-04-21T00:12:44.184+0000] {processor.py:830} INFO - Processing file /opt/airflow/dags/edu_pipeline_etl.py for tasks to queue
[2025-04-21T00:12:44.186+0000] {logging_mixin.py:188} INFO - [2025-04-21T00:12:44.185+0000] {dagbag.py:538} INFO - Filling up the DagBag from /opt/airflow/dags/edu_pipeline_etl.py
[2025-04-21T00:12:45.182+0000] {processor.py:840} INFO - DAG(s) 'edu_pipeline_etl' retrieved from /opt/airflow/dags/edu_pipeline_etl.py
[2025-04-21T00:12:45.244+0000] {logging_mixin.py:188} INFO - [2025-04-21T00:12:45.242+0000] {dag.py:3036} INFO - Sync 1 DAGs
[2025-04-21T00:12:45.293+0000] {logging_mixin.py:188} INFO - [2025-04-21T00:12:45.292+0000] {dag.py:3823} INFO - Setting next_dagrun for edu_pipeline_etl to None, run_after=None
[2025-04-21T00:12:45.365+0000] {processor.py:183} INFO - Processing /opt/airflow/dags/edu_pipeline_etl.py took 1.188 seconds
[2025-04-21T00:13:15.769+0000] {processor.py:161} INFO - Started process (PID=315) to work on /opt/airflow/dags/edu_pipeline_etl.py
[2025-04-21T00:13:15.772+0000] {processor.py:830} INFO - Processing file /opt/airflow/dags/edu_pipeline_etl.py for tasks to queue
[2025-04-21T00:13:15.775+0000] {logging_mixin.py:188} INFO - [2025-04-21T00:13:15.774+0000] {dagbag.py:538} INFO - Filling up the DagBag from /opt/airflow/dags/edu_pipeline_etl.py
[2025-04-21T00:13:16.701+0000] {processor.py:840} INFO - DAG(s) 'edu_pipeline_etl' retrieved from /opt/airflow/dags/edu_pipeline_etl.py
[2025-04-21T00:13:16.736+0000] {logging_mixin.py:188} INFO - [2025-04-21T00:13:16.736+0000] {dag.py:3036} INFO - Sync 1 DAGs
[2025-04-21T00:13:16.749+0000] {logging_mixin.py:188} INFO - [2025-04-21T00:13:16.749+0000] {dag.py:3823} INFO - Setting next_dagrun for edu_pipeline_etl to None, run_after=None
[2025-04-21T00:13:16.779+0000] {processor.py:183} INFO - Processing /opt/airflow/dags/edu_pipeline_etl.py took 1.018 seconds
[2025-04-21T00:13:47.205+0000] {processor.py:161} INFO - Started process (PID=330) to work on /opt/airflow/dags/edu_pipeline_etl.py
[2025-04-21T00:13:47.206+0000] {processor.py:830} INFO - Processing file /opt/airflow/dags/edu_pipeline_etl.py for tasks to queue
[2025-04-21T00:13:47.208+0000] {logging_mixin.py:188} INFO - [2025-04-21T00:13:47.207+0000] {dagbag.py:538} INFO - Filling up the DagBag from /opt/airflow/dags/edu_pipeline_etl.py
[2025-04-21T00:13:48.177+0000] {processor.py:840} INFO - DAG(s) 'edu_pipeline_etl' retrieved from /opt/airflow/dags/edu_pipeline_etl.py
[2025-04-21T00:13:48.205+0000] {logging_mixin.py:188} INFO - [2025-04-21T00:13:48.204+0000] {dag.py:3036} INFO - Sync 1 DAGs
[2025-04-21T00:13:48.218+0000] {logging_mixin.py:188} INFO - [2025-04-21T00:13:48.218+0000] {dag.py:3823} INFO - Setting next_dagrun for edu_pipeline_etl to None, run_after=None
[2025-04-21T00:13:48.271+0000] {processor.py:183} INFO - Processing /opt/airflow/dags/edu_pipeline_etl.py took 1.069 seconds
[2025-04-21T00:14:18.825+0000] {processor.py:161} INFO - Started process (PID=339) to work on /opt/airflow/dags/edu_pipeline_etl.py
[2025-04-21T00:14:18.829+0000] {processor.py:830} INFO - Processing file /opt/airflow/dags/edu_pipeline_etl.py for tasks to queue
[2025-04-21T00:14:18.834+0000] {logging_mixin.py:188} INFO - [2025-04-21T00:14:18.833+0000] {dagbag.py:538} INFO - Filling up the DagBag from /opt/airflow/dags/edu_pipeline_etl.py
[2025-04-21T00:14:19.861+0000] {processor.py:840} INFO - DAG(s) 'edu_pipeline_etl' retrieved from /opt/airflow/dags/edu_pipeline_etl.py
[2025-04-21T00:14:19.901+0000] {logging_mixin.py:188} INFO - [2025-04-21T00:14:19.901+0000] {dag.py:3036} INFO - Sync 1 DAGs
[2025-04-21T00:14:19.919+0000] {logging_mixin.py:188} INFO - [2025-04-21T00:14:19.918+0000] {dag.py:3823} INFO - Setting next_dagrun for edu_pipeline_etl to None, run_after=None
[2025-04-21T00:14:19.957+0000] {processor.py:183} INFO - Processing /opt/airflow/dags/edu_pipeline_etl.py took 1.143 seconds
[2025-04-21T00:14:50.251+0000] {processor.py:161} INFO - Started process (PID=348) to work on /opt/airflow/dags/edu_pipeline_etl.py
[2025-04-21T00:14:50.253+0000] {processor.py:830} INFO - Processing file /opt/airflow/dags/edu_pipeline_etl.py for tasks to queue
[2025-04-21T00:14:50.255+0000] {logging_mixin.py:188} INFO - [2025-04-21T00:14:50.255+0000] {dagbag.py:538} INFO - Filling up the DagBag from /opt/airflow/dags/edu_pipeline_etl.py
[2025-04-21T00:14:51.107+0000] {processor.py:840} INFO - DAG(s) 'edu_pipeline_etl' retrieved from /opt/airflow/dags/edu_pipeline_etl.py
[2025-04-21T00:14:51.137+0000] {logging_mixin.py:188} INFO - [2025-04-21T00:14:51.137+0000] {dag.py:3036} INFO - Sync 1 DAGs
[2025-04-21T00:14:51.157+0000] {logging_mixin.py:188} INFO - [2025-04-21T00:14:51.157+0000] {dag.py:3823} INFO - Setting next_dagrun for edu_pipeline_etl to None, run_after=None
[2025-04-21T00:14:51.187+0000] {processor.py:183} INFO - Processing /opt/airflow/dags/edu_pipeline_etl.py took 0.941 seconds
[2025-04-21T00:15:21.685+0000] {processor.py:161} INFO - Started process (PID=357) to work on /opt/airflow/dags/edu_pipeline_etl.py
[2025-04-21T00:15:21.688+0000] {processor.py:830} INFO - Processing file /opt/airflow/dags/edu_pipeline_etl.py for tasks to queue
[2025-04-21T00:15:21.692+0000] {logging_mixin.py:188} INFO - [2025-04-21T00:15:21.691+0000] {dagbag.py:538} INFO - Filling up the DagBag from /opt/airflow/dags/edu_pipeline_etl.py
[2025-04-21T00:15:22.839+0000] {processor.py:840} INFO - DAG(s) 'edu_pipeline_etl' retrieved from /opt/airflow/dags/edu_pipeline_etl.py
[2025-04-21T00:15:22.864+0000] {logging_mixin.py:188} INFO - [2025-04-21T00:15:22.863+0000] {dag.py:3036} INFO - Sync 1 DAGs
[2025-04-21T00:15:22.875+0000] {logging_mixin.py:188} INFO - [2025-04-21T00:15:22.874+0000] {dag.py:3823} INFO - Setting next_dagrun for edu_pipeline_etl to None, run_after=None
[2025-04-21T00:15:22.907+0000] {processor.py:183} INFO - Processing /opt/airflow/dags/edu_pipeline_etl.py took 1.230 seconds
[2025-04-21T00:15:53.270+0000] {processor.py:161} INFO - Started process (PID=366) to work on /opt/airflow/dags/edu_pipeline_etl.py
[2025-04-21T00:15:53.274+0000] {processor.py:830} INFO - Processing file /opt/airflow/dags/edu_pipeline_etl.py for tasks to queue
[2025-04-21T00:15:53.279+0000] {logging_mixin.py:188} INFO - [2025-04-21T00:15:53.278+0000] {dagbag.py:538} INFO - Filling up the DagBag from /opt/airflow/dags/edu_pipeline_etl.py
[2025-04-21T00:15:54.228+0000] {processor.py:840} INFO - DAG(s) 'edu_pipeline_etl' retrieved from /opt/airflow/dags/edu_pipeline_etl.py
[2025-04-21T00:15:54.253+0000] {logging_mixin.py:188} INFO - [2025-04-21T00:15:54.253+0000] {dag.py:3036} INFO - Sync 1 DAGs
[2025-04-21T00:15:54.265+0000] {logging_mixin.py:188} INFO - [2025-04-21T00:15:54.264+0000] {dag.py:3823} INFO - Setting next_dagrun for edu_pipeline_etl to None, run_after=None
[2025-04-21T00:15:54.295+0000] {processor.py:183} INFO - Processing /opt/airflow/dags/edu_pipeline_etl.py took 1.035 seconds
[2025-04-21T00:16:24.710+0000] {processor.py:161} INFO - Started process (PID=375) to work on /opt/airflow/dags/edu_pipeline_etl.py
[2025-04-21T00:16:24.714+0000] {processor.py:830} INFO - Processing file /opt/airflow/dags/edu_pipeline_etl.py for tasks to queue
[2025-04-21T00:16:24.717+0000] {logging_mixin.py:188} INFO - [2025-04-21T00:16:24.716+0000] {dagbag.py:538} INFO - Filling up the DagBag from /opt/airflow/dags/edu_pipeline_etl.py
[2025-04-21T00:16:25.765+0000] {processor.py:840} INFO - DAG(s) 'edu_pipeline_etl' retrieved from /opt/airflow/dags/edu_pipeline_etl.py
[2025-04-21T00:16:25.813+0000] {logging_mixin.py:188} INFO - [2025-04-21T00:16:25.813+0000] {dag.py:3036} INFO - Sync 1 DAGs
[2025-04-21T00:16:25.837+0000] {logging_mixin.py:188} INFO - [2025-04-21T00:16:25.837+0000] {dag.py:3823} INFO - Setting next_dagrun for edu_pipeline_etl to None, run_after=None
[2025-04-21T00:16:25.903+0000] {processor.py:183} INFO - Processing /opt/airflow/dags/edu_pipeline_etl.py took 1.200 seconds
[2025-04-21T00:16:56.182+0000] {processor.py:161} INFO - Started process (PID=384) to work on /opt/airflow/dags/edu_pipeline_etl.py
[2025-04-21T00:16:56.185+0000] {processor.py:830} INFO - Processing file /opt/airflow/dags/edu_pipeline_etl.py for tasks to queue
[2025-04-21T00:16:56.188+0000] {logging_mixin.py:188} INFO - [2025-04-21T00:16:56.187+0000] {dagbag.py:538} INFO - Filling up the DagBag from /opt/airflow/dags/edu_pipeline_etl.py
[2025-04-21T09:25:49.612+0000] {processor.py:161} INFO - Started process (PID=393) to work on /opt/airflow/dags/edu_pipeline_etl.py
[2025-04-21T09:25:49.617+0000] {processor.py:830} INFO - Processing file /opt/airflow/dags/edu_pipeline_etl.py for tasks to queue
[2025-04-21T09:25:49.621+0000] {logging_mixin.py:188} INFO - [2025-04-21T09:25:49.619+0000] {dagbag.py:538} INFO - Filling up the DagBag from /opt/airflow/dags/edu_pipeline_etl.py
[2025-04-21T09:25:50.945+0000] {processor.py:840} INFO - DAG(s) 'edu_pipeline_etl' retrieved from /opt/airflow/dags/edu_pipeline_etl.py
[2025-04-21T09:25:51.009+0000] {logging_mixin.py:188} INFO - [2025-04-21T09:25:51.008+0000] {dag.py:3036} INFO - Sync 1 DAGs
[2025-04-21T09:25:51.046+0000] {logging_mixin.py:188} INFO - [2025-04-21T09:25:51.045+0000] {dag.py:3823} INFO - Setting next_dagrun for edu_pipeline_etl to None, run_after=None
[2025-04-21T09:25:51.132+0000] {processor.py:183} INFO - Processing /opt/airflow/dags/edu_pipeline_etl.py took 1.530 seconds
