[2025-04-20T23:48:06.230+0000] {taskinstance.py:1956} INFO - Dependencies all met for dep_context=non-requeueable deps ti=<TaskInstance: ingest_bronze_csv_to_snowflake.run_dbt manual__2025-04-20T23:37:12.138079+00:00 [queued]>
[2025-04-20T23:48:06.244+0000] {taskinstance.py:1956} INFO - Dependencies all met for dep_context=requeueable deps ti=<TaskInstance: ingest_bronze_csv_to_snowflake.run_dbt manual__2025-04-20T23:37:12.138079+00:00 [queued]>
[2025-04-20T23:48:06.245+0000] {taskinstance.py:2170} INFO - Starting attempt 3 of 3
[2025-04-20T23:48:06.264+0000] {taskinstance.py:2191} INFO - Executing <Task(BashOperator): run_dbt> on 2025-04-20 23:37:12.138079+00:00
[2025-04-20T23:48:06.271+0000] {standard_task_runner.py:60} INFO - Started process 347 to run task
[2025-04-20T23:48:06.275+0000] {standard_task_runner.py:87} INFO - Running: ['***', 'tasks', 'run', 'ingest_bronze_csv_to_snowflake', 'run_dbt', 'manual__2025-04-20T23:37:12.138079+00:00', '--job-id', '13', '--raw', '--subdir', 'DAGS_FOLDER/ingest_bronze_dag.py', '--cfg-path', '/tmp/tmp2k8qyt31']
[2025-04-20T23:48:06.278+0000] {standard_task_runner.py:88} INFO - Job 13: Subtask run_dbt
[2025-04-20T23:48:06.377+0000] {task_command.py:423} INFO - Running <TaskInstance: ingest_bronze_csv_to_snowflake.run_dbt manual__2025-04-20T23:37:12.138079+00:00 [running]> on host baa4deac6175
[2025-04-20T23:48:06.494+0000] {taskinstance.py:2480} INFO - Exporting env vars: AIRFLOW_CTX_DAG_OWNER='***' AIRFLOW_CTX_DAG_ID='ingest_bronze_csv_to_snowflake' AIRFLOW_CTX_TASK_ID='run_dbt' AIRFLOW_CTX_EXECUTION_DATE='2025-04-20T23:37:12.138079+00:00' AIRFLOW_CTX_TRY_NUMBER='3' AIRFLOW_CTX_DAG_RUN_ID='manual__2025-04-20T23:37:12.138079+00:00'
[2025-04-20T23:48:06.498+0000] {subprocess.py:63} INFO - Tmp dir root location: /tmp
[2025-04-20T23:48:06.501+0000] {subprocess.py:75} INFO - Running command: ['/usr/bin/bash', '-c', 'cd /opt/***/edu_dbt && dbt run --full-refresh --profiles-dir /opt/***/edu_dbt/profiles']
[2025-04-20T23:48:06.520+0000] {subprocess.py:86} INFO - Output:
[2025-04-20T23:48:09.240+0000] {subprocess.py:93} INFO - [0m23:48:09  Running with dbt=1.7.2
[2025-04-20T23:48:10.394+0000] {subprocess.py:93} INFO - [0m23:48:10  Registered adapter: snowflake=1.7.2
[2025-04-20T23:48:10.482+0000] {subprocess.py:93} INFO - [0m23:48:10  Unable to do partial parsing because of a version mismatch
[2025-04-20T23:48:12.556+0000] {subprocess.py:93} INFO - [0m23:48:12  [[33mWARNING[0m]: Test 'test.edu_dbt.relationships_fact_enrollments_student_key__student_id__ref_dim_student_.f4456c5e8a' (models/gold/schema.yml) depends on a node named 'dim_student' in package '' which was not found
[2025-04-20T23:48:12.559+0000] {subprocess.py:93} INFO - [0m23:48:12  [[33mWARNING[0m]: Test 'test.edu_dbt.relationships_fact_enrollments_course_key__course_id__ref_dim_course_.c8376d9900' (models/gold/schema.yml) depends on a node named 'dim_course' in package '' which was not found
[2025-04-20T23:48:12.562+0000] {subprocess.py:93} INFO - [0m23:48:12  [[33mWARNING[0m]: Test 'test.edu_dbt.relationships_fact_interactions_contact_id__contact_id__ref_dim_contact_.3a6dc06f65' (models/gold/schema.yml) depends on a node named 'dim_contact' in package '' which was not found
[2025-04-20T23:48:12.739+0000] {subprocess.py:93} INFO - [0m23:48:12  Found 12 models, 31 tests, 6 sources, 0 exposures, 0 metrics, 431 macros, 0 groups, 0 semantic models
[2025-04-20T23:48:12.755+0000] {subprocess.py:93} INFO - [0m23:48:12
[2025-04-20T23:48:14.448+0000] {subprocess.py:93} INFO - [0m23:48:14  Concurrency: 4 threads (target='dev')
[2025-04-20T23:48:14.450+0000] {subprocess.py:93} INFO - [0m23:48:14
[2025-04-20T23:48:14.479+0000] {subprocess.py:93} INFO - [0m23:48:14  1 of 12 START sql table model SILVER.silver_contacts ........................... [RUN]
[2025-04-20T23:48:14.484+0000] {subprocess.py:93} INFO - [0m23:48:14  2 of 12 START sql table model SILVER.silver_courses ............................ [RUN]
[2025-04-20T23:48:14.488+0000] {subprocess.py:93} INFO - [0m23:48:14  3 of 12 START sql table model SILVER.silver_enrollments ........................ [RUN]
[2025-04-20T23:48:14.491+0000] {subprocess.py:93} INFO - [0m23:48:14  4 of 12 START sql table model SILVER.silver_interactions ....................... [RUN]
[2025-04-20T23:48:16.137+0000] {subprocess.py:93} INFO - [0m23:48:16  4 of 12 OK created sql table model SILVER.silver_interactions .................. [[32mSUCCESS 1[0m in 1.63s]
[2025-04-20T23:48:16.144+0000] {subprocess.py:93} INFO - [0m23:48:16  5 of 12 START sql table model SILVER.silver_leads .............................. [RUN]
[2025-04-20T23:48:16.177+0000] {subprocess.py:93} INFO - [0m23:48:16  2 of 12 OK created sql table model SILVER.silver_courses ....................... [[32mSUCCESS 1[0m in 1.67s]
[2025-04-20T23:48:16.196+0000] {subprocess.py:93} INFO - [0m23:48:16  1 of 12 OK created sql table model SILVER.silver_contacts ...................... [[32mSUCCESS 1[0m in 1.69s]
[2025-04-20T23:48:16.208+0000] {subprocess.py:93} INFO - [0m23:48:16  3 of 12 OK created sql table model SILVER.silver_enrollments ................... [[32mSUCCESS 1[0m in 1.68s]
[2025-04-20T23:48:16.225+0000] {subprocess.py:93} INFO - [0m23:48:16  6 of 12 START sql table model SILVER.silver_students ........................... [RUN]
[2025-04-20T23:48:16.239+0000] {subprocess.py:93} INFO - [0m23:48:16  7 of 12 START sql view model GOLD.dim_courses .................................. [RUN]
[2025-04-20T23:48:16.242+0000] {subprocess.py:93} INFO - [0m23:48:16  8 of 12 START sql view model GOLD.dim_contacts ................................. [RUN]
[2025-04-20T23:48:17.480+0000] {subprocess.py:93} INFO - [0m23:48:17  8 of 12 OK created sql view model GOLD.dim_contacts ............................ [[32mSUCCESS 1[0m in 1.22s]
[2025-04-20T23:48:17.504+0000] {subprocess.py:93} INFO - [0m23:48:17  9 of 12 START sql view model GOLD.fact_interactions ............................ [RUN]
[2025-04-20T23:48:17.509+0000] {subprocess.py:93} INFO - [0m23:48:17  7 of 12 OK created sql view model GOLD.dim_courses ............................. [[32mSUCCESS 1[0m in 1.25s]
[2025-04-20T23:48:17.671+0000] {subprocess.py:93} INFO - [0m23:48:17  5 of 12 OK created sql table model SILVER.silver_leads ......................... [[32mSUCCESS 1[0m in 1.52s]
[2025-04-20T23:48:17.683+0000] {subprocess.py:93} INFO - [0m23:48:17  10 of 12 START sql view model GOLD.dim_leads ................................... [RUN]
[2025-04-20T23:48:17.808+0000] {subprocess.py:93} INFO - [0m23:48:17  6 of 12 OK created sql table model SILVER.silver_students ...................... [[32mSUCCESS 1[0m in 1.57s]
[2025-04-20T23:48:17.817+0000] {subprocess.py:93} INFO - [0m23:48:17  11 of 12 START sql view model GOLD.dim_students ................................ [RUN]
[2025-04-20T23:48:18.553+0000] {subprocess.py:93} INFO - [0m23:48:18  9 of 12 OK created sql view model GOLD.fact_interactions ....................... [[32mSUCCESS 1[0m in 1.04s]
[2025-04-20T23:48:18.710+0000] {subprocess.py:93} INFO - [0m23:48:18  10 of 12 OK created sql view model GOLD.dim_leads .............................. [[32mSUCCESS 1[0m in 1.01s]
[2025-04-20T23:48:18.883+0000] {subprocess.py:93} INFO - [0m23:48:18  11 of 12 OK created sql view model GOLD.dim_students ........................... [[32mSUCCESS 1[0m in 1.06s]
[2025-04-20T23:48:18.908+0000] {subprocess.py:93} INFO - [0m23:48:18  12 of 12 START sql view model GOLD.fact_enrollments ............................ [RUN]
[2025-04-20T23:48:19.988+0000] {subprocess.py:93} INFO - [0m23:48:19  12 of 12 OK created sql view model GOLD.fact_enrollments ....................... [[32mSUCCESS 1[0m in 1.07s]
[2025-04-20T23:48:20.006+0000] {subprocess.py:93} INFO - [0m23:48:20
[2025-04-20T23:48:20.008+0000] {subprocess.py:93} INFO - [0m23:48:20  Finished running 6 table models, 6 view models in 0 hours 0 minutes and 7.25 seconds (7.25s).
[2025-04-20T23:48:20.067+0000] {subprocess.py:93} INFO - [0m23:48:20
[2025-04-20T23:48:20.070+0000] {subprocess.py:93} INFO - [0m23:48:20  [32mCompleted successfully[0m
[2025-04-20T23:48:20.072+0000] {subprocess.py:93} INFO - [0m23:48:20
[2025-04-20T23:48:20.076+0000] {subprocess.py:93} INFO - [0m23:48:20  Done. PASS=12 WARN=0 ERROR=0 SKIP=0 TOTAL=12
[2025-04-20T23:48:21.136+0000] {subprocess.py:97} INFO - Command exited with return code 0
[2025-04-20T23:48:21.169+0000] {taskinstance.py:1138} INFO - Marking task as SUCCESS. dag_id=ingest_bronze_csv_to_snowflake, task_id=run_dbt, execution_date=20250420T233712, start_date=20250420T234806, end_date=20250420T234821
[2025-04-20T23:48:21.206+0000] {local_task_job_runner.py:234} INFO - Task exited with return code 0
[2025-04-20T23:48:21.224+0000] {taskinstance.py:3280} INFO - 0 downstream tasks scheduled from follow-on schedule check
