[2025-04-19T12:42:56.363+0000] {taskinstance.py:1956} INFO - Dependencies all met for dep_context=non-requeueable deps ti=<TaskInstance: ingest_bronze_csv_to_snowflake.ingest_contacts manual__2025-04-19T12:26:51.263068+00:00 [queued]>
[2025-04-19T12:42:56.383+0000] {taskinstance.py:1956} INFO - Dependencies all met for dep_context=requeueable deps ti=<TaskInstance: ingest_bronze_csv_to_snowflake.ingest_contacts manual__2025-04-19T12:26:51.263068+00:00 [queued]>
[2025-04-19T12:42:56.384+0000] {taskinstance.py:2170} INFO - Starting attempt 1 of 1
[2025-04-19T12:42:56.413+0000] {taskinstance.py:2191} INFO - Executing <Task(PythonOperator): ingest_contacts> on 2025-04-19 12:26:51.263068+00:00
[2025-04-19T12:42:56.428+0000] {standard_task_runner.py:60} INFO - Started process 1397 to run task
[2025-04-19T12:42:56.435+0000] {standard_task_runner.py:87} INFO - Running: ['***', 'tasks', 'run', 'ingest_bronze_csv_to_snowflake', 'ingest_contacts', 'manual__2025-04-19T12:26:51.263068+00:00', '--job-id', '39', '--raw', '--subdir', 'DAGS_FOLDER/ingest_bronze_dag.py', '--cfg-path', '/tmp/tmprtbvwlk4']
[2025-04-19T12:42:56.445+0000] {standard_task_runner.py:88} INFO - Job 39: Subtask ingest_contacts
[2025-04-19T12:42:56.580+0000] {task_command.py:423} INFO - Running <TaskInstance: ingest_bronze_csv_to_snowflake.ingest_contacts manual__2025-04-19T12:26:51.263068+00:00 [running]> on host 66ec6d74a776
[2025-04-19T12:42:56.809+0000] {taskinstance.py:2480} INFO - Exporting env vars: AIRFLOW_CTX_DAG_OWNER='***' AIRFLOW_CTX_DAG_ID='ingest_bronze_csv_to_snowflake' AIRFLOW_CTX_TASK_ID='ingest_contacts' AIRFLOW_CTX_EXECUTION_DATE='2025-04-19T12:26:51.263068+00:00' AIRFLOW_CTX_TRY_NUMBER='1' AIRFLOW_CTX_DAG_RUN_ID='manual__2025-04-19T12:26:51.263068+00:00'
[2025-04-19T12:42:56.833+0000] {_universal.py:514} INFO - Request URL: 'https://edudatastorage.blob.core.windows.net/edudata/CRM/contacts.csv?sp=REDACTED&st=REDACTED&se=REDACTED&sv=REDACTED&sr=REDACTED&sig=REDACTED'
Request method: 'HEAD'
Request headers:
    'x-ms-version': 'REDACTED'
    'Accept': 'application/xml'
    'x-ms-date': 'REDACTED'
    'x-ms-client-request-id': 'd1b85ca8-1d1b-11f0-a64b-0242ac120004'
    'User-Agent': 'azsdk-python-storage-blob/12.19.0 Python/3.10.13 (Linux-5.15.167.4-microsoft-standard-WSL2-x86_64-with-glibc2.36)'
No body was attached to the request
[2025-04-19T12:42:57.498+0000] {_universal.py:550} INFO - Response status: 200
Response headers:
    'Content-Length': '102139'
    'Content-Type': 'text/csv'
    'Content-MD5': 'REDACTED'
    'Last-Modified': 'Sat, 19 Apr 2025 09:36:46 GMT'
    'Accept-Ranges': 'REDACTED'
    'Etag': '"0x8DD7F25B406354D"'
    'Server': 'Windows-Azure-Blob/1.0 Microsoft-HTTPAPI/2.0'
    'x-ms-request-id': 'c57e2187-901e-005a-0e28-b1f407000000'
    'x-ms-client-request-id': 'd1b85ca8-1d1b-11f0-a64b-0242ac120004'
    'x-ms-version': 'REDACTED'
    'x-ms-creation-time': 'REDACTED'
    'x-ms-lease-status': 'REDACTED'
    'x-ms-lease-state': 'REDACTED'
    'x-ms-blob-type': 'REDACTED'
    'x-ms-server-encrypted': 'REDACTED'
    'x-ms-access-tier': 'REDACTED'
    'x-ms-access-tier-inferred': 'REDACTED'
    'Date': 'Sat, 19 Apr 2025 12:42:56 GMT'
[2025-04-19T12:42:57.507+0000] {_universal.py:514} INFO - Request URL: 'https://edudatastorage.blob.core.windows.net/edudata/CRM/contacts.csv?sp=REDACTED&st=REDACTED&se=REDACTED&sv=REDACTED&sr=REDACTED&sig=REDACTED'
Request method: 'HEAD'
Request headers:
    'x-ms-version': 'REDACTED'
    'Accept': 'application/xml'
    'x-ms-date': 'REDACTED'
    'x-ms-client-request-id': 'd21f3752-1d1b-11f0-a64b-0242ac120004'
    'User-Agent': 'azsdk-python-storage-blob/12.19.0 Python/3.10.13 (Linux-5.15.167.4-microsoft-standard-WSL2-x86_64-with-glibc2.36)'
No body was attached to the request
[2025-04-19T12:42:57.640+0000] {_universal.py:550} INFO - Response status: 200
Response headers:
    'Content-Length': '102139'
    'Content-Type': 'text/csv'
    'Content-MD5': 'REDACTED'
    'Last-Modified': 'Sat, 19 Apr 2025 09:36:46 GMT'
    'Accept-Ranges': 'REDACTED'
    'Etag': '"0x8DD7F25B406354D"'
    'Server': 'Windows-Azure-Blob/1.0 Microsoft-HTTPAPI/2.0'
    'x-ms-request-id': 'c57e21d3-901e-005a-4f28-b1f407000000'
    'x-ms-client-request-id': 'd21f3752-1d1b-11f0-a64b-0242ac120004'
    'x-ms-version': 'REDACTED'
    'x-ms-creation-time': 'REDACTED'
    'x-ms-lease-status': 'REDACTED'
    'x-ms-lease-state': 'REDACTED'
    'x-ms-blob-type': 'REDACTED'
    'x-ms-server-encrypted': 'REDACTED'
    'x-ms-access-tier': 'REDACTED'
    'x-ms-access-tier-inferred': 'REDACTED'
    'Date': 'Sat, 19 Apr 2025 12:42:56 GMT'
[2025-04-19T12:42:57.664+0000] {_universal.py:514} INFO - Request URL: 'https://edudatastorage.blob.core.windows.net/edudata/CRM/contacts.csv?sp=REDACTED&st=REDACTED&se=REDACTED&sv=REDACTED&sr=REDACTED&sig=REDACTED'
Request method: 'GET'
Request headers:
    'x-ms-range': 'REDACTED'
    'x-ms-version': 'REDACTED'
    'Accept': 'application/xml'
    'x-ms-date': 'REDACTED'
    'x-ms-client-request-id': 'd237060c-1d1b-11f0-a64b-0242ac120004'
    'User-Agent': 'azsdk-python-storage-blob/12.19.0 Python/3.10.13 (Linux-5.15.167.4-microsoft-standard-WSL2-x86_64-with-glibc2.36)'
No body was attached to the request
[2025-04-19T12:42:57.800+0000] {_universal.py:550} INFO - Response status: 206
Response headers:
    'Content-Length': '102139'
    'Content-Type': 'text/csv'
    'Content-Range': 'REDACTED'
    'Last-Modified': 'Sat, 19 Apr 2025 09:36:46 GMT'
    'Accept-Ranges': 'REDACTED'
    'Etag': '"0x8DD7F25B406354D"'
    'Server': 'Windows-Azure-Blob/1.0 Microsoft-HTTPAPI/2.0'
    'x-ms-request-id': 'c57e2247-901e-005a-3828-b1f407000000'
    'x-ms-client-request-id': 'd237060c-1d1b-11f0-a64b-0242ac120004'
    'x-ms-version': 'REDACTED'
    'x-ms-creation-time': 'REDACTED'
    'x-ms-blob-content-md5': 'REDACTED'
    'x-ms-lease-status': 'REDACTED'
    'x-ms-lease-state': 'REDACTED'
    'x-ms-blob-type': 'REDACTED'
    'x-ms-server-encrypted': 'REDACTED'
    'Date': 'Sat, 19 Apr 2025 12:42:56 GMT'
[2025-04-19T12:42:58.025+0000] {connection.py:370} INFO - Snowflake Connector for Python Version: 3.6.0, Python Version: 3.10.13, Platform: Linux-5.15.167.4-microsoft-standard-WSL2-x86_64-with-glibc2.36
[2025-04-19T12:42:58.027+0000] {connection.py:1171} INFO - This connection is in OCSP Fail Open Mode. TLS Certificates would be checked for validity and revocation status. Any other Certificate Revocation related exceptions or OCSP Responder failures would be disregarded in favor of connectivity.
[2025-04-19T12:42:58.552+0000] {cursor.py:1028} INFO - query: [CREATE TABLE IF NOT EXISTS EDU_DB.BRONZE.raw_contacts ("Contact ID" TEXT, "First...]
[2025-04-19T12:42:58.900+0000] {cursor.py:1041} INFO - query execution done
[2025-04-19T12:42:58.903+0000] {cursor.py:1205} INFO - Number of results in first chunk: 1
[2025-04-19T12:42:58.905+0000] {cursor.py:1028} INFO - query: [TRUNCATE TABLE EDU_DB.BRONZE.raw_contacts]
[2025-04-19T12:42:59.217+0000] {cursor.py:1041} INFO - query execution done
[2025-04-19T12:42:59.218+0000] {cursor.py:1205} INFO - Number of results in first chunk: 1
[2025-04-19T12:42:59.220+0000] {cursor.py:1028} INFO - query: [PUT file:///tmp/contacts.csv @edu_stage OVERWRITE = TRUE]
[2025-04-19T12:42:59.316+0000] {cursor.py:1041} INFO - query execution done
[2025-04-19T12:42:59.834+0000] {cursor.py:1028} INFO - query: [COPY INTO EDU_DB.BRONZE.raw_contacts FROM @edu_stage/contacts.csv FILE_FORMAT = ...]
[2025-04-19T12:43:01.341+0000] {cursor.py:1041} INFO - query execution done
[2025-04-19T12:43:01.344+0000] {cursor.py:1205} INFO - Number of results in first chunk: 1
[2025-04-19T12:43:01.347+0000] {cursor.py:1028} INFO - query: [COMMIT]
[2025-04-19T12:43:01.436+0000] {cursor.py:1041} INFO - query execution done
[2025-04-19T12:43:01.440+0000] {cursor.py:1205} INFO - Number of results in first chunk: 1
[2025-04-19T12:43:01.442+0000] {connection.py:718} INFO - closed
[2025-04-19T12:43:01.505+0000] {connection.py:724} INFO - No async queries seem to be running, deleting session
[2025-04-19T12:43:01.600+0000] {python.py:201} INFO - Done. Returned value was: None
[2025-04-19T12:43:01.620+0000] {taskinstance.py:1138} INFO - Marking task as SUCCESS. dag_id=ingest_bronze_csv_to_snowflake, task_id=ingest_contacts, execution_date=20250419T122651, start_date=20250419T124256, end_date=20250419T124301
[2025-04-19T12:43:01.683+0000] {local_task_job_runner.py:234} INFO - Task exited with return code 0
[2025-04-19T12:43:01.747+0000] {taskinstance.py:3280} INFO - 1 downstream tasks scheduled from follow-on schedule check
