[2025-04-21T00:01:55.605+0000] {taskinstance.py:1956} INFO - Dependencies all met for dep_context=non-requeueable deps ti=<TaskInstance: edu_pipeline_etl.ingest_interactions manual__2025-04-21T00:01:46.384508+00:00 [queued]>
[2025-04-21T00:01:55.636+0000] {taskinstance.py:1956} INFO - Dependencies all met for dep_context=requeueable deps ti=<TaskInstance: edu_pipeline_etl.ingest_interactions manual__2025-04-21T00:01:46.384508+00:00 [queued]>
[2025-04-21T00:01:55.639+0000] {taskinstance.py:2170} INFO - Starting attempt 1 of 1
[2025-04-21T00:01:55.686+0000] {taskinstance.py:2191} INFO - Executing <Task(PythonOperator): ingest_interactions> on 2025-04-21 00:01:46.384508+00:00
[2025-04-21T00:01:55.704+0000] {standard_task_runner.py:60} INFO - Started process 151 to run task
[2025-04-21T00:01:55.723+0000] {standard_task_runner.py:87} INFO - Running: ['***', 'tasks', 'run', 'edu_pipeline_etl', 'ingest_interactions', 'manual__2025-04-21T00:01:46.384508+00:00', '--job-id', '6', '--raw', '--subdir', 'DAGS_FOLDER/edu_pipeline_etl.py', '--cfg-path', '/tmp/tmpxs7mliff']
[2025-04-21T00:01:55.735+0000] {standard_task_runner.py:88} INFO - Job 6: Subtask ingest_interactions
[2025-04-21T00:01:55.891+0000] {task_command.py:423} INFO - Running <TaskInstance: edu_pipeline_etl.ingest_interactions manual__2025-04-21T00:01:46.384508+00:00 [running]> on host 5edb91fd105d
[2025-04-21T00:01:56.093+0000] {taskinstance.py:2480} INFO - Exporting env vars: AIRFLOW_CTX_DAG_OWNER='***' AIRFLOW_CTX_DAG_ID='edu_pipeline_etl' AIRFLOW_CTX_TASK_ID='ingest_interactions' AIRFLOW_CTX_EXECUTION_DATE='2025-04-21T00:01:46.384508+00:00' AIRFLOW_CTX_TRY_NUMBER='1' AIRFLOW_CTX_DAG_RUN_ID='manual__2025-04-21T00:01:46.384508+00:00'
[2025-04-21T00:01:56.124+0000] {_universal.py:514} INFO - Request URL: 'https://edudatastorage.blob.core.windows.net/edudata/CRM/interactions.csv?sp=REDACTED&st=REDACTED&se=REDACTED&spr=REDACTED&sv=REDACTED&sr=REDACTED&sig=REDACTED'
Request method: 'HEAD'
Request headers:
    'x-ms-version': 'REDACTED'
    'Accept': 'application/xml'
    'x-ms-date': 'REDACTED'
    'x-ms-client-request-id': 'd6a48470-1e43-11f0-980e-0242ac120004'
    'User-Agent': 'azsdk-python-storage-blob/12.19.0 Python/3.9.18 (Linux-5.15.167.4-microsoft-standard-WSL2-x86_64-with-glibc2.36)'
No body was attached to the request
[2025-04-21T00:01:56.690+0000] {_universal.py:550} INFO - Response status: 200
Response headers:
    'Content-Length': '130462'
    'Content-Type': 'text/csv'
    'Content-MD5': 'REDACTED'
    'Last-Modified': 'Sat, 19 Apr 2025 09:36:46 GMT'
    'Accept-Ranges': 'REDACTED'
    'Etag': '"0x8DD7F25B40BAD65"'
    'Server': 'Windows-Azure-Blob/1.0 Microsoft-HTTPAPI/2.0'
    'x-ms-request-id': '4edfc93d-c01e-001a-0550-b2f33f000000'
    'x-ms-client-request-id': 'd6a48470-1e43-11f0-980e-0242ac120004'
    'x-ms-version': 'REDACTED'
    'x-ms-creation-time': 'REDACTED'
    'x-ms-lease-status': 'REDACTED'
    'x-ms-lease-state': 'REDACTED'
    'x-ms-blob-type': 'REDACTED'
    'x-ms-server-encrypted': 'REDACTED'
    'x-ms-access-tier': 'REDACTED'
    'x-ms-access-tier-inferred': 'REDACTED'
    'Date': 'Mon, 21 Apr 2025 00:01:56 GMT'
[2025-04-21T00:01:56.697+0000] {_universal.py:514} INFO - Request URL: 'https://edudatastorage.blob.core.windows.net/edudata/CRM/interactions.csv?sp=REDACTED&st=REDACTED&se=REDACTED&spr=REDACTED&sv=REDACTED&sr=REDACTED&sig=REDACTED'
Request method: 'HEAD'
Request headers:
    'x-ms-version': 'REDACTED'
    'Accept': 'application/xml'
    'x-ms-date': 'REDACTED'
    'x-ms-client-request-id': 'd6fbfe12-1e43-11f0-980e-0242ac120004'
    'User-Agent': 'azsdk-python-storage-blob/12.19.0 Python/3.9.18 (Linux-5.15.167.4-microsoft-standard-WSL2-x86_64-with-glibc2.36)'
No body was attached to the request
[2025-04-21T00:01:56.817+0000] {_universal.py:550} INFO - Response status: 200
Response headers:
    'Content-Length': '130462'
    'Content-Type': 'text/csv'
    'Content-MD5': 'REDACTED'
    'Last-Modified': 'Sat, 19 Apr 2025 09:36:46 GMT'
    'Accept-Ranges': 'REDACTED'
    'Etag': '"0x8DD7F25B40BAD65"'
    'Server': 'Windows-Azure-Blob/1.0 Microsoft-HTTPAPI/2.0'
    'x-ms-request-id': '4edfc9ac-c01e-001a-6550-b2f33f000000'
    'x-ms-client-request-id': 'd6fbfe12-1e43-11f0-980e-0242ac120004'
    'x-ms-version': 'REDACTED'
    'x-ms-creation-time': 'REDACTED'
    'x-ms-lease-status': 'REDACTED'
    'x-ms-lease-state': 'REDACTED'
    'x-ms-blob-type': 'REDACTED'
    'x-ms-server-encrypted': 'REDACTED'
    'x-ms-access-tier': 'REDACTED'
    'x-ms-access-tier-inferred': 'REDACTED'
    'Date': 'Mon, 21 Apr 2025 00:01:56 GMT'
[2025-04-21T00:01:56.832+0000] {_universal.py:514} INFO - Request URL: 'https://edudatastorage.blob.core.windows.net/edudata/CRM/interactions.csv?sp=REDACTED&st=REDACTED&se=REDACTED&spr=REDACTED&sv=REDACTED&sr=REDACTED&sig=REDACTED'
Request method: 'GET'
Request headers:
    'x-ms-range': 'REDACTED'
    'x-ms-version': 'REDACTED'
    'Accept': 'application/xml'
    'x-ms-date': 'REDACTED'
    'x-ms-client-request-id': 'd7108d5a-1e43-11f0-980e-0242ac120004'
    'User-Agent': 'azsdk-python-storage-blob/12.19.0 Python/3.9.18 (Linux-5.15.167.4-microsoft-standard-WSL2-x86_64-with-glibc2.36)'
No body was attached to the request
[2025-04-21T00:01:57.040+0000] {_universal.py:550} INFO - Response status: 206
Response headers:
    'Content-Length': '130462'
    'Content-Type': 'text/csv'
    'Content-Range': 'REDACTED'
    'Last-Modified': 'Sat, 19 Apr 2025 09:36:46 GMT'
    'Accept-Ranges': 'REDACTED'
    'Etag': '"0x8DD7F25B40BAD65"'
    'Server': 'Windows-Azure-Blob/1.0 Microsoft-HTTPAPI/2.0'
    'x-ms-request-id': '4edfca14-c01e-001a-3f50-b2f33f000000'
    'x-ms-client-request-id': 'd7108d5a-1e43-11f0-980e-0242ac120004'
    'x-ms-version': 'REDACTED'
    'x-ms-creation-time': 'REDACTED'
    'x-ms-blob-content-md5': 'REDACTED'
    'x-ms-lease-status': 'REDACTED'
    'x-ms-lease-state': 'REDACTED'
    'x-ms-blob-type': 'REDACTED'
    'x-ms-server-encrypted': 'REDACTED'
    'Date': 'Mon, 21 Apr 2025 00:01:56 GMT'
[2025-04-21T00:01:57.180+0000] {connection.py:370} INFO - Snowflake Connector for Python Version: 3.6.0, Python Version: 3.9.18, Platform: Linux-5.15.167.4-microsoft-standard-WSL2-x86_64-with-glibc2.36
[2025-04-21T00:01:57.183+0000] {connection.py:1171} INFO - This connection is in OCSP Fail Open Mode. TLS Certificates would be checked for validity and revocation status. Any other Certificate Revocation related exceptions or OCSP Responder failures would be disregarded in favor of connectivity.
[2025-04-21T00:01:57.586+0000] {cursor.py:1028} INFO - query: [CREATE TABLE IF NOT EXISTS EDU_DB.BRONZE.raw_interactions ("InteractionId" TEXT,...]
[2025-04-21T00:01:57.842+0000] {cursor.py:1041} INFO - query execution done
[2025-04-21T00:01:57.845+0000] {cursor.py:1205} INFO - Number of results in first chunk: 1
[2025-04-21T00:01:57.847+0000] {cursor.py:1028} INFO - query: [TRUNCATE TABLE EDU_DB.BRONZE.raw_interactions]
[2025-04-21T00:01:58.072+0000] {cursor.py:1041} INFO - query execution done
[2025-04-21T00:01:58.074+0000] {cursor.py:1205} INFO - Number of results in first chunk: 1
[2025-04-21T00:01:58.076+0000] {cursor.py:1028} INFO - query: [PUT file:///tmp/interactions.csv @edu_stage OVERWRITE = TRUE]
[2025-04-21T00:01:58.180+0000] {cursor.py:1041} INFO - query execution done
[2025-04-21T00:01:58.688+0000] {ocsp_snowflake.py:1075} ERROR - WARNING!!! Using fail-open to connect. Driver is connecting to an HTTPS endpoint without OCSP based Certificate Revocation checking as it could not obtain a valid OCSP Response to use from the CA OCSP responder. Details: 
 {'driver': 'PythonConnector', 'version': '3.6.0', 'eventType': 'RevocationCheckFailure', 'eventSubType': 'OCSPResponseAttachedCertInvalid', 'sfcPeerHost': 'sqytcisfcb1stg.blob.core.windows.net', 'certId': 'MEowBwYFKw4DAhoEFLNP/OrByo2+E/2LhziwI/PYlvOsBBT+CXFAVQUQRNikgXW4nhrpSgaIyAITMwGUmKKf5h9lItWw8wAAAZSYog==', 'ocspRequestBase64': <asn1crypto.ocsp.OCSPRequest 139928645061456 b'0R0P0N0L0J0\x07\x06\x05+\x0e\x03\x02\x1a\x04\x14\xb3O\xfc\xea\xc1\xca\x8d\xbe\x13\xfd\x8b\x878\xb0#\xf3\xd8\x96\xf3\xac\x04\x14\xfe\tq@U\x05\x10D\xd8\xa4\x81u\xb8\x9e\x1a\xe9J\x06\x88\xc8\x02\x133\x01\x94\x98\xa2\x9f\xe6\x1fe"\xd5\xb0\xf3\x00\x00\x01\x94\x98\xa2'>, 'ocspResponderURL': 'http://oneocsp.microsoft.com/ocsp', 'errorMessage': '254009: 254009: Failed to verify the signature', 'insecureMode': False, 'failOpen': True, 'cacheEnabled': True, 'cacheHit': True}
[2025-04-21T00:01:59.087+0000] {cursor.py:1028} INFO - query: [COPY INTO EDU_DB.BRONZE.raw_interactions FROM @edu_stage/interactions.csv FILE_F...]
[2025-04-21T00:02:02.371+0000] {cursor.py:1041} INFO - query execution done
[2025-04-21T00:02:02.374+0000] {cursor.py:1205} INFO - Number of results in first chunk: 1
[2025-04-21T00:02:02.375+0000] {cursor.py:1028} INFO - query: [COMMIT]
[2025-04-21T00:02:02.464+0000] {cursor.py:1041} INFO - query execution done
[2025-04-21T00:02:02.465+0000] {cursor.py:1205} INFO - Number of results in first chunk: 1
[2025-04-21T00:02:02.467+0000] {connection.py:718} INFO - closed
[2025-04-21T00:02:02.529+0000] {connection.py:724} INFO - No async queries seem to be running, deleting session
[2025-04-21T00:02:02.608+0000] {python.py:201} INFO - Done. Returned value was: None
[2025-04-21T00:02:02.659+0000] {taskinstance.py:1138} INFO - Marking task as SUCCESS. dag_id=edu_pipeline_etl, task_id=ingest_interactions, execution_date=20250421T000146, start_date=20250421T000155, end_date=20250421T000202
[2025-04-21T00:02:02.725+0000] {local_task_job_runner.py:234} INFO - Task exited with return code 0
[2025-04-21T00:02:02.760+0000] {taskinstance.py:3280} INFO - 0 downstream tasks scheduled from follow-on schedule check
