[2025-04-19T12:45:34.086+0000] {taskinstance.py:1956} INFO - Dependencies all met for dep_context=non-requeueable deps ti=<TaskInstance: ingest_bronze_csv_to_snowflake.ingest_leads manual__2025-04-19T12:44:47.981222+00:00 [queued]>
[2025-04-19T12:45:34.104+0000] {taskinstance.py:1956} INFO - Dependencies all met for dep_context=requeueable deps ti=<TaskInstance: ingest_bronze_csv_to_snowflake.ingest_leads manual__2025-04-19T12:44:47.981222+00:00 [queued]>
[2025-04-19T12:45:34.105+0000] {taskinstance.py:2170} INFO - Starting attempt 1 of 1
[2025-04-19T12:45:34.131+0000] {taskinstance.py:2191} INFO - Executing <Task(PythonOperator): ingest_leads> on 2025-04-19 12:44:47.981222+00:00
[2025-04-19T12:45:34.141+0000] {standard_task_runner.py:60} INFO - Started process 1489 to run task
[2025-04-19T12:45:34.147+0000] {standard_task_runner.py:87} INFO - Running: ['***', 'tasks', 'run', 'ingest_bronze_csv_to_snowflake', 'ingest_leads', 'manual__2025-04-19T12:44:47.981222+00:00', '--job-id', '49', '--raw', '--subdir', 'DAGS_FOLDER/ingest_bronze_dag.py', '--cfg-path', '/tmp/tmpzxzv__y4']
[2025-04-19T12:45:34.153+0000] {standard_task_runner.py:88} INFO - Job 49: Subtask ingest_leads
[2025-04-19T12:45:34.232+0000] {task_command.py:423} INFO - Running <TaskInstance: ingest_bronze_csv_to_snowflake.ingest_leads manual__2025-04-19T12:44:47.981222+00:00 [running]> on host 66ec6d74a776
[2025-04-19T12:45:34.404+0000] {taskinstance.py:2480} INFO - Exporting env vars: AIRFLOW_CTX_DAG_OWNER='***' AIRFLOW_CTX_DAG_ID='ingest_bronze_csv_to_snowflake' AIRFLOW_CTX_TASK_ID='ingest_leads' AIRFLOW_CTX_EXECUTION_DATE='2025-04-19T12:44:47.981222+00:00' AIRFLOW_CTX_TRY_NUMBER='1' AIRFLOW_CTX_DAG_RUN_ID='manual__2025-04-19T12:44:47.981222+00:00'
[2025-04-19T12:45:34.422+0000] {_universal.py:514} INFO - Request URL: 'https://edudatastorage.blob.core.windows.net/edudata/CRM/leads.csv?sp=REDACTED&st=REDACTED&se=REDACTED&sv=REDACTED&sr=REDACTED&sig=REDACTED'
Request method: 'HEAD'
Request headers:
    'x-ms-version': 'REDACTED'
    'Accept': 'application/xml'
    'x-ms-date': 'REDACTED'
    'x-ms-client-request-id': '2fa690fa-1d1c-11f0-a436-0242ac120004'
    'User-Agent': 'azsdk-python-storage-blob/12.19.0 Python/3.10.13 (Linux-5.15.167.4-microsoft-standard-WSL2-x86_64-with-glibc2.36)'
No body was attached to the request
[2025-04-19T12:45:35.095+0000] {_universal.py:550} INFO - Response status: 200
Response headers:
    'Content-Length': '80259'
    'Content-Type': 'text/csv'
    'Content-MD5': 'REDACTED'
    'Last-Modified': 'Sat, 19 Apr 2025 09:36:46 GMT'
    'Accept-Ranges': 'REDACTED'
    'Etag': '"0x8DD7F25B406AA05"'
    'Server': 'Windows-Azure-Blob/1.0 Microsoft-HTTPAPI/2.0'
    'x-ms-request-id': '3365d744-e01e-006f-5f28-b19813000000'
    'x-ms-client-request-id': '2fa690fa-1d1c-11f0-a436-0242ac120004'
    'x-ms-version': 'REDACTED'
    'x-ms-creation-time': 'REDACTED'
    'x-ms-lease-status': 'REDACTED'
    'x-ms-lease-state': 'REDACTED'
    'x-ms-blob-type': 'REDACTED'
    'x-ms-server-encrypted': 'REDACTED'
    'x-ms-access-tier': 'REDACTED'
    'x-ms-access-tier-inferred': 'REDACTED'
    'Date': 'Sat, 19 Apr 2025 12:45:33 GMT'
[2025-04-19T12:45:35.103+0000] {_universal.py:514} INFO - Request URL: 'https://edudatastorage.blob.core.windows.net/edudata/CRM/leads.csv?sp=REDACTED&st=REDACTED&se=REDACTED&sv=REDACTED&sr=REDACTED&sig=REDACTED'
Request method: 'HEAD'
Request headers:
    'x-ms-version': 'REDACTED'
    'Accept': 'application/xml'
    'x-ms-date': 'REDACTED'
    'x-ms-client-request-id': '300e7b2a-1d1c-11f0-a436-0242ac120004'
    'User-Agent': 'azsdk-python-storage-blob/12.19.0 Python/3.10.13 (Linux-5.15.167.4-microsoft-standard-WSL2-x86_64-with-glibc2.36)'
No body was attached to the request
[2025-04-19T12:45:35.233+0000] {_universal.py:550} INFO - Response status: 200
Response headers:
    'Content-Length': '80259'
    'Content-Type': 'text/csv'
    'Content-MD5': 'REDACTED'
    'Last-Modified': 'Sat, 19 Apr 2025 09:36:46 GMT'
    'Accept-Ranges': 'REDACTED'
    'Etag': '"0x8DD7F25B406AA05"'
    'Server': 'Windows-Azure-Blob/1.0 Microsoft-HTTPAPI/2.0'
    'x-ms-request-id': '3365d7a0-e01e-006f-2d28-b19813000000'
    'x-ms-client-request-id': '300e7b2a-1d1c-11f0-a436-0242ac120004'
    'x-ms-version': 'REDACTED'
    'x-ms-creation-time': 'REDACTED'
    'x-ms-lease-status': 'REDACTED'
    'x-ms-lease-state': 'REDACTED'
    'x-ms-blob-type': 'REDACTED'
    'x-ms-server-encrypted': 'REDACTED'
    'x-ms-access-tier': 'REDACTED'
    'x-ms-access-tier-inferred': 'REDACTED'
    'Date': 'Sat, 19 Apr 2025 12:45:33 GMT'
[2025-04-19T12:45:35.249+0000] {_universal.py:514} INFO - Request URL: 'https://edudatastorage.blob.core.windows.net/edudata/CRM/leads.csv?sp=REDACTED&st=REDACTED&se=REDACTED&sv=REDACTED&sr=REDACTED&sig=REDACTED'
Request method: 'GET'
Request headers:
    'x-ms-range': 'REDACTED'
    'x-ms-version': 'REDACTED'
    'Accept': 'application/xml'
    'x-ms-date': 'REDACTED'
    'x-ms-client-request-id': '3024acf6-1d1c-11f0-a436-0242ac120004'
    'User-Agent': 'azsdk-python-storage-blob/12.19.0 Python/3.10.13 (Linux-5.15.167.4-microsoft-standard-WSL2-x86_64-with-glibc2.36)'
No body was attached to the request
[2025-04-19T12:45:35.435+0000] {_universal.py:550} INFO - Response status: 206
Response headers:
    'Content-Length': '80259'
    'Content-Type': 'text/csv'
    'Content-Range': 'REDACTED'
    'Last-Modified': 'Sat, 19 Apr 2025 09:36:46 GMT'
    'Accept-Ranges': 'REDACTED'
    'Etag': '"0x8DD7F25B406AA05"'
    'Server': 'Windows-Azure-Blob/1.0 Microsoft-HTTPAPI/2.0'
    'x-ms-request-id': '3365d801-e01e-006f-0528-b19813000000'
    'x-ms-client-request-id': '3024acf6-1d1c-11f0-a436-0242ac120004'
    'x-ms-version': 'REDACTED'
    'x-ms-creation-time': 'REDACTED'
    'x-ms-blob-content-md5': 'REDACTED'
    'x-ms-lease-status': 'REDACTED'
    'x-ms-lease-state': 'REDACTED'
    'x-ms-blob-type': 'REDACTED'
    'x-ms-server-encrypted': 'REDACTED'
    'Date': 'Sat, 19 Apr 2025 12:45:34 GMT'
[2025-04-19T12:45:35.589+0000] {connection.py:370} INFO - Snowflake Connector for Python Version: 3.6.0, Python Version: 3.10.13, Platform: Linux-5.15.167.4-microsoft-standard-WSL2-x86_64-with-glibc2.36
[2025-04-19T12:45:35.593+0000] {connection.py:1171} INFO - This connection is in OCSP Fail Open Mode. TLS Certificates would be checked for validity and revocation status. Any other Certificate Revocation related exceptions or OCSP Responder failures would be disregarded in favor of connectivity.
[2025-04-19T12:45:36.201+0000] {cursor.py:1028} INFO - query: [CREATE TABLE IF NOT EXISTS EDU_DB.BRONZE.raw_leads ("LeadID" TEXT, "Full Name" T...]
[2025-04-19T12:45:36.508+0000] {cursor.py:1041} INFO - query execution done
[2025-04-19T12:45:36.510+0000] {cursor.py:1205} INFO - Number of results in first chunk: 1
[2025-04-19T12:45:36.512+0000] {cursor.py:1028} INFO - query: [TRUNCATE TABLE EDU_DB.BRONZE.raw_leads]
[2025-04-19T12:45:36.850+0000] {cursor.py:1041} INFO - query execution done
[2025-04-19T12:45:36.852+0000] {cursor.py:1205} INFO - Number of results in first chunk: 1
[2025-04-19T12:45:36.853+0000] {cursor.py:1028} INFO - query: [PUT file:///tmp/leads.csv @edu_stage OVERWRITE = TRUE]
[2025-04-19T12:45:36.995+0000] {cursor.py:1041} INFO - query execution done
[2025-04-19T12:45:37.717+0000] {cursor.py:1028} INFO - query: [COPY INTO EDU_DB.BRONZE.raw_leads FROM @edu_stage/leads.csv FILE_FORMAT = (TYPE ...]
[2025-04-19T12:45:40.275+0000] {cursor.py:1041} INFO - query execution done
[2025-04-19T12:45:40.277+0000] {cursor.py:1205} INFO - Number of results in first chunk: 1
[2025-04-19T12:45:40.278+0000] {cursor.py:1028} INFO - query: [COMMIT]
[2025-04-19T12:45:40.924+0000] {cursor.py:1041} INFO - query execution done
[2025-04-19T12:45:40.926+0000] {cursor.py:1205} INFO - Number of results in first chunk: 1
[2025-04-19T12:45:40.930+0000] {connection.py:718} INFO - closed
[2025-04-19T12:45:41.004+0000] {connection.py:724} INFO - No async queries seem to be running, deleting session
[2025-04-19T12:45:41.092+0000] {python.py:201} INFO - Done. Returned value was: None
[2025-04-19T12:45:41.132+0000] {taskinstance.py:1138} INFO - Marking task as SUCCESS. dag_id=ingest_bronze_csv_to_snowflake, task_id=ingest_leads, execution_date=20250419T124447, start_date=20250419T124534, end_date=20250419T124541
[2025-04-19T12:45:41.210+0000] {local_task_job_runner.py:234} INFO - Task exited with return code 0
[2025-04-19T12:45:41.246+0000] {taskinstance.py:3280} INFO - 0 downstream tasks scheduled from follow-on schedule check
