[2025-04-19T12:42:27.227+0000] {taskinstance.py:1956} INFO - Dependencies all met for dep_context=non-requeueable deps ti=<TaskInstance: ingest_bronze_csv_to_snowflake.ingest_students manual__2025-04-19T12:26:51.263068+00:00 [queued]>
[2025-04-19T12:42:27.241+0000] {taskinstance.py:1956} INFO - Dependencies all met for dep_context=requeueable deps ti=<TaskInstance: ingest_bronze_csv_to_snowflake.ingest_students manual__2025-04-19T12:26:51.263068+00:00 [queued]>
[2025-04-19T12:42:27.243+0000] {taskinstance.py:2170} INFO - Starting attempt 5 of 5
[2025-04-19T12:42:27.274+0000] {taskinstance.py:2191} INFO - Executing <Task(PythonOperator): ingest_students> on 2025-04-19 12:26:51.263068+00:00
[2025-04-19T12:42:27.285+0000] {standard_task_runner.py:60} INFO - Started process 1369 to run task
[2025-04-19T12:42:27.291+0000] {standard_task_runner.py:87} INFO - Running: ['***', 'tasks', 'run', 'ingest_bronze_csv_to_snowflake', 'ingest_students', 'manual__2025-04-19T12:26:51.263068+00:00', '--job-id', '36', '--raw', '--subdir', 'DAGS_FOLDER/ingest_bronze_dag.py', '--cfg-path', '/tmp/tmp0aktor__']
[2025-04-19T12:42:27.298+0000] {standard_task_runner.py:88} INFO - Job 36: Subtask ingest_students
[2025-04-19T12:42:27.424+0000] {task_command.py:423} INFO - Running <TaskInstance: ingest_bronze_csv_to_snowflake.ingest_students manual__2025-04-19T12:26:51.263068+00:00 [running]> on host 66ec6d74a776
[2025-04-19T12:42:27.569+0000] {taskinstance.py:2480} INFO - Exporting env vars: AIRFLOW_CTX_DAG_OWNER='***' AIRFLOW_CTX_DAG_ID='ingest_bronze_csv_to_snowflake' AIRFLOW_CTX_TASK_ID='ingest_students' AIRFLOW_CTX_EXECUTION_DATE='2025-04-19T12:26:51.263068+00:00' AIRFLOW_CTX_TRY_NUMBER='5' AIRFLOW_CTX_DAG_RUN_ID='manual__2025-04-19T12:26:51.263068+00:00'
[2025-04-19T12:42:27.588+0000] {_universal.py:514} INFO - Request URL: 'https://edudatastorage.blob.core.windows.net/edudata/ERP/students.csv?sp=REDACTED&st=REDACTED&se=REDACTED&sv=REDACTED&sr=REDACTED&sig=REDACTED'
Request method: 'HEAD'
Request headers:
    'x-ms-version': 'REDACTED'
    'Accept': 'application/xml'
    'x-ms-date': 'REDACTED'
    'x-ms-client-request-id': 'c049f13e-1d1b-11f0-bf8d-0242ac120004'
    'User-Agent': 'azsdk-python-storage-blob/12.19.0 Python/3.10.13 (Linux-5.15.167.4-microsoft-standard-WSL2-x86_64-with-glibc2.36)'
No body was attached to the request
[2025-04-19T12:42:28.237+0000] {_universal.py:550} INFO - Response status: 200
Response headers:
    'Content-Length': '98944'
    'Content-Type': 'text/csv'
    'Content-MD5': 'REDACTED'
    'Last-Modified': 'Sat, 19 Apr 2025 09:36:47 GMT'
    'Accept-Ranges': 'REDACTED'
    'Etag': '"0x8DD7F25B4332D36"'
    'Server': 'Windows-Azure-Blob/1.0 Microsoft-HTTPAPI/2.0'
    'x-ms-request-id': '9cc85df5-d01e-0039-4028-b169fc000000'
    'x-ms-client-request-id': 'c049f13e-1d1b-11f0-bf8d-0242ac120004'
    'x-ms-version': 'REDACTED'
    'x-ms-creation-time': 'REDACTED'
    'x-ms-lease-status': 'REDACTED'
    'x-ms-lease-state': 'REDACTED'
    'x-ms-blob-type': 'REDACTED'
    'x-ms-server-encrypted': 'REDACTED'
    'x-ms-access-tier': 'REDACTED'
    'x-ms-access-tier-inferred': 'REDACTED'
    'Date': 'Sat, 19 Apr 2025 12:42:27 GMT'
[2025-04-19T12:42:28.245+0000] {_universal.py:514} INFO - Request URL: 'https://edudatastorage.blob.core.windows.net/edudata/ERP/students.csv?sp=REDACTED&st=REDACTED&se=REDACTED&sv=REDACTED&sr=REDACTED&sig=REDACTED'
Request method: 'HEAD'
Request headers:
    'x-ms-version': 'REDACTED'
    'Accept': 'application/xml'
    'x-ms-date': 'REDACTED'
    'x-ms-client-request-id': 'c0ae2f82-1d1b-11f0-bf8d-0242ac120004'
    'User-Agent': 'azsdk-python-storage-blob/12.19.0 Python/3.10.13 (Linux-5.15.167.4-microsoft-standard-WSL2-x86_64-with-glibc2.36)'
No body was attached to the request
[2025-04-19T12:42:28.411+0000] {_universal.py:550} INFO - Response status: 200
Response headers:
    'Content-Length': '98944'
    'Content-Type': 'text/csv'
    'Content-MD5': 'REDACTED'
    'Last-Modified': 'Sat, 19 Apr 2025 09:36:47 GMT'
    'Accept-Ranges': 'REDACTED'
    'Etag': '"0x8DD7F25B4332D36"'
    'Server': 'Windows-Azure-Blob/1.0 Microsoft-HTTPAPI/2.0'
    'x-ms-request-id': '9cc85e87-d01e-0039-4728-b169fc000000'
    'x-ms-client-request-id': 'c0ae2f82-1d1b-11f0-bf8d-0242ac120004'
    'x-ms-version': 'REDACTED'
    'x-ms-creation-time': 'REDACTED'
    'x-ms-lease-status': 'REDACTED'
    'x-ms-lease-state': 'REDACTED'
    'x-ms-blob-type': 'REDACTED'
    'x-ms-server-encrypted': 'REDACTED'
    'x-ms-access-tier': 'REDACTED'
    'x-ms-access-tier-inferred': 'REDACTED'
    'Date': 'Sat, 19 Apr 2025 12:42:28 GMT'
[2025-04-19T12:42:28.438+0000] {_universal.py:514} INFO - Request URL: 'https://edudatastorage.blob.core.windows.net/edudata/ERP/students.csv?sp=REDACTED&st=REDACTED&se=REDACTED&sv=REDACTED&sr=REDACTED&sig=REDACTED'
Request method: 'GET'
Request headers:
    'x-ms-range': 'REDACTED'
    'x-ms-version': 'REDACTED'
    'Accept': 'application/xml'
    'x-ms-date': 'REDACTED'
    'x-ms-client-request-id': 'c0cbaa76-1d1b-11f0-bf8d-0242ac120004'
    'User-Agent': 'azsdk-python-storage-blob/12.19.0 Python/3.10.13 (Linux-5.15.167.4-microsoft-standard-WSL2-x86_64-with-glibc2.36)'
No body was attached to the request
[2025-04-19T12:42:28.670+0000] {_universal.py:550} INFO - Response status: 206
Response headers:
    'Content-Length': '98944'
    'Content-Type': 'text/csv'
    'Content-Range': 'REDACTED'
    'Last-Modified': 'Sat, 19 Apr 2025 09:36:47 GMT'
    'Accept-Ranges': 'REDACTED'
    'Etag': '"0x8DD7F25B4332D36"'
    'Server': 'Windows-Azure-Blob/1.0 Microsoft-HTTPAPI/2.0'
    'x-ms-request-id': '9cc85ee5-d01e-0039-1b28-b169fc000000'
    'x-ms-client-request-id': 'c0cbaa76-1d1b-11f0-bf8d-0242ac120004'
    'x-ms-version': 'REDACTED'
    'x-ms-creation-time': 'REDACTED'
    'x-ms-blob-content-md5': 'REDACTED'
    'x-ms-lease-status': 'REDACTED'
    'x-ms-lease-state': 'REDACTED'
    'x-ms-blob-type': 'REDACTED'
    'x-ms-server-encrypted': 'REDACTED'
    'Date': 'Sat, 19 Apr 2025 12:42:28 GMT'
[2025-04-19T12:42:28.790+0000] {connection.py:370} INFO - Snowflake Connector for Python Version: 3.6.0, Python Version: 3.10.13, Platform: Linux-5.15.167.4-microsoft-standard-WSL2-x86_64-with-glibc2.36
[2025-04-19T12:42:28.793+0000] {connection.py:1171} INFO - This connection is in OCSP Fail Open Mode. TLS Certificates would be checked for validity and revocation status. Any other Certificate Revocation related exceptions or OCSP Responder failures would be disregarded in favor of connectivity.
[2025-04-19T12:42:29.577+0000] {cursor.py:1028} INFO - query: [CREATE TABLE IF NOT EXISTS EDU_DB.BRONZE.raw_students ("Student ID" TEXT, "First...]
[2025-04-19T12:42:29.851+0000] {cursor.py:1041} INFO - query execution done
[2025-04-19T12:42:29.854+0000] {cursor.py:1205} INFO - Number of results in first chunk: 1
[2025-04-19T12:42:29.855+0000] {cursor.py:1028} INFO - query: [TRUNCATE TABLE EDU_DB.BRONZE.raw_students]
[2025-04-19T12:42:30.199+0000] {cursor.py:1041} INFO - query execution done
[2025-04-19T12:42:30.201+0000] {cursor.py:1205} INFO - Number of results in first chunk: 1
[2025-04-19T12:42:30.203+0000] {cursor.py:1028} INFO - query: [PUT file:///tmp/students.csv @edu_stage OVERWRITE = TRUE]
[2025-04-19T12:42:30.523+0000] {cursor.py:1041} INFO - query execution done
[2025-04-19T12:42:30.924+0000] {ocsp_snowflake.py:1075} ERROR - WARNING!!! Using fail-open to connect. Driver is connecting to an HTTPS endpoint without OCSP based Certificate Revocation checking as it could not obtain a valid OCSP Response to use from the CA OCSP responder. Details: 
 {'driver': 'PythonConnector', 'version': '3.6.0', 'eventType': 'RevocationCheckFailure', 'eventSubType': 'OCSPResponseAttachedCertInvalid', 'sfcPeerHost': 'sqytcisfcb1stg.blob.core.windows.net', 'certId': 'MEowBwYFKw4DAhoEFLNP/OrByo2+E/2LhziwI/PYlvOsBBT+CXFAVQUQRNikgXW4nhrpSgaIyAITMwGUmKKf5h9lItWw8wAAAZSYog==', 'ocspRequestBase64': <asn1crypto.ocsp.OCSPRequest 140460222424560 b'0R0P0N0L0J0\x07\x06\x05+\x0e\x03\x02\x1a\x04\x14\xb3O\xfc\xea\xc1\xca\x8d\xbe\x13\xfd\x8b\x878\xb0#\xf3\xd8\x96\xf3\xac\x04\x14\xfe\tq@U\x05\x10D\xd8\xa4\x81u\xb8\x9e\x1a\xe9J\x06\x88\xc8\x02\x133\x01\x94\x98\xa2\x9f\xe6\x1fe"\xd5\xb0\xf3\x00\x00\x01\x94\x98\xa2'>, 'ocspResponderURL': 'http://oneocsp.microsoft.com/ocsp', 'errorMessage': '254009: 254009: Failed to verify the signature', 'insecureMode': False, 'failOpen': True, 'cacheEnabled': True, 'cacheHit': True}
[2025-04-19T12:42:32.529+0000] {cursor.py:1028} INFO - query: [COPY INTO EDU_DB.BRONZE.raw_students FROM @edu_stage/students.csv FILE_FORMAT = ...]
[2025-04-19T12:42:36.437+0000] {cursor.py:1041} INFO - query execution done
[2025-04-19T12:42:36.439+0000] {cursor.py:1205} INFO - Number of results in first chunk: 1
[2025-04-19T12:42:36.440+0000] {cursor.py:1028} INFO - query: [COMMIT]
[2025-04-19T12:42:36.537+0000] {cursor.py:1041} INFO - query execution done
[2025-04-19T12:42:36.538+0000] {cursor.py:1205} INFO - Number of results in first chunk: 1
[2025-04-19T12:42:36.542+0000] {connection.py:718} INFO - closed
[2025-04-19T12:42:36.626+0000] {connection.py:724} INFO - No async queries seem to be running, deleting session
[2025-04-19T12:42:36.727+0000] {python.py:201} INFO - Done. Returned value was: None
[2025-04-19T12:42:36.769+0000] {taskinstance.py:1138} INFO - Marking task as SUCCESS. dag_id=ingest_bronze_csv_to_snowflake, task_id=ingest_students, execution_date=20250419T122651, start_date=20250419T124227, end_date=20250419T124236
[2025-04-19T12:42:36.859+0000] {local_task_job_runner.py:234} INFO - Task exited with return code 0
[2025-04-19T12:42:36.911+0000] {taskinstance.py:3280} INFO - 1 downstream tasks scheduled from follow-on schedule check
