[2025-04-20T22:04:48.862+0000] {taskinstance.py:1956} INFO - Dependencies all met for dep_context=non-requeueable deps ti=<TaskInstance: ingest_bronze_csv_to_snowflake.ingest_contacts manual__2025-04-20T22:04:43.114521+00:00 [queued]>
[2025-04-20T22:04:48.899+0000] {taskinstance.py:1956} INFO - Dependencies all met for dep_context=requeueable deps ti=<TaskInstance: ingest_bronze_csv_to_snowflake.ingest_contacts manual__2025-04-20T22:04:43.114521+00:00 [queued]>
[2025-04-20T22:04:48.900+0000] {taskinstance.py:2170} INFO - Starting attempt 1 of 1
[2025-04-20T22:04:48.936+0000] {taskinstance.py:2191} INFO - Executing <Task(PythonOperator): ingest_contacts> on 2025-04-20 22:04:43.114521+00:00
[2025-04-20T22:04:48.954+0000] {standard_task_runner.py:60} INFO - Started process 199 to run task
[2025-04-20T22:04:48.973+0000] {standard_task_runner.py:87} INFO - Running: ['***', 'tasks', 'run', 'ingest_bronze_csv_to_snowflake', 'ingest_contacts', 'manual__2025-04-20T22:04:43.114521+00:00', '--job-id', '60', '--raw', '--subdir', 'DAGS_FOLDER/ingest_bronze_dag.py', '--cfg-path', '/tmp/tmp2reqz4l2']
[2025-04-20T22:04:48.981+0000] {standard_task_runner.py:88} INFO - Job 60: Subtask ingest_contacts
[2025-04-20T22:04:49.556+0000] {task_command.py:423} INFO - Running <TaskInstance: ingest_bronze_csv_to_snowflake.ingest_contacts manual__2025-04-20T22:04:43.114521+00:00 [running]> on host 2b81b5b5551c
[2025-04-20T22:04:49.974+0000] {taskinstance.py:2480} INFO - Exporting env vars: AIRFLOW_CTX_DAG_OWNER='***' AIRFLOW_CTX_DAG_ID='ingest_bronze_csv_to_snowflake' AIRFLOW_CTX_TASK_ID='ingest_contacts' AIRFLOW_CTX_EXECUTION_DATE='2025-04-20T22:04:43.114521+00:00' AIRFLOW_CTX_TRY_NUMBER='1' AIRFLOW_CTX_DAG_RUN_ID='manual__2025-04-20T22:04:43.114521+00:00'
[2025-04-20T22:04:50.080+0000] {_universal.py:514} INFO - Request URL: 'https://edudatastorage.blob.core.windows.net/edudata/CRM/contacts.csv?sp=REDACTED&st=REDACTED&se=REDACTED&spr=REDACTED&sv=REDACTED&sr=REDACTED&sig=REDACTED'
Request method: 'HEAD'
Request headers:
    'x-ms-version': 'REDACTED'
    'Accept': 'application/xml'
    'x-ms-date': 'REDACTED'
    'x-ms-client-request-id': '7acb5210-1e33-11f0-b6ea-0242ac120005'
    'User-Agent': 'azsdk-python-storage-blob/12.19.0 Python/3.10.13 (Linux-5.15.167.4-microsoft-standard-WSL2-x86_64-with-glibc2.36)'
No body was attached to the request
[2025-04-20T22:04:50.706+0000] {_universal.py:550} INFO - Response status: 200
Response headers:
    'Content-Length': '102139'
    'Content-Type': 'text/csv'
    'Content-MD5': 'REDACTED'
    'Last-Modified': 'Sat, 19 Apr 2025 09:36:46 GMT'
    'Accept-Ranges': 'REDACTED'
    'Etag': '"0x8DD7F25B406354D"'
    'Server': 'Windows-Azure-Blob/1.0 Microsoft-HTTPAPI/2.0'
    'x-ms-request-id': 'd839b043-701e-0042-1840-b22b60000000'
    'x-ms-client-request-id': '7acb5210-1e33-11f0-b6ea-0242ac120005'
    'x-ms-version': 'REDACTED'
    'x-ms-creation-time': 'REDACTED'
    'x-ms-lease-status': 'REDACTED'
    'x-ms-lease-state': 'REDACTED'
    'x-ms-blob-type': 'REDACTED'
    'x-ms-server-encrypted': 'REDACTED'
    'x-ms-access-tier': 'REDACTED'
    'x-ms-access-tier-inferred': 'REDACTED'
    'Date': 'Sun, 20 Apr 2025 22:04:50 GMT'
[2025-04-20T22:04:50.713+0000] {_universal.py:514} INFO - Request URL: 'https://edudatastorage.blob.core.windows.net/edudata/CRM/contacts.csv?sp=REDACTED&st=REDACTED&se=REDACTED&spr=REDACTED&sv=REDACTED&sr=REDACTED&sig=REDACTED'
Request method: 'HEAD'
Request headers:
    'x-ms-version': 'REDACTED'
    'Accept': 'application/xml'
    'x-ms-date': 'REDACTED'
    'x-ms-client-request-id': '7b2bfbce-1e33-11f0-b6ea-0242ac120005'
    'User-Agent': 'azsdk-python-storage-blob/12.19.0 Python/3.10.13 (Linux-5.15.167.4-microsoft-standard-WSL2-x86_64-with-glibc2.36)'
No body was attached to the request
[2025-04-20T22:04:50.821+0000] {_universal.py:550} INFO - Response status: 200
Response headers:
    'Content-Length': '102139'
    'Content-Type': 'text/csv'
    'Content-MD5': 'REDACTED'
    'Last-Modified': 'Sat, 19 Apr 2025 09:36:46 GMT'
    'Accept-Ranges': 'REDACTED'
    'Etag': '"0x8DD7F25B406354D"'
    'Server': 'Windows-Azure-Blob/1.0 Microsoft-HTTPAPI/2.0'
    'x-ms-request-id': 'd839b088-701e-0042-5240-b22b60000000'
    'x-ms-client-request-id': '7b2bfbce-1e33-11f0-b6ea-0242ac120005'
    'x-ms-version': 'REDACTED'
    'x-ms-creation-time': 'REDACTED'
    'x-ms-lease-status': 'REDACTED'
    'x-ms-lease-state': 'REDACTED'
    'x-ms-blob-type': 'REDACTED'
    'x-ms-server-encrypted': 'REDACTED'
    'x-ms-access-tier': 'REDACTED'
    'x-ms-access-tier-inferred': 'REDACTED'
    'Date': 'Sun, 20 Apr 2025 22:04:50 GMT'
[2025-04-20T22:04:50.838+0000] {_universal.py:514} INFO - Request URL: 'https://edudatastorage.blob.core.windows.net/edudata/CRM/contacts.csv?sp=REDACTED&st=REDACTED&se=REDACTED&spr=REDACTED&sv=REDACTED&sr=REDACTED&sig=REDACTED'
Request method: 'GET'
Request headers:
    'x-ms-range': 'REDACTED'
    'x-ms-version': 'REDACTED'
    'Accept': 'application/xml'
    'x-ms-date': 'REDACTED'
    'x-ms-client-request-id': '7b3ef8dc-1e33-11f0-b6ea-0242ac120005'
    'User-Agent': 'azsdk-python-storage-blob/12.19.0 Python/3.10.13 (Linux-5.15.167.4-microsoft-standard-WSL2-x86_64-with-glibc2.36)'
No body was attached to the request
[2025-04-20T22:04:50.959+0000] {_universal.py:550} INFO - Response status: 206
Response headers:
    'Content-Length': '102139'
    'Content-Type': 'text/csv'
    'Content-Range': 'REDACTED'
    'Last-Modified': 'Sat, 19 Apr 2025 09:36:46 GMT'
    'Accept-Ranges': 'REDACTED'
    'Etag': '"0x8DD7F25B406354D"'
    'Server': 'Windows-Azure-Blob/1.0 Microsoft-HTTPAPI/2.0'
    'x-ms-request-id': 'd839b0cd-701e-0042-0d40-b22b60000000'
    'x-ms-client-request-id': '7b3ef8dc-1e33-11f0-b6ea-0242ac120005'
    'x-ms-version': 'REDACTED'
    'x-ms-creation-time': 'REDACTED'
    'x-ms-blob-content-md5': 'REDACTED'
    'x-ms-lease-status': 'REDACTED'
    'x-ms-lease-state': 'REDACTED'
    'x-ms-blob-type': 'REDACTED'
    'x-ms-server-encrypted': 'REDACTED'
    'Date': 'Sun, 20 Apr 2025 22:04:50 GMT'
[2025-04-20T22:04:51.244+0000] {connection.py:370} INFO - Snowflake Connector for Python Version: 3.6.0, Python Version: 3.10.13, Platform: Linux-5.15.167.4-microsoft-standard-WSL2-x86_64-with-glibc2.36
[2025-04-20T22:04:51.250+0000] {connection.py:1171} INFO - This connection is in OCSP Fail Open Mode. TLS Certificates would be checked for validity and revocation status. Any other Certificate Revocation related exceptions or OCSP Responder failures would be disregarded in favor of connectivity.
[2025-04-20T22:04:51.893+0000] {cursor.py:1028} INFO - query: [CREATE TABLE IF NOT EXISTS EDU_DB.BRONZE.raw_contacts ("Contact ID" TEXT, "First...]
[2025-04-20T22:04:52.000+0000] {cursor.py:1041} INFO - query execution done
[2025-04-20T22:04:52.008+0000] {cursor.py:1205} INFO - Number of results in first chunk: 1
[2025-04-20T22:04:52.012+0000] {cursor.py:1028} INFO - query: [TRUNCATE TABLE EDU_DB.BRONZE.raw_contacts]
[2025-04-20T22:04:53.137+0000] {cursor.py:1041} INFO - query execution done
[2025-04-20T22:04:53.138+0000] {cursor.py:1205} INFO - Number of results in first chunk: 1
[2025-04-20T22:04:53.139+0000] {cursor.py:1028} INFO - query: [PUT file:///tmp/contacts.csv @edu_stage OVERWRITE = TRUE]
[2025-04-20T22:04:53.211+0000] {cursor.py:1041} INFO - query execution done
[2025-04-20T22:04:53.555+0000] {ocsp_snowflake.py:1075} ERROR - WARNING!!! Using fail-open to connect. Driver is connecting to an HTTPS endpoint without OCSP based Certificate Revocation checking as it could not obtain a valid OCSP Response to use from the CA OCSP responder. Details: 
 {'driver': 'PythonConnector', 'version': '3.6.0', 'eventType': 'RevocationCheckFailure', 'eventSubType': 'OCSPResponseAttachedCertInvalid', 'sfcPeerHost': 'sqytcisfcb1stg.blob.core.windows.net', 'certId': 'MEowBwYFKw4DAhoEFLNP/OrByo2+E/2LhziwI/PYlvOsBBT+CXFAVQUQRNikgXW4nhrpSgaIyAITMwGUmKKf5h9lItWw8wAAAZSYog==', 'ocspRequestBase64': <asn1crypto.ocsp.OCSPRequest 139764456725936 b'0R0P0N0L0J0\x07\x06\x05+\x0e\x03\x02\x1a\x04\x14\xb3O\xfc\xea\xc1\xca\x8d\xbe\x13\xfd\x8b\x878\xb0#\xf3\xd8\x96\xf3\xac\x04\x14\xfe\tq@U\x05\x10D\xd8\xa4\x81u\xb8\x9e\x1a\xe9J\x06\x88\xc8\x02\x133\x01\x94\x98\xa2\x9f\xe6\x1fe"\xd5\xb0\xf3\x00\x00\x01\x94\x98\xa2'>, 'ocspResponderURL': 'http://oneocsp.microsoft.com/ocsp', 'errorMessage': '254009: 254009: Failed to verify the signature', 'insecureMode': False, 'failOpen': True, 'cacheEnabled': True, 'cacheHit': True}
[2025-04-20T22:04:53.888+0000] {cursor.py:1028} INFO - query: [COPY INTO EDU_DB.BRONZE.raw_contacts FROM @edu_stage/contacts.csv FILE_FORMAT = ...]
[2025-04-20T22:04:56.027+0000] {cursor.py:1041} INFO - query execution done
[2025-04-20T22:04:56.028+0000] {cursor.py:1205} INFO - Number of results in first chunk: 1
[2025-04-20T22:04:56.029+0000] {cursor.py:1028} INFO - query: [COMMIT]
[2025-04-20T22:04:56.127+0000] {cursor.py:1041} INFO - query execution done
[2025-04-20T22:04:56.129+0000] {cursor.py:1205} INFO - Number of results in first chunk: 1
[2025-04-20T22:04:56.130+0000] {connection.py:718} INFO - closed
[2025-04-20T22:04:56.188+0000] {connection.py:724} INFO - No async queries seem to be running, deleting session
[2025-04-20T22:04:56.281+0000] {python.py:201} INFO - Done. Returned value was: None
[2025-04-20T22:04:56.314+0000] {taskinstance.py:1138} INFO - Marking task as SUCCESS. dag_id=ingest_bronze_csv_to_snowflake, task_id=ingest_contacts, execution_date=20250420T220443, start_date=20250420T220448, end_date=20250420T220456
[2025-04-20T22:04:56.405+0000] {local_task_job_runner.py:234} INFO - Task exited with return code 0
[2025-04-20T22:04:56.450+0000] {taskinstance.py:3280} INFO - 0 downstream tasks scheduled from follow-on schedule check
