[2025-04-20T23:10:39.809+0000] {taskinstance.py:1956} INFO - Dependencies all met for dep_context=non-requeueable deps ti=<TaskInstance: ingest_bronze_csv_to_snowflake.check_snowflake_connection manual__2025-04-20T23:10:36.152699+00:00 [queued]>
[2025-04-20T23:10:39.818+0000] {taskinstance.py:1956} INFO - Dependencies all met for dep_context=requeueable deps ti=<TaskInstance: ingest_bronze_csv_to_snowflake.check_snowflake_connection manual__2025-04-20T23:10:36.152699+00:00 [queued]>
[2025-04-20T23:10:39.821+0000] {taskinstance.py:2170} INFO - Starting attempt 1 of 1
[2025-04-20T23:10:39.839+0000] {taskinstance.py:2191} INFO - Executing <Task(PythonOperator): check_snowflake_connection> on 2025-04-20 23:10:36.152699+00:00
[2025-04-20T23:10:39.849+0000] {standard_task_runner.py:60} INFO - Started process 155 to run task
[2025-04-20T23:10:39.854+0000] {standard_task_runner.py:87} INFO - Running: ['***', 'tasks', 'run', 'ingest_bronze_csv_to_snowflake', 'check_snowflake_connection', 'manual__2025-04-20T23:10:36.152699+00:00', '--job-id', '5', '--raw', '--subdir', 'DAGS_FOLDER/ingest_bronze_dag.py', '--cfg-path', '/tmp/tmppy1_6_gc']
[2025-04-20T23:10:39.857+0000] {standard_task_runner.py:88} INFO - Job 5: Subtask check_snowflake_connection
[2025-04-20T23:10:39.922+0000] {task_command.py:423} INFO - Running <TaskInstance: ingest_bronze_csv_to_snowflake.check_snowflake_connection manual__2025-04-20T23:10:36.152699+00:00 [running]> on host 53923833aaf4
[2025-04-20T23:10:40.066+0000] {taskinstance.py:2480} INFO - Exporting env vars: AIRFLOW_CTX_DAG_OWNER='***' AIRFLOW_CTX_DAG_ID='ingest_bronze_csv_to_snowflake' AIRFLOW_CTX_TASK_ID='check_snowflake_connection' AIRFLOW_CTX_EXECUTION_DATE='2025-04-20T23:10:36.152699+00:00' AIRFLOW_CTX_TRY_NUMBER='1' AIRFLOW_CTX_DAG_RUN_ID='manual__2025-04-20T23:10:36.152699+00:00'
[2025-04-20T23:10:40.071+0000] {connection.py:370} INFO - Snowflake Connector for Python Version: 3.6.0, Python Version: 3.9.18, Platform: Linux-5.15.167.4-microsoft-standard-WSL2-x86_64-with-glibc2.36
[2025-04-20T23:10:40.074+0000] {connection.py:1171} INFO - This connection is in OCSP Fail Open Mode. TLS Certificates would be checked for validity and revocation status. Any other Certificate Revocation related exceptions or OCSP Responder failures would be disregarded in favor of connectivity.
[2025-04-20T23:10:41.254+0000] {cursor.py:1028} INFO - query: [SELECT CURRENT_USER(), CURRENT_VERSION()]
[2025-04-20T23:10:41.436+0000] {cursor.py:1041} INFO - query execution done
[2025-04-20T23:10:41.438+0000] {cursor.py:1205} INFO - Number of results in first chunk: 1
[2025-04-20T23:10:41.445+0000] {logging_mixin.py:188} INFO - ✅ Connexion Snowflake OK — utilisateur : ADERDER, version : 9.9.2
[2025-04-20T23:10:41.447+0000] {connection.py:718} INFO - closed
[2025-04-20T23:10:41.536+0000] {connection.py:724} INFO - No async queries seem to be running, deleting session
[2025-04-20T23:10:41.609+0000] {python.py:201} INFO - Done. Returned value was: None
[2025-04-20T23:10:41.646+0000] {taskinstance.py:1138} INFO - Marking task as SUCCESS. dag_id=ingest_bronze_csv_to_snowflake, task_id=check_snowflake_connection, execution_date=20250420T231036, start_date=20250420T231039, end_date=20250420T231041
[2025-04-20T23:10:41.758+0000] {local_task_job_runner.py:234} INFO - Task exited with return code 0
[2025-04-20T23:10:41.801+0000] {taskinstance.py:3280} INFO - 0 downstream tasks scheduled from follow-on schedule check
