[2025-04-19T10:33:52.126+0000] {local_task_job_runner.py:123} INFO - ::group::Pre task execution logs
[2025-04-19T10:33:52.154+0000] {taskinstance.py:2614} INFO - Dependencies all met for dep_context=non-requeueable deps ti=<TaskInstance: dataset_consumes_1_and_2.consuming_2 manual__2025-04-19T10:33:40.414599+00:00 [queued]>
[2025-04-19T10:33:52.168+0000] {taskinstance.py:2614} INFO - Dependencies all met for dep_context=requeueable deps ti=<TaskInstance: dataset_consumes_1_and_2.consuming_2 manual__2025-04-19T10:33:40.414599+00:00 [queued]>
[2025-04-19T10:33:52.170+0000] {taskinstance.py:2867} INFO - Starting attempt 1 of 1
[2025-04-19T10:33:52.197+0000] {taskinstance.py:2890} INFO - Executing <Task(BashOperator): consuming_2> on 2025-04-19 10:33:40.414599+00:00
[2025-04-19T10:33:52.215+0000] {warnings.py:112} WARNING - /home/***/.local/lib/python3.12/site-packages/***/task/task_runner/standard_task_runner.py:70: DeprecationWarning: This process (pid=101) is multi-threaded, use of fork() may lead to deadlocks in the child.
  pid = os.fork()

[2025-04-19T10:33:52.219+0000] {standard_task_runner.py:72} INFO - Started process 103 to run task
[2025-04-19T10:33:52.221+0000] {standard_task_runner.py:104} INFO - Running: ['***', 'tasks', 'run', 'dataset_consumes_1_and_2', 'consuming_2', 'manual__2025-04-19T10:33:40.414599+00:00', '--job-id', '5', '--raw', '--subdir', '/home/***/.local/lib/python3.12/site-packages/***/example_dags/example_datasets.py', '--cfg-path', '/tmp/tmpkdmem_v5']
[2025-04-19T10:33:52.224+0000] {standard_task_runner.py:105} INFO - Job 5: Subtask consuming_2
[2025-04-19T10:33:52.322+0000] {task_command.py:467} INFO - Running <TaskInstance: dataset_consumes_1_and_2.consuming_2 manual__2025-04-19T10:33:40.414599+00:00 [running]> on host b3c129ca5246
[2025-04-19T10:33:53.196+0000] {taskinstance.py:3134} INFO - Exporting env vars: AIRFLOW_CTX_DAG_OWNER='***' AIRFLOW_CTX_DAG_ID='dataset_consumes_1_and_2' AIRFLOW_CTX_TASK_ID='consuming_2' AIRFLOW_CTX_EXECUTION_DATE='2025-04-19T10:33:40.414599+00:00' AIRFLOW_CTX_TRY_NUMBER='1' AIRFLOW_CTX_DAG_RUN_ID='manual__2025-04-19T10:33:40.414599+00:00'
[2025-04-19T10:33:53.199+0000] {logging_mixin.py:190} INFO - Task instance is in running state
[2025-04-19T10:33:53.200+0000] {logging_mixin.py:190} INFO -  Previous state of the Task instance: queued
[2025-04-19T10:33:53.201+0000] {logging_mixin.py:190} INFO - Current task name:consuming_2 state:running start_date:2025-04-19 10:33:52.156085+00:00
[2025-04-19T10:33:53.202+0000] {logging_mixin.py:190} INFO - Dag name:dataset_consumes_1_and_2 and current dag run status:running
[2025-04-19T10:33:53.204+0000] {taskinstance.py:732} INFO - ::endgroup::
[2025-04-19T10:33:53.206+0000] {subprocess.py:78} INFO - Tmp dir root location: /tmp
[2025-04-19T10:33:53.208+0000] {subprocess.py:88} INFO - Running command: ['/usr/bin/bash', '-c', 'sleep 5']
[2025-04-19T10:33:53.237+0000] {subprocess.py:99} INFO - Output:
[2025-04-19T10:33:58.244+0000] {subprocess.py:110} INFO - Command exited with return code 0
[2025-04-19T10:33:58.340+0000] {taskinstance.py:341} INFO - ::group::Post task execution logs
[2025-04-19T10:33:58.341+0000] {taskinstance.py:353} INFO - Marking task as SUCCESS. dag_id=dataset_consumes_1_and_2, task_id=consuming_2, run_id=manual__2025-04-19T10:33:40.414599+00:00, execution_date=20250419T103340, start_date=20250419T103352, end_date=20250419T103358
[2025-04-19T10:33:58.429+0000] {logging_mixin.py:190} INFO - Task instance in success state
[2025-04-19T10:33:58.431+0000] {logging_mixin.py:190} INFO -  Previous state of the Task instance: running
[2025-04-19T10:33:58.433+0000] {logging_mixin.py:190} INFO - Dag name:dataset_consumes_1_and_2 queued_at:2025-04-19 10:33:40.671507+00:00
[2025-04-19T10:33:58.435+0000] {logging_mixin.py:190} INFO - Task hostname:b3c129ca5246 operator:BashOperator
[2025-04-19T10:33:58.470+0000] {local_task_job_runner.py:266} INFO - Task exited with return code 0
[2025-04-19T10:33:58.762+0000] {taskinstance.py:3901} INFO - 0 downstream tasks scheduled from follow-on schedule check
[2025-04-19T10:33:58.766+0000] {local_task_job_runner.py:245} INFO - ::endgroup::
